<?xml version="1.0" encoding="UTF-8"?>
<testsuites name="tCC Test Suite 1" time="1517.054" tests="12" failures="3" skips="0" errors="0">
   <testsuite name="tCC Test Suite 1" tests="12" failures="3" errors="0" time="1517.054" skips="0" timestamp="2021-01-06 09:17:32" hostname="cckozie - 192.168.1.2" id="Test Suites/tCC Test Suite 1">
      <properties>
         <property name="deviceName" value=""/>
         <property name="devicePlatform" value=""/>
         <property name="logFolder" value="/Users/cckozie/git/Katalon/tC Create Project/Reports/20210106_091711/tCC Test Suite 1/20210106_091711"/>
         <property name="logFiles" value="/Users/cckozie/git/Katalon/tC Create Project/Reports/20210106_091711/tCC Test Suite 1/20210106_091711/execution0.log"/>
         <property name="attachments" value="/Users/cckozie/git/Katalon/tC Create Project/Reports/20210106_091711/tCC Test Suite 1/20210106_091711/1609946392774.png, /Users/cckozie/git/Katalon/tC Create Project/Reports/20210106_091711/tCC Test Suite 1/20210106_091711/1609946508743.png, /Users/cckozie/git/Katalon/tC Create Project/Reports/20210106_091711/tCC Test Suite 1/20210106_091711/1609946575104.png, /Users/cckozie/git/Katalon/tC Create Project/Reports/20210106_091711/tCC Test Suite 1/20210106_091711/1609946729727.png, /Users/cckozie/git/Katalon/tC Create Project/Reports/20210106_091711/tCC Test Suite 1/20210106_091711/1609946736079.png, /Users/cckozie/git/Katalon/tC Create Project/Reports/20210106_091711/tCC Test Suite 1/20210106_091711/1609946800569.png, /Users/cckozie/git/Katalon/tC Create Project/Reports/20210106_091711/tCC Test Suite 1/20210106_091711/1609947026487.png, /Users/cckozie/git/Katalon/tC Create Project/Reports/20210106_091711/tCC Test Suite 1/20210106_091711/1609947032765.png, /Users/cckozie/git/Katalon/tC Create Project/Reports/20210106_091711/tCC Test Suite 1/20210106_091711/1609947076746.png, /Users/cckozie/git/Katalon/tC Create Project/Reports/20210106_091711/tCC Test Suite 1/20210106_091711/1609947144556.png, /Users/cckozie/git/Katalon/tC Create Project/Reports/20210106_091711/tCC Test Suite 1/20210106_091711/1609947145575.png, /Users/cckozie/git/Katalon/tC Create Project/Reports/20210106_091711/tCC Test Suite 1/20210106_091711/1609947373107.png, /Users/cckozie/git/Katalon/tC Create Project/Reports/20210106_091711/tCC Test Suite 1/20210106_091711/1609947420978.png, /Users/cckozie/git/Katalon/tC Create Project/Reports/20210106_091711/tCC Test Suite 1/20210106_091711/1609947666568.png, /Users/cckozie/git/Katalon/tC Create Project/Reports/20210106_091711/tCC Test Suite 1/20210106_091711/1609947760426.png"/>
         <property name="hostName" value="cckozie - 192.168.1.2"/>
         <property name="os" value="Mac OS X 64bit"/>
         <property name="katalonVersion" value="7.8.1.208"/>
         <property name="browser" value="Chrome 87.0.4280.88"/>
         <property name="hostAddress" value="192.168.1.2"/>
         <property name="sessionId" value="0abf53c37c1ab80346d014c991105ff3"/>
         <property name="seleniumVersion" value="3.141.59"/>
         <property name="proxyInformation" value="ProxyInformation { proxyOption=NO_PROXY, proxyServerType=HTTP, username=, password=********, proxyServerAddress=, proxyServerPort=0, executionList=&quot;&quot;, isApplyToDesiredCapabilities=true }"/>
         <property name="platform" value="Mac OS X"/>
      </properties>
      <testcase name="Test Cases/tCC Test Cases/tCC tA Test Block Quotes and Sections" time="90.971" classname="Test Cases/tCC Test Cases/tCC tA Test Block Quotes and Sections" status="PASSED">
         <system-out><![CDATA[2021-01-06 09:17:37 - [TEST_CASE][PASSED] - Test Cases/tCC Test Cases/tCC tA Test Block Quotes and Sections: Test Cases/tCC Test Cases/tCC tA Test Block Quotes and Sections

2021-01-06 09:17:37 - [TEST_STEP][PASSED] - Start listener action : sampleBeforeTestCase: null

2021-01-06 09:17:37 - [TEST_STEP][PASSED] - println("setup start"): null

2021-01-06 09:17:37 - [TEST_STEP][PASSED] - tcMessages = []: null

2021-01-06 09:17:37 - [TEST_STEP][PASSED] - executionProfile = getExecutionProfile(): null

2021-01-06 09:17:37 - [TEST_STEP][PASSED] - logInfo("Execution profile is " + executionProfile): Execution profile is tCC Develop

2021-01-06 09:17:37 - [MESSAGE][INFO] - Execution profile is tCC Develop

2021-01-06 09:17:37 - [TEST_STEP][PASSED] - if (systemOS == "" || systemOS == null): unfoldingWord_Keywords.GetTestingConfig.getOperatingSystem is PASSED

2021-01-06 09:17:37 - [TEST_STEP][PASSED] - systemOS = unfoldingWord_Keywords.GetTestingConfig.getOperatingSystem(): unfoldingWord_Keywords.GetTestingConfig.getOperatingSystem is PASSED

2021-01-06 09:17:37 - [MESSAGE][PASSED] - unfoldingWord_Keywords.GetTestingConfig.getOperatingSystem is PASSED

2021-01-06 09:17:37 - [TEST_STEP][PASSED] - if (pcUser == "" || pcUser == null): null

2021-01-06 09:17:37 - [TEST_STEP][PASSED] - scriptRunning = true: null

2021-01-06 09:17:37 - [TEST_STEP][PASSED] - println("setup success"): null

2021-01-06 09:17:40 - [TEST_STEP][PASSED] - callTestCase(findTestCase("tCC Components/tCC tA Open For Edit"), ["$username":"", "$password":"", "$origQuote":"", "$newOrigQuote":""], STOP_ON_FAILURE): Call Test Case 'Test Cases/tCC Components/tCC tA Open For Edit' successfully

2021-01-06 09:17:41 - [TEST_CASE][PASSED] - Test Cases/tCC Components/tCC tA Open For Edit: Test Cases/tCC Components/tCC tA Open For Edit

2021-01-06 09:17:42 - [TEST_STEP][PASSED] - callTestCase(findTestCase("tCC Components/tCC Login"), ["user":$username, "password":$password, "newSession":true], STOP_ON_FAILURE): Call Test Case 'Test Cases/tCC Components/tCC Login' successfully

2021-01-06 09:17:42 - [TEST_CASE][PASSED] - Test Cases/tCC Components/tCC Login: Test Cases/tCC Components/tCC Login

2021-01-06 09:17:43 - [TEST_STEP][PASSED] - if (newSession): null

2021-01-06 09:17:43 - [TEST_STEP][PASSED] - if (openBrowser): Current window maximized

2021-01-06 09:17:43 - [TEST_STEP][PASSED] - openBrowser(""): Browser is opened with url: ''

2021-01-06 09:17:43 - [MESSAGE][INFO] - Starting 'Chrome' driver

2021-01-06 09:17:43 - [MESSAGE][INFO] - Action delay is set to 0 milliseconds

2021-01-06 09:17:53 - [MESSAGE][PASSED] - Browser is opened with url: ''

2021-01-06 09:17:53 - [TEST_STEP][PASSED] - maximizeWindow(): Current window maximized

2021-01-06 09:17:54 - [MESSAGE][PASSED] - Current window maximized

2021-01-06 09:17:54 - [TEST_STEP][PASSED] - println("Opening " + url): null

2021-01-06 09:17:54 - [TEST_STEP][PASSED] - navigateToUrl(url): Navigate to 'https://develop--tc-create-app.netlify.app/' successfully

2021-01-06 09:18:04 - [MESSAGE][PASSED] - Navigate to 'https://develop--tc-create-app.netlify.app/' successfully

2021-01-06 09:18:04 - [TEST_STEP][PASSED] - waitForElementVisible(findTestObject("Page_tC Create/text_tCCVersion"), 30): Object 'Object Repository/Page_tC Create/text_tCCVersion' is visible

2021-01-06 09:18:05 - [MESSAGE][PASSED] - Object 'Object Repository/Page_tC Create/text_tCCVersion' is visible

2021-01-06 09:18:05 - [TEST_STEP][PASSED] - version = getText(findTestObject("Page_tC Create/text_tCCVersion")): Text of object 'Object Repository/Page_tC Create/text_tCCVersion' is: 'translationCore Create - v1.1.0-rc.3'

2021-01-06 09:18:06 - [MESSAGE][PASSED] - Text of object 'Object Repository/Page_tC Create/text_tCCVersion' is: 'translationCore Create - v1.1.0-rc.3'

2021-01-06 09:18:06 - [TEST_STEP][PASSED] - version = version: null

2021-01-06 09:18:06 - [TEST_STEP][PASSED] - println("Version is " + version): null

2021-01-06 09:18:06 - [TEST_STEP][PASSED] - if (user == ""): null

2021-01-06 09:18:06 - [TEST_STEP][PASSED] - println("Logging in as " + user1Name): null

2021-01-06 09:18:06 - [TEST_STEP][PASSED] - setText(findTestObject("Page_tC Create/input__username"), user1Name): Text 'tc01' is set on object 'Object Repository/Page_tC Create/input__username'

2021-01-06 09:18:07 - [MESSAGE][PASSED] - Text 'tc01' is set on object 'Object Repository/Page_tC Create/input__username'

2021-01-06 09:18:07 - [TEST_STEP][PASSED] - setText(findTestObject("Page_tC Create/input__password"), user1Password): Text 'tc01' is set on object 'Object Repository/Page_tC Create/input__password'

2021-01-06 09:18:08 - [MESSAGE][PASSED] - Text 'tc01' is set on object 'Object Repository/Page_tC Create/input__password'

2021-01-06 09:18:08 - [TEST_STEP][PASSED] - if (verifyElementPresent(findTestObject("Page_tC Create/button_Login"), 1, OPTIONAL)): null

2021-01-06 09:18:08 - [MESSAGE][PASSED] - Object 'Object Repository/Page_tC Create/button_Login' is present

2021-01-06 09:18:08 - [TEST_STEP][PASSED] - click(findTestObject("Page_tC Create/button_Login")): Object: 'Object Repository/Page_tC Create/button_Login' is clicked on

2021-01-06 09:18:09 - [MESSAGE][PASSED] - Object: 'Object Repository/Page_tC Create/button_Login' is clicked on

2021-01-06 09:18:14 - [MESSAGE][PASSED] - Call Test Case 'Test Cases/tCC Components/tCC Login' successfully

2021-01-06 09:18:14 - [TEST_STEP][PASSED] - if (callTestCase(findTestCase("tCC Components/tCC Select Org-Lang-Resource"), ["organization":"", "language":"", "resource":"unfoldingWordÂ® Translation Academy"], STOP_ON_FAILURE) == false): Call Test Case 'Test Cases/tCC Components/tCC Select Org-Lang-Resource' successfully

2021-01-06 09:18:14 - [TEST_CASE][PASSED] - Test Cases/tCC Components/tCC Select Org-Lang-Resource: Test Cases/tCC Components/tCC Select Org-Lang-Resource

2021-01-06 09:18:15 - [TEST_STEP][PASSED] - if (organization == ""): null

2021-01-06 09:18:15 - [TEST_STEP][PASSED] - organization = organization: null

2021-01-06 09:18:15 - [TEST_STEP][PASSED] - if (language == ""): null

2021-01-06 09:18:15 - [TEST_STEP][PASSED] - language = langCode: null

2021-01-06 09:18:15 - [TEST_STEP][PASSED] - println("Choosing organization " + organization): null

2021-01-06 09:18:15 - [TEST_STEP][PASSED] - if (waitForElementPresent(organization, 5, OPTIONAL) == false): Object 'Object Repository/Page_tC Create/listOrg_translate_test' is present

2021-01-06 09:18:15 - [MESSAGE][PASSED] - Object 'Object Repository/Page_tC Create/listOrg_translate_test' is present

2021-01-06 09:18:15 - [TEST_STEP][PASSED] - else: null

2021-01-06 09:18:15 - [TEST_STEP][PASSED] - click(organization): Object: 'Object Repository/Page_tC Create/listOrg_translate_test' is clicked on

2021-01-06 09:18:16 - [MESSAGE][PASSED] - Object: 'Object Repository/Page_tC Create/listOrg_translate_test' is clicked on

2021-01-06 09:18:16 - [TEST_STEP][PASSED] - alerted = waitForAlert(2): No alert found after 2 second(s).

2021-01-06 09:18:18 - [MESSAGE][WARNING] - No alert found after 2 second(s).

2021-01-06 09:18:18 - [TEST_STEP][PASSED] - if (alerted == true): null

2021-01-06 09:18:18 - [TEST_STEP][PASSED] - else: Object: 'Object Repository/Page_tC Create/listOption_Language_Parmed' is clicked on

2021-01-06 09:18:18 - [TEST_STEP][PASSED] - println("Not alerted on organization"): null

2021-01-06 09:18:18 - [TEST_STEP][PASSED] - alertFlag = false: null

2021-01-06 09:18:18 - [TEST_STEP][PASSED] - println("Choosing resource " + resource): null

2021-01-06 09:18:18 - [TEST_STEP][PASSED] - click(findTestObject("Page_tC Create/resource_Parmed", ["resource":resource])): Object: 'Object Repository/Page_tC Create/resource_Parmed' is clicked on

2021-01-06 09:18:19 - [MESSAGE][PASSED] - Object: 'Object Repository/Page_tC Create/resource_Parmed' is clicked on

2021-01-06 09:18:19 - [TEST_STEP][PASSED] - println("Choosing language " + language): null

2021-01-06 09:18:19 - [TEST_STEP][PASSED] - click(findTestObject("Page_tC Create/combo_Select Language")): Object: 'Object Repository/Page_tC Create/combo_Select Language' is clicked on

2021-01-06 09:18:20 - [MESSAGE][PASSED] - Object: 'Object Repository/Page_tC Create/combo_Select Language' is clicked on

2021-01-06 09:18:20 - [TEST_STEP][PASSED] - click(findTestObject("Page_tC Create/listOption_Language_Parmed", ["lang_code":language])): Object: 'Object Repository/Page_tC Create/listOption_Language_Parmed' is clicked on

2021-01-06 09:18:21 - [MESSAGE][PASSED] - Object: 'Object Repository/Page_tC Create/listOption_Language_Parmed' is clicked on

2021-01-06 09:18:21 - [TEST_STEP][PASSED] - return true: null

2021-01-06 09:18:26 - [MESSAGE][PASSED] - Call Test Case 'Test Cases/tCC Components/tCC Select Org-Lang-Resource' successfully

2021-01-06 09:18:26 - [TEST_STEP][PASSED] - click(findTestObject("Page_tC Create/span_translate")): Object: 'Object Repository/Page_tC Create/span_translate' is clicked on

2021-01-06 09:18:27 - [MESSAGE][PASSED] - Object: 'Object Repository/Page_tC Create/span_translate' is clicked on

2021-01-06 09:18:27 - [TEST_STEP][PASSED] - click(findTestObject("Page_tC Create/span_bita-humanbehavior")): Object: 'Object Repository/Page_tC Create/span_bita-humanbehavior' is clicked on

2021-01-06 09:18:29 - [MESSAGE][PASSED] - Object: 'Object Repository/Page_tC Create/span_bita-humanbehavior' is clicked on

2021-01-06 09:18:29 - [TEST_STEP][PASSED] - click(findTestObject("Page_tC Create/span_01.md")): Object: 'Object Repository/Page_tC Create/span_01.md' is clicked on

2021-01-06 09:18:30 - [MESSAGE][PASSED] - Object: 'Object Repository/Page_tC Create/span_01.md' is clicked on

2021-01-06 09:18:36 - [MESSAGE][PASSED] - Call Test Case 'Test Cases/tCC Components/tCC tA Open For Edit' successfully

2021-01-06 09:18:36 - [TEST_STEP][PASSED] - click(findTestObject("Page_tCC translationAcademy/section_BentOver")): Object: 'Object Repository/Page_tCC translationAcademy/section_BentOver' is clicked on

2021-01-06 09:18:36 - [MESSAGE][PASSED] - Object: 'Object Repository/Page_tCC translationAcademy/section_BentOver' is clicked on

2021-01-06 09:18:36 - [TEST_STEP][PASSED] - click(findTestObject("Page_tCC translationAcademy/text_BentOver")): Object: 'Object Repository/Page_tCC translationAcademy/text_BentOver' is clicked on

2021-01-06 09:18:37 - [MESSAGE][PASSED] - Object: 'Object Repository/Page_tCC translationAcademy/text_BentOver' is clicked on

2021-01-06 09:18:37 - [TEST_STEP][PASSED] - click(findTestObject("Page_tCC translationAcademy/header_BentOver")): Object: 'Object Repository/Page_tCC translationAcademy/header_BentOver' is clicked on

2021-01-06 09:18:38 - [MESSAGE][PASSED] - Object: 'Object Repository/Page_tCC translationAcademy/header_BentOver' is clicked on

2021-01-06 09:18:38 - [TEST_STEP][PASSED] - if (!(getText(findTestObject("Page_tCC translationAcademy/text_BentOver")).contains("Yahweh"))): Text of object 'Object Repository/Page_tCC translationAcademy/text_BentOver' is: 'Yahweh supports all who are falling and raises up all those who are bent over. (Psalm 145:14 ULT)'

2021-01-06 09:18:38 - [MESSAGE][PASSED] - Text of object 'Object Repository/Page_tCC translationAcademy/text_BentOver' is: 'Yahweh supports all who are falling and raises up all those who are bent over. (Psalm 145:14 ULT)'

2021-01-06 09:18:38 - [TEST_STEP][PASSED] - else: null

2021-01-06 09:18:38 - [TEST_STEP][PASSED] - println("Block quote text is correct"): null

2021-01-06 09:18:38 - [TEST_STEP][PASSED] - if (unfoldingWord_Keywords.TestVersion.isVersionGreater("1.0.4")): null

2021-01-06 09:18:38 - [MESSAGE][PASSED] - unfoldingWord_Keywords.TestVersion.isVersionGreater is PASSED

2021-01-06 09:18:38 - [TEST_STEP][PASSED] - click(findTestObject("Page_tC Create/button_Preview")): Object: 'Object Repository/Page_tC Create/button_Preview' is clicked on

2021-01-06 09:18:40 - [MESSAGE][PASSED] - Object: 'Object Repository/Page_tC Create/button_Preview' is clicked on

2021-01-06 09:18:40 - [TEST_STEP][PASSED] - click(findTestObject("Page_tCC translationAcademy/section_Having BIRTH PAINS")): Object: 'Object Repository/Page_tCC translationAcademy/section_Having BIRTH PAINS' is clicked on

2021-01-06 09:18:41 - [MESSAGE][PASSED] - Object: 'Object Repository/Page_tCC translationAcademy/section_Having BIRTH PAINS' is clicked on

2021-01-06 09:18:41 - [TEST_STEP][PASSED] - elementBirthPains = "Page_tCC translationAcademy/blockquote_Be in pain and labor": null

2021-01-06 09:18:41 - [TEST_STEP][PASSED] - sendKeys(findTestObject(elementBirthPains), Keys.chord(COMMAND, DOWN)): Keys 'COMMAND + DOWN + ' sent to object: 'Object Repository/Page_tCC translationAcademy/blockquote_Be in pain and labor'

2021-01-06 09:18:41 - [MESSAGE][PASSED] - Keys 'COMMAND + DOWN + ' sent to object: 'Object Repository/Page_tCC translationAcademy/blockquote_Be in pain and labor'

2021-01-06 09:18:41 - [TEST_STEP][PASSED] - sendKeys(findTestObject(elementBirthPains), Keys.chord(SPACE)): Keys 'SPACE + ' sent to object: 'Object Repository/Page_tCC translationAcademy/blockquote_Be in pain and labor'

2021-01-06 09:18:42 - [MESSAGE][PASSED] - Keys 'SPACE + ' sent to object: 'Object Repository/Page_tCC translationAcademy/blockquote_Be in pain and labor'

2021-01-06 09:18:42 - [TEST_STEP][PASSED] - delay(1): Delayed 1 second(s)

2021-01-06 09:18:43 - [MESSAGE][PASSED] - Delayed 1 second(s)

2021-01-06 09:18:43 - [TEST_STEP][PASSED] - if (getText(findTestObject(elementBirthPains)).contains("&gt;")): Text of object 'Object Repository/Page_tCC translationAcademy/blockquote_Be in pain and labor' is: '> ***Be in pain and labor to give birth***, daughter of Zion, like a ***woman in labor***.  
> For now you will go out of the city, live in the field, and go to Babylon.  
> There you will be rescued.  
> There Yahweh will rescue you from the hand of your enemies. (Micah 4:10 ULT)
  
> For nation will rise against nation, and kingdom against kingdom. There will be famines and earthquakes in various places. But all these things are only the beginning of ***birth pains***. (Matthew 24:7-8 ULT)
  
> My little children, I am suffering ***labor pains*** for you again, until Christ will have been formed in you! (Galatians 4:19 ULT) '

2021-01-06 09:18:43 - [MESSAGE][PASSED] - Text of object 'Object Repository/Page_tCC translationAcademy/blockquote_Be in pain and labor' is: '> ***Be in pain and labor to give birth***, daughter of Zion, like a ***woman in labor***.  
> For now you will go out of the city, live in the field, and go to Babylon.  
> There you will be rescued.  
> There Yahweh will rescue you from the hand of your enemies. (Micah 4:10 ULT)
  
> For nation will rise against nation, and kingdom against kingdom. There will be famines and earthquakes in various places. But all these things are only the beginning of ***birth pains***. (Matthew 24:7-8 ULT)
  
> My little children, I am suffering ***labor pains*** for you again, until Christ will have been formed in you! (Galatians 4:19 ULT) '

2021-01-06 09:18:43 - [TEST_STEP][PASSED] - else: null

2021-01-06 09:18:43 - [TEST_STEP][PASSED] - try: Keys '> This is line 2' sent to object: 'Object Repository/Page_tCC translationAcademy/blockquote_Be in pain and labor'

2021-01-06 09:18:43 - [TEST_STEP][PASSED] - sendKeys(findTestObject(elementBirthPains), Keys.chord(ENTER), CONTINUE_ON_FAILURE): Keys 'ENTER + ' sent to object: 'Object Repository/Page_tCC translationAcademy/blockquote_Be in pain and labor'

2021-01-06 09:18:44 - [MESSAGE][PASSED] - Keys 'ENTER + ' sent to object: 'Object Repository/Page_tCC translationAcademy/blockquote_Be in pain and labor'

2021-01-06 09:18:44 - [TEST_STEP][PASSED] - sendKeys(findTestObject(elementBirthPains), "> This is line 1", STOP_ON_FAILURE): Keys '> This is line 1' sent to object: 'Object Repository/Page_tCC translationAcademy/blockquote_Be in pain and labor'

2021-01-06 09:18:45 - [MESSAGE][PASSED] - Keys '> This is line 1' sent to object: 'Object Repository/Page_tCC translationAcademy/blockquote_Be in pain and labor'

2021-01-06 09:18:45 - [TEST_STEP][PASSED] - sendKeys(findTestObject(elementBirthPains), Keys.chord(ENTER), CONTINUE_ON_FAILURE): Keys 'ENTER + ' sent to object: 'Object Repository/Page_tCC translationAcademy/blockquote_Be in pain and labor'

2021-01-06 09:18:46 - [MESSAGE][PASSED] - Keys 'ENTER + ' sent to object: 'Object Repository/Page_tCC translationAcademy/blockquote_Be in pain and labor'

2021-01-06 09:18:46 - [TEST_STEP][PASSED] - sendKeys(findTestObject(elementBirthPains), "> This is line 2", CONTINUE_ON_FAILURE): Keys '> This is line 2' sent to object: 'Object Repository/Page_tCC translationAcademy/blockquote_Be in pain and labor'

2021-01-06 09:18:47 - [MESSAGE][PASSED] - Keys '> This is line 2' sent to object: 'Object Repository/Page_tCC translationAcademy/blockquote_Be in pain and labor'

2021-01-06 09:18:47 - [TEST_STEP][PASSED] - click(findTestObject("Page_tC Create/button_preview")): Object: 'Object Repository/Page_tC Create/button_preview' is clicked on

2021-01-06 09:18:48 - [MESSAGE][PASSED] - Object: 'Object Repository/Page_tC Create/button_preview' is clicked on

2021-01-06 09:18:48 - [TEST_STEP][PASSED] - scrollToElement(findTestObject("Page_tCC translationAcademy/paragraph_My little children"), 2): Scroll to object 'Object Repository/Page_tCC translationAcademy/paragraph_My little children' successfully

2021-01-06 09:18:49 - [MESSAGE][PASSED] - Scroll to object 'Object Repository/Page_tCC translationAcademy/paragraph_My little children' successfully

2021-01-06 09:18:49 - [TEST_STEP][PASSED] - bText = getText(findTestObject("Page_tCC translationAcademy/paragraph_My little children")): Text of object 'Object Repository/Page_tCC translationAcademy/paragraph_My little children' is: 'My little children, I am suffering labor pains for you again, until Christ will have been formed in you! (Galatians 4:19 ULT)
This is line 1
This is line 2'

2021-01-06 09:18:50 - [MESSAGE][PASSED] - Text of object 'Object Repository/Page_tCC translationAcademy/paragraph_My little children' is: 'My little children, I am suffering labor pains for you again, until Christ will have been formed in you! (Galatians 4:19 ULT)
This is line 1
This is line 2'

2021-01-06 09:18:50 - [TEST_STEP][PASSED] - lf = 10: null

2021-01-06 09:18:50 - [TEST_STEP][PASSED] - eText = "ULT)" + lf + "This is line 1" + lf + "This is line 2": null

2021-01-06 09:18:50 - [TEST_STEP][PASSED] - if (!(bText.contains(eText))): null

2021-01-06 09:18:50 - [TEST_STEP][PASSED] - else: null

2021-01-06 09:18:50 - [TEST_STEP][PASSED] - println("Line feeds were correctly included in block quotes"): null

2021-01-06 09:18:50 - [TEST_STEP][PASSED] - println("Testing for sections visible and invisible"): null

2021-01-06 09:18:50 - [TEST_STEP][PASSED] - println("Showing sections"): null

2021-01-06 09:18:50 - [TEST_STEP][PASSED] - delay(1): Delayed 1 second(s)

2021-01-06 09:18:51 - [MESSAGE][PASSED] - Delayed 1 second(s)

2021-01-06 09:18:51 - [TEST_STEP][PASSED] - click(findTestObject("Page_tCC translationAcademy/button_Sections")): Object: 'Object Repository/Page_tCC translationAcademy/button_Sections' is clicked on

2021-01-06 09:18:52 - [MESSAGE][PASSED] - Object: 'Object Repository/Page_tCC translationAcademy/button_Sections' is clicked on

2021-01-06 09:18:52 - [TEST_STEP][PASSED] - if (!(verifyElementVisible(findTestObject("Page_tCC translationAcademy/text_BentOver")))): Object 'Object Repository/Page_tCC translationAcademy/text_BentOver' is visible

2021-01-06 09:18:52 - [MESSAGE][PASSED] - Object 'Object Repository/Page_tCC translationAcademy/text_BentOver' is visible

2021-01-06 09:18:52 - [TEST_STEP][PASSED] - else: null

2021-01-06 09:18:52 - [TEST_STEP][PASSED] - println("tA text for "Bent over" is visible when sections are open"): null

2021-01-06 09:18:52 - [TEST_STEP][PASSED] - if (!(verifyElementVisible(findTestObject("Page_tCC translationAcademy/text_Be in pain and labor to give birth")))): Object 'Object Repository/Page_tCC translationAcademy/text_Be in pain and labor to give birth' is visible

2021-01-06 09:18:53 - [MESSAGE][PASSED] - Object 'Object Repository/Page_tCC translationAcademy/text_Be in pain and labor to give birth' is visible

2021-01-06 09:18:53 - [TEST_STEP][PASSED] - else: null

2021-01-06 09:18:53 - [TEST_STEP][PASSED] - println("tA text for "Be in pain and labor" is visible when sections are open"): null

2021-01-06 09:18:53 - [TEST_STEP][PASSED] - println("Hiding sections"): null

2021-01-06 09:18:53 - [TEST_STEP][PASSED] - scrollToPosition(0, 0): Browser is scrolled to position x = 0, y = 0

2021-01-06 09:18:53 - [MESSAGE][PASSED] - Browser is scrolled to position x = 0, y = 0

2021-01-06 09:18:53 - [TEST_STEP][PASSED] - delay(2): Delayed 2 second(s)

2021-01-06 09:18:55 - [MESSAGE][PASSED] - Delayed 2 second(s)

2021-01-06 09:18:55 - [TEST_STEP][PASSED] - click(findTestObject("Page_tCC translationAcademy/button_Sections")): Object: 'Object Repository/Page_tCC translationAcademy/button_Sections' is clicked on

2021-01-06 09:18:57 - [MESSAGE][PASSED] - Object: 'Object Repository/Page_tCC translationAcademy/button_Sections' is clicked on

2021-01-06 09:18:57 - [TEST_STEP][PASSED] - if (!(verifyElementNotVisible(findTestObject("Page_tCC translationAcademy/text_BentOver")))): Object 'Object Repository/Page_tCC translationAcademy/text_BentOver' is NOT visible

2021-01-06 09:18:57 - [MESSAGE][PASSED] - Object 'Object Repository/Page_tCC translationAcademy/text_BentOver' is NOT visible

2021-01-06 09:18:57 - [TEST_STEP][PASSED] - else: null

2021-01-06 09:18:57 - [TEST_STEP][PASSED] - println("tA text for "Bent over" is not visible when sections are closed as expected"): null

2021-01-06 09:18:57 - [TEST_STEP][PASSED] - present = verifyElementPresent(findTestObject("Page_tCC translationAcademy/text_Be in pain and labor to give birth"), 1, OPTIONAL): Object 'Object Repository/Page_tCC translationAcademy/text_Be in pain and labor to give birth' is present

2021-01-06 09:18:58 - [MESSAGE][PASSED] - Object 'Object Repository/Page_tCC translationAcademy/text_Be in pain and labor to give birth' is present

2021-01-06 09:18:58 - [TEST_STEP][PASSED] - if (present && !(verifyElementNotVisible(findTestObject("Page_tCC translationAcademy/text_Be in pain and labor to give birth"), OPTIONAL))): Object 'Object Repository/Page_tCC translationAcademy/text_Be in pain and labor to give birth' is NOT visible

2021-01-06 09:18:58 - [MESSAGE][PASSED] - Object 'Object Repository/Page_tCC translationAcademy/text_Be in pain and labor to give birth' is NOT visible

2021-01-06 09:18:58 - [TEST_STEP][PASSED] - else: null

2021-01-06 09:18:58 - [TEST_STEP][PASSED] - println("tA text for "Be in pain and labor" is not visible when sections are closed as expected"): null

2021-01-06 09:18:58 - [TEST_STEP][PASSED] - println("Testing for sections and blocks visible"): null

2021-01-06 09:18:58 - [TEST_STEP][PASSED] - println("Showing sections and blocks"): null

2021-01-06 09:18:58 - [TEST_STEP][PASSED] - click(findTestObject("Page_tCC translationAcademy/button_Sections")): Object: 'Object Repository/Page_tCC translationAcademy/button_Sections' is clicked on

2021-01-06 09:19:00 - [MESSAGE][PASSED] - Object: 'Object Repository/Page_tCC translationAcademy/button_Sections' is clicked on

2021-01-06 09:19:00 - [TEST_STEP][PASSED] - click(findTestObject("Page_tCC translationAcademy/button_Blocks")): Object: 'Object Repository/Page_tCC translationAcademy/button_Blocks' is clicked on

2021-01-06 09:19:01 - [MESSAGE][PASSED] - Object: 'Object Repository/Page_tCC translationAcademy/button_Blocks' is clicked on

2021-01-06 09:19:01 - [TEST_STEP][PASSED] - delay(1): Delayed 1 second(s)

2021-01-06 09:19:02 - [MESSAGE][PASSED] - Delayed 1 second(s)

2021-01-06 09:19:02 - [TEST_STEP][PASSED] - if (!(waitForElementVisible(findTestObject("Page_tCC translationAcademy/text_BentOver"), 1, OPTIONAL)) || !(waitForElementVisible(findTestObject("Page_tCC translationAcademy/text_Be in pain and labor to give birth"), 1, OPTIONAL))): Object 'Object Repository/Page_tCC translationAcademy/text_Be in pain and labor to give birth' is visible

2021-01-06 09:19:03 - [MESSAGE][PASSED] - Object 'Object Repository/Page_tCC translationAcademy/text_BentOver' is visible

2021-01-06 09:19:03 - [MESSAGE][PASSED] - Object 'Object Repository/Page_tCC translationAcademy/text_Be in pain and labor to give birth' is visible

2021-01-06 09:19:03 - [TEST_STEP][PASSED] - else: null

2021-01-06 09:19:03 - [TEST_STEP][PASSED] - println("tA text is visible with Sections and Blocks open as expected"): null

2021-01-06 09:19:03 - [TEST_STEP][PASSED] - scriptRunning = false: null

2021-01-06 09:19:03 - [TEST_STEP][PASSED] - closeBrowser(): Browser is closed

2021-01-06 09:19:05 - [MESSAGE][PASSED] - Browser is closed

2021-01-06 09:19:05 - [TEST_STEP][PASSED] - Start listener action : sampleAfterTestCase: null

2021-01-06 09:19:05 - [TEST_STEP][PASSED] - suite = false: null

2021-01-06 09:19:05 - [TEST_STEP][PASSED] - fileName = testSuiteLogFile: null

2021-01-06 09:19:05 - [TEST_STEP][PASSED] - if (fileName.length() > 1): null

2021-01-06 09:19:05 - [TEST_STEP][PASSED] - suite = true: null

2021-01-06 09:19:05 - [TEST_STEP][PASSED] - println("test case teardown in suite"): null

2021-01-06 09:19:05 - [TEST_STEP][PASSED] - println("log file is at " + fileName): null

2021-01-06 09:19:05 - [TEST_STEP][PASSED] - browser = unfoldingWord_Keywords.GetTestingConfig.getBrowserAndVersion(): unfoldingWord_Keywords.GetTestingConfig.getBrowserAndVersion is PASSED

2021-01-06 09:19:05 - [MESSAGE][PASSED] - unfoldingWord_Keywords.GetTestingConfig.getBrowserAndVersion is PASSED

2021-01-06 09:19:05 - [TEST_STEP][PASSED] - separator = "===================================================================================================================================================": null

2021-01-06 09:19:05 - [TEST_STEP][PASSED] - msg = separator: null

2021-01-06 09:19:05 - [TEST_STEP][PASSED] - println(msg): null

2021-01-06 09:19:05 - [TEST_STEP][PASSED] - if (suite): null

2021-01-06 09:19:05 - [TEST_STEP][PASSED] - oFile = new java.io.File(fileName): null

2021-01-06 09:19:05 - [TEST_STEP][PASSED] - oFile.append(msg + "
"): null

2021-01-06 09:19:05 - [TEST_STEP][PASSED] - prefix = " +++++++++++ ": null

2021-01-06 09:19:05 - [TEST_STEP][PASSED] - testCaseStatus = testCaseContext.getTestCaseStatus(): null

2021-01-06 09:19:05 - [TEST_STEP][PASSED] - if (scriptRunning): null

2021-01-06 09:19:05 - [TEST_STEP][PASSED] - if (testCaseStatus != "PASSED"): null

2021-01-06 09:19:05 - [TEST_STEP][PASSED] - msg = prefix + testCaseContext.getTestCaseId() + " on " + version + " running on " + browser + " " + testCaseStatus + prefix: null

2021-01-06 09:19:05 - [TEST_STEP][PASSED] - println(msg): null

2021-01-06 09:19:05 - [TEST_STEP][PASSED] - if (suite): null

2021-01-06 09:19:05 - [TEST_STEP][PASSED] - oFile = new java.io.File(fileName): null

2021-01-06 09:19:05 - [TEST_STEP][PASSED] - oFile.append(msg + "
"): null

2021-01-06 09:19:05 - [TEST_STEP][PASSED] - tsMessages.add("##" + testCaseContext.getTestCaseId()): null

2021-01-06 09:19:05 - [TEST_STEP][PASSED] - if (scriptRunning): null

2021-01-06 09:19:05 - [TEST_STEP][PASSED] - if (tcMessages.size() > 0): null

2021-01-06 09:19:05 - [TEST_STEP][PASSED] - if (scriptRunning && 1 == 2): null

2021-01-06 09:19:05 - [TEST_STEP][PASSED] - if (testCount > 0): null

2021-01-06 09:19:05 - [TEST_STEP][PASSED] - msg = separator: null

2021-01-06 09:19:05 - [TEST_STEP][PASSED] - println(msg): null

2021-01-06 09:19:05 - [TEST_STEP][PASSED] - if (suite): null

2021-01-06 09:19:05 - [TEST_STEP][PASSED] - oFile = new java.io.File(fileName): null

2021-01-06 09:19:05 - [TEST_STEP][PASSED] - oFile.append(msg + "

"): null

2021-01-06 09:19:08 - [TEST_STEP][PASSED] - Video: Video recording for test case 'Test Cases/tCC Test Cases/tCC tA Test Block Quotes and Sections' .

2021-01-06 09:19:08 - [MESSAGE][INFO] - Video recording for test case 'Test Cases/tCC Test Cases/tCC tA Test Block Quotes and Sections' .]]></system-out>
         <system-err><![CDATA[]]></system-err>
      </testcase>
      <testcase name="Test Cases/tCC Test Cases/tCC Test App Crashes" time="308.238" classname="Test Cases/tCC Test Cases/tCC Test App Crashes" status="PASSED">
         <system-out><![CDATA[2021-01-06 09:19:08 - [TEST_CASE][PASSED] - Test Cases/tCC Test Cases/tCC Test App Crashes: Test Cases/tCC Test Cases/tCC Test App Crashes

2021-01-06 09:19:08 - [TEST_STEP][PASSED] - Start listener action : sampleBeforeTestCase: null

2021-01-06 09:19:08 - [TEST_STEP][PASSED] - println("setup start"): null

2021-01-06 09:19:08 - [TEST_STEP][PASSED] - tcMessages = []: null

2021-01-06 09:19:08 - [TEST_STEP][PASSED] - executionProfile = getExecutionProfile(): null

2021-01-06 09:19:08 - [TEST_STEP][PASSED] - logInfo("Execution profile is " + executionProfile): Execution profile is tCC Develop

2021-01-06 09:19:08 - [MESSAGE][INFO] - Execution profile is tCC Develop

2021-01-06 09:19:08 - [TEST_STEP][PASSED] - if (systemOS == "" || systemOS == null): null

2021-01-06 09:19:08 - [TEST_STEP][PASSED] - if (pcUser == "" || pcUser == null): null

2021-01-06 09:19:08 - [TEST_STEP][PASSED] - scriptRunning = true: null

2021-01-06 09:19:08 - [TEST_STEP][PASSED] - println("setup success"): null

2021-01-06 09:19:09 - [TEST_STEP][PASSED] - callTestCase(findTestCase("tCC Components/tCC tN Open For Edit"), ["$username":"", "$password":"", "file":""], STOP_ON_FAILURE): Call Test Case 'Test Cases/tCC Components/tCC tN Open For Edit' successfully

2021-01-06 09:19:09 - [TEST_CASE][PASSED] - Test Cases/tCC Components/tCC tN Open For Edit: Test Cases/tCC Components/tCC tN Open For Edit

2021-01-06 09:19:12 - [TEST_STEP][PASSED] - callTestCase(findTestCase("tCC Components/tCC Login"), ["user":$username, "password":$password, "newSession":true], STOP_ON_FAILURE): Call Test Case 'Test Cases/tCC Components/tCC Login' successfully

2021-01-06 09:19:12 - [TEST_CASE][PASSED] - Test Cases/tCC Components/tCC Login: Test Cases/tCC Components/tCC Login

2021-01-06 09:19:12 - [TEST_STEP][PASSED] - if (newSession): null

2021-01-06 09:19:12 - [TEST_STEP][PASSED] - if (openBrowser): Current window maximized

2021-01-06 09:19:12 - [TEST_STEP][PASSED] - openBrowser(""): Browser is opened with url: ''

2021-01-06 09:19:12 - [MESSAGE][INFO] - Starting 'Chrome' driver

2021-01-06 09:19:12 - [MESSAGE][INFO] - Action delay is set to 0 milliseconds

2021-01-06 09:19:18 - [MESSAGE][PASSED] - Browser is opened with url: ''

2021-01-06 09:19:18 - [TEST_STEP][PASSED] - maximizeWindow(): Current window maximized

2021-01-06 09:19:18 - [MESSAGE][PASSED] - Current window maximized

2021-01-06 09:19:18 - [TEST_STEP][PASSED] - println("Opening " + url): null

2021-01-06 09:19:18 - [TEST_STEP][PASSED] - navigateToUrl(url): Navigate to 'https://develop--tc-create-app.netlify.app/' successfully

2021-01-06 09:19:30 - [MESSAGE][PASSED] - Navigate to 'https://develop--tc-create-app.netlify.app/' successfully

2021-01-06 09:19:30 - [TEST_STEP][PASSED] - waitForElementVisible(findTestObject("Page_tC Create/text_tCCVersion"), 30): Object 'Object Repository/Page_tC Create/text_tCCVersion' is visible

2021-01-06 09:19:31 - [MESSAGE][PASSED] - Object 'Object Repository/Page_tC Create/text_tCCVersion' is visible

2021-01-06 09:19:31 - [TEST_STEP][PASSED] - version = getText(findTestObject("Page_tC Create/text_tCCVersion")): Text of object 'Object Repository/Page_tC Create/text_tCCVersion' is: 'translationCore Create - v1.1.0-rc.3'

2021-01-06 09:19:31 - [MESSAGE][PASSED] - Text of object 'Object Repository/Page_tC Create/text_tCCVersion' is: 'translationCore Create - v1.1.0-rc.3'

2021-01-06 09:19:31 - [TEST_STEP][PASSED] - version = version: null

2021-01-06 09:19:31 - [TEST_STEP][PASSED] - println("Version is " + version): null

2021-01-06 09:19:31 - [TEST_STEP][PASSED] - if (user == ""): null

2021-01-06 09:19:31 - [TEST_STEP][PASSED] - println("Logging in as " + user1Name): null

2021-01-06 09:19:31 - [TEST_STEP][PASSED] - setText(findTestObject("Page_tC Create/input__username"), user1Name): Text 'tc01' is set on object 'Object Repository/Page_tC Create/input__username'

2021-01-06 09:19:33 - [MESSAGE][PASSED] - Text 'tc01' is set on object 'Object Repository/Page_tC Create/input__username'

2021-01-06 09:19:33 - [TEST_STEP][PASSED] - setText(findTestObject("Page_tC Create/input__password"), user1Password): Text 'tc01' is set on object 'Object Repository/Page_tC Create/input__password'

2021-01-06 09:19:34 - [MESSAGE][PASSED] - Text 'tc01' is set on object 'Object Repository/Page_tC Create/input__password'

2021-01-06 09:19:34 - [TEST_STEP][PASSED] - if (verifyElementPresent(findTestObject("Page_tC Create/button_Login"), 1, OPTIONAL)): null

2021-01-06 09:19:34 - [MESSAGE][PASSED] - Object 'Object Repository/Page_tC Create/button_Login' is present

2021-01-06 09:19:34 - [TEST_STEP][PASSED] - click(findTestObject("Page_tC Create/button_Login")): Object: 'Object Repository/Page_tC Create/button_Login' is clicked on

2021-01-06 09:19:35 - [MESSAGE][PASSED] - Object: 'Object Repository/Page_tC Create/button_Login' is clicked on

2021-01-06 09:19:40 - [MESSAGE][PASSED] - Call Test Case 'Test Cases/tCC Components/tCC Login' successfully

2021-01-06 09:19:40 - [TEST_STEP][PASSED] - if (callTestCase(findTestCase("tCC Components/tCC Select Org-Lang-Resource"), ["organization":"", "language":"", "resource":"unfoldingWord/en_tn"], STOP_ON_FAILURE) == false): Call Test Case 'Test Cases/tCC Components/tCC Select Org-Lang-Resource' successfully

2021-01-06 09:19:40 - [TEST_CASE][PASSED] - Test Cases/tCC Components/tCC Select Org-Lang-Resource: Test Cases/tCC Components/tCC Select Org-Lang-Resource

2021-01-06 09:19:40 - [TEST_STEP][PASSED] - if (organization == ""): null

2021-01-06 09:19:40 - [TEST_STEP][PASSED] - organization = organization: null

2021-01-06 09:19:40 - [TEST_STEP][PASSED] - if (language == ""): null

2021-01-06 09:19:40 - [TEST_STEP][PASSED] - language = langCode: null

2021-01-06 09:19:40 - [TEST_STEP][PASSED] - println("Choosing organization " + organization): null

2021-01-06 09:19:40 - [TEST_STEP][PASSED] - if (waitForElementPresent(organization, 5, OPTIONAL) == false): Object 'Object Repository/Page_tC Create/listOrg_translate_test' is present

2021-01-06 09:19:40 - [MESSAGE][PASSED] - Object 'Object Repository/Page_tC Create/listOrg_translate_test' is present

2021-01-06 09:19:40 - [TEST_STEP][PASSED] - else: null

2021-01-06 09:19:40 - [TEST_STEP][PASSED] - click(organization): Object: 'Object Repository/Page_tC Create/listOrg_translate_test' is clicked on

2021-01-06 09:19:40 - [MESSAGE][PASSED] - Object: 'Object Repository/Page_tC Create/listOrg_translate_test' is clicked on

2021-01-06 09:19:40 - [TEST_STEP][PASSED] - alerted = waitForAlert(2): No alert found after 2 second(s).

2021-01-06 09:19:43 - [MESSAGE][WARNING] - No alert found after 2 second(s).

2021-01-06 09:19:43 - [TEST_STEP][PASSED] - if (alerted == true): null

2021-01-06 09:19:43 - [TEST_STEP][PASSED] - else: Object: 'Object Repository/Page_tC Create/listOption_Language_Parmed' is clicked on

2021-01-06 09:19:43 - [TEST_STEP][PASSED] - println("Not alerted on organization"): null

2021-01-06 09:19:43 - [TEST_STEP][PASSED] - alertFlag = false: null

2021-01-06 09:19:43 - [TEST_STEP][PASSED] - println("Choosing resource " + resource): null

2021-01-06 09:19:43 - [TEST_STEP][PASSED] - click(findTestObject("Page_tC Create/resource_Parmed", ["resource":resource])): Object: 'Object Repository/Page_tC Create/resource_Parmed' is clicked on

2021-01-06 09:19:44 - [MESSAGE][PASSED] - Object: 'Object Repository/Page_tC Create/resource_Parmed' is clicked on

2021-01-06 09:19:44 - [TEST_STEP][PASSED] - println("Choosing language " + language): null

2021-01-06 09:19:44 - [TEST_STEP][PASSED] - click(findTestObject("Page_tC Create/combo_Select Language")): Object: 'Object Repository/Page_tC Create/combo_Select Language' is clicked on

2021-01-06 09:19:45 - [MESSAGE][PASSED] - Object: 'Object Repository/Page_tC Create/combo_Select Language' is clicked on

2021-01-06 09:19:45 - [TEST_STEP][PASSED] - click(findTestObject("Page_tC Create/listOption_Language_Parmed", ["lang_code":language])): Object: 'Object Repository/Page_tC Create/listOption_Language_Parmed' is clicked on

2021-01-06 09:19:45 - [MESSAGE][PASSED] - Object: 'Object Repository/Page_tC Create/listOption_Language_Parmed' is clicked on

2021-01-06 09:19:46 - [TEST_STEP][PASSED] - return true: null

2021-01-06 09:19:51 - [MESSAGE][PASSED] - Call Test Case 'Test Cases/tCC Components/tCC Select Org-Lang-Resource' successfully

2021-01-06 09:19:51 - [TEST_STEP][FAILED] - try: Unable to click on object 'Object Repository/Page_tC Create/file_Parmed' (Root cause: com.kms.katalon.core.exception.StepFailedException: Unable to click on object 'Object Repository/Page_tC Create/file_Parmed'
	at com.kms.katalon.core.webui.keyword.internal.WebUIKeywordMain.stepFailed(WebUIKeywordMain.groovy:64)
	at com.kms.katalon.core.webui.keyword.internal.WebUIKeywordMain.runKeyword(WebUIKeywordMain.groovy:26)
	at com.kms.katalon.core.webui.keyword.builtin.ClickKeyword.click(ClickKeyword.groovy:76)
	at com.kms.katalon.core.webui.keyword.builtin.ClickKeyword.execute(ClickKeyword.groovy:43)
	at com.kms.katalon.core.keyword.internal.KeywordExecutor.executeKeywordForPlatform(KeywordExecutor.groovy:73)
	at com.kms.katalon.core.webui.keyword.WebUiBuiltInKeywords.click(WebUiBuiltInKeywords.groovy:617)
	at com.kms.katalon.core.webui.keyword.WebUiBuiltInKeywords$click$6.call(Unknown Source)
	at tCC tN Open For Edit.run(tCC tN Open For Edit:46)
	at com.kms.katalon.core.main.ScriptEngine.run(ScriptEngine.java:194)
	at com.kms.katalon.core.main.ScriptEngine.runScriptAsRawText(ScriptEngine.java:119)
	at com.kms.katalon.core.main.TestCaseExecutor.runScript(TestCaseExecutor.java:393)
	at com.kms.katalon.core.main.TestCaseExecutor.doExecute(TestCaseExecutor.java:384)
	at com.kms.katalon.core.main.TestCaseExecutor.processExecutionPhase(TestCaseExecutor.java:363)
	at com.kms.katalon.core.main.TestCaseExecutor.accessMainPhase(TestCaseExecutor.java:355)
	at com.kms.katalon.core.main.TestCaseExecutor.execute(TestCaseExecutor.java:251)
	at com.kms.katalon.core.main.TestCaseMain.runTestCase(TestCaseMain.java:114)
	at com.kms.katalon.core.keyword.builtin.CallTestCaseKeyword$_callTestCase_closure1.doCall(CallTestCaseKeyword.groovy:59)
	at com.kms.katalon.core.keyword.builtin.CallTestCaseKeyword$_callTestCase_closure1.call(CallTestCaseKeyword.groovy)
	at com.kms.katalon.core.keyword.internal.KeywordMain.runKeyword(KeywordMain.groovy:68)
	at com.kms.katalon.core.keyword.builtin.CallTestCaseKeyword.callTestCase(CallTestCaseKeyword.groovy:81)
	at com.kms.katalon.core.keyword.builtin.CallTestCaseKeyword.execute(CallTestCaseKeyword.groovy:44)
	at com.kms.katalon.core.keyword.internal.KeywordExecutor.executeKeywordForPlatform(KeywordExecutor.groovy:73)
	at com.kms.katalon.core.keyword.BuiltinKeywords.callTestCase(BuiltinKeywords.groovy:334)
	at tCC Test App Crashes.run(tCC Test App Crashes:27)
	at com.kms.katalon.core.main.ScriptEngine.run(ScriptEngine.java:194)
	at com.kms.katalon.core.main.ScriptEngine.runScriptAsRawText(ScriptEngine.java:119)
	at com.kms.katalon.core.main.TestCaseExecutor.runScript(TestCaseExecutor.java:393)
	at com.kms.katalon.core.main.TestCaseExecutor.doExecute(TestCaseExecutor.java:384)
	at com.kms.katalon.core.main.TestCaseExecutor.processExecutionPhase(TestCaseExecutor.java:363)
	at com.kms.katalon.core.main.TestCaseExecutor.accessMainPhase(TestCaseExecutor.java:355)
	at com.kms.katalon.core.main.TestCaseExecutor.execute(TestCaseExecutor.java:251)
	at com.kms.katalon.core.main.TestSuiteExecutor.accessTestCaseMainPhase(TestSuiteExecutor.java:203)
	at com.kms.katalon.core.main.TestSuiteExecutor.accessTestSuiteMainPhase(TestSuiteExecutor.java:152)
	at com.kms.katalon.core.main.TestSuiteExecutor.execute(TestSuiteExecutor.java:95)
	at com.kms.katalon.core.main.TestCaseMain.startTestSuite(TestCaseMain.java:157)
	at com.kms.katalon.core.main.TestCaseMain$startTestSuite$0.call(Unknown Source)
	at TempTestSuite1609946231562.run(TempTestSuite1609946231562.groovy:39)
Caused by: org.openqa.selenium.ElementNotInteractableException: element not interactable
  (Session info: chrome=87.0.4280.88)
Build info: version: '3.141.59', revision: 'e82be7d358', time: '2018-11-14T08:25:53'
System info: host: 'Kozs-MacBook-Air.local', ip: 'fe80:0:0:0:c5:5944:3b35:56d9%en0', os.name: 'Mac OS X', os.arch: 'x86_64', os.version: '10.14.6', java.version: '1.8.0_181'
Driver info: com.kms.katalon.selenium.driver.CChromeDriver
Capabilities {acceptInsecureCerts: false, browserName: chrome, browserVersion: 87.0.4280.88, chrome: {chromedriverVersion: 86.0.4240.22 (398b0743353ff..., userDataDir: /var/folders/hb/hv2s0v7n1nz...}, goog:chromeOptions: {debuggerAddress: localhost:50905}, javascriptEnabled: true, networkConnectionEnabled: false, pageLoadStrategy: normal, platform: MAC, platformName: MAC, proxy: Proxy(), setWindowRect: true, strictFileInteractability: false, timeouts: {implicit: 0, pageLoad: 300000, script: 30000}, unhandledPromptBehavior: dismiss and notify, webauthn:virtualAuthenticators: true}
Session ID: ef666402413bb12cabfc65422d13787b
	at org.openqa.selenium.remote.http.W3CHttpResponseCodec.createException(W3CHttpResponseCodec.java:187)
	at org.openqa.selenium.remote.http.W3CHttpResponseCodec.decode(W3CHttpResponseCodec.java:122)
	at org.openqa.selenium.remote.http.W3CHttpResponseCodec.decode(W3CHttpResponseCodec.java:49)
	at org.openqa.selenium.remote.HttpCommandExecutor.execute(HttpCommandExecutor.java:158)
	at org.openqa.selenium.remote.service.DriverCommandExecutor.execute(DriverCommandExecutor.java:83)
	at org.openqa.selenium.remote.RemoteWebDriver.execute(RemoteWebDriver.java:552)
	at com.kms.katalon.selenium.driver.CChromeDriver.execute(CChromeDriver.java:19)
	at org.openqa.selenium.remote.RemoteWebElement.execute(RemoteWebElement.java:285)
	at org.openqa.selenium.remote.RemoteWebElement.click(RemoteWebElement.java:84)
	at org.openqa.selenium.support.events.EventFiringWebDriver$EventFiringWebElement.lambda$new$0(EventFiringWebDriver.java:404)
	at com.sun.proxy.$Proxy16.click(Unknown Source)
	at org.openqa.selenium.support.events.EventFiringWebDriver$EventFiringWebElement.click(EventFiringWebDriver.java:417)
	at com.kms.katalon.core.webui.keyword.builtin.ClickKeyword$_click_closure1.doCall(ClickKeyword.groovy:69)
	at com.kms.katalon.core.webui.keyword.builtin.ClickKeyword$_click_closure1.call(ClickKeyword.groovy)
	at com.kms.katalon.core.webui.keyword.internal.WebUIKeywordMain.runKeyword(WebUIKeywordMain.groovy:20)
	at com.kms.katalon.core.webui.keyword.builtin.ClickKeyword.click(ClickKeyword.groovy:76)
	at com.kms.katalon.core.webui.keyword.builtin.ClickKeyword.execute(ClickKeyword.groovy:43)
	at com.kms.katalon.core.keyword.internal.KeywordExecutor.executeKeywordForPlatform(KeywordExecutor.groovy:73)
	at com.kms.katalon.core.webui.keyword.WebUiBuiltInKeywords.click(WebUiBuiltInKeywords.groovy:617)
	at com.kms.katalon.core.webui.keyword.WebUiBuiltInKeywords$click$6.call(Unknown Source)
	at Script1599599262449.run(Script1599599262449.groovy:46)
	at com.kms.katalon.core.main.ScriptEngine.run(ScriptEngine.java:194)
	at com.kms.katalon.core.main.ScriptEngine.runScriptAsRawText(ScriptEngine.java:119)
	at com.kms.katalon.core.main.TestCaseExecutor.runScript(TestCaseExecutor.java:393)
	at com.kms.katalon.core.main.TestCaseExecutor.doExecute(TestCaseExecutor.java:384)
	at com.kms.katalon.core.main.TestCaseExecutor.processExecutionPhase(TestCaseExecutor.java:363)
	at com.kms.katalon.core.main.TestCaseExecutor.accessMainPhase(TestCaseExecutor.java:355)
	at com.kms.katalon.core.main.TestCaseExecutor.execute(TestCaseExecutor.java:251)
	at com.kms.katalon.core.main.TestCaseMain.runTestCase(TestCaseMain.java:114)
	at com.kms.katalon.core.keyword.builtin.CallTestCaseKeyword$_callTestCase_closure1.doCall(CallTestCaseKeyword.groovy:59)
	at com.kms.katalon.core.keyword.builtin.CallTestCaseKeyword$_callTestCase_closure1.call(CallTestCaseKeyword.groovy)
	at com.kms.katalon.core.keyword.internal.KeywordMain.runKeyword(KeywordMain.groovy:68)
	at com.kms.katalon.core.keyword.builtin.CallTestCaseKeyword.callTestCase(CallTestCaseKeyword.groovy:81)
	at com.kms.katalon.core.keyword.builtin.CallTestCaseKeyword.execute(CallTestCaseKeyword.groovy:44)
	at com.kms.katalon.core.keyword.internal.KeywordExecutor.executeKeywordForPlatform(KeywordExecutor.groovy:73)
	at com.kms.katalon.core.keyword.BuiltinKeywords.callTestCase(BuiltinKeywords.groovy:334)
	at Script1603378536180.run(Script1603378536180.groovy:27)
	... 13 more
)

2021-01-06 09:19:51 - [TEST_STEP][PASSED] - myFile = file: null

2021-01-06 09:19:51 - [TEST_STEP][FAILED] - click(findTestObject("Page_tC Create/file_Parmed", ["fileName":myFile])): Unable to click on object 'Object Repository/Page_tC Create/file_Parmed' (Root cause: com.kms.katalon.core.exception.StepFailedException: Unable to click on object 'Object Repository/Page_tC Create/file_Parmed'
	at com.kms.katalon.core.webui.keyword.internal.WebUIKeywordMain.stepFailed(WebUIKeywordMain.groovy:64)
	at com.kms.katalon.core.webui.keyword.internal.WebUIKeywordMain.runKeyword(WebUIKeywordMain.groovy:26)
	at com.kms.katalon.core.webui.keyword.builtin.ClickKeyword.click(ClickKeyword.groovy:76)
	at com.kms.katalon.core.webui.keyword.builtin.ClickKeyword.execute(ClickKeyword.groovy:43)
	at com.kms.katalon.core.keyword.internal.KeywordExecutor.executeKeywordForPlatform(KeywordExecutor.groovy:73)
	at com.kms.katalon.core.webui.keyword.WebUiBuiltInKeywords.click(WebUiBuiltInKeywords.groovy:617)
	at com.kms.katalon.core.webui.keyword.WebUiBuiltInKeywords$click$6.call(Unknown Source)
	at tCC tN Open For Edit.run(tCC tN Open For Edit:46)
	at com.kms.katalon.core.main.ScriptEngine.run(ScriptEngine.java:194)
	at com.kms.katalon.core.main.ScriptEngine.runScriptAsRawText(ScriptEngine.java:119)
	at com.kms.katalon.core.main.TestCaseExecutor.runScript(TestCaseExecutor.java:393)
	at com.kms.katalon.core.main.TestCaseExecutor.doExecute(TestCaseExecutor.java:384)
	at com.kms.katalon.core.main.TestCaseExecutor.processExecutionPhase(TestCaseExecutor.java:363)
	at com.kms.katalon.core.main.TestCaseExecutor.accessMainPhase(TestCaseExecutor.java:355)
	at com.kms.katalon.core.main.TestCaseExecutor.execute(TestCaseExecutor.java:251)
	at com.kms.katalon.core.main.TestCaseMain.runTestCase(TestCaseMain.java:114)
	at com.kms.katalon.core.keyword.builtin.CallTestCaseKeyword$_callTestCase_closure1.doCall(CallTestCaseKeyword.groovy:59)
	at com.kms.katalon.core.keyword.builtin.CallTestCaseKeyword$_callTestCase_closure1.call(CallTestCaseKeyword.groovy)
	at com.kms.katalon.core.keyword.internal.KeywordMain.runKeyword(KeywordMain.groovy:68)
	at com.kms.katalon.core.keyword.builtin.CallTestCaseKeyword.callTestCase(CallTestCaseKeyword.groovy:81)
	at com.kms.katalon.core.keyword.builtin.CallTestCaseKeyword.execute(CallTestCaseKeyword.groovy:44)
	at com.kms.katalon.core.keyword.internal.KeywordExecutor.executeKeywordForPlatform(KeywordExecutor.groovy:73)
	at com.kms.katalon.core.keyword.BuiltinKeywords.callTestCase(BuiltinKeywords.groovy:334)
	at tCC Test App Crashes.run(tCC Test App Crashes:27)
	at com.kms.katalon.core.main.ScriptEngine.run(ScriptEngine.java:194)
	at com.kms.katalon.core.main.ScriptEngine.runScriptAsRawText(ScriptEngine.java:119)
	at com.kms.katalon.core.main.TestCaseExecutor.runScript(TestCaseExecutor.java:393)
	at com.kms.katalon.core.main.TestCaseExecutor.doExecute(TestCaseExecutor.java:384)
	at com.kms.katalon.core.main.TestCaseExecutor.processExecutionPhase(TestCaseExecutor.java:363)
	at com.kms.katalon.core.main.TestCaseExecutor.accessMainPhase(TestCaseExecutor.java:355)
	at com.kms.katalon.core.main.TestCaseExecutor.execute(TestCaseExecutor.java:251)
	at com.kms.katalon.core.main.TestSuiteExecutor.accessTestCaseMainPhase(TestSuiteExecutor.java:203)
	at com.kms.katalon.core.main.TestSuiteExecutor.accessTestSuiteMainPhase(TestSuiteExecutor.java:152)
	at com.kms.katalon.core.main.TestSuiteExecutor.execute(TestSuiteExecutor.java:95)
	at com.kms.katalon.core.main.TestCaseMain.startTestSuite(TestCaseMain.java:157)
	at com.kms.katalon.core.main.TestCaseMain$startTestSuite$0.call(Unknown Source)
	at TempTestSuite1609946231562.run(TempTestSuite1609946231562.groovy:39)
Caused by: org.openqa.selenium.ElementNotInteractableException: element not interactable
  (Session info: chrome=87.0.4280.88)
Build info: version: '3.141.59', revision: 'e82be7d358', time: '2018-11-14T08:25:53'
System info: host: 'Kozs-MacBook-Air.local', ip: 'fe80:0:0:0:c5:5944:3b35:56d9%en0', os.name: 'Mac OS X', os.arch: 'x86_64', os.version: '10.14.6', java.version: '1.8.0_181'
Driver info: com.kms.katalon.selenium.driver.CChromeDriver
Capabilities {acceptInsecureCerts: false, browserName: chrome, browserVersion: 87.0.4280.88, chrome: {chromedriverVersion: 86.0.4240.22 (398b0743353ff..., userDataDir: /var/folders/hb/hv2s0v7n1nz...}, goog:chromeOptions: {debuggerAddress: localhost:50905}, javascriptEnabled: true, networkConnectionEnabled: false, pageLoadStrategy: normal, platform: MAC, platformName: MAC, proxy: Proxy(), setWindowRect: true, strictFileInteractability: false, timeouts: {implicit: 0, pageLoad: 300000, script: 30000}, unhandledPromptBehavior: dismiss and notify, webauthn:virtualAuthenticators: true}
Session ID: ef666402413bb12cabfc65422d13787b
	at org.openqa.selenium.remote.http.W3CHttpResponseCodec.createException(W3CHttpResponseCodec.java:187)
	at org.openqa.selenium.remote.http.W3CHttpResponseCodec.decode(W3CHttpResponseCodec.java:122)
	at org.openqa.selenium.remote.http.W3CHttpResponseCodec.decode(W3CHttpResponseCodec.java:49)
	at org.openqa.selenium.remote.HttpCommandExecutor.execute(HttpCommandExecutor.java:158)
	at org.openqa.selenium.remote.service.DriverCommandExecutor.execute(DriverCommandExecutor.java:83)
	at org.openqa.selenium.remote.RemoteWebDriver.execute(RemoteWebDriver.java:552)
	at com.kms.katalon.selenium.driver.CChromeDriver.execute(CChromeDriver.java:19)
	at org.openqa.selenium.remote.RemoteWebElement.execute(RemoteWebElement.java:285)
	at org.openqa.selenium.remote.RemoteWebElement.click(RemoteWebElement.java:84)
	at org.openqa.selenium.support.events.EventFiringWebDriver$EventFiringWebElement.lambda$new$0(EventFiringWebDriver.java:404)
	at com.sun.proxy.$Proxy16.click(Unknown Source)
	at org.openqa.selenium.support.events.EventFiringWebDriver$EventFiringWebElement.click(EventFiringWebDriver.java:417)
	at com.kms.katalon.core.webui.keyword.builtin.ClickKeyword$_click_closure1.doCall(ClickKeyword.groovy:69)
	at com.kms.katalon.core.webui.keyword.builtin.ClickKeyword$_click_closure1.call(ClickKeyword.groovy)
	at com.kms.katalon.core.webui.keyword.internal.WebUIKeywordMain.runKeyword(WebUIKeywordMain.groovy:20)
	at com.kms.katalon.core.webui.keyword.builtin.ClickKeyword.click(ClickKeyword.groovy:76)
	at com.kms.katalon.core.webui.keyword.builtin.ClickKeyword.execute(ClickKeyword.groovy:43)
	at com.kms.katalon.core.keyword.internal.KeywordExecutor.executeKeywordForPlatform(KeywordExecutor.groovy:73)
	at com.kms.katalon.core.webui.keyword.WebUiBuiltInKeywords.click(WebUiBuiltInKeywords.groovy:617)
	at com.kms.katalon.core.webui.keyword.WebUiBuiltInKeywords$click$6.call(Unknown Source)
	at Script1599599262449.run(Script1599599262449.groovy:46)
	at com.kms.katalon.core.main.ScriptEngine.run(ScriptEngine.java:194)
	at com.kms.katalon.core.main.ScriptEngine.runScriptAsRawText(ScriptEngine.java:119)
	at com.kms.katalon.core.main.TestCaseExecutor.runScript(TestCaseExecutor.java:393)
	at com.kms.katalon.core.main.TestCaseExecutor.doExecute(TestCaseExecutor.java:384)
	at com.kms.katalon.core.main.TestCaseExecutor.processExecutionPhase(TestCaseExecutor.java:363)
	at com.kms.katalon.core.main.TestCaseExecutor.accessMainPhase(TestCaseExecutor.java:355)
	at com.kms.katalon.core.main.TestCaseExecutor.execute(TestCaseExecutor.java:251)
	at com.kms.katalon.core.main.TestCaseMain.runTestCase(TestCaseMain.java:114)
	at com.kms.katalon.core.keyword.builtin.CallTestCaseKeyword$_callTestCase_closure1.doCall(CallTestCaseKeyword.groovy:59)
	at com.kms.katalon.core.keyword.builtin.CallTestCaseKeyword$_callTestCase_closure1.call(CallTestCaseKeyword.groovy)
	at com.kms.katalon.core.keyword.internal.KeywordMain.runKeyword(KeywordMain.groovy:68)
	at com.kms.katalon.core.keyword.builtin.CallTestCaseKeyword.callTestCase(CallTestCaseKeyword.groovy:81)
	at com.kms.katalon.core.keyword.builtin.CallTestCaseKeyword.execute(CallTestCaseKeyword.groovy:44)
	at com.kms.katalon.core.keyword.internal.KeywordExecutor.executeKeywordForPlatform(KeywordExecutor.groovy:73)
	at com.kms.katalon.core.keyword.BuiltinKeywords.callTestCase(BuiltinKeywords.groovy:334)
	at Script1603378536180.run(Script1603378536180.groovy:27)
	... 13 more
)

2021-01-06 09:19:55 - [MESSAGE][FAILED] - Unable to click on object 'Object Repository/Page_tC Create/file_Parmed' (Root cause: com.kms.katalon.core.exception.StepFailedException: Unable to click on object 'Object Repository/Page_tC Create/file_Parmed'
	at com.kms.katalon.core.webui.keyword.internal.WebUIKeywordMain.stepFailed(WebUIKeywordMain.groovy:64)
	at com.kms.katalon.core.webui.keyword.internal.WebUIKeywordMain.runKeyword(WebUIKeywordMain.groovy:26)
	at com.kms.katalon.core.webui.keyword.builtin.ClickKeyword.click(ClickKeyword.groovy:76)
	at com.kms.katalon.core.webui.keyword.builtin.ClickKeyword.execute(ClickKeyword.groovy:43)
	at com.kms.katalon.core.keyword.internal.KeywordExecutor.executeKeywordForPlatform(KeywordExecutor.groovy:73)
	at com.kms.katalon.core.webui.keyword.WebUiBuiltInKeywords.click(WebUiBuiltInKeywords.groovy:617)
	at com.kms.katalon.core.webui.keyword.WebUiBuiltInKeywords$click$6.call(Unknown Source)
	at tCC tN Open For Edit.run(tCC tN Open For Edit:46)
	at com.kms.katalon.core.main.ScriptEngine.run(ScriptEngine.java:194)
	at com.kms.katalon.core.main.ScriptEngine.runScriptAsRawText(ScriptEngine.java:119)
	at com.kms.katalon.core.main.TestCaseExecutor.runScript(TestCaseExecutor.java:393)
	at com.kms.katalon.core.main.TestCaseExecutor.doExecute(TestCaseExecutor.java:384)
	at com.kms.katalon.core.main.TestCaseExecutor.processExecutionPhase(TestCaseExecutor.java:363)
	at com.kms.katalon.core.main.TestCaseExecutor.accessMainPhase(TestCaseExecutor.java:355)
	at com.kms.katalon.core.main.TestCaseExecutor.execute(TestCaseExecutor.java:251)
	at com.kms.katalon.core.main.TestCaseMain.runTestCase(TestCaseMain.java:114)
	at com.kms.katalon.core.keyword.builtin.CallTestCaseKeyword$_callTestCase_closure1.doCall(CallTestCaseKeyword.groovy:59)
	at com.kms.katalon.core.keyword.builtin.CallTestCaseKeyword$_callTestCase_closure1.call(CallTestCaseKeyword.groovy)
	at com.kms.katalon.core.keyword.internal.KeywordMain.runKeyword(KeywordMain.groovy:68)
	at com.kms.katalon.core.keyword.builtin.CallTestCaseKeyword.callTestCase(CallTestCaseKeyword.groovy:81)
	at com.kms.katalon.core.keyword.builtin.CallTestCaseKeyword.execute(CallTestCaseKeyword.groovy:44)
	at com.kms.katalon.core.keyword.internal.KeywordExecutor.executeKeywordForPlatform(KeywordExecutor.groovy:73)
	at com.kms.katalon.core.keyword.BuiltinKeywords.callTestCase(BuiltinKeywords.groovy:334)
	at tCC Test App Crashes.run(tCC Test App Crashes:27)
	at com.kms.katalon.core.main.ScriptEngine.run(ScriptEngine.java:194)
	at com.kms.katalon.core.main.ScriptEngine.runScriptAsRawText(ScriptEngine.java:119)
	at com.kms.katalon.core.main.TestCaseExecutor.runScript(TestCaseExecutor.java:393)
	at com.kms.katalon.core.main.TestCaseExecutor.doExecute(TestCaseExecutor.java:384)
	at com.kms.katalon.core.main.TestCaseExecutor.processExecutionPhase(TestCaseExecutor.java:363)
	at com.kms.katalon.core.main.TestCaseExecutor.accessMainPhase(TestCaseExecutor.java:355)
	at com.kms.katalon.core.main.TestCaseExecutor.execute(TestCaseExecutor.java:251)
	at com.kms.katalon.core.main.TestSuiteExecutor.accessTestCaseMainPhase(TestSuiteExecutor.java:203)
	at com.kms.katalon.core.main.TestSuiteExecutor.accessTestSuiteMainPhase(TestSuiteExecutor.java:152)
	at com.kms.katalon.core.main.TestSuiteExecutor.execute(TestSuiteExecutor.java:95)
	at com.kms.katalon.core.main.TestCaseMain.startTestSuite(TestCaseMain.java:157)
	at com.kms.katalon.core.main.TestCaseMain$startTestSuite$0.call(Unknown Source)
	at TempTestSuite1609946231562.run(TempTestSuite1609946231562.groovy:39)
Caused by: org.openqa.selenium.ElementNotInteractableException: element not interactable
  (Session info: chrome=87.0.4280.88)
Build info: version: '3.141.59', revision: 'e82be7d358', time: '2018-11-14T08:25:53'
System info: host: 'Kozs-MacBook-Air.local', ip: 'fe80:0:0:0:c5:5944:3b35:56d9%en0', os.name: 'Mac OS X', os.arch: 'x86_64', os.version: '10.14.6', java.version: '1.8.0_181'
Driver info: com.kms.katalon.selenium.driver.CChromeDriver
Capabilities {acceptInsecureCerts: false, browserName: chrome, browserVersion: 87.0.4280.88, chrome: {chromedriverVersion: 86.0.4240.22 (398b0743353ff..., userDataDir: /var/folders/hb/hv2s0v7n1nz...}, goog:chromeOptions: {debuggerAddress: localhost:50905}, javascriptEnabled: true, networkConnectionEnabled: false, pageLoadStrategy: normal, platform: MAC, platformName: MAC, proxy: Proxy(), setWindowRect: true, strictFileInteractability: false, timeouts: {implicit: 0, pageLoad: 300000, script: 30000}, unhandledPromptBehavior: dismiss and notify, webauthn:virtualAuthenticators: true}
Session ID: ef666402413bb12cabfc65422d13787b
	at org.openqa.selenium.remote.http.W3CHttpResponseCodec.createException(W3CHttpResponseCodec.java:187)
	at org.openqa.selenium.remote.http.W3CHttpResponseCodec.decode(W3CHttpResponseCodec.java:122)
	at org.openqa.selenium.remote.http.W3CHttpResponseCodec.decode(W3CHttpResponseCodec.java:49)
	at org.openqa.selenium.remote.HttpCommandExecutor.execute(HttpCommandExecutor.java:158)
	at org.openqa.selenium.remote.service.DriverCommandExecutor.execute(DriverCommandExecutor.java:83)
	at org.openqa.selenium.remote.RemoteWebDriver.execute(RemoteWebDriver.java:552)
	at com.kms.katalon.selenium.driver.CChromeDriver.execute(CChromeDriver.java:19)
	at org.openqa.selenium.remote.RemoteWebElement.execute(RemoteWebElement.java:285)
	at org.openqa.selenium.remote.RemoteWebElement.click(RemoteWebElement.java:84)
	at org.openqa.selenium.support.events.EventFiringWebDriver$EventFiringWebElement.lambda$new$0(EventFiringWebDriver.java:404)
	at com.sun.proxy.$Proxy16.click(Unknown Source)
	at org.openqa.selenium.support.events.EventFiringWebDriver$EventFiringWebElement.click(EventFiringWebDriver.java:417)
	at com.kms.katalon.core.webui.keyword.builtin.ClickKeyword$_click_closure1.doCall(ClickKeyword.groovy:69)
	at com.kms.katalon.core.webui.keyword.builtin.ClickKeyword$_click_closure1.call(ClickKeyword.groovy)
	at com.kms.katalon.core.webui.keyword.internal.WebUIKeywordMain.runKeyword(WebUIKeywordMain.groovy:20)
	at com.kms.katalon.core.webui.keyword.builtin.ClickKeyword.click(ClickKeyword.groovy:76)
	at com.kms.katalon.core.webui.keyword.builtin.ClickKeyword.execute(ClickKeyword.groovy:43)
	at com.kms.katalon.core.keyword.internal.KeywordExecutor.executeKeywordForPlatform(KeywordExecutor.groovy:73)
	at com.kms.katalon.core.webui.keyword.WebUiBuiltInKeywords.click(WebUiBuiltInKeywords.groovy:617)
	at com.kms.katalon.core.webui.keyword.WebUiBuiltInKeywords$click$6.call(Unknown Source)
	at Script1599599262449.run(Script1599599262449.groovy:46)
	at com.kms.katalon.core.main.ScriptEngine.run(ScriptEngine.java:194)
	at com.kms.katalon.core.main.ScriptEngine.runScriptAsRawText(ScriptEngine.java:119)
	at com.kms.katalon.core.main.TestCaseExecutor.runScript(TestCaseExecutor.java:393)
	at com.kms.katalon.core.main.TestCaseExecutor.doExecute(TestCaseExecutor.java:384)
	at com.kms.katalon.core.main.TestCaseExecutor.processExecutionPhase(TestCaseExecutor.java:363)
	at com.kms.katalon.core.main.TestCaseExecutor.accessMainPhase(TestCaseExecutor.java:355)
	at com.kms.katalon.core.main.TestCaseExecutor.execute(TestCaseExecutor.java:251)
	at com.kms.katalon.core.main.TestCaseMain.runTestCase(TestCaseMain.java:114)
	at com.kms.katalon.core.keyword.builtin.CallTestCaseKeyword$_callTestCase_closure1.doCall(CallTestCaseKeyword.groovy:59)
	at com.kms.katalon.core.keyword.builtin.CallTestCaseKeyword$_callTestCase_closure1.call(CallTestCaseKeyword.groovy)
	at com.kms.katalon.core.keyword.internal.KeywordMain.runKeyword(KeywordMain.groovy:68)
	at com.kms.katalon.core.keyword.builtin.CallTestCaseKeyword.callTestCase(CallTestCaseKeyword.groovy:81)
	at com.kms.katalon.core.keyword.builtin.CallTestCaseKeyword.execute(CallTestCaseKeyword.groovy:44)
	at com.kms.katalon.core.keyword.internal.KeywordExecutor.executeKeywordForPlatform(KeywordExecutor.groovy:73)
	at com.kms.katalon.core.keyword.BuiltinKeywords.callTestCase(BuiltinKeywords.groovy:334)
	at Script1603378536180.run(Script1603378536180.groovy:27)
	... 13 more
)
[[ATTACHMENT|/Users/cckozie/git/Katalon/tC Create Project/Reports/20210106_091711/tCC Test Suite 1/20210106_091711/1609946392774.png]]

2021-01-06 09:19:55 - [TEST_STEP][PASSED] - catch (Exception e): Object: 'Object Repository/Page_tC Create/file_Parmed' is clicked on

2021-01-06 09:19:55 - [TEST_STEP][PASSED] - click(findTestObject("Page_tC Create/file_Parmed", ["fileName":tNFile])): Object: 'Object Repository/Page_tC Create/file_Parmed' is clicked on

2021-01-06 09:19:57 - [MESSAGE][PASSED] - Object: 'Object Repository/Page_tC Create/file_Parmed' is clicked on

2021-01-06 09:20:02 - [MESSAGE][PASSED] - Call Test Case 'Test Cases/tCC Components/tCC tN Open For Edit' successfully

2021-01-06 09:20:02 - [TEST_STEP][PASSED] - println("Testing for app crash when changing sections visible and invisible. ISSUE 365"): null

2021-01-06 09:20:02 - [TEST_STEP][PASSED] - click(findTestObject("Page_tCC translationNotes/button_filterOpen")): Object: 'Object Repository/Page_tCC translationNotes/button_filterOpen' is clicked on

2021-01-06 09:20:05 - [MESSAGE][PASSED] - Object: 'Object Repository/Page_tCC translationNotes/button_filterOpen' is clicked on

2021-01-06 09:20:05 - [TEST_STEP][PASSED] - click(findTestObject("Page_tCC translationNotes/filter_ChapterAll")): Object: 'Object Repository/Page_tCC translationNotes/filter_ChapterAll' is clicked on

2021-01-06 09:20:06 - [MESSAGE][PASSED] - Object: 'Object Repository/Page_tCC translationNotes/filter_ChapterAll' is clicked on

2021-01-06 09:20:06 - [TEST_STEP][PASSED] - click(findTestObject("Page_tCC translationNotes/filterOption_Chapter3")): Object: 'Object Repository/Page_tCC translationNotes/filterOption_Chapter3' is clicked on

2021-01-06 09:20:07 - [MESSAGE][PASSED] - Object: 'Object Repository/Page_tCC translationNotes/filterOption_Chapter3' is clicked on

2021-01-06 09:20:07 - [TEST_STEP][PASSED] - if (!(waitForElementPresent(findTestObject("Page_tC Create/chip_Repo"), 5, OPTIONAL))): Object 'Object Repository/Page_tC Create/chip_Repo' is present

2021-01-06 09:20:09 - [MESSAGE][PASSED] - Object 'Object Repository/Page_tC Create/chip_Repo' is present

2021-01-06 09:20:09 - [TEST_STEP][PASSED] - else: Object: 'Object Repository/Page_tCC translationNotes/button_filterClose' is clicked on

2021-01-06 09:20:09 - [TEST_STEP][PASSED] - println("App did not crash after filtering on chapter 3."): null

2021-01-06 09:20:09 - [TEST_STEP][PASSED] - click(findTestObject("Page_tCC translationNotes/button_filterClose")): Object: 'Object Repository/Page_tCC translationNotes/button_filterClose' is clicked on

2021-01-06 09:20:09 - [MESSAGE][PASSED] - Object: 'Object Repository/Page_tCC translationNotes/button_filterClose' is clicked on

2021-01-06 09:20:09 - [TEST_STEP][PASSED] - delay(2): Delayed 2 second(s)

2021-01-06 09:20:11 - [MESSAGE][PASSED] - Delayed 2 second(s)

2021-01-06 09:20:11 - [TEST_STEP][PASSED] - closeBrowser(): Browser is closed

2021-01-06 09:20:12 - [MESSAGE][PASSED] - Browser is closed

2021-01-06 09:20:12 - [TEST_STEP][PASSED] - callTestCase(findTestCase("tCC Components/tCC tA Open For Edit"), ["$username":"", "$password":"", "$origQuote":"", "$newOrigQuote":""], STOP_ON_FAILURE): Call Test Case 'Test Cases/tCC Components/tCC tA Open For Edit' successfully

2021-01-06 09:20:12 - [TEST_CASE][PASSED] - Test Cases/tCC Components/tCC tA Open For Edit: Test Cases/tCC Components/tCC tA Open For Edit

2021-01-06 09:20:13 - [TEST_STEP][PASSED] - callTestCase(findTestCase("tCC Components/tCC Login"), ["user":$username, "password":$password, "newSession":true], STOP_ON_FAILURE): Call Test Case 'Test Cases/tCC Components/tCC Login' successfully

2021-01-06 09:20:13 - [TEST_CASE][PASSED] - Test Cases/tCC Components/tCC Login: Test Cases/tCC Components/tCC Login

2021-01-06 09:20:13 - [TEST_STEP][PASSED] - if (newSession): null

2021-01-06 09:20:13 - [TEST_STEP][PASSED] - if (openBrowser): Current window maximized

2021-01-06 09:20:13 - [TEST_STEP][PASSED] - openBrowser(""): Browser is opened with url: ''

2021-01-06 09:20:13 - [MESSAGE][INFO] - Starting 'Chrome' driver

2021-01-06 09:20:13 - [MESSAGE][INFO] - Action delay is set to 0 milliseconds

2021-01-06 09:20:19 - [MESSAGE][PASSED] - Browser is opened with url: ''

2021-01-06 09:20:19 - [TEST_STEP][PASSED] - maximizeWindow(): Current window maximized

2021-01-06 09:20:19 - [MESSAGE][PASSED] - Current window maximized

2021-01-06 09:20:19 - [TEST_STEP][PASSED] - println("Opening " + url): null

2021-01-06 09:20:19 - [TEST_STEP][PASSED] - navigateToUrl(url): Navigate to 'https://develop--tc-create-app.netlify.app/' successfully

2021-01-06 09:20:30 - [MESSAGE][PASSED] - Navigate to 'https://develop--tc-create-app.netlify.app/' successfully

2021-01-06 09:20:30 - [TEST_STEP][PASSED] - waitForElementVisible(findTestObject("Page_tC Create/text_tCCVersion"), 30): Object 'Object Repository/Page_tC Create/text_tCCVersion' is visible

2021-01-06 09:20:30 - [MESSAGE][PASSED] - Object 'Object Repository/Page_tC Create/text_tCCVersion' is visible

2021-01-06 09:20:30 - [TEST_STEP][PASSED] - version = getText(findTestObject("Page_tC Create/text_tCCVersion")): Text of object 'Object Repository/Page_tC Create/text_tCCVersion' is: 'translationCore Create - v1.1.0-rc.3'

2021-01-06 09:20:31 - [MESSAGE][PASSED] - Text of object 'Object Repository/Page_tC Create/text_tCCVersion' is: 'translationCore Create - v1.1.0-rc.3'

2021-01-06 09:20:31 - [TEST_STEP][PASSED] - version = version: null

2021-01-06 09:20:31 - [TEST_STEP][PASSED] - println("Version is " + version): null

2021-01-06 09:20:31 - [TEST_STEP][PASSED] - if (user == ""): null

2021-01-06 09:20:31 - [TEST_STEP][PASSED] - println("Logging in as " + user1Name): null

2021-01-06 09:20:31 - [TEST_STEP][PASSED] - setText(findTestObject("Page_tC Create/input__username"), user1Name): Text 'tc01' is set on object 'Object Repository/Page_tC Create/input__username'

2021-01-06 09:20:32 - [MESSAGE][PASSED] - Text 'tc01' is set on object 'Object Repository/Page_tC Create/input__username'

2021-01-06 09:20:32 - [TEST_STEP][PASSED] - setText(findTestObject("Page_tC Create/input__password"), user1Password): Text 'tc01' is set on object 'Object Repository/Page_tC Create/input__password'

2021-01-06 09:20:33 - [MESSAGE][PASSED] - Text 'tc01' is set on object 'Object Repository/Page_tC Create/input__password'

2021-01-06 09:20:33 - [TEST_STEP][PASSED] - if (verifyElementPresent(findTestObject("Page_tC Create/button_Login"), 1, OPTIONAL)): null

2021-01-06 09:20:34 - [MESSAGE][PASSED] - Object 'Object Repository/Page_tC Create/button_Login' is present

2021-01-06 09:20:34 - [TEST_STEP][PASSED] - click(findTestObject("Page_tC Create/button_Login")): Object: 'Object Repository/Page_tC Create/button_Login' is clicked on

2021-01-06 09:20:35 - [MESSAGE][PASSED] - Object: 'Object Repository/Page_tC Create/button_Login' is clicked on

2021-01-06 09:20:40 - [MESSAGE][PASSED] - Call Test Case 'Test Cases/tCC Components/tCC Login' successfully

2021-01-06 09:20:40 - [TEST_STEP][PASSED] - if (callTestCase(findTestCase("tCC Components/tCC Select Org-Lang-Resource"), ["organization":"", "language":"", "resource":"unfoldingWordÂ® Translation Academy"], STOP_ON_FAILURE) == false): Call Test Case 'Test Cases/tCC Components/tCC Select Org-Lang-Resource' successfully

2021-01-06 09:20:40 - [TEST_CASE][PASSED] - Test Cases/tCC Components/tCC Select Org-Lang-Resource: Test Cases/tCC Components/tCC Select Org-Lang-Resource

2021-01-06 09:20:40 - [TEST_STEP][PASSED] - if (organization == ""): null

2021-01-06 09:20:40 - [TEST_STEP][PASSED] - organization = organization: null

2021-01-06 09:20:40 - [TEST_STEP][PASSED] - if (language == ""): null

2021-01-06 09:20:40 - [TEST_STEP][PASSED] - language = langCode: null

2021-01-06 09:20:40 - [TEST_STEP][PASSED] - println("Choosing organization " + organization): null

2021-01-06 09:20:40 - [TEST_STEP][PASSED] - if (waitForElementPresent(organization, 5, OPTIONAL) == false): Object 'Object Repository/Page_tC Create/listOrg_translate_test' is present

2021-01-06 09:20:40 - [MESSAGE][PASSED] - Object 'Object Repository/Page_tC Create/listOrg_translate_test' is present

2021-01-06 09:20:40 - [TEST_STEP][PASSED] - else: null

2021-01-06 09:20:40 - [TEST_STEP][PASSED] - click(organization): Object: 'Object Repository/Page_tC Create/listOrg_translate_test' is clicked on

2021-01-06 09:20:40 - [MESSAGE][PASSED] - Object: 'Object Repository/Page_tC Create/listOrg_translate_test' is clicked on

2021-01-06 09:20:40 - [TEST_STEP][PASSED] - alerted = waitForAlert(2): No alert found after 2 second(s).

2021-01-06 09:20:43 - [MESSAGE][WARNING] - No alert found after 2 second(s).

2021-01-06 09:20:43 - [TEST_STEP][PASSED] - if (alerted == true): null

2021-01-06 09:20:43 - [TEST_STEP][PASSED] - else: Object: 'Object Repository/Page_tC Create/listOption_Language_Parmed' is clicked on

2021-01-06 09:20:43 - [TEST_STEP][PASSED] - println("Not alerted on organization"): null

2021-01-06 09:20:43 - [TEST_STEP][PASSED] - alertFlag = false: null

2021-01-06 09:20:43 - [TEST_STEP][PASSED] - println("Choosing resource " + resource): null

2021-01-06 09:20:43 - [TEST_STEP][PASSED] - click(findTestObject("Page_tC Create/resource_Parmed", ["resource":resource])): Object: 'Object Repository/Page_tC Create/resource_Parmed' is clicked on

2021-01-06 09:20:43 - [MESSAGE][PASSED] - Object: 'Object Repository/Page_tC Create/resource_Parmed' is clicked on

2021-01-06 09:20:43 - [TEST_STEP][PASSED] - println("Choosing language " + language): null

2021-01-06 09:20:43 - [TEST_STEP][PASSED] - click(findTestObject("Page_tC Create/combo_Select Language")): Object: 'Object Repository/Page_tC Create/combo_Select Language' is clicked on

2021-01-06 09:20:44 - [MESSAGE][PASSED] - Object: 'Object Repository/Page_tC Create/combo_Select Language' is clicked on

2021-01-06 09:20:44 - [TEST_STEP][PASSED] - click(findTestObject("Page_tC Create/listOption_Language_Parmed", ["lang_code":language])): Object: 'Object Repository/Page_tC Create/listOption_Language_Parmed' is clicked on

2021-01-06 09:20:45 - [MESSAGE][PASSED] - Object: 'Object Repository/Page_tC Create/listOption_Language_Parmed' is clicked on

2021-01-06 09:20:45 - [TEST_STEP][PASSED] - return true: null

2021-01-06 09:20:50 - [MESSAGE][PASSED] - Call Test Case 'Test Cases/tCC Components/tCC Select Org-Lang-Resource' successfully

2021-01-06 09:20:50 - [TEST_STEP][PASSED] - click(findTestObject("Page_tC Create/span_translate")): Object: 'Object Repository/Page_tC Create/span_translate' is clicked on

2021-01-06 09:20:51 - [MESSAGE][PASSED] - Object: 'Object Repository/Page_tC Create/span_translate' is clicked on

2021-01-06 09:20:51 - [TEST_STEP][PASSED] - click(findTestObject("Page_tC Create/span_bita-humanbehavior")): Object: 'Object Repository/Page_tC Create/span_bita-humanbehavior' is clicked on

2021-01-06 09:20:53 - [MESSAGE][PASSED] - Object: 'Object Repository/Page_tC Create/span_bita-humanbehavior' is clicked on

2021-01-06 09:20:53 - [TEST_STEP][PASSED] - click(findTestObject("Page_tC Create/span_01.md")): Object: 'Object Repository/Page_tC Create/span_01.md' is clicked on

2021-01-06 09:20:54 - [MESSAGE][PASSED] - Object: 'Object Repository/Page_tC Create/span_01.md' is clicked on

2021-01-06 09:20:59 - [MESSAGE][PASSED] - Call Test Case 'Test Cases/tCC Components/tCC tA Open For Edit' successfully

2021-01-06 09:20:59 - [TEST_STEP][PASSED] - println("Testing for app crash when changing sections visible and invisible. ISSUE 428"): null

2021-01-06 09:20:59 - [TEST_STEP][PASSED] - click(findTestObject("Page_tCC translationAcademy/button_Sections")): Object: 'Object Repository/Page_tCC translationAcademy/button_Sections' is clicked on

2021-01-06 09:21:01 - [MESSAGE][PASSED] - Object: 'Object Repository/Page_tCC translationAcademy/button_Sections' is clicked on

2021-01-06 09:21:01 - [TEST_STEP][PASSED] - if (!(waitForElementVisible(findTestObject("Page_tCC translationAcademy/text_BentOver"), 3, OPTIONAL))): Object 'Object Repository/Page_tCC translationAcademy/text_BentOver' is visible

2021-01-06 09:21:02 - [MESSAGE][PASSED] - Object 'Object Repository/Page_tCC translationAcademy/text_BentOver' is visible

2021-01-06 09:21:02 - [TEST_STEP][PASSED] - else: null

2021-01-06 09:21:02 - [TEST_STEP][PASSED] - println("App did not crash after Sections was clicked."): null

2021-01-06 09:21:02 - [TEST_STEP][PASSED] - delay(2): Delayed 2 second(s)

2021-01-06 09:21:04 - [MESSAGE][PASSED] - Delayed 2 second(s)

2021-01-06 09:21:04 - [TEST_STEP][PASSED] - closeBrowser(): Browser is closed

2021-01-06 09:21:04 - [MESSAGE][PASSED] - Browser is closed

2021-01-06 09:21:04 - [TEST_STEP][PASSED] - callTestCase(findTestCase("tCC Components/tCC tN Open For Edit"), ["$username":"", "$password":"", "file":""], STOP_ON_FAILURE): Call Test Case 'Test Cases/tCC Components/tCC tN Open For Edit' successfully

2021-01-06 09:21:05 - [TEST_CASE][PASSED] - Test Cases/tCC Components/tCC tN Open For Edit: Test Cases/tCC Components/tCC tN Open For Edit

2021-01-06 09:21:05 - [TEST_STEP][PASSED] - callTestCase(findTestCase("tCC Components/tCC Login"), ["user":$username, "password":$password, "newSession":true], STOP_ON_FAILURE): Call Test Case 'Test Cases/tCC Components/tCC Login' successfully

2021-01-06 09:21:05 - [TEST_CASE][PASSED] - Test Cases/tCC Components/tCC Login: Test Cases/tCC Components/tCC Login

2021-01-06 09:21:05 - [TEST_STEP][PASSED] - if (newSession): null

2021-01-06 09:21:05 - [TEST_STEP][PASSED] - if (openBrowser): Current window maximized

2021-01-06 09:21:05 - [TEST_STEP][PASSED] - openBrowser(""): Browser is opened with url: ''

2021-01-06 09:21:05 - [MESSAGE][INFO] - Starting 'Chrome' driver

2021-01-06 09:21:05 - [MESSAGE][INFO] - Action delay is set to 0 milliseconds

2021-01-06 09:21:13 - [MESSAGE][PASSED] - Browser is opened with url: ''

2021-01-06 09:21:13 - [TEST_STEP][PASSED] - maximizeWindow(): Current window maximized

2021-01-06 09:21:14 - [MESSAGE][PASSED] - Current window maximized

2021-01-06 09:21:14 - [TEST_STEP][PASSED] - println("Opening " + url): null

2021-01-06 09:21:14 - [TEST_STEP][PASSED] - navigateToUrl(url): Navigate to 'https://develop--tc-create-app.netlify.app/' successfully

2021-01-06 09:21:27 - [MESSAGE][PASSED] - Navigate to 'https://develop--tc-create-app.netlify.app/' successfully

2021-01-06 09:21:27 - [TEST_STEP][PASSED] - waitForElementVisible(findTestObject("Page_tC Create/text_tCCVersion"), 30): Object 'Object Repository/Page_tC Create/text_tCCVersion' is visible

2021-01-06 09:21:27 - [MESSAGE][PASSED] - Object 'Object Repository/Page_tC Create/text_tCCVersion' is visible

2021-01-06 09:21:27 - [TEST_STEP][PASSED] - version = getText(findTestObject("Page_tC Create/text_tCCVersion")): Text of object 'Object Repository/Page_tC Create/text_tCCVersion' is: 'translationCore Create - v1.1.0-rc.3'

2021-01-06 09:21:28 - [MESSAGE][PASSED] - Text of object 'Object Repository/Page_tC Create/text_tCCVersion' is: 'translationCore Create - v1.1.0-rc.3'

2021-01-06 09:21:28 - [TEST_STEP][PASSED] - version = version: null

2021-01-06 09:21:28 - [TEST_STEP][PASSED] - println("Version is " + version): null

2021-01-06 09:21:28 - [TEST_STEP][PASSED] - if (user == ""): null

2021-01-06 09:21:28 - [TEST_STEP][PASSED] - println("Logging in as " + user1Name): null

2021-01-06 09:21:28 - [TEST_STEP][PASSED] - setText(findTestObject("Page_tC Create/input__username"), user1Name): Text 'tc01' is set on object 'Object Repository/Page_tC Create/input__username'

2021-01-06 09:21:29 - [MESSAGE][PASSED] - Text 'tc01' is set on object 'Object Repository/Page_tC Create/input__username'

2021-01-06 09:21:29 - [TEST_STEP][PASSED] - setText(findTestObject("Page_tC Create/input__password"), user1Password): Text 'tc01' is set on object 'Object Repository/Page_tC Create/input__password'

2021-01-06 09:21:30 - [MESSAGE][PASSED] - Text 'tc01' is set on object 'Object Repository/Page_tC Create/input__password'

2021-01-06 09:21:30 - [TEST_STEP][PASSED] - if (verifyElementPresent(findTestObject("Page_tC Create/button_Login"), 1, OPTIONAL)): null

2021-01-06 09:21:31 - [MESSAGE][PASSED] - Object 'Object Repository/Page_tC Create/button_Login' is present

2021-01-06 09:21:31 - [TEST_STEP][PASSED] - click(findTestObject("Page_tC Create/button_Login")): Object: 'Object Repository/Page_tC Create/button_Login' is clicked on

2021-01-06 09:21:32 - [MESSAGE][PASSED] - Object: 'Object Repository/Page_tC Create/button_Login' is clicked on

2021-01-06 09:21:37 - [MESSAGE][PASSED] - Call Test Case 'Test Cases/tCC Components/tCC Login' successfully

2021-01-06 09:21:37 - [TEST_STEP][PASSED] - if (callTestCase(findTestCase("tCC Components/tCC Select Org-Lang-Resource"), ["organization":"", "language":"", "resource":"unfoldingWord/en_tn"], STOP_ON_FAILURE) == false): Call Test Case 'Test Cases/tCC Components/tCC Select Org-Lang-Resource' successfully

2021-01-06 09:21:37 - [TEST_CASE][PASSED] - Test Cases/tCC Components/tCC Select Org-Lang-Resource: Test Cases/tCC Components/tCC Select Org-Lang-Resource

2021-01-06 09:21:37 - [TEST_STEP][PASSED] - if (organization == ""): null

2021-01-06 09:21:37 - [TEST_STEP][PASSED] - organization = organization: null

2021-01-06 09:21:37 - [TEST_STEP][PASSED] - if (language == ""): null

2021-01-06 09:21:37 - [TEST_STEP][PASSED] - language = langCode: null

2021-01-06 09:21:37 - [TEST_STEP][PASSED] - println("Choosing organization " + organization): null

2021-01-06 09:21:37 - [TEST_STEP][PASSED] - if (waitForElementPresent(organization, 5, OPTIONAL) == false): Object 'Object Repository/Page_tC Create/listOrg_translate_test' is present

2021-01-06 09:21:37 - [MESSAGE][PASSED] - Object 'Object Repository/Page_tC Create/listOrg_translate_test' is present

2021-01-06 09:21:37 - [TEST_STEP][PASSED] - else: null

2021-01-06 09:21:37 - [TEST_STEP][PASSED] - click(organization): Object: 'Object Repository/Page_tC Create/listOrg_translate_test' is clicked on

2021-01-06 09:21:38 - [MESSAGE][PASSED] - Object: 'Object Repository/Page_tC Create/listOrg_translate_test' is clicked on

2021-01-06 09:21:38 - [TEST_STEP][PASSED] - alerted = waitForAlert(2): No alert found after 2 second(s).

2021-01-06 09:21:40 - [MESSAGE][WARNING] - No alert found after 2 second(s).

2021-01-06 09:21:40 - [TEST_STEP][PASSED] - if (alerted == true): null

2021-01-06 09:21:40 - [TEST_STEP][PASSED] - else: Object: 'Object Repository/Page_tC Create/listOption_Language_Parmed' is clicked on

2021-01-06 09:21:40 - [TEST_STEP][PASSED] - println("Not alerted on organization"): null

2021-01-06 09:21:40 - [TEST_STEP][PASSED] - alertFlag = false: null

2021-01-06 09:21:40 - [TEST_STEP][PASSED] - println("Choosing resource " + resource): null

2021-01-06 09:21:40 - [TEST_STEP][PASSED] - click(findTestObject("Page_tC Create/resource_Parmed", ["resource":resource])): Object: 'Object Repository/Page_tC Create/resource_Parmed' is clicked on

2021-01-06 09:21:41 - [MESSAGE][PASSED] - Object: 'Object Repository/Page_tC Create/resource_Parmed' is clicked on

2021-01-06 09:21:41 - [TEST_STEP][PASSED] - println("Choosing language " + language): null

2021-01-06 09:21:41 - [TEST_STEP][PASSED] - click(findTestObject("Page_tC Create/combo_Select Language")): Object: 'Object Repository/Page_tC Create/combo_Select Language' is clicked on

2021-01-06 09:21:42 - [MESSAGE][PASSED] - Object: 'Object Repository/Page_tC Create/combo_Select Language' is clicked on

2021-01-06 09:21:42 - [TEST_STEP][PASSED] - click(findTestObject("Page_tC Create/listOption_Language_Parmed", ["lang_code":language])): Object: 'Object Repository/Page_tC Create/listOption_Language_Parmed' is clicked on

2021-01-06 09:21:43 - [MESSAGE][PASSED] - Object: 'Object Repository/Page_tC Create/listOption_Language_Parmed' is clicked on

2021-01-06 09:21:43 - [TEST_STEP][PASSED] - return true: null

2021-01-06 09:21:48 - [MESSAGE][PASSED] - Call Test Case 'Test Cases/tCC Components/tCC Select Org-Lang-Resource' successfully

2021-01-06 09:21:48 - [TEST_STEP][FAILED] - try: Unable to click on object 'Object Repository/Page_tC Create/file_Parmed' (Root cause: com.kms.katalon.core.exception.StepFailedException: Unable to click on object 'Object Repository/Page_tC Create/file_Parmed'
	at com.kms.katalon.core.webui.keyword.internal.WebUIKeywordMain.stepFailed(WebUIKeywordMain.groovy:64)
	at com.kms.katalon.core.webui.keyword.internal.WebUIKeywordMain.runKeyword(WebUIKeywordMain.groovy:26)
	at com.kms.katalon.core.webui.keyword.builtin.ClickKeyword.click(ClickKeyword.groovy:76)
	at com.kms.katalon.core.webui.keyword.builtin.ClickKeyword.execute(ClickKeyword.groovy:43)
	at com.kms.katalon.core.keyword.internal.KeywordExecutor.executeKeywordForPlatform(KeywordExecutor.groovy:73)
	at com.kms.katalon.core.webui.keyword.WebUiBuiltInKeywords.click(WebUiBuiltInKeywords.groovy:617)
	at com.kms.katalon.core.webui.keyword.WebUiBuiltInKeywords$click$6.call(Unknown Source)
	at tCC tN Open For Edit.run(tCC tN Open For Edit:46)
	at com.kms.katalon.core.main.ScriptEngine.run(ScriptEngine.java:194)
	at com.kms.katalon.core.main.ScriptEngine.runScriptAsRawText(ScriptEngine.java:119)
	at com.kms.katalon.core.main.TestCaseExecutor.runScript(TestCaseExecutor.java:393)
	at com.kms.katalon.core.main.TestCaseExecutor.doExecute(TestCaseExecutor.java:384)
	at com.kms.katalon.core.main.TestCaseExecutor.processExecutionPhase(TestCaseExecutor.java:363)
	at com.kms.katalon.core.main.TestCaseExecutor.accessMainPhase(TestCaseExecutor.java:355)
	at com.kms.katalon.core.main.TestCaseExecutor.execute(TestCaseExecutor.java:251)
	at com.kms.katalon.core.main.TestCaseMain.runTestCase(TestCaseMain.java:114)
	at com.kms.katalon.core.keyword.builtin.CallTestCaseKeyword$_callTestCase_closure1.doCall(CallTestCaseKeyword.groovy:59)
	at com.kms.katalon.core.keyword.builtin.CallTestCaseKeyword$_callTestCase_closure1.call(CallTestCaseKeyword.groovy)
	at com.kms.katalon.core.keyword.internal.KeywordMain.runKeyword(KeywordMain.groovy:68)
	at com.kms.katalon.core.keyword.builtin.CallTestCaseKeyword.callTestCase(CallTestCaseKeyword.groovy:81)
	at com.kms.katalon.core.keyword.builtin.CallTestCaseKeyword.execute(CallTestCaseKeyword.groovy:44)
	at com.kms.katalon.core.keyword.internal.KeywordExecutor.executeKeywordForPlatform(KeywordExecutor.groovy:73)
	at com.kms.katalon.core.keyword.BuiltinKeywords.callTestCase(BuiltinKeywords.groovy:334)
	at tCC Test App Crashes.run(tCC Test App Crashes:70)
	at com.kms.katalon.core.main.ScriptEngine.run(ScriptEngine.java:194)
	at com.kms.katalon.core.main.ScriptEngine.runScriptAsRawText(ScriptEngine.java:119)
	at com.kms.katalon.core.main.TestCaseExecutor.runScript(TestCaseExecutor.java:393)
	at com.kms.katalon.core.main.TestCaseExecutor.doExecute(TestCaseExecutor.java:384)
	at com.kms.katalon.core.main.TestCaseExecutor.processExecutionPhase(TestCaseExecutor.java:363)
	at com.kms.katalon.core.main.TestCaseExecutor.accessMainPhase(TestCaseExecutor.java:355)
	at com.kms.katalon.core.main.TestCaseExecutor.execute(TestCaseExecutor.java:251)
	at com.kms.katalon.core.main.TestSuiteExecutor.accessTestCaseMainPhase(TestSuiteExecutor.java:203)
	at com.kms.katalon.core.main.TestSuiteExecutor.accessTestSuiteMainPhase(TestSuiteExecutor.java:152)
	at com.kms.katalon.core.main.TestSuiteExecutor.execute(TestSuiteExecutor.java:95)
	at com.kms.katalon.core.main.TestCaseMain.startTestSuite(TestCaseMain.java:157)
	at com.kms.katalon.core.main.TestCaseMain$startTestSuite$0.call(Unknown Source)
	at TempTestSuite1609946231562.run(TempTestSuite1609946231562.groovy:39)
Caused by: org.openqa.selenium.ElementNotInteractableException: element not interactable
  (Session info: chrome=87.0.4280.88)
Build info: version: '3.141.59', revision: 'e82be7d358', time: '2018-11-14T08:25:53'
System info: host: 'Kozs-MacBook-Air.local', ip: 'fe80:0:0:0:c5:5944:3b35:56d9%en0', os.name: 'Mac OS X', os.arch: 'x86_64', os.version: '10.14.6', java.version: '1.8.0_181'
Driver info: com.kms.katalon.selenium.driver.CChromeDriver
Capabilities {acceptInsecureCerts: false, browserName: chrome, browserVersion: 87.0.4280.88, chrome: {chromedriverVersion: 86.0.4240.22 (398b0743353ff..., userDataDir: /var/folders/hb/hv2s0v7n1nz...}, goog:chromeOptions: {debuggerAddress: localhost:51058}, javascriptEnabled: true, networkConnectionEnabled: false, pageLoadStrategy: normal, platform: MAC, platformName: MAC, proxy: Proxy(), setWindowRect: true, strictFileInteractability: false, timeouts: {implicit: 0, pageLoad: 300000, script: 30000}, unhandledPromptBehavior: dismiss and notify, webauthn:virtualAuthenticators: true}
Session ID: 274e386e786db3108b1d18898bbfd047
	at org.openqa.selenium.remote.http.W3CHttpResponseCodec.createException(W3CHttpResponseCodec.java:187)
	at org.openqa.selenium.remote.http.W3CHttpResponseCodec.decode(W3CHttpResponseCodec.java:122)
	at org.openqa.selenium.remote.http.W3CHttpResponseCodec.decode(W3CHttpResponseCodec.java:49)
	at org.openqa.selenium.remote.HttpCommandExecutor.execute(HttpCommandExecutor.java:158)
	at org.openqa.selenium.remote.service.DriverCommandExecutor.execute(DriverCommandExecutor.java:83)
	at org.openqa.selenium.remote.RemoteWebDriver.execute(RemoteWebDriver.java:552)
	at com.kms.katalon.selenium.driver.CChromeDriver.execute(CChromeDriver.java:19)
	at org.openqa.selenium.remote.RemoteWebElement.execute(RemoteWebElement.java:285)
	at org.openqa.selenium.remote.RemoteWebElement.click(RemoteWebElement.java:84)
	at org.openqa.selenium.support.events.EventFiringWebDriver$EventFiringWebElement.lambda$new$0(EventFiringWebDriver.java:404)
	at com.sun.proxy.$Proxy16.click(Unknown Source)
	at org.openqa.selenium.support.events.EventFiringWebDriver$EventFiringWebElement.click(EventFiringWebDriver.java:417)
	at com.kms.katalon.core.webui.keyword.builtin.ClickKeyword$_click_closure1.doCall(ClickKeyword.groovy:69)
	at com.kms.katalon.core.webui.keyword.builtin.ClickKeyword$_click_closure1.call(ClickKeyword.groovy)
	at com.kms.katalon.core.webui.keyword.internal.WebUIKeywordMain.runKeyword(WebUIKeywordMain.groovy:20)
	at com.kms.katalon.core.webui.keyword.builtin.ClickKeyword.click(ClickKeyword.groovy:76)
	at com.kms.katalon.core.webui.keyword.builtin.ClickKeyword.execute(ClickKeyword.groovy:43)
	at com.kms.katalon.core.keyword.internal.KeywordExecutor.executeKeywordForPlatform(KeywordExecutor.groovy:73)
	at com.kms.katalon.core.webui.keyword.WebUiBuiltInKeywords.click(WebUiBuiltInKeywords.groovy:617)
	at com.kms.katalon.core.webui.keyword.WebUiBuiltInKeywords$click$6.call(Unknown Source)
	at Script1599599262449.run(Script1599599262449.groovy:46)
	at com.kms.katalon.core.main.ScriptEngine.run(ScriptEngine.java:194)
	at com.kms.katalon.core.main.ScriptEngine.runScriptAsRawText(ScriptEngine.java:119)
	at com.kms.katalon.core.main.TestCaseExecutor.runScript(TestCaseExecutor.java:393)
	at com.kms.katalon.core.main.TestCaseExecutor.doExecute(TestCaseExecutor.java:384)
	at com.kms.katalon.core.main.TestCaseExecutor.processExecutionPhase(TestCaseExecutor.java:363)
	at com.kms.katalon.core.main.TestCaseExecutor.accessMainPhase(TestCaseExecutor.java:355)
	at com.kms.katalon.core.main.TestCaseExecutor.execute(TestCaseExecutor.java:251)
	at com.kms.katalon.core.main.TestCaseMain.runTestCase(TestCaseMain.java:114)
	at com.kms.katalon.core.keyword.builtin.CallTestCaseKeyword$_callTestCase_closure1.doCall(CallTestCaseKeyword.groovy:59)
	at com.kms.katalon.core.keyword.builtin.CallTestCaseKeyword$_callTestCase_closure1.call(CallTestCaseKeyword.groovy)
	at com.kms.katalon.core.keyword.internal.KeywordMain.runKeyword(KeywordMain.groovy:68)
	at com.kms.katalon.core.keyword.builtin.CallTestCaseKeyword.callTestCase(CallTestCaseKeyword.groovy:81)
	at com.kms.katalon.core.keyword.builtin.CallTestCaseKeyword.execute(CallTestCaseKeyword.groovy:44)
	at com.kms.katalon.core.keyword.internal.KeywordExecutor.executeKeywordForPlatform(KeywordExecutor.groovy:73)
	at com.kms.katalon.core.keyword.BuiltinKeywords.callTestCase(BuiltinKeywords.groovy:334)
	at Script1603378536180.run(Script1603378536180.groovy:70)
	... 13 more
)

2021-01-06 09:21:48 - [TEST_STEP][PASSED] - myFile = file: null

2021-01-06 09:21:48 - [TEST_STEP][FAILED] - click(findTestObject("Page_tC Create/file_Parmed", ["fileName":myFile])): Unable to click on object 'Object Repository/Page_tC Create/file_Parmed' (Root cause: com.kms.katalon.core.exception.StepFailedException: Unable to click on object 'Object Repository/Page_tC Create/file_Parmed'
	at com.kms.katalon.core.webui.keyword.internal.WebUIKeywordMain.stepFailed(WebUIKeywordMain.groovy:64)
	at com.kms.katalon.core.webui.keyword.internal.WebUIKeywordMain.runKeyword(WebUIKeywordMain.groovy:26)
	at com.kms.katalon.core.webui.keyword.builtin.ClickKeyword.click(ClickKeyword.groovy:76)
	at com.kms.katalon.core.webui.keyword.builtin.ClickKeyword.execute(ClickKeyword.groovy:43)
	at com.kms.katalon.core.keyword.internal.KeywordExecutor.executeKeywordForPlatform(KeywordExecutor.groovy:73)
	at com.kms.katalon.core.webui.keyword.WebUiBuiltInKeywords.click(WebUiBuiltInKeywords.groovy:617)
	at com.kms.katalon.core.webui.keyword.WebUiBuiltInKeywords$click$6.call(Unknown Source)
	at tCC tN Open For Edit.run(tCC tN Open For Edit:46)
	at com.kms.katalon.core.main.ScriptEngine.run(ScriptEngine.java:194)
	at com.kms.katalon.core.main.ScriptEngine.runScriptAsRawText(ScriptEngine.java:119)
	at com.kms.katalon.core.main.TestCaseExecutor.runScript(TestCaseExecutor.java:393)
	at com.kms.katalon.core.main.TestCaseExecutor.doExecute(TestCaseExecutor.java:384)
	at com.kms.katalon.core.main.TestCaseExecutor.processExecutionPhase(TestCaseExecutor.java:363)
	at com.kms.katalon.core.main.TestCaseExecutor.accessMainPhase(TestCaseExecutor.java:355)
	at com.kms.katalon.core.main.TestCaseExecutor.execute(TestCaseExecutor.java:251)
	at com.kms.katalon.core.main.TestCaseMain.runTestCase(TestCaseMain.java:114)
	at com.kms.katalon.core.keyword.builtin.CallTestCaseKeyword$_callTestCase_closure1.doCall(CallTestCaseKeyword.groovy:59)
	at com.kms.katalon.core.keyword.builtin.CallTestCaseKeyword$_callTestCase_closure1.call(CallTestCaseKeyword.groovy)
	at com.kms.katalon.core.keyword.internal.KeywordMain.runKeyword(KeywordMain.groovy:68)
	at com.kms.katalon.core.keyword.builtin.CallTestCaseKeyword.callTestCase(CallTestCaseKeyword.groovy:81)
	at com.kms.katalon.core.keyword.builtin.CallTestCaseKeyword.execute(CallTestCaseKeyword.groovy:44)
	at com.kms.katalon.core.keyword.internal.KeywordExecutor.executeKeywordForPlatform(KeywordExecutor.groovy:73)
	at com.kms.katalon.core.keyword.BuiltinKeywords.callTestCase(BuiltinKeywords.groovy:334)
	at tCC Test App Crashes.run(tCC Test App Crashes:70)
	at com.kms.katalon.core.main.ScriptEngine.run(ScriptEngine.java:194)
	at com.kms.katalon.core.main.ScriptEngine.runScriptAsRawText(ScriptEngine.java:119)
	at com.kms.katalon.core.main.TestCaseExecutor.runScript(TestCaseExecutor.java:393)
	at com.kms.katalon.core.main.TestCaseExecutor.doExecute(TestCaseExecutor.java:384)
	at com.kms.katalon.core.main.TestCaseExecutor.processExecutionPhase(TestCaseExecutor.java:363)
	at com.kms.katalon.core.main.TestCaseExecutor.accessMainPhase(TestCaseExecutor.java:355)
	at com.kms.katalon.core.main.TestCaseExecutor.execute(TestCaseExecutor.java:251)
	at com.kms.katalon.core.main.TestSuiteExecutor.accessTestCaseMainPhase(TestSuiteExecutor.java:203)
	at com.kms.katalon.core.main.TestSuiteExecutor.accessTestSuiteMainPhase(TestSuiteExecutor.java:152)
	at com.kms.katalon.core.main.TestSuiteExecutor.execute(TestSuiteExecutor.java:95)
	at com.kms.katalon.core.main.TestCaseMain.startTestSuite(TestCaseMain.java:157)
	at com.kms.katalon.core.main.TestCaseMain$startTestSuite$0.call(Unknown Source)
	at TempTestSuite1609946231562.run(TempTestSuite1609946231562.groovy:39)
Caused by: org.openqa.selenium.ElementNotInteractableException: element not interactable
  (Session info: chrome=87.0.4280.88)
Build info: version: '3.141.59', revision: 'e82be7d358', time: '2018-11-14T08:25:53'
System info: host: 'Kozs-MacBook-Air.local', ip: 'fe80:0:0:0:c5:5944:3b35:56d9%en0', os.name: 'Mac OS X', os.arch: 'x86_64', os.version: '10.14.6', java.version: '1.8.0_181'
Driver info: com.kms.katalon.selenium.driver.CChromeDriver
Capabilities {acceptInsecureCerts: false, browserName: chrome, browserVersion: 87.0.4280.88, chrome: {chromedriverVersion: 86.0.4240.22 (398b0743353ff..., userDataDir: /var/folders/hb/hv2s0v7n1nz...}, goog:chromeOptions: {debuggerAddress: localhost:51058}, javascriptEnabled: true, networkConnectionEnabled: false, pageLoadStrategy: normal, platform: MAC, platformName: MAC, proxy: Proxy(), setWindowRect: true, strictFileInteractability: false, timeouts: {implicit: 0, pageLoad: 300000, script: 30000}, unhandledPromptBehavior: dismiss and notify, webauthn:virtualAuthenticators: true}
Session ID: 274e386e786db3108b1d18898bbfd047
	at org.openqa.selenium.remote.http.W3CHttpResponseCodec.createException(W3CHttpResponseCodec.java:187)
	at org.openqa.selenium.remote.http.W3CHttpResponseCodec.decode(W3CHttpResponseCodec.java:122)
	at org.openqa.selenium.remote.http.W3CHttpResponseCodec.decode(W3CHttpResponseCodec.java:49)
	at org.openqa.selenium.remote.HttpCommandExecutor.execute(HttpCommandExecutor.java:158)
	at org.openqa.selenium.remote.service.DriverCommandExecutor.execute(DriverCommandExecutor.java:83)
	at org.openqa.selenium.remote.RemoteWebDriver.execute(RemoteWebDriver.java:552)
	at com.kms.katalon.selenium.driver.CChromeDriver.execute(CChromeDriver.java:19)
	at org.openqa.selenium.remote.RemoteWebElement.execute(RemoteWebElement.java:285)
	at org.openqa.selenium.remote.RemoteWebElement.click(RemoteWebElement.java:84)
	at org.openqa.selenium.support.events.EventFiringWebDriver$EventFiringWebElement.lambda$new$0(EventFiringWebDriver.java:404)
	at com.sun.proxy.$Proxy16.click(Unknown Source)
	at org.openqa.selenium.support.events.EventFiringWebDriver$EventFiringWebElement.click(EventFiringWebDriver.java:417)
	at com.kms.katalon.core.webui.keyword.builtin.ClickKeyword$_click_closure1.doCall(ClickKeyword.groovy:69)
	at com.kms.katalon.core.webui.keyword.builtin.ClickKeyword$_click_closure1.call(ClickKeyword.groovy)
	at com.kms.katalon.core.webui.keyword.internal.WebUIKeywordMain.runKeyword(WebUIKeywordMain.groovy:20)
	at com.kms.katalon.core.webui.keyword.builtin.ClickKeyword.click(ClickKeyword.groovy:76)
	at com.kms.katalon.core.webui.keyword.builtin.ClickKeyword.execute(ClickKeyword.groovy:43)
	at com.kms.katalon.core.keyword.internal.KeywordExecutor.executeKeywordForPlatform(KeywordExecutor.groovy:73)
	at com.kms.katalon.core.webui.keyword.WebUiBuiltInKeywords.click(WebUiBuiltInKeywords.groovy:617)
	at com.kms.katalon.core.webui.keyword.WebUiBuiltInKeywords$click$6.call(Unknown Source)
	at Script1599599262449.run(Script1599599262449.groovy:46)
	at com.kms.katalon.core.main.ScriptEngine.run(ScriptEngine.java:194)
	at com.kms.katalon.core.main.ScriptEngine.runScriptAsRawText(ScriptEngine.java:119)
	at com.kms.katalon.core.main.TestCaseExecutor.runScript(TestCaseExecutor.java:393)
	at com.kms.katalon.core.main.TestCaseExecutor.doExecute(TestCaseExecutor.java:384)
	at com.kms.katalon.core.main.TestCaseExecutor.processExecutionPhase(TestCaseExecutor.java:363)
	at com.kms.katalon.core.main.TestCaseExecutor.accessMainPhase(TestCaseExecutor.java:355)
	at com.kms.katalon.core.main.TestCaseExecutor.execute(TestCaseExecutor.java:251)
	at com.kms.katalon.core.main.TestCaseMain.runTestCase(TestCaseMain.java:114)
	at com.kms.katalon.core.keyword.builtin.CallTestCaseKeyword$_callTestCase_closure1.doCall(CallTestCaseKeyword.groovy:59)
	at com.kms.katalon.core.keyword.builtin.CallTestCaseKeyword$_callTestCase_closure1.call(CallTestCaseKeyword.groovy)
	at com.kms.katalon.core.keyword.internal.KeywordMain.runKeyword(KeywordMain.groovy:68)
	at com.kms.katalon.core.keyword.builtin.CallTestCaseKeyword.callTestCase(CallTestCaseKeyword.groovy:81)
	at com.kms.katalon.core.keyword.builtin.CallTestCaseKeyword.execute(CallTestCaseKeyword.groovy:44)
	at com.kms.katalon.core.keyword.internal.KeywordExecutor.executeKeywordForPlatform(KeywordExecutor.groovy:73)
	at com.kms.katalon.core.keyword.BuiltinKeywords.callTestCase(BuiltinKeywords.groovy:334)
	at Script1603378536180.run(Script1603378536180.groovy:70)
	... 13 more
)

2021-01-06 09:21:50 - [MESSAGE][FAILED] - Unable to click on object 'Object Repository/Page_tC Create/file_Parmed' (Root cause: com.kms.katalon.core.exception.StepFailedException: Unable to click on object 'Object Repository/Page_tC Create/file_Parmed'
	at com.kms.katalon.core.webui.keyword.internal.WebUIKeywordMain.stepFailed(WebUIKeywordMain.groovy:64)
	at com.kms.katalon.core.webui.keyword.internal.WebUIKeywordMain.runKeyword(WebUIKeywordMain.groovy:26)
	at com.kms.katalon.core.webui.keyword.builtin.ClickKeyword.click(ClickKeyword.groovy:76)
	at com.kms.katalon.core.webui.keyword.builtin.ClickKeyword.execute(ClickKeyword.groovy:43)
	at com.kms.katalon.core.keyword.internal.KeywordExecutor.executeKeywordForPlatform(KeywordExecutor.groovy:73)
	at com.kms.katalon.core.webui.keyword.WebUiBuiltInKeywords.click(WebUiBuiltInKeywords.groovy:617)
	at com.kms.katalon.core.webui.keyword.WebUiBuiltInKeywords$click$6.call(Unknown Source)
	at tCC tN Open For Edit.run(tCC tN Open For Edit:46)
	at com.kms.katalon.core.main.ScriptEngine.run(ScriptEngine.java:194)
	at com.kms.katalon.core.main.ScriptEngine.runScriptAsRawText(ScriptEngine.java:119)
	at com.kms.katalon.core.main.TestCaseExecutor.runScript(TestCaseExecutor.java:393)
	at com.kms.katalon.core.main.TestCaseExecutor.doExecute(TestCaseExecutor.java:384)
	at com.kms.katalon.core.main.TestCaseExecutor.processExecutionPhase(TestCaseExecutor.java:363)
	at com.kms.katalon.core.main.TestCaseExecutor.accessMainPhase(TestCaseExecutor.java:355)
	at com.kms.katalon.core.main.TestCaseExecutor.execute(TestCaseExecutor.java:251)
	at com.kms.katalon.core.main.TestCaseMain.runTestCase(TestCaseMain.java:114)
	at com.kms.katalon.core.keyword.builtin.CallTestCaseKeyword$_callTestCase_closure1.doCall(CallTestCaseKeyword.groovy:59)
	at com.kms.katalon.core.keyword.builtin.CallTestCaseKeyword$_callTestCase_closure1.call(CallTestCaseKeyword.groovy)
	at com.kms.katalon.core.keyword.internal.KeywordMain.runKeyword(KeywordMain.groovy:68)
	at com.kms.katalon.core.keyword.builtin.CallTestCaseKeyword.callTestCase(CallTestCaseKeyword.groovy:81)
	at com.kms.katalon.core.keyword.builtin.CallTestCaseKeyword.execute(CallTestCaseKeyword.groovy:44)
	at com.kms.katalon.core.keyword.internal.KeywordExecutor.executeKeywordForPlatform(KeywordExecutor.groovy:73)
	at com.kms.katalon.core.keyword.BuiltinKeywords.callTestCase(BuiltinKeywords.groovy:334)
	at tCC Test App Crashes.run(tCC Test App Crashes:70)
	at com.kms.katalon.core.main.ScriptEngine.run(ScriptEngine.java:194)
	at com.kms.katalon.core.main.ScriptEngine.runScriptAsRawText(ScriptEngine.java:119)
	at com.kms.katalon.core.main.TestCaseExecutor.runScript(TestCaseExecutor.java:393)
	at com.kms.katalon.core.main.TestCaseExecutor.doExecute(TestCaseExecutor.java:384)
	at com.kms.katalon.core.main.TestCaseExecutor.processExecutionPhase(TestCaseExecutor.java:363)
	at com.kms.katalon.core.main.TestCaseExecutor.accessMainPhase(TestCaseExecutor.java:355)
	at com.kms.katalon.core.main.TestCaseExecutor.execute(TestCaseExecutor.java:251)
	at com.kms.katalon.core.main.TestSuiteExecutor.accessTestCaseMainPhase(TestSuiteExecutor.java:203)
	at com.kms.katalon.core.main.TestSuiteExecutor.accessTestSuiteMainPhase(TestSuiteExecutor.java:152)
	at com.kms.katalon.core.main.TestSuiteExecutor.execute(TestSuiteExecutor.java:95)
	at com.kms.katalon.core.main.TestCaseMain.startTestSuite(TestCaseMain.java:157)
	at com.kms.katalon.core.main.TestCaseMain$startTestSuite$0.call(Unknown Source)
	at TempTestSuite1609946231562.run(TempTestSuite1609946231562.groovy:39)
Caused by: org.openqa.selenium.ElementNotInteractableException: element not interactable
  (Session info: chrome=87.0.4280.88)
Build info: version: '3.141.59', revision: 'e82be7d358', time: '2018-11-14T08:25:53'
System info: host: 'Kozs-MacBook-Air.local', ip: 'fe80:0:0:0:c5:5944:3b35:56d9%en0', os.name: 'Mac OS X', os.arch: 'x86_64', os.version: '10.14.6', java.version: '1.8.0_181'
Driver info: com.kms.katalon.selenium.driver.CChromeDriver
Capabilities {acceptInsecureCerts: false, browserName: chrome, browserVersion: 87.0.4280.88, chrome: {chromedriverVersion: 86.0.4240.22 (398b0743353ff..., userDataDir: /var/folders/hb/hv2s0v7n1nz...}, goog:chromeOptions: {debuggerAddress: localhost:51058}, javascriptEnabled: true, networkConnectionEnabled: false, pageLoadStrategy: normal, platform: MAC, platformName: MAC, proxy: Proxy(), setWindowRect: true, strictFileInteractability: false, timeouts: {implicit: 0, pageLoad: 300000, script: 30000}, unhandledPromptBehavior: dismiss and notify, webauthn:virtualAuthenticators: true}
Session ID: 274e386e786db3108b1d18898bbfd047
	at org.openqa.selenium.remote.http.W3CHttpResponseCodec.createException(W3CHttpResponseCodec.java:187)
	at org.openqa.selenium.remote.http.W3CHttpResponseCodec.decode(W3CHttpResponseCodec.java:122)
	at org.openqa.selenium.remote.http.W3CHttpResponseCodec.decode(W3CHttpResponseCodec.java:49)
	at org.openqa.selenium.remote.HttpCommandExecutor.execute(HttpCommandExecutor.java:158)
	at org.openqa.selenium.remote.service.DriverCommandExecutor.execute(DriverCommandExecutor.java:83)
	at org.openqa.selenium.remote.RemoteWebDriver.execute(RemoteWebDriver.java:552)
	at com.kms.katalon.selenium.driver.CChromeDriver.execute(CChromeDriver.java:19)
	at org.openqa.selenium.remote.RemoteWebElement.execute(RemoteWebElement.java:285)
	at org.openqa.selenium.remote.RemoteWebElement.click(RemoteWebElement.java:84)
	at org.openqa.selenium.support.events.EventFiringWebDriver$EventFiringWebElement.lambda$new$0(EventFiringWebDriver.java:404)
	at com.sun.proxy.$Proxy16.click(Unknown Source)
	at org.openqa.selenium.support.events.EventFiringWebDriver$EventFiringWebElement.click(EventFiringWebDriver.java:417)
	at com.kms.katalon.core.webui.keyword.builtin.ClickKeyword$_click_closure1.doCall(ClickKeyword.groovy:69)
	at com.kms.katalon.core.webui.keyword.builtin.ClickKeyword$_click_closure1.call(ClickKeyword.groovy)
	at com.kms.katalon.core.webui.keyword.internal.WebUIKeywordMain.runKeyword(WebUIKeywordMain.groovy:20)
	at com.kms.katalon.core.webui.keyword.builtin.ClickKeyword.click(ClickKeyword.groovy:76)
	at com.kms.katalon.core.webui.keyword.builtin.ClickKeyword.execute(ClickKeyword.groovy:43)
	at com.kms.katalon.core.keyword.internal.KeywordExecutor.executeKeywordForPlatform(KeywordExecutor.groovy:73)
	at com.kms.katalon.core.webui.keyword.WebUiBuiltInKeywords.click(WebUiBuiltInKeywords.groovy:617)
	at com.kms.katalon.core.webui.keyword.WebUiBuiltInKeywords$click$6.call(Unknown Source)
	at Script1599599262449.run(Script1599599262449.groovy:46)
	at com.kms.katalon.core.main.ScriptEngine.run(ScriptEngine.java:194)
	at com.kms.katalon.core.main.ScriptEngine.runScriptAsRawText(ScriptEngine.java:119)
	at com.kms.katalon.core.main.TestCaseExecutor.runScript(TestCaseExecutor.java:393)
	at com.kms.katalon.core.main.TestCaseExecutor.doExecute(TestCaseExecutor.java:384)
	at com.kms.katalon.core.main.TestCaseExecutor.processExecutionPhase(TestCaseExecutor.java:363)
	at com.kms.katalon.core.main.TestCaseExecutor.accessMainPhase(TestCaseExecutor.java:355)
	at com.kms.katalon.core.main.TestCaseExecutor.execute(TestCaseExecutor.java:251)
	at com.kms.katalon.core.main.TestCaseMain.runTestCase(TestCaseMain.java:114)
	at com.kms.katalon.core.keyword.builtin.CallTestCaseKeyword$_callTestCase_closure1.doCall(CallTestCaseKeyword.groovy:59)
	at com.kms.katalon.core.keyword.builtin.CallTestCaseKeyword$_callTestCase_closure1.call(CallTestCaseKeyword.groovy)
	at com.kms.katalon.core.keyword.internal.KeywordMain.runKeyword(KeywordMain.groovy:68)
	at com.kms.katalon.core.keyword.builtin.CallTestCaseKeyword.callTestCase(CallTestCaseKeyword.groovy:81)
	at com.kms.katalon.core.keyword.builtin.CallTestCaseKeyword.execute(CallTestCaseKeyword.groovy:44)
	at com.kms.katalon.core.keyword.internal.KeywordExecutor.executeKeywordForPlatform(KeywordExecutor.groovy:73)
	at com.kms.katalon.core.keyword.BuiltinKeywords.callTestCase(BuiltinKeywords.groovy:334)
	at Script1603378536180.run(Script1603378536180.groovy:70)
	... 13 more
)
[[ATTACHMENT|/Users/cckozie/git/Katalon/tC Create Project/Reports/20210106_091711/tCC Test Suite 1/20210106_091711/1609946508743.png]]

2021-01-06 09:21:50 - [TEST_STEP][PASSED] - catch (Exception e): Object: 'Object Repository/Page_tC Create/file_Parmed' is clicked on

2021-01-06 09:21:50 - [TEST_STEP][PASSED] - click(findTestObject("Page_tC Create/file_Parmed", ["fileName":tNFile])): Object: 'Object Repository/Page_tC Create/file_Parmed' is clicked on

2021-01-06 09:21:51 - [MESSAGE][PASSED] - Object: 'Object Repository/Page_tC Create/file_Parmed' is clicked on

2021-01-06 09:21:56 - [MESSAGE][PASSED] - Call Test Case 'Test Cases/tCC Components/tCC tN Open For Edit' successfully

2021-01-06 09:21:56 - [TEST_STEP][PASSED] - println("Testing for app crash after choosing a file from the drawer. ISSUE 428"): null

2021-01-06 09:21:56 - [TEST_STEP][PASSED] - unfoldingWord_Keywords.HamburgerFunctions.chooseFile("en_tn_55-1TI.tsv"): unfoldingWord_Keywords.HamburgerFunctions.chooseFile is PASSED

2021-01-06 09:21:59 - [MESSAGE][INFO] - Unable to find the element located by 'By.xpath: //*[@type = 'button' and @data-test = 'drawer-menu-close-button']'. Please recheck the objects properties to make sure the desired element is located. 

2021-01-06 09:21:59 - [MESSAGE][WARNING] - Object 'Object Repository/Page_tC Create/button_DrawerClose' is not present after 1 second(s)

2021-01-06 09:21:59 - [MESSAGE][PASSED] - Object: 'Object Repository/Page_tC Create/button_DrawerOpen' is clicked on

2021-01-06 09:22:01 - [MESSAGE][PASSED] - Delayed 2 second(s)

2021-01-06 09:22:02 - [MESSAGE][PASSED] - Object: 'Object Repository/Page_tC Create/file_Parmed' is clicked on

2021-01-06 09:22:08 - [MESSAGE][PASSED] - Object 'Object Repository/Page_tC Create/button_DrawerClose' is visible

2021-01-06 09:22:09 - [MESSAGE][PASSED] - Object: 'Object Repository/Page_tC Create/button_DrawerClose' is clicked on

2021-01-06 09:22:09 - [MESSAGE][PASSED] - Object 'Object Repository/Page_tC Create/button_DrawerOpen' is visible

2021-01-06 09:22:09 - [MESSAGE][PASSED] - unfoldingWord_Keywords.HamburgerFunctions.chooseFile is PASSED

2021-01-06 09:22:09 - [TEST_STEP][PASSED] - if (!(waitForElementVisible(findTestObject("Page_tCC translationNotes/header_frontintro_Parmed", ["text":"1TI front:intro"]), 5, OPTIONAL))): Object 'Object Repository/Page_tCC translationNotes/header_frontintro_Parmed' is visible

2021-01-06 09:22:10 - [MESSAGE][PASSED] - Object 'Object Repository/Page_tCC translationNotes/header_frontintro_Parmed' is visible

2021-01-06 09:22:10 - [TEST_STEP][PASSED] - else: null

2021-01-06 09:22:10 - [TEST_STEP][PASSED] - println("App did not crash after choosing a file from the drawer."): null

2021-01-06 09:22:10 - [TEST_STEP][PASSED] - delay(2): Delayed 2 second(s)

2021-01-06 09:22:12 - [MESSAGE][PASSED] - Delayed 2 second(s)

2021-01-06 09:22:12 - [TEST_STEP][PASSED] - closeBrowser(): Browser is closed

2021-01-06 09:22:12 - [MESSAGE][PASSED] - Browser is closed

2021-01-06 09:22:12 - [TEST_STEP][PASSED] - callTestCase(findTestCase("tCC Components/tCC tN Open For Edit"), ["$username":"", "$password":"", "file":""], STOP_ON_FAILURE): Call Test Case 'Test Cases/tCC Components/tCC tN Open For Edit' successfully

2021-01-06 09:22:12 - [TEST_CASE][PASSED] - Test Cases/tCC Components/tCC tN Open For Edit: Test Cases/tCC Components/tCC tN Open For Edit

2021-01-06 09:22:12 - [TEST_STEP][PASSED] - callTestCase(findTestCase("tCC Components/tCC Login"), ["user":$username, "password":$password, "newSession":true], STOP_ON_FAILURE): Call Test Case 'Test Cases/tCC Components/tCC Login' successfully

2021-01-06 09:22:13 - [TEST_CASE][PASSED] - Test Cases/tCC Components/tCC Login: Test Cases/tCC Components/tCC Login

2021-01-06 09:22:13 - [TEST_STEP][PASSED] - if (newSession): null

2021-01-06 09:22:13 - [TEST_STEP][PASSED] - if (openBrowser): Current window maximized

2021-01-06 09:22:13 - [TEST_STEP][PASSED] - openBrowser(""): Browser is opened with url: ''

2021-01-06 09:22:13 - [MESSAGE][INFO] - Starting 'Chrome' driver

2021-01-06 09:22:13 - [MESSAGE][INFO] - Action delay is set to 0 milliseconds

2021-01-06 09:22:18 - [MESSAGE][PASSED] - Browser is opened with url: ''

2021-01-06 09:22:18 - [TEST_STEP][PASSED] - maximizeWindow(): Current window maximized

2021-01-06 09:22:19 - [MESSAGE][PASSED] - Current window maximized

2021-01-06 09:22:19 - [TEST_STEP][PASSED] - println("Opening " + url): null

2021-01-06 09:22:19 - [TEST_STEP][PASSED] - navigateToUrl(url): Navigate to 'https://develop--tc-create-app.netlify.app/' successfully

2021-01-06 09:22:33 - [MESSAGE][PASSED] - Navigate to 'https://develop--tc-create-app.netlify.app/' successfully

2021-01-06 09:22:33 - [TEST_STEP][PASSED] - waitForElementVisible(findTestObject("Page_tC Create/text_tCCVersion"), 30): Object 'Object Repository/Page_tC Create/text_tCCVersion' is visible

2021-01-06 09:22:34 - [MESSAGE][PASSED] - Object 'Object Repository/Page_tC Create/text_tCCVersion' is visible

2021-01-06 09:22:34 - [TEST_STEP][PASSED] - version = getText(findTestObject("Page_tC Create/text_tCCVersion")): Text of object 'Object Repository/Page_tC Create/text_tCCVersion' is: 'translationCore Create - v1.1.0-rc.3'

2021-01-06 09:22:34 - [MESSAGE][PASSED] - Text of object 'Object Repository/Page_tC Create/text_tCCVersion' is: 'translationCore Create - v1.1.0-rc.3'

2021-01-06 09:22:34 - [TEST_STEP][PASSED] - version = version: null

2021-01-06 09:22:34 - [TEST_STEP][PASSED] - println("Version is " + version): null

2021-01-06 09:22:34 - [TEST_STEP][PASSED] - if (user == ""): null

2021-01-06 09:22:34 - [TEST_STEP][PASSED] - println("Logging in as " + user1Name): null

2021-01-06 09:22:34 - [TEST_STEP][PASSED] - setText(findTestObject("Page_tC Create/input__username"), user1Name): Text 'tc01' is set on object 'Object Repository/Page_tC Create/input__username'

2021-01-06 09:22:36 - [MESSAGE][PASSED] - Text 'tc01' is set on object 'Object Repository/Page_tC Create/input__username'

2021-01-06 09:22:36 - [TEST_STEP][PASSED] - setText(findTestObject("Page_tC Create/input__password"), user1Password): Text 'tc01' is set on object 'Object Repository/Page_tC Create/input__password'

2021-01-06 09:22:36 - [MESSAGE][PASSED] - Text 'tc01' is set on object 'Object Repository/Page_tC Create/input__password'

2021-01-06 09:22:36 - [TEST_STEP][PASSED] - if (verifyElementPresent(findTestObject("Page_tC Create/button_Login"), 1, OPTIONAL)): null

2021-01-06 09:22:37 - [MESSAGE][PASSED] - Object 'Object Repository/Page_tC Create/button_Login' is present

2021-01-06 09:22:37 - [TEST_STEP][PASSED] - click(findTestObject("Page_tC Create/button_Login")): Object: 'Object Repository/Page_tC Create/button_Login' is clicked on

2021-01-06 09:22:38 - [MESSAGE][PASSED] - Object: 'Object Repository/Page_tC Create/button_Login' is clicked on

2021-01-06 09:22:43 - [MESSAGE][PASSED] - Call Test Case 'Test Cases/tCC Components/tCC Login' successfully

2021-01-06 09:22:43 - [TEST_STEP][PASSED] - if (callTestCase(findTestCase("tCC Components/tCC Select Org-Lang-Resource"), ["organization":"", "language":"", "resource":"unfoldingWord/en_tn"], STOP_ON_FAILURE) == false): Call Test Case 'Test Cases/tCC Components/tCC Select Org-Lang-Resource' successfully

2021-01-06 09:22:43 - [TEST_CASE][PASSED] - Test Cases/tCC Components/tCC Select Org-Lang-Resource: Test Cases/tCC Components/tCC Select Org-Lang-Resource

2021-01-06 09:22:43 - [TEST_STEP][PASSED] - if (organization == ""): null

2021-01-06 09:22:43 - [TEST_STEP][PASSED] - organization = organization: null

2021-01-06 09:22:43 - [TEST_STEP][PASSED] - if (language == ""): null

2021-01-06 09:22:43 - [TEST_STEP][PASSED] - language = langCode: null

2021-01-06 09:22:43 - [TEST_STEP][PASSED] - println("Choosing organization " + organization): null

2021-01-06 09:22:43 - [TEST_STEP][PASSED] - if (waitForElementPresent(organization, 5, OPTIONAL) == false): Object 'Object Repository/Page_tC Create/listOrg_translate_test' is present

2021-01-06 09:22:43 - [MESSAGE][PASSED] - Object 'Object Repository/Page_tC Create/listOrg_translate_test' is present

2021-01-06 09:22:43 - [TEST_STEP][PASSED] - else: null

2021-01-06 09:22:43 - [TEST_STEP][PASSED] - click(organization): Object: 'Object Repository/Page_tC Create/listOrg_translate_test' is clicked on

2021-01-06 09:22:43 - [MESSAGE][PASSED] - Object: 'Object Repository/Page_tC Create/listOrg_translate_test' is clicked on

2021-01-06 09:22:43 - [TEST_STEP][PASSED] - alerted = waitForAlert(2): No alert found after 2 second(s).

2021-01-06 09:22:46 - [MESSAGE][WARNING] - No alert found after 2 second(s).

2021-01-06 09:22:46 - [TEST_STEP][PASSED] - if (alerted == true): null

2021-01-06 09:22:46 - [TEST_STEP][PASSED] - else: Object: 'Object Repository/Page_tC Create/listOption_Language_Parmed' is clicked on

2021-01-06 09:22:46 - [TEST_STEP][PASSED] - println("Not alerted on organization"): null

2021-01-06 09:22:46 - [TEST_STEP][PASSED] - alertFlag = false: null

2021-01-06 09:22:46 - [TEST_STEP][PASSED] - println("Choosing resource " + resource): null

2021-01-06 09:22:46 - [TEST_STEP][PASSED] - click(findTestObject("Page_tC Create/resource_Parmed", ["resource":resource])): Object: 'Object Repository/Page_tC Create/resource_Parmed' is clicked on

2021-01-06 09:22:47 - [MESSAGE][PASSED] - Object: 'Object Repository/Page_tC Create/resource_Parmed' is clicked on

2021-01-06 09:22:47 - [TEST_STEP][PASSED] - println("Choosing language " + language): null

2021-01-06 09:22:47 - [TEST_STEP][PASSED] - click(findTestObject("Page_tC Create/combo_Select Language")): Object: 'Object Repository/Page_tC Create/combo_Select Language' is clicked on

2021-01-06 09:22:48 - [MESSAGE][PASSED] - Object: 'Object Repository/Page_tC Create/combo_Select Language' is clicked on

2021-01-06 09:22:48 - [TEST_STEP][PASSED] - click(findTestObject("Page_tC Create/listOption_Language_Parmed", ["lang_code":language])): Object: 'Object Repository/Page_tC Create/listOption_Language_Parmed' is clicked on

2021-01-06 09:22:49 - [MESSAGE][PASSED] - Object: 'Object Repository/Page_tC Create/listOption_Language_Parmed' is clicked on

2021-01-06 09:22:49 - [TEST_STEP][PASSED] - return true: null

2021-01-06 09:22:54 - [MESSAGE][PASSED] - Call Test Case 'Test Cases/tCC Components/tCC Select Org-Lang-Resource' successfully

2021-01-06 09:22:54 - [TEST_STEP][FAILED] - try: Unable to click on object 'Object Repository/Page_tC Create/file_Parmed' (Root cause: com.kms.katalon.core.exception.StepFailedException: Unable to click on object 'Object Repository/Page_tC Create/file_Parmed'
	at com.kms.katalon.core.webui.keyword.internal.WebUIKeywordMain.stepFailed(WebUIKeywordMain.groovy:64)
	at com.kms.katalon.core.webui.keyword.internal.WebUIKeywordMain.runKeyword(WebUIKeywordMain.groovy:26)
	at com.kms.katalon.core.webui.keyword.builtin.ClickKeyword.click(ClickKeyword.groovy:76)
	at com.kms.katalon.core.webui.keyword.builtin.ClickKeyword.execute(ClickKeyword.groovy:43)
	at com.kms.katalon.core.keyword.internal.KeywordExecutor.executeKeywordForPlatform(KeywordExecutor.groovy:73)
	at com.kms.katalon.core.webui.keyword.WebUiBuiltInKeywords.click(WebUiBuiltInKeywords.groovy:617)
	at com.kms.katalon.core.webui.keyword.WebUiBuiltInKeywords$click$6.call(Unknown Source)
	at tCC tN Open For Edit.run(tCC tN Open For Edit:46)
	at com.kms.katalon.core.main.ScriptEngine.run(ScriptEngine.java:194)
	at com.kms.katalon.core.main.ScriptEngine.runScriptAsRawText(ScriptEngine.java:119)
	at com.kms.katalon.core.main.TestCaseExecutor.runScript(TestCaseExecutor.java:393)
	at com.kms.katalon.core.main.TestCaseExecutor.doExecute(TestCaseExecutor.java:384)
	at com.kms.katalon.core.main.TestCaseExecutor.processExecutionPhase(TestCaseExecutor.java:363)
	at com.kms.katalon.core.main.TestCaseExecutor.accessMainPhase(TestCaseExecutor.java:355)
	at com.kms.katalon.core.main.TestCaseExecutor.execute(TestCaseExecutor.java:251)
	at com.kms.katalon.core.main.TestCaseMain.runTestCase(TestCaseMain.java:114)
	at com.kms.katalon.core.keyword.builtin.CallTestCaseKeyword$_callTestCase_closure1.doCall(CallTestCaseKeyword.groovy:59)
	at com.kms.katalon.core.keyword.builtin.CallTestCaseKeyword$_callTestCase_closure1.call(CallTestCaseKeyword.groovy)
	at com.kms.katalon.core.keyword.internal.KeywordMain.runKeyword(KeywordMain.groovy:68)
	at com.kms.katalon.core.keyword.builtin.CallTestCaseKeyword.callTestCase(CallTestCaseKeyword.groovy:81)
	at com.kms.katalon.core.keyword.builtin.CallTestCaseKeyword.execute(CallTestCaseKeyword.groovy:44)
	at com.kms.katalon.core.keyword.internal.KeywordExecutor.executeKeywordForPlatform(KeywordExecutor.groovy:73)
	at com.kms.katalon.core.keyword.BuiltinKeywords.callTestCase(BuiltinKeywords.groovy:334)
	at tCC Test App Crashes.run(tCC Test App Crashes:89)
	at com.kms.katalon.core.main.ScriptEngine.run(ScriptEngine.java:194)
	at com.kms.katalon.core.main.ScriptEngine.runScriptAsRawText(ScriptEngine.java:119)
	at com.kms.katalon.core.main.TestCaseExecutor.runScript(TestCaseExecutor.java:393)
	at com.kms.katalon.core.main.TestCaseExecutor.doExecute(TestCaseExecutor.java:384)
	at com.kms.katalon.core.main.TestCaseExecutor.processExecutionPhase(TestCaseExecutor.java:363)
	at com.kms.katalon.core.main.TestCaseExecutor.accessMainPhase(TestCaseExecutor.java:355)
	at com.kms.katalon.core.main.TestCaseExecutor.execute(TestCaseExecutor.java:251)
	at com.kms.katalon.core.main.TestSuiteExecutor.accessTestCaseMainPhase(TestSuiteExecutor.java:203)
	at com.kms.katalon.core.main.TestSuiteExecutor.accessTestSuiteMainPhase(TestSuiteExecutor.java:152)
	at com.kms.katalon.core.main.TestSuiteExecutor.execute(TestSuiteExecutor.java:95)
	at com.kms.katalon.core.main.TestCaseMain.startTestSuite(TestCaseMain.java:157)
	at com.kms.katalon.core.main.TestCaseMain$startTestSuite$0.call(Unknown Source)
	at TempTestSuite1609946231562.run(TempTestSuite1609946231562.groovy:39)
Caused by: org.openqa.selenium.ElementNotInteractableException: element not interactable
  (Session info: chrome=87.0.4280.88)
Build info: version: '3.141.59', revision: 'e82be7d358', time: '2018-11-14T08:25:53'
System info: host: 'Kozs-MacBook-Air.local', ip: 'fe80:0:0:0:c5:5944:3b35:56d9%en0', os.name: 'Mac OS X', os.arch: 'x86_64', os.version: '10.14.6', java.version: '1.8.0_181'
Driver info: com.kms.katalon.selenium.driver.CChromeDriver
Capabilities {acceptInsecureCerts: false, browserName: chrome, browserVersion: 87.0.4280.88, chrome: {chromedriverVersion: 86.0.4240.22 (398b0743353ff..., userDataDir: /var/folders/hb/hv2s0v7n1nz...}, goog:chromeOptions: {debuggerAddress: localhost:51146}, javascriptEnabled: true, networkConnectionEnabled: false, pageLoadStrategy: normal, platform: MAC, platformName: MAC, proxy: Proxy(), setWindowRect: true, strictFileInteractability: false, timeouts: {implicit: 0, pageLoad: 300000, script: 30000}, unhandledPromptBehavior: dismiss and notify, webauthn:virtualAuthenticators: true}
Session ID: fe7913e9986bc578dffc75d44748ee70
	at org.openqa.selenium.remote.http.W3CHttpResponseCodec.createException(W3CHttpResponseCodec.java:187)
	at org.openqa.selenium.remote.http.W3CHttpResponseCodec.decode(W3CHttpResponseCodec.java:122)
	at org.openqa.selenium.remote.http.W3CHttpResponseCodec.decode(W3CHttpResponseCodec.java:49)
	at org.openqa.selenium.remote.HttpCommandExecutor.execute(HttpCommandExecutor.java:158)
	at org.openqa.selenium.remote.service.DriverCommandExecutor.execute(DriverCommandExecutor.java:83)
	at org.openqa.selenium.remote.RemoteWebDriver.execute(RemoteWebDriver.java:552)
	at com.kms.katalon.selenium.driver.CChromeDriver.execute(CChromeDriver.java:19)
	at org.openqa.selenium.remote.RemoteWebElement.execute(RemoteWebElement.java:285)
	at org.openqa.selenium.remote.RemoteWebElement.click(RemoteWebElement.java:84)
	at org.openqa.selenium.support.events.EventFiringWebDriver$EventFiringWebElement.lambda$new$0(EventFiringWebDriver.java:404)
	at com.sun.proxy.$Proxy16.click(Unknown Source)
	at org.openqa.selenium.support.events.EventFiringWebDriver$EventFiringWebElement.click(EventFiringWebDriver.java:417)
	at com.kms.katalon.core.webui.keyword.builtin.ClickKeyword$_click_closure1.doCall(ClickKeyword.groovy:69)
	at com.kms.katalon.core.webui.keyword.builtin.ClickKeyword$_click_closure1.call(ClickKeyword.groovy)
	at com.kms.katalon.core.webui.keyword.internal.WebUIKeywordMain.runKeyword(WebUIKeywordMain.groovy:20)
	at com.kms.katalon.core.webui.keyword.builtin.ClickKeyword.click(ClickKeyword.groovy:76)
	at com.kms.katalon.core.webui.keyword.builtin.ClickKeyword.execute(ClickKeyword.groovy:43)
	at com.kms.katalon.core.keyword.internal.KeywordExecutor.executeKeywordForPlatform(KeywordExecutor.groovy:73)
	at com.kms.katalon.core.webui.keyword.WebUiBuiltInKeywords.click(WebUiBuiltInKeywords.groovy:617)
	at com.kms.katalon.core.webui.keyword.WebUiBuiltInKeywords$click$6.call(Unknown Source)
	at Script1599599262449.run(Script1599599262449.groovy:46)
	at com.kms.katalon.core.main.ScriptEngine.run(ScriptEngine.java:194)
	at com.kms.katalon.core.main.ScriptEngine.runScriptAsRawText(ScriptEngine.java:119)
	at com.kms.katalon.core.main.TestCaseExecutor.runScript(TestCaseExecutor.java:393)
	at com.kms.katalon.core.main.TestCaseExecutor.doExecute(TestCaseExecutor.java:384)
	at com.kms.katalon.core.main.TestCaseExecutor.processExecutionPhase(TestCaseExecutor.java:363)
	at com.kms.katalon.core.main.TestCaseExecutor.accessMainPhase(TestCaseExecutor.java:355)
	at com.kms.katalon.core.main.TestCaseExecutor.execute(TestCaseExecutor.java:251)
	at com.kms.katalon.core.main.TestCaseMain.runTestCase(TestCaseMain.java:114)
	at com.kms.katalon.core.keyword.builtin.CallTestCaseKeyword$_callTestCase_closure1.doCall(CallTestCaseKeyword.groovy:59)
	at com.kms.katalon.core.keyword.builtin.CallTestCaseKeyword$_callTestCase_closure1.call(CallTestCaseKeyword.groovy)
	at com.kms.katalon.core.keyword.internal.KeywordMain.runKeyword(KeywordMain.groovy:68)
	at com.kms.katalon.core.keyword.builtin.CallTestCaseKeyword.callTestCase(CallTestCaseKeyword.groovy:81)
	at com.kms.katalon.core.keyword.builtin.CallTestCaseKeyword.execute(CallTestCaseKeyword.groovy:44)
	at com.kms.katalon.core.keyword.internal.KeywordExecutor.executeKeywordForPlatform(KeywordExecutor.groovy:73)
	at com.kms.katalon.core.keyword.BuiltinKeywords.callTestCase(BuiltinKeywords.groovy:334)
	at Script1603378536180.run(Script1603378536180.groovy:89)
	... 13 more
)

2021-01-06 09:22:54 - [TEST_STEP][PASSED] - myFile = file: null

2021-01-06 09:22:54 - [TEST_STEP][FAILED] - click(findTestObject("Page_tC Create/file_Parmed", ["fileName":myFile])): Unable to click on object 'Object Repository/Page_tC Create/file_Parmed' (Root cause: com.kms.katalon.core.exception.StepFailedException: Unable to click on object 'Object Repository/Page_tC Create/file_Parmed'
	at com.kms.katalon.core.webui.keyword.internal.WebUIKeywordMain.stepFailed(WebUIKeywordMain.groovy:64)
	at com.kms.katalon.core.webui.keyword.internal.WebUIKeywordMain.runKeyword(WebUIKeywordMain.groovy:26)
	at com.kms.katalon.core.webui.keyword.builtin.ClickKeyword.click(ClickKeyword.groovy:76)
	at com.kms.katalon.core.webui.keyword.builtin.ClickKeyword.execute(ClickKeyword.groovy:43)
	at com.kms.katalon.core.keyword.internal.KeywordExecutor.executeKeywordForPlatform(KeywordExecutor.groovy:73)
	at com.kms.katalon.core.webui.keyword.WebUiBuiltInKeywords.click(WebUiBuiltInKeywords.groovy:617)
	at com.kms.katalon.core.webui.keyword.WebUiBuiltInKeywords$click$6.call(Unknown Source)
	at tCC tN Open For Edit.run(tCC tN Open For Edit:46)
	at com.kms.katalon.core.main.ScriptEngine.run(ScriptEngine.java:194)
	at com.kms.katalon.core.main.ScriptEngine.runScriptAsRawText(ScriptEngine.java:119)
	at com.kms.katalon.core.main.TestCaseExecutor.runScript(TestCaseExecutor.java:393)
	at com.kms.katalon.core.main.TestCaseExecutor.doExecute(TestCaseExecutor.java:384)
	at com.kms.katalon.core.main.TestCaseExecutor.processExecutionPhase(TestCaseExecutor.java:363)
	at com.kms.katalon.core.main.TestCaseExecutor.accessMainPhase(TestCaseExecutor.java:355)
	at com.kms.katalon.core.main.TestCaseExecutor.execute(TestCaseExecutor.java:251)
	at com.kms.katalon.core.main.TestCaseMain.runTestCase(TestCaseMain.java:114)
	at com.kms.katalon.core.keyword.builtin.CallTestCaseKeyword$_callTestCase_closure1.doCall(CallTestCaseKeyword.groovy:59)
	at com.kms.katalon.core.keyword.builtin.CallTestCaseKeyword$_callTestCase_closure1.call(CallTestCaseKeyword.groovy)
	at com.kms.katalon.core.keyword.internal.KeywordMain.runKeyword(KeywordMain.groovy:68)
	at com.kms.katalon.core.keyword.builtin.CallTestCaseKeyword.callTestCase(CallTestCaseKeyword.groovy:81)
	at com.kms.katalon.core.keyword.builtin.CallTestCaseKeyword.execute(CallTestCaseKeyword.groovy:44)
	at com.kms.katalon.core.keyword.internal.KeywordExecutor.executeKeywordForPlatform(KeywordExecutor.groovy:73)
	at com.kms.katalon.core.keyword.BuiltinKeywords.callTestCase(BuiltinKeywords.groovy:334)
	at tCC Test App Crashes.run(tCC Test App Crashes:89)
	at com.kms.katalon.core.main.ScriptEngine.run(ScriptEngine.java:194)
	at com.kms.katalon.core.main.ScriptEngine.runScriptAsRawText(ScriptEngine.java:119)
	at com.kms.katalon.core.main.TestCaseExecutor.runScript(TestCaseExecutor.java:393)
	at com.kms.katalon.core.main.TestCaseExecutor.doExecute(TestCaseExecutor.java:384)
	at com.kms.katalon.core.main.TestCaseExecutor.processExecutionPhase(TestCaseExecutor.java:363)
	at com.kms.katalon.core.main.TestCaseExecutor.accessMainPhase(TestCaseExecutor.java:355)
	at com.kms.katalon.core.main.TestCaseExecutor.execute(TestCaseExecutor.java:251)
	at com.kms.katalon.core.main.TestSuiteExecutor.accessTestCaseMainPhase(TestSuiteExecutor.java:203)
	at com.kms.katalon.core.main.TestSuiteExecutor.accessTestSuiteMainPhase(TestSuiteExecutor.java:152)
	at com.kms.katalon.core.main.TestSuiteExecutor.execute(TestSuiteExecutor.java:95)
	at com.kms.katalon.core.main.TestCaseMain.startTestSuite(TestCaseMain.java:157)
	at com.kms.katalon.core.main.TestCaseMain$startTestSuite$0.call(Unknown Source)
	at TempTestSuite1609946231562.run(TempTestSuite1609946231562.groovy:39)
Caused by: org.openqa.selenium.ElementNotInteractableException: element not interactable
  (Session info: chrome=87.0.4280.88)
Build info: version: '3.141.59', revision: 'e82be7d358', time: '2018-11-14T08:25:53'
System info: host: 'Kozs-MacBook-Air.local', ip: 'fe80:0:0:0:c5:5944:3b35:56d9%en0', os.name: 'Mac OS X', os.arch: 'x86_64', os.version: '10.14.6', java.version: '1.8.0_181'
Driver info: com.kms.katalon.selenium.driver.CChromeDriver
Capabilities {acceptInsecureCerts: false, browserName: chrome, browserVersion: 87.0.4280.88, chrome: {chromedriverVersion: 86.0.4240.22 (398b0743353ff..., userDataDir: /var/folders/hb/hv2s0v7n1nz...}, goog:chromeOptions: {debuggerAddress: localhost:51146}, javascriptEnabled: true, networkConnectionEnabled: false, pageLoadStrategy: normal, platform: MAC, platformName: MAC, proxy: Proxy(), setWindowRect: true, strictFileInteractability: false, timeouts: {implicit: 0, pageLoad: 300000, script: 30000}, unhandledPromptBehavior: dismiss and notify, webauthn:virtualAuthenticators: true}
Session ID: fe7913e9986bc578dffc75d44748ee70
	at org.openqa.selenium.remote.http.W3CHttpResponseCodec.createException(W3CHttpResponseCodec.java:187)
	at org.openqa.selenium.remote.http.W3CHttpResponseCodec.decode(W3CHttpResponseCodec.java:122)
	at org.openqa.selenium.remote.http.W3CHttpResponseCodec.decode(W3CHttpResponseCodec.java:49)
	at org.openqa.selenium.remote.HttpCommandExecutor.execute(HttpCommandExecutor.java:158)
	at org.openqa.selenium.remote.service.DriverCommandExecutor.execute(DriverCommandExecutor.java:83)
	at org.openqa.selenium.remote.RemoteWebDriver.execute(RemoteWebDriver.java:552)
	at com.kms.katalon.selenium.driver.CChromeDriver.execute(CChromeDriver.java:19)
	at org.openqa.selenium.remote.RemoteWebElement.execute(RemoteWebElement.java:285)
	at org.openqa.selenium.remote.RemoteWebElement.click(RemoteWebElement.java:84)
	at org.openqa.selenium.support.events.EventFiringWebDriver$EventFiringWebElement.lambda$new$0(EventFiringWebDriver.java:404)
	at com.sun.proxy.$Proxy16.click(Unknown Source)
	at org.openqa.selenium.support.events.EventFiringWebDriver$EventFiringWebElement.click(EventFiringWebDriver.java:417)
	at com.kms.katalon.core.webui.keyword.builtin.ClickKeyword$_click_closure1.doCall(ClickKeyword.groovy:69)
	at com.kms.katalon.core.webui.keyword.builtin.ClickKeyword$_click_closure1.call(ClickKeyword.groovy)
	at com.kms.katalon.core.webui.keyword.internal.WebUIKeywordMain.runKeyword(WebUIKeywordMain.groovy:20)
	at com.kms.katalon.core.webui.keyword.builtin.ClickKeyword.click(ClickKeyword.groovy:76)
	at com.kms.katalon.core.webui.keyword.builtin.ClickKeyword.execute(ClickKeyword.groovy:43)
	at com.kms.katalon.core.keyword.internal.KeywordExecutor.executeKeywordForPlatform(KeywordExecutor.groovy:73)
	at com.kms.katalon.core.webui.keyword.WebUiBuiltInKeywords.click(WebUiBuiltInKeywords.groovy:617)
	at com.kms.katalon.core.webui.keyword.WebUiBuiltInKeywords$click$6.call(Unknown Source)
	at Script1599599262449.run(Script1599599262449.groovy:46)
	at com.kms.katalon.core.main.ScriptEngine.run(ScriptEngine.java:194)
	at com.kms.katalon.core.main.ScriptEngine.runScriptAsRawText(ScriptEngine.java:119)
	at com.kms.katalon.core.main.TestCaseExecutor.runScript(TestCaseExecutor.java:393)
	at com.kms.katalon.core.main.TestCaseExecutor.doExecute(TestCaseExecutor.java:384)
	at com.kms.katalon.core.main.TestCaseExecutor.processExecutionPhase(TestCaseExecutor.java:363)
	at com.kms.katalon.core.main.TestCaseExecutor.accessMainPhase(TestCaseExecutor.java:355)
	at com.kms.katalon.core.main.TestCaseExecutor.execute(TestCaseExecutor.java:251)
	at com.kms.katalon.core.main.TestCaseMain.runTestCase(TestCaseMain.java:114)
	at com.kms.katalon.core.keyword.builtin.CallTestCaseKeyword$_callTestCase_closure1.doCall(CallTestCaseKeyword.groovy:59)
	at com.kms.katalon.core.keyword.builtin.CallTestCaseKeyword$_callTestCase_closure1.call(CallTestCaseKeyword.groovy)
	at com.kms.katalon.core.keyword.internal.KeywordMain.runKeyword(KeywordMain.groovy:68)
	at com.kms.katalon.core.keyword.builtin.CallTestCaseKeyword.callTestCase(CallTestCaseKeyword.groovy:81)
	at com.kms.katalon.core.keyword.builtin.CallTestCaseKeyword.execute(CallTestCaseKeyword.groovy:44)
	at com.kms.katalon.core.keyword.internal.KeywordExecutor.executeKeywordForPlatform(KeywordExecutor.groovy:73)
	at com.kms.katalon.core.keyword.BuiltinKeywords.callTestCase(BuiltinKeywords.groovy:334)
	at Script1603378536180.run(Script1603378536180.groovy:89)
	... 13 more
)

2021-01-06 09:22:56 - [MESSAGE][FAILED] - Unable to click on object 'Object Repository/Page_tC Create/file_Parmed' (Root cause: com.kms.katalon.core.exception.StepFailedException: Unable to click on object 'Object Repository/Page_tC Create/file_Parmed'
	at com.kms.katalon.core.webui.keyword.internal.WebUIKeywordMain.stepFailed(WebUIKeywordMain.groovy:64)
	at com.kms.katalon.core.webui.keyword.internal.WebUIKeywordMain.runKeyword(WebUIKeywordMain.groovy:26)
	at com.kms.katalon.core.webui.keyword.builtin.ClickKeyword.click(ClickKeyword.groovy:76)
	at com.kms.katalon.core.webui.keyword.builtin.ClickKeyword.execute(ClickKeyword.groovy:43)
	at com.kms.katalon.core.keyword.internal.KeywordExecutor.executeKeywordForPlatform(KeywordExecutor.groovy:73)
	at com.kms.katalon.core.webui.keyword.WebUiBuiltInKeywords.click(WebUiBuiltInKeywords.groovy:617)
	at com.kms.katalon.core.webui.keyword.WebUiBuiltInKeywords$click$6.call(Unknown Source)
	at tCC tN Open For Edit.run(tCC tN Open For Edit:46)
	at com.kms.katalon.core.main.ScriptEngine.run(ScriptEngine.java:194)
	at com.kms.katalon.core.main.ScriptEngine.runScriptAsRawText(ScriptEngine.java:119)
	at com.kms.katalon.core.main.TestCaseExecutor.runScript(TestCaseExecutor.java:393)
	at com.kms.katalon.core.main.TestCaseExecutor.doExecute(TestCaseExecutor.java:384)
	at com.kms.katalon.core.main.TestCaseExecutor.processExecutionPhase(TestCaseExecutor.java:363)
	at com.kms.katalon.core.main.TestCaseExecutor.accessMainPhase(TestCaseExecutor.java:355)
	at com.kms.katalon.core.main.TestCaseExecutor.execute(TestCaseExecutor.java:251)
	at com.kms.katalon.core.main.TestCaseMain.runTestCase(TestCaseMain.java:114)
	at com.kms.katalon.core.keyword.builtin.CallTestCaseKeyword$_callTestCase_closure1.doCall(CallTestCaseKeyword.groovy:59)
	at com.kms.katalon.core.keyword.builtin.CallTestCaseKeyword$_callTestCase_closure1.call(CallTestCaseKeyword.groovy)
	at com.kms.katalon.core.keyword.internal.KeywordMain.runKeyword(KeywordMain.groovy:68)
	at com.kms.katalon.core.keyword.builtin.CallTestCaseKeyword.callTestCase(CallTestCaseKeyword.groovy:81)
	at com.kms.katalon.core.keyword.builtin.CallTestCaseKeyword.execute(CallTestCaseKeyword.groovy:44)
	at com.kms.katalon.core.keyword.internal.KeywordExecutor.executeKeywordForPlatform(KeywordExecutor.groovy:73)
	at com.kms.katalon.core.keyword.BuiltinKeywords.callTestCase(BuiltinKeywords.groovy:334)
	at tCC Test App Crashes.run(tCC Test App Crashes:89)
	at com.kms.katalon.core.main.ScriptEngine.run(ScriptEngine.java:194)
	at com.kms.katalon.core.main.ScriptEngine.runScriptAsRawText(ScriptEngine.java:119)
	at com.kms.katalon.core.main.TestCaseExecutor.runScript(TestCaseExecutor.java:393)
	at com.kms.katalon.core.main.TestCaseExecutor.doExecute(TestCaseExecutor.java:384)
	at com.kms.katalon.core.main.TestCaseExecutor.processExecutionPhase(TestCaseExecutor.java:363)
	at com.kms.katalon.core.main.TestCaseExecutor.accessMainPhase(TestCaseExecutor.java:355)
	at com.kms.katalon.core.main.TestCaseExecutor.execute(TestCaseExecutor.java:251)
	at com.kms.katalon.core.main.TestSuiteExecutor.accessTestCaseMainPhase(TestSuiteExecutor.java:203)
	at com.kms.katalon.core.main.TestSuiteExecutor.accessTestSuiteMainPhase(TestSuiteExecutor.java:152)
	at com.kms.katalon.core.main.TestSuiteExecutor.execute(TestSuiteExecutor.java:95)
	at com.kms.katalon.core.main.TestCaseMain.startTestSuite(TestCaseMain.java:157)
	at com.kms.katalon.core.main.TestCaseMain$startTestSuite$0.call(Unknown Source)
	at TempTestSuite1609946231562.run(TempTestSuite1609946231562.groovy:39)
Caused by: org.openqa.selenium.ElementNotInteractableException: element not interactable
  (Session info: chrome=87.0.4280.88)
Build info: version: '3.141.59', revision: 'e82be7d358', time: '2018-11-14T08:25:53'
System info: host: 'Kozs-MacBook-Air.local', ip: 'fe80:0:0:0:c5:5944:3b35:56d9%en0', os.name: 'Mac OS X', os.arch: 'x86_64', os.version: '10.14.6', java.version: '1.8.0_181'
Driver info: com.kms.katalon.selenium.driver.CChromeDriver
Capabilities {acceptInsecureCerts: false, browserName: chrome, browserVersion: 87.0.4280.88, chrome: {chromedriverVersion: 86.0.4240.22 (398b0743353ff..., userDataDir: /var/folders/hb/hv2s0v7n1nz...}, goog:chromeOptions: {debuggerAddress: localhost:51146}, javascriptEnabled: true, networkConnectionEnabled: false, pageLoadStrategy: normal, platform: MAC, platformName: MAC, proxy: Proxy(), setWindowRect: true, strictFileInteractability: false, timeouts: {implicit: 0, pageLoad: 300000, script: 30000}, unhandledPromptBehavior: dismiss and notify, webauthn:virtualAuthenticators: true}
Session ID: fe7913e9986bc578dffc75d44748ee70
	at org.openqa.selenium.remote.http.W3CHttpResponseCodec.createException(W3CHttpResponseCodec.java:187)
	at org.openqa.selenium.remote.http.W3CHttpResponseCodec.decode(W3CHttpResponseCodec.java:122)
	at org.openqa.selenium.remote.http.W3CHttpResponseCodec.decode(W3CHttpResponseCodec.java:49)
	at org.openqa.selenium.remote.HttpCommandExecutor.execute(HttpCommandExecutor.java:158)
	at org.openqa.selenium.remote.service.DriverCommandExecutor.execute(DriverCommandExecutor.java:83)
	at org.openqa.selenium.remote.RemoteWebDriver.execute(RemoteWebDriver.java:552)
	at com.kms.katalon.selenium.driver.CChromeDriver.execute(CChromeDriver.java:19)
	at org.openqa.selenium.remote.RemoteWebElement.execute(RemoteWebElement.java:285)
	at org.openqa.selenium.remote.RemoteWebElement.click(RemoteWebElement.java:84)
	at org.openqa.selenium.support.events.EventFiringWebDriver$EventFiringWebElement.lambda$new$0(EventFiringWebDriver.java:404)
	at com.sun.proxy.$Proxy16.click(Unknown Source)
	at org.openqa.selenium.support.events.EventFiringWebDriver$EventFiringWebElement.click(EventFiringWebDriver.java:417)
	at com.kms.katalon.core.webui.keyword.builtin.ClickKeyword$_click_closure1.doCall(ClickKeyword.groovy:69)
	at com.kms.katalon.core.webui.keyword.builtin.ClickKeyword$_click_closure1.call(ClickKeyword.groovy)
	at com.kms.katalon.core.webui.keyword.internal.WebUIKeywordMain.runKeyword(WebUIKeywordMain.groovy:20)
	at com.kms.katalon.core.webui.keyword.builtin.ClickKeyword.click(ClickKeyword.groovy:76)
	at com.kms.katalon.core.webui.keyword.builtin.ClickKeyword.execute(ClickKeyword.groovy:43)
	at com.kms.katalon.core.keyword.internal.KeywordExecutor.executeKeywordForPlatform(KeywordExecutor.groovy:73)
	at com.kms.katalon.core.webui.keyword.WebUiBuiltInKeywords.click(WebUiBuiltInKeywords.groovy:617)
	at com.kms.katalon.core.webui.keyword.WebUiBuiltInKeywords$click$6.call(Unknown Source)
	at Script1599599262449.run(Script1599599262449.groovy:46)
	at com.kms.katalon.core.main.ScriptEngine.run(ScriptEngine.java:194)
	at com.kms.katalon.core.main.ScriptEngine.runScriptAsRawText(ScriptEngine.java:119)
	at com.kms.katalon.core.main.TestCaseExecutor.runScript(TestCaseExecutor.java:393)
	at com.kms.katalon.core.main.TestCaseExecutor.doExecute(TestCaseExecutor.java:384)
	at com.kms.katalon.core.main.TestCaseExecutor.processExecutionPhase(TestCaseExecutor.java:363)
	at com.kms.katalon.core.main.TestCaseExecutor.accessMainPhase(TestCaseExecutor.java:355)
	at com.kms.katalon.core.main.TestCaseExecutor.execute(TestCaseExecutor.java:251)
	at com.kms.katalon.core.main.TestCaseMain.runTestCase(TestCaseMain.java:114)
	at com.kms.katalon.core.keyword.builtin.CallTestCaseKeyword$_callTestCase_closure1.doCall(CallTestCaseKeyword.groovy:59)
	at com.kms.katalon.core.keyword.builtin.CallTestCaseKeyword$_callTestCase_closure1.call(CallTestCaseKeyword.groovy)
	at com.kms.katalon.core.keyword.internal.KeywordMain.runKeyword(KeywordMain.groovy:68)
	at com.kms.katalon.core.keyword.builtin.CallTestCaseKeyword.callTestCase(CallTestCaseKeyword.groovy:81)
	at com.kms.katalon.core.keyword.builtin.CallTestCaseKeyword.execute(CallTestCaseKeyword.groovy:44)
	at com.kms.katalon.core.keyword.internal.KeywordExecutor.executeKeywordForPlatform(KeywordExecutor.groovy:73)
	at com.kms.katalon.core.keyword.BuiltinKeywords.callTestCase(BuiltinKeywords.groovy:334)
	at Script1603378536180.run(Script1603378536180.groovy:89)
	... 13 more
)
[[ATTACHMENT|/Users/cckozie/git/Katalon/tC Create Project/Reports/20210106_091711/tCC Test Suite 1/20210106_091711/1609946575104.png]]

2021-01-06 09:22:56 - [TEST_STEP][PASSED] - catch (Exception e): Object: 'Object Repository/Page_tC Create/file_Parmed' is clicked on

2021-01-06 09:22:56 - [TEST_STEP][PASSED] - click(findTestObject("Page_tC Create/file_Parmed", ["fileName":tNFile])): Object: 'Object Repository/Page_tC Create/file_Parmed' is clicked on

2021-01-06 09:22:57 - [MESSAGE][PASSED] - Object: 'Object Repository/Page_tC Create/file_Parmed' is clicked on

2021-01-06 09:23:02 - [MESSAGE][PASSED] - Call Test Case 'Test Cases/tCC Components/tCC tN Open For Edit' successfully

2021-01-06 09:23:02 - [TEST_STEP][PASSED] - println("Testing for app crash when searching in tN. ISSUE 440"): null

2021-01-06 09:23:02 - [TEST_STEP][PASSED] - click(findTestObject("Page_tCC translationNotes/button_Search")): Object: 'Object Repository/Page_tCC translationNotes/button_Search' is clicked on

2021-01-06 09:23:06 - [MESSAGE][PASSED] - Object: 'Object Repository/Page_tCC translationNotes/button_Search' is clicked on

2021-01-06 09:23:06 - [TEST_STEP][PASSED] - setText(findTestObject("Page_tCC translationNotes/input_Search"), "leaders"): Text 'leaders' is set on object 'Object Repository/Page_tCC translationNotes/input_Search'

2021-01-06 09:23:10 - [MESSAGE][PASSED] - Text 'leaders' is set on object 'Object Repository/Page_tCC translationNotes/input_Search'

2021-01-06 09:23:10 - [TEST_STEP][PASSED] - if (!(waitForElementVisible(findTestObject("Page_tCC translationNotes/header_frontintro_Parmed", ["text":"TIT front:intro"]), 5, OPTIONAL))): Object 'Object Repository/Page_tCC translationNotes/header_frontintro_Parmed' is visible

2021-01-06 09:23:11 - [MESSAGE][PASSED] - Object 'Object Repository/Page_tCC translationNotes/header_frontintro_Parmed' is visible

2021-01-06 09:23:11 - [TEST_STEP][PASSED] - else: null

2021-01-06 09:23:11 - [TEST_STEP][PASSED] - println("App did not crash after search in tN."): null

2021-01-06 09:23:11 - [TEST_STEP][PASSED] - delay(2): Delayed 2 second(s)

2021-01-06 09:23:13 - [MESSAGE][PASSED] - Delayed 2 second(s)

2021-01-06 09:23:13 - [TEST_STEP][PASSED] - closeBrowser(): Browser is closed

2021-01-06 09:23:14 - [MESSAGE][PASSED] - Browser is closed

2021-01-06 09:23:14 - [TEST_STEP][PASSED] - callTestCase(findTestCase("tCC Components/tCC tN Open For Edit"), ["$username":"", "$password":"", "file":"en_tn_08-RUT.tsv"], STOP_ON_FAILURE): Call Test Case 'Test Cases/tCC Components/tCC tN Open For Edit' successfully

2021-01-06 09:23:14 - [TEST_CASE][PASSED] - Test Cases/tCC Components/tCC tN Open For Edit: Test Cases/tCC Components/tCC tN Open For Edit

2021-01-06 09:23:15 - [TEST_STEP][PASSED] - callTestCase(findTestCase("tCC Components/tCC Login"), ["user":$username, "password":$password, "newSession":true], STOP_ON_FAILURE): Call Test Case 'Test Cases/tCC Components/tCC Login' successfully

2021-01-06 09:23:15 - [TEST_CASE][PASSED] - Test Cases/tCC Components/tCC Login: Test Cases/tCC Components/tCC Login

2021-01-06 09:23:16 - [TEST_STEP][PASSED] - if (newSession): null

2021-01-06 09:23:16 - [TEST_STEP][PASSED] - if (openBrowser): Current window maximized

2021-01-06 09:23:16 - [TEST_STEP][PASSED] - openBrowser(""): Browser is opened with url: ''

2021-01-06 09:23:16 - [MESSAGE][INFO] - Starting 'Chrome' driver

2021-01-06 09:23:16 - [MESSAGE][INFO] - Action delay is set to 0 milliseconds

2021-01-06 09:23:22 - [MESSAGE][PASSED] - Browser is opened with url: ''

2021-01-06 09:23:22 - [TEST_STEP][PASSED] - maximizeWindow(): Current window maximized

2021-01-06 09:23:23 - [MESSAGE][PASSED] - Current window maximized

2021-01-06 09:23:23 - [TEST_STEP][PASSED] - println("Opening " + url): null

2021-01-06 09:23:23 - [TEST_STEP][PASSED] - navigateToUrl(url): Navigate to 'https://develop--tc-create-app.netlify.app/' successfully

2021-01-06 09:23:33 - [MESSAGE][PASSED] - Navigate to 'https://develop--tc-create-app.netlify.app/' successfully

2021-01-06 09:23:33 - [TEST_STEP][PASSED] - waitForElementVisible(findTestObject("Page_tC Create/text_tCCVersion"), 30): Object 'Object Repository/Page_tC Create/text_tCCVersion' is visible

2021-01-06 09:23:34 - [MESSAGE][PASSED] - Object 'Object Repository/Page_tC Create/text_tCCVersion' is visible

2021-01-06 09:23:34 - [TEST_STEP][PASSED] - version = getText(findTestObject("Page_tC Create/text_tCCVersion")): Text of object 'Object Repository/Page_tC Create/text_tCCVersion' is: 'translationCore Create - v1.1.0-rc.3'

2021-01-06 09:23:34 - [MESSAGE][PASSED] - Text of object 'Object Repository/Page_tC Create/text_tCCVersion' is: 'translationCore Create - v1.1.0-rc.3'

2021-01-06 09:23:34 - [TEST_STEP][PASSED] - version = version: null

2021-01-06 09:23:34 - [TEST_STEP][PASSED] - println("Version is " + version): null

2021-01-06 09:23:34 - [TEST_STEP][PASSED] - if (user == ""): null

2021-01-06 09:23:34 - [TEST_STEP][PASSED] - println("Logging in as " + user1Name): null

2021-01-06 09:23:34 - [TEST_STEP][PASSED] - setText(findTestObject("Page_tC Create/input__username"), user1Name): Text 'tc01' is set on object 'Object Repository/Page_tC Create/input__username'

2021-01-06 09:23:36 - [MESSAGE][PASSED] - Text 'tc01' is set on object 'Object Repository/Page_tC Create/input__username'

2021-01-06 09:23:36 - [TEST_STEP][PASSED] - setText(findTestObject("Page_tC Create/input__password"), user1Password): Text 'tc01' is set on object 'Object Repository/Page_tC Create/input__password'

2021-01-06 09:23:37 - [MESSAGE][PASSED] - Text 'tc01' is set on object 'Object Repository/Page_tC Create/input__password'

2021-01-06 09:23:37 - [TEST_STEP][PASSED] - if (verifyElementPresent(findTestObject("Page_tC Create/button_Login"), 1, OPTIONAL)): null

2021-01-06 09:23:37 - [MESSAGE][PASSED] - Object 'Object Repository/Page_tC Create/button_Login' is present

2021-01-06 09:23:37 - [TEST_STEP][PASSED] - click(findTestObject("Page_tC Create/button_Login")): Object: 'Object Repository/Page_tC Create/button_Login' is clicked on

2021-01-06 09:23:38 - [MESSAGE][PASSED] - Object: 'Object Repository/Page_tC Create/button_Login' is clicked on

2021-01-06 09:23:43 - [MESSAGE][PASSED] - Call Test Case 'Test Cases/tCC Components/tCC Login' successfully

2021-01-06 09:23:43 - [TEST_STEP][PASSED] - if (callTestCase(findTestCase("tCC Components/tCC Select Org-Lang-Resource"), ["organization":"", "language":"", "resource":"unfoldingWord/en_tn"], STOP_ON_FAILURE) == false): Call Test Case 'Test Cases/tCC Components/tCC Select Org-Lang-Resource' successfully

2021-01-06 09:23:43 - [TEST_CASE][PASSED] - Test Cases/tCC Components/tCC Select Org-Lang-Resource: Test Cases/tCC Components/tCC Select Org-Lang-Resource

2021-01-06 09:23:43 - [TEST_STEP][PASSED] - if (organization == ""): null

2021-01-06 09:23:43 - [TEST_STEP][PASSED] - organization = organization: null

2021-01-06 09:23:43 - [TEST_STEP][PASSED] - if (language == ""): null

2021-01-06 09:23:43 - [TEST_STEP][PASSED] - language = langCode: null

2021-01-06 09:23:43 - [TEST_STEP][PASSED] - println("Choosing organization " + organization): null

2021-01-06 09:23:43 - [TEST_STEP][PASSED] - if (waitForElementPresent(organization, 5, OPTIONAL) == false): Object 'Object Repository/Page_tC Create/listOrg_translate_test' is present

2021-01-06 09:23:43 - [MESSAGE][PASSED] - Object 'Object Repository/Page_tC Create/listOrg_translate_test' is present

2021-01-06 09:23:43 - [TEST_STEP][PASSED] - else: null

2021-01-06 09:23:43 - [TEST_STEP][PASSED] - click(organization): Object: 'Object Repository/Page_tC Create/listOrg_translate_test' is clicked on

2021-01-06 09:23:44 - [MESSAGE][PASSED] - Object: 'Object Repository/Page_tC Create/listOrg_translate_test' is clicked on

2021-01-06 09:23:44 - [TEST_STEP][PASSED] - alerted = waitForAlert(2): No alert found after 2 second(s).

2021-01-06 09:23:46 - [MESSAGE][WARNING] - No alert found after 2 second(s).

2021-01-06 09:23:46 - [TEST_STEP][PASSED] - if (alerted == true): null

2021-01-06 09:23:46 - [TEST_STEP][PASSED] - else: Object: 'Object Repository/Page_tC Create/listOption_Language_Parmed' is clicked on

2021-01-06 09:23:46 - [TEST_STEP][PASSED] - println("Not alerted on organization"): null

2021-01-06 09:23:46 - [TEST_STEP][PASSED] - alertFlag = false: null

2021-01-06 09:23:46 - [TEST_STEP][PASSED] - println("Choosing resource " + resource): null

2021-01-06 09:23:46 - [TEST_STEP][PASSED] - click(findTestObject("Page_tC Create/resource_Parmed", ["resource":resource])): Object: 'Object Repository/Page_tC Create/resource_Parmed' is clicked on

2021-01-06 09:23:46 - [MESSAGE][PASSED] - Object: 'Object Repository/Page_tC Create/resource_Parmed' is clicked on

2021-01-06 09:23:46 - [TEST_STEP][PASSED] - println("Choosing language " + language): null

2021-01-06 09:23:46 - [TEST_STEP][PASSED] - click(findTestObject("Page_tC Create/combo_Select Language")): Object: 'Object Repository/Page_tC Create/combo_Select Language' is clicked on

2021-01-06 09:23:47 - [MESSAGE][PASSED] - Object: 'Object Repository/Page_tC Create/combo_Select Language' is clicked on

2021-01-06 09:23:47 - [TEST_STEP][PASSED] - click(findTestObject("Page_tC Create/listOption_Language_Parmed", ["lang_code":language])): Object: 'Object Repository/Page_tC Create/listOption_Language_Parmed' is clicked on

2021-01-06 09:23:48 - [MESSAGE][PASSED] - Object: 'Object Repository/Page_tC Create/listOption_Language_Parmed' is clicked on

2021-01-06 09:23:48 - [TEST_STEP][PASSED] - return true: null

2021-01-06 09:23:53 - [MESSAGE][PASSED] - Call Test Case 'Test Cases/tCC Components/tCC Select Org-Lang-Resource' successfully

2021-01-06 09:23:53 - [TEST_STEP][PASSED] - try: Object: 'Object Repository/Page_tC Create/file_Parmed' is clicked on

2021-01-06 09:23:53 - [TEST_STEP][PASSED] - myFile = file: null

2021-01-06 09:23:53 - [TEST_STEP][PASSED] - click(findTestObject("Page_tC Create/file_Parmed", ["fileName":myFile])): Object: 'Object Repository/Page_tC Create/file_Parmed' is clicked on

2021-01-06 09:23:54 - [MESSAGE][PASSED] - Object: 'Object Repository/Page_tC Create/file_Parmed' is clicked on

2021-01-06 09:23:59 - [MESSAGE][PASSED] - Call Test Case 'Test Cases/tCC Components/tCC tN Open For Edit' successfully

2021-01-06 09:23:59 - [TEST_STEP][PASSED] - println("Testing for app crash after paging forward twice. ISSUE 463"): null

2021-01-06 09:23:59 - [TEST_STEP][PASSED] - click(findTestObject("Page_tCC translationNotes/button_NextPage")): Object: 'Object Repository/Page_tCC translationNotes/button_NextPage' is clicked on

2021-01-06 09:24:05 - [MESSAGE][PASSED] - Object: 'Object Repository/Page_tCC translationNotes/button_NextPage' is clicked on

2021-01-06 09:24:05 - [TEST_STEP][PASSED] - delay(2): Delayed 2 second(s)

2021-01-06 09:24:07 - [MESSAGE][PASSED] - Delayed 2 second(s)

2021-01-06 09:24:07 - [TEST_STEP][PASSED] - click(findTestObject("Page_tCC translationNotes/button_NextPage")): Object: 'Object Repository/Page_tCC translationNotes/button_NextPage' is clicked on

2021-01-06 09:24:08 - [MESSAGE][PASSED] - Object: 'Object Repository/Page_tCC translationNotes/button_NextPage' is clicked on

2021-01-06 09:24:08 - [TEST_STEP][PASSED] - if (!(waitForElementPresent(findTestObject("Page_tC Create/chip_Repo"), 5, OPTIONAL))): Object 'Object Repository/Page_tC Create/chip_Repo' is present

2021-01-06 09:24:10 - [MESSAGE][PASSED] - Object 'Object Repository/Page_tC Create/chip_Repo' is present

2021-01-06 09:24:10 - [TEST_STEP][PASSED] - else: null

2021-01-06 09:24:10 - [TEST_STEP][PASSED] - println("App did not crash after paging forward twice."): null

2021-01-06 09:24:10 - [TEST_STEP][PASSED] - delay(2): Delayed 2 second(s)

2021-01-06 09:24:12 - [MESSAGE][PASSED] - Delayed 2 second(s)

2021-01-06 09:24:12 - [TEST_STEP][PASSED] - scriptRunning = false: null

2021-01-06 09:24:12 - [TEST_STEP][PASSED] - closeBrowser(): Browser is closed

2021-01-06 09:24:13 - [MESSAGE][PASSED] - Browser is closed

2021-01-06 09:24:13 - [TEST_STEP][PASSED] - Start listener action : sampleAfterTestCase: null

2021-01-06 09:24:13 - [TEST_STEP][PASSED] - suite = false: null

2021-01-06 09:24:13 - [TEST_STEP][PASSED] - fileName = testSuiteLogFile: null

2021-01-06 09:24:13 - [TEST_STEP][PASSED] - if (fileName.length() > 1): null

2021-01-06 09:24:13 - [TEST_STEP][PASSED] - suite = true: null

2021-01-06 09:24:13 - [TEST_STEP][PASSED] - println("test case teardown in suite"): null

2021-01-06 09:24:13 - [TEST_STEP][PASSED] - println("log file is at " + fileName): null

2021-01-06 09:24:13 - [TEST_STEP][PASSED] - browser = unfoldingWord_Keywords.GetTestingConfig.getBrowserAndVersion(): unfoldingWord_Keywords.GetTestingConfig.getBrowserAndVersion is PASSED

2021-01-06 09:24:13 - [MESSAGE][PASSED] - unfoldingWord_Keywords.GetTestingConfig.getBrowserAndVersion is PASSED

2021-01-06 09:24:13 - [TEST_STEP][PASSED] - separator = "===================================================================================================================================================": null

2021-01-06 09:24:13 - [TEST_STEP][PASSED] - msg = separator: null

2021-01-06 09:24:13 - [TEST_STEP][PASSED] - println(msg): null

2021-01-06 09:24:13 - [TEST_STEP][PASSED] - if (suite): null

2021-01-06 09:24:13 - [TEST_STEP][PASSED] - oFile = new java.io.File(fileName): null

2021-01-06 09:24:13 - [TEST_STEP][PASSED] - oFile.append(msg + "
"): null

2021-01-06 09:24:13 - [TEST_STEP][PASSED] - prefix = " +++++++++++ ": null

2021-01-06 09:24:13 - [TEST_STEP][PASSED] - testCaseStatus = testCaseContext.getTestCaseStatus(): null

2021-01-06 09:24:13 - [TEST_STEP][PASSED] - if (scriptRunning): null

2021-01-06 09:24:13 - [TEST_STEP][PASSED] - if (testCaseStatus != "PASSED"): null

2021-01-06 09:24:13 - [TEST_STEP][PASSED] - msg = prefix + testCaseContext.getTestCaseId() + " on " + version + " running on " + browser + " " + testCaseStatus + prefix: null

2021-01-06 09:24:13 - [TEST_STEP][PASSED] - println(msg): null

2021-01-06 09:24:13 - [TEST_STEP][PASSED] - if (suite): null

2021-01-06 09:24:13 - [TEST_STEP][PASSED] - oFile = new java.io.File(fileName): null

2021-01-06 09:24:13 - [TEST_STEP][PASSED] - oFile.append(msg + "
"): null

2021-01-06 09:24:13 - [TEST_STEP][PASSED] - tsMessages.add("##" + testCaseContext.getTestCaseId()): null

2021-01-06 09:24:13 - [TEST_STEP][PASSED] - if (scriptRunning): null

2021-01-06 09:24:13 - [TEST_STEP][PASSED] - if (tcMessages.size() > 0): null

2021-01-06 09:24:13 - [TEST_STEP][PASSED] - if (scriptRunning && 1 == 2): null

2021-01-06 09:24:13 - [TEST_STEP][PASSED] - if (testCount > 0): null

2021-01-06 09:24:13 - [TEST_STEP][PASSED] - msg = separator: null

2021-01-06 09:24:13 - [TEST_STEP][PASSED] - println(msg): null

2021-01-06 09:24:13 - [TEST_STEP][PASSED] - if (suite): null

2021-01-06 09:24:13 - [TEST_STEP][PASSED] - oFile = new java.io.File(fileName): null

2021-01-06 09:24:13 - [TEST_STEP][PASSED] - oFile.append(msg + "

"): null

2021-01-06 09:24:16 - [TEST_STEP][PASSED] - Video: Video recording for test case 'Test Cases/tCC Test Cases/tCC Test App Crashes' .

2021-01-06 09:24:16 - [MESSAGE][INFO] - Video recording for test case 'Test Cases/tCC Test Cases/tCC Test App Crashes' .]]></system-out>
         <system-err><![CDATA[]]></system-err>
      </testcase>
      <testcase name="Test Cases/tCC Test Cases/tCC Test Multiple Sessions" time="184.534" classname="Test Cases/tCC Test Cases/tCC Test Multiple Sessions" status="PASSED">
         <system-out><![CDATA[2021-01-06 09:24:16 - [TEST_CASE][PASSED] - Test Cases/tCC Test Cases/tCC Test Multiple Sessions: Test Cases/tCC Test Cases/tCC Test Multiple Sessions

2021-01-06 09:24:16 - [TEST_STEP][PASSED] - Start listener action : sampleBeforeTestCase: null

2021-01-06 09:24:16 - [TEST_STEP][PASSED] - println("setup start"): null

2021-01-06 09:24:16 - [TEST_STEP][PASSED] - tcMessages = []: null

2021-01-06 09:24:16 - [TEST_STEP][PASSED] - executionProfile = getExecutionProfile(): null

2021-01-06 09:24:16 - [TEST_STEP][PASSED] - logInfo("Execution profile is " + executionProfile): Execution profile is tCC Develop

2021-01-06 09:24:17 - [MESSAGE][INFO] - Execution profile is tCC Develop

2021-01-06 09:24:17 - [TEST_STEP][PASSED] - if (systemOS == "" || systemOS == null): null

2021-01-06 09:24:17 - [TEST_STEP][PASSED] - if (pcUser == "" || pcUser == null): null

2021-01-06 09:24:17 - [TEST_STEP][PASSED] - scriptRunning = true: null

2021-01-06 09:24:17 - [TEST_STEP][PASSED] - println("setup success"): null

2021-01-06 09:24:18 - [TEST_STEP][PASSED] - system = unfoldingWord_Keywords.GetTestingConfig.getOperatingSystem(): unfoldingWord_Keywords.GetTestingConfig.getOperatingSystem is PASSED

2021-01-06 09:24:18 - [MESSAGE][PASSED] - unfoldingWord_Keywords.GetTestingConfig.getOperatingSystem is PASSED

2021-01-06 09:24:18 - [TEST_STEP][PASSED] - callTestCase(findTestCase("tCC Components/tCC tN Open For Edit"), [:], STOP_ON_FAILURE): Call Test Case 'Test Cases/tCC Components/tCC tN Open For Edit' successfully

2021-01-06 09:24:18 - [TEST_CASE][PASSED] - Test Cases/tCC Components/tCC tN Open For Edit: Test Cases/tCC Components/tCC tN Open For Edit

2021-01-06 09:24:19 - [TEST_STEP][PASSED] - callTestCase(findTestCase("tCC Components/tCC Login"), ["user":$username, "password":$password, "newSession":true], STOP_ON_FAILURE): Call Test Case 'Test Cases/tCC Components/tCC Login' successfully

2021-01-06 09:24:19 - [TEST_CASE][PASSED] - Test Cases/tCC Components/tCC Login: Test Cases/tCC Components/tCC Login

2021-01-06 09:24:20 - [TEST_STEP][PASSED] - if (newSession): null

2021-01-06 09:24:20 - [TEST_STEP][PASSED] - if (openBrowser): Current window maximized

2021-01-06 09:24:20 - [TEST_STEP][PASSED] - openBrowser(""): Browser is opened with url: ''

2021-01-06 09:24:20 - [MESSAGE][INFO] - Starting 'Chrome' driver

2021-01-06 09:24:20 - [MESSAGE][INFO] - Action delay is set to 0 milliseconds

2021-01-06 09:24:26 - [MESSAGE][PASSED] - Browser is opened with url: ''

2021-01-06 09:24:26 - [TEST_STEP][PASSED] - maximizeWindow(): Current window maximized

2021-01-06 09:24:27 - [MESSAGE][PASSED] - Current window maximized

2021-01-06 09:24:27 - [TEST_STEP][PASSED] - println("Opening " + url): null

2021-01-06 09:24:27 - [TEST_STEP][PASSED] - navigateToUrl(url): Navigate to 'https://develop--tc-create-app.netlify.app/' successfully

2021-01-06 09:24:35 - [MESSAGE][PASSED] - Navigate to 'https://develop--tc-create-app.netlify.app/' successfully

2021-01-06 09:24:35 - [TEST_STEP][PASSED] - waitForElementVisible(findTestObject("Page_tC Create/text_tCCVersion"), 30): Object 'Object Repository/Page_tC Create/text_tCCVersion' is visible

2021-01-06 09:24:36 - [MESSAGE][PASSED] - Object 'Object Repository/Page_tC Create/text_tCCVersion' is visible

2021-01-06 09:24:36 - [TEST_STEP][PASSED] - version = getText(findTestObject("Page_tC Create/text_tCCVersion")): Text of object 'Object Repository/Page_tC Create/text_tCCVersion' is: 'translationCore Create - v1.1.0-rc.3'

2021-01-06 09:24:36 - [MESSAGE][PASSED] - Text of object 'Object Repository/Page_tC Create/text_tCCVersion' is: 'translationCore Create - v1.1.0-rc.3'

2021-01-06 09:24:36 - [TEST_STEP][PASSED] - version = version: null

2021-01-06 09:24:36 - [TEST_STEP][PASSED] - println("Version is " + version): null

2021-01-06 09:24:36 - [TEST_STEP][PASSED] - if (user == ""): null

2021-01-06 09:24:36 - [TEST_STEP][PASSED] - println("Logging in as " + user1Name): null

2021-01-06 09:24:36 - [TEST_STEP][PASSED] - setText(findTestObject("Page_tC Create/input__username"), user1Name): Text 'tc01' is set on object 'Object Repository/Page_tC Create/input__username'

2021-01-06 09:24:37 - [MESSAGE][PASSED] - Text 'tc01' is set on object 'Object Repository/Page_tC Create/input__username'

2021-01-06 09:24:37 - [TEST_STEP][PASSED] - setText(findTestObject("Page_tC Create/input__password"), user1Password): Text 'tc01' is set on object 'Object Repository/Page_tC Create/input__password'

2021-01-06 09:24:39 - [MESSAGE][PASSED] - Text 'tc01' is set on object 'Object Repository/Page_tC Create/input__password'

2021-01-06 09:24:39 - [TEST_STEP][PASSED] - if (verifyElementPresent(findTestObject("Page_tC Create/button_Login"), 1, OPTIONAL)): null

2021-01-06 09:24:39 - [MESSAGE][PASSED] - Object 'Object Repository/Page_tC Create/button_Login' is present

2021-01-06 09:24:39 - [TEST_STEP][PASSED] - click(findTestObject("Page_tC Create/button_Login")): Object: 'Object Repository/Page_tC Create/button_Login' is clicked on

2021-01-06 09:24:41 - [MESSAGE][PASSED] - Object: 'Object Repository/Page_tC Create/button_Login' is clicked on

2021-01-06 09:24:46 - [MESSAGE][PASSED] - Call Test Case 'Test Cases/tCC Components/tCC Login' successfully

2021-01-06 09:24:46 - [TEST_STEP][PASSED] - if (callTestCase(findTestCase("tCC Components/tCC Select Org-Lang-Resource"), ["organization":"", "language":"", "resource":"unfoldingWord/en_tn"], STOP_ON_FAILURE) == false): Call Test Case 'Test Cases/tCC Components/tCC Select Org-Lang-Resource' successfully

2021-01-06 09:24:46 - [TEST_CASE][PASSED] - Test Cases/tCC Components/tCC Select Org-Lang-Resource: Test Cases/tCC Components/tCC Select Org-Lang-Resource

2021-01-06 09:24:46 - [TEST_STEP][PASSED] - if (organization == ""): null

2021-01-06 09:24:46 - [TEST_STEP][PASSED] - organization = organization: null

2021-01-06 09:24:46 - [TEST_STEP][PASSED] - if (language == ""): null

2021-01-06 09:24:46 - [TEST_STEP][PASSED] - language = langCode: null

2021-01-06 09:24:46 - [TEST_STEP][PASSED] - println("Choosing organization " + organization): null

2021-01-06 09:24:46 - [TEST_STEP][PASSED] - if (waitForElementPresent(organization, 5, OPTIONAL) == false): Object 'Object Repository/Page_tC Create/listOrg_translate_test' is present

2021-01-06 09:24:47 - [MESSAGE][PASSED] - Object 'Object Repository/Page_tC Create/listOrg_translate_test' is present

2021-01-06 09:24:47 - [TEST_STEP][PASSED] - else: null

2021-01-06 09:24:47 - [TEST_STEP][PASSED] - click(organization): Object: 'Object Repository/Page_tC Create/listOrg_translate_test' is clicked on

2021-01-06 09:24:47 - [MESSAGE][PASSED] - Object: 'Object Repository/Page_tC Create/listOrg_translate_test' is clicked on

2021-01-06 09:24:47 - [TEST_STEP][PASSED] - alerted = waitForAlert(2): No alert found after 2 second(s).

2021-01-06 09:24:49 - [MESSAGE][WARNING] - No alert found after 2 second(s).

2021-01-06 09:24:49 - [TEST_STEP][PASSED] - if (alerted == true): null

2021-01-06 09:24:49 - [TEST_STEP][PASSED] - else: Object: 'Object Repository/Page_tC Create/listOption_Language_Parmed' is clicked on

2021-01-06 09:24:49 - [TEST_STEP][PASSED] - println("Not alerted on organization"): null

2021-01-06 09:24:49 - [TEST_STEP][PASSED] - alertFlag = false: null

2021-01-06 09:24:50 - [TEST_STEP][PASSED] - println("Choosing resource " + resource): null

2021-01-06 09:24:50 - [TEST_STEP][PASSED] - click(findTestObject("Page_tC Create/resource_Parmed", ["resource":resource])): Object: 'Object Repository/Page_tC Create/resource_Parmed' is clicked on

2021-01-06 09:24:52 - [MESSAGE][PASSED] - Object: 'Object Repository/Page_tC Create/resource_Parmed' is clicked on

2021-01-06 09:24:52 - [TEST_STEP][PASSED] - println("Choosing language " + language): null

2021-01-06 09:24:52 - [TEST_STEP][PASSED] - click(findTestObject("Page_tC Create/combo_Select Language")): Object: 'Object Repository/Page_tC Create/combo_Select Language' is clicked on

2021-01-06 09:24:54 - [MESSAGE][PASSED] - Object: 'Object Repository/Page_tC Create/combo_Select Language' is clicked on

2021-01-06 09:24:54 - [TEST_STEP][PASSED] - click(findTestObject("Page_tC Create/listOption_Language_Parmed", ["lang_code":language])): Object: 'Object Repository/Page_tC Create/listOption_Language_Parmed' is clicked on

2021-01-06 09:24:55 - [MESSAGE][PASSED] - Object: 'Object Repository/Page_tC Create/listOption_Language_Parmed' is clicked on

2021-01-06 09:24:55 - [TEST_STEP][PASSED] - return true: null

2021-01-06 09:25:00 - [MESSAGE][PASSED] - Call Test Case 'Test Cases/tCC Components/tCC Select Org-Lang-Resource' successfully

2021-01-06 09:25:00 - [TEST_STEP][PASSED] - try: null

2021-01-06 09:25:00 - [TEST_STEP][PASSED] - myFile = file: null

2021-01-06 09:25:00 - [TEST_STEP][PASSED] - catch (Exception e): Object: 'Object Repository/Page_tC Create/file_Parmed' is clicked on

2021-01-06 09:25:00 - [TEST_STEP][PASSED] - click(findTestObject("Page_tC Create/file_Parmed", ["fileName":tNFile])): Object: 'Object Repository/Page_tC Create/file_Parmed' is clicked on

2021-01-06 09:25:03 - [MESSAGE][PASSED] - Object: 'Object Repository/Page_tC Create/file_Parmed' is clicked on

2021-01-06 09:25:08 - [MESSAGE][PASSED] - Call Test Case 'Test Cases/tCC Components/tCC tN Open For Edit' successfully

2021-01-06 09:25:08 - [TEST_STEP][PASSED] - myBrowser = unfoldingWord_Keywords.GetTestingConfig.getBrowserAndVersion(): unfoldingWord_Keywords.GetTestingConfig.getBrowserAndVersion is PASSED

2021-01-06 09:25:08 - [MESSAGE][PASSED] - unfoldingWord_Keywords.GetTestingConfig.getBrowserAndVersion is PASSED

2021-01-06 09:25:08 - [TEST_STEP][PASSED] - if (system.contains("Mac") && !(myBrowser.contains("chrome"))): null

2021-01-06 09:25:08 - [TEST_STEP][PASSED] - if (myBrowser.contains("chrome")): Execute JavaScript 'window.open();' successfully

2021-01-06 09:25:08 - [TEST_STEP][PASSED] - executeJavaScript("window.open();", []): Execute JavaScript 'window.open();' successfully

2021-01-06 09:25:08 - [MESSAGE][PASSED] - Execute JavaScript 'window.open();' successfully

2021-01-06 09:25:08 - [TEST_STEP][PASSED] - currentWindow = getWindowIndex(): Current window's index is: 0

2021-01-06 09:25:09 - [MESSAGE][PASSED] - Current window's index is: 0

2021-01-06 09:25:09 - [TEST_STEP][PASSED] - switchToWindowIndex(currentWindow + 1): Switched to window with index: '1'

2021-01-06 09:25:09 - [MESSAGE][PASSED] - Switched to window with index: '1'

2021-01-06 09:25:09 - [TEST_STEP][PASSED] - navigateToUrl(url): Navigate to 'https://develop--tc-create-app.netlify.app/' successfully

2021-01-06 09:25:15 - [MESSAGE][PASSED] - Navigate to 'https://develop--tc-create-app.netlify.app/' successfully

2021-01-06 09:25:15 - [TEST_STEP][PASSED] - openBrowser = false: null

2021-01-06 09:25:15 - [TEST_STEP][PASSED] - callTestCase(findTestCase("tCC Components/tCC Login"), ["user":$username, "password":$password, "newSession":false, "file":""], STOP_ON_FAILURE): Call Test Case 'Test Cases/tCC Components/tCC Login' successfully

2021-01-06 09:25:15 - [TEST_CASE][PASSED] - Test Cases/tCC Components/tCC Login: Test Cases/tCC Components/tCC Login

2021-01-06 09:25:15 - [TEST_STEP][PASSED] - if (newSession): null

2021-01-06 09:25:15 - [TEST_STEP][PASSED] - if (user == ""): null

2021-01-06 09:25:15 - [TEST_STEP][PASSED] - println("Logging in as " + user1Name): null

2021-01-06 09:25:15 - [TEST_STEP][PASSED] - setText(findTestObject("Page_tC Create/input__username"), user1Name): Text 'tc01' is set on object 'Object Repository/Page_tC Create/input__username'

2021-01-06 09:25:17 - [MESSAGE][PASSED] - Text 'tc01' is set on object 'Object Repository/Page_tC Create/input__username'

2021-01-06 09:25:17 - [TEST_STEP][PASSED] - setText(findTestObject("Page_tC Create/input__password"), user1Password): Text 'tc01' is set on object 'Object Repository/Page_tC Create/input__password'

2021-01-06 09:25:18 - [MESSAGE][PASSED] - Text 'tc01' is set on object 'Object Repository/Page_tC Create/input__password'

2021-01-06 09:25:18 - [TEST_STEP][PASSED] - if (verifyElementPresent(findTestObject("Page_tC Create/button_Login"), 1, OPTIONAL)): null

2021-01-06 09:25:19 - [MESSAGE][PASSED] - Object 'Object Repository/Page_tC Create/button_Login' is present

2021-01-06 09:25:19 - [TEST_STEP][PASSED] - click(findTestObject("Page_tC Create/button_Login")): Object: 'Object Repository/Page_tC Create/button_Login' is clicked on

2021-01-06 09:25:19 - [MESSAGE][PASSED] - Object: 'Object Repository/Page_tC Create/button_Login' is clicked on

2021-01-06 09:25:26 - [MESSAGE][PASSED] - Call Test Case 'Test Cases/tCC Components/tCC Login' successfully

2021-01-06 09:25:26 - [TEST_STEP][PASSED] - openBrowser = true: null

2021-01-06 09:25:26 - [TEST_STEP][PASSED] - switchToWindowIndex(currentWindow): Switched to window with index: '0'

2021-01-06 09:25:26 - [MESSAGE][PASSED] - Switched to window with index: '0'

2021-01-06 09:25:26 - [TEST_STEP][PASSED] - waitForElementPresent(findTestObject("Page_tCC translationNotes/tNText_GLOutlinePoint1"), 5): Object 'Object Repository/Page_tCC translationNotes/tNText_GLOutlinePoint1' is present

2021-01-06 09:25:26 - [MESSAGE][PASSED] - Object 'Object Repository/Page_tCC translationNotes/tNText_GLOutlinePoint1' is present

2021-01-06 09:25:26 - [TEST_STEP][PASSED] - sendKeys(findTestObject("Page_tCC translationNotes/tNText_GLOutlinePoint1"), Keys.chord(END)): Keys 'END + ' sent to object: 'Object Repository/Page_tCC translationNotes/tNText_GLOutlinePoint1'

2021-01-06 09:25:27 - [MESSAGE][PASSED] - Keys 'END + ' sent to object: 'Object Repository/Page_tCC translationNotes/tNText_GLOutlinePoint1'

2021-01-06 09:25:27 - [TEST_STEP][PASSED] - sendKeys(findTestObject("Page_tCC translationNotes/tNText_GLOutlinePoint1"), "x"): Keys 'x' sent to object: 'Object Repository/Page_tCC translationNotes/tNText_GLOutlinePoint1'

2021-01-06 09:25:27 - [MESSAGE][PASSED] - Keys 'x' sent to object: 'Object Repository/Page_tCC translationNotes/tNText_GLOutlinePoint1'

2021-01-06 09:25:27 - [TEST_STEP][PASSED] - if (!(waitForElementPresent(findTestObject("Page_tCC translationNotes/button_SaveEnabled - xPath"), 2, OPTIONAL))): Object 'Object Repository/Page_tCC translationNotes/button_SaveEnabled - xPath' is present

2021-01-06 09:25:28 - [MESSAGE][PASSED] - Object 'Object Repository/Page_tCC translationNotes/button_SaveEnabled - xPath' is present

2021-01-06 09:25:28 - [TEST_STEP][PASSED] - else: null

2021-01-06 09:25:28 - [TEST_STEP][PASSED] - println("Save button was enabled after change of text"): null

2021-01-06 09:25:28 - [TEST_STEP][PASSED] - click(findTestObject("Page_tCC translationNotes/button_SaveEnabled - xPath")): Object: 'Object Repository/Page_tCC translationNotes/button_SaveEnabled - xPath' is clicked on

2021-01-06 09:25:29 - [MESSAGE][PASSED] - Object: 'Object Repository/Page_tCC translationNotes/button_SaveEnabled - xPath' is clicked on

2021-01-06 09:25:29 - [TEST_STEP][PASSED] - if (waitForElementNotPresent(findTestObject("Page_tCC translationAcademy/button_SaveEnabled - xPath"), 3, OPTIONAL)): Unable to wait for object to be not present (Root cause: com.kms.katalon.core.exception.StepFailedException: Unable to wait for object to be not present
	at com.kms.katalon.core.webui.keyword.internal.WebUIKeywordMain.stepFailed(WebUIKeywordMain.groovy:64)
	at com.kms.katalon.core.webui.keyword.internal.WebUIKeywordMain.runKeyword(WebUIKeywordMain.groovy:26)
	at com.kms.katalon.core.webui.keyword.internal.WebUIKeywordMain$runKeyword.call(Unknown Source)
	at com.kms.katalon.core.webui.keyword.builtin.WaitForElementNotPresentKeyword.waitForElementNotPresent(WaitForElementNotPresentKeyword.groovy:114)
	at com.kms.katalon.core.webui.keyword.builtin.WaitForElementNotPresentKeyword.execute(WaitForElementNotPresentKeyword.groovy:68)
	at com.kms.katalon.core.keyword.internal.KeywordExecutor.executeKeywordForPlatform(KeywordExecutor.groovy:73)
	at com.kms.katalon.core.webui.keyword.WebUiBuiltInKeywords.waitForElementNotPresent(WebUiBuiltInKeywords.groovy:295)
	at com.kms.katalon.core.webui.keyword.WebUiBuiltInKeywords$waitForElementNotPresent$23.call(Unknown Source)
	at tCC Test Multiple Sessions.run(tCC Test Multiple Sessions:86)
	at com.kms.katalon.core.main.ScriptEngine.run(ScriptEngine.java:194)
	at com.kms.katalon.core.main.ScriptEngine.runScriptAsRawText(ScriptEngine.java:119)
	at com.kms.katalon.core.main.TestCaseExecutor.runScript(TestCaseExecutor.java:393)
	at com.kms.katalon.core.main.TestCaseExecutor.doExecute(TestCaseExecutor.java:384)
	at com.kms.katalon.core.main.TestCaseExecutor.processExecutionPhase(TestCaseExecutor.java:363)
	at com.kms.katalon.core.main.TestCaseExecutor.accessMainPhase(TestCaseExecutor.java:355)
	at com.kms.katalon.core.main.TestCaseExecutor.execute(TestCaseExecutor.java:251)
	at com.kms.katalon.core.main.TestSuiteExecutor.accessTestCaseMainPhase(TestSuiteExecutor.java:203)
	at com.kms.katalon.core.main.TestSuiteExecutor.accessTestSuiteMainPhase(TestSuiteExecutor.java:152)
	at com.kms.katalon.core.main.TestSuiteExecutor.execute(TestSuiteExecutor.java:95)
	at com.kms.katalon.core.main.TestCaseMain.startTestSuite(TestCaseMain.java:157)
	at com.kms.katalon.core.main.TestCaseMain$startTestSuite$0.call(Unknown Source)
	at TempTestSuite1609946231562.run(TempTestSuite1609946231562.groovy:39)
Caused by: java.lang.IllegalArgumentException: Object is null
	at com.kms.katalon.core.helper.KeywordHelper.checkTestObjectParameter(KeywordHelper.java:33)
	at com.kms.katalon.core.helper.KeywordHelper$checkTestObjectParameter.call(Unknown Source)
	at com.kms.katalon.core.webui.keyword.builtin.WaitForElementNotPresentKeyword$_waitForElementNotPresent_closure1.doCall(WaitForElementNotPresentKeyword.groovy:75)
	at com.kms.katalon.core.webui.keyword.builtin.WaitForElementNotPresentKeyword$_waitForElementNotPresent_closure1.doCall(WaitForElementNotPresentKeyword.groovy)
	at com.kms.katalon.core.webui.keyword.internal.WebUIKeywordMain.runKeyword(WebUIKeywordMain.groovy:20)
	at com.kms.katalon.core.webui.keyword.internal.WebUIKeywordMain$runKeyword.call(Unknown Source)
	at com.kms.katalon.core.webui.keyword.builtin.WaitForElementNotPresentKeyword.waitForElementNotPresent(WaitForElementNotPresentKeyword.groovy:114)
	at com.kms.katalon.core.webui.keyword.builtin.WaitForElementNotPresentKeyword.execute(WaitForElementNotPresentKeyword.groovy:68)
	at com.kms.katalon.core.keyword.internal.KeywordExecutor.executeKeywordForPlatform(KeywordExecutor.groovy:73)
	at com.kms.katalon.core.webui.keyword.WebUiBuiltInKeywords.waitForElementNotPresent(WebUiBuiltInKeywords.groovy:295)
	at com.kms.katalon.core.webui.keyword.WebUiBuiltInKeywords$waitForElementNotPresent$23.call(Unknown Source)
	at Script1601076154961.run(Script1601076154961.groovy:86)
	... 13 more
)

2021-01-06 09:25:29 - [MESSAGE][WARNING] - Test object with id 'Object Repository/Page_tCC translationAcademy/button_SaveEnabled - xPath' does not exist

2021-01-06 09:25:29 - [MESSAGE][WARNING] - Test object with id 'Object Repository/' does not exist

2021-01-06 09:25:31 - [MESSAGE][WARNING] - Unable to wait for object to be not present (Root cause: com.kms.katalon.core.exception.StepFailedException: Unable to wait for object to be not present
	at com.kms.katalon.core.webui.keyword.internal.WebUIKeywordMain.stepFailed(WebUIKeywordMain.groovy:64)
	at com.kms.katalon.core.webui.keyword.internal.WebUIKeywordMain.runKeyword(WebUIKeywordMain.groovy:26)
	at com.kms.katalon.core.webui.keyword.internal.WebUIKeywordMain$runKeyword.call(Unknown Source)
	at com.kms.katalon.core.webui.keyword.builtin.WaitForElementNotPresentKeyword.waitForElementNotPresent(WaitForElementNotPresentKeyword.groovy:114)
	at com.kms.katalon.core.webui.keyword.builtin.WaitForElementNotPresentKeyword.execute(WaitForElementNotPresentKeyword.groovy:68)
	at com.kms.katalon.core.keyword.internal.KeywordExecutor.executeKeywordForPlatform(KeywordExecutor.groovy:73)
	at com.kms.katalon.core.webui.keyword.WebUiBuiltInKeywords.waitForElementNotPresent(WebUiBuiltInKeywords.groovy:295)
	at com.kms.katalon.core.webui.keyword.WebUiBuiltInKeywords$waitForElementNotPresent$23.call(Unknown Source)
	at tCC Test Multiple Sessions.run(tCC Test Multiple Sessions:86)
	at com.kms.katalon.core.main.ScriptEngine.run(ScriptEngine.java:194)
	at com.kms.katalon.core.main.ScriptEngine.runScriptAsRawText(ScriptEngine.java:119)
	at com.kms.katalon.core.main.TestCaseExecutor.runScript(TestCaseExecutor.java:393)
	at com.kms.katalon.core.main.TestCaseExecutor.doExecute(TestCaseExecutor.java:384)
	at com.kms.katalon.core.main.TestCaseExecutor.processExecutionPhase(TestCaseExecutor.java:363)
	at com.kms.katalon.core.main.TestCaseExecutor.accessMainPhase(TestCaseExecutor.java:355)
	at com.kms.katalon.core.main.TestCaseExecutor.execute(TestCaseExecutor.java:251)
	at com.kms.katalon.core.main.TestSuiteExecutor.accessTestCaseMainPhase(TestSuiteExecutor.java:203)
	at com.kms.katalon.core.main.TestSuiteExecutor.accessTestSuiteMainPhase(TestSuiteExecutor.java:152)
	at com.kms.katalon.core.main.TestSuiteExecutor.execute(TestSuiteExecutor.java:95)
	at com.kms.katalon.core.main.TestCaseMain.startTestSuite(TestCaseMain.java:157)
	at com.kms.katalon.core.main.TestCaseMain$startTestSuite$0.call(Unknown Source)
	at TempTestSuite1609946231562.run(TempTestSuite1609946231562.groovy:39)
Caused by: java.lang.IllegalArgumentException: Object is null
	at com.kms.katalon.core.helper.KeywordHelper.checkTestObjectParameter(KeywordHelper.java:33)
	at com.kms.katalon.core.helper.KeywordHelper$checkTestObjectParameter.call(Unknown Source)
	at com.kms.katalon.core.webui.keyword.builtin.WaitForElementNotPresentKeyword$_waitForElementNotPresent_closure1.doCall(WaitForElementNotPresentKeyword.groovy:75)
	at com.kms.katalon.core.webui.keyword.builtin.WaitForElementNotPresentKeyword$_waitForElementNotPresent_closure1.doCall(WaitForElementNotPresentKeyword.groovy)
	at com.kms.katalon.core.webui.keyword.internal.WebUIKeywordMain.runKeyword(WebUIKeywordMain.groovy:20)
	at com.kms.katalon.core.webui.keyword.internal.WebUIKeywordMain$runKeyword.call(Unknown Source)
	at com.kms.katalon.core.webui.keyword.builtin.WaitForElementNotPresentKeyword.waitForElementNotPresent(WaitForElementNotPresentKeyword.groovy:114)
	at com.kms.katalon.core.webui.keyword.builtin.WaitForElementNotPresentKeyword.execute(WaitForElementNotPresentKeyword.groovy:68)
	at com.kms.katalon.core.keyword.internal.KeywordExecutor.executeKeywordForPlatform(KeywordExecutor.groovy:73)
	at com.kms.katalon.core.webui.keyword.WebUiBuiltInKeywords.waitForElementNotPresent(WebUiBuiltInKeywords.groovy:295)
	at com.kms.katalon.core.webui.keyword.WebUiBuiltInKeywords$waitForElementNotPresent$23.call(Unknown Source)
	at Script1601076154961.run(Script1601076154961.groovy:86)
	... 13 more
)
[[ATTACHMENT|/Users/cckozie/git/Katalon/tC Create Project/Reports/20210106_091711/tCC Test Suite 1/20210106_091711/1609946729727.png]]

2021-01-06 09:25:31 - [TEST_STEP][PASSED] - else: null

2021-01-06 09:25:31 - [TEST_STEP][PASSED] - if (verifyElementPresent(findTestObject("Page_tC Create/p_Error File was not saved  Connection to the server was lost"), currentWindow)): null

2021-01-06 09:25:31 - [MESSAGE][WARNING] - Timeout '0' is invalid. Using default page load timeout: '5'

2021-01-06 09:25:31 - [MESSAGE][PASSED] - Object 'Object Repository/Page_tC Create/p_Error File was not saved  Connection to the server was lost' is present

2021-01-06 09:25:31 - [TEST_STEP][PASSED] - callTestCase(findTestCase("tCC Components/tCC Login"), ["user":$username, "password":$password, "newSession":false], STOP_ON_FAILURE): Call Test Case 'Test Cases/tCC Components/tCC Login' successfully

2021-01-06 09:25:31 - [TEST_CASE][PASSED] - Test Cases/tCC Components/tCC Login: Test Cases/tCC Components/tCC Login

2021-01-06 09:25:31 - [TEST_STEP][PASSED] - if (newSession): null

2021-01-06 09:25:31 - [TEST_STEP][PASSED] - if (user == ""): Object: 'Object Repository/Page_tC Create/button_Login to try again' is clicked on

2021-01-06 09:25:31 - [TEST_STEP][PASSED] - println("Logging in as " + user1Name): null

2021-01-06 09:25:31 - [TEST_STEP][PASSED] - setText(findTestObject("Page_tC Create/input__username"), user1Name): Text 'tc01' is set on object 'Object Repository/Page_tC Create/input__username'

2021-01-06 09:25:32 - [MESSAGE][PASSED] - Text 'tc01' is set on object 'Object Repository/Page_tC Create/input__username'

2021-01-06 09:25:32 - [TEST_STEP][PASSED] - setText(findTestObject("Page_tC Create/input__password"), user1Password): Text 'tc01' is set on object 'Object Repository/Page_tC Create/input__password'

2021-01-06 09:25:33 - [MESSAGE][PASSED] - Text 'tc01' is set on object 'Object Repository/Page_tC Create/input__password'

2021-01-06 09:25:33 - [TEST_STEP][PASSED] - if (verifyElementPresent(findTestObject("Page_tC Create/button_Login"), 1, OPTIONAL)): Object 'Object Repository/Page_tC Create/button_Login to try again' is present

2021-01-06 09:25:36 - [MESSAGE][INFO] - Unable to find the element located by 'By.xpath: //div[@id='root']/div/div/div/div/div[2]/div/div/form/button/span'. Please recheck the objects properties to make sure the desired element is located. 

2021-01-06 09:25:37 - [MESSAGE][WARNING] - com.kms.katalon.core.webui.exception.WebElementNotFoundException: Web element with id: 'Object Repository/Page_tC Create/button_Login' located by '//div[@id='root']/div/div/div/div/div[2]/div/div/form/button/span' not found (Root cause: com.kms.katalon.core.exception.StepFailedException: com.kms.katalon.core.webui.exception.WebElementNotFoundException: Web element with id: 'Object Repository/Page_tC Create/button_Login' located by '//div[@id='root']/div/div/div/div/div[2]/div/div/form/button/span' not found
	at com.kms.katalon.core.webui.keyword.internal.WebUIKeywordMain.stepFailed(WebUIKeywordMain.groovy:64)
	at com.kms.katalon.core.webui.keyword.builtin.VerifyElementPresentKeyword$_verifyElementPresent_closure1.doCall(VerifyElementPresentKeyword.groovy:85)
	at com.kms.katalon.core.webui.keyword.builtin.VerifyElementPresentKeyword$_verifyElementPresent_closure1.call(VerifyElementPresentKeyword.groovy)
	at com.kms.katalon.core.webui.keyword.internal.WebUIKeywordMain.runKeyword(WebUIKeywordMain.groovy:20)
	at com.kms.katalon.core.webui.keyword.builtin.VerifyElementPresentKeyword.verifyElementPresent(VerifyElementPresentKeyword.groovy:92)
	at com.kms.katalon.core.webui.keyword.builtin.VerifyElementPresentKeyword.execute(VerifyElementPresentKeyword.groovy:68)
	at com.kms.katalon.core.keyword.internal.KeywordExecutor.executeKeywordForPlatform(KeywordExecutor.groovy:73)
	at com.kms.katalon.core.webui.keyword.WebUiBuiltInKeywords.verifyElementPresent(WebUiBuiltInKeywords.groovy:1445)
	at com.kms.katalon.core.webui.keyword.WebUiBuiltInKeywords$verifyElementPresent$5.call(Unknown Source)
	at tCC Login.run(tCC Login:56)
	at com.kms.katalon.core.main.ScriptEngine.run(ScriptEngine.java:194)
	at com.kms.katalon.core.main.ScriptEngine.runScriptAsRawText(ScriptEngine.java:119)
	at com.kms.katalon.core.main.TestCaseExecutor.runScript(TestCaseExecutor.java:393)
	at com.kms.katalon.core.main.TestCaseExecutor.doExecute(TestCaseExecutor.java:384)
	at com.kms.katalon.core.main.TestCaseExecutor.processExecutionPhase(TestCaseExecutor.java:363)
	at com.kms.katalon.core.main.TestCaseExecutor.accessMainPhase(TestCaseExecutor.java:355)
	at com.kms.katalon.core.main.TestCaseExecutor.execute(TestCaseExecutor.java:251)
	at com.kms.katalon.core.main.TestCaseMain.runTestCase(TestCaseMain.java:114)
	at com.kms.katalon.core.keyword.builtin.CallTestCaseKeyword$_callTestCase_closure1.doCall(CallTestCaseKeyword.groovy:59)
	at com.kms.katalon.core.keyword.builtin.CallTestCaseKeyword$_callTestCase_closure1.call(CallTestCaseKeyword.groovy)
	at com.kms.katalon.core.keyword.internal.KeywordMain.runKeyword(KeywordMain.groovy:68)
	at com.kms.katalon.core.keyword.builtin.CallTestCaseKeyword.callTestCase(CallTestCaseKeyword.groovy:81)
	at com.kms.katalon.core.keyword.builtin.CallTestCaseKeyword.execute(CallTestCaseKeyword.groovy:44)
	at com.kms.katalon.core.keyword.internal.KeywordExecutor.executeKeywordForPlatform(KeywordExecutor.groovy:73)
	at com.kms.katalon.core.keyword.BuiltinKeywords.callTestCase(BuiltinKeywords.groovy:334)
	at tCC Test Multiple Sessions.run(tCC Test Multiple Sessions:108)
	at com.kms.katalon.core.main.ScriptEngine.run(ScriptEngine.java:194)
	at com.kms.katalon.core.main.ScriptEngine.runScriptAsRawText(ScriptEngine.java:119)
	at com.kms.katalon.core.main.TestCaseExecutor.runScript(TestCaseExecutor.java:393)
	at com.kms.katalon.core.main.TestCaseExecutor.doExecute(TestCaseExecutor.java:384)
	at com.kms.katalon.core.main.TestCaseExecutor.processExecutionPhase(TestCaseExecutor.java:363)
	at com.kms.katalon.core.main.TestCaseExecutor.accessMainPhase(TestCaseExecutor.java:355)
	at com.kms.katalon.core.main.TestCaseExecutor.execute(TestCaseExecutor.java:251)
	at com.kms.katalon.core.main.TestSuiteExecutor.accessTestCaseMainPhase(TestSuiteExecutor.java:203)
	at com.kms.katalon.core.main.TestSuiteExecutor.accessTestSuiteMainPhase(TestSuiteExecutor.java:152)
	at com.kms.katalon.core.main.TestSuiteExecutor.execute(TestSuiteExecutor.java:95)
	at com.kms.katalon.core.main.TestCaseMain.startTestSuite(TestCaseMain.java:157)
	at com.kms.katalon.core.main.TestCaseMain$startTestSuite$0.call(Unknown Source)
	at TempTestSuite1609946231562.run(TempTestSuite1609946231562.groovy:39)
)
[[ATTACHMENT|/Users/cckozie/git/Katalon/tC Create Project/Reports/20210106_091711/tCC Test Suite 1/20210106_091711/1609946736079.png]]

2021-01-06 09:25:37 - [MESSAGE][PASSED] - Object 'Object Repository/Page_tC Create/button_Login to try again' is present

2021-01-06 09:25:37 - [TEST_STEP][PASSED] - else if (verifyElementPresent(findTestObject("Page_tC Create/button_Login to try again"), 1, OPTIONAL)): Object: 'Object Repository/Page_tC Create/button_Login to try again' is clicked on

2021-01-06 09:25:37 - [TEST_STEP][PASSED] - click(findTestObject("Page_tC Create/button_Login to try again")): Object: 'Object Repository/Page_tC Create/button_Login to try again' is clicked on

2021-01-06 09:25:37 - [MESSAGE][PASSED] - Object: 'Object Repository/Page_tC Create/button_Login to try again' is clicked on

2021-01-06 09:25:44 - [MESSAGE][PASSED] - Call Test Case 'Test Cases/tCC Components/tCC Login' successfully

2021-01-06 09:25:44 - [TEST_STEP][PASSED] - myText = getText(findTestObject("Page_tCC translationNotes/tNText_GLOutlinePoint1")): Text of object 'Object Repository/Page_tCC translationNotes/tNText_GLOutlinePoint1' is: 'Paul instructs Titus to appoint godly leaders (1:1-16)x'

2021-01-06 09:25:45 - [MESSAGE][PASSED] - Text of object 'Object Repository/Page_tCC translationNotes/tNText_GLOutlinePoint1' is: 'Paul instructs Titus to appoint godly leaders (1:1-16)x'

2021-01-06 09:25:45 - [TEST_STEP][PASSED] - delay(5): Delayed 5 second(s)

2021-01-06 09:25:50 - [MESSAGE][PASSED] - Delayed 5 second(s)

2021-01-06 09:25:50 - [TEST_STEP][PASSED] - if (myText.endsWith("x")): Web element with id: 'Object Repository/Page_tCC translationNotes/button_SaveEnabled - xPath' located by 'By.xpath: //*[@type = 'button' and @aria-label = 'Save']' is present after '5' second(s)

2021-01-06 09:25:50 - [TEST_STEP][PASSED] - click(findTestObject("Page_tCC translationNotes/tNText_GLOutlinePoint1")): Object: 'Object Repository/Page_tCC translationNotes/tNText_GLOutlinePoint1' is clicked on

2021-01-06 09:25:50 - [MESSAGE][PASSED] - Object: 'Object Repository/Page_tCC translationNotes/tNText_GLOutlinePoint1' is clicked on

2021-01-06 09:25:50 - [TEST_STEP][PASSED] - sendKeys(findTestObject("Page_tCC translationNotes/tNText_GLOutlinePoint1"), Keys.chord(END)): Keys 'END + ' sent to object: 'Object Repository/Page_tCC translationNotes/tNText_GLOutlinePoint1'

2021-01-06 09:25:51 - [MESSAGE][PASSED] - Keys 'END + ' sent to object: 'Object Repository/Page_tCC translationNotes/tNText_GLOutlinePoint1'

2021-01-06 09:25:51 - [TEST_STEP][PASSED] - sendKeys(findTestObject("Page_tCC translationNotes/tNText_GLOutlinePoint1"), Keys.chord(BACK_SPACE)): Keys 'BACK_SPACE + ' sent to object: 'Object Repository/Page_tCC translationNotes/tNText_GLOutlinePoint1'

2021-01-06 09:25:51 - [MESSAGE][PASSED] - Keys 'BACK_SPACE + ' sent to object: 'Object Repository/Page_tCC translationNotes/tNText_GLOutlinePoint1'

2021-01-06 09:25:51 - [TEST_STEP][PASSED] - clickOffset(findTestObject("Page_tCC translationNotes/tNText_GLOutlinePoint1"), -500, 0): Object: 'Object Repository/Page_tCC translationNotes/tNText_GLOutlinePoint1' is clicked on using offset x=-500 and y=0

2021-01-06 09:25:52 - [MESSAGE][PASSED] - Object: 'Object Repository/Page_tCC translationNotes/tNText_GLOutlinePoint1' is clicked on using offset x=-500 and y=0

2021-01-06 09:25:52 - [TEST_STEP][PASSED] - waitForElementPresent(findTestObject("Page_tCC translationNotes/button_SaveEnabled - xPath"), 5): Object 'Object Repository/Page_tCC translationNotes/button_SaveEnabled - xPath' is present

2021-01-06 09:25:53 - [MESSAGE][PASSED] - Object 'Object Repository/Page_tCC translationNotes/button_SaveEnabled - xPath' is present

2021-01-06 09:25:53 - [TEST_STEP][PASSED] - click(findTestObject("Page_tCC translationNotes/button_SaveEnabled - xPath")): Object: 'Object Repository/Page_tCC translationNotes/button_SaveEnabled - xPath' is clicked on

2021-01-06 09:25:53 - [MESSAGE][PASSED] - Object: 'Object Repository/Page_tCC translationNotes/button_SaveEnabled - xPath' is clicked on

2021-01-06 09:25:53 - [TEST_STEP][PASSED] - waitForElementNotPresent(findTestObject("Page_tCC translationNotes/button_SaveEnabled - xPath"), 5): Web element with id: 'Object Repository/Page_tCC translationNotes/button_SaveEnabled - xPath' located by 'By.xpath: //*[@type = 'button' and @aria-label = 'Save']' is present after '5' second(s)

2021-01-06 09:25:59 - [MESSAGE][WARNING] - Web element with id: 'Object Repository/Page_tCC translationNotes/button_SaveEnabled - xPath' located by 'By.xpath: //*[@type = 'button' and @aria-label = 'Save']' is present after '5' second(s)

2021-01-06 09:25:59 - [TEST_STEP][PASSED] - closeBrowser(): Browser is closed

2021-01-06 09:26:01 - [MESSAGE][PASSED] - Browser is closed

2021-01-06 09:26:01 - [TEST_STEP][PASSED] - println("Testing for user alert on 404 or 403 error"): null

2021-01-06 09:26:01 - [TEST_STEP][PASSED] - callTestCase(findTestCase("tCC Components/tCC tN Open For Edit"), ["$username":"", "$password":"", "file":""], STOP_ON_FAILURE): Call Test Case 'Test Cases/tCC Components/tCC tN Open For Edit' successfully

2021-01-06 09:26:01 - [TEST_CASE][PASSED] - Test Cases/tCC Components/tCC tN Open For Edit: Test Cases/tCC Components/tCC tN Open For Edit

2021-01-06 09:26:01 - [TEST_STEP][PASSED] - callTestCase(findTestCase("tCC Components/tCC Login"), ["user":$username, "password":$password, "newSession":true], STOP_ON_FAILURE): Call Test Case 'Test Cases/tCC Components/tCC Login' successfully

2021-01-06 09:26:01 - [TEST_CASE][PASSED] - Test Cases/tCC Components/tCC Login: Test Cases/tCC Components/tCC Login

2021-01-06 09:26:02 - [TEST_STEP][PASSED] - if (newSession): null

2021-01-06 09:26:02 - [TEST_STEP][PASSED] - if (openBrowser): Current window maximized

2021-01-06 09:26:02 - [TEST_STEP][PASSED] - openBrowser(""): Browser is opened with url: ''

2021-01-06 09:26:02 - [MESSAGE][INFO] - Starting 'Chrome' driver

2021-01-06 09:26:02 - [MESSAGE][INFO] - Action delay is set to 0 milliseconds

2021-01-06 09:26:09 - [MESSAGE][PASSED] - Browser is opened with url: ''

2021-01-06 09:26:09 - [TEST_STEP][PASSED] - maximizeWindow(): Current window maximized

2021-01-06 09:26:09 - [MESSAGE][PASSED] - Current window maximized

2021-01-06 09:26:09 - [TEST_STEP][PASSED] - println("Opening " + url): null

2021-01-06 09:26:09 - [TEST_STEP][PASSED] - navigateToUrl(url): Navigate to 'https://develop--tc-create-app.netlify.app/' successfully

2021-01-06 09:26:19 - [MESSAGE][PASSED] - Navigate to 'https://develop--tc-create-app.netlify.app/' successfully

2021-01-06 09:26:19 - [TEST_STEP][PASSED] - waitForElementVisible(findTestObject("Page_tC Create/text_tCCVersion"), 30): Object 'Object Repository/Page_tC Create/text_tCCVersion' is visible

2021-01-06 09:26:19 - [MESSAGE][PASSED] - Object 'Object Repository/Page_tC Create/text_tCCVersion' is visible

2021-01-06 09:26:19 - [TEST_STEP][PASSED] - version = getText(findTestObject("Page_tC Create/text_tCCVersion")): Text of object 'Object Repository/Page_tC Create/text_tCCVersion' is: 'translationCore Create - v1.1.0-rc.3'

2021-01-06 09:26:20 - [MESSAGE][PASSED] - Text of object 'Object Repository/Page_tC Create/text_tCCVersion' is: 'translationCore Create - v1.1.0-rc.3'

2021-01-06 09:26:20 - [TEST_STEP][PASSED] - version = version: null

2021-01-06 09:26:20 - [TEST_STEP][PASSED] - println("Version is " + version): null

2021-01-06 09:26:20 - [TEST_STEP][PASSED] - if (user == ""): null

2021-01-06 09:26:20 - [TEST_STEP][PASSED] - println("Logging in as " + user1Name): null

2021-01-06 09:26:20 - [TEST_STEP][PASSED] - setText(findTestObject("Page_tC Create/input__username"), user1Name): Text 'tc01' is set on object 'Object Repository/Page_tC Create/input__username'

2021-01-06 09:26:21 - [MESSAGE][PASSED] - Text 'tc01' is set on object 'Object Repository/Page_tC Create/input__username'

2021-01-06 09:26:21 - [TEST_STEP][PASSED] - setText(findTestObject("Page_tC Create/input__password"), user1Password): Text 'tc01' is set on object 'Object Repository/Page_tC Create/input__password'

2021-01-06 09:26:22 - [MESSAGE][PASSED] - Text 'tc01' is set on object 'Object Repository/Page_tC Create/input__password'

2021-01-06 09:26:22 - [TEST_STEP][PASSED] - if (verifyElementPresent(findTestObject("Page_tC Create/button_Login"), 1, OPTIONAL)): null

2021-01-06 09:26:23 - [MESSAGE][PASSED] - Object 'Object Repository/Page_tC Create/button_Login' is present

2021-01-06 09:26:23 - [TEST_STEP][PASSED] - click(findTestObject("Page_tC Create/button_Login")): Object: 'Object Repository/Page_tC Create/button_Login' is clicked on

2021-01-06 09:26:23 - [MESSAGE][PASSED] - Object: 'Object Repository/Page_tC Create/button_Login' is clicked on

2021-01-06 09:26:28 - [MESSAGE][PASSED] - Call Test Case 'Test Cases/tCC Components/tCC Login' successfully

2021-01-06 09:26:28 - [TEST_STEP][PASSED] - if (callTestCase(findTestCase("tCC Components/tCC Select Org-Lang-Resource"), ["organization":"", "language":"", "resource":"unfoldingWord/en_tn"], STOP_ON_FAILURE) == false): Call Test Case 'Test Cases/tCC Components/tCC Select Org-Lang-Resource' successfully

2021-01-06 09:26:28 - [TEST_CASE][PASSED] - Test Cases/tCC Components/tCC Select Org-Lang-Resource: Test Cases/tCC Components/tCC Select Org-Lang-Resource

2021-01-06 09:26:28 - [TEST_STEP][PASSED] - if (organization == ""): null

2021-01-06 09:26:28 - [TEST_STEP][PASSED] - organization = organization: null

2021-01-06 09:26:28 - [TEST_STEP][PASSED] - if (language == ""): null

2021-01-06 09:26:28 - [TEST_STEP][PASSED] - language = langCode: null

2021-01-06 09:26:28 - [TEST_STEP][PASSED] - println("Choosing organization " + organization): null

2021-01-06 09:26:28 - [TEST_STEP][PASSED] - if (waitForElementPresent(organization, 5, OPTIONAL) == false): Object 'Object Repository/Page_tC Create/listOrg_translate_test' is present

2021-01-06 09:26:29 - [MESSAGE][PASSED] - Object 'Object Repository/Page_tC Create/listOrg_translate_test' is present

2021-01-06 09:26:29 - [TEST_STEP][PASSED] - else: null

2021-01-06 09:26:29 - [TEST_STEP][PASSED] - click(organization): Object: 'Object Repository/Page_tC Create/listOrg_translate_test' is clicked on

2021-01-06 09:26:29 - [MESSAGE][PASSED] - Object: 'Object Repository/Page_tC Create/listOrg_translate_test' is clicked on

2021-01-06 09:26:29 - [TEST_STEP][PASSED] - alerted = waitForAlert(2): No alert found after 2 second(s).

2021-01-06 09:26:31 - [MESSAGE][WARNING] - No alert found after 2 second(s).

2021-01-06 09:26:31 - [TEST_STEP][PASSED] - if (alerted == true): null

2021-01-06 09:26:31 - [TEST_STEP][PASSED] - else: Object: 'Object Repository/Page_tC Create/listOption_Language_Parmed' is clicked on

2021-01-06 09:26:31 - [TEST_STEP][PASSED] - println("Not alerted on organization"): null

2021-01-06 09:26:31 - [TEST_STEP][PASSED] - alertFlag = false: null

2021-01-06 09:26:31 - [TEST_STEP][PASSED] - println("Choosing resource " + resource): null

2021-01-06 09:26:31 - [TEST_STEP][PASSED] - click(findTestObject("Page_tC Create/resource_Parmed", ["resource":resource])): Object: 'Object Repository/Page_tC Create/resource_Parmed' is clicked on

2021-01-06 09:26:32 - [MESSAGE][PASSED] - Object: 'Object Repository/Page_tC Create/resource_Parmed' is clicked on

2021-01-06 09:26:32 - [TEST_STEP][PASSED] - println("Choosing language " + language): null

2021-01-06 09:26:32 - [TEST_STEP][PASSED] - click(findTestObject("Page_tC Create/combo_Select Language")): Object: 'Object Repository/Page_tC Create/combo_Select Language' is clicked on

2021-01-06 09:26:33 - [MESSAGE][PASSED] - Object: 'Object Repository/Page_tC Create/combo_Select Language' is clicked on

2021-01-06 09:26:33 - [TEST_STEP][PASSED] - click(findTestObject("Page_tC Create/listOption_Language_Parmed", ["lang_code":language])): Object: 'Object Repository/Page_tC Create/listOption_Language_Parmed' is clicked on

2021-01-06 09:26:34 - [MESSAGE][PASSED] - Object: 'Object Repository/Page_tC Create/listOption_Language_Parmed' is clicked on

2021-01-06 09:26:34 - [TEST_STEP][PASSED] - return true: null

2021-01-06 09:26:39 - [MESSAGE][PASSED] - Call Test Case 'Test Cases/tCC Components/tCC Select Org-Lang-Resource' successfully

2021-01-06 09:26:39 - [TEST_STEP][FAILED] - try: Unable to click on object 'Object Repository/Page_tC Create/file_Parmed' (Root cause: com.kms.katalon.core.exception.StepFailedException: Unable to click on object 'Object Repository/Page_tC Create/file_Parmed'
	at com.kms.katalon.core.webui.keyword.internal.WebUIKeywordMain.stepFailed(WebUIKeywordMain.groovy:64)
	at com.kms.katalon.core.webui.keyword.internal.WebUIKeywordMain.runKeyword(WebUIKeywordMain.groovy:26)
	at com.kms.katalon.core.webui.keyword.builtin.ClickKeyword.click(ClickKeyword.groovy:76)
	at com.kms.katalon.core.webui.keyword.builtin.ClickKeyword.execute(ClickKeyword.groovy:43)
	at com.kms.katalon.core.keyword.internal.KeywordExecutor.executeKeywordForPlatform(KeywordExecutor.groovy:73)
	at com.kms.katalon.core.webui.keyword.WebUiBuiltInKeywords.click(WebUiBuiltInKeywords.groovy:617)
	at com.kms.katalon.core.webui.keyword.WebUiBuiltInKeywords$click$6.call(Unknown Source)
	at tCC tN Open For Edit.run(tCC tN Open For Edit:46)
	at com.kms.katalon.core.main.ScriptEngine.run(ScriptEngine.java:194)
	at com.kms.katalon.core.main.ScriptEngine.runScriptAsRawText(ScriptEngine.java:119)
	at com.kms.katalon.core.main.TestCaseExecutor.runScript(TestCaseExecutor.java:393)
	at com.kms.katalon.core.main.TestCaseExecutor.doExecute(TestCaseExecutor.java:384)
	at com.kms.katalon.core.main.TestCaseExecutor.processExecutionPhase(TestCaseExecutor.java:363)
	at com.kms.katalon.core.main.TestCaseExecutor.accessMainPhase(TestCaseExecutor.java:355)
	at com.kms.katalon.core.main.TestCaseExecutor.execute(TestCaseExecutor.java:251)
	at com.kms.katalon.core.main.TestCaseMain.runTestCase(TestCaseMain.java:114)
	at com.kms.katalon.core.keyword.builtin.CallTestCaseKeyword$_callTestCase_closure1.doCall(CallTestCaseKeyword.groovy:59)
	at com.kms.katalon.core.keyword.builtin.CallTestCaseKeyword$_callTestCase_closure1.call(CallTestCaseKeyword.groovy)
	at com.kms.katalon.core.keyword.internal.KeywordMain.runKeyword(KeywordMain.groovy:68)
	at com.kms.katalon.core.keyword.builtin.CallTestCaseKeyword.callTestCase(CallTestCaseKeyword.groovy:81)
	at com.kms.katalon.core.keyword.builtin.CallTestCaseKeyword.execute(CallTestCaseKeyword.groovy:44)
	at com.kms.katalon.core.keyword.internal.KeywordExecutor.executeKeywordForPlatform(KeywordExecutor.groovy:73)
	at com.kms.katalon.core.keyword.BuiltinKeywords.callTestCase(BuiltinKeywords.groovy:334)
	at tCC Test Multiple Sessions.run(tCC Test Multiple Sessions:141)
	at com.kms.katalon.core.main.ScriptEngine.run(ScriptEngine.java:194)
	at com.kms.katalon.core.main.ScriptEngine.runScriptAsRawText(ScriptEngine.java:119)
	at com.kms.katalon.core.main.TestCaseExecutor.runScript(TestCaseExecutor.java:393)
	at com.kms.katalon.core.main.TestCaseExecutor.doExecute(TestCaseExecutor.java:384)
	at com.kms.katalon.core.main.TestCaseExecutor.processExecutionPhase(TestCaseExecutor.java:363)
	at com.kms.katalon.core.main.TestCaseExecutor.accessMainPhase(TestCaseExecutor.java:355)
	at com.kms.katalon.core.main.TestCaseExecutor.execute(TestCaseExecutor.java:251)
	at com.kms.katalon.core.main.TestSuiteExecutor.accessTestCaseMainPhase(TestSuiteExecutor.java:203)
	at com.kms.katalon.core.main.TestSuiteExecutor.accessTestSuiteMainPhase(TestSuiteExecutor.java:152)
	at com.kms.katalon.core.main.TestSuiteExecutor.execute(TestSuiteExecutor.java:95)
	at com.kms.katalon.core.main.TestCaseMain.startTestSuite(TestCaseMain.java:157)
	at com.kms.katalon.core.main.TestCaseMain$startTestSuite$0.call(Unknown Source)
	at TempTestSuite1609946231562.run(TempTestSuite1609946231562.groovy:39)
Caused by: org.openqa.selenium.ElementNotInteractableException: element not interactable
  (Session info: chrome=87.0.4280.88)
Build info: version: '3.141.59', revision: 'e82be7d358', time: '2018-11-14T08:25:53'
System info: host: 'Kozs-MacBook-Air.local', ip: 'fe80:0:0:0:c5:5944:3b35:56d9%en0', os.name: 'Mac OS X', os.arch: 'x86_64', os.version: '10.14.6', java.version: '1.8.0_181'
Driver info: com.kms.katalon.selenium.driver.CChromeDriver
Capabilities {acceptInsecureCerts: false, browserName: chrome, browserVersion: 87.0.4280.88, chrome: {chromedriverVersion: 86.0.4240.22 (398b0743353ff..., userDataDir: /var/folders/hb/hv2s0v7n1nz...}, goog:chromeOptions: {debuggerAddress: localhost:51451}, javascriptEnabled: true, networkConnectionEnabled: false, pageLoadStrategy: normal, platform: MAC, platformName: MAC, proxy: Proxy(), setWindowRect: true, strictFileInteractability: false, timeouts: {implicit: 0, pageLoad: 300000, script: 30000}, unhandledPromptBehavior: dismiss and notify, webauthn:virtualAuthenticators: true}
Session ID: 669d20762634d792e6a4f9b4affdc439
	at org.openqa.selenium.remote.http.W3CHttpResponseCodec.createException(W3CHttpResponseCodec.java:187)
	at org.openqa.selenium.remote.http.W3CHttpResponseCodec.decode(W3CHttpResponseCodec.java:122)
	at org.openqa.selenium.remote.http.W3CHttpResponseCodec.decode(W3CHttpResponseCodec.java:49)
	at org.openqa.selenium.remote.HttpCommandExecutor.execute(HttpCommandExecutor.java:158)
	at org.openqa.selenium.remote.service.DriverCommandExecutor.execute(DriverCommandExecutor.java:83)
	at org.openqa.selenium.remote.RemoteWebDriver.execute(RemoteWebDriver.java:552)
	at com.kms.katalon.selenium.driver.CChromeDriver.execute(CChromeDriver.java:19)
	at org.openqa.selenium.remote.RemoteWebElement.execute(RemoteWebElement.java:285)
	at org.openqa.selenium.remote.RemoteWebElement.click(RemoteWebElement.java:84)
	at org.openqa.selenium.support.events.EventFiringWebDriver$EventFiringWebElement.lambda$new$0(EventFiringWebDriver.java:404)
	at com.sun.proxy.$Proxy16.click(Unknown Source)
	at org.openqa.selenium.support.events.EventFiringWebDriver$EventFiringWebElement.click(EventFiringWebDriver.java:417)
	at com.kms.katalon.core.webui.keyword.builtin.ClickKeyword$_click_closure1.doCall(ClickKeyword.groovy:69)
	at com.kms.katalon.core.webui.keyword.builtin.ClickKeyword$_click_closure1.call(ClickKeyword.groovy)
	at com.kms.katalon.core.webui.keyword.internal.WebUIKeywordMain.runKeyword(WebUIKeywordMain.groovy:20)
	at com.kms.katalon.core.webui.keyword.builtin.ClickKeyword.click(ClickKeyword.groovy:76)
	at com.kms.katalon.core.webui.keyword.builtin.ClickKeyword.execute(ClickKeyword.groovy:43)
	at com.kms.katalon.core.keyword.internal.KeywordExecutor.executeKeywordForPlatform(KeywordExecutor.groovy:73)
	at com.kms.katalon.core.webui.keyword.WebUiBuiltInKeywords.click(WebUiBuiltInKeywords.groovy:617)
	at com.kms.katalon.core.webui.keyword.WebUiBuiltInKeywords$click$6.call(Unknown Source)
	at Script1599599262449.run(Script1599599262449.groovy:46)
	at com.kms.katalon.core.main.ScriptEngine.run(ScriptEngine.java:194)
	at com.kms.katalon.core.main.ScriptEngine.runScriptAsRawText(ScriptEngine.java:119)
	at com.kms.katalon.core.main.TestCaseExecutor.runScript(TestCaseExecutor.java:393)
	at com.kms.katalon.core.main.TestCaseExecutor.doExecute(TestCaseExecutor.java:384)
	at com.kms.katalon.core.main.TestCaseExecutor.processExecutionPhase(TestCaseExecutor.java:363)
	at com.kms.katalon.core.main.TestCaseExecutor.accessMainPhase(TestCaseExecutor.java:355)
	at com.kms.katalon.core.main.TestCaseExecutor.execute(TestCaseExecutor.java:251)
	at com.kms.katalon.core.main.TestCaseMain.runTestCase(TestCaseMain.java:114)
	at com.kms.katalon.core.keyword.builtin.CallTestCaseKeyword$_callTestCase_closure1.doCall(CallTestCaseKeyword.groovy:59)
	at com.kms.katalon.core.keyword.builtin.CallTestCaseKeyword$_callTestCase_closure1.call(CallTestCaseKeyword.groovy)
	at com.kms.katalon.core.keyword.internal.KeywordMain.runKeyword(KeywordMain.groovy:68)
	at com.kms.katalon.core.keyword.builtin.CallTestCaseKeyword.callTestCase(CallTestCaseKeyword.groovy:81)
	at com.kms.katalon.core.keyword.builtin.CallTestCaseKeyword.execute(CallTestCaseKeyword.groovy:44)
	at com.kms.katalon.core.keyword.internal.KeywordExecutor.executeKeywordForPlatform(KeywordExecutor.groovy:73)
	at com.kms.katalon.core.keyword.BuiltinKeywords.callTestCase(BuiltinKeywords.groovy:334)
	at Script1601076154961.run(Script1601076154961.groovy:141)
	... 13 more
)

2021-01-06 09:26:39 - [TEST_STEP][PASSED] - myFile = file: null

2021-01-06 09:26:39 - [TEST_STEP][FAILED] - click(findTestObject("Page_tC Create/file_Parmed", ["fileName":myFile])): Unable to click on object 'Object Repository/Page_tC Create/file_Parmed' (Root cause: com.kms.katalon.core.exception.StepFailedException: Unable to click on object 'Object Repository/Page_tC Create/file_Parmed'
	at com.kms.katalon.core.webui.keyword.internal.WebUIKeywordMain.stepFailed(WebUIKeywordMain.groovy:64)
	at com.kms.katalon.core.webui.keyword.internal.WebUIKeywordMain.runKeyword(WebUIKeywordMain.groovy:26)
	at com.kms.katalon.core.webui.keyword.builtin.ClickKeyword.click(ClickKeyword.groovy:76)
	at com.kms.katalon.core.webui.keyword.builtin.ClickKeyword.execute(ClickKeyword.groovy:43)
	at com.kms.katalon.core.keyword.internal.KeywordExecutor.executeKeywordForPlatform(KeywordExecutor.groovy:73)
	at com.kms.katalon.core.webui.keyword.WebUiBuiltInKeywords.click(WebUiBuiltInKeywords.groovy:617)
	at com.kms.katalon.core.webui.keyword.WebUiBuiltInKeywords$click$6.call(Unknown Source)
	at tCC tN Open For Edit.run(tCC tN Open For Edit:46)
	at com.kms.katalon.core.main.ScriptEngine.run(ScriptEngine.java:194)
	at com.kms.katalon.core.main.ScriptEngine.runScriptAsRawText(ScriptEngine.java:119)
	at com.kms.katalon.core.main.TestCaseExecutor.runScript(TestCaseExecutor.java:393)
	at com.kms.katalon.core.main.TestCaseExecutor.doExecute(TestCaseExecutor.java:384)
	at com.kms.katalon.core.main.TestCaseExecutor.processExecutionPhase(TestCaseExecutor.java:363)
	at com.kms.katalon.core.main.TestCaseExecutor.accessMainPhase(TestCaseExecutor.java:355)
	at com.kms.katalon.core.main.TestCaseExecutor.execute(TestCaseExecutor.java:251)
	at com.kms.katalon.core.main.TestCaseMain.runTestCase(TestCaseMain.java:114)
	at com.kms.katalon.core.keyword.builtin.CallTestCaseKeyword$_callTestCase_closure1.doCall(CallTestCaseKeyword.groovy:59)
	at com.kms.katalon.core.keyword.builtin.CallTestCaseKeyword$_callTestCase_closure1.call(CallTestCaseKeyword.groovy)
	at com.kms.katalon.core.keyword.internal.KeywordMain.runKeyword(KeywordMain.groovy:68)
	at com.kms.katalon.core.keyword.builtin.CallTestCaseKeyword.callTestCase(CallTestCaseKeyword.groovy:81)
	at com.kms.katalon.core.keyword.builtin.CallTestCaseKeyword.execute(CallTestCaseKeyword.groovy:44)
	at com.kms.katalon.core.keyword.internal.KeywordExecutor.executeKeywordForPlatform(KeywordExecutor.groovy:73)
	at com.kms.katalon.core.keyword.BuiltinKeywords.callTestCase(BuiltinKeywords.groovy:334)
	at tCC Test Multiple Sessions.run(tCC Test Multiple Sessions:141)
	at com.kms.katalon.core.main.ScriptEngine.run(ScriptEngine.java:194)
	at com.kms.katalon.core.main.ScriptEngine.runScriptAsRawText(ScriptEngine.java:119)
	at com.kms.katalon.core.main.TestCaseExecutor.runScript(TestCaseExecutor.java:393)
	at com.kms.katalon.core.main.TestCaseExecutor.doExecute(TestCaseExecutor.java:384)
	at com.kms.katalon.core.main.TestCaseExecutor.processExecutionPhase(TestCaseExecutor.java:363)
	at com.kms.katalon.core.main.TestCaseExecutor.accessMainPhase(TestCaseExecutor.java:355)
	at com.kms.katalon.core.main.TestCaseExecutor.execute(TestCaseExecutor.java:251)
	at com.kms.katalon.core.main.TestSuiteExecutor.accessTestCaseMainPhase(TestSuiteExecutor.java:203)
	at com.kms.katalon.core.main.TestSuiteExecutor.accessTestSuiteMainPhase(TestSuiteExecutor.java:152)
	at com.kms.katalon.core.main.TestSuiteExecutor.execute(TestSuiteExecutor.java:95)
	at com.kms.katalon.core.main.TestCaseMain.startTestSuite(TestCaseMain.java:157)
	at com.kms.katalon.core.main.TestCaseMain$startTestSuite$0.call(Unknown Source)
	at TempTestSuite1609946231562.run(TempTestSuite1609946231562.groovy:39)
Caused by: org.openqa.selenium.ElementNotInteractableException: element not interactable
  (Session info: chrome=87.0.4280.88)
Build info: version: '3.141.59', revision: 'e82be7d358', time: '2018-11-14T08:25:53'
System info: host: 'Kozs-MacBook-Air.local', ip: 'fe80:0:0:0:c5:5944:3b35:56d9%en0', os.name: 'Mac OS X', os.arch: 'x86_64', os.version: '10.14.6', java.version: '1.8.0_181'
Driver info: com.kms.katalon.selenium.driver.CChromeDriver
Capabilities {acceptInsecureCerts: false, browserName: chrome, browserVersion: 87.0.4280.88, chrome: {chromedriverVersion: 86.0.4240.22 (398b0743353ff..., userDataDir: /var/folders/hb/hv2s0v7n1nz...}, goog:chromeOptions: {debuggerAddress: localhost:51451}, javascriptEnabled: true, networkConnectionEnabled: false, pageLoadStrategy: normal, platform: MAC, platformName: MAC, proxy: Proxy(), setWindowRect: true, strictFileInteractability: false, timeouts: {implicit: 0, pageLoad: 300000, script: 30000}, unhandledPromptBehavior: dismiss and notify, webauthn:virtualAuthenticators: true}
Session ID: 669d20762634d792e6a4f9b4affdc439
	at org.openqa.selenium.remote.http.W3CHttpResponseCodec.createException(W3CHttpResponseCodec.java:187)
	at org.openqa.selenium.remote.http.W3CHttpResponseCodec.decode(W3CHttpResponseCodec.java:122)
	at org.openqa.selenium.remote.http.W3CHttpResponseCodec.decode(W3CHttpResponseCodec.java:49)
	at org.openqa.selenium.remote.HttpCommandExecutor.execute(HttpCommandExecutor.java:158)
	at org.openqa.selenium.remote.service.DriverCommandExecutor.execute(DriverCommandExecutor.java:83)
	at org.openqa.selenium.remote.RemoteWebDriver.execute(RemoteWebDriver.java:552)
	at com.kms.katalon.selenium.driver.CChromeDriver.execute(CChromeDriver.java:19)
	at org.openqa.selenium.remote.RemoteWebElement.execute(RemoteWebElement.java:285)
	at org.openqa.selenium.remote.RemoteWebElement.click(RemoteWebElement.java:84)
	at org.openqa.selenium.support.events.EventFiringWebDriver$EventFiringWebElement.lambda$new$0(EventFiringWebDriver.java:404)
	at com.sun.proxy.$Proxy16.click(Unknown Source)
	at org.openqa.selenium.support.events.EventFiringWebDriver$EventFiringWebElement.click(EventFiringWebDriver.java:417)
	at com.kms.katalon.core.webui.keyword.builtin.ClickKeyword$_click_closure1.doCall(ClickKeyword.groovy:69)
	at com.kms.katalon.core.webui.keyword.builtin.ClickKeyword$_click_closure1.call(ClickKeyword.groovy)
	at com.kms.katalon.core.webui.keyword.internal.WebUIKeywordMain.runKeyword(WebUIKeywordMain.groovy:20)
	at com.kms.katalon.core.webui.keyword.builtin.ClickKeyword.click(ClickKeyword.groovy:76)
	at com.kms.katalon.core.webui.keyword.builtin.ClickKeyword.execute(ClickKeyword.groovy:43)
	at com.kms.katalon.core.keyword.internal.KeywordExecutor.executeKeywordForPlatform(KeywordExecutor.groovy:73)
	at com.kms.katalon.core.webui.keyword.WebUiBuiltInKeywords.click(WebUiBuiltInKeywords.groovy:617)
	at com.kms.katalon.core.webui.keyword.WebUiBuiltInKeywords$click$6.call(Unknown Source)
	at Script1599599262449.run(Script1599599262449.groovy:46)
	at com.kms.katalon.core.main.ScriptEngine.run(ScriptEngine.java:194)
	at com.kms.katalon.core.main.ScriptEngine.runScriptAsRawText(ScriptEngine.java:119)
	at com.kms.katalon.core.main.TestCaseExecutor.runScript(TestCaseExecutor.java:393)
	at com.kms.katalon.core.main.TestCaseExecutor.doExecute(TestCaseExecutor.java:384)
	at com.kms.katalon.core.main.TestCaseExecutor.processExecutionPhase(TestCaseExecutor.java:363)
	at com.kms.katalon.core.main.TestCaseExecutor.accessMainPhase(TestCaseExecutor.java:355)
	at com.kms.katalon.core.main.TestCaseExecutor.execute(TestCaseExecutor.java:251)
	at com.kms.katalon.core.main.TestCaseMain.runTestCase(TestCaseMain.java:114)
	at com.kms.katalon.core.keyword.builtin.CallTestCaseKeyword$_callTestCase_closure1.doCall(CallTestCaseKeyword.groovy:59)
	at com.kms.katalon.core.keyword.builtin.CallTestCaseKeyword$_callTestCase_closure1.call(CallTestCaseKeyword.groovy)
	at com.kms.katalon.core.keyword.internal.KeywordMain.runKeyword(KeywordMain.groovy:68)
	at com.kms.katalon.core.keyword.builtin.CallTestCaseKeyword.callTestCase(CallTestCaseKeyword.groovy:81)
	at com.kms.katalon.core.keyword.builtin.CallTestCaseKeyword.execute(CallTestCaseKeyword.groovy:44)
	at com.kms.katalon.core.keyword.internal.KeywordExecutor.executeKeywordForPlatform(KeywordExecutor.groovy:73)
	at com.kms.katalon.core.keyword.BuiltinKeywords.callTestCase(BuiltinKeywords.groovy:334)
	at Script1601076154961.run(Script1601076154961.groovy:141)
	... 13 more
)

2021-01-06 09:26:41 - [MESSAGE][FAILED] - Unable to click on object 'Object Repository/Page_tC Create/file_Parmed' (Root cause: com.kms.katalon.core.exception.StepFailedException: Unable to click on object 'Object Repository/Page_tC Create/file_Parmed'
	at com.kms.katalon.core.webui.keyword.internal.WebUIKeywordMain.stepFailed(WebUIKeywordMain.groovy:64)
	at com.kms.katalon.core.webui.keyword.internal.WebUIKeywordMain.runKeyword(WebUIKeywordMain.groovy:26)
	at com.kms.katalon.core.webui.keyword.builtin.ClickKeyword.click(ClickKeyword.groovy:76)
	at com.kms.katalon.core.webui.keyword.builtin.ClickKeyword.execute(ClickKeyword.groovy:43)
	at com.kms.katalon.core.keyword.internal.KeywordExecutor.executeKeywordForPlatform(KeywordExecutor.groovy:73)
	at com.kms.katalon.core.webui.keyword.WebUiBuiltInKeywords.click(WebUiBuiltInKeywords.groovy:617)
	at com.kms.katalon.core.webui.keyword.WebUiBuiltInKeywords$click$6.call(Unknown Source)
	at tCC tN Open For Edit.run(tCC tN Open For Edit:46)
	at com.kms.katalon.core.main.ScriptEngine.run(ScriptEngine.java:194)
	at com.kms.katalon.core.main.ScriptEngine.runScriptAsRawText(ScriptEngine.java:119)
	at com.kms.katalon.core.main.TestCaseExecutor.runScript(TestCaseExecutor.java:393)
	at com.kms.katalon.core.main.TestCaseExecutor.doExecute(TestCaseExecutor.java:384)
	at com.kms.katalon.core.main.TestCaseExecutor.processExecutionPhase(TestCaseExecutor.java:363)
	at com.kms.katalon.core.main.TestCaseExecutor.accessMainPhase(TestCaseExecutor.java:355)
	at com.kms.katalon.core.main.TestCaseExecutor.execute(TestCaseExecutor.java:251)
	at com.kms.katalon.core.main.TestCaseMain.runTestCase(TestCaseMain.java:114)
	at com.kms.katalon.core.keyword.builtin.CallTestCaseKeyword$_callTestCase_closure1.doCall(CallTestCaseKeyword.groovy:59)
	at com.kms.katalon.core.keyword.builtin.CallTestCaseKeyword$_callTestCase_closure1.call(CallTestCaseKeyword.groovy)
	at com.kms.katalon.core.keyword.internal.KeywordMain.runKeyword(KeywordMain.groovy:68)
	at com.kms.katalon.core.keyword.builtin.CallTestCaseKeyword.callTestCase(CallTestCaseKeyword.groovy:81)
	at com.kms.katalon.core.keyword.builtin.CallTestCaseKeyword.execute(CallTestCaseKeyword.groovy:44)
	at com.kms.katalon.core.keyword.internal.KeywordExecutor.executeKeywordForPlatform(KeywordExecutor.groovy:73)
	at com.kms.katalon.core.keyword.BuiltinKeywords.callTestCase(BuiltinKeywords.groovy:334)
	at tCC Test Multiple Sessions.run(tCC Test Multiple Sessions:141)
	at com.kms.katalon.core.main.ScriptEngine.run(ScriptEngine.java:194)
	at com.kms.katalon.core.main.ScriptEngine.runScriptAsRawText(ScriptEngine.java:119)
	at com.kms.katalon.core.main.TestCaseExecutor.runScript(TestCaseExecutor.java:393)
	at com.kms.katalon.core.main.TestCaseExecutor.doExecute(TestCaseExecutor.java:384)
	at com.kms.katalon.core.main.TestCaseExecutor.processExecutionPhase(TestCaseExecutor.java:363)
	at com.kms.katalon.core.main.TestCaseExecutor.accessMainPhase(TestCaseExecutor.java:355)
	at com.kms.katalon.core.main.TestCaseExecutor.execute(TestCaseExecutor.java:251)
	at com.kms.katalon.core.main.TestSuiteExecutor.accessTestCaseMainPhase(TestSuiteExecutor.java:203)
	at com.kms.katalon.core.main.TestSuiteExecutor.accessTestSuiteMainPhase(TestSuiteExecutor.java:152)
	at com.kms.katalon.core.main.TestSuiteExecutor.execute(TestSuiteExecutor.java:95)
	at com.kms.katalon.core.main.TestCaseMain.startTestSuite(TestCaseMain.java:157)
	at com.kms.katalon.core.main.TestCaseMain$startTestSuite$0.call(Unknown Source)
	at TempTestSuite1609946231562.run(TempTestSuite1609946231562.groovy:39)
Caused by: org.openqa.selenium.ElementNotInteractableException: element not interactable
  (Session info: chrome=87.0.4280.88)
Build info: version: '3.141.59', revision: 'e82be7d358', time: '2018-11-14T08:25:53'
System info: host: 'Kozs-MacBook-Air.local', ip: 'fe80:0:0:0:c5:5944:3b35:56d9%en0', os.name: 'Mac OS X', os.arch: 'x86_64', os.version: '10.14.6', java.version: '1.8.0_181'
Driver info: com.kms.katalon.selenium.driver.CChromeDriver
Capabilities {acceptInsecureCerts: false, browserName: chrome, browserVersion: 87.0.4280.88, chrome: {chromedriverVersion: 86.0.4240.22 (398b0743353ff..., userDataDir: /var/folders/hb/hv2s0v7n1nz...}, goog:chromeOptions: {debuggerAddress: localhost:51451}, javascriptEnabled: true, networkConnectionEnabled: false, pageLoadStrategy: normal, platform: MAC, platformName: MAC, proxy: Proxy(), setWindowRect: true, strictFileInteractability: false, timeouts: {implicit: 0, pageLoad: 300000, script: 30000}, unhandledPromptBehavior: dismiss and notify, webauthn:virtualAuthenticators: true}
Session ID: 669d20762634d792e6a4f9b4affdc439
	at org.openqa.selenium.remote.http.W3CHttpResponseCodec.createException(W3CHttpResponseCodec.java:187)
	at org.openqa.selenium.remote.http.W3CHttpResponseCodec.decode(W3CHttpResponseCodec.java:122)
	at org.openqa.selenium.remote.http.W3CHttpResponseCodec.decode(W3CHttpResponseCodec.java:49)
	at org.openqa.selenium.remote.HttpCommandExecutor.execute(HttpCommandExecutor.java:158)
	at org.openqa.selenium.remote.service.DriverCommandExecutor.execute(DriverCommandExecutor.java:83)
	at org.openqa.selenium.remote.RemoteWebDriver.execute(RemoteWebDriver.java:552)
	at com.kms.katalon.selenium.driver.CChromeDriver.execute(CChromeDriver.java:19)
	at org.openqa.selenium.remote.RemoteWebElement.execute(RemoteWebElement.java:285)
	at org.openqa.selenium.remote.RemoteWebElement.click(RemoteWebElement.java:84)
	at org.openqa.selenium.support.events.EventFiringWebDriver$EventFiringWebElement.lambda$new$0(EventFiringWebDriver.java:404)
	at com.sun.proxy.$Proxy16.click(Unknown Source)
	at org.openqa.selenium.support.events.EventFiringWebDriver$EventFiringWebElement.click(EventFiringWebDriver.java:417)
	at com.kms.katalon.core.webui.keyword.builtin.ClickKeyword$_click_closure1.doCall(ClickKeyword.groovy:69)
	at com.kms.katalon.core.webui.keyword.builtin.ClickKeyword$_click_closure1.call(ClickKeyword.groovy)
	at com.kms.katalon.core.webui.keyword.internal.WebUIKeywordMain.runKeyword(WebUIKeywordMain.groovy:20)
	at com.kms.katalon.core.webui.keyword.builtin.ClickKeyword.click(ClickKeyword.groovy:76)
	at com.kms.katalon.core.webui.keyword.builtin.ClickKeyword.execute(ClickKeyword.groovy:43)
	at com.kms.katalon.core.keyword.internal.KeywordExecutor.executeKeywordForPlatform(KeywordExecutor.groovy:73)
	at com.kms.katalon.core.webui.keyword.WebUiBuiltInKeywords.click(WebUiBuiltInKeywords.groovy:617)
	at com.kms.katalon.core.webui.keyword.WebUiBuiltInKeywords$click$6.call(Unknown Source)
	at Script1599599262449.run(Script1599599262449.groovy:46)
	at com.kms.katalon.core.main.ScriptEngine.run(ScriptEngine.java:194)
	at com.kms.katalon.core.main.ScriptEngine.runScriptAsRawText(ScriptEngine.java:119)
	at com.kms.katalon.core.main.TestCaseExecutor.runScript(TestCaseExecutor.java:393)
	at com.kms.katalon.core.main.TestCaseExecutor.doExecute(TestCaseExecutor.java:384)
	at com.kms.katalon.core.main.TestCaseExecutor.processExecutionPhase(TestCaseExecutor.java:363)
	at com.kms.katalon.core.main.TestCaseExecutor.accessMainPhase(TestCaseExecutor.java:355)
	at com.kms.katalon.core.main.TestCaseExecutor.execute(TestCaseExecutor.java:251)
	at com.kms.katalon.core.main.TestCaseMain.runTestCase(TestCaseMain.java:114)
	at com.kms.katalon.core.keyword.builtin.CallTestCaseKeyword$_callTestCase_closure1.doCall(CallTestCaseKeyword.groovy:59)
	at com.kms.katalon.core.keyword.builtin.CallTestCaseKeyword$_callTestCase_closure1.call(CallTestCaseKeyword.groovy)
	at com.kms.katalon.core.keyword.internal.KeywordMain.runKeyword(KeywordMain.groovy:68)
	at com.kms.katalon.core.keyword.builtin.CallTestCaseKeyword.callTestCase(CallTestCaseKeyword.groovy:81)
	at com.kms.katalon.core.keyword.builtin.CallTestCaseKeyword.execute(CallTestCaseKeyword.groovy:44)
	at com.kms.katalon.core.keyword.internal.KeywordExecutor.executeKeywordForPlatform(KeywordExecutor.groovy:73)
	at com.kms.katalon.core.keyword.BuiltinKeywords.callTestCase(BuiltinKeywords.groovy:334)
	at Script1601076154961.run(Script1601076154961.groovy:141)
	... 13 more
)
[[ATTACHMENT|/Users/cckozie/git/Katalon/tC Create Project/Reports/20210106_091711/tCC Test Suite 1/20210106_091711/1609946800569.png]]

2021-01-06 09:26:41 - [TEST_STEP][PASSED] - catch (Exception e): Object: 'Object Repository/Page_tC Create/file_Parmed' is clicked on

2021-01-06 09:26:41 - [TEST_STEP][PASSED] - click(findTestObject("Page_tC Create/file_Parmed", ["fileName":tNFile])): Object: 'Object Repository/Page_tC Create/file_Parmed' is clicked on

2021-01-06 09:26:42 - [MESSAGE][PASSED] - Object: 'Object Repository/Page_tC Create/file_Parmed' is clicked on

2021-01-06 09:26:47 - [MESSAGE][PASSED] - Call Test Case 'Test Cases/tCC Components/tCC tN Open For Edit' successfully

2021-01-06 09:26:47 - [TEST_STEP][PASSED] - if (myBrowser.contains("chrome")): Execute JavaScript 'window.open();' successfully

2021-01-06 09:26:47 - [TEST_STEP][PASSED] - executeJavaScript("window.open();", []): Execute JavaScript 'window.open();' successfully

2021-01-06 09:26:48 - [MESSAGE][PASSED] - Execute JavaScript 'window.open();' successfully

2021-01-06 09:26:48 - [TEST_STEP][PASSED] - currentWindow = getWindowIndex(): Current window's index is: 0

2021-01-06 09:26:48 - [MESSAGE][PASSED] - Current window's index is: 0

2021-01-06 09:26:48 - [TEST_STEP][PASSED] - switchToWindowIndex(currentWindow + 1): Switched to window with index: '1'

2021-01-06 09:26:48 - [MESSAGE][PASSED] - Switched to window with index: '1'

2021-01-06 09:26:48 - [TEST_STEP][PASSED] - navigateToUrl(url): Navigate to 'https://develop--tc-create-app.netlify.app/' successfully

2021-01-06 09:26:54 - [MESSAGE][PASSED] - Navigate to 'https://develop--tc-create-app.netlify.app/' successfully

2021-01-06 09:26:54 - [TEST_STEP][PASSED] - openBrowser = false: null

2021-01-06 09:26:54 - [TEST_STEP][PASSED] - callTestCase(findTestCase("tCC Components/tCC Login"), ["user":$username, "password":$password, "newSession":false, "file":""], STOP_ON_FAILURE): Call Test Case 'Test Cases/tCC Components/tCC Login' successfully

2021-01-06 09:26:54 - [TEST_CASE][PASSED] - Test Cases/tCC Components/tCC Login: Test Cases/tCC Components/tCC Login

2021-01-06 09:26:54 - [TEST_STEP][PASSED] - if (newSession): null

2021-01-06 09:26:54 - [TEST_STEP][PASSED] - if (user == ""): null

2021-01-06 09:26:54 - [TEST_STEP][PASSED] - println("Logging in as " + user1Name): null

2021-01-06 09:26:54 - [TEST_STEP][PASSED] - setText(findTestObject("Page_tC Create/input__username"), user1Name): Text 'tc01' is set on object 'Object Repository/Page_tC Create/input__username'

2021-01-06 09:26:54 - [MESSAGE][PASSED] - Text 'tc01' is set on object 'Object Repository/Page_tC Create/input__username'

2021-01-06 09:26:54 - [TEST_STEP][PASSED] - setText(findTestObject("Page_tC Create/input__password"), user1Password): Text 'tc01' is set on object 'Object Repository/Page_tC Create/input__password'

2021-01-06 09:26:56 - [MESSAGE][PASSED] - Text 'tc01' is set on object 'Object Repository/Page_tC Create/input__password'

2021-01-06 09:26:56 - [TEST_STEP][PASSED] - if (verifyElementPresent(findTestObject("Page_tC Create/button_Login"), 1, OPTIONAL)): null

2021-01-06 09:26:56 - [MESSAGE][PASSED] - Object 'Object Repository/Page_tC Create/button_Login' is present

2021-01-06 09:26:56 - [TEST_STEP][PASSED] - click(findTestObject("Page_tC Create/button_Login")): Object: 'Object Repository/Page_tC Create/button_Login' is clicked on

2021-01-06 09:26:57 - [MESSAGE][PASSED] - Object: 'Object Repository/Page_tC Create/button_Login' is clicked on

2021-01-06 09:27:03 - [MESSAGE][PASSED] - Call Test Case 'Test Cases/tCC Components/tCC Login' successfully

2021-01-06 09:27:03 - [TEST_STEP][PASSED] - openBrowser = true: null

2021-01-06 09:27:03 - [TEST_STEP][PASSED] - switchToWindowIndex(currentWindow): Switched to window with index: '0'

2021-01-06 09:27:03 - [MESSAGE][PASSED] - Switched to window with index: '0'

2021-01-06 09:27:03 - [TEST_STEP][PASSED] - unfoldingWord_Keywords.HamburgerFunctions.chooseFile("en_tn_55-1TI.tsv"): unfoldingWord_Keywords.HamburgerFunctions.chooseFile is PASSED

2021-01-06 09:27:05 - [MESSAGE][INFO] - Unable to find the element located by 'By.xpath: //*[@type = 'button' and @data-test = 'drawer-menu-close-button']'. Please recheck the objects properties to make sure the desired element is located. 

2021-01-06 09:27:05 - [MESSAGE][WARNING] - Object 'Object Repository/Page_tC Create/button_DrawerClose' is not present after 1 second(s)

2021-01-06 09:27:06 - [MESSAGE][PASSED] - Object: 'Object Repository/Page_tC Create/button_DrawerOpen' is clicked on

2021-01-06 09:27:08 - [MESSAGE][PASSED] - Delayed 2 second(s)

2021-01-06 09:27:09 - [MESSAGE][PASSED] - Object: 'Object Repository/Page_tC Create/file_Parmed' is clicked on

2021-01-06 09:27:12 - [MESSAGE][PASSED] - Object 'Object Repository/Page_tC Create/button_DrawerClose' is visible

2021-01-06 09:27:16 - [MESSAGE][PASSED] - Object: 'Object Repository/Page_tC Create/button_DrawerClose' is clicked on

2021-01-06 09:27:17 - [MESSAGE][PASSED] - Object 'Object Repository/Page_tC Create/button_DrawerOpen' is visible

2021-01-06 09:27:17 - [MESSAGE][PASSED] - unfoldingWord_Keywords.HamburgerFunctions.chooseFile is PASSED

2021-01-06 09:27:17 - [TEST_STEP][PASSED] - if (!(waitForElementPresent(findTestObject("Page_tC Create/chip_Repo"), 5, OPTIONAL))): Object 'Object Repository/Page_tC Create/chip_Repo' is present

2021-01-06 09:27:17 - [MESSAGE][PASSED] - Object 'Object Repository/Page_tC Create/chip_Repo' is present

2021-01-06 09:27:17 - [TEST_STEP][PASSED] - else: null

2021-01-06 09:27:17 - [TEST_STEP][PASSED] - println("User was alerted to the communications error because of lost token."): null

2021-01-06 09:27:17 - [TEST_STEP][PASSED] - scriptRunning = false: null

2021-01-06 09:27:17 - [TEST_STEP][PASSED] - closeBrowser(): Browser is closed

2021-01-06 09:27:18 - [MESSAGE][PASSED] - Browser is closed

2021-01-06 09:27:18 - [TEST_STEP][PASSED] - Start listener action : sampleAfterTestCase: null

2021-01-06 09:27:18 - [TEST_STEP][PASSED] - suite = false: null

2021-01-06 09:27:18 - [TEST_STEP][PASSED] - fileName = testSuiteLogFile: null

2021-01-06 09:27:18 - [TEST_STEP][PASSED] - if (fileName.length() > 1): null

2021-01-06 09:27:18 - [TEST_STEP][PASSED] - suite = true: null

2021-01-06 09:27:18 - [TEST_STEP][PASSED] - println("test case teardown in suite"): null

2021-01-06 09:27:18 - [TEST_STEP][PASSED] - println("log file is at " + fileName): null

2021-01-06 09:27:18 - [TEST_STEP][PASSED] - browser = unfoldingWord_Keywords.GetTestingConfig.getBrowserAndVersion(): unfoldingWord_Keywords.GetTestingConfig.getBrowserAndVersion is PASSED

2021-01-06 09:27:18 - [MESSAGE][PASSED] - unfoldingWord_Keywords.GetTestingConfig.getBrowserAndVersion is PASSED

2021-01-06 09:27:18 - [TEST_STEP][PASSED] - separator = "===================================================================================================================================================": null

2021-01-06 09:27:18 - [TEST_STEP][PASSED] - msg = separator: null

2021-01-06 09:27:18 - [TEST_STEP][PASSED] - println(msg): null

2021-01-06 09:27:18 - [TEST_STEP][PASSED] - if (suite): null

2021-01-06 09:27:18 - [TEST_STEP][PASSED] - oFile = new java.io.File(fileName): null

2021-01-06 09:27:18 - [TEST_STEP][PASSED] - oFile.append(msg + "
"): null

2021-01-06 09:27:18 - [TEST_STEP][PASSED] - prefix = " +++++++++++ ": null

2021-01-06 09:27:18 - [TEST_STEP][PASSED] - testCaseStatus = testCaseContext.getTestCaseStatus(): null

2021-01-06 09:27:18 - [TEST_STEP][PASSED] - if (scriptRunning): null

2021-01-06 09:27:18 - [TEST_STEP][PASSED] - if (testCaseStatus != "PASSED"): null

2021-01-06 09:27:18 - [TEST_STEP][PASSED] - msg = prefix + testCaseContext.getTestCaseId() + " on " + version + " running on " + browser + " " + testCaseStatus + prefix: null

2021-01-06 09:27:18 - [TEST_STEP][PASSED] - println(msg): null

2021-01-06 09:27:18 - [TEST_STEP][PASSED] - if (suite): null

2021-01-06 09:27:18 - [TEST_STEP][PASSED] - oFile = new java.io.File(fileName): null

2021-01-06 09:27:18 - [TEST_STEP][PASSED] - oFile.append(msg + "
"): null

2021-01-06 09:27:18 - [TEST_STEP][PASSED] - tsMessages.add("##" + testCaseContext.getTestCaseId()): null

2021-01-06 09:27:18 - [TEST_STEP][PASSED] - if (scriptRunning): null

2021-01-06 09:27:18 - [TEST_STEP][PASSED] - if (tcMessages.size() > 0): null

2021-01-06 09:27:18 - [TEST_STEP][PASSED] - if (scriptRunning && 1 == 2): null

2021-01-06 09:27:18 - [TEST_STEP][PASSED] - if (testCount > 0): null

2021-01-06 09:27:18 - [TEST_STEP][PASSED] - msg = separator: null

2021-01-06 09:27:18 - [TEST_STEP][PASSED] - println(msg): null

2021-01-06 09:27:18 - [TEST_STEP][PASSED] - if (suite): null

2021-01-06 09:27:18 - [TEST_STEP][PASSED] - oFile = new java.io.File(fileName): null

2021-01-06 09:27:18 - [TEST_STEP][PASSED] - oFile.append(msg + "

"): null

2021-01-06 09:27:20 - [TEST_STEP][PASSED] - Video: Video recording for test case 'Test Cases/tCC Test Cases/tCC Test Multiple Sessions' .

2021-01-06 09:27:20 - [MESSAGE][INFO] - Video recording for test case 'Test Cases/tCC Test Cases/tCC Test Multiple Sessions' .]]></system-out>
         <system-err><![CDATA[]]></system-err>
      </testcase>
      <testcase name="Test Cases/tCC Test Cases/tCC Test Permissions" time="77.799" classname="Test Cases/tCC Test Cases/tCC Test Permissions" status="PASSED">
         <system-out><![CDATA[2021-01-06 09:27:20 - [TEST_CASE][PASSED] - Test Cases/tCC Test Cases/tCC Test Permissions: Test Cases/tCC Test Cases/tCC Test Permissions

2021-01-06 09:27:20 - [TEST_STEP][PASSED] - Start listener action : sampleBeforeTestCase: null

2021-01-06 09:27:20 - [TEST_STEP][PASSED] - println("setup start"): null

2021-01-06 09:27:20 - [TEST_STEP][PASSED] - tcMessages = []: null

2021-01-06 09:27:20 - [TEST_STEP][PASSED] - executionProfile = getExecutionProfile(): null

2021-01-06 09:27:20 - [TEST_STEP][PASSED] - logInfo("Execution profile is " + executionProfile): Execution profile is tCC Develop

2021-01-06 09:27:20 - [MESSAGE][INFO] - Execution profile is tCC Develop

2021-01-06 09:27:20 - [TEST_STEP][PASSED] - if (systemOS == "" || systemOS == null): null

2021-01-06 09:27:20 - [TEST_STEP][PASSED] - if (pcUser == "" || pcUser == null): null

2021-01-06 09:27:20 - [TEST_STEP][PASSED] - scriptRunning = true: null

2021-01-06 09:27:20 - [TEST_STEP][PASSED] - println("setup success"): null

2021-01-06 09:27:25 - [TEST_STEP][PASSED] - callTestCase(findTestCase("tCC Components/tCC Login"), ["user":"tc01", "password":"tc01", "newSession":true], STOP_ON_FAILURE): Call Test Case 'Test Cases/tCC Components/tCC Login' successfully

2021-01-06 09:27:25 - [TEST_CASE][PASSED] - Test Cases/tCC Components/tCC Login: Test Cases/tCC Components/tCC Login

2021-01-06 09:27:25 - [TEST_STEP][PASSED] - if (newSession): null

2021-01-06 09:27:25 - [TEST_STEP][PASSED] - if (openBrowser): Current window maximized

2021-01-06 09:27:25 - [TEST_STEP][PASSED] - openBrowser(""): Browser is opened with url: ''

2021-01-06 09:27:25 - [MESSAGE][INFO] - Starting 'Chrome' driver

2021-01-06 09:27:26 - [MESSAGE][INFO] - Action delay is set to 0 milliseconds

2021-01-06 09:27:34 - [MESSAGE][PASSED] - Browser is opened with url: ''

2021-01-06 09:27:34 - [TEST_STEP][PASSED] - maximizeWindow(): Current window maximized

2021-01-06 09:27:34 - [MESSAGE][PASSED] - Current window maximized

2021-01-06 09:27:34 - [TEST_STEP][PASSED] - println("Opening " + url): null

2021-01-06 09:27:34 - [TEST_STEP][PASSED] - navigateToUrl(url): Navigate to 'https://develop--tc-create-app.netlify.app/' successfully

2021-01-06 09:27:45 - [MESSAGE][PASSED] - Navigate to 'https://develop--tc-create-app.netlify.app/' successfully

2021-01-06 09:27:45 - [TEST_STEP][PASSED] - waitForElementVisible(findTestObject("Page_tC Create/text_tCCVersion"), 30): Object 'Object Repository/Page_tC Create/text_tCCVersion' is visible

2021-01-06 09:27:46 - [MESSAGE][PASSED] - Object 'Object Repository/Page_tC Create/text_tCCVersion' is visible

2021-01-06 09:27:46 - [TEST_STEP][PASSED] - version = getText(findTestObject("Page_tC Create/text_tCCVersion")): Text of object 'Object Repository/Page_tC Create/text_tCCVersion' is: 'translationCore Create - v1.1.0-rc.3'

2021-01-06 09:27:46 - [MESSAGE][PASSED] - Text of object 'Object Repository/Page_tC Create/text_tCCVersion' is: 'translationCore Create - v1.1.0-rc.3'

2021-01-06 09:27:46 - [TEST_STEP][PASSED] - version = version: null

2021-01-06 09:27:46 - [TEST_STEP][PASSED] - println("Version is " + version): null

2021-01-06 09:27:46 - [TEST_STEP][PASSED] - if (user == ""): null

2021-01-06 09:27:46 - [TEST_STEP][PASSED] - else if (user != "?"): null

2021-01-06 09:27:46 - [TEST_STEP][PASSED] - println("Logging in as " + user): null

2021-01-06 09:27:46 - [TEST_STEP][PASSED] - setText(findTestObject("Page_tC Create/input__username"), user): Text 'tc01' is set on object 'Object Repository/Page_tC Create/input__username'

2021-01-06 09:27:47 - [MESSAGE][PASSED] - Text 'tc01' is set on object 'Object Repository/Page_tC Create/input__username'

2021-01-06 09:27:47 - [TEST_STEP][PASSED] - setText(findTestObject("Page_tC Create/input__password"), password): Text 'tc01' is set on object 'Object Repository/Page_tC Create/input__password'

2021-01-06 09:27:48 - [MESSAGE][PASSED] - Text 'tc01' is set on object 'Object Repository/Page_tC Create/input__password'

2021-01-06 09:27:48 - [TEST_STEP][PASSED] - if (verifyElementPresent(findTestObject("Page_tC Create/button_Login"), 1, OPTIONAL)): null

2021-01-06 09:27:49 - [MESSAGE][PASSED] - Object 'Object Repository/Page_tC Create/button_Login' is present

2021-01-06 09:27:49 - [TEST_STEP][PASSED] - click(findTestObject("Page_tC Create/button_Login")): Object: 'Object Repository/Page_tC Create/button_Login' is clicked on

2021-01-06 09:27:49 - [MESSAGE][PASSED] - Object: 'Object Repository/Page_tC Create/button_Login' is clicked on

2021-01-06 09:27:49 - [MESSAGE][PASSED] - Call Test Case 'Test Cases/tCC Components/tCC Login' successfully

2021-01-06 09:27:49 - [TEST_STEP][PASSED] - if (!(callTestCase(findTestCase("tCC Components/tCC Select Org-Lang-Resource"), ["organization":"", "language":"", "resource":"unfoldingWordÂ® Translation Academy"], STOP_ON_FAILURE))): Call Test Case 'Test Cases/tCC Components/tCC Select Org-Lang-Resource' successfully

2021-01-06 09:27:49 - [TEST_CASE][PASSED] - Test Cases/tCC Components/tCC Select Org-Lang-Resource: Test Cases/tCC Components/tCC Select Org-Lang-Resource

2021-01-06 09:27:49 - [TEST_STEP][PASSED] - if (organization == ""): null

2021-01-06 09:27:49 - [TEST_STEP][PASSED] - organization = organization: null

2021-01-06 09:27:49 - [TEST_STEP][PASSED] - if (language == ""): null

2021-01-06 09:27:49 - [TEST_STEP][PASSED] - language = langCode: null

2021-01-06 09:27:49 - [TEST_STEP][PASSED] - println("Choosing organization " + organization): null

2021-01-06 09:27:49 - [TEST_STEP][PASSED] - if (waitForElementPresent(organization, 5, OPTIONAL) == false): Object 'Object Repository/Page_tC Create/listOrg_translate_test' is present

2021-01-06 09:27:51 - [MESSAGE][PASSED] - Object 'Object Repository/Page_tC Create/listOrg_translate_test' is present

2021-01-06 09:27:51 - [TEST_STEP][PASSED] - else: null

2021-01-06 09:27:51 - [TEST_STEP][PASSED] - click(organization): Object: 'Object Repository/Page_tC Create/listOrg_translate_test' is clicked on

2021-01-06 09:27:52 - [MESSAGE][PASSED] - Object: 'Object Repository/Page_tC Create/listOrg_translate_test' is clicked on

2021-01-06 09:27:52 - [TEST_STEP][PASSED] - alerted = waitForAlert(2): No alert found after 2 second(s).

2021-01-06 09:27:54 - [MESSAGE][WARNING] - No alert found after 2 second(s).

2021-01-06 09:27:54 - [TEST_STEP][PASSED] - if (alerted == true): null

2021-01-06 09:27:54 - [TEST_STEP][PASSED] - else: Object: 'Object Repository/Page_tC Create/listOption_Language_Parmed' is clicked on

2021-01-06 09:27:54 - [TEST_STEP][PASSED] - println("Not alerted on organization"): null

2021-01-06 09:27:54 - [TEST_STEP][PASSED] - alertFlag = false: null

2021-01-06 09:27:54 - [TEST_STEP][PASSED] - println("Choosing resource " + resource): null

2021-01-06 09:27:54 - [TEST_STEP][PASSED] - click(findTestObject("Page_tC Create/resource_Parmed", ["resource":resource])): Object: 'Object Repository/Page_tC Create/resource_Parmed' is clicked on

2021-01-06 09:27:55 - [MESSAGE][PASSED] - Object: 'Object Repository/Page_tC Create/resource_Parmed' is clicked on

2021-01-06 09:27:55 - [TEST_STEP][PASSED] - println("Choosing language " + language): null

2021-01-06 09:27:55 - [TEST_STEP][PASSED] - click(findTestObject("Page_tC Create/combo_Select Language")): Object: 'Object Repository/Page_tC Create/combo_Select Language' is clicked on

2021-01-06 09:27:56 - [MESSAGE][PASSED] - Object: 'Object Repository/Page_tC Create/combo_Select Language' is clicked on

2021-01-06 09:27:56 - [TEST_STEP][PASSED] - click(findTestObject("Page_tC Create/listOption_Language_Parmed", ["lang_code":language])): Object: 'Object Repository/Page_tC Create/listOption_Language_Parmed' is clicked on

2021-01-06 09:27:57 - [MESSAGE][PASSED] - Object: 'Object Repository/Page_tC Create/listOption_Language_Parmed' is clicked on

2021-01-06 09:27:57 - [TEST_STEP][PASSED] - return true: null

2021-01-06 09:27:57 - [MESSAGE][PASSED] - Call Test Case 'Test Cases/tCC Components/tCC Select Org-Lang-Resource' successfully

2021-01-06 09:27:57 - [TEST_STEP][PASSED] - closeBrowser(): Browser is closed

2021-01-06 09:27:57 - [MESSAGE][PASSED] - Browser is closed

2021-01-06 09:27:57 - [TEST_STEP][PASSED] - callTestCase(findTestCase("tCC Components/tCC Login"), ["user":"tc02", "password":"tc02", "newSession":true], STOP_ON_FAILURE): Call Test Case 'Test Cases/tCC Components/tCC Login' successfully

2021-01-06 09:27:57 - [TEST_CASE][PASSED] - Test Cases/tCC Components/tCC Login: Test Cases/tCC Components/tCC Login

2021-01-06 09:27:57 - [TEST_STEP][PASSED] - if (newSession): null

2021-01-06 09:27:57 - [TEST_STEP][PASSED] - if (openBrowser): Current window maximized

2021-01-06 09:27:57 - [TEST_STEP][PASSED] - openBrowser(""): Browser is opened with url: ''

2021-01-06 09:27:57 - [MESSAGE][INFO] - Starting 'Chrome' driver

2021-01-06 09:27:57 - [MESSAGE][INFO] - Action delay is set to 0 milliseconds

2021-01-06 09:28:01 - [MESSAGE][PASSED] - Browser is opened with url: ''

2021-01-06 09:28:01 - [TEST_STEP][PASSED] - maximizeWindow(): Current window maximized

2021-01-06 09:28:02 - [MESSAGE][PASSED] - Current window maximized

2021-01-06 09:28:02 - [TEST_STEP][PASSED] - println("Opening " + url): null

2021-01-06 09:28:02 - [TEST_STEP][PASSED] - navigateToUrl(url): Navigate to 'https://develop--tc-create-app.netlify.app/' successfully

2021-01-06 09:28:08 - [MESSAGE][PASSED] - Navigate to 'https://develop--tc-create-app.netlify.app/' successfully

2021-01-06 09:28:08 - [TEST_STEP][PASSED] - waitForElementVisible(findTestObject("Page_tC Create/text_tCCVersion"), 30): Object 'Object Repository/Page_tC Create/text_tCCVersion' is visible

2021-01-06 09:28:08 - [MESSAGE][PASSED] - Object 'Object Repository/Page_tC Create/text_tCCVersion' is visible

2021-01-06 09:28:08 - [TEST_STEP][PASSED] - version = getText(findTestObject("Page_tC Create/text_tCCVersion")): Text of object 'Object Repository/Page_tC Create/text_tCCVersion' is: 'translationCore Create - v1.1.0-rc.3'

2021-01-06 09:28:09 - [MESSAGE][PASSED] - Text of object 'Object Repository/Page_tC Create/text_tCCVersion' is: 'translationCore Create - v1.1.0-rc.3'

2021-01-06 09:28:09 - [TEST_STEP][PASSED] - version = version: null

2021-01-06 09:28:09 - [TEST_STEP][PASSED] - println("Version is " + version): null

2021-01-06 09:28:09 - [TEST_STEP][PASSED] - if (user == ""): null

2021-01-06 09:28:09 - [TEST_STEP][PASSED] - else if (user != "?"): null

2021-01-06 09:28:09 - [TEST_STEP][PASSED] - println("Logging in as " + user): null

2021-01-06 09:28:09 - [TEST_STEP][PASSED] - setText(findTestObject("Page_tC Create/input__username"), user): Text 'tc02' is set on object 'Object Repository/Page_tC Create/input__username'

2021-01-06 09:28:10 - [MESSAGE][PASSED] - Text 'tc02' is set on object 'Object Repository/Page_tC Create/input__username'

2021-01-06 09:28:10 - [TEST_STEP][PASSED] - setText(findTestObject("Page_tC Create/input__password"), password): Text 'tc02' is set on object 'Object Repository/Page_tC Create/input__password'

2021-01-06 09:28:11 - [MESSAGE][PASSED] - Text 'tc02' is set on object 'Object Repository/Page_tC Create/input__password'

2021-01-06 09:28:11 - [TEST_STEP][PASSED] - if (verifyElementPresent(findTestObject("Page_tC Create/button_Login"), 1, OPTIONAL)): null

2021-01-06 09:28:11 - [MESSAGE][PASSED] - Object 'Object Repository/Page_tC Create/button_Login' is present

2021-01-06 09:28:11 - [TEST_STEP][PASSED] - click(findTestObject("Page_tC Create/button_Login")): Object: 'Object Repository/Page_tC Create/button_Login' is clicked on

2021-01-06 09:28:12 - [MESSAGE][PASSED] - Object: 'Object Repository/Page_tC Create/button_Login' is clicked on

2021-01-06 09:28:17 - [MESSAGE][PASSED] - Call Test Case 'Test Cases/tCC Components/tCC Login' successfully

2021-01-06 09:28:17 - [TEST_STEP][PASSED] - if (!(verifyElementPresent(findTestObject("Page_tC Create/msg_No organizations for this account"), 1, OPTIONAL))): Object 'Object Repository/Page_tC Create/msg_No organizations for this account' is present

2021-01-06 09:28:17 - [MESSAGE][PASSED] - Object 'Object Repository/Page_tC Create/msg_No organizations for this account' is present

2021-01-06 09:28:17 - [TEST_STEP][PASSED] - closeBrowser(): Browser is closed

2021-01-06 09:28:18 - [MESSAGE][PASSED] - Browser is closed

2021-01-06 09:28:18 - [TEST_STEP][PASSED] - callTestCase(findTestCase("tCC Components/tCC Login"), ["user":"tc02", "password":"tc111", "newSession":true], STOP_ON_FAILURE): Call Test Case 'Test Cases/tCC Components/tCC Login' successfully

2021-01-06 09:28:18 - [TEST_CASE][PASSED] - Test Cases/tCC Components/tCC Login: Test Cases/tCC Components/tCC Login

2021-01-06 09:28:18 - [TEST_STEP][PASSED] - if (newSession): null

2021-01-06 09:28:18 - [TEST_STEP][PASSED] - if (openBrowser): Current window maximized

2021-01-06 09:28:18 - [TEST_STEP][PASSED] - openBrowser(""): Browser is opened with url: ''

2021-01-06 09:28:18 - [MESSAGE][INFO] - Starting 'Chrome' driver

2021-01-06 09:28:18 - [MESSAGE][INFO] - Action delay is set to 0 milliseconds

2021-01-06 09:28:22 - [MESSAGE][PASSED] - Browser is opened with url: ''

2021-01-06 09:28:22 - [TEST_STEP][PASSED] - maximizeWindow(): Current window maximized

2021-01-06 09:28:22 - [MESSAGE][PASSED] - Current window maximized

2021-01-06 09:28:22 - [TEST_STEP][PASSED] - println("Opening " + url): null

2021-01-06 09:28:22 - [TEST_STEP][PASSED] - navigateToUrl(url): Navigate to 'https://develop--tc-create-app.netlify.app/' successfully

2021-01-06 09:28:27 - [MESSAGE][PASSED] - Navigate to 'https://develop--tc-create-app.netlify.app/' successfully

2021-01-06 09:28:27 - [TEST_STEP][PASSED] - waitForElementVisible(findTestObject("Page_tC Create/text_tCCVersion"), 30): Object 'Object Repository/Page_tC Create/text_tCCVersion' is visible

2021-01-06 09:28:28 - [MESSAGE][PASSED] - Object 'Object Repository/Page_tC Create/text_tCCVersion' is visible

2021-01-06 09:28:28 - [TEST_STEP][PASSED] - version = getText(findTestObject("Page_tC Create/text_tCCVersion")): Text of object 'Object Repository/Page_tC Create/text_tCCVersion' is: 'translationCore Create - v1.1.0-rc.3'

2021-01-06 09:28:28 - [MESSAGE][PASSED] - Text of object 'Object Repository/Page_tC Create/text_tCCVersion' is: 'translationCore Create - v1.1.0-rc.3'

2021-01-06 09:28:28 - [TEST_STEP][PASSED] - version = version: null

2021-01-06 09:28:28 - [TEST_STEP][PASSED] - println("Version is " + version): null

2021-01-06 09:28:28 - [TEST_STEP][PASSED] - if (user == ""): null

2021-01-06 09:28:28 - [TEST_STEP][PASSED] - else if (user != "?"): null

2021-01-06 09:28:28 - [TEST_STEP][PASSED] - println("Logging in as " + user): null

2021-01-06 09:28:28 - [TEST_STEP][PASSED] - setText(findTestObject("Page_tC Create/input__username"), user): Text 'tc02' is set on object 'Object Repository/Page_tC Create/input__username'

2021-01-06 09:28:29 - [MESSAGE][PASSED] - Text 'tc02' is set on object 'Object Repository/Page_tC Create/input__username'

2021-01-06 09:28:29 - [TEST_STEP][PASSED] - setText(findTestObject("Page_tC Create/input__password"), password): Text 'tc111' is set on object 'Object Repository/Page_tC Create/input__password'

2021-01-06 09:28:30 - [MESSAGE][PASSED] - Text 'tc111' is set on object 'Object Repository/Page_tC Create/input__password'

2021-01-06 09:28:30 - [TEST_STEP][PASSED] - if (verifyElementPresent(findTestObject("Page_tC Create/button_Login"), 1, OPTIONAL)): null

2021-01-06 09:28:30 - [MESSAGE][PASSED] - Object 'Object Repository/Page_tC Create/button_Login' is present

2021-01-06 09:28:30 - [TEST_STEP][PASSED] - click(findTestObject("Page_tC Create/button_Login")): Object: 'Object Repository/Page_tC Create/button_Login' is clicked on

2021-01-06 09:28:30 - [MESSAGE][PASSED] - Object: 'Object Repository/Page_tC Create/button_Login' is clicked on

2021-01-06 09:28:36 - [MESSAGE][PASSED] - Call Test Case 'Test Cases/tCC Components/tCC Login' successfully

2021-01-06 09:28:36 - [TEST_STEP][PASSED] - if (!(verifyElementPresent(findTestObject("Page_tC Create/msg_Password is Invalid"), 1, OPTIONAL))): Object 'Object Repository/Page_tC Create/msg_Password is Invalid' is present

2021-01-06 09:28:36 - [MESSAGE][PASSED] - Object 'Object Repository/Page_tC Create/msg_Password is Invalid' is present

2021-01-06 09:28:36 - [TEST_STEP][PASSED] - scriptRunning = false: null

2021-01-06 09:28:36 - [TEST_STEP][PASSED] - closeBrowser(): Browser is closed

2021-01-06 09:28:36 - [MESSAGE][PASSED] - Browser is closed

2021-01-06 09:28:36 - [TEST_STEP][PASSED] - Start listener action : sampleAfterTestCase: null

2021-01-06 09:28:36 - [TEST_STEP][PASSED] - suite = false: null

2021-01-06 09:28:36 - [TEST_STEP][PASSED] - fileName = testSuiteLogFile: null

2021-01-06 09:28:36 - [TEST_STEP][PASSED] - if (fileName.length() > 1): null

2021-01-06 09:28:36 - [TEST_STEP][PASSED] - suite = true: null

2021-01-06 09:28:36 - [TEST_STEP][PASSED] - println("test case teardown in suite"): null

2021-01-06 09:28:36 - [TEST_STEP][PASSED] - println("log file is at " + fileName): null

2021-01-06 09:28:36 - [TEST_STEP][PASSED] - browser = unfoldingWord_Keywords.GetTestingConfig.getBrowserAndVersion(): unfoldingWord_Keywords.GetTestingConfig.getBrowserAndVersion is PASSED

2021-01-06 09:28:36 - [MESSAGE][PASSED] - unfoldingWord_Keywords.GetTestingConfig.getBrowserAndVersion is PASSED

2021-01-06 09:28:36 - [TEST_STEP][PASSED] - separator = "===================================================================================================================================================": null

2021-01-06 09:28:36 - [TEST_STEP][PASSED] - msg = separator: null

2021-01-06 09:28:36 - [TEST_STEP][PASSED] - println(msg): null

2021-01-06 09:28:36 - [TEST_STEP][PASSED] - if (suite): null

2021-01-06 09:28:36 - [TEST_STEP][PASSED] - oFile = new java.io.File(fileName): null

2021-01-06 09:28:36 - [TEST_STEP][PASSED] - oFile.append(msg + "
"): null

2021-01-06 09:28:36 - [TEST_STEP][PASSED] - prefix = " +++++++++++ ": null

2021-01-06 09:28:36 - [TEST_STEP][PASSED] - testCaseStatus = testCaseContext.getTestCaseStatus(): null

2021-01-06 09:28:36 - [TEST_STEP][PASSED] - if (scriptRunning): null

2021-01-06 09:28:36 - [TEST_STEP][PASSED] - if (testCaseStatus != "PASSED"): null

2021-01-06 09:28:36 - [TEST_STEP][PASSED] - msg = prefix + testCaseContext.getTestCaseId() + " on " + version + " running on " + browser + " " + testCaseStatus + prefix: null

2021-01-06 09:28:36 - [TEST_STEP][PASSED] - println(msg): null

2021-01-06 09:28:36 - [TEST_STEP][PASSED] - if (suite): null

2021-01-06 09:28:36 - [TEST_STEP][PASSED] - oFile = new java.io.File(fileName): null

2021-01-06 09:28:36 - [TEST_STEP][PASSED] - oFile.append(msg + "
"): null

2021-01-06 09:28:36 - [TEST_STEP][PASSED] - tsMessages.add("##" + testCaseContext.getTestCaseId()): null

2021-01-06 09:28:36 - [TEST_STEP][PASSED] - if (scriptRunning): null

2021-01-06 09:28:36 - [TEST_STEP][PASSED] - if (tcMessages.size() > 0): null

2021-01-06 09:28:36 - [TEST_STEP][PASSED] - if (scriptRunning && 1 == 2): null

2021-01-06 09:28:36 - [TEST_STEP][PASSED] - if (testCount > 0): null

2021-01-06 09:28:36 - [TEST_STEP][PASSED] - msg = separator: null

2021-01-06 09:28:36 - [TEST_STEP][PASSED] - println(msg): null

2021-01-06 09:28:36 - [TEST_STEP][PASSED] - if (suite): null

2021-01-06 09:28:36 - [TEST_STEP][PASSED] - oFile = new java.io.File(fileName): null

2021-01-06 09:28:36 - [TEST_STEP][PASSED] - oFile.append(msg + "

"): null

2021-01-06 09:28:38 - [TEST_STEP][PASSED] - Video: Video recording for test case 'Test Cases/tCC Test Cases/tCC Test Permissions' .

2021-01-06 09:28:38 - [MESSAGE][INFO] - Video recording for test case 'Test Cases/tCC Test Cases/tCC Test Permissions' .]]></system-out>
         <system-err><![CDATA[]]></system-err>
      </testcase>
      <testcase name="Test Cases/tCC Test Cases/tCC tN Test Column Options" time="123.468" classname="Test Cases/tCC Test Cases/tCC tN Test Column Options" status="PASSED">
         <system-out><![CDATA[2021-01-06 09:28:38 - [TEST_CASE][PASSED] - Test Cases/tCC Test Cases/tCC tN Test Column Options: Test Cases/tCC Test Cases/tCC tN Test Column Options

2021-01-06 09:28:38 - [TEST_STEP][PASSED] - Start listener action : sampleBeforeTestCase: null

2021-01-06 09:28:38 - [TEST_STEP][PASSED] - println("setup start"): null

2021-01-06 09:28:38 - [TEST_STEP][PASSED] - tcMessages = []: null

2021-01-06 09:28:38 - [TEST_STEP][PASSED] - executionProfile = getExecutionProfile(): null

2021-01-06 09:28:38 - [TEST_STEP][PASSED] - logInfo("Execution profile is " + executionProfile): Execution profile is tCC Develop

2021-01-06 09:28:38 - [MESSAGE][INFO] - Execution profile is tCC Develop

2021-01-06 09:28:38 - [TEST_STEP][PASSED] - if (systemOS == "" || systemOS == null): null

2021-01-06 09:28:38 - [TEST_STEP][PASSED] - if (pcUser == "" || pcUser == null): null

2021-01-06 09:28:38 - [TEST_STEP][PASSED] - scriptRunning = true: null

2021-01-06 09:28:38 - [TEST_STEP][PASSED] - println("setup success"): null

2021-01-06 09:28:39 - [TEST_STEP][PASSED] - callTestCase(findTestCase("tCC Components/tCC tN Open For Edit"), [:], STOP_ON_FAILURE): Call Test Case 'Test Cases/tCC Components/tCC tN Open For Edit' successfully

2021-01-06 09:28:39 - [TEST_CASE][PASSED] - Test Cases/tCC Components/tCC tN Open For Edit: Test Cases/tCC Components/tCC tN Open For Edit

2021-01-06 09:28:39 - [TEST_STEP][PASSED] - callTestCase(findTestCase("tCC Components/tCC Login"), ["user":$username, "password":$password, "newSession":true], STOP_ON_FAILURE): Call Test Case 'Test Cases/tCC Components/tCC Login' successfully

2021-01-06 09:28:39 - [TEST_CASE][PASSED] - Test Cases/tCC Components/tCC Login: Test Cases/tCC Components/tCC Login

2021-01-06 09:28:39 - [TEST_STEP][PASSED] - if (newSession): null

2021-01-06 09:28:39 - [TEST_STEP][PASSED] - if (openBrowser): Current window maximized

2021-01-06 09:28:39 - [TEST_STEP][PASSED] - openBrowser(""): Browser is opened with url: ''

2021-01-06 09:28:39 - [MESSAGE][INFO] - Starting 'Chrome' driver

2021-01-06 09:28:39 - [MESSAGE][INFO] - Action delay is set to 0 milliseconds

2021-01-06 09:28:42 - [MESSAGE][PASSED] - Browser is opened with url: ''

2021-01-06 09:28:42 - [TEST_STEP][PASSED] - maximizeWindow(): Current window maximized

2021-01-06 09:28:43 - [MESSAGE][PASSED] - Current window maximized

2021-01-06 09:28:43 - [TEST_STEP][PASSED] - println("Opening " + url): null

2021-01-06 09:28:43 - [TEST_STEP][PASSED] - navigateToUrl(url): Navigate to 'https://develop--tc-create-app.netlify.app/' successfully

2021-01-06 09:28:49 - [MESSAGE][PASSED] - Navigate to 'https://develop--tc-create-app.netlify.app/' successfully

2021-01-06 09:28:49 - [TEST_STEP][PASSED] - waitForElementVisible(findTestObject("Page_tC Create/text_tCCVersion"), 30): Object 'Object Repository/Page_tC Create/text_tCCVersion' is visible

2021-01-06 09:28:50 - [MESSAGE][PASSED] - Object 'Object Repository/Page_tC Create/text_tCCVersion' is visible

2021-01-06 09:28:50 - [TEST_STEP][PASSED] - version = getText(findTestObject("Page_tC Create/text_tCCVersion")): Text of object 'Object Repository/Page_tC Create/text_tCCVersion' is: 'translationCore Create - v1.1.0-rc.3'

2021-01-06 09:28:50 - [MESSAGE][PASSED] - Text of object 'Object Repository/Page_tC Create/text_tCCVersion' is: 'translationCore Create - v1.1.0-rc.3'

2021-01-06 09:28:50 - [TEST_STEP][PASSED] - version = version: null

2021-01-06 09:28:50 - [TEST_STEP][PASSED] - println("Version is " + version): null

2021-01-06 09:28:50 - [TEST_STEP][PASSED] - if (user == ""): null

2021-01-06 09:28:50 - [TEST_STEP][PASSED] - println("Logging in as " + user1Name): null

2021-01-06 09:28:50 - [TEST_STEP][PASSED] - setText(findTestObject("Page_tC Create/input__username"), user1Name): Text 'tc01' is set on object 'Object Repository/Page_tC Create/input__username'

2021-01-06 09:28:51 - [MESSAGE][PASSED] - Text 'tc01' is set on object 'Object Repository/Page_tC Create/input__username'

2021-01-06 09:28:51 - [TEST_STEP][PASSED] - setText(findTestObject("Page_tC Create/input__password"), user1Password): Text 'tc01' is set on object 'Object Repository/Page_tC Create/input__password'

2021-01-06 09:28:52 - [MESSAGE][PASSED] - Text 'tc01' is set on object 'Object Repository/Page_tC Create/input__password'

2021-01-06 09:28:52 - [TEST_STEP][PASSED] - if (verifyElementPresent(findTestObject("Page_tC Create/button_Login"), 1, OPTIONAL)): null

2021-01-06 09:28:52 - [MESSAGE][PASSED] - Object 'Object Repository/Page_tC Create/button_Login' is present

2021-01-06 09:28:52 - [TEST_STEP][PASSED] - click(findTestObject("Page_tC Create/button_Login")): Object: 'Object Repository/Page_tC Create/button_Login' is clicked on

2021-01-06 09:28:52 - [MESSAGE][PASSED] - Object: 'Object Repository/Page_tC Create/button_Login' is clicked on

2021-01-06 09:28:57 - [MESSAGE][PASSED] - Call Test Case 'Test Cases/tCC Components/tCC Login' successfully

2021-01-06 09:28:57 - [TEST_STEP][PASSED] - if (callTestCase(findTestCase("tCC Components/tCC Select Org-Lang-Resource"), ["organization":"", "language":"", "resource":"unfoldingWord/en_tn"], STOP_ON_FAILURE) == false): Call Test Case 'Test Cases/tCC Components/tCC Select Org-Lang-Resource' successfully

2021-01-06 09:28:57 - [TEST_CASE][PASSED] - Test Cases/tCC Components/tCC Select Org-Lang-Resource: Test Cases/tCC Components/tCC Select Org-Lang-Resource

2021-01-06 09:28:57 - [TEST_STEP][PASSED] - if (organization == ""): null

2021-01-06 09:28:57 - [TEST_STEP][PASSED] - organization = organization: null

2021-01-06 09:28:57 - [TEST_STEP][PASSED] - if (language == ""): null

2021-01-06 09:28:57 - [TEST_STEP][PASSED] - language = langCode: null

2021-01-06 09:28:57 - [TEST_STEP][PASSED] - println("Choosing organization " + organization): null

2021-01-06 09:28:57 - [TEST_STEP][PASSED] - if (waitForElementPresent(organization, 5, OPTIONAL) == false): Object 'Object Repository/Page_tC Create/listOrg_translate_test' is present

2021-01-06 09:28:58 - [MESSAGE][PASSED] - Object 'Object Repository/Page_tC Create/listOrg_translate_test' is present

2021-01-06 09:28:58 - [TEST_STEP][PASSED] - else: null

2021-01-06 09:28:58 - [TEST_STEP][PASSED] - click(organization): Object: 'Object Repository/Page_tC Create/listOrg_translate_test' is clicked on

2021-01-06 09:28:58 - [MESSAGE][PASSED] - Object: 'Object Repository/Page_tC Create/listOrg_translate_test' is clicked on

2021-01-06 09:28:58 - [TEST_STEP][PASSED] - alerted = waitForAlert(2): No alert found after 2 second(s).

2021-01-06 09:29:00 - [MESSAGE][WARNING] - No alert found after 2 second(s).

2021-01-06 09:29:00 - [TEST_STEP][PASSED] - if (alerted == true): null

2021-01-06 09:29:00 - [TEST_STEP][PASSED] - else: Object: 'Object Repository/Page_tC Create/listOption_Language_Parmed' is clicked on

2021-01-06 09:29:00 - [TEST_STEP][PASSED] - println("Not alerted on organization"): null

2021-01-06 09:29:00 - [TEST_STEP][PASSED] - alertFlag = false: null

2021-01-06 09:29:00 - [TEST_STEP][PASSED] - println("Choosing resource " + resource): null

2021-01-06 09:29:00 - [TEST_STEP][PASSED] - click(findTestObject("Page_tC Create/resource_Parmed", ["resource":resource])): Object: 'Object Repository/Page_tC Create/resource_Parmed' is clicked on

2021-01-06 09:29:01 - [MESSAGE][PASSED] - Object: 'Object Repository/Page_tC Create/resource_Parmed' is clicked on

2021-01-06 09:29:01 - [TEST_STEP][PASSED] - println("Choosing language " + language): null

2021-01-06 09:29:01 - [TEST_STEP][PASSED] - click(findTestObject("Page_tC Create/combo_Select Language")): Object: 'Object Repository/Page_tC Create/combo_Select Language' is clicked on

2021-01-06 09:29:01 - [MESSAGE][PASSED] - Object: 'Object Repository/Page_tC Create/combo_Select Language' is clicked on

2021-01-06 09:29:01 - [TEST_STEP][PASSED] - click(findTestObject("Page_tC Create/listOption_Language_Parmed", ["lang_code":language])): Object: 'Object Repository/Page_tC Create/listOption_Language_Parmed' is clicked on

2021-01-06 09:29:02 - [MESSAGE][PASSED] - Object: 'Object Repository/Page_tC Create/listOption_Language_Parmed' is clicked on

2021-01-06 09:29:02 - [TEST_STEP][PASSED] - return true: null

2021-01-06 09:29:07 - [MESSAGE][PASSED] - Call Test Case 'Test Cases/tCC Components/tCC Select Org-Lang-Resource' successfully

2021-01-06 09:29:07 - [TEST_STEP][PASSED] - try: null

2021-01-06 09:29:07 - [TEST_STEP][PASSED] - myFile = file: null

2021-01-06 09:29:07 - [TEST_STEP][PASSED] - catch (Exception e): Object: 'Object Repository/Page_tC Create/file_Parmed' is clicked on

2021-01-06 09:29:07 - [TEST_STEP][PASSED] - click(findTestObject("Page_tC Create/file_Parmed", ["fileName":tNFile])): Object: 'Object Repository/Page_tC Create/file_Parmed' is clicked on

2021-01-06 09:29:08 - [MESSAGE][PASSED] - Object: 'Object Repository/Page_tC Create/file_Parmed' is clicked on

2021-01-06 09:29:13 - [MESSAGE][PASSED] - Call Test Case 'Test Cases/tCC Components/tCC tN Open For Edit' successfully

2021-01-06 09:29:13 - [TEST_STEP][PASSED] - delay(5): Delayed 5 second(s)

2021-01-06 09:29:18 - [MESSAGE][PASSED] - Delayed 5 second(s)

2021-01-06 09:29:18 - [TEST_STEP][PASSED] - try: Object: 'Object Repository/Page_tC Create/button_DrawerClose' is clicked on

2021-01-06 09:29:18 - [TEST_STEP][PASSED] - click(findTestObject("Page_tC Create/button_DrawerOpen"), OPTIONAL): Object: 'Object Repository/Page_tC Create/button_DrawerOpen' is clicked on

2021-01-06 09:29:18 - [MESSAGE][PASSED] - Object: 'Object Repository/Page_tC Create/button_DrawerOpen' is clicked on

2021-01-06 09:29:18 - [TEST_STEP][PASSED] - delay(2): Delayed 2 second(s)

2021-01-06 09:29:20 - [MESSAGE][PASSED] - Delayed 2 second(s)

2021-01-06 09:29:20 - [TEST_STEP][PASSED] - click(findTestObject("Page_tC Create/button_DrawerClose")): Object: 'Object Repository/Page_tC Create/button_DrawerClose' is clicked on

2021-01-06 09:29:21 - [MESSAGE][PASSED] - Object: 'Object Repository/Page_tC Create/button_DrawerClose' is clicked on

2021-01-06 09:29:21 - [TEST_STEP][PASSED] - page = "Page_tCC translationNotes/": null

2021-01-06 09:29:21 - [TEST_STEP][PASSED] - columns = []: null

2021-01-06 09:29:21 - [TEST_STEP][PASSED] - columns = ["Page_tCC translationNotes/columns_RowHeader", "Page_tCC translationNotes/columns_Book", "Page_tCC translationNotes/columns_Chapter", "Page_tCC translationNotes/columns_Verse", "Page_tCC translationNotes/columns_ID", "Page_tCC translationNotes/columns_SupportReference", "Page_tCC translationNotes/columns_OrigQuote", "Page_tCC translationNotes/columns_Occurrence", "Page_tCC translationNotes/columns_GLQuote", "Page_tCC translationNotes/columns_OccurrenceNote"]: null

2021-01-06 09:29:21 - [TEST_STEP][PASSED] - elements = [][[]]: null

2021-01-06 09:29:21 - [TEST_STEP][PASSED] - elements = [["Page_tCC translationNotes/text_RowHeader_TIT frontintro", "Page_tCC translationNotes/text_RowHeader_TIT 1intro", "Page_tCC translationNotes/text_RowHeader_Titus 11"], ["Page_tCC translationNotes/label_Book", "Page_tCC translationNotes/text_Book_TIT"], ["Page_tCC translationNotes/label_Chapter", "Page_tCC translationNotes/text_Chapter_front", "Page_tCC translationNotes/text_Chapter_1"], ["Page_tCC translationNotes/label_Verse", "Page_tCC translationNotes/text_Verse_intro", "Page_tCC translationNotes/text_Verse_1"], ["Page_tCC translationNotes/label_ID", "Page_tCC translationNotes/text_ID_m2jl", "Page_tCC translationNotes/text_ID_c7me"], ["Page_tCC translationNotes/label_SupportReference", "Page_tCC translationNotes/text_SupRef_figs-abstractnouns"], ["Page_tCC translationNotes/label_OrigQuote", "Page_tCC translationNotes/text_OrigQuote1", "Page_tCC translationNotes/text_OrigQuote2"], ["Page_tCC translationNotes/label_Occurrence", "Page_tCC translationNotes/text_Occurrence_0", "Page_tCC translationNotes/text_Occurrence_1"], ["Page_tCC translationNotes/label_GLQuote", "Page_tCC translationNotes/text_GLQuote_for the faith", "Page_tCC translationNotes/text_GLQuote_knowledge"], ["Page_tCC translationNotes/label_OccurrenceNote", "Page_tCC translationNotes/text_OccurrenceNote_Who wrote the Book of Titus"]]: null

2021-01-06 09:29:21 - [TEST_STEP][PASSED] - click(findTestObject("Page_tCC translationNotes/button_ViewColumns")): Object: 'Object Repository/Page_tCC translationNotes/button_ViewColumns' is clicked on

2021-01-06 09:29:22 - [MESSAGE][PASSED] - Object: 'Object Repository/Page_tCC translationNotes/button_ViewColumns' is clicked on

2021-01-06 09:29:22 - [TEST_STEP][PASSED] - println("Setting all columns OFF"): null

2021-01-06 09:29:22 - [TEST_STEP][PASSED] - logInfo("Setting all columns OFF"): Setting all columns OFF

2021-01-06 09:29:22 - [MESSAGE][INFO] - Setting all columns OFF

2021-01-06 09:29:22 - [TEST_STEP][PASSED] - for (def c : (0..(columns.size() - 1))): Object 'Object Repository/Page_tCC translationNotes/columns_OccurrenceNote' is un-checked

2021-01-06 09:29:22 - [TEST_STEP][PASSED] - col = columns[c]: null

2021-01-06 09:29:22 - [TEST_STEP][PASSED] - uncheck(findTestObject(col), OPTIONAL): Object 'Object Repository/Page_tCC translationNotes/columns_RowHeader' is un-checked

2021-01-06 09:29:22 - [MESSAGE][PASSED] - Object 'Object Repository/Page_tCC translationNotes/columns_RowHeader' is un-checked

2021-01-06 09:29:22 - [TEST_STEP][PASSED] - col = columns[c]: null

2021-01-06 09:29:22 - [TEST_STEP][PASSED] - uncheck(findTestObject(col), OPTIONAL): Object 'Object Repository/Page_tCC translationNotes/columns_Book' is un-checked

2021-01-06 09:29:23 - [MESSAGE][PASSED] - Object 'Object Repository/Page_tCC translationNotes/columns_Book' is un-checked

2021-01-06 09:29:23 - [TEST_STEP][PASSED] - col = columns[c]: null

2021-01-06 09:29:23 - [TEST_STEP][PASSED] - uncheck(findTestObject(col), OPTIONAL): Object 'Object Repository/Page_tCC translationNotes/columns_Chapter' is un-checked

2021-01-06 09:29:23 - [MESSAGE][PASSED] - Object 'Object Repository/Page_tCC translationNotes/columns_Chapter' is un-checked

2021-01-06 09:29:23 - [TEST_STEP][PASSED] - col = columns[c]: null

2021-01-06 09:29:23 - [TEST_STEP][PASSED] - uncheck(findTestObject(col), OPTIONAL): Object 'Object Repository/Page_tCC translationNotes/columns_Verse' is un-checked

2021-01-06 09:29:24 - [MESSAGE][PASSED] - Object 'Object Repository/Page_tCC translationNotes/columns_Verse' is un-checked

2021-01-06 09:29:24 - [TEST_STEP][PASSED] - col = columns[c]: null

2021-01-06 09:29:24 - [TEST_STEP][PASSED] - uncheck(findTestObject(col), OPTIONAL): Object 'Object Repository/Page_tCC translationNotes/columns_ID' is un-checked

2021-01-06 09:29:24 - [MESSAGE][PASSED] - Object 'Object Repository/Page_tCC translationNotes/columns_ID' is un-checked

2021-01-06 09:29:24 - [TEST_STEP][PASSED] - col = columns[c]: null

2021-01-06 09:29:24 - [TEST_STEP][PASSED] - uncheck(findTestObject(col), OPTIONAL): Object 'Object Repository/Page_tCC translationNotes/columns_SupportReference' is un-checked

2021-01-06 09:29:25 - [MESSAGE][PASSED] - Object 'Object Repository/Page_tCC translationNotes/columns_SupportReference' is un-checked

2021-01-06 09:29:25 - [TEST_STEP][PASSED] - col = columns[c]: null

2021-01-06 09:29:25 - [TEST_STEP][PASSED] - uncheck(findTestObject(col), OPTIONAL): Object 'Object Repository/Page_tCC translationNotes/columns_OrigQuote' is un-checked

2021-01-06 09:29:25 - [MESSAGE][PASSED] - Object 'Object Repository/Page_tCC translationNotes/columns_OrigQuote' is un-checked

2021-01-06 09:29:25 - [TEST_STEP][PASSED] - col = columns[c]: null

2021-01-06 09:29:25 - [TEST_STEP][PASSED] - uncheck(findTestObject(col), OPTIONAL): Object 'Object Repository/Page_tCC translationNotes/columns_Occurrence' is un-checked

2021-01-06 09:29:26 - [MESSAGE][PASSED] - Object 'Object Repository/Page_tCC translationNotes/columns_Occurrence' is un-checked

2021-01-06 09:29:26 - [TEST_STEP][PASSED] - col = columns[c]: null

2021-01-06 09:29:26 - [TEST_STEP][PASSED] - uncheck(findTestObject(col), OPTIONAL): Object 'Object Repository/Page_tCC translationNotes/columns_GLQuote' is un-checked

2021-01-06 09:29:26 - [MESSAGE][PASSED] - Object 'Object Repository/Page_tCC translationNotes/columns_GLQuote' is un-checked

2021-01-06 09:29:26 - [TEST_STEP][PASSED] - col = columns[c]: null

2021-01-06 09:29:26 - [TEST_STEP][PASSED] - uncheck(findTestObject(col), OPTIONAL): Object 'Object Repository/Page_tCC translationNotes/columns_OccurrenceNote' is un-checked

2021-01-06 09:29:27 - [MESSAGE][PASSED] - Object 'Object Repository/Page_tCC translationNotes/columns_OccurrenceNote' is un-checked

2021-01-06 09:29:27 - [TEST_STEP][PASSED] - for (def c : (0..(columns.size() - 1))): Web element with id: 'Object Repository/Page_tCC translationNotes/text_OccurrenceNote_Who wrote the Book of Titus' located by 'By.xpath: //*[(text() = 'Who wrote the Book of Titus?' or . = 'Who wrote the Book of Titus?')]' is not present after '1' second(s)

2021-01-06 09:29:27 - [TEST_STEP][PASSED] - col = columns[c]: null

2021-01-06 09:29:27 - [TEST_STEP][PASSED] - click(findTestObject(col)): Object: 'Object Repository/Page_tCC translationNotes/columns_RowHeader' is clicked on

2021-01-06 09:29:28 - [MESSAGE][PASSED] - Object: 'Object Repository/Page_tCC translationNotes/columns_RowHeader' is clicked on

2021-01-06 09:29:28 - [TEST_STEP][PASSED] - verifyElementChecked(findTestObject(col), 1, CONTINUE_ON_FAILURE): Object 'Object Repository/Page_tCC translationNotes/columns_RowHeader' is checked

2021-01-06 09:29:29 - [MESSAGE][PASSED] - Object 'Object Repository/Page_tCC translationNotes/columns_RowHeader' is checked

2021-01-06 09:29:29 - [TEST_STEP][PASSED] - println("Testing for " + col + " elements visible."): null

2021-01-06 09:29:29 - [TEST_STEP][PASSED] - logInfo("Testing for " + col + " elements visible."): Testing for Page_tCC translationNotes/columns_RowHeader elements visible.

2021-01-06 09:29:29 - [MESSAGE][INFO] - Testing for Page_tCC translationNotes/columns_RowHeader elements visible.

2021-01-06 09:29:29 - [TEST_STEP][PASSED] - for (def e : (0..(elements[c].size() - 1))): Object 'Object Repository/Page_tCC translationNotes/text_RowHeader_Titus 11' is visible

2021-01-06 09:29:29 - [TEST_STEP][PASSED] - ele = elements[c][e]: null

2021-01-06 09:29:29 - [TEST_STEP][PASSED] - println("looking for " + ele): null

2021-01-06 09:29:29 - [TEST_STEP][PASSED] - logInfo("looking for " + ele): looking for Page_tCC translationNotes/text_RowHeader_TIT frontintro

2021-01-06 09:29:29 - [MESSAGE][INFO] - looking for Page_tCC translationNotes/text_RowHeader_TIT frontintro

2021-01-06 09:29:29 - [TEST_STEP][PASSED] - if (!(waitForElementVisible(findTestObject(ele), 1, OPTIONAL))): Object 'Object Repository/Page_tCC translationNotes/text_RowHeader_TIT frontintro' is visible

2021-01-06 09:29:29 - [MESSAGE][PASSED] - Object 'Object Repository/Page_tCC translationNotes/text_RowHeader_TIT frontintro' is visible

2021-01-06 09:29:29 - [TEST_STEP][PASSED] - ele = elements[c][e]: null

2021-01-06 09:29:29 - [TEST_STEP][PASSED] - println("looking for " + ele): null

2021-01-06 09:29:29 - [TEST_STEP][PASSED] - logInfo("looking for " + ele): looking for Page_tCC translationNotes/text_RowHeader_TIT 1intro

2021-01-06 09:29:29 - [MESSAGE][INFO] - looking for Page_tCC translationNotes/text_RowHeader_TIT 1intro

2021-01-06 09:29:29 - [TEST_STEP][PASSED] - if (!(waitForElementVisible(findTestObject(ele), 1, OPTIONAL))): Object 'Object Repository/Page_tCC translationNotes/text_RowHeader_TIT 1intro' is visible

2021-01-06 09:29:30 - [MESSAGE][PASSED] - Object 'Object Repository/Page_tCC translationNotes/text_RowHeader_TIT 1intro' is visible

2021-01-06 09:29:30 - [TEST_STEP][PASSED] - ele = elements[c][e]: null

2021-01-06 09:29:30 - [TEST_STEP][PASSED] - println("looking for " + ele): null

2021-01-06 09:29:30 - [TEST_STEP][PASSED] - logInfo("looking for " + ele): looking for Page_tCC translationNotes/text_RowHeader_Titus 11

2021-01-06 09:29:30 - [MESSAGE][INFO] - looking for Page_tCC translationNotes/text_RowHeader_Titus 11

2021-01-06 09:29:30 - [TEST_STEP][PASSED] - if (!(waitForElementVisible(findTestObject(ele), 1, OPTIONAL))): Object 'Object Repository/Page_tCC translationNotes/text_RowHeader_Titus 11' is visible

2021-01-06 09:29:30 - [MESSAGE][PASSED] - Object 'Object Repository/Page_tCC translationNotes/text_RowHeader_Titus 11' is visible

2021-01-06 09:29:30 - [TEST_STEP][PASSED] - println("Clicking " + col + " OFF, then Testing for elements not visible."): null

2021-01-06 09:29:30 - [TEST_STEP][PASSED] - logInfo("Clicking " + col + " OFF, then Testing for elements not visible."): Clicking Page_tCC translationNotes/columns_RowHeader OFF, then Testing for elements not visible.

2021-01-06 09:29:30 - [MESSAGE][INFO] - Clicking Page_tCC translationNotes/columns_RowHeader OFF, then Testing for elements not visible.

2021-01-06 09:29:30 - [TEST_STEP][PASSED] - click(findTestObject(col)): Object: 'Object Repository/Page_tCC translationNotes/columns_RowHeader' is clicked on

2021-01-06 09:29:31 - [MESSAGE][PASSED] - Object: 'Object Repository/Page_tCC translationNotes/columns_RowHeader' is clicked on

2021-01-06 09:29:31 - [TEST_STEP][PASSED] - verifyElementNotChecked(findTestObject(col), 1, CONTINUE_ON_FAILURE): Object 'Object Repository/Page_tCC translationNotes/columns_RowHeader' is not checked

2021-01-06 09:29:32 - [MESSAGE][PASSED] - Object 'Object Repository/Page_tCC translationNotes/columns_RowHeader' is not checked

2021-01-06 09:29:32 - [TEST_STEP][PASSED] - for (def e : (0..(elements[c].size() - 1))): Web element with id: 'Object Repository/Page_tCC translationNotes/text_RowHeader_Titus 11' located by 'By.xpath: //div[@id='header-1-1-rtc9']/div/div/div' is not present after '1' second(s)

2021-01-06 09:29:32 - [TEST_STEP][PASSED] - ele = page + elements[c][e]: null

2021-01-06 09:29:32 - [TEST_STEP][PASSED] - ele = elements[c][e]: null

2021-01-06 09:29:32 - [TEST_STEP][PASSED] - println("looking for " + ele): null

2021-01-06 09:29:32 - [TEST_STEP][PASSED] - logInfo("looking for " + ele): looking for Page_tCC translationNotes/text_RowHeader_TIT frontintro

2021-01-06 09:29:32 - [MESSAGE][INFO] - looking for Page_tCC translationNotes/text_RowHeader_TIT frontintro

2021-01-06 09:29:32 - [TEST_STEP][PASSED] - if (!(verifyElementNotPresent(findTestObject(ele), 1, CONTINUE_ON_FAILURE))): Web element with id: 'Object Repository/Page_tCC translationNotes/text_RowHeader_TIT frontintro' located by 'By.xpath: //div[@id='header-front-intro-m2jl']/div/div' is not present after '1' second(s)

2021-01-06 09:29:32 - [MESSAGE][PASSED] - Web element with id: 'Object Repository/Page_tCC translationNotes/text_RowHeader_TIT frontintro' located by 'By.xpath: //div[@id='header-front-intro-m2jl']/div/div' is not present after '1' second(s)

2021-01-06 09:29:32 - [TEST_STEP][PASSED] - ele = page + elements[c][e]: null

2021-01-06 09:29:32 - [TEST_STEP][PASSED] - ele = elements[c][e]: null

2021-01-06 09:29:32 - [TEST_STEP][PASSED] - println("looking for " + ele): null

2021-01-06 09:29:32 - [TEST_STEP][PASSED] - logInfo("looking for " + ele): looking for Page_tCC translationNotes/text_RowHeader_TIT 1intro

2021-01-06 09:29:32 - [MESSAGE][INFO] - looking for Page_tCC translationNotes/text_RowHeader_TIT 1intro

2021-01-06 09:29:32 - [TEST_STEP][PASSED] - if (!(verifyElementNotPresent(findTestObject(ele), 1, CONTINUE_ON_FAILURE))): Web element with id: 'Object Repository/Page_tCC translationNotes/text_RowHeader_TIT 1intro' located by 'By.xpath: //div[@id='header-1-intro-c7me']/div/div' is not present after '1' second(s)

2021-01-06 09:29:32 - [MESSAGE][PASSED] - Web element with id: 'Object Repository/Page_tCC translationNotes/text_RowHeader_TIT 1intro' located by 'By.xpath: //div[@id='header-1-intro-c7me']/div/div' is not present after '1' second(s)

2021-01-06 09:29:32 - [TEST_STEP][PASSED] - ele = page + elements[c][e]: null

2021-01-06 09:29:32 - [TEST_STEP][PASSED] - ele = elements[c][e]: null

2021-01-06 09:29:32 - [TEST_STEP][PASSED] - println("looking for " + ele): null

2021-01-06 09:29:32 - [TEST_STEP][PASSED] - logInfo("looking for " + ele): looking for Page_tCC translationNotes/text_RowHeader_Titus 11

2021-01-06 09:29:32 - [MESSAGE][INFO] - looking for Page_tCC translationNotes/text_RowHeader_Titus 11

2021-01-06 09:29:32 - [TEST_STEP][PASSED] - if (!(verifyElementNotPresent(findTestObject(ele), 1, CONTINUE_ON_FAILURE))): Web element with id: 'Object Repository/Page_tCC translationNotes/text_RowHeader_Titus 11' located by 'By.xpath: //div[@id='header-1-1-rtc9']/div/div/div' is not present after '1' second(s)

2021-01-06 09:29:33 - [MESSAGE][PASSED] - Web element with id: 'Object Repository/Page_tCC translationNotes/text_RowHeader_Titus 11' located by 'By.xpath: //div[@id='header-1-1-rtc9']/div/div/div' is not present after '1' second(s)

2021-01-06 09:29:33 - [TEST_STEP][PASSED] - col = columns[c]: null

2021-01-06 09:29:33 - [TEST_STEP][PASSED] - click(findTestObject(col)): Object: 'Object Repository/Page_tCC translationNotes/columns_Book' is clicked on

2021-01-06 09:29:33 - [MESSAGE][PASSED] - Object: 'Object Repository/Page_tCC translationNotes/columns_Book' is clicked on

2021-01-06 09:29:33 - [TEST_STEP][PASSED] - verifyElementChecked(findTestObject(col), 1, CONTINUE_ON_FAILURE): Object 'Object Repository/Page_tCC translationNotes/columns_Book' is checked

2021-01-06 09:29:34 - [MESSAGE][PASSED] - Object 'Object Repository/Page_tCC translationNotes/columns_Book' is checked

2021-01-06 09:29:34 - [TEST_STEP][PASSED] - println("Testing for " + col + " elements visible."): null

2021-01-06 09:29:34 - [TEST_STEP][PASSED] - logInfo("Testing for " + col + " elements visible."): Testing for Page_tCC translationNotes/columns_Book elements visible.

2021-01-06 09:29:34 - [MESSAGE][INFO] - Testing for Page_tCC translationNotes/columns_Book elements visible.

2021-01-06 09:29:34 - [TEST_STEP][PASSED] - for (def e : (0..(elements[c].size() - 1))): Object 'Object Repository/Page_tCC translationNotes/text_Book_TIT' is visible

2021-01-06 09:29:34 - [TEST_STEP][PASSED] - ele = elements[c][e]: null

2021-01-06 09:29:34 - [TEST_STEP][PASSED] - println("looking for " + ele): null

2021-01-06 09:29:34 - [TEST_STEP][PASSED] - logInfo("looking for " + ele): looking for Page_tCC translationNotes/label_Book

2021-01-06 09:29:34 - [MESSAGE][INFO] - looking for Page_tCC translationNotes/label_Book

2021-01-06 09:29:34 - [TEST_STEP][PASSED] - if (!(waitForElementVisible(findTestObject(ele), 1, OPTIONAL))): Object 'Object Repository/Page_tCC translationNotes/label_Book' is visible

2021-01-06 09:29:34 - [MESSAGE][PASSED] - Object 'Object Repository/Page_tCC translationNotes/label_Book' is visible

2021-01-06 09:29:34 - [TEST_STEP][PASSED] - ele = elements[c][e]: null

2021-01-06 09:29:34 - [TEST_STEP][PASSED] - println("looking for " + ele): null

2021-01-06 09:29:34 - [TEST_STEP][PASSED] - logInfo("looking for " + ele): looking for Page_tCC translationNotes/text_Book_TIT

2021-01-06 09:29:34 - [MESSAGE][INFO] - looking for Page_tCC translationNotes/text_Book_TIT

2021-01-06 09:29:34 - [TEST_STEP][PASSED] - if (!(waitForElementVisible(findTestObject(ele), 1, OPTIONAL))): Object 'Object Repository/Page_tCC translationNotes/text_Book_TIT' is visible

2021-01-06 09:29:34 - [MESSAGE][PASSED] - Object 'Object Repository/Page_tCC translationNotes/text_Book_TIT' is visible

2021-01-06 09:29:34 - [TEST_STEP][PASSED] - println("Clicking " + col + " OFF, then Testing for elements not visible."): null

2021-01-06 09:29:34 - [TEST_STEP][PASSED] - logInfo("Clicking " + col + " OFF, then Testing for elements not visible."): Clicking Page_tCC translationNotes/columns_Book OFF, then Testing for elements not visible.

2021-01-06 09:29:34 - [MESSAGE][INFO] - Clicking Page_tCC translationNotes/columns_Book OFF, then Testing for elements not visible.

2021-01-06 09:29:34 - [TEST_STEP][PASSED] - click(findTestObject(col)): Object: 'Object Repository/Page_tCC translationNotes/columns_Book' is clicked on

2021-01-06 09:29:35 - [MESSAGE][PASSED] - Object: 'Object Repository/Page_tCC translationNotes/columns_Book' is clicked on

2021-01-06 09:29:35 - [TEST_STEP][PASSED] - verifyElementNotChecked(findTestObject(col), 1, CONTINUE_ON_FAILURE): Object 'Object Repository/Page_tCC translationNotes/columns_Book' is not checked

2021-01-06 09:29:35 - [MESSAGE][PASSED] - Object 'Object Repository/Page_tCC translationNotes/columns_Book' is not checked

2021-01-06 09:29:35 - [TEST_STEP][PASSED] - for (def e : (0..(elements[c].size() - 1))): Web element with id: 'Object Repository/Page_tCC translationNotes/text_Book_TIT' located by 'By.xpath: //tr[@id='MUIDataTableBodyRow-0']/td/div/div/div/div/div/div/p' is not present after '1' second(s)

2021-01-06 09:29:35 - [TEST_STEP][PASSED] - ele = page + elements[c][e]: null

2021-01-06 09:29:35 - [TEST_STEP][PASSED] - ele = elements[c][e]: null

2021-01-06 09:29:35 - [TEST_STEP][PASSED] - println("looking for " + ele): null

2021-01-06 09:29:35 - [TEST_STEP][PASSED] - logInfo("looking for " + ele): looking for Page_tCC translationNotes/label_Book

2021-01-06 09:29:35 - [MESSAGE][INFO] - looking for Page_tCC translationNotes/label_Book

2021-01-06 09:29:35 - [TEST_STEP][PASSED] - if (!(verifyElementNotPresent(findTestObject(ele), 1, CONTINUE_ON_FAILURE))): Web element with id: 'Object Repository/Page_tCC translationNotes/label_Book' located by 'By.xpath: //tr[@id='MUIDataTableBodyRow-0']/td/div/div/div/div/h6' is not present after '1' second(s)

2021-01-06 09:29:36 - [MESSAGE][PASSED] - Web element with id: 'Object Repository/Page_tCC translationNotes/label_Book' located by 'By.xpath: //tr[@id='MUIDataTableBodyRow-0']/td/div/div/div/div/h6' is not present after '1' second(s)

2021-01-06 09:29:36 - [TEST_STEP][PASSED] - ele = page + elements[c][e]: null

2021-01-06 09:29:36 - [TEST_STEP][PASSED] - ele = elements[c][e]: null

2021-01-06 09:29:36 - [TEST_STEP][PASSED] - println("looking for " + ele): null

2021-01-06 09:29:36 - [TEST_STEP][PASSED] - logInfo("looking for " + ele): looking for Page_tCC translationNotes/text_Book_TIT

2021-01-06 09:29:36 - [MESSAGE][INFO] - looking for Page_tCC translationNotes/text_Book_TIT

2021-01-06 09:29:36 - [TEST_STEP][PASSED] - if (!(verifyElementNotPresent(findTestObject(ele), 1, CONTINUE_ON_FAILURE))): Web element with id: 'Object Repository/Page_tCC translationNotes/text_Book_TIT' located by 'By.xpath: //tr[@id='MUIDataTableBodyRow-0']/td/div/div/div/div/div/div/p' is not present after '1' second(s)

2021-01-06 09:29:36 - [MESSAGE][PASSED] - Web element with id: 'Object Repository/Page_tCC translationNotes/text_Book_TIT' located by 'By.xpath: //tr[@id='MUIDataTableBodyRow-0']/td/div/div/div/div/div/div/p' is not present after '1' second(s)

2021-01-06 09:29:36 - [TEST_STEP][PASSED] - col = columns[c]: null

2021-01-06 09:29:36 - [TEST_STEP][PASSED] - click(findTestObject(col)): Object: 'Object Repository/Page_tCC translationNotes/columns_Chapter' is clicked on

2021-01-06 09:29:37 - [MESSAGE][PASSED] - Object: 'Object Repository/Page_tCC translationNotes/columns_Chapter' is clicked on

2021-01-06 09:29:37 - [TEST_STEP][PASSED] - verifyElementChecked(findTestObject(col), 1, CONTINUE_ON_FAILURE): Object 'Object Repository/Page_tCC translationNotes/columns_Chapter' is checked

2021-01-06 09:29:37 - [MESSAGE][PASSED] - Object 'Object Repository/Page_tCC translationNotes/columns_Chapter' is checked

2021-01-06 09:29:37 - [TEST_STEP][PASSED] - println("Testing for " + col + " elements visible."): null

2021-01-06 09:29:37 - [TEST_STEP][PASSED] - logInfo("Testing for " + col + " elements visible."): Testing for Page_tCC translationNotes/columns_Chapter elements visible.

2021-01-06 09:29:37 - [MESSAGE][INFO] - Testing for Page_tCC translationNotes/columns_Chapter elements visible.

2021-01-06 09:29:37 - [TEST_STEP][PASSED] - for (def e : (0..(elements[c].size() - 1))): Object 'Object Repository/Page_tCC translationNotes/text_Chapter_1' is visible

2021-01-06 09:29:37 - [TEST_STEP][PASSED] - ele = elements[c][e]: null

2021-01-06 09:29:37 - [TEST_STEP][PASSED] - println("looking for " + ele): null

2021-01-06 09:29:37 - [TEST_STEP][PASSED] - logInfo("looking for " + ele): looking for Page_tCC translationNotes/label_Chapter

2021-01-06 09:29:37 - [MESSAGE][INFO] - looking for Page_tCC translationNotes/label_Chapter

2021-01-06 09:29:37 - [TEST_STEP][PASSED] - if (!(waitForElementVisible(findTestObject(ele), 1, OPTIONAL))): Object 'Object Repository/Page_tCC translationNotes/label_Chapter' is visible

2021-01-06 09:29:38 - [MESSAGE][PASSED] - Object 'Object Repository/Page_tCC translationNotes/label_Chapter' is visible

2021-01-06 09:29:38 - [TEST_STEP][PASSED] - ele = elements[c][e]: null

2021-01-06 09:29:38 - [TEST_STEP][PASSED] - println("looking for " + ele): null

2021-01-06 09:29:38 - [TEST_STEP][PASSED] - logInfo("looking for " + ele): looking for Page_tCC translationNotes/text_Chapter_front

2021-01-06 09:29:38 - [MESSAGE][INFO] - looking for Page_tCC translationNotes/text_Chapter_front

2021-01-06 09:29:38 - [TEST_STEP][PASSED] - if (!(waitForElementVisible(findTestObject(ele), 1, OPTIONAL))): Object 'Object Repository/Page_tCC translationNotes/text_Chapter_front' is visible

2021-01-06 09:29:38 - [MESSAGE][PASSED] - Object 'Object Repository/Page_tCC translationNotes/text_Chapter_front' is visible

2021-01-06 09:29:38 - [TEST_STEP][PASSED] - ele = elements[c][e]: null

2021-01-06 09:29:38 - [TEST_STEP][PASSED] - println("looking for " + ele): null

2021-01-06 09:29:38 - [TEST_STEP][PASSED] - logInfo("looking for " + ele): looking for Page_tCC translationNotes/text_Chapter_1

2021-01-06 09:29:38 - [MESSAGE][INFO] - looking for Page_tCC translationNotes/text_Chapter_1

2021-01-06 09:29:38 - [TEST_STEP][PASSED] - if (!(waitForElementVisible(findTestObject(ele), 1, OPTIONAL))): Object 'Object Repository/Page_tCC translationNotes/text_Chapter_1' is visible

2021-01-06 09:29:38 - [MESSAGE][PASSED] - Object 'Object Repository/Page_tCC translationNotes/text_Chapter_1' is visible

2021-01-06 09:29:38 - [TEST_STEP][PASSED] - println("Clicking " + col + " OFF, then Testing for elements not visible."): null

2021-01-06 09:29:38 - [TEST_STEP][PASSED] - logInfo("Clicking " + col + " OFF, then Testing for elements not visible."): Clicking Page_tCC translationNotes/columns_Chapter OFF, then Testing for elements not visible.

2021-01-06 09:29:38 - [MESSAGE][INFO] - Clicking Page_tCC translationNotes/columns_Chapter OFF, then Testing for elements not visible.

2021-01-06 09:29:38 - [TEST_STEP][PASSED] - click(findTestObject(col)): Object: 'Object Repository/Page_tCC translationNotes/columns_Chapter' is clicked on

2021-01-06 09:29:39 - [MESSAGE][PASSED] - Object: 'Object Repository/Page_tCC translationNotes/columns_Chapter' is clicked on

2021-01-06 09:29:39 - [TEST_STEP][PASSED] - verifyElementNotChecked(findTestObject(col), 1, CONTINUE_ON_FAILURE): Object 'Object Repository/Page_tCC translationNotes/columns_Chapter' is not checked

2021-01-06 09:29:39 - [MESSAGE][PASSED] - Object 'Object Repository/Page_tCC translationNotes/columns_Chapter' is not checked

2021-01-06 09:29:39 - [TEST_STEP][PASSED] - for (def e : (0..(elements[c].size() - 1))): Web element with id: 'Object Repository/Page_tCC translationNotes/text_Chapter_1' located by 'By.xpath: //tr[@id='MUIDataTableBodyRow-1']/td/div/div/div/div/div/div/p' is not present after '1' second(s)

2021-01-06 09:29:39 - [TEST_STEP][PASSED] - ele = page + elements[c][e]: null

2021-01-06 09:29:39 - [TEST_STEP][PASSED] - ele = elements[c][e]: null

2021-01-06 09:29:39 - [TEST_STEP][PASSED] - println("looking for " + ele): null

2021-01-06 09:29:39 - [TEST_STEP][PASSED] - logInfo("looking for " + ele): looking for Page_tCC translationNotes/label_Chapter

2021-01-06 09:29:39 - [MESSAGE][INFO] - looking for Page_tCC translationNotes/label_Chapter

2021-01-06 09:29:39 - [TEST_STEP][PASSED] - if (!(verifyElementNotPresent(findTestObject(ele), 1, CONTINUE_ON_FAILURE))): Web element with id: 'Object Repository/Page_tCC translationNotes/label_Chapter' located by 'By.xpath: //tr[@id='MUIDataTableBodyRow-0']/td/div/div/div/div/h6' is not present after '1' second(s)

2021-01-06 09:29:40 - [MESSAGE][PASSED] - Web element with id: 'Object Repository/Page_tCC translationNotes/label_Chapter' located by 'By.xpath: //tr[@id='MUIDataTableBodyRow-0']/td/div/div/div/div/h6' is not present after '1' second(s)

2021-01-06 09:29:40 - [TEST_STEP][PASSED] - ele = page + elements[c][e]: null

2021-01-06 09:29:40 - [TEST_STEP][PASSED] - ele = elements[c][e]: null

2021-01-06 09:29:40 - [TEST_STEP][PASSED] - println("looking for " + ele): null

2021-01-06 09:29:40 - [TEST_STEP][PASSED] - logInfo("looking for " + ele): looking for Page_tCC translationNotes/text_Chapter_front

2021-01-06 09:29:40 - [MESSAGE][INFO] - looking for Page_tCC translationNotes/text_Chapter_front

2021-01-06 09:29:40 - [TEST_STEP][PASSED] - if (!(verifyElementNotPresent(findTestObject(ele), 1, CONTINUE_ON_FAILURE))): Web element with id: 'Object Repository/Page_tCC translationNotes/text_Chapter_front' located by 'By.xpath: //tr[@id='MUIDataTableBodyRow-0']/td/div/div/div/div/div/div/p' is not present after '1' second(s)

2021-01-06 09:29:40 - [MESSAGE][PASSED] - Web element with id: 'Object Repository/Page_tCC translationNotes/text_Chapter_front' located by 'By.xpath: //tr[@id='MUIDataTableBodyRow-0']/td/div/div/div/div/div/div/p' is not present after '1' second(s)

2021-01-06 09:29:40 - [TEST_STEP][PASSED] - ele = page + elements[c][e]: null

2021-01-06 09:29:40 - [TEST_STEP][PASSED] - ele = elements[c][e]: null

2021-01-06 09:29:40 - [TEST_STEP][PASSED] - println("looking for " + ele): null

2021-01-06 09:29:40 - [TEST_STEP][PASSED] - logInfo("looking for " + ele): looking for Page_tCC translationNotes/text_Chapter_1

2021-01-06 09:29:40 - [MESSAGE][INFO] - looking for Page_tCC translationNotes/text_Chapter_1

2021-01-06 09:29:40 - [TEST_STEP][PASSED] - if (!(verifyElementNotPresent(findTestObject(ele), 1, CONTINUE_ON_FAILURE))): Web element with id: 'Object Repository/Page_tCC translationNotes/text_Chapter_1' located by 'By.xpath: //tr[@id='MUIDataTableBodyRow-1']/td/div/div/div/div/div/div/p' is not present after '1' second(s)

2021-01-06 09:29:40 - [MESSAGE][PASSED] - Web element with id: 'Object Repository/Page_tCC translationNotes/text_Chapter_1' located by 'By.xpath: //tr[@id='MUIDataTableBodyRow-1']/td/div/div/div/div/div/div/p' is not present after '1' second(s)

2021-01-06 09:29:40 - [TEST_STEP][PASSED] - col = columns[c]: null

2021-01-06 09:29:40 - [TEST_STEP][PASSED] - click(findTestObject(col)): Object: 'Object Repository/Page_tCC translationNotes/columns_Verse' is clicked on

2021-01-06 09:29:41 - [MESSAGE][PASSED] - Object: 'Object Repository/Page_tCC translationNotes/columns_Verse' is clicked on

2021-01-06 09:29:41 - [TEST_STEP][PASSED] - verifyElementChecked(findTestObject(col), 1, CONTINUE_ON_FAILURE): Object 'Object Repository/Page_tCC translationNotes/columns_Verse' is checked

2021-01-06 09:29:41 - [MESSAGE][PASSED] - Object 'Object Repository/Page_tCC translationNotes/columns_Verse' is checked

2021-01-06 09:29:41 - [TEST_STEP][PASSED] - println("Testing for " + col + " elements visible."): null

2021-01-06 09:29:41 - [TEST_STEP][PASSED] - logInfo("Testing for " + col + " elements visible."): Testing for Page_tCC translationNotes/columns_Verse elements visible.

2021-01-06 09:29:41 - [MESSAGE][INFO] - Testing for Page_tCC translationNotes/columns_Verse elements visible.

2021-01-06 09:29:41 - [TEST_STEP][PASSED] - for (def e : (0..(elements[c].size() - 1))): Object 'Object Repository/Page_tCC translationNotes/text_Verse_1' is visible

2021-01-06 09:29:41 - [TEST_STEP][PASSED] - ele = elements[c][e]: null

2021-01-06 09:29:41 - [TEST_STEP][PASSED] - println("looking for " + ele): null

2021-01-06 09:29:41 - [TEST_STEP][PASSED] - logInfo("looking for " + ele): looking for Page_tCC translationNotes/label_Verse

2021-01-06 09:29:41 - [MESSAGE][INFO] - looking for Page_tCC translationNotes/label_Verse

2021-01-06 09:29:41 - [TEST_STEP][PASSED] - if (!(waitForElementVisible(findTestObject(ele), 1, OPTIONAL))): Object 'Object Repository/Page_tCC translationNotes/label_Verse' is visible

2021-01-06 09:29:42 - [MESSAGE][PASSED] - Object 'Object Repository/Page_tCC translationNotes/label_Verse' is visible

2021-01-06 09:29:42 - [TEST_STEP][PASSED] - ele = elements[c][e]: null

2021-01-06 09:29:42 - [TEST_STEP][PASSED] - println("looking for " + ele): null

2021-01-06 09:29:42 - [TEST_STEP][PASSED] - logInfo("looking for " + ele): looking for Page_tCC translationNotes/text_Verse_intro

2021-01-06 09:29:42 - [MESSAGE][INFO] - looking for Page_tCC translationNotes/text_Verse_intro

2021-01-06 09:29:42 - [TEST_STEP][PASSED] - if (!(waitForElementVisible(findTestObject(ele), 1, OPTIONAL))): Object 'Object Repository/Page_tCC translationNotes/text_Verse_intro' is visible

2021-01-06 09:29:42 - [MESSAGE][PASSED] - Object 'Object Repository/Page_tCC translationNotes/text_Verse_intro' is visible

2021-01-06 09:29:42 - [TEST_STEP][PASSED] - ele = elements[c][e]: null

2021-01-06 09:29:42 - [TEST_STEP][PASSED] - println("looking for " + ele): null

2021-01-06 09:29:42 - [TEST_STEP][PASSED] - logInfo("looking for " + ele): looking for Page_tCC translationNotes/text_Verse_1

2021-01-06 09:29:42 - [MESSAGE][INFO] - looking for Page_tCC translationNotes/text_Verse_1

2021-01-06 09:29:42 - [TEST_STEP][PASSED] - if (!(waitForElementVisible(findTestObject(ele), 1, OPTIONAL))): Object 'Object Repository/Page_tCC translationNotes/text_Verse_1' is visible

2021-01-06 09:29:42 - [MESSAGE][PASSED] - Object 'Object Repository/Page_tCC translationNotes/text_Verse_1' is visible

2021-01-06 09:29:42 - [TEST_STEP][PASSED] - println("Clicking " + col + " OFF, then Testing for elements not visible."): null

2021-01-06 09:29:42 - [TEST_STEP][PASSED] - logInfo("Clicking " + col + " OFF, then Testing for elements not visible."): Clicking Page_tCC translationNotes/columns_Verse OFF, then Testing for elements not visible.

2021-01-06 09:29:42 - [MESSAGE][INFO] - Clicking Page_tCC translationNotes/columns_Verse OFF, then Testing for elements not visible.

2021-01-06 09:29:42 - [TEST_STEP][PASSED] - click(findTestObject(col)): Object: 'Object Repository/Page_tCC translationNotes/columns_Verse' is clicked on

2021-01-06 09:29:43 - [MESSAGE][PASSED] - Object: 'Object Repository/Page_tCC translationNotes/columns_Verse' is clicked on

2021-01-06 09:29:43 - [TEST_STEP][PASSED] - verifyElementNotChecked(findTestObject(col), 1, CONTINUE_ON_FAILURE): Object 'Object Repository/Page_tCC translationNotes/columns_Verse' is not checked

2021-01-06 09:29:43 - [MESSAGE][PASSED] - Object 'Object Repository/Page_tCC translationNotes/columns_Verse' is not checked

2021-01-06 09:29:43 - [TEST_STEP][PASSED] - for (def e : (0..(elements[c].size() - 1))): Web element with id: 'Object Repository/Page_tCC translationNotes/text_Verse_1' located by 'By.xpath: //tr[@id='MUIDataTableBodyRow-1']/td/div/div/div/div/div/div/p' is not present after '1' second(s)

2021-01-06 09:29:43 - [TEST_STEP][PASSED] - ele = page + elements[c][e]: null

2021-01-06 09:29:43 - [TEST_STEP][PASSED] - ele = elements[c][e]: null

2021-01-06 09:29:43 - [TEST_STEP][PASSED] - println("looking for " + ele): null

2021-01-06 09:29:43 - [TEST_STEP][PASSED] - logInfo("looking for " + ele): looking for Page_tCC translationNotes/label_Verse

2021-01-06 09:29:43 - [MESSAGE][INFO] - looking for Page_tCC translationNotes/label_Verse

2021-01-06 09:29:43 - [TEST_STEP][PASSED] - if (!(verifyElementNotPresent(findTestObject(ele), 1, CONTINUE_ON_FAILURE))): Web element with id: 'Object Repository/Page_tCC translationNotes/label_Verse' located by 'By.xpath: //tr[@id='MUIDataTableBodyRow-0']/td/div/div/div/div/h6' is not present after '1' second(s)

2021-01-06 09:29:44 - [MESSAGE][PASSED] - Web element with id: 'Object Repository/Page_tCC translationNotes/label_Verse' located by 'By.xpath: //tr[@id='MUIDataTableBodyRow-0']/td/div/div/div/div/h6' is not present after '1' second(s)

2021-01-06 09:29:44 - [TEST_STEP][PASSED] - ele = page + elements[c][e]: null

2021-01-06 09:29:44 - [TEST_STEP][PASSED] - ele = elements[c][e]: null

2021-01-06 09:29:44 - [TEST_STEP][PASSED] - println("looking for " + ele): null

2021-01-06 09:29:44 - [TEST_STEP][PASSED] - logInfo("looking for " + ele): looking for Page_tCC translationNotes/text_Verse_intro

2021-01-06 09:29:44 - [MESSAGE][INFO] - looking for Page_tCC translationNotes/text_Verse_intro

2021-01-06 09:29:44 - [TEST_STEP][PASSED] - if (!(verifyElementNotPresent(findTestObject(ele), 1, CONTINUE_ON_FAILURE))): Web element with id: 'Object Repository/Page_tCC translationNotes/text_Verse_intro' located by 'By.xpath: //tr[@id='MUIDataTableBodyRow-0']/td/div/div/div/div/div/div/p' is not present after '1' second(s)

2021-01-06 09:29:44 - [MESSAGE][PASSED] - Web element with id: 'Object Repository/Page_tCC translationNotes/text_Verse_intro' located by 'By.xpath: //tr[@id='MUIDataTableBodyRow-0']/td/div/div/div/div/div/div/p' is not present after '1' second(s)

2021-01-06 09:29:44 - [TEST_STEP][PASSED] - ele = page + elements[c][e]: null

2021-01-06 09:29:44 - [TEST_STEP][PASSED] - ele = elements[c][e]: null

2021-01-06 09:29:44 - [TEST_STEP][PASSED] - println("looking for " + ele): null

2021-01-06 09:29:44 - [TEST_STEP][PASSED] - logInfo("looking for " + ele): looking for Page_tCC translationNotes/text_Verse_1

2021-01-06 09:29:44 - [MESSAGE][INFO] - looking for Page_tCC translationNotes/text_Verse_1

2021-01-06 09:29:44 - [TEST_STEP][PASSED] - if (!(verifyElementNotPresent(findTestObject(ele), 1, CONTINUE_ON_FAILURE))): Web element with id: 'Object Repository/Page_tCC translationNotes/text_Verse_1' located by 'By.xpath: //tr[@id='MUIDataTableBodyRow-1']/td/div/div/div/div/div/div/p' is not present after '1' second(s)

2021-01-06 09:29:44 - [MESSAGE][PASSED] - Web element with id: 'Object Repository/Page_tCC translationNotes/text_Verse_1' located by 'By.xpath: //tr[@id='MUIDataTableBodyRow-1']/td/div/div/div/div/div/div/p' is not present after '1' second(s)

2021-01-06 09:29:44 - [TEST_STEP][PASSED] - col = columns[c]: null

2021-01-06 09:29:44 - [TEST_STEP][PASSED] - click(findTestObject(col)): Object: 'Object Repository/Page_tCC translationNotes/columns_ID' is clicked on

2021-01-06 09:29:45 - [MESSAGE][PASSED] - Object: 'Object Repository/Page_tCC translationNotes/columns_ID' is clicked on

2021-01-06 09:29:45 - [TEST_STEP][PASSED] - verifyElementChecked(findTestObject(col), 1, CONTINUE_ON_FAILURE): Object 'Object Repository/Page_tCC translationNotes/columns_ID' is checked

2021-01-06 09:29:46 - [MESSAGE][PASSED] - Object 'Object Repository/Page_tCC translationNotes/columns_ID' is checked

2021-01-06 09:29:46 - [TEST_STEP][PASSED] - println("Testing for " + col + " elements visible."): null

2021-01-06 09:29:46 - [TEST_STEP][PASSED] - logInfo("Testing for " + col + " elements visible."): Testing for Page_tCC translationNotes/columns_ID elements visible.

2021-01-06 09:29:46 - [MESSAGE][INFO] - Testing for Page_tCC translationNotes/columns_ID elements visible.

2021-01-06 09:29:46 - [TEST_STEP][PASSED] - for (def e : (0..(elements[c].size() - 1))): Object 'Object Repository/Page_tCC translationNotes/text_ID_c7me' is visible

2021-01-06 09:29:46 - [TEST_STEP][PASSED] - ele = elements[c][e]: null

2021-01-06 09:29:46 - [TEST_STEP][PASSED] - println("looking for " + ele): null

2021-01-06 09:29:46 - [TEST_STEP][PASSED] - logInfo("looking for " + ele): looking for Page_tCC translationNotes/label_ID

2021-01-06 09:29:46 - [MESSAGE][INFO] - looking for Page_tCC translationNotes/label_ID

2021-01-06 09:29:46 - [TEST_STEP][PASSED] - if (!(waitForElementVisible(findTestObject(ele), 1, OPTIONAL))): Object 'Object Repository/Page_tCC translationNotes/label_ID' is visible

2021-01-06 09:29:47 - [MESSAGE][PASSED] - Object 'Object Repository/Page_tCC translationNotes/label_ID' is visible

2021-01-06 09:29:47 - [TEST_STEP][PASSED] - ele = elements[c][e]: null

2021-01-06 09:29:47 - [TEST_STEP][PASSED] - println("looking for " + ele): null

2021-01-06 09:29:47 - [TEST_STEP][PASSED] - logInfo("looking for " + ele): looking for Page_tCC translationNotes/text_ID_m2jl

2021-01-06 09:29:47 - [MESSAGE][INFO] - looking for Page_tCC translationNotes/text_ID_m2jl

2021-01-06 09:29:47 - [TEST_STEP][PASSED] - if (!(waitForElementVisible(findTestObject(ele), 1, OPTIONAL))): Object 'Object Repository/Page_tCC translationNotes/text_ID_m2jl' is visible

2021-01-06 09:29:47 - [MESSAGE][PASSED] - Object 'Object Repository/Page_tCC translationNotes/text_ID_m2jl' is visible

2021-01-06 09:29:47 - [TEST_STEP][PASSED] - ele = elements[c][e]: null

2021-01-06 09:29:47 - [TEST_STEP][PASSED] - println("looking for " + ele): null

2021-01-06 09:29:47 - [TEST_STEP][PASSED] - logInfo("looking for " + ele): looking for Page_tCC translationNotes/text_ID_c7me

2021-01-06 09:29:47 - [MESSAGE][INFO] - looking for Page_tCC translationNotes/text_ID_c7me

2021-01-06 09:29:47 - [TEST_STEP][PASSED] - if (!(waitForElementVisible(findTestObject(ele), 1, OPTIONAL))): Object 'Object Repository/Page_tCC translationNotes/text_ID_c7me' is visible

2021-01-06 09:29:47 - [MESSAGE][PASSED] - Object 'Object Repository/Page_tCC translationNotes/text_ID_c7me' is visible

2021-01-06 09:29:47 - [TEST_STEP][PASSED] - println("Clicking " + col + " OFF, then Testing for elements not visible."): null

2021-01-06 09:29:47 - [TEST_STEP][PASSED] - logInfo("Clicking " + col + " OFF, then Testing for elements not visible."): Clicking Page_tCC translationNotes/columns_ID OFF, then Testing for elements not visible.

2021-01-06 09:29:47 - [MESSAGE][INFO] - Clicking Page_tCC translationNotes/columns_ID OFF, then Testing for elements not visible.

2021-01-06 09:29:47 - [TEST_STEP][PASSED] - click(findTestObject(col)): Object: 'Object Repository/Page_tCC translationNotes/columns_ID' is clicked on

2021-01-06 09:29:48 - [MESSAGE][PASSED] - Object: 'Object Repository/Page_tCC translationNotes/columns_ID' is clicked on

2021-01-06 09:29:48 - [TEST_STEP][PASSED] - verifyElementNotChecked(findTestObject(col), 1, CONTINUE_ON_FAILURE): Object 'Object Repository/Page_tCC translationNotes/columns_ID' is not checked

2021-01-06 09:29:49 - [MESSAGE][PASSED] - Object 'Object Repository/Page_tCC translationNotes/columns_ID' is not checked

2021-01-06 09:29:49 - [TEST_STEP][PASSED] - for (def e : (0..(elements[c].size() - 1))): Web element with id: 'Object Repository/Page_tCC translationNotes/text_ID_c7me' located by 'By.xpath: //tr[@id='MUIDataTableBodyRow-1']/td/div/div/div/div/div/div/p' is not present after '1' second(s)

2021-01-06 09:29:49 - [TEST_STEP][PASSED] - ele = page + elements[c][e]: null

2021-01-06 09:29:49 - [TEST_STEP][PASSED] - ele = elements[c][e]: null

2021-01-06 09:29:49 - [TEST_STEP][PASSED] - println("looking for " + ele): null

2021-01-06 09:29:49 - [TEST_STEP][PASSED] - logInfo("looking for " + ele): looking for Page_tCC translationNotes/label_ID

2021-01-06 09:29:49 - [MESSAGE][INFO] - looking for Page_tCC translationNotes/label_ID

2021-01-06 09:29:49 - [TEST_STEP][PASSED] - if (!(verifyElementNotPresent(findTestObject(ele), 1, CONTINUE_ON_FAILURE))): Web element with id: 'Object Repository/Page_tCC translationNotes/label_ID' located by 'By.xpath: //tr[@id='MUIDataTableBodyRow-0']/td/div/div/div/div/h6' is not present after '1' second(s)

2021-01-06 09:29:49 - [MESSAGE][PASSED] - Web element with id: 'Object Repository/Page_tCC translationNotes/label_ID' located by 'By.xpath: //tr[@id='MUIDataTableBodyRow-0']/td/div/div/div/div/h6' is not present after '1' second(s)

2021-01-06 09:29:49 - [TEST_STEP][PASSED] - ele = page + elements[c][e]: null

2021-01-06 09:29:49 - [TEST_STEP][PASSED] - ele = elements[c][e]: null

2021-01-06 09:29:49 - [TEST_STEP][PASSED] - println("looking for " + ele): null

2021-01-06 09:29:49 - [TEST_STEP][PASSED] - logInfo("looking for " + ele): looking for Page_tCC translationNotes/text_ID_m2jl

2021-01-06 09:29:49 - [MESSAGE][INFO] - looking for Page_tCC translationNotes/text_ID_m2jl

2021-01-06 09:29:49 - [TEST_STEP][PASSED] - if (!(verifyElementNotPresent(findTestObject(ele), 1, CONTINUE_ON_FAILURE))): Web element with id: 'Object Repository/Page_tCC translationNotes/text_ID_m2jl' located by 'By.xpath: //tr[@id='MUIDataTableBodyRow-0']/td/div/div/div/div/div/div/p' is not present after '1' second(s)

2021-01-06 09:29:50 - [MESSAGE][PASSED] - Web element with id: 'Object Repository/Page_tCC translationNotes/text_ID_m2jl' located by 'By.xpath: //tr[@id='MUIDataTableBodyRow-0']/td/div/div/div/div/div/div/p' is not present after '1' second(s)

2021-01-06 09:29:50 - [TEST_STEP][PASSED] - ele = page + elements[c][e]: null

2021-01-06 09:29:50 - [TEST_STEP][PASSED] - ele = elements[c][e]: null

2021-01-06 09:29:50 - [TEST_STEP][PASSED] - println("looking for " + ele): null

2021-01-06 09:29:50 - [TEST_STEP][PASSED] - logInfo("looking for " + ele): looking for Page_tCC translationNotes/text_ID_c7me

2021-01-06 09:29:50 - [MESSAGE][INFO] - looking for Page_tCC translationNotes/text_ID_c7me

2021-01-06 09:29:50 - [TEST_STEP][PASSED] - if (!(verifyElementNotPresent(findTestObject(ele), 1, CONTINUE_ON_FAILURE))): Web element with id: 'Object Repository/Page_tCC translationNotes/text_ID_c7me' located by 'By.xpath: //tr[@id='MUIDataTableBodyRow-1']/td/div/div/div/div/div/div/p' is not present after '1' second(s)

2021-01-06 09:29:50 - [MESSAGE][PASSED] - Web element with id: 'Object Repository/Page_tCC translationNotes/text_ID_c7me' located by 'By.xpath: //tr[@id='MUIDataTableBodyRow-1']/td/div/div/div/div/div/div/p' is not present after '1' second(s)

2021-01-06 09:29:50 - [TEST_STEP][PASSED] - col = columns[c]: null

2021-01-06 09:29:50 - [TEST_STEP][PASSED] - click(findTestObject(col)): Object: 'Object Repository/Page_tCC translationNotes/columns_SupportReference' is clicked on

2021-01-06 09:29:50 - [MESSAGE][PASSED] - Object: 'Object Repository/Page_tCC translationNotes/columns_SupportReference' is clicked on

2021-01-06 09:29:50 - [TEST_STEP][PASSED] - verifyElementChecked(findTestObject(col), 1, CONTINUE_ON_FAILURE): Object 'Object Repository/Page_tCC translationNotes/columns_SupportReference' is checked

2021-01-06 09:29:51 - [MESSAGE][PASSED] - Object 'Object Repository/Page_tCC translationNotes/columns_SupportReference' is checked

2021-01-06 09:29:51 - [TEST_STEP][PASSED] - println("Testing for " + col + " elements visible."): null

2021-01-06 09:29:51 - [TEST_STEP][PASSED] - logInfo("Testing for " + col + " elements visible."): Testing for Page_tCC translationNotes/columns_SupportReference elements visible.

2021-01-06 09:29:51 - [MESSAGE][INFO] - Testing for Page_tCC translationNotes/columns_SupportReference elements visible.

2021-01-06 09:29:51 - [TEST_STEP][PASSED] - for (def e : (0..(elements[c].size() - 1))): Object 'Object Repository/Page_tCC translationNotes/text_SupRef_figs-abstractnouns' is visible

2021-01-06 09:29:51 - [TEST_STEP][PASSED] - ele = elements[c][e]: null

2021-01-06 09:29:51 - [TEST_STEP][PASSED] - println("looking for " + ele): null

2021-01-06 09:29:51 - [TEST_STEP][PASSED] - logInfo("looking for " + ele): looking for Page_tCC translationNotes/label_SupportReference

2021-01-06 09:29:51 - [MESSAGE][INFO] - looking for Page_tCC translationNotes/label_SupportReference

2021-01-06 09:29:51 - [TEST_STEP][PASSED] - if (!(waitForElementVisible(findTestObject(ele), 1, OPTIONAL))): Object 'Object Repository/Page_tCC translationNotes/label_SupportReference' is visible

2021-01-06 09:29:52 - [MESSAGE][PASSED] - Object 'Object Repository/Page_tCC translationNotes/label_SupportReference' is visible

2021-01-06 09:29:52 - [TEST_STEP][PASSED] - ele = elements[c][e]: null

2021-01-06 09:29:52 - [TEST_STEP][PASSED] - println("looking for " + ele): null

2021-01-06 09:29:52 - [TEST_STEP][PASSED] - logInfo("looking for " + ele): looking for Page_tCC translationNotes/text_SupRef_figs-abstractnouns

2021-01-06 09:29:52 - [MESSAGE][INFO] - looking for Page_tCC translationNotes/text_SupRef_figs-abstractnouns

2021-01-06 09:29:52 - [TEST_STEP][PASSED] - if (!(waitForElementVisible(findTestObject(ele), 1, OPTIONAL))): Object 'Object Repository/Page_tCC translationNotes/text_SupRef_figs-abstractnouns' is visible

2021-01-06 09:29:52 - [MESSAGE][PASSED] - Object 'Object Repository/Page_tCC translationNotes/text_SupRef_figs-abstractnouns' is visible

2021-01-06 09:29:52 - [TEST_STEP][PASSED] - println("Clicking " + col + " OFF, then Testing for elements not visible."): null

2021-01-06 09:29:52 - [TEST_STEP][PASSED] - logInfo("Clicking " + col + " OFF, then Testing for elements not visible."): Clicking Page_tCC translationNotes/columns_SupportReference OFF, then Testing for elements not visible.

2021-01-06 09:29:52 - [MESSAGE][INFO] - Clicking Page_tCC translationNotes/columns_SupportReference OFF, then Testing for elements not visible.

2021-01-06 09:29:52 - [TEST_STEP][PASSED] - click(findTestObject(col)): Object: 'Object Repository/Page_tCC translationNotes/columns_SupportReference' is clicked on

2021-01-06 09:29:53 - [MESSAGE][PASSED] - Object: 'Object Repository/Page_tCC translationNotes/columns_SupportReference' is clicked on

2021-01-06 09:29:53 - [TEST_STEP][PASSED] - verifyElementNotChecked(findTestObject(col), 1, CONTINUE_ON_FAILURE): Object 'Object Repository/Page_tCC translationNotes/columns_SupportReference' is not checked

2021-01-06 09:29:53 - [MESSAGE][PASSED] - Object 'Object Repository/Page_tCC translationNotes/columns_SupportReference' is not checked

2021-01-06 09:29:53 - [TEST_STEP][PASSED] - for (def e : (0..(elements[c].size() - 1))): Web element with id: 'Object Repository/Page_tCC translationNotes/text_SupRef_figs-abstractnouns' located by 'By.xpath: //tr[@id='MUIDataTableBodyRow-2']/td/div/div/div/div/div/div/p' is not present after '1' second(s)

2021-01-06 09:29:53 - [TEST_STEP][PASSED] - ele = page + elements[c][e]: null

2021-01-06 09:29:53 - [TEST_STEP][PASSED] - ele = elements[c][e]: null

2021-01-06 09:29:53 - [TEST_STEP][PASSED] - println("looking for " + ele): null

2021-01-06 09:29:53 - [TEST_STEP][PASSED] - logInfo("looking for " + ele): looking for Page_tCC translationNotes/label_SupportReference

2021-01-06 09:29:53 - [MESSAGE][INFO] - looking for Page_tCC translationNotes/label_SupportReference

2021-01-06 09:29:53 - [TEST_STEP][PASSED] - if (!(verifyElementNotPresent(findTestObject(ele), 1, CONTINUE_ON_FAILURE))): Web element with id: 'Object Repository/Page_tCC translationNotes/label_SupportReference' located by 'By.xpath: //tr[@id='MUIDataTableBodyRow-0']/td/div/div/div/div/h6' is not present after '1' second(s)

2021-01-06 09:29:54 - [MESSAGE][PASSED] - Web element with id: 'Object Repository/Page_tCC translationNotes/label_SupportReference' located by 'By.xpath: //tr[@id='MUIDataTableBodyRow-0']/td/div/div/div/div/h6' is not present after '1' second(s)

2021-01-06 09:29:54 - [TEST_STEP][PASSED] - ele = page + elements[c][e]: null

2021-01-06 09:29:54 - [TEST_STEP][PASSED] - ele = elements[c][e]: null

2021-01-06 09:29:54 - [TEST_STEP][PASSED] - println("looking for " + ele): null

2021-01-06 09:29:54 - [TEST_STEP][PASSED] - logInfo("looking for " + ele): looking for Page_tCC translationNotes/text_SupRef_figs-abstractnouns

2021-01-06 09:29:54 - [MESSAGE][INFO] - looking for Page_tCC translationNotes/text_SupRef_figs-abstractnouns

2021-01-06 09:29:54 - [TEST_STEP][PASSED] - if (!(verifyElementNotPresent(findTestObject(ele), 1, CONTINUE_ON_FAILURE))): Web element with id: 'Object Repository/Page_tCC translationNotes/text_SupRef_figs-abstractnouns' located by 'By.xpath: //tr[@id='MUIDataTableBodyRow-2']/td/div/div/div/div/div/div/p' is not present after '1' second(s)

2021-01-06 09:29:54 - [MESSAGE][PASSED] - Web element with id: 'Object Repository/Page_tCC translationNotes/text_SupRef_figs-abstractnouns' located by 'By.xpath: //tr[@id='MUIDataTableBodyRow-2']/td/div/div/div/div/div/div/p' is not present after '1' second(s)

2021-01-06 09:29:54 - [TEST_STEP][PASSED] - col = columns[c]: null

2021-01-06 09:29:54 - [TEST_STEP][PASSED] - click(findTestObject(col)): Object: 'Object Repository/Page_tCC translationNotes/columns_OrigQuote' is clicked on

2021-01-06 09:29:55 - [MESSAGE][PASSED] - Object: 'Object Repository/Page_tCC translationNotes/columns_OrigQuote' is clicked on

2021-01-06 09:29:55 - [TEST_STEP][PASSED] - verifyElementChecked(findTestObject(col), 1, CONTINUE_ON_FAILURE): Object 'Object Repository/Page_tCC translationNotes/columns_OrigQuote' is checked

2021-01-06 09:29:55 - [MESSAGE][PASSED] - Object 'Object Repository/Page_tCC translationNotes/columns_OrigQuote' is checked

2021-01-06 09:29:55 - [TEST_STEP][PASSED] - println("Testing for " + col + " elements visible."): null

2021-01-06 09:29:55 - [TEST_STEP][PASSED] - logInfo("Testing for " + col + " elements visible."): Testing for Page_tCC translationNotes/columns_OrigQuote elements visible.

2021-01-06 09:29:55 - [MESSAGE][INFO] - Testing for Page_tCC translationNotes/columns_OrigQuote elements visible.

2021-01-06 09:29:55 - [TEST_STEP][PASSED] - for (def e : (0..(elements[c].size() - 1))): Object 'Object Repository/Page_tCC translationNotes/text_OrigQuote2' is visible

2021-01-06 09:29:55 - [TEST_STEP][PASSED] - ele = elements[c][e]: null

2021-01-06 09:29:55 - [TEST_STEP][PASSED] - println("looking for " + ele): null

2021-01-06 09:29:55 - [TEST_STEP][PASSED] - logInfo("looking for " + ele): looking for Page_tCC translationNotes/label_OrigQuote

2021-01-06 09:29:55 - [MESSAGE][INFO] - looking for Page_tCC translationNotes/label_OrigQuote

2021-01-06 09:29:55 - [TEST_STEP][PASSED] - if (!(waitForElementVisible(findTestObject(ele), 1, OPTIONAL))): Object 'Object Repository/Page_tCC translationNotes/label_OrigQuote' is visible

2021-01-06 09:29:55 - [MESSAGE][PASSED] - Object 'Object Repository/Page_tCC translationNotes/label_OrigQuote' is visible

2021-01-06 09:29:55 - [TEST_STEP][PASSED] - ele = elements[c][e]: null

2021-01-06 09:29:55 - [TEST_STEP][PASSED] - println("looking for " + ele): null

2021-01-06 09:29:55 - [TEST_STEP][PASSED] - logInfo("looking for " + ele): looking for Page_tCC translationNotes/text_OrigQuote1

2021-01-06 09:29:55 - [MESSAGE][INFO] - looking for Page_tCC translationNotes/text_OrigQuote1

2021-01-06 09:29:55 - [TEST_STEP][PASSED] - if (!(waitForElementVisible(findTestObject(ele), 1, OPTIONAL))): Object 'Object Repository/Page_tCC translationNotes/text_OrigQuote1' is visible

2021-01-06 09:29:56 - [MESSAGE][PASSED] - Object 'Object Repository/Page_tCC translationNotes/text_OrigQuote1' is visible

2021-01-06 09:29:56 - [TEST_STEP][PASSED] - ele = elements[c][e]: null

2021-01-06 09:29:56 - [TEST_STEP][PASSED] - println("looking for " + ele): null

2021-01-06 09:29:56 - [TEST_STEP][PASSED] - logInfo("looking for " + ele): looking for Page_tCC translationNotes/text_OrigQuote2

2021-01-06 09:29:56 - [MESSAGE][INFO] - looking for Page_tCC translationNotes/text_OrigQuote2

2021-01-06 09:29:56 - [TEST_STEP][PASSED] - if (!(waitForElementVisible(findTestObject(ele), 1, OPTIONAL))): Object 'Object Repository/Page_tCC translationNotes/text_OrigQuote2' is visible

2021-01-06 09:29:56 - [MESSAGE][PASSED] - Object 'Object Repository/Page_tCC translationNotes/text_OrigQuote2' is visible

2021-01-06 09:29:56 - [TEST_STEP][PASSED] - println("Clicking " + col + " OFF, then Testing for elements not visible."): null

2021-01-06 09:29:56 - [TEST_STEP][PASSED] - logInfo("Clicking " + col + " OFF, then Testing for elements not visible."): Clicking Page_tCC translationNotes/columns_OrigQuote OFF, then Testing for elements not visible.

2021-01-06 09:29:56 - [MESSAGE][INFO] - Clicking Page_tCC translationNotes/columns_OrigQuote OFF, then Testing for elements not visible.

2021-01-06 09:29:56 - [TEST_STEP][PASSED] - click(findTestObject(col)): Object: 'Object Repository/Page_tCC translationNotes/columns_OrigQuote' is clicked on

2021-01-06 09:29:57 - [MESSAGE][PASSED] - Object: 'Object Repository/Page_tCC translationNotes/columns_OrigQuote' is clicked on

2021-01-06 09:29:57 - [TEST_STEP][PASSED] - verifyElementNotChecked(findTestObject(col), 1, CONTINUE_ON_FAILURE): Object 'Object Repository/Page_tCC translationNotes/columns_OrigQuote' is not checked

2021-01-06 09:29:57 - [MESSAGE][PASSED] - Object 'Object Repository/Page_tCC translationNotes/columns_OrigQuote' is not checked

2021-01-06 09:29:57 - [TEST_STEP][PASSED] - for (def e : (0..(elements[c].size() - 1))): Web element with id: 'Object Repository/Page_tCC translationNotes/text_OrigQuote2' located by 'By.xpath: //tr[@id='MUIDataTableBodyRow-2']/td/div/div/div/div/div/div/p' is not present after '1' second(s)

2021-01-06 09:29:57 - [TEST_STEP][PASSED] - ele = page + elements[c][e]: null

2021-01-06 09:29:57 - [TEST_STEP][PASSED] - ele = elements[c][e]: null

2021-01-06 09:29:57 - [TEST_STEP][PASSED] - println("looking for " + ele): null

2021-01-06 09:29:57 - [TEST_STEP][PASSED] - logInfo("looking for " + ele): looking for Page_tCC translationNotes/label_OrigQuote

2021-01-06 09:29:57 - [MESSAGE][INFO] - looking for Page_tCC translationNotes/label_OrigQuote

2021-01-06 09:29:57 - [TEST_STEP][PASSED] - if (!(verifyElementNotPresent(findTestObject(ele), 1, CONTINUE_ON_FAILURE))): Web element with id: 'Object Repository/Page_tCC translationNotes/label_OrigQuote' located by 'By.xpath: //tr[@id='MUIDataTableBodyRow-3']/td/div/div/div/div[2]/h6' is not present after '1' second(s)

2021-01-06 09:29:58 - [MESSAGE][PASSED] - Web element with id: 'Object Repository/Page_tCC translationNotes/label_OrigQuote' located by 'By.xpath: //tr[@id='MUIDataTableBodyRow-3']/td/div/div/div/div[2]/h6' is not present after '1' second(s)

2021-01-06 09:29:58 - [TEST_STEP][PASSED] - ele = page + elements[c][e]: null

2021-01-06 09:29:58 - [TEST_STEP][PASSED] - ele = elements[c][e]: null

2021-01-06 09:29:58 - [TEST_STEP][PASSED] - println("looking for " + ele): null

2021-01-06 09:29:58 - [TEST_STEP][PASSED] - logInfo("looking for " + ele): looking for Page_tCC translationNotes/text_OrigQuote1

2021-01-06 09:29:58 - [MESSAGE][INFO] - looking for Page_tCC translationNotes/text_OrigQuote1

2021-01-06 09:29:58 - [TEST_STEP][PASSED] - if (!(verifyElementNotPresent(findTestObject(ele), 1, CONTINUE_ON_FAILURE))): Web element with id: 'Object Repository/Page_tCC translationNotes/text_OrigQuote1' located by 'By.xpath: //tr[@id='MUIDataTableBodyRow-3']/td/div/div/div/div/div/div/p' is not present after '1' second(s)

2021-01-06 09:29:58 - [MESSAGE][PASSED] - Web element with id: 'Object Repository/Page_tCC translationNotes/text_OrigQuote1' located by 'By.xpath: //tr[@id='MUIDataTableBodyRow-3']/td/div/div/div/div/div/div/p' is not present after '1' second(s)

2021-01-06 09:29:58 - [TEST_STEP][PASSED] - ele = page + elements[c][e]: null

2021-01-06 09:29:58 - [TEST_STEP][PASSED] - ele = elements[c][e]: null

2021-01-06 09:29:58 - [TEST_STEP][PASSED] - println("looking for " + ele): null

2021-01-06 09:29:58 - [TEST_STEP][PASSED] - logInfo("looking for " + ele): looking for Page_tCC translationNotes/text_OrigQuote2

2021-01-06 09:29:58 - [MESSAGE][INFO] - looking for Page_tCC translationNotes/text_OrigQuote2

2021-01-06 09:29:58 - [TEST_STEP][PASSED] - if (!(verifyElementNotPresent(findTestObject(ele), 1, CONTINUE_ON_FAILURE))): Web element with id: 'Object Repository/Page_tCC translationNotes/text_OrigQuote2' located by 'By.xpath: //tr[@id='MUIDataTableBodyRow-2']/td/div/div/div/div/div/div/p' is not present after '1' second(s)

2021-01-06 09:29:58 - [MESSAGE][PASSED] - Web element with id: 'Object Repository/Page_tCC translationNotes/text_OrigQuote2' located by 'By.xpath: //tr[@id='MUIDataTableBodyRow-2']/td/div/div/div/div/div/div/p' is not present after '1' second(s)

2021-01-06 09:29:58 - [TEST_STEP][PASSED] - col = columns[c]: null

2021-01-06 09:29:58 - [TEST_STEP][PASSED] - click(findTestObject(col)): Object: 'Object Repository/Page_tCC translationNotes/columns_Occurrence' is clicked on

2021-01-06 09:29:59 - [MESSAGE][PASSED] - Object: 'Object Repository/Page_tCC translationNotes/columns_Occurrence' is clicked on

2021-01-06 09:29:59 - [TEST_STEP][PASSED] - verifyElementChecked(findTestObject(col), 1, CONTINUE_ON_FAILURE): Object 'Object Repository/Page_tCC translationNotes/columns_Occurrence' is checked

2021-01-06 09:29:59 - [MESSAGE][PASSED] - Object 'Object Repository/Page_tCC translationNotes/columns_Occurrence' is checked

2021-01-06 09:29:59 - [TEST_STEP][PASSED] - println("Testing for " + col + " elements visible."): null

2021-01-06 09:29:59 - [TEST_STEP][PASSED] - logInfo("Testing for " + col + " elements visible."): Testing for Page_tCC translationNotes/columns_Occurrence elements visible.

2021-01-06 09:29:59 - [MESSAGE][INFO] - Testing for Page_tCC translationNotes/columns_Occurrence elements visible.

2021-01-06 09:29:59 - [TEST_STEP][PASSED] - for (def e : (0..(elements[c].size() - 1))): Object 'Object Repository/Page_tCC translationNotes/text_Occurrence_1' is visible

2021-01-06 09:29:59 - [TEST_STEP][PASSED] - ele = elements[c][e]: null

2021-01-06 09:29:59 - [TEST_STEP][PASSED] - println("looking for " + ele): null

2021-01-06 09:29:59 - [TEST_STEP][PASSED] - logInfo("looking for " + ele): looking for Page_tCC translationNotes/label_Occurrence

2021-01-06 09:29:59 - [MESSAGE][INFO] - looking for Page_tCC translationNotes/label_Occurrence

2021-01-06 09:29:59 - [TEST_STEP][PASSED] - if (!(waitForElementVisible(findTestObject(ele), 1, OPTIONAL))): Object 'Object Repository/Page_tCC translationNotes/label_Occurrence' is visible

2021-01-06 09:30:00 - [MESSAGE][PASSED] - Object 'Object Repository/Page_tCC translationNotes/label_Occurrence' is visible

2021-01-06 09:30:00 - [TEST_STEP][PASSED] - ele = elements[c][e]: null

2021-01-06 09:30:00 - [TEST_STEP][PASSED] - println("looking for " + ele): null

2021-01-06 09:30:00 - [TEST_STEP][PASSED] - logInfo("looking for " + ele): looking for Page_tCC translationNotes/text_Occurrence_0

2021-01-06 09:30:00 - [MESSAGE][INFO] - looking for Page_tCC translationNotes/text_Occurrence_0

2021-01-06 09:30:00 - [TEST_STEP][PASSED] - if (!(waitForElementVisible(findTestObject(ele), 1, OPTIONAL))): Object 'Object Repository/Page_tCC translationNotes/text_Occurrence_0' is visible

2021-01-06 09:30:00 - [MESSAGE][PASSED] - Object 'Object Repository/Page_tCC translationNotes/text_Occurrence_0' is visible

2021-01-06 09:30:00 - [TEST_STEP][PASSED] - ele = elements[c][e]: null

2021-01-06 09:30:00 - [TEST_STEP][PASSED] - println("looking for " + ele): null

2021-01-06 09:30:00 - [TEST_STEP][PASSED] - logInfo("looking for " + ele): looking for Page_tCC translationNotes/text_Occurrence_1

2021-01-06 09:30:00 - [MESSAGE][INFO] - looking for Page_tCC translationNotes/text_Occurrence_1

2021-01-06 09:30:00 - [TEST_STEP][PASSED] - if (!(waitForElementVisible(findTestObject(ele), 1, OPTIONAL))): Object 'Object Repository/Page_tCC translationNotes/text_Occurrence_1' is visible

2021-01-06 09:30:00 - [MESSAGE][PASSED] - Object 'Object Repository/Page_tCC translationNotes/text_Occurrence_1' is visible

2021-01-06 09:30:00 - [TEST_STEP][PASSED] - println("Clicking " + col + " OFF, then Testing for elements not visible."): null

2021-01-06 09:30:00 - [TEST_STEP][PASSED] - logInfo("Clicking " + col + " OFF, then Testing for elements not visible."): Clicking Page_tCC translationNotes/columns_Occurrence OFF, then Testing for elements not visible.

2021-01-06 09:30:00 - [MESSAGE][INFO] - Clicking Page_tCC translationNotes/columns_Occurrence OFF, then Testing for elements not visible.

2021-01-06 09:30:00 - [TEST_STEP][PASSED] - click(findTestObject(col)): Object: 'Object Repository/Page_tCC translationNotes/columns_Occurrence' is clicked on

2021-01-06 09:30:01 - [MESSAGE][PASSED] - Object: 'Object Repository/Page_tCC translationNotes/columns_Occurrence' is clicked on

2021-01-06 09:30:01 - [TEST_STEP][PASSED] - verifyElementNotChecked(findTestObject(col), 1, CONTINUE_ON_FAILURE): Object 'Object Repository/Page_tCC translationNotes/columns_Occurrence' is not checked

2021-01-06 09:30:01 - [MESSAGE][PASSED] - Object 'Object Repository/Page_tCC translationNotes/columns_Occurrence' is not checked

2021-01-06 09:30:01 - [TEST_STEP][PASSED] - for (def e : (0..(elements[c].size() - 1))): Web element with id: 'Object Repository/Page_tCC translationNotes/text_Occurrence_1' located by 'By.xpath: //tr[@id='MUIDataTableBodyRow-2']/td/div/div/div/div/div/div/p' is not present after '1' second(s)

2021-01-06 09:30:01 - [TEST_STEP][PASSED] - ele = page + elements[c][e]: null

2021-01-06 09:30:01 - [TEST_STEP][PASSED] - ele = elements[c][e]: null

2021-01-06 09:30:01 - [TEST_STEP][PASSED] - println("looking for " + ele): null

2021-01-06 09:30:01 - [TEST_STEP][PASSED] - logInfo("looking for " + ele): looking for Page_tCC translationNotes/label_Occurrence

2021-01-06 09:30:01 - [MESSAGE][INFO] - looking for Page_tCC translationNotes/label_Occurrence

2021-01-06 09:30:01 - [TEST_STEP][PASSED] - if (!(verifyElementNotPresent(findTestObject(ele), 1, CONTINUE_ON_FAILURE))): Web element with id: 'Object Repository/Page_tCC translationNotes/label_Occurrence' located by 'By.xpath: //tr[@id='MUIDataTableBodyRow-0']/td/div/div/div/div/h6' is not present after '1' second(s)

2021-01-06 09:30:02 - [MESSAGE][PASSED] - Web element with id: 'Object Repository/Page_tCC translationNotes/label_Occurrence' located by 'By.xpath: //tr[@id='MUIDataTableBodyRow-0']/td/div/div/div/div/h6' is not present after '1' second(s)

2021-01-06 09:30:02 - [TEST_STEP][PASSED] - ele = page + elements[c][e]: null

2021-01-06 09:30:02 - [TEST_STEP][PASSED] - ele = elements[c][e]: null

2021-01-06 09:30:02 - [TEST_STEP][PASSED] - println("looking for " + ele): null

2021-01-06 09:30:02 - [TEST_STEP][PASSED] - logInfo("looking for " + ele): looking for Page_tCC translationNotes/text_Occurrence_0

2021-01-06 09:30:02 - [MESSAGE][INFO] - looking for Page_tCC translationNotes/text_Occurrence_0

2021-01-06 09:30:02 - [TEST_STEP][PASSED] - if (!(verifyElementNotPresent(findTestObject(ele), 1, CONTINUE_ON_FAILURE))): Web element with id: 'Object Repository/Page_tCC translationNotes/text_Occurrence_0' located by 'By.xpath: //tr[@id='MUIDataTableBodyRow-0']/td/div/div/div/div/div/div/p' is not present after '1' second(s)

2021-01-06 09:30:02 - [MESSAGE][PASSED] - Web element with id: 'Object Repository/Page_tCC translationNotes/text_Occurrence_0' located by 'By.xpath: //tr[@id='MUIDataTableBodyRow-0']/td/div/div/div/div/div/div/p' is not present after '1' second(s)

2021-01-06 09:30:02 - [TEST_STEP][PASSED] - ele = page + elements[c][e]: null

2021-01-06 09:30:02 - [TEST_STEP][PASSED] - ele = elements[c][e]: null

2021-01-06 09:30:02 - [TEST_STEP][PASSED] - println("looking for " + ele): null

2021-01-06 09:30:02 - [TEST_STEP][PASSED] - logInfo("looking for " + ele): looking for Page_tCC translationNotes/text_Occurrence_1

2021-01-06 09:30:02 - [MESSAGE][INFO] - looking for Page_tCC translationNotes/text_Occurrence_1

2021-01-06 09:30:02 - [TEST_STEP][PASSED] - if (!(verifyElementNotPresent(findTestObject(ele), 1, CONTINUE_ON_FAILURE))): Web element with id: 'Object Repository/Page_tCC translationNotes/text_Occurrence_1' located by 'By.xpath: //tr[@id='MUIDataTableBodyRow-2']/td/div/div/div/div/div/div/p' is not present after '1' second(s)

2021-01-06 09:30:02 - [MESSAGE][PASSED] - Web element with id: 'Object Repository/Page_tCC translationNotes/text_Occurrence_1' located by 'By.xpath: //tr[@id='MUIDataTableBodyRow-2']/td/div/div/div/div/div/div/p' is not present after '1' second(s)

2021-01-06 09:30:02 - [TEST_STEP][PASSED] - col = columns[c]: null

2021-01-06 09:30:02 - [TEST_STEP][PASSED] - click(findTestObject(col)): Object: 'Object Repository/Page_tCC translationNotes/columns_GLQuote' is clicked on

2021-01-06 09:30:03 - [MESSAGE][PASSED] - Object: 'Object Repository/Page_tCC translationNotes/columns_GLQuote' is clicked on

2021-01-06 09:30:03 - [TEST_STEP][PASSED] - verifyElementChecked(findTestObject(col), 1, CONTINUE_ON_FAILURE): Object 'Object Repository/Page_tCC translationNotes/columns_GLQuote' is checked

2021-01-06 09:30:03 - [MESSAGE][PASSED] - Object 'Object Repository/Page_tCC translationNotes/columns_GLQuote' is checked

2021-01-06 09:30:03 - [TEST_STEP][PASSED] - println("Testing for " + col + " elements visible."): null

2021-01-06 09:30:03 - [TEST_STEP][PASSED] - logInfo("Testing for " + col + " elements visible."): Testing for Page_tCC translationNotes/columns_GLQuote elements visible.

2021-01-06 09:30:03 - [MESSAGE][INFO] - Testing for Page_tCC translationNotes/columns_GLQuote elements visible.

2021-01-06 09:30:03 - [TEST_STEP][PASSED] - for (def e : (0..(elements[c].size() - 1))): Object 'Object Repository/Page_tCC translationNotes/text_GLQuote_knowledge' is visible

2021-01-06 09:30:03 - [TEST_STEP][PASSED] - ele = elements[c][e]: null

2021-01-06 09:30:03 - [TEST_STEP][PASSED] - println("looking for " + ele): null

2021-01-06 09:30:03 - [TEST_STEP][PASSED] - logInfo("looking for " + ele): looking for Page_tCC translationNotes/label_GLQuote

2021-01-06 09:30:03 - [MESSAGE][INFO] - looking for Page_tCC translationNotes/label_GLQuote

2021-01-06 09:30:03 - [TEST_STEP][PASSED] - if (!(waitForElementVisible(findTestObject(ele), 1, OPTIONAL))): Object 'Object Repository/Page_tCC translationNotes/label_GLQuote' is visible

2021-01-06 09:30:04 - [MESSAGE][PASSED] - Object 'Object Repository/Page_tCC translationNotes/label_GLQuote' is visible

2021-01-06 09:30:04 - [TEST_STEP][PASSED] - ele = elements[c][e]: null

2021-01-06 09:30:04 - [TEST_STEP][PASSED] - println("looking for " + ele): null

2021-01-06 09:30:04 - [TEST_STEP][PASSED] - logInfo("looking for " + ele): looking for Page_tCC translationNotes/text_GLQuote_for the faith

2021-01-06 09:30:04 - [MESSAGE][INFO] - looking for Page_tCC translationNotes/text_GLQuote_for the faith

2021-01-06 09:30:04 - [TEST_STEP][PASSED] - if (!(waitForElementVisible(findTestObject(ele), 1, OPTIONAL))): Object 'Object Repository/Page_tCC translationNotes/text_GLQuote_for the faith' is visible

2021-01-06 09:30:04 - [MESSAGE][PASSED] - Object 'Object Repository/Page_tCC translationNotes/text_GLQuote_for the faith' is visible

2021-01-06 09:30:04 - [TEST_STEP][PASSED] - ele = elements[c][e]: null

2021-01-06 09:30:04 - [TEST_STEP][PASSED] - println("looking for " + ele): null

2021-01-06 09:30:04 - [TEST_STEP][PASSED] - logInfo("looking for " + ele): looking for Page_tCC translationNotes/text_GLQuote_knowledge

2021-01-06 09:30:04 - [MESSAGE][INFO] - looking for Page_tCC translationNotes/text_GLQuote_knowledge

2021-01-06 09:30:04 - [TEST_STEP][PASSED] - if (!(waitForElementVisible(findTestObject(ele), 1, OPTIONAL))): Object 'Object Repository/Page_tCC translationNotes/text_GLQuote_knowledge' is visible

2021-01-06 09:30:04 - [MESSAGE][PASSED] - Object 'Object Repository/Page_tCC translationNotes/text_GLQuote_knowledge' is visible

2021-01-06 09:30:04 - [TEST_STEP][PASSED] - println("Clicking " + col + " OFF, then Testing for elements not visible."): null

2021-01-06 09:30:04 - [TEST_STEP][PASSED] - logInfo("Clicking " + col + " OFF, then Testing for elements not visible."): Clicking Page_tCC translationNotes/columns_GLQuote OFF, then Testing for elements not visible.

2021-01-06 09:30:04 - [MESSAGE][INFO] - Clicking Page_tCC translationNotes/columns_GLQuote OFF, then Testing for elements not visible.

2021-01-06 09:30:04 - [TEST_STEP][PASSED] - click(findTestObject(col)): Object: 'Object Repository/Page_tCC translationNotes/columns_GLQuote' is clicked on

2021-01-06 09:30:05 - [MESSAGE][PASSED] - Object: 'Object Repository/Page_tCC translationNotes/columns_GLQuote' is clicked on

2021-01-06 09:30:05 - [TEST_STEP][PASSED] - verifyElementNotChecked(findTestObject(col), 1, CONTINUE_ON_FAILURE): Object 'Object Repository/Page_tCC translationNotes/columns_GLQuote' is not checked

2021-01-06 09:30:05 - [MESSAGE][PASSED] - Object 'Object Repository/Page_tCC translationNotes/columns_GLQuote' is not checked

2021-01-06 09:30:05 - [TEST_STEP][PASSED] - for (def e : (0..(elements[c].size() - 1))): Web element with id: 'Object Repository/Page_tCC translationNotes/text_GLQuote_knowledge' located by 'By.xpath: //tr[@id='MUIDataTableBodyRow-3']/td/div/div/div/div/div/div/p' is not present after '1' second(s)

2021-01-06 09:30:05 - [TEST_STEP][PASSED] - ele = page + elements[c][e]: null

2021-01-06 09:30:05 - [TEST_STEP][PASSED] - ele = elements[c][e]: null

2021-01-06 09:30:05 - [TEST_STEP][PASSED] - println("looking for " + ele): null

2021-01-06 09:30:05 - [TEST_STEP][PASSED] - logInfo("looking for " + ele): looking for Page_tCC translationNotes/label_GLQuote

2021-01-06 09:30:05 - [MESSAGE][INFO] - looking for Page_tCC translationNotes/label_GLQuote

2021-01-06 09:30:05 - [TEST_STEP][PASSED] - if (!(verifyElementNotPresent(findTestObject(ele), 1, CONTINUE_ON_FAILURE))): Web element with id: 'Object Repository/Page_tCC translationNotes/label_GLQuote' located by 'By.xpath: //tr[@id='MUIDataTableBodyRow-0']/td/div/div/div/div/h6' is not present after '1' second(s)

2021-01-06 09:30:06 - [MESSAGE][PASSED] - Web element with id: 'Object Repository/Page_tCC translationNotes/label_GLQuote' located by 'By.xpath: //tr[@id='MUIDataTableBodyRow-0']/td/div/div/div/div/h6' is not present after '1' second(s)

2021-01-06 09:30:06 - [TEST_STEP][PASSED] - ele = page + elements[c][e]: null

2021-01-06 09:30:06 - [TEST_STEP][PASSED] - ele = elements[c][e]: null

2021-01-06 09:30:06 - [TEST_STEP][PASSED] - println("looking for " + ele): null

2021-01-06 09:30:06 - [TEST_STEP][PASSED] - logInfo("looking for " + ele): looking for Page_tCC translationNotes/text_GLQuote_for the faith

2021-01-06 09:30:06 - [MESSAGE][INFO] - looking for Page_tCC translationNotes/text_GLQuote_for the faith

2021-01-06 09:30:06 - [TEST_STEP][PASSED] - if (!(verifyElementNotPresent(findTestObject(ele), 1, CONTINUE_ON_FAILURE))): Web element with id: 'Object Repository/Page_tCC translationNotes/text_GLQuote_for the faith' located by 'By.xpath: //tr[@id='MUIDataTableBodyRow-2']/td/div/div/div/div/div/div/p' is not present after '1' second(s)

2021-01-06 09:30:06 - [MESSAGE][PASSED] - Web element with id: 'Object Repository/Page_tCC translationNotes/text_GLQuote_for the faith' located by 'By.xpath: //tr[@id='MUIDataTableBodyRow-2']/td/div/div/div/div/div/div/p' is not present after '1' second(s)

2021-01-06 09:30:06 - [TEST_STEP][PASSED] - ele = page + elements[c][e]: null

2021-01-06 09:30:06 - [TEST_STEP][PASSED] - ele = elements[c][e]: null

2021-01-06 09:30:06 - [TEST_STEP][PASSED] - println("looking for " + ele): null

2021-01-06 09:30:06 - [TEST_STEP][PASSED] - logInfo("looking for " + ele): looking for Page_tCC translationNotes/text_GLQuote_knowledge

2021-01-06 09:30:06 - [MESSAGE][INFO] - looking for Page_tCC translationNotes/text_GLQuote_knowledge

2021-01-06 09:30:06 - [TEST_STEP][PASSED] - if (!(verifyElementNotPresent(findTestObject(ele), 1, CONTINUE_ON_FAILURE))): Web element with id: 'Object Repository/Page_tCC translationNotes/text_GLQuote_knowledge' located by 'By.xpath: //tr[@id='MUIDataTableBodyRow-3']/td/div/div/div/div/div/div/p' is not present after '1' second(s)

2021-01-06 09:30:07 - [MESSAGE][PASSED] - Web element with id: 'Object Repository/Page_tCC translationNotes/text_GLQuote_knowledge' located by 'By.xpath: //tr[@id='MUIDataTableBodyRow-3']/td/div/div/div/div/div/div/p' is not present after '1' second(s)

2021-01-06 09:30:07 - [TEST_STEP][PASSED] - col = columns[c]: null

2021-01-06 09:30:07 - [TEST_STEP][PASSED] - click(findTestObject(col)): Object: 'Object Repository/Page_tCC translationNotes/columns_OccurrenceNote' is clicked on

2021-01-06 09:30:08 - [MESSAGE][PASSED] - Object: 'Object Repository/Page_tCC translationNotes/columns_OccurrenceNote' is clicked on

2021-01-06 09:30:08 - [TEST_STEP][PASSED] - verifyElementChecked(findTestObject(col), 1, CONTINUE_ON_FAILURE): Object 'Object Repository/Page_tCC translationNotes/columns_OccurrenceNote' is checked

2021-01-06 09:30:09 - [MESSAGE][PASSED] - Object 'Object Repository/Page_tCC translationNotes/columns_OccurrenceNote' is checked

2021-01-06 09:30:09 - [TEST_STEP][PASSED] - println("Testing for " + col + " elements visible."): null

2021-01-06 09:30:09 - [TEST_STEP][PASSED] - logInfo("Testing for " + col + " elements visible."): Testing for Page_tCC translationNotes/columns_OccurrenceNote elements visible.

2021-01-06 09:30:09 - [MESSAGE][INFO] - Testing for Page_tCC translationNotes/columns_OccurrenceNote elements visible.

2021-01-06 09:30:09 - [TEST_STEP][PASSED] - for (def e : (0..(elements[c].size() - 1))): Object 'Object Repository/Page_tCC translationNotes/text_OccurrenceNote_Who wrote the Book of Titus' is visible

2021-01-06 09:30:09 - [TEST_STEP][PASSED] - ele = elements[c][e]: null

2021-01-06 09:30:09 - [TEST_STEP][PASSED] - println("looking for " + ele): null

2021-01-06 09:30:09 - [TEST_STEP][PASSED] - logInfo("looking for " + ele): looking for Page_tCC translationNotes/label_OccurrenceNote

2021-01-06 09:30:09 - [MESSAGE][INFO] - looking for Page_tCC translationNotes/label_OccurrenceNote

2021-01-06 09:30:09 - [TEST_STEP][PASSED] - if (!(waitForElementVisible(findTestObject(ele), 1, OPTIONAL))): Object 'Object Repository/Page_tCC translationNotes/label_OccurrenceNote' is visible

2021-01-06 09:30:09 - [MESSAGE][PASSED] - Object 'Object Repository/Page_tCC translationNotes/label_OccurrenceNote' is visible

2021-01-06 09:30:09 - [TEST_STEP][PASSED] - ele = elements[c][e]: null

2021-01-06 09:30:09 - [TEST_STEP][PASSED] - println("looking for " + ele): null

2021-01-06 09:30:09 - [TEST_STEP][PASSED] - logInfo("looking for " + ele): looking for Page_tCC translationNotes/text_OccurrenceNote_Who wrote the Book of Titus

2021-01-06 09:30:09 - [MESSAGE][INFO] - looking for Page_tCC translationNotes/text_OccurrenceNote_Who wrote the Book of Titus

2021-01-06 09:30:09 - [TEST_STEP][PASSED] - if (!(waitForElementVisible(findTestObject(ele), 1, OPTIONAL))): Object 'Object Repository/Page_tCC translationNotes/text_OccurrenceNote_Who wrote the Book of Titus' is visible

2021-01-06 09:30:09 - [MESSAGE][PASSED] - Object 'Object Repository/Page_tCC translationNotes/text_OccurrenceNote_Who wrote the Book of Titus' is visible

2021-01-06 09:30:09 - [TEST_STEP][PASSED] - println("Clicking " + col + " OFF, then Testing for elements not visible."): null

2021-01-06 09:30:09 - [TEST_STEP][PASSED] - logInfo("Clicking " + col + " OFF, then Testing for elements not visible."): Clicking Page_tCC translationNotes/columns_OccurrenceNote OFF, then Testing for elements not visible.

2021-01-06 09:30:09 - [MESSAGE][INFO] - Clicking Page_tCC translationNotes/columns_OccurrenceNote OFF, then Testing for elements not visible.

2021-01-06 09:30:09 - [TEST_STEP][PASSED] - click(findTestObject(col)): Object: 'Object Repository/Page_tCC translationNotes/columns_OccurrenceNote' is clicked on

2021-01-06 09:30:10 - [MESSAGE][PASSED] - Object: 'Object Repository/Page_tCC translationNotes/columns_OccurrenceNote' is clicked on

2021-01-06 09:30:10 - [TEST_STEP][PASSED] - verifyElementNotChecked(findTestObject(col), 1, CONTINUE_ON_FAILURE): Object 'Object Repository/Page_tCC translationNotes/columns_OccurrenceNote' is not checked

2021-01-06 09:30:10 - [MESSAGE][PASSED] - Object 'Object Repository/Page_tCC translationNotes/columns_OccurrenceNote' is not checked

2021-01-06 09:30:10 - [TEST_STEP][PASSED] - for (def e : (0..(elements[c].size() - 1))): Web element with id: 'Object Repository/Page_tCC translationNotes/text_OccurrenceNote_Who wrote the Book of Titus' located by 'By.xpath: //*[(text() = 'Who wrote the Book of Titus?' or . = 'Who wrote the Book of Titus?')]' is not present after '1' second(s)

2021-01-06 09:30:10 - [TEST_STEP][PASSED] - ele = page + elements[c][e]: null

2021-01-06 09:30:10 - [TEST_STEP][PASSED] - ele = elements[c][e]: null

2021-01-06 09:30:10 - [TEST_STEP][PASSED] - println("looking for " + ele): null

2021-01-06 09:30:10 - [TEST_STEP][PASSED] - logInfo("looking for " + ele): looking for Page_tCC translationNotes/label_OccurrenceNote

2021-01-06 09:30:10 - [MESSAGE][INFO] - looking for Page_tCC translationNotes/label_OccurrenceNote

2021-01-06 09:30:10 - [TEST_STEP][PASSED] - if (!(verifyElementNotPresent(findTestObject(ele), 1, CONTINUE_ON_FAILURE))): Web element with id: 'Object Repository/Page_tCC translationNotes/label_OccurrenceNote' located by 'By.xpath: //tr[@id='MUIDataTableBodyRow-0']/td/div/div/div/div/h6' is not present after '1' second(s)

2021-01-06 09:30:11 - [MESSAGE][PASSED] - Web element with id: 'Object Repository/Page_tCC translationNotes/label_OccurrenceNote' located by 'By.xpath: //tr[@id='MUIDataTableBodyRow-0']/td/div/div/div/div/h6' is not present after '1' second(s)

2021-01-06 09:30:11 - [TEST_STEP][PASSED] - ele = page + elements[c][e]: null

2021-01-06 09:30:11 - [TEST_STEP][PASSED] - ele = elements[c][e]: null

2021-01-06 09:30:11 - [TEST_STEP][PASSED] - println("looking for " + ele): null

2021-01-06 09:30:11 - [TEST_STEP][PASSED] - logInfo("looking for " + ele): looking for Page_tCC translationNotes/text_OccurrenceNote_Who wrote the Book of Titus

2021-01-06 09:30:11 - [MESSAGE][INFO] - looking for Page_tCC translationNotes/text_OccurrenceNote_Who wrote the Book of Titus

2021-01-06 09:30:11 - [TEST_STEP][PASSED] - if (!(verifyElementNotPresent(findTestObject(ele), 1, CONTINUE_ON_FAILURE))): Web element with id: 'Object Repository/Page_tCC translationNotes/text_OccurrenceNote_Who wrote the Book of Titus' located by 'By.xpath: //*[(text() = 'Who wrote the Book of Titus?' or . = 'Who wrote the Book of Titus?')]' is not present after '1' second(s)

2021-01-06 09:30:11 - [MESSAGE][PASSED] - Web element with id: 'Object Repository/Page_tCC translationNotes/text_OccurrenceNote_Who wrote the Book of Titus' located by 'By.xpath: //*[(text() = 'Who wrote the Book of Titus?' or . = 'Who wrote the Book of Titus?')]' is not present after '1' second(s)

2021-01-06 09:30:11 - [TEST_STEP][PASSED] - logInfo("Testing Expand all Scripture option."): Testing Expand all Scripture option.

2021-01-06 09:30:11 - [MESSAGE][INFO] - Testing Expand all Scripture option.

2021-01-06 09:30:11 - [TEST_STEP][PASSED] - col = columns[0]: null

2021-01-06 09:30:11 - [TEST_STEP][PASSED] - click(findTestObject(col)): Object: 'Object Repository/Page_tCC translationNotes/columns_RowHeader' is clicked on

2021-01-06 09:30:12 - [MESSAGE][PASSED] - Object: 'Object Repository/Page_tCC translationNotes/columns_RowHeader' is clicked on

2021-01-06 09:30:12 - [TEST_STEP][PASSED] - click(findTestObject("Page_tCC translationNotes/btnX_CloseColumns")): Object: 'Object Repository/Page_tCC translationNotes/btnX_CloseColumns' is clicked on

2021-01-06 09:30:13 - [MESSAGE][PASSED] - Object: 'Object Repository/Page_tCC translationNotes/btnX_CloseColumns' is clicked on

2021-01-06 09:30:13 - [TEST_STEP][PASSED] - state = unfoldingWord_Keywords.HamburgerFunctions.toggleAllScripture("on"): unfoldingWord_Keywords.HamburgerFunctions.toggleAllScripture is PASSED

2021-01-06 09:30:16 - [MESSAGE][INFO] - Unable to find the element located by 'By.xpath: //*[@type = 'button' and @data-test = 'drawer-menu-close-button']'. Please recheck the objects properties to make sure the desired element is located. 

2021-01-06 09:30:16 - [MESSAGE][WARNING] - Object 'Object Repository/Page_tC Create/button_DrawerClose' is not present after 1 second(s)

2021-01-06 09:30:16 - [MESSAGE][PASSED] - Object: 'Object Repository/Page_tC Create/button_DrawerOpen' is clicked on

2021-01-06 09:30:17 - [MESSAGE][PASSED] - Delayed 1 second(s)

2021-01-06 09:30:18 - [MESSAGE][PASSED] - Object 'Object Repository/Page_tC Create/input_Expand all Scripture' is checked

2021-01-06 09:30:18 - [MESSAGE][PASSED] - Object: 'Object Repository/Page_tC Create/button_DrawerClose' is clicked on

2021-01-06 09:30:19 - [MESSAGE][PASSED] - Object 'Object Repository/Page_tC Create/button_DrawerOpen' is visible

2021-01-06 09:30:19 - [MESSAGE][PASSED] - unfoldingWord_Keywords.HamburgerFunctions.toggleAllScripture is PASSED

2021-01-06 09:30:19 - [TEST_STEP][PASSED] - ele = "Page_tCC translationNotes/text_unfoldingWordGreekNewTestament": null

2021-01-06 09:30:19 - [TEST_STEP][PASSED] - if (verifyElementPresent(findTestObject(ele), 1, CONTINUE_ON_FAILURE)): null

2021-01-06 09:30:19 - [MESSAGE][PASSED] - Object 'Object Repository/Page_tCC translationNotes/text_unfoldingWordGreekNewTestament' is present

2021-01-06 09:30:19 - [TEST_STEP][PASSED] - println("scripture is present as expected"): null

2021-01-06 09:30:19 - [TEST_STEP][PASSED] - state = unfoldingWord_Keywords.HamburgerFunctions.toggleAllScripture("off"): unfoldingWord_Keywords.HamburgerFunctions.toggleAllScripture is PASSED

2021-01-06 09:30:22 - [MESSAGE][INFO] - Unable to find the element located by 'By.xpath: //*[@type = 'button' and @data-test = 'drawer-menu-close-button']'. Please recheck the objects properties to make sure the desired element is located. 

2021-01-06 09:30:22 - [MESSAGE][WARNING] - Object 'Object Repository/Page_tC Create/button_DrawerClose' is not present after 1 second(s)

2021-01-06 09:30:23 - [MESSAGE][PASSED] - Object: 'Object Repository/Page_tC Create/button_DrawerOpen' is clicked on

2021-01-06 09:30:24 - [MESSAGE][PASSED] - Delayed 1 second(s)

2021-01-06 09:30:24 - [MESSAGE][PASSED] - Object 'Object Repository/Page_tC Create/input_Expand all Scripture' is checked

2021-01-06 09:30:25 - [MESSAGE][PASSED] - Object: 'Object Repository/Page_tC Create/input_Expand all Scripture' is clicked on

2021-01-06 09:30:26 - [MESSAGE][PASSED] - Delayed 1 second(s)

2021-01-06 09:30:27 - [MESSAGE][WARNING] - Object 'Object Repository/Page_tC Create/input_Expand all Scripture' is not checked (Root cause: com.kms.katalon.core.exception.StepFailedException: Object 'Object Repository/Page_tC Create/input_Expand all Scripture' is not checked
	at com.kms.katalon.core.webui.keyword.internal.WebUIKeywordMain.stepFailed(WebUIKeywordMain.groovy:64)
	at com.kms.katalon.core.webui.keyword.builtin.VerifyElementCheckedKeyword$_verifyElementChecked_closure1.doCall(VerifyElementCheckedKeyword.groovy:81)
	at com.kms.katalon.core.webui.keyword.builtin.VerifyElementCheckedKeyword$_verifyElementChecked_closure1.call(VerifyElementCheckedKeyword.groovy)
	at com.kms.katalon.core.webui.keyword.internal.WebUIKeywordMain.runKeyword(WebUIKeywordMain.groovy:20)
	at com.kms.katalon.core.webui.keyword.builtin.VerifyElementCheckedKeyword.verifyElementChecked(VerifyElementCheckedKeyword.groovy:92)
	at com.kms.katalon.core.webui.keyword.builtin.VerifyElementCheckedKeyword.execute(VerifyElementCheckedKeyword.groovy:68)
	at com.kms.katalon.core.keyword.internal.KeywordExecutor.executeKeywordForPlatform(KeywordExecutor.groovy:73)
	at com.kms.katalon.core.webui.keyword.WebUiBuiltInKeywords.verifyElementChecked(WebUiBuiltInKeywords.groovy:1379)
	at com.kms.katalon.core.webui.keyword.WebUiBuiltInKeywords$verifyElementChecked$28.call(Unknown Source)
	at unfoldingWord_Keywords.HamburgerFunctions.toggleAllScripture(HamburgerFunctions.groovy:54)
	at unfoldingWord_Keywords.HamburgerFunctions.invokeMethod(HamburgerFunctions.groovy)
	at com.kms.katalon.core.main.CustomKeywordDelegatingMetaClass.invokeStaticMethod(CustomKeywordDelegatingMetaClass.java:50)
	at tCC tN Test Column Options.run(tCC tN Test Column Options:152)
	at com.kms.katalon.core.main.ScriptEngine.run(ScriptEngine.java:194)
	at com.kms.katalon.core.main.ScriptEngine.runScriptAsRawText(ScriptEngine.java:119)
	at com.kms.katalon.core.main.TestCaseExecutor.runScript(TestCaseExecutor.java:393)
	at com.kms.katalon.core.main.TestCaseExecutor.doExecute(TestCaseExecutor.java:384)
	at com.kms.katalon.core.main.TestCaseExecutor.processExecutionPhase(TestCaseExecutor.java:363)
	at com.kms.katalon.core.main.TestCaseExecutor.accessMainPhase(TestCaseExecutor.java:355)
	at com.kms.katalon.core.main.TestCaseExecutor.execute(TestCaseExecutor.java:251)
	at com.kms.katalon.core.main.TestSuiteExecutor.accessTestCaseMainPhase(TestSuiteExecutor.java:203)
	at com.kms.katalon.core.main.TestSuiteExecutor.accessTestSuiteMainPhase(TestSuiteExecutor.java:152)
	at com.kms.katalon.core.main.TestSuiteExecutor.execute(TestSuiteExecutor.java:95)
	at com.kms.katalon.core.main.TestCaseMain.startTestSuite(TestCaseMain.java:157)
	at com.kms.katalon.core.main.TestCaseMain$startTestSuite$0.call(Unknown Source)
	at TempTestSuite1609946231562.run(TempTestSuite1609946231562.groovy:39)
)
[[ATTACHMENT|/Users/cckozie/git/Katalon/tC Create Project/Reports/20210106_091711/tCC Test Suite 1/20210106_091711/1609947026487.png]]

2021-01-06 09:30:27 - [MESSAGE][PASSED] - Object: 'Object Repository/Page_tC Create/button_DrawerClose' is clicked on

2021-01-06 09:30:28 - [MESSAGE][PASSED] - Object 'Object Repository/Page_tC Create/button_DrawerOpen' is visible

2021-01-06 09:30:28 - [MESSAGE][PASSED] - unfoldingWord_Keywords.HamburgerFunctions.toggleAllScripture is PASSED

2021-01-06 09:30:28 - [TEST_STEP][PASSED] - if (verifyElementNotPresent(findTestObject(ele), 1, CONTINUE_ON_FAILURE)): null

2021-01-06 09:30:28 - [MESSAGE][PASSED] - Web element with id: 'Object Repository/Page_tCC translationNotes/text_unfoldingWordGreekNewTestament' located by 'By.xpath: //*[(contains(text(), 'unfoldingWordÂ® Greek New Testament') or contains(., 'unfoldingWordÂ® Greek New Testament'))]' is not present after '1' second(s)

2021-01-06 09:30:28 - [TEST_STEP][PASSED] - println("Scripture is not present as expected"): null

2021-01-06 09:30:28 - [TEST_STEP][PASSED] - state = unfoldingWord_Keywords.HamburgerFunctions.toggleAllScripture("on"): unfoldingWord_Keywords.HamburgerFunctions.toggleAllScripture is PASSED

2021-01-06 09:30:31 - [MESSAGE][INFO] - Unable to find the element located by 'By.xpath: //*[@type = 'button' and @data-test = 'drawer-menu-close-button']'. Please recheck the objects properties to make sure the desired element is located. 

2021-01-06 09:30:31 - [MESSAGE][WARNING] - Object 'Object Repository/Page_tC Create/button_DrawerClose' is not present after 1 second(s)

2021-01-06 09:30:31 - [MESSAGE][PASSED] - Object: 'Object Repository/Page_tC Create/button_DrawerOpen' is clicked on

2021-01-06 09:30:32 - [MESSAGE][PASSED] - Delayed 1 second(s)

2021-01-06 09:30:33 - [MESSAGE][WARNING] - Object 'Object Repository/Page_tC Create/input_Expand all Scripture' is not checked (Root cause: com.kms.katalon.core.exception.StepFailedException: Object 'Object Repository/Page_tC Create/input_Expand all Scripture' is not checked
	at com.kms.katalon.core.webui.keyword.internal.WebUIKeywordMain.stepFailed(WebUIKeywordMain.groovy:64)
	at com.kms.katalon.core.webui.keyword.builtin.VerifyElementCheckedKeyword$_verifyElementChecked_closure1.doCall(VerifyElementCheckedKeyword.groovy:81)
	at com.kms.katalon.core.webui.keyword.builtin.VerifyElementCheckedKeyword$_verifyElementChecked_closure1.call(VerifyElementCheckedKeyword.groovy)
	at com.kms.katalon.core.webui.keyword.internal.WebUIKeywordMain.runKeyword(WebUIKeywordMain.groovy:20)
	at com.kms.katalon.core.webui.keyword.builtin.VerifyElementCheckedKeyword.verifyElementChecked(VerifyElementCheckedKeyword.groovy:92)
	at com.kms.katalon.core.webui.keyword.builtin.VerifyElementCheckedKeyword.execute(VerifyElementCheckedKeyword.groovy:68)
	at com.kms.katalon.core.keyword.internal.KeywordExecutor.executeKeywordForPlatform(KeywordExecutor.groovy:73)
	at com.kms.katalon.core.webui.keyword.WebUiBuiltInKeywords.verifyElementChecked(WebUiBuiltInKeywords.groovy:1379)
	at com.kms.katalon.core.webui.keyword.WebUiBuiltInKeywords$verifyElementChecked$28.call(Unknown Source)
	at unfoldingWord_Keywords.HamburgerFunctions.toggleAllScripture(HamburgerFunctions.groovy:42)
	at unfoldingWord_Keywords.HamburgerFunctions.invokeMethod(HamburgerFunctions.groovy)
	at com.kms.katalon.core.main.CustomKeywordDelegatingMetaClass.invokeStaticMethod(CustomKeywordDelegatingMetaClass.java:50)
	at tCC tN Test Column Options.run(tCC tN Test Column Options:162)
	at com.kms.katalon.core.main.ScriptEngine.run(ScriptEngine.java:194)
	at com.kms.katalon.core.main.ScriptEngine.runScriptAsRawText(ScriptEngine.java:119)
	at com.kms.katalon.core.main.TestCaseExecutor.runScript(TestCaseExecutor.java:393)
	at com.kms.katalon.core.main.TestCaseExecutor.doExecute(TestCaseExecutor.java:384)
	at com.kms.katalon.core.main.TestCaseExecutor.processExecutionPhase(TestCaseExecutor.java:363)
	at com.kms.katalon.core.main.TestCaseExecutor.accessMainPhase(TestCaseExecutor.java:355)
	at com.kms.katalon.core.main.TestCaseExecutor.execute(TestCaseExecutor.java:251)
	at com.kms.katalon.core.main.TestSuiteExecutor.accessTestCaseMainPhase(TestSuiteExecutor.java:203)
	at com.kms.katalon.core.main.TestSuiteExecutor.accessTestSuiteMainPhase(TestSuiteExecutor.java:152)
	at com.kms.katalon.core.main.TestSuiteExecutor.execute(TestSuiteExecutor.java:95)
	at com.kms.katalon.core.main.TestCaseMain.startTestSuite(TestCaseMain.java:157)
	at com.kms.katalon.core.main.TestCaseMain$startTestSuite$0.call(Unknown Source)
	at TempTestSuite1609946231562.run(TempTestSuite1609946231562.groovy:39)
)
[[ATTACHMENT|/Users/cckozie/git/Katalon/tC Create Project/Reports/20210106_091711/tCC Test Suite 1/20210106_091711/1609947032765.png]]

2021-01-06 09:30:34 - [MESSAGE][PASSED] - Object: 'Object Repository/Page_tC Create/input_Expand all Scripture' is clicked on

2021-01-06 09:30:35 - [MESSAGE][PASSED] - Delayed 1 second(s)

2021-01-06 09:30:36 - [MESSAGE][PASSED] - Object 'Object Repository/Page_tC Create/input_Expand all Scripture' is checked

2021-01-06 09:30:36 - [MESSAGE][PASSED] - Object: 'Object Repository/Page_tC Create/button_DrawerClose' is clicked on

2021-01-06 09:30:37 - [MESSAGE][PASSED] - Object 'Object Repository/Page_tC Create/button_DrawerOpen' is visible

2021-01-06 09:30:37 - [MESSAGE][PASSED] - unfoldingWord_Keywords.HamburgerFunctions.toggleAllScripture is PASSED

2021-01-06 09:30:37 - [TEST_STEP][PASSED] - ele = "Page_tCC translationNotes/text_unfoldingWordGreekNewTestament": null

2021-01-06 09:30:37 - [TEST_STEP][PASSED] - if (verifyElementPresent(findTestObject(ele), 1, CONTINUE_ON_FAILURE)): null

2021-01-06 09:30:37 - [MESSAGE][PASSED] - Object 'Object Repository/Page_tCC translationNotes/text_unfoldingWordGreekNewTestament' is present

2021-01-06 09:30:37 - [TEST_STEP][PASSED] - println("scripture is present as expected"): null

2021-01-06 09:30:37 - [TEST_STEP][PASSED] - scriptRunning = false: null

2021-01-06 09:30:37 - [TEST_STEP][PASSED] - closeBrowser(): Browser is closed

2021-01-06 09:30:39 - [MESSAGE][PASSED] - Browser is closed

2021-01-06 09:30:39 - [TEST_STEP][PASSED] - Start listener action : sampleAfterTestCase: null

2021-01-06 09:30:39 - [TEST_STEP][PASSED] - suite = false: null

2021-01-06 09:30:39 - [TEST_STEP][PASSED] - fileName = testSuiteLogFile: null

2021-01-06 09:30:39 - [TEST_STEP][PASSED] - if (fileName.length() > 1): null

2021-01-06 09:30:39 - [TEST_STEP][PASSED] - suite = true: null

2021-01-06 09:30:39 - [TEST_STEP][PASSED] - println("test case teardown in suite"): null

2021-01-06 09:30:39 - [TEST_STEP][PASSED] - println("log file is at " + fileName): null

2021-01-06 09:30:39 - [TEST_STEP][PASSED] - browser = unfoldingWord_Keywords.GetTestingConfig.getBrowserAndVersion(): unfoldingWord_Keywords.GetTestingConfig.getBrowserAndVersion is PASSED

2021-01-06 09:30:39 - [MESSAGE][PASSED] - unfoldingWord_Keywords.GetTestingConfig.getBrowserAndVersion is PASSED

2021-01-06 09:30:39 - [TEST_STEP][PASSED] - separator = "===================================================================================================================================================": null

2021-01-06 09:30:39 - [TEST_STEP][PASSED] - msg = separator: null

2021-01-06 09:30:39 - [TEST_STEP][PASSED] - println(msg): null

2021-01-06 09:30:39 - [TEST_STEP][PASSED] - if (suite): null

2021-01-06 09:30:39 - [TEST_STEP][PASSED] - oFile = new java.io.File(fileName): null

2021-01-06 09:30:39 - [TEST_STEP][PASSED] - oFile.append(msg + "
"): null

2021-01-06 09:30:39 - [TEST_STEP][PASSED] - prefix = " +++++++++++ ": null

2021-01-06 09:30:39 - [TEST_STEP][PASSED] - testCaseStatus = testCaseContext.getTestCaseStatus(): null

2021-01-06 09:30:39 - [TEST_STEP][PASSED] - if (scriptRunning): null

2021-01-06 09:30:39 - [TEST_STEP][PASSED] - if (testCaseStatus != "PASSED"): null

2021-01-06 09:30:39 - [TEST_STEP][PASSED] - msg = prefix + testCaseContext.getTestCaseId() + " on " + version + " running on " + browser + " " + testCaseStatus + prefix: null

2021-01-06 09:30:39 - [TEST_STEP][PASSED] - println(msg): null

2021-01-06 09:30:39 - [TEST_STEP][PASSED] - if (suite): null

2021-01-06 09:30:39 - [TEST_STEP][PASSED] - oFile = new java.io.File(fileName): null

2021-01-06 09:30:39 - [TEST_STEP][PASSED] - oFile.append(msg + "
"): null

2021-01-06 09:30:39 - [TEST_STEP][PASSED] - tsMessages.add("##" + testCaseContext.getTestCaseId()): null

2021-01-06 09:30:39 - [TEST_STEP][PASSED] - if (scriptRunning): null

2021-01-06 09:30:40 - [TEST_STEP][PASSED] - if (tcMessages.size() > 0): null

2021-01-06 09:30:40 - [TEST_STEP][PASSED] - if (scriptRunning && 1 == 2): null

2021-01-06 09:30:40 - [TEST_STEP][PASSED] - if (testCount > 0): null

2021-01-06 09:30:40 - [TEST_STEP][PASSED] - msg = separator: null

2021-01-06 09:30:40 - [TEST_STEP][PASSED] - println(msg): null

2021-01-06 09:30:40 - [TEST_STEP][PASSED] - if (suite): null

2021-01-06 09:30:40 - [TEST_STEP][PASSED] - oFile = new java.io.File(fileName): null

2021-01-06 09:30:40 - [TEST_STEP][PASSED] - oFile.append(msg + "

"): null

2021-01-06 09:30:42 - [TEST_STEP][PASSED] - Video: Video recording for test case 'Test Cases/tCC Test Cases/tCC tN Test Column Options' .

2021-01-06 09:30:42 - [MESSAGE][INFO] - Video recording for test case 'Test Cases/tCC Test Cases/tCC tN Test Column Options' .]]></system-out>
         <system-err><![CDATA[]]></system-err>
      </testcase>
      <testcase name="Test Cases/tCC Test Cases/tCC tN Test Copy OrigLangQuote" time="111.228" classname="Test Cases/tCC Test Cases/tCC tN Test Copy OrigLangQuote" status="FAILED">
         <failure type="FAILED" message="Test Cases/tCC Test Cases/tCC tN Test Copy OrigLangQuote FAILED.
Reason:
com.kms.katalon.core.exception.StepFailedException: Test failed because there is an unexpected value [á¼ÏÎ¯Î³Î½ÏÏÎ¹Î½] in GL OrigQuote field.
	at com.kms.katalon.core.util.KeywordUtil.markFailed(KeywordUtil.java:19)
	at com.kms.katalon.core.util.KeywordUtil$markFailed$0.call(Unknown Source)
	at unfoldingWord_Keywords.SendMessage.SendFailMessage(SendMessage.groovy:30)
	at unfoldingWord_Keywords.SendMessage.invokeMethod(SendMessage.groovy)
	at com.kms.katalon.core.main.CustomKeywordDelegatingMetaClass.invokeStaticMethod(CustomKeywordDelegatingMetaClass.java:50)
	at tCC tN Test Copy OrigLangQuote.run(tCC tN Test Copy OrigLangQuote:71)
	at com.kms.katalon.core.main.ScriptEngine.run(ScriptEngine.java:194)
	at com.kms.katalon.core.main.ScriptEngine.runScriptAsRawText(ScriptEngine.java:119)
	at com.kms.katalon.core.main.TestCaseExecutor.runScript(TestCaseExecutor.java:393)
	at com.kms.katalon.core.main.TestCaseExecutor.doExecute(TestCaseExecutor.java:384)
	at com.kms.katalon.core.main.TestCaseExecutor.processExecutionPhase(TestCaseExecutor.java:363)
	at com.kms.katalon.core.main.TestCaseExecutor.accessMainPhase(TestCaseExecutor.java:355)
	at com.kms.katalon.core.main.TestCaseExecutor.execute(TestCaseExecutor.java:251)
	at com.kms.katalon.core.main.TestSuiteExecutor.accessTestCaseMainPhase(TestSuiteExecutor.java:203)
	at com.kms.katalon.core.main.TestSuiteExecutor.accessTestSuiteMainPhase(TestSuiteExecutor.java:152)
	at com.kms.katalon.core.main.TestSuiteExecutor.execute(TestSuiteExecutor.java:95)
	at com.kms.katalon.core.main.TestCaseMain.startTestSuite(TestCaseMain.java:157)
	at com.kms.katalon.core.main.TestCaseMain$startTestSuite$0.call(Unknown Source)
	at TempTestSuite1609946231562.run(TempTestSuite1609946231562.groovy:39)
"/>
         <system-out><![CDATA[2021-01-06 09:30:42 - [TEST_CASE][FAILED] - Test Cases/tCC Test Cases/tCC tN Test Copy OrigLangQuote: Test Cases/tCC Test Cases/tCC tN Test Copy OrigLangQuote FAILED.
Reason:
com.kms.katalon.core.exception.StepFailedException: Test failed because there is an unexpected value [á¼ÏÎ¯Î³Î½ÏÏÎ¹Î½] in GL OrigQuote field.
	at com.kms.katalon.core.util.KeywordUtil.markFailed(KeywordUtil.java:19)
	at com.kms.katalon.core.util.KeywordUtil$markFailed$0.call(Unknown Source)
	at unfoldingWord_Keywords.SendMessage.SendFailMessage(SendMessage.groovy:30)
	at unfoldingWord_Keywords.SendMessage.invokeMethod(SendMessage.groovy)
	at com.kms.katalon.core.main.CustomKeywordDelegatingMetaClass.invokeStaticMethod(CustomKeywordDelegatingMetaClass.java:50)
	at tCC tN Test Copy OrigLangQuote.run(tCC tN Test Copy OrigLangQuote:71)
	at com.kms.katalon.core.main.ScriptEngine.run(ScriptEngine.java:194)
	at com.kms.katalon.core.main.ScriptEngine.runScriptAsRawText(ScriptEngine.java:119)
	at com.kms.katalon.core.main.TestCaseExecutor.runScript(TestCaseExecutor.java:393)
	at com.kms.katalon.core.main.TestCaseExecutor.doExecute(TestCaseExecutor.java:384)
	at com.kms.katalon.core.main.TestCaseExecutor.processExecutionPhase(TestCaseExecutor.java:363)
	at com.kms.katalon.core.main.TestCaseExecutor.accessMainPhase(TestCaseExecutor.java:355)
	at com.kms.katalon.core.main.TestCaseExecutor.execute(TestCaseExecutor.java:251)
	at com.kms.katalon.core.main.TestSuiteExecutor.accessTestCaseMainPhase(TestSuiteExecutor.java:203)
	at com.kms.katalon.core.main.TestSuiteExecutor.accessTestSuiteMainPhase(TestSuiteExecutor.java:152)
	at com.kms.katalon.core.main.TestSuiteExecutor.execute(TestSuiteExecutor.java:95)
	at com.kms.katalon.core.main.TestCaseMain.startTestSuite(TestCaseMain.java:157)
	at com.kms.katalon.core.main.TestCaseMain$startTestSuite$0.call(Unknown Source)
	at TempTestSuite1609946231562.run(TempTestSuite1609946231562.groovy:39)


2021-01-06 09:30:42 - [TEST_STEP][PASSED] - Start listener action : sampleBeforeTestCase: null

2021-01-06 09:30:42 - [TEST_STEP][PASSED] - println("setup start"): null

2021-01-06 09:30:42 - [TEST_STEP][PASSED] - tcMessages = []: null

2021-01-06 09:30:42 - [TEST_STEP][PASSED] - executionProfile = getExecutionProfile(): null

2021-01-06 09:30:42 - [TEST_STEP][PASSED] - logInfo("Execution profile is " + executionProfile): Execution profile is tCC Develop

2021-01-06 09:30:42 - [MESSAGE][INFO] - Execution profile is tCC Develop

2021-01-06 09:30:42 - [TEST_STEP][PASSED] - if (systemOS == "" || systemOS == null): null

2021-01-06 09:30:42 - [TEST_STEP][PASSED] - if (pcUser == "" || pcUser == null): null

2021-01-06 09:30:42 - [TEST_STEP][PASSED] - scriptRunning = true: null

2021-01-06 09:30:42 - [TEST_STEP][PASSED] - println("setup success"): null

2021-01-06 09:30:43 - [TEST_STEP][PASSED] - highlighted = "rgba(255, 255, 0, 1)": null

2021-01-06 09:30:43 - [TEST_STEP][PASSED] - callTestCase(findTestCase("tCC Components/tCC tN Open For Edit"), ["$username":"", "$password":"", "file":""], STOP_ON_FAILURE): Call Test Case 'Test Cases/tCC Components/tCC tN Open For Edit' successfully

2021-01-06 09:30:43 - [TEST_CASE][PASSED] - Test Cases/tCC Components/tCC tN Open For Edit: Test Cases/tCC Components/tCC tN Open For Edit

2021-01-06 09:30:43 - [TEST_STEP][PASSED] - callTestCase(findTestCase("tCC Components/tCC Login"), ["user":$username, "password":$password, "newSession":true], STOP_ON_FAILURE): Call Test Case 'Test Cases/tCC Components/tCC Login' successfully

2021-01-06 09:30:43 - [TEST_CASE][PASSED] - Test Cases/tCC Components/tCC Login: Test Cases/tCC Components/tCC Login

2021-01-06 09:30:44 - [TEST_STEP][PASSED] - if (newSession): null

2021-01-06 09:30:44 - [TEST_STEP][PASSED] - if (openBrowser): Current window maximized

2021-01-06 09:30:44 - [TEST_STEP][PASSED] - openBrowser(""): Browser is opened with url: ''

2021-01-06 09:30:44 - [MESSAGE][INFO] - Starting 'Chrome' driver

2021-01-06 09:30:44 - [MESSAGE][INFO] - Action delay is set to 0 milliseconds

2021-01-06 09:30:48 - [MESSAGE][PASSED] - Browser is opened with url: ''

2021-01-06 09:30:48 - [TEST_STEP][PASSED] - maximizeWindow(): Current window maximized

2021-01-06 09:30:48 - [MESSAGE][PASSED] - Current window maximized

2021-01-06 09:30:48 - [TEST_STEP][PASSED] - println("Opening " + url): null

2021-01-06 09:30:48 - [TEST_STEP][PASSED] - navigateToUrl(url): Navigate to 'https://develop--tc-create-app.netlify.app/' successfully

2021-01-06 09:30:56 - [MESSAGE][PASSED] - Navigate to 'https://develop--tc-create-app.netlify.app/' successfully

2021-01-06 09:30:56 - [TEST_STEP][PASSED] - waitForElementVisible(findTestObject("Page_tC Create/text_tCCVersion"), 30): Object 'Object Repository/Page_tC Create/text_tCCVersion' is visible

2021-01-06 09:30:57 - [MESSAGE][PASSED] - Object 'Object Repository/Page_tC Create/text_tCCVersion' is visible

2021-01-06 09:30:57 - [TEST_STEP][PASSED] - version = getText(findTestObject("Page_tC Create/text_tCCVersion")): Text of object 'Object Repository/Page_tC Create/text_tCCVersion' is: 'translationCore Create - v1.1.0-rc.3'

2021-01-06 09:30:58 - [MESSAGE][PASSED] - Text of object 'Object Repository/Page_tC Create/text_tCCVersion' is: 'translationCore Create - v1.1.0-rc.3'

2021-01-06 09:30:58 - [TEST_STEP][PASSED] - version = version: null

2021-01-06 09:30:58 - [TEST_STEP][PASSED] - println("Version is " + version): null

2021-01-06 09:30:58 - [TEST_STEP][PASSED] - if (user == ""): null

2021-01-06 09:30:58 - [TEST_STEP][PASSED] - println("Logging in as " + user1Name): null

2021-01-06 09:30:58 - [TEST_STEP][PASSED] - setText(findTestObject("Page_tC Create/input__username"), user1Name): Text 'tc01' is set on object 'Object Repository/Page_tC Create/input__username'

2021-01-06 09:30:59 - [MESSAGE][PASSED] - Text 'tc01' is set on object 'Object Repository/Page_tC Create/input__username'

2021-01-06 09:30:59 - [TEST_STEP][PASSED] - setText(findTestObject("Page_tC Create/input__password"), user1Password): Text 'tc01' is set on object 'Object Repository/Page_tC Create/input__password'

2021-01-06 09:31:00 - [MESSAGE][PASSED] - Text 'tc01' is set on object 'Object Repository/Page_tC Create/input__password'

2021-01-06 09:31:00 - [TEST_STEP][PASSED] - if (verifyElementPresent(findTestObject("Page_tC Create/button_Login"), 1, OPTIONAL)): null

2021-01-06 09:31:00 - [MESSAGE][PASSED] - Object 'Object Repository/Page_tC Create/button_Login' is present

2021-01-06 09:31:00 - [TEST_STEP][PASSED] - click(findTestObject("Page_tC Create/button_Login")): Object: 'Object Repository/Page_tC Create/button_Login' is clicked on

2021-01-06 09:31:01 - [MESSAGE][PASSED] - Object: 'Object Repository/Page_tC Create/button_Login' is clicked on

2021-01-06 09:31:06 - [MESSAGE][PASSED] - Call Test Case 'Test Cases/tCC Components/tCC Login' successfully

2021-01-06 09:31:06 - [TEST_STEP][PASSED] - if (callTestCase(findTestCase("tCC Components/tCC Select Org-Lang-Resource"), ["organization":"", "language":"", "resource":"unfoldingWord/en_tn"], STOP_ON_FAILURE) == false): Call Test Case 'Test Cases/tCC Components/tCC Select Org-Lang-Resource' successfully

2021-01-06 09:31:06 - [TEST_CASE][PASSED] - Test Cases/tCC Components/tCC Select Org-Lang-Resource: Test Cases/tCC Components/tCC Select Org-Lang-Resource

2021-01-06 09:31:06 - [TEST_STEP][PASSED] - if (organization == ""): null

2021-01-06 09:31:06 - [TEST_STEP][PASSED] - organization = organization: null

2021-01-06 09:31:06 - [TEST_STEP][PASSED] - if (language == ""): null

2021-01-06 09:31:06 - [TEST_STEP][PASSED] - language = langCode: null

2021-01-06 09:31:06 - [TEST_STEP][PASSED] - println("Choosing organization " + organization): null

2021-01-06 09:31:06 - [TEST_STEP][PASSED] - if (waitForElementPresent(organization, 5, OPTIONAL) == false): Object 'Object Repository/Page_tC Create/listOrg_translate_test' is present

2021-01-06 09:31:06 - [MESSAGE][PASSED] - Object 'Object Repository/Page_tC Create/listOrg_translate_test' is present

2021-01-06 09:31:06 - [TEST_STEP][PASSED] - else: null

2021-01-06 09:31:06 - [TEST_STEP][PASSED] - click(organization): Object: 'Object Repository/Page_tC Create/listOrg_translate_test' is clicked on

2021-01-06 09:31:07 - [MESSAGE][PASSED] - Object: 'Object Repository/Page_tC Create/listOrg_translate_test' is clicked on

2021-01-06 09:31:07 - [TEST_STEP][PASSED] - alerted = waitForAlert(2): No alert found after 2 second(s).

2021-01-06 09:31:09 - [MESSAGE][WARNING] - No alert found after 2 second(s).

2021-01-06 09:31:09 - [TEST_STEP][PASSED] - if (alerted == true): null

2021-01-06 09:31:09 - [TEST_STEP][PASSED] - else: Object: 'Object Repository/Page_tC Create/listOption_Language_Parmed' is clicked on

2021-01-06 09:31:09 - [TEST_STEP][PASSED] - println("Not alerted on organization"): null

2021-01-06 09:31:09 - [TEST_STEP][PASSED] - alertFlag = false: null

2021-01-06 09:31:09 - [TEST_STEP][PASSED] - println("Choosing resource " + resource): null

2021-01-06 09:31:09 - [TEST_STEP][PASSED] - click(findTestObject("Page_tC Create/resource_Parmed", ["resource":resource])): Object: 'Object Repository/Page_tC Create/resource_Parmed' is clicked on

2021-01-06 09:31:09 - [MESSAGE][PASSED] - Object: 'Object Repository/Page_tC Create/resource_Parmed' is clicked on

2021-01-06 09:31:09 - [TEST_STEP][PASSED] - println("Choosing language " + language): null

2021-01-06 09:31:09 - [TEST_STEP][PASSED] - click(findTestObject("Page_tC Create/combo_Select Language")): Object: 'Object Repository/Page_tC Create/combo_Select Language' is clicked on

2021-01-06 09:31:10 - [MESSAGE][PASSED] - Object: 'Object Repository/Page_tC Create/combo_Select Language' is clicked on

2021-01-06 09:31:10 - [TEST_STEP][PASSED] - click(findTestObject("Page_tC Create/listOption_Language_Parmed", ["lang_code":language])): Object: 'Object Repository/Page_tC Create/listOption_Language_Parmed' is clicked on

2021-01-06 09:31:11 - [MESSAGE][PASSED] - Object: 'Object Repository/Page_tC Create/listOption_Language_Parmed' is clicked on

2021-01-06 09:31:11 - [TEST_STEP][PASSED] - return true: null

2021-01-06 09:31:16 - [MESSAGE][PASSED] - Call Test Case 'Test Cases/tCC Components/tCC Select Org-Lang-Resource' successfully

2021-01-06 09:31:16 - [TEST_STEP][FAILED] - try: Unable to click on object 'Object Repository/Page_tC Create/file_Parmed' (Root cause: com.kms.katalon.core.exception.StepFailedException: Unable to click on object 'Object Repository/Page_tC Create/file_Parmed'
	at com.kms.katalon.core.webui.keyword.internal.WebUIKeywordMain.stepFailed(WebUIKeywordMain.groovy:64)
	at com.kms.katalon.core.webui.keyword.internal.WebUIKeywordMain.runKeyword(WebUIKeywordMain.groovy:26)
	at com.kms.katalon.core.webui.keyword.builtin.ClickKeyword.click(ClickKeyword.groovy:76)
	at com.kms.katalon.core.webui.keyword.builtin.ClickKeyword.execute(ClickKeyword.groovy:43)
	at com.kms.katalon.core.keyword.internal.KeywordExecutor.executeKeywordForPlatform(KeywordExecutor.groovy:73)
	at com.kms.katalon.core.webui.keyword.WebUiBuiltInKeywords.click(WebUiBuiltInKeywords.groovy:617)
	at com.kms.katalon.core.webui.keyword.WebUiBuiltInKeywords$click$6.call(Unknown Source)
	at tCC tN Open For Edit.run(tCC tN Open For Edit:46)
	at com.kms.katalon.core.main.ScriptEngine.run(ScriptEngine.java:194)
	at com.kms.katalon.core.main.ScriptEngine.runScriptAsRawText(ScriptEngine.java:119)
	at com.kms.katalon.core.main.TestCaseExecutor.runScript(TestCaseExecutor.java:393)
	at com.kms.katalon.core.main.TestCaseExecutor.doExecute(TestCaseExecutor.java:384)
	at com.kms.katalon.core.main.TestCaseExecutor.processExecutionPhase(TestCaseExecutor.java:363)
	at com.kms.katalon.core.main.TestCaseExecutor.accessMainPhase(TestCaseExecutor.java:355)
	at com.kms.katalon.core.main.TestCaseExecutor.execute(TestCaseExecutor.java:251)
	at com.kms.katalon.core.main.TestCaseMain.runTestCase(TestCaseMain.java:114)
	at com.kms.katalon.core.keyword.builtin.CallTestCaseKeyword$_callTestCase_closure1.doCall(CallTestCaseKeyword.groovy:59)
	at com.kms.katalon.core.keyword.builtin.CallTestCaseKeyword$_callTestCase_closure1.call(CallTestCaseKeyword.groovy)
	at com.kms.katalon.core.keyword.internal.KeywordMain.runKeyword(KeywordMain.groovy:68)
	at com.kms.katalon.core.keyword.builtin.CallTestCaseKeyword.callTestCase(CallTestCaseKeyword.groovy:81)
	at com.kms.katalon.core.keyword.builtin.CallTestCaseKeyword.execute(CallTestCaseKeyword.groovy:44)
	at com.kms.katalon.core.keyword.internal.KeywordExecutor.executeKeywordForPlatform(KeywordExecutor.groovy:73)
	at com.kms.katalon.core.keyword.BuiltinKeywords.callTestCase(BuiltinKeywords.groovy:334)
	at tCC tN Test Copy OrigLangQuote.run(tCC tN Test Copy OrigLangQuote:29)
	at com.kms.katalon.core.main.ScriptEngine.run(ScriptEngine.java:194)
	at com.kms.katalon.core.main.ScriptEngine.runScriptAsRawText(ScriptEngine.java:119)
	at com.kms.katalon.core.main.TestCaseExecutor.runScript(TestCaseExecutor.java:393)
	at com.kms.katalon.core.main.TestCaseExecutor.doExecute(TestCaseExecutor.java:384)
	at com.kms.katalon.core.main.TestCaseExecutor.processExecutionPhase(TestCaseExecutor.java:363)
	at com.kms.katalon.core.main.TestCaseExecutor.accessMainPhase(TestCaseExecutor.java:355)
	at com.kms.katalon.core.main.TestCaseExecutor.execute(TestCaseExecutor.java:251)
	at com.kms.katalon.core.main.TestSuiteExecutor.accessTestCaseMainPhase(TestSuiteExecutor.java:203)
	at com.kms.katalon.core.main.TestSuiteExecutor.accessTestSuiteMainPhase(TestSuiteExecutor.java:152)
	at com.kms.katalon.core.main.TestSuiteExecutor.execute(TestSuiteExecutor.java:95)
	at com.kms.katalon.core.main.TestCaseMain.startTestSuite(TestCaseMain.java:157)
	at com.kms.katalon.core.main.TestCaseMain$startTestSuite$0.call(Unknown Source)
	at TempTestSuite1609946231562.run(TempTestSuite1609946231562.groovy:39)
Caused by: org.openqa.selenium.ElementNotInteractableException: element not interactable
  (Session info: chrome=87.0.4280.88)
Build info: version: '3.141.59', revision: 'e82be7d358', time: '2018-11-14T08:25:53'
System info: host: 'Kozs-MacBook-Air.local', ip: 'fe80:0:0:0:c5:5944:3b35:56d9%en0', os.name: 'Mac OS X', os.arch: 'x86_64', os.version: '10.14.6', java.version: '1.8.0_181'
Driver info: com.kms.katalon.selenium.driver.CChromeDriver
Capabilities {acceptInsecureCerts: false, browserName: chrome, browserVersion: 87.0.4280.88, chrome: {chromedriverVersion: 86.0.4240.22 (398b0743353ff..., userDataDir: /var/folders/hb/hv2s0v7n1nz...}, goog:chromeOptions: {debuggerAddress: localhost:51876}, javascriptEnabled: true, networkConnectionEnabled: false, pageLoadStrategy: normal, platform: MAC, platformName: MAC, proxy: Proxy(), setWindowRect: true, strictFileInteractability: false, timeouts: {implicit: 0, pageLoad: 300000, script: 30000}, unhandledPromptBehavior: dismiss and notify, webauthn:virtualAuthenticators: true}
Session ID: 318949830939cc4f1eaaddd53b6b28ff
	at org.openqa.selenium.remote.http.W3CHttpResponseCodec.createException(W3CHttpResponseCodec.java:187)
	at org.openqa.selenium.remote.http.W3CHttpResponseCodec.decode(W3CHttpResponseCodec.java:122)
	at org.openqa.selenium.remote.http.W3CHttpResponseCodec.decode(W3CHttpResponseCodec.java:49)
	at org.openqa.selenium.remote.HttpCommandExecutor.execute(HttpCommandExecutor.java:158)
	at org.openqa.selenium.remote.service.DriverCommandExecutor.execute(DriverCommandExecutor.java:83)
	at org.openqa.selenium.remote.RemoteWebDriver.execute(RemoteWebDriver.java:552)
	at com.kms.katalon.selenium.driver.CChromeDriver.execute(CChromeDriver.java:19)
	at org.openqa.selenium.remote.RemoteWebElement.execute(RemoteWebElement.java:285)
	at org.openqa.selenium.remote.RemoteWebElement.click(RemoteWebElement.java:84)
	at org.openqa.selenium.support.events.EventFiringWebDriver$EventFiringWebElement.lambda$new$0(EventFiringWebDriver.java:404)
	at com.sun.proxy.$Proxy16.click(Unknown Source)
	at org.openqa.selenium.support.events.EventFiringWebDriver$EventFiringWebElement.click(EventFiringWebDriver.java:417)
	at com.kms.katalon.core.webui.keyword.builtin.ClickKeyword$_click_closure1.doCall(ClickKeyword.groovy:69)
	at com.kms.katalon.core.webui.keyword.builtin.ClickKeyword$_click_closure1.call(ClickKeyword.groovy)
	at com.kms.katalon.core.webui.keyword.internal.WebUIKeywordMain.runKeyword(WebUIKeywordMain.groovy:20)
	at com.kms.katalon.core.webui.keyword.builtin.ClickKeyword.click(ClickKeyword.groovy:76)
	at com.kms.katalon.core.webui.keyword.builtin.ClickKeyword.execute(ClickKeyword.groovy:43)
	at com.kms.katalon.core.keyword.internal.KeywordExecutor.executeKeywordForPlatform(KeywordExecutor.groovy:73)
	at com.kms.katalon.core.webui.keyword.WebUiBuiltInKeywords.click(WebUiBuiltInKeywords.groovy:617)
	at com.kms.katalon.core.webui.keyword.WebUiBuiltInKeywords$click$6.call(Unknown Source)
	at Script1599599262449.run(Script1599599262449.groovy:46)
	at com.kms.katalon.core.main.ScriptEngine.run(ScriptEngine.java:194)
	at com.kms.katalon.core.main.ScriptEngine.runScriptAsRawText(ScriptEngine.java:119)
	at com.kms.katalon.core.main.TestCaseExecutor.runScript(TestCaseExecutor.java:393)
	at com.kms.katalon.core.main.TestCaseExecutor.doExecute(TestCaseExecutor.java:384)
	at com.kms.katalon.core.main.TestCaseExecutor.processExecutionPhase(TestCaseExecutor.java:363)
	at com.kms.katalon.core.main.TestCaseExecutor.accessMainPhase(TestCaseExecutor.java:355)
	at com.kms.katalon.core.main.TestCaseExecutor.execute(TestCaseExecutor.java:251)
	at com.kms.katalon.core.main.TestCaseMain.runTestCase(TestCaseMain.java:114)
	at com.kms.katalon.core.keyword.builtin.CallTestCaseKeyword$_callTestCase_closure1.doCall(CallTestCaseKeyword.groovy:59)
	at com.kms.katalon.core.keyword.builtin.CallTestCaseKeyword$_callTestCase_closure1.call(CallTestCaseKeyword.groovy)
	at com.kms.katalon.core.keyword.internal.KeywordMain.runKeyword(KeywordMain.groovy:68)
	at com.kms.katalon.core.keyword.builtin.CallTestCaseKeyword.callTestCase(CallTestCaseKeyword.groovy:81)
	at com.kms.katalon.core.keyword.builtin.CallTestCaseKeyword.execute(CallTestCaseKeyword.groovy:44)
	at com.kms.katalon.core.keyword.internal.KeywordExecutor.executeKeywordForPlatform(KeywordExecutor.groovy:73)
	at com.kms.katalon.core.keyword.BuiltinKeywords.callTestCase(BuiltinKeywords.groovy:334)
	at Script1599753563611.run(Script1599753563611.groovy:29)
	... 13 more
)

2021-01-06 09:31:16 - [TEST_STEP][PASSED] - myFile = file: null

2021-01-06 09:31:16 - [TEST_STEP][FAILED] - click(findTestObject("Page_tC Create/file_Parmed", ["fileName":myFile])): Unable to click on object 'Object Repository/Page_tC Create/file_Parmed' (Root cause: com.kms.katalon.core.exception.StepFailedException: Unable to click on object 'Object Repository/Page_tC Create/file_Parmed'
	at com.kms.katalon.core.webui.keyword.internal.WebUIKeywordMain.stepFailed(WebUIKeywordMain.groovy:64)
	at com.kms.katalon.core.webui.keyword.internal.WebUIKeywordMain.runKeyword(WebUIKeywordMain.groovy:26)
	at com.kms.katalon.core.webui.keyword.builtin.ClickKeyword.click(ClickKeyword.groovy:76)
	at com.kms.katalon.core.webui.keyword.builtin.ClickKeyword.execute(ClickKeyword.groovy:43)
	at com.kms.katalon.core.keyword.internal.KeywordExecutor.executeKeywordForPlatform(KeywordExecutor.groovy:73)
	at com.kms.katalon.core.webui.keyword.WebUiBuiltInKeywords.click(WebUiBuiltInKeywords.groovy:617)
	at com.kms.katalon.core.webui.keyword.WebUiBuiltInKeywords$click$6.call(Unknown Source)
	at tCC tN Open For Edit.run(tCC tN Open For Edit:46)
	at com.kms.katalon.core.main.ScriptEngine.run(ScriptEngine.java:194)
	at com.kms.katalon.core.main.ScriptEngine.runScriptAsRawText(ScriptEngine.java:119)
	at com.kms.katalon.core.main.TestCaseExecutor.runScript(TestCaseExecutor.java:393)
	at com.kms.katalon.core.main.TestCaseExecutor.doExecute(TestCaseExecutor.java:384)
	at com.kms.katalon.core.main.TestCaseExecutor.processExecutionPhase(TestCaseExecutor.java:363)
	at com.kms.katalon.core.main.TestCaseExecutor.accessMainPhase(TestCaseExecutor.java:355)
	at com.kms.katalon.core.main.TestCaseExecutor.execute(TestCaseExecutor.java:251)
	at com.kms.katalon.core.main.TestCaseMain.runTestCase(TestCaseMain.java:114)
	at com.kms.katalon.core.keyword.builtin.CallTestCaseKeyword$_callTestCase_closure1.doCall(CallTestCaseKeyword.groovy:59)
	at com.kms.katalon.core.keyword.builtin.CallTestCaseKeyword$_callTestCase_closure1.call(CallTestCaseKeyword.groovy)
	at com.kms.katalon.core.keyword.internal.KeywordMain.runKeyword(KeywordMain.groovy:68)
	at com.kms.katalon.core.keyword.builtin.CallTestCaseKeyword.callTestCase(CallTestCaseKeyword.groovy:81)
	at com.kms.katalon.core.keyword.builtin.CallTestCaseKeyword.execute(CallTestCaseKeyword.groovy:44)
	at com.kms.katalon.core.keyword.internal.KeywordExecutor.executeKeywordForPlatform(KeywordExecutor.groovy:73)
	at com.kms.katalon.core.keyword.BuiltinKeywords.callTestCase(BuiltinKeywords.groovy:334)
	at tCC tN Test Copy OrigLangQuote.run(tCC tN Test Copy OrigLangQuote:29)
	at com.kms.katalon.core.main.ScriptEngine.run(ScriptEngine.java:194)
	at com.kms.katalon.core.main.ScriptEngine.runScriptAsRawText(ScriptEngine.java:119)
	at com.kms.katalon.core.main.TestCaseExecutor.runScript(TestCaseExecutor.java:393)
	at com.kms.katalon.core.main.TestCaseExecutor.doExecute(TestCaseExecutor.java:384)
	at com.kms.katalon.core.main.TestCaseExecutor.processExecutionPhase(TestCaseExecutor.java:363)
	at com.kms.katalon.core.main.TestCaseExecutor.accessMainPhase(TestCaseExecutor.java:355)
	at com.kms.katalon.core.main.TestCaseExecutor.execute(TestCaseExecutor.java:251)
	at com.kms.katalon.core.main.TestSuiteExecutor.accessTestCaseMainPhase(TestSuiteExecutor.java:203)
	at com.kms.katalon.core.main.TestSuiteExecutor.accessTestSuiteMainPhase(TestSuiteExecutor.java:152)
	at com.kms.katalon.core.main.TestSuiteExecutor.execute(TestSuiteExecutor.java:95)
	at com.kms.katalon.core.main.TestCaseMain.startTestSuite(TestCaseMain.java:157)
	at com.kms.katalon.core.main.TestCaseMain$startTestSuite$0.call(Unknown Source)
	at TempTestSuite1609946231562.run(TempTestSuite1609946231562.groovy:39)
Caused by: org.openqa.selenium.ElementNotInteractableException: element not interactable
  (Session info: chrome=87.0.4280.88)
Build info: version: '3.141.59', revision: 'e82be7d358', time: '2018-11-14T08:25:53'
System info: host: 'Kozs-MacBook-Air.local', ip: 'fe80:0:0:0:c5:5944:3b35:56d9%en0', os.name: 'Mac OS X', os.arch: 'x86_64', os.version: '10.14.6', java.version: '1.8.0_181'
Driver info: com.kms.katalon.selenium.driver.CChromeDriver
Capabilities {acceptInsecureCerts: false, browserName: chrome, browserVersion: 87.0.4280.88, chrome: {chromedriverVersion: 86.0.4240.22 (398b0743353ff..., userDataDir: /var/folders/hb/hv2s0v7n1nz...}, goog:chromeOptions: {debuggerAddress: localhost:51876}, javascriptEnabled: true, networkConnectionEnabled: false, pageLoadStrategy: normal, platform: MAC, platformName: MAC, proxy: Proxy(), setWindowRect: true, strictFileInteractability: false, timeouts: {implicit: 0, pageLoad: 300000, script: 30000}, unhandledPromptBehavior: dismiss and notify, webauthn:virtualAuthenticators: true}
Session ID: 318949830939cc4f1eaaddd53b6b28ff
	at org.openqa.selenium.remote.http.W3CHttpResponseCodec.createException(W3CHttpResponseCodec.java:187)
	at org.openqa.selenium.remote.http.W3CHttpResponseCodec.decode(W3CHttpResponseCodec.java:122)
	at org.openqa.selenium.remote.http.W3CHttpResponseCodec.decode(W3CHttpResponseCodec.java:49)
	at org.openqa.selenium.remote.HttpCommandExecutor.execute(HttpCommandExecutor.java:158)
	at org.openqa.selenium.remote.service.DriverCommandExecutor.execute(DriverCommandExecutor.java:83)
	at org.openqa.selenium.remote.RemoteWebDriver.execute(RemoteWebDriver.java:552)
	at com.kms.katalon.selenium.driver.CChromeDriver.execute(CChromeDriver.java:19)
	at org.openqa.selenium.remote.RemoteWebElement.execute(RemoteWebElement.java:285)
	at org.openqa.selenium.remote.RemoteWebElement.click(RemoteWebElement.java:84)
	at org.openqa.selenium.support.events.EventFiringWebDriver$EventFiringWebElement.lambda$new$0(EventFiringWebDriver.java:404)
	at com.sun.proxy.$Proxy16.click(Unknown Source)
	at org.openqa.selenium.support.events.EventFiringWebDriver$EventFiringWebElement.click(EventFiringWebDriver.java:417)
	at com.kms.katalon.core.webui.keyword.builtin.ClickKeyword$_click_closure1.doCall(ClickKeyword.groovy:69)
	at com.kms.katalon.core.webui.keyword.builtin.ClickKeyword$_click_closure1.call(ClickKeyword.groovy)
	at com.kms.katalon.core.webui.keyword.internal.WebUIKeywordMain.runKeyword(WebUIKeywordMain.groovy:20)
	at com.kms.katalon.core.webui.keyword.builtin.ClickKeyword.click(ClickKeyword.groovy:76)
	at com.kms.katalon.core.webui.keyword.builtin.ClickKeyword.execute(ClickKeyword.groovy:43)
	at com.kms.katalon.core.keyword.internal.KeywordExecutor.executeKeywordForPlatform(KeywordExecutor.groovy:73)
	at com.kms.katalon.core.webui.keyword.WebUiBuiltInKeywords.click(WebUiBuiltInKeywords.groovy:617)
	at com.kms.katalon.core.webui.keyword.WebUiBuiltInKeywords$click$6.call(Unknown Source)
	at Script1599599262449.run(Script1599599262449.groovy:46)
	at com.kms.katalon.core.main.ScriptEngine.run(ScriptEngine.java:194)
	at com.kms.katalon.core.main.ScriptEngine.runScriptAsRawText(ScriptEngine.java:119)
	at com.kms.katalon.core.main.TestCaseExecutor.runScript(TestCaseExecutor.java:393)
	at com.kms.katalon.core.main.TestCaseExecutor.doExecute(TestCaseExecutor.java:384)
	at com.kms.katalon.core.main.TestCaseExecutor.processExecutionPhase(TestCaseExecutor.java:363)
	at com.kms.katalon.core.main.TestCaseExecutor.accessMainPhase(TestCaseExecutor.java:355)
	at com.kms.katalon.core.main.TestCaseExecutor.execute(TestCaseExecutor.java:251)
	at com.kms.katalon.core.main.TestCaseMain.runTestCase(TestCaseMain.java:114)
	at com.kms.katalon.core.keyword.builtin.CallTestCaseKeyword$_callTestCase_closure1.doCall(CallTestCaseKeyword.groovy:59)
	at com.kms.katalon.core.keyword.builtin.CallTestCaseKeyword$_callTestCase_closure1.call(CallTestCaseKeyword.groovy)
	at com.kms.katalon.core.keyword.internal.KeywordMain.runKeyword(KeywordMain.groovy:68)
	at com.kms.katalon.core.keyword.builtin.CallTestCaseKeyword.callTestCase(CallTestCaseKeyword.groovy:81)
	at com.kms.katalon.core.keyword.builtin.CallTestCaseKeyword.execute(CallTestCaseKeyword.groovy:44)
	at com.kms.katalon.core.keyword.internal.KeywordExecutor.executeKeywordForPlatform(KeywordExecutor.groovy:73)
	at com.kms.katalon.core.keyword.BuiltinKeywords.callTestCase(BuiltinKeywords.groovy:334)
	at Script1599753563611.run(Script1599753563611.groovy:29)
	... 13 more
)

2021-01-06 09:31:17 - [MESSAGE][FAILED] - Unable to click on object 'Object Repository/Page_tC Create/file_Parmed' (Root cause: com.kms.katalon.core.exception.StepFailedException: Unable to click on object 'Object Repository/Page_tC Create/file_Parmed'
	at com.kms.katalon.core.webui.keyword.internal.WebUIKeywordMain.stepFailed(WebUIKeywordMain.groovy:64)
	at com.kms.katalon.core.webui.keyword.internal.WebUIKeywordMain.runKeyword(WebUIKeywordMain.groovy:26)
	at com.kms.katalon.core.webui.keyword.builtin.ClickKeyword.click(ClickKeyword.groovy:76)
	at com.kms.katalon.core.webui.keyword.builtin.ClickKeyword.execute(ClickKeyword.groovy:43)
	at com.kms.katalon.core.keyword.internal.KeywordExecutor.executeKeywordForPlatform(KeywordExecutor.groovy:73)
	at com.kms.katalon.core.webui.keyword.WebUiBuiltInKeywords.click(WebUiBuiltInKeywords.groovy:617)
	at com.kms.katalon.core.webui.keyword.WebUiBuiltInKeywords$click$6.call(Unknown Source)
	at tCC tN Open For Edit.run(tCC tN Open For Edit:46)
	at com.kms.katalon.core.main.ScriptEngine.run(ScriptEngine.java:194)
	at com.kms.katalon.core.main.ScriptEngine.runScriptAsRawText(ScriptEngine.java:119)
	at com.kms.katalon.core.main.TestCaseExecutor.runScript(TestCaseExecutor.java:393)
	at com.kms.katalon.core.main.TestCaseExecutor.doExecute(TestCaseExecutor.java:384)
	at com.kms.katalon.core.main.TestCaseExecutor.processExecutionPhase(TestCaseExecutor.java:363)
	at com.kms.katalon.core.main.TestCaseExecutor.accessMainPhase(TestCaseExecutor.java:355)
	at com.kms.katalon.core.main.TestCaseExecutor.execute(TestCaseExecutor.java:251)
	at com.kms.katalon.core.main.TestCaseMain.runTestCase(TestCaseMain.java:114)
	at com.kms.katalon.core.keyword.builtin.CallTestCaseKeyword$_callTestCase_closure1.doCall(CallTestCaseKeyword.groovy:59)
	at com.kms.katalon.core.keyword.builtin.CallTestCaseKeyword$_callTestCase_closure1.call(CallTestCaseKeyword.groovy)
	at com.kms.katalon.core.keyword.internal.KeywordMain.runKeyword(KeywordMain.groovy:68)
	at com.kms.katalon.core.keyword.builtin.CallTestCaseKeyword.callTestCase(CallTestCaseKeyword.groovy:81)
	at com.kms.katalon.core.keyword.builtin.CallTestCaseKeyword.execute(CallTestCaseKeyword.groovy:44)
	at com.kms.katalon.core.keyword.internal.KeywordExecutor.executeKeywordForPlatform(KeywordExecutor.groovy:73)
	at com.kms.katalon.core.keyword.BuiltinKeywords.callTestCase(BuiltinKeywords.groovy:334)
	at tCC tN Test Copy OrigLangQuote.run(tCC tN Test Copy OrigLangQuote:29)
	at com.kms.katalon.core.main.ScriptEngine.run(ScriptEngine.java:194)
	at com.kms.katalon.core.main.ScriptEngine.runScriptAsRawText(ScriptEngine.java:119)
	at com.kms.katalon.core.main.TestCaseExecutor.runScript(TestCaseExecutor.java:393)
	at com.kms.katalon.core.main.TestCaseExecutor.doExecute(TestCaseExecutor.java:384)
	at com.kms.katalon.core.main.TestCaseExecutor.processExecutionPhase(TestCaseExecutor.java:363)
	at com.kms.katalon.core.main.TestCaseExecutor.accessMainPhase(TestCaseExecutor.java:355)
	at com.kms.katalon.core.main.TestCaseExecutor.execute(TestCaseExecutor.java:251)
	at com.kms.katalon.core.main.TestSuiteExecutor.accessTestCaseMainPhase(TestSuiteExecutor.java:203)
	at com.kms.katalon.core.main.TestSuiteExecutor.accessTestSuiteMainPhase(TestSuiteExecutor.java:152)
	at com.kms.katalon.core.main.TestSuiteExecutor.execute(TestSuiteExecutor.java:95)
	at com.kms.katalon.core.main.TestCaseMain.startTestSuite(TestCaseMain.java:157)
	at com.kms.katalon.core.main.TestCaseMain$startTestSuite$0.call(Unknown Source)
	at TempTestSuite1609946231562.run(TempTestSuite1609946231562.groovy:39)
Caused by: org.openqa.selenium.ElementNotInteractableException: element not interactable
  (Session info: chrome=87.0.4280.88)
Build info: version: '3.141.59', revision: 'e82be7d358', time: '2018-11-14T08:25:53'
System info: host: 'Kozs-MacBook-Air.local', ip: 'fe80:0:0:0:c5:5944:3b35:56d9%en0', os.name: 'Mac OS X', os.arch: 'x86_64', os.version: '10.14.6', java.version: '1.8.0_181'
Driver info: com.kms.katalon.selenium.driver.CChromeDriver
Capabilities {acceptInsecureCerts: false, browserName: chrome, browserVersion: 87.0.4280.88, chrome: {chromedriverVersion: 86.0.4240.22 (398b0743353ff..., userDataDir: /var/folders/hb/hv2s0v7n1nz...}, goog:chromeOptions: {debuggerAddress: localhost:51876}, javascriptEnabled: true, networkConnectionEnabled: false, pageLoadStrategy: normal, platform: MAC, platformName: MAC, proxy: Proxy(), setWindowRect: true, strictFileInteractability: false, timeouts: {implicit: 0, pageLoad: 300000, script: 30000}, unhandledPromptBehavior: dismiss and notify, webauthn:virtualAuthenticators: true}
Session ID: 318949830939cc4f1eaaddd53b6b28ff
	at org.openqa.selenium.remote.http.W3CHttpResponseCodec.createException(W3CHttpResponseCodec.java:187)
	at org.openqa.selenium.remote.http.W3CHttpResponseCodec.decode(W3CHttpResponseCodec.java:122)
	at org.openqa.selenium.remote.http.W3CHttpResponseCodec.decode(W3CHttpResponseCodec.java:49)
	at org.openqa.selenium.remote.HttpCommandExecutor.execute(HttpCommandExecutor.java:158)
	at org.openqa.selenium.remote.service.DriverCommandExecutor.execute(DriverCommandExecutor.java:83)
	at org.openqa.selenium.remote.RemoteWebDriver.execute(RemoteWebDriver.java:552)
	at com.kms.katalon.selenium.driver.CChromeDriver.execute(CChromeDriver.java:19)
	at org.openqa.selenium.remote.RemoteWebElement.execute(RemoteWebElement.java:285)
	at org.openqa.selenium.remote.RemoteWebElement.click(RemoteWebElement.java:84)
	at org.openqa.selenium.support.events.EventFiringWebDriver$EventFiringWebElement.lambda$new$0(EventFiringWebDriver.java:404)
	at com.sun.proxy.$Proxy16.click(Unknown Source)
	at org.openqa.selenium.support.events.EventFiringWebDriver$EventFiringWebElement.click(EventFiringWebDriver.java:417)
	at com.kms.katalon.core.webui.keyword.builtin.ClickKeyword$_click_closure1.doCall(ClickKeyword.groovy:69)
	at com.kms.katalon.core.webui.keyword.builtin.ClickKeyword$_click_closure1.call(ClickKeyword.groovy)
	at com.kms.katalon.core.webui.keyword.internal.WebUIKeywordMain.runKeyword(WebUIKeywordMain.groovy:20)
	at com.kms.katalon.core.webui.keyword.builtin.ClickKeyword.click(ClickKeyword.groovy:76)
	at com.kms.katalon.core.webui.keyword.builtin.ClickKeyword.execute(ClickKeyword.groovy:43)
	at com.kms.katalon.core.keyword.internal.KeywordExecutor.executeKeywordForPlatform(KeywordExecutor.groovy:73)
	at com.kms.katalon.core.webui.keyword.WebUiBuiltInKeywords.click(WebUiBuiltInKeywords.groovy:617)
	at com.kms.katalon.core.webui.keyword.WebUiBuiltInKeywords$click$6.call(Unknown Source)
	at Script1599599262449.run(Script1599599262449.groovy:46)
	at com.kms.katalon.core.main.ScriptEngine.run(ScriptEngine.java:194)
	at com.kms.katalon.core.main.ScriptEngine.runScriptAsRawText(ScriptEngine.java:119)
	at com.kms.katalon.core.main.TestCaseExecutor.runScript(TestCaseExecutor.java:393)
	at com.kms.katalon.core.main.TestCaseExecutor.doExecute(TestCaseExecutor.java:384)
	at com.kms.katalon.core.main.TestCaseExecutor.processExecutionPhase(TestCaseExecutor.java:363)
	at com.kms.katalon.core.main.TestCaseExecutor.accessMainPhase(TestCaseExecutor.java:355)
	at com.kms.katalon.core.main.TestCaseExecutor.execute(TestCaseExecutor.java:251)
	at com.kms.katalon.core.main.TestCaseMain.runTestCase(TestCaseMain.java:114)
	at com.kms.katalon.core.keyword.builtin.CallTestCaseKeyword$_callTestCase_closure1.doCall(CallTestCaseKeyword.groovy:59)
	at com.kms.katalon.core.keyword.builtin.CallTestCaseKeyword$_callTestCase_closure1.call(CallTestCaseKeyword.groovy)
	at com.kms.katalon.core.keyword.internal.KeywordMain.runKeyword(KeywordMain.groovy:68)
	at com.kms.katalon.core.keyword.builtin.CallTestCaseKeyword.callTestCase(CallTestCaseKeyword.groovy:81)
	at com.kms.katalon.core.keyword.builtin.CallTestCaseKeyword.execute(CallTestCaseKeyword.groovy:44)
	at com.kms.katalon.core.keyword.internal.KeywordExecutor.executeKeywordForPlatform(KeywordExecutor.groovy:73)
	at com.kms.katalon.core.keyword.BuiltinKeywords.callTestCase(BuiltinKeywords.groovy:334)
	at Script1599753563611.run(Script1599753563611.groovy:29)
	... 13 more
)
[[ATTACHMENT|/Users/cckozie/git/Katalon/tC Create Project/Reports/20210106_091711/tCC Test Suite 1/20210106_091711/1609947076746.png]]

2021-01-06 09:31:17 - [TEST_STEP][PASSED] - catch (Exception e): Object: 'Object Repository/Page_tC Create/file_Parmed' is clicked on

2021-01-06 09:31:17 - [TEST_STEP][PASSED] - click(findTestObject("Page_tC Create/file_Parmed", ["fileName":tNFile])): Object: 'Object Repository/Page_tC Create/file_Parmed' is clicked on

2021-01-06 09:31:18 - [MESSAGE][PASSED] - Object: 'Object Repository/Page_tC Create/file_Parmed' is clicked on

2021-01-06 09:31:23 - [MESSAGE][PASSED] - Call Test Case 'Test Cases/tCC Components/tCC tN Open For Edit' successfully

2021-01-06 09:31:23 - [TEST_STEP][PASSED] - system = unfoldingWord_Keywords.GetTestingConfig.getOperatingSystem(): unfoldingWord_Keywords.GetTestingConfig.getOperatingSystem is PASSED

2021-01-06 09:31:23 - [MESSAGE][PASSED] - unfoldingWord_Keywords.GetTestingConfig.getOperatingSystem is PASSED

2021-01-06 09:31:23 - [TEST_STEP][PASSED] - myBrowser = unfoldingWord_Keywords.GetTestingConfig.getBrowserAndVersion(): unfoldingWord_Keywords.GetTestingConfig.getBrowserAndVersion is PASSED

2021-01-06 09:31:23 - [MESSAGE][PASSED] - unfoldingWord_Keywords.GetTestingConfig.getBrowserAndVersion is PASSED

2021-01-06 09:31:23 - [TEST_STEP][PASSED] - (width, height) = unfoldingWord_Keywords.GetTestingConfig.getScreenResolution(): unfoldingWord_Keywords.GetTestingConfig.getScreenResolution is PASSED

2021-01-06 09:31:23 - [MESSAGE][PASSED] - unfoldingWord_Keywords.GetTestingConfig.getScreenResolution is PASSED

2021-01-06 09:31:23 - [TEST_STEP][PASSED] - objectPage = "Page_tCC translationNotes/": null

2021-01-06 09:31:23 - [TEST_STEP][PASSED] - origQuote = []: null

2021-01-06 09:31:23 - [TEST_STEP][PASSED] - origQuote = ["Page_tCC translationNotes/text_OrigQuote-en-xyz8-Pavlos-1", "Page_tCC translationNotes/text_OrigQuote-en-xyz8-dolos-1", "Page_tCC translationNotes/text_OrigQuote-en-xyz8-Theo-1", "Page_tCC translationNotes/text_OrigQuote-en-xyz8-apstolos-1", "Page_tCC translationNotes/text_OrigQuote-en-xyz8-d-1", "Page_tCC translationNotes/text_OrigQuote-en-xyz8-Iiso-1", "Page_tCC translationNotes/text_OrigQuote-en-xyz8-Christo-1", "Page_tCC translationNotes/text_OrigQuote-en-xyz8-kat-1", "Page_tCC translationNotes/text_OrigQuote-en-xyz8-pstin-1", "Page_tCC translationNotes/text_OrigQuote-en-xyz8-eklektn-1", "Page_tCC translationNotes/text_OrigQuote-en-xyz8-Theo-2", "Page_tCC translationNotes/text_OrigQuote-en-xyz8-ka-1", "Page_tCC translationNotes/text_OrigQuote-en-xyz8-epgnosin-1", "Page_tCC translationNotes/text_OrigQuote-en-xyz8-alitheas-1", "Page_tCC translationNotes/text_OrigQuote-en-xyz8-ts-1", "Page_tCC translationNotes/text_OrigQuote-en-xyz8-ka-2", "Page_tCC translationNotes/text_OrigQuote-en-xyz8-efsveian-1"]: null

2021-01-06 09:31:23 - [TEST_STEP][PASSED] - click(findTestObject("Page_tCC translationNotes/button_ViewColumns")): Object: 'Object Repository/Page_tCC translationNotes/button_ViewColumns' is clicked on

2021-01-06 09:31:24 - [MESSAGE][PASSED] - Object: 'Object Repository/Page_tCC translationNotes/button_ViewColumns' is clicked on

2021-01-06 09:31:24 - [TEST_STEP][PASSED] - click(findTestObject("Page_tCC translationNotes/columns_OrigQuote")): Object: 'Object Repository/Page_tCC translationNotes/columns_OrigQuote' is clicked on

2021-01-06 09:31:25 - [MESSAGE][PASSED] - Object: 'Object Repository/Page_tCC translationNotes/columns_OrigQuote' is clicked on

2021-01-06 09:31:25 - [TEST_STEP][PASSED] - click(findTestObject("Page_tCC translationNotes/btnX_CloseColumns")): Object: 'Object Repository/Page_tCC translationNotes/btnX_CloseColumns' is clicked on

2021-01-06 09:31:25 - [MESSAGE][PASSED] - Object: 'Object Repository/Page_tCC translationNotes/btnX_CloseColumns' is clicked on

2021-01-06 09:31:25 - [TEST_STEP][PASSED] - glText = getText(findTestObject("Page_tCC translationNotes/text_GLQuote-xyz8")): Text of object 'Object Repository/Page_tCC translationNotes/text_GLQuote-xyz8' is: 'á¼ÏÎ¯Î³Î½ÏÏÎ¹Î½'

2021-01-06 09:31:26 - [MESSAGE][PASSED] - Text of object 'Object Repository/Page_tCC translationNotes/text_GLQuote-xyz8' is: 'á¼ÏÎ¯Î³Î½ÏÏÎ¹Î½'

2021-01-06 09:31:26 - [TEST_STEP][PASSED] - enText = getText(findTestObject(origQuote[16])): Text of object 'Object Repository/Page_tCC translationNotes/text_OrigQuote-en-xyz8-efsveian-1' is: 'Îµá½ÏÎ­Î²ÎµÎ¹Î±Î½'

2021-01-06 09:31:27 - [MESSAGE][PASSED] - Text of object 'Object Repository/Page_tCC translationNotes/text_OrigQuote-en-xyz8-efsveian-1' is: 'Îµá½ÏÎ­Î²ÎµÎ¹Î±Î½'

2021-01-06 09:31:27 - [TEST_STEP][FAILED] - if (glText != enText): com.kms.katalon.core.exception.StepFailedException: Test failed because there is an unexpected value [á¼ÏÎ¯Î³Î½ÏÏÎ¹Î½] in GL OrigQuote field.

2021-01-06 09:31:27 - [TEST_STEP][PASSED] - println("ERROR: unexpected value [" + glText + "] in GL OrigQuote field"): null

2021-01-06 09:31:27 - [TEST_STEP][FAILED] - unfoldingWord_Keywords.SendMessage.SendFailMessage("Test failed because there is an unexpected value [" + glText + "] in GL OrigQuote field."): com.kms.katalon.core.exception.StepFailedException: Test failed because there is an unexpected value [á¼ÏÎ¯Î³Î½ÏÏÎ¹Î½] in GL OrigQuote field.

2021-01-06 09:31:27 - [MESSAGE][FAILED] - Test failed because there is an unexpected value [á¼ÏÎ¯Î³Î½ÏÏÎ¹Î½] in GL OrigQuote field.

2021-01-06 09:31:27 - [MESSAGE][FAILED] - com.kms.katalon.core.exception.StepFailedException: Test failed because there is an unexpected value [á¼ÏÎ¯Î³Î½ÏÏÎ¹Î½] in GL OrigQuote field.

2021-01-06 09:31:27 - [TEST_STEP][PASSED] - glQuote = getText(findTestObject("Page_tCC translationNotes/text_GLQuote-xyz8")): Text of object 'Object Repository/Page_tCC translationNotes/text_GLQuote-xyz8' is: 'á¼ÏÎ¯Î³Î½ÏÏÎ¹Î½'

2021-01-06 09:31:27 - [MESSAGE][PASSED] - Text of object 'Object Repository/Page_tCC translationNotes/text_GLQuote-xyz8' is: 'á¼ÏÎ¯Î³Î½ÏÏÎ¹Î½'

2021-01-06 09:31:27 - [TEST_STEP][PASSED] - for (def i : (0..(origQuote.size - 1))): null

2021-01-06 09:31:27 - [TEST_STEP][PASSED] - if (testHighlightStatus(origQuote[i])): null

2021-01-06 09:31:27 - [TEST_STEP][PASSED] - flag = false: null

2021-01-06 09:31:27 - [TEST_STEP][PASSED] - highlighted = "rgba(255, 255, 0, 1)": null

2021-01-06 09:31:27 - [TEST_STEP][PASSED] - if (getAttribute(findTestObject(element), "data-testselected", OPTIONAL) == "true"): Attribute 'data-testselected' of object 'Object Repository/Page_tCC translationNotes/text_OrigQuote-en-xyz8-Pavlos-1' is: 'false'

2021-01-06 09:31:27 - [MESSAGE][PASSED] - Attribute 'data-testselected' of object 'Object Repository/Page_tCC translationNotes/text_OrigQuote-en-xyz8-Pavlos-1' is: 'false'

2021-01-06 09:31:27 - [TEST_STEP][PASSED] - return flag: null

2021-01-06 09:31:27 - [TEST_STEP][PASSED] - if (testHighlightStatus(origQuote[i])): null

2021-01-06 09:31:27 - [TEST_STEP][PASSED] - flag = false: null

2021-01-06 09:31:27 - [TEST_STEP][PASSED] - highlighted = "rgba(255, 255, 0, 1)": null

2021-01-06 09:31:27 - [TEST_STEP][PASSED] - if (getAttribute(findTestObject(element), "data-testselected", OPTIONAL) == "true"): Attribute 'data-testselected' of object 'Object Repository/Page_tCC translationNotes/text_OrigQuote-en-xyz8-dolos-1' is: 'false'

2021-01-06 09:31:28 - [MESSAGE][PASSED] - Attribute 'data-testselected' of object 'Object Repository/Page_tCC translationNotes/text_OrigQuote-en-xyz8-dolos-1' is: 'false'

2021-01-06 09:31:28 - [TEST_STEP][PASSED] - return flag: null

2021-01-06 09:31:28 - [TEST_STEP][PASSED] - if (testHighlightStatus(origQuote[i])): null

2021-01-06 09:31:28 - [TEST_STEP][PASSED] - flag = false: null

2021-01-06 09:31:28 - [TEST_STEP][PASSED] - highlighted = "rgba(255, 255, 0, 1)": null

2021-01-06 09:31:28 - [TEST_STEP][PASSED] - if (getAttribute(findTestObject(element), "data-testselected", OPTIONAL) == "true"): Attribute 'data-testselected' of object 'Object Repository/Page_tCC translationNotes/text_OrigQuote-en-xyz8-Theo-1' is: 'false'

2021-01-06 09:31:28 - [MESSAGE][PASSED] - Attribute 'data-testselected' of object 'Object Repository/Page_tCC translationNotes/text_OrigQuote-en-xyz8-Theo-1' is: 'false'

2021-01-06 09:31:28 - [TEST_STEP][PASSED] - return flag: null

2021-01-06 09:31:28 - [TEST_STEP][PASSED] - if (testHighlightStatus(origQuote[i])): null

2021-01-06 09:31:28 - [TEST_STEP][PASSED] - flag = false: null

2021-01-06 09:31:28 - [TEST_STEP][PASSED] - highlighted = "rgba(255, 255, 0, 1)": null

2021-01-06 09:31:28 - [TEST_STEP][PASSED] - if (getAttribute(findTestObject(element), "data-testselected", OPTIONAL) == "true"): Attribute 'data-testselected' of object 'Object Repository/Page_tCC translationNotes/text_OrigQuote-en-xyz8-apstolos-1' is: 'false'

2021-01-06 09:31:29 - [MESSAGE][PASSED] - Attribute 'data-testselected' of object 'Object Repository/Page_tCC translationNotes/text_OrigQuote-en-xyz8-apstolos-1' is: 'false'

2021-01-06 09:31:29 - [TEST_STEP][PASSED] - return flag: null

2021-01-06 09:31:29 - [TEST_STEP][PASSED] - if (testHighlightStatus(origQuote[i])): null

2021-01-06 09:31:29 - [TEST_STEP][PASSED] - flag = false: null

2021-01-06 09:31:29 - [TEST_STEP][PASSED] - highlighted = "rgba(255, 255, 0, 1)": null

2021-01-06 09:31:29 - [TEST_STEP][PASSED] - if (getAttribute(findTestObject(element), "data-testselected", OPTIONAL) == "true"): Attribute 'data-testselected' of object 'Object Repository/Page_tCC translationNotes/text_OrigQuote-en-xyz8-d-1' is: 'false'

2021-01-06 09:31:29 - [MESSAGE][PASSED] - Attribute 'data-testselected' of object 'Object Repository/Page_tCC translationNotes/text_OrigQuote-en-xyz8-d-1' is: 'false'

2021-01-06 09:31:29 - [TEST_STEP][PASSED] - return flag: null

2021-01-06 09:31:29 - [TEST_STEP][PASSED] - if (testHighlightStatus(origQuote[i])): null

2021-01-06 09:31:29 - [TEST_STEP][PASSED] - flag = false: null

2021-01-06 09:31:29 - [TEST_STEP][PASSED] - highlighted = "rgba(255, 255, 0, 1)": null

2021-01-06 09:31:29 - [TEST_STEP][PASSED] - if (getAttribute(findTestObject(element), "data-testselected", OPTIONAL) == "true"): Attribute 'data-testselected' of object 'Object Repository/Page_tCC translationNotes/text_OrigQuote-en-xyz8-Iiso-1' is: 'false'

2021-01-06 09:31:30 - [MESSAGE][PASSED] - Attribute 'data-testselected' of object 'Object Repository/Page_tCC translationNotes/text_OrigQuote-en-xyz8-Iiso-1' is: 'false'

2021-01-06 09:31:30 - [TEST_STEP][PASSED] - return flag: null

2021-01-06 09:31:30 - [TEST_STEP][PASSED] - if (testHighlightStatus(origQuote[i])): null

2021-01-06 09:31:30 - [TEST_STEP][PASSED] - flag = false: null

2021-01-06 09:31:30 - [TEST_STEP][PASSED] - highlighted = "rgba(255, 255, 0, 1)": null

2021-01-06 09:31:30 - [TEST_STEP][PASSED] - if (getAttribute(findTestObject(element), "data-testselected", OPTIONAL) == "true"): Attribute 'data-testselected' of object 'Object Repository/Page_tCC translationNotes/text_OrigQuote-en-xyz8-Christo-1' is: 'false'

2021-01-06 09:31:30 - [MESSAGE][PASSED] - Attribute 'data-testselected' of object 'Object Repository/Page_tCC translationNotes/text_OrigQuote-en-xyz8-Christo-1' is: 'false'

2021-01-06 09:31:30 - [TEST_STEP][PASSED] - return flag: null

2021-01-06 09:31:30 - [TEST_STEP][PASSED] - if (testHighlightStatus(origQuote[i])): null

2021-01-06 09:31:30 - [TEST_STEP][PASSED] - flag = false: null

2021-01-06 09:31:30 - [TEST_STEP][PASSED] - highlighted = "rgba(255, 255, 0, 1)": null

2021-01-06 09:31:30 - [TEST_STEP][PASSED] - if (getAttribute(findTestObject(element), "data-testselected", OPTIONAL) == "true"): Attribute 'data-testselected' of object 'Object Repository/Page_tCC translationNotes/text_OrigQuote-en-xyz8-kat-1' is: 'false'

2021-01-06 09:31:30 - [MESSAGE][PASSED] - Attribute 'data-testselected' of object 'Object Repository/Page_tCC translationNotes/text_OrigQuote-en-xyz8-kat-1' is: 'false'

2021-01-06 09:31:30 - [TEST_STEP][PASSED] - return flag: null

2021-01-06 09:31:30 - [TEST_STEP][PASSED] - if (testHighlightStatus(origQuote[i])): null

2021-01-06 09:31:30 - [TEST_STEP][PASSED] - flag = false: null

2021-01-06 09:31:30 - [TEST_STEP][PASSED] - highlighted = "rgba(255, 255, 0, 1)": null

2021-01-06 09:31:30 - [TEST_STEP][PASSED] - if (getAttribute(findTestObject(element), "data-testselected", OPTIONAL) == "true"): Attribute 'data-testselected' of object 'Object Repository/Page_tCC translationNotes/text_OrigQuote-en-xyz8-pstin-1' is: 'false'

2021-01-06 09:31:31 - [MESSAGE][PASSED] - Attribute 'data-testselected' of object 'Object Repository/Page_tCC translationNotes/text_OrigQuote-en-xyz8-pstin-1' is: 'false'

2021-01-06 09:31:31 - [TEST_STEP][PASSED] - return flag: null

2021-01-06 09:31:31 - [TEST_STEP][PASSED] - if (testHighlightStatus(origQuote[i])): null

2021-01-06 09:31:31 - [TEST_STEP][PASSED] - flag = false: null

2021-01-06 09:31:31 - [TEST_STEP][PASSED] - highlighted = "rgba(255, 255, 0, 1)": null

2021-01-06 09:31:31 - [TEST_STEP][PASSED] - if (getAttribute(findTestObject(element), "data-testselected", OPTIONAL) == "true"): Attribute 'data-testselected' of object 'Object Repository/Page_tCC translationNotes/text_OrigQuote-en-xyz8-eklektn-1' is: 'false'

2021-01-06 09:31:31 - [MESSAGE][PASSED] - Attribute 'data-testselected' of object 'Object Repository/Page_tCC translationNotes/text_OrigQuote-en-xyz8-eklektn-1' is: 'false'

2021-01-06 09:31:31 - [TEST_STEP][PASSED] - return flag: null

2021-01-06 09:31:31 - [TEST_STEP][PASSED] - if (testHighlightStatus(origQuote[i])): null

2021-01-06 09:31:31 - [TEST_STEP][PASSED] - flag = false: null

2021-01-06 09:31:31 - [TEST_STEP][PASSED] - highlighted = "rgba(255, 255, 0, 1)": null

2021-01-06 09:31:31 - [TEST_STEP][PASSED] - if (getAttribute(findTestObject(element), "data-testselected", OPTIONAL) == "true"): Attribute 'data-testselected' of object 'Object Repository/Page_tCC translationNotes/text_OrigQuote-en-xyz8-Theo-2' is: 'false'

2021-01-06 09:31:31 - [MESSAGE][PASSED] - Attribute 'data-testselected' of object 'Object Repository/Page_tCC translationNotes/text_OrigQuote-en-xyz8-Theo-2' is: 'false'

2021-01-06 09:31:31 - [TEST_STEP][PASSED] - return flag: null

2021-01-06 09:31:31 - [TEST_STEP][PASSED] - if (testHighlightStatus(origQuote[i])): null

2021-01-06 09:31:31 - [TEST_STEP][PASSED] - flag = false: null

2021-01-06 09:31:31 - [TEST_STEP][PASSED] - highlighted = "rgba(255, 255, 0, 1)": null

2021-01-06 09:31:31 - [TEST_STEP][PASSED] - if (getAttribute(findTestObject(element), "data-testselected", OPTIONAL) == "true"): Attribute 'data-testselected' of object 'Object Repository/Page_tCC translationNotes/text_OrigQuote-en-xyz8-ka-1' is: 'false'

2021-01-06 09:31:31 - [MESSAGE][PASSED] - Attribute 'data-testselected' of object 'Object Repository/Page_tCC translationNotes/text_OrigQuote-en-xyz8-ka-1' is: 'false'

2021-01-06 09:31:31 - [TEST_STEP][PASSED] - return flag: null

2021-01-06 09:31:31 - [TEST_STEP][PASSED] - if (testHighlightStatus(origQuote[i])): null

2021-01-06 09:31:31 - [TEST_STEP][PASSED] - flag = false: null

2021-01-06 09:31:31 - [TEST_STEP][PASSED] - highlighted = "rgba(255, 255, 0, 1)": null

2021-01-06 09:31:32 - [TEST_STEP][PASSED] - if (getAttribute(findTestObject(element), "data-testselected", OPTIONAL) == "true"): null

2021-01-06 09:31:32 - [MESSAGE][PASSED] - Attribute 'data-testselected' of object 'Object Repository/Page_tCC translationNotes/text_OrigQuote-en-xyz8-epgnosin-1' is: 'true'

2021-01-06 09:31:32 - [TEST_STEP][PASSED] - flag = true: null

2021-01-06 09:31:32 - [TEST_STEP][PASSED] - return flag: null

2021-01-06 09:31:32 - [TEST_STEP][PASSED] - if (getText(findTestObject(origQuote[i])) != glQuote): Text of object 'Object Repository/Page_tCC translationNotes/text_OrigQuote-en-xyz8-epgnosin-1' is: 'á¼ÏÎ¯Î³Î½ÏÏÎ¹Î½'

2021-01-06 09:31:32 - [MESSAGE][PASSED] - Text of object 'Object Repository/Page_tCC translationNotes/text_OrigQuote-en-xyz8-epgnosin-1' is: 'á¼ÏÎ¯Î³Î½ÏÏÎ¹Î½'

2021-01-06 09:31:32 - [TEST_STEP][PASSED] - break: null

2021-01-06 09:31:32 - [TEST_STEP][PASSED] - scrollToElement(findTestObject("Page_tCC translationNotes/Titus 11_note"), 2): Scroll to object 'Object Repository/Page_tCC translationNotes/Titus 11_note' successfully

2021-01-06 09:31:32 - [MESSAGE][PASSED] - Scroll to object 'Object Repository/Page_tCC translationNotes/Titus 11_note' successfully

2021-01-06 09:31:32 - [TEST_STEP][PASSED] - setText(findTestObject("Page_tCC translationNotes/text_OrigQuote-GL-xyz8"), ""): Text '' is set on object 'Object Repository/Page_tCC translationNotes/text_OrigQuote-GL-xyz8'

2021-01-06 09:31:34 - [MESSAGE][PASSED] - Text '' is set on object 'Object Repository/Page_tCC translationNotes/text_OrigQuote-GL-xyz8'

2021-01-06 09:31:34 - [TEST_STEP][PASSED] - printHighlightStatus(origQuote[16], enText): null

2021-01-06 09:31:34 - [TEST_STEP][PASSED] - hText = "highlighted": null

2021-01-06 09:31:34 - [TEST_STEP][PASSED] - if (getAttribute(findTestObject(element), "data-testselected", OPTIONAL) != "true"): null

2021-01-06 09:31:34 - [MESSAGE][PASSED] - Attribute 'data-testselected' of object 'Object Repository/Page_tCC translationNotes/text_OrigQuote-en-xyz8-efsveian-1' is: 'false'

2021-01-06 09:31:34 - [TEST_STEP][PASSED] - hText = "not " + hText: null

2021-01-06 09:31:34 - [TEST_STEP][PASSED] - enText = getText(findTestObject(origQuote[2])): Text of object 'Object Repository/Page_tCC translationNotes/text_OrigQuote-en-xyz8-Theo-1' is: 'ÎÎµÎ¿á¿¦'

2021-01-06 09:31:35 - [MESSAGE][PASSED] - Text of object 'Object Repository/Page_tCC translationNotes/text_OrigQuote-en-xyz8-Theo-1' is: 'ÎÎµÎ¿á¿¦'

2021-01-06 09:31:35 - [TEST_STEP][PASSED] - setGLOrigQuote("", enText, true): null

2021-01-06 09:31:35 - [TEST_STEP][PASSED] - if (fnc == "paste"): null

2021-01-06 09:31:35 - [TEST_STEP][PASSED] - else: Text 'ÎÎµÎ¿á¿¦' is set on object 'Object Repository/Page_tCC translationNotes/text_OrigQuote-GL-xyz8'

2021-01-06 09:31:35 - [TEST_STEP][PASSED] - setText(findTestObject("Page_tCC translationNotes/text_OrigQuote-GL-xyz8"), quote): Text 'ÎÎµÎ¿á¿¦' is set on object 'Object Repository/Page_tCC translationNotes/text_OrigQuote-GL-xyz8'

2021-01-06 09:31:36 - [MESSAGE][PASSED] - Text 'ÎÎµÎ¿á¿¦' is set on object 'Object Repository/Page_tCC translationNotes/text_OrigQuote-GL-xyz8'

2021-01-06 09:31:36 - [TEST_STEP][PASSED] - if (clickOut): Object: 'Object Repository/Page_tCC translationNotes/label_OrigQuote' is clicked on using offset x=-10 and y=-10

2021-01-06 09:31:36 - [TEST_STEP][PASSED] - clickOffset(findTestObject("Page_tCC translationNotes/label_OrigQuote"), -10, -10): Object: 'Object Repository/Page_tCC translationNotes/label_OrigQuote' is clicked on using offset x=-10 and y=-10

2021-01-06 09:31:37 - [MESSAGE][PASSED] - Object: 'Object Repository/Page_tCC translationNotes/label_OrigQuote' is clicked on using offset x=-10 and y=-10

2021-01-06 09:31:37 - [TEST_STEP][PASSED] - printHighlightStatus(origQuote[2], enText): null

2021-01-06 09:31:37 - [TEST_STEP][PASSED] - hText = "highlighted": null

2021-01-06 09:31:37 - [TEST_STEP][PASSED] - if (getAttribute(findTestObject(element), "data-testselected", OPTIONAL) != "true"): Attribute 'data-testselected' of object 'Object Repository/Page_tCC translationNotes/text_OrigQuote-en-xyz8-Theo-1' is: 'true'

2021-01-06 09:31:37 - [MESSAGE][PASSED] - Attribute 'data-testselected' of object 'Object Repository/Page_tCC translationNotes/text_OrigQuote-en-xyz8-Theo-1' is: 'true'

2021-01-06 09:31:37 - [TEST_STEP][PASSED] - if (!(testHighlightStatus(origQuote[2]))): null

2021-01-06 09:31:37 - [TEST_STEP][PASSED] - flag = false: null

2021-01-06 09:31:37 - [TEST_STEP][PASSED] - highlighted = "rgba(255, 255, 0, 1)": null

2021-01-06 09:31:37 - [TEST_STEP][PASSED] - if (getAttribute(findTestObject(element), "data-testselected", OPTIONAL) == "true"): null

2021-01-06 09:31:37 - [MESSAGE][PASSED] - Attribute 'data-testselected' of object 'Object Repository/Page_tCC translationNotes/text_OrigQuote-en-xyz8-Theo-1' is: 'true'

2021-01-06 09:31:37 - [TEST_STEP][PASSED] - flag = true: null

2021-01-06 09:31:37 - [TEST_STEP][PASSED] - return flag: null

2021-01-06 09:31:37 - [TEST_STEP][PASSED] - else: null

2021-01-06 09:31:37 - [TEST_STEP][PASSED] - println(enText + " is highlighted as expected"): null

2021-01-06 09:31:37 - [TEST_STEP][PASSED] - doubleClick(findTestObject(origQuote[3])): Object: 'Object Repository/Page_tCC translationNotes/text_OrigQuote-en-xyz8-apstolos-1' is double clicked on

2021-01-06 09:31:38 - [MESSAGE][PASSED] - Object: 'Object Repository/Page_tCC translationNotes/text_OrigQuote-en-xyz8-apstolos-1' is double clicked on

2021-01-06 09:31:38 - [TEST_STEP][PASSED] - copyText(): null

2021-01-06 09:31:38 - [TEST_STEP][PASSED] - if (system.contains("Windows")): null

2021-01-06 09:31:38 - [TEST_STEP][PASSED] - else if (myBrowser.contains("firefox")): null

2021-01-06 09:31:38 - [TEST_STEP][PASSED] - else: Keys 'CONTROL + INSERT + ' sent to object: 'tempBody'

2021-01-06 09:31:38 - [TEST_STEP][PASSED] - sendKeys(null, Keys.chord(CONTROL, INSERT)): Keys 'CONTROL + INSERT + ' sent to object: 'tempBody'

2021-01-06 09:31:38 - [MESSAGE][WARNING] - Test object with id 'Object Repository/' does not exist

2021-01-06 09:31:39 - [MESSAGE][PASSED] - Keys 'CONTROL + INSERT + ' sent to object: 'tempBody'

2021-01-06 09:31:39 - [TEST_STEP][PASSED] - setGLOrigQuote("paste", "", true): null

2021-01-06 09:31:39 - [TEST_STEP][PASSED] - if (fnc == "paste"): Keys 'SHIFT + INSERT + ' sent to object: 'Object Repository/Page_tCC translationNotes/text_OrigQuote-GL-xyz8'

2021-01-06 09:31:39 - [TEST_STEP][PASSED] - setText(findTestObject("Page_tCC translationNotes/text_OrigQuote-GL-xyz8"), ""): Text '' is set on object 'Object Repository/Page_tCC translationNotes/text_OrigQuote-GL-xyz8'

2021-01-06 09:31:42 - [MESSAGE][PASSED] - Text '' is set on object 'Object Repository/Page_tCC translationNotes/text_OrigQuote-GL-xyz8'

2021-01-06 09:31:42 - [TEST_STEP][PASSED] - click(findTestObject("Page_tCC translationNotes/text_OrigQuote-GL-xyz8")): Object: 'Object Repository/Page_tCC translationNotes/text_OrigQuote-GL-xyz8' is clicked on

2021-01-06 09:31:42 - [MESSAGE][PASSED] - Object: 'Object Repository/Page_tCC translationNotes/text_OrigQuote-GL-xyz8' is clicked on

2021-01-06 09:31:42 - [TEST_STEP][PASSED] - if (system.contains("Windows")): null

2021-01-06 09:31:42 - [TEST_STEP][PASSED] - else if (myBrowser.contains("firefox")): null

2021-01-06 09:31:42 - [TEST_STEP][PASSED] - else: Keys 'SHIFT + INSERT + ' sent to object: 'Object Repository/Page_tCC translationNotes/text_OrigQuote-GL-xyz8'

2021-01-06 09:31:42 - [TEST_STEP][PASSED] - sendKeys(findTestObject("Page_tCC translationNotes/text_OrigQuote-GL-xyz8"), Keys.chord(SHIFT, INSERT)): Keys 'SHIFT + INSERT + ' sent to object: 'Object Repository/Page_tCC translationNotes/text_OrigQuote-GL-xyz8'

2021-01-06 09:31:42 - [MESSAGE][PASSED] - Keys 'SHIFT + INSERT + ' sent to object: 'Object Repository/Page_tCC translationNotes/text_OrigQuote-GL-xyz8'

2021-01-06 09:31:42 - [TEST_STEP][PASSED] - if (clickOut): Object: 'Object Repository/Page_tCC translationNotes/label_OrigQuote' is clicked on using offset x=-10 and y=-10

2021-01-06 09:31:42 - [TEST_STEP][PASSED] - clickOffset(findTestObject("Page_tCC translationNotes/label_OrigQuote"), -10, -10): Object: 'Object Repository/Page_tCC translationNotes/label_OrigQuote' is clicked on using offset x=-10 and y=-10

2021-01-06 09:31:43 - [MESSAGE][PASSED] - Object: 'Object Repository/Page_tCC translationNotes/label_OrigQuote' is clicked on using offset x=-10 and y=-10

2021-01-06 09:31:43 - [TEST_STEP][PASSED] - enText = getText(findTestObject(origQuote[3])): Text of object 'Object Repository/Page_tCC translationNotes/text_OrigQuote-en-xyz8-apstolos-1' is: 'á¼ÏÏÏÏÎ¿Î»Î¿Ï'

2021-01-06 09:31:44 - [MESSAGE][PASSED] - Text of object 'Object Repository/Page_tCC translationNotes/text_OrigQuote-en-xyz8-apstolos-1' is: 'á¼ÏÏÏÏÎ¿Î»Î¿Ï'

2021-01-06 09:31:44 - [TEST_STEP][PASSED] - delay(1): Delayed 1 second(s)

2021-01-06 09:31:45 - [MESSAGE][PASSED] - Delayed 1 second(s)

2021-01-06 09:31:45 - [TEST_STEP][PASSED] - if (!(testHighlightStatus(origQuote[3]))): null

2021-01-06 09:31:45 - [TEST_STEP][PASSED] - flag = false: null

2021-01-06 09:31:45 - [TEST_STEP][PASSED] - highlighted = "rgba(255, 255, 0, 1)": null

2021-01-06 09:31:45 - [TEST_STEP][PASSED] - if (getAttribute(findTestObject(element), "data-testselected", OPTIONAL) == "true"): null

2021-01-06 09:31:45 - [MESSAGE][PASSED] - Attribute 'data-testselected' of object 'Object Repository/Page_tCC translationNotes/text_OrigQuote-en-xyz8-apstolos-1' is: 'true'

2021-01-06 09:31:45 - [TEST_STEP][PASSED] - flag = true: null

2021-01-06 09:31:45 - [TEST_STEP][PASSED] - return flag: null

2021-01-06 09:31:45 - [TEST_STEP][PASSED] - else: null

2021-01-06 09:31:45 - [TEST_STEP][PASSED] - println(enText + " is highlighted as expected"): null

2021-01-06 09:31:45 - [TEST_STEP][PASSED] - if (system.contains("Windows") || myBrowser.contains("firefox") || unfoldingWord_Keywords.TestVersion.isVersionGreater("1.0.3")): null

2021-01-06 09:31:45 - [MESSAGE][PASSED] - unfoldingWord_Keywords.TestVersion.isVersionGreater is PASSED

2021-01-06 09:31:45 - [TEST_STEP][PASSED] - dragIt(7, 9): null

2021-01-06 09:31:45 - [TEST_STEP][PASSED] - ofset = getElementWidth(findTestObject(origQuote[from])): Width of element 'Object Repository/Page_tCC translationNotes/text_OrigQuote-en-xyz8-kat-1' is '32'

2021-01-06 09:31:46 - [MESSAGE][PASSED] - Width of element 'Object Repository/Page_tCC translationNotes/text_OrigQuote-en-xyz8-kat-1' is '32'

2021-01-06 09:31:46 - [TEST_STEP][PASSED] - x = getElementWidth(findTestObject(origQuote[from])) / 2: Width of element 'Object Repository/Page_tCC translationNotes/text_OrigQuote-en-xyz8-kat-1' is '32'

2021-01-06 09:31:46 - [MESSAGE][PASSED] - Width of element 'Object Repository/Page_tCC translationNotes/text_OrigQuote-en-xyz8-kat-1' is '32'

2021-01-06 09:31:46 - [TEST_STEP][PASSED] - driver = getWebDriver(): null

2021-01-06 09:31:46 - [TEST_STEP][PASSED] - builder = new org.openqa.selenium.interactions.Actions(driver): null

2021-01-06 09:31:46 - [TEST_STEP][PASSED] - if (from != to): Left position of element 'Object Repository/Page_tCC translationNotes/text_OrigQuote-en-xyz8-kat-1' is '156'

2021-01-06 09:31:46 - [TEST_STEP][PASSED] - ofset = getElementLeftPosition(findTestObject(origQuote[to])) + getElementWidth(findTestObject(origQuote[to])) - getElementLeftPosition(findTestObject(origQuote[from])): Left position of element 'Object Repository/Page_tCC translationNotes/text_OrigQuote-en-xyz8-kat-1' is '156'

2021-01-06 09:31:47 - [MESSAGE][PASSED] - Left position of element 'Object Repository/Page_tCC translationNotes/text_OrigQuote-en-xyz8-eklektn-1' is '237'

2021-01-06 09:31:47 - [MESSAGE][PASSED] - Width of element 'Object Repository/Page_tCC translationNotes/text_OrigQuote-en-xyz8-eklektn-1' is '66'

2021-01-06 09:31:47 - [MESSAGE][PASSED] - Left position of element 'Object Repository/Page_tCC translationNotes/text_OrigQuote-en-xyz8-kat-1' is '156'

2021-01-06 09:31:47 - [TEST_STEP][PASSED] - mouseOverOffset(findTestObject(origQuote[from]), x, 0): Object: 'Object Repository/Page_tCC translationNotes/text_OrigQuote-en-xyz8-kat-1' is hovered using offset x = -16 and y = 0

2021-01-06 09:31:48 - [MESSAGE][PASSED] - Object: 'Object Repository/Page_tCC translationNotes/text_OrigQuote-en-xyz8-kat-1' is hovered using offset x = -16 and y = 0

2021-01-06 09:31:48 - [TEST_STEP][PASSED] - builder.clickAndHold(): null

2021-01-06 09:31:48 - [TEST_STEP][PASSED] - build().perform(): null

2021-01-06 09:31:48 - [TEST_STEP][PASSED] - copyText(): null

2021-01-06 09:31:48 - [TEST_STEP][PASSED] - if (system.contains("Windows")): null

2021-01-06 09:31:48 - [TEST_STEP][PASSED] - else if (myBrowser.contains("firefox")): null

2021-01-06 09:31:48 - [TEST_STEP][PASSED] - else: null

2021-01-06 09:31:48 - [TEST_STEP][PASSED] - sendKeys(null, Keys.chord(CONTROL, INSERT)): Keys 'CONTROL + INSERT + ' sent to object: 'tempBody'

2021-01-06 09:31:48 - [MESSAGE][WARNING] - Test object with id 'Object Repository/' does not exist

2021-01-06 09:31:48 - [MESSAGE][PASSED] - Keys 'CONTROL + INSERT + ' sent to object: 'tempBody'

2021-01-06 09:31:48 - [TEST_STEP][PASSED] - setGLOrigQuote("paste", "", true): null

2021-01-06 09:31:48 - [TEST_STEP][PASSED] - if (fnc == "paste"): Keys 'SHIFT + INSERT + ' sent to object: 'Object Repository/Page_tCC translationNotes/text_OrigQuote-GL-xyz8'

2021-01-06 09:31:48 - [TEST_STEP][PASSED] - setText(findTestObject("Page_tCC translationNotes/text_OrigQuote-GL-xyz8"), ""): Text '' is set on object 'Object Repository/Page_tCC translationNotes/text_OrigQuote-GL-xyz8'

2021-01-06 09:31:50 - [MESSAGE][PASSED] - Text '' is set on object 'Object Repository/Page_tCC translationNotes/text_OrigQuote-GL-xyz8'

2021-01-06 09:31:50 - [TEST_STEP][PASSED] - click(findTestObject("Page_tCC translationNotes/text_OrigQuote-GL-xyz8")): Object: 'Object Repository/Page_tCC translationNotes/text_OrigQuote-GL-xyz8' is clicked on

2021-01-06 09:31:50 - [MESSAGE][PASSED] - Object: 'Object Repository/Page_tCC translationNotes/text_OrigQuote-GL-xyz8' is clicked on

2021-01-06 09:31:50 - [TEST_STEP][PASSED] - if (system.contains("Windows")): null

2021-01-06 09:31:50 - [TEST_STEP][PASSED] - else if (myBrowser.contains("firefox")): null

2021-01-06 09:31:50 - [TEST_STEP][PASSED] - else: Keys 'SHIFT + INSERT + ' sent to object: 'Object Repository/Page_tCC translationNotes/text_OrigQuote-GL-xyz8'

2021-01-06 09:31:50 - [TEST_STEP][PASSED] - sendKeys(findTestObject("Page_tCC translationNotes/text_OrigQuote-GL-xyz8"), Keys.chord(SHIFT, INSERT)): Keys 'SHIFT + INSERT + ' sent to object: 'Object Repository/Page_tCC translationNotes/text_OrigQuote-GL-xyz8'

2021-01-06 09:31:51 - [MESSAGE][PASSED] - Keys 'SHIFT + INSERT + ' sent to object: 'Object Repository/Page_tCC translationNotes/text_OrigQuote-GL-xyz8'

2021-01-06 09:31:51 - [TEST_STEP][PASSED] - if (clickOut): null

2021-01-06 09:31:51 - [TEST_STEP][PASSED] - clickOffset(findTestObject("Page_tCC translationNotes/label_OrigQuote"), -10, -10): Object: 'Object Repository/Page_tCC translationNotes/label_OrigQuote' is clicked on using offset x=-10 and y=-10

2021-01-06 09:31:51 - [MESSAGE][PASSED] - Object: 'Object Repository/Page_tCC translationNotes/label_OrigQuote' is clicked on using offset x=-10 and y=-10

2021-01-06 09:31:51 - [TEST_STEP][PASSED] - delay(1): Delayed 1 second(s)

2021-01-06 09:31:52 - [MESSAGE][PASSED] - Delayed 1 second(s)

2021-01-06 09:31:52 - [TEST_STEP][PASSED] - if (!(verifyElementText(findTestObject("Page_tCC translationNotes/text_OrigQuote-GL-xyz8"), "ÎºÎ±Ïá½° ÏÎ¯ÏÏÎ¹Î½ á¼ÎºÎ»ÎµÎºÏá¿¶Î½", CONTINUE_ON_FAILURE))): Actual text and expected text of test object 'Object Repository/Page_tCC translationNotes/text_OrigQuote-GL-xyz8' are matched.

2021-01-06 09:31:53 - [MESSAGE][PASSED] - Actual text and expected text of test object 'Object Repository/Page_tCC translationNotes/text_OrigQuote-GL-xyz8' are matched.

2021-01-06 09:31:53 - [TEST_STEP][PASSED] - else: null

2021-01-06 09:31:53 - [TEST_STEP][PASSED] - println("The pasted text was unformatted as desired."): null

2021-01-06 09:31:53 - [TEST_STEP][PASSED] - testHighlight(7, 9): null

2021-01-06 09:31:53 - [TEST_STEP][PASSED] - for (def i : (0..(origQuote.size - 1))): null

2021-01-06 09:31:53 - [TEST_STEP][PASSED] - word = getText(findTestObject(origQuote[i])): Text of object 'Object Repository/Page_tCC translationNotes/text_OrigQuote-en-xyz8-Pavlos-1' is: 'Î Î±á¿¦Î»Î¿Ï'

2021-01-06 09:31:53 - [MESSAGE][PASSED] - Text of object 'Object Repository/Page_tCC translationNotes/text_OrigQuote-en-xyz8-Pavlos-1' is: 'Î Î±á¿¦Î»Î¿Ï'

2021-01-06 09:31:53 - [TEST_STEP][PASSED] - if (i >= from && i <= to): null

2021-01-06 09:31:53 - [TEST_STEP][PASSED] - else: null

2021-01-06 09:31:53 - [TEST_STEP][PASSED] - if (testHighlightStatus(origQuote[i])): null

2021-01-06 09:31:53 - [TEST_STEP][PASSED] - flag = false: null

2021-01-06 09:31:53 - [TEST_STEP][PASSED] - highlighted = "rgba(255, 255, 0, 1)": null

2021-01-06 09:31:53 - [TEST_STEP][PASSED] - if (getAttribute(findTestObject(element), "data-testselected", OPTIONAL) == "true"): Attribute 'data-testselected' of object 'Object Repository/Page_tCC translationNotes/text_OrigQuote-en-xyz8-Pavlos-1' is: 'false'

2021-01-06 09:31:54 - [MESSAGE][PASSED] - Attribute 'data-testselected' of object 'Object Repository/Page_tCC translationNotes/text_OrigQuote-en-xyz8-Pavlos-1' is: 'false'

2021-01-06 09:31:54 - [TEST_STEP][PASSED] - return flag: null

2021-01-06 09:31:54 - [TEST_STEP][PASSED] - else: Text of object 'Object Repository/Page_tCC translationNotes/text_OrigQuote-en-xyz8-Pavlos-1' is: 'Î Î±á¿¦Î»Î¿Ï'

2021-01-06 09:31:54 - [TEST_STEP][PASSED] - println(getText(findTestObject(origQuote[i])) + " is not highlighted as expected."): Text of object 'Object Repository/Page_tCC translationNotes/text_OrigQuote-en-xyz8-Pavlos-1' is: 'Î Î±á¿¦Î»Î¿Ï'

2021-01-06 09:31:54 - [MESSAGE][PASSED] - Text of object 'Object Repository/Page_tCC translationNotes/text_OrigQuote-en-xyz8-Pavlos-1' is: 'Î Î±á¿¦Î»Î¿Ï'

2021-01-06 09:31:54 - [TEST_STEP][PASSED] - word = getText(findTestObject(origQuote[i])): Text of object 'Object Repository/Page_tCC translationNotes/text_OrigQuote-en-xyz8-dolos-1' is: 'Î´Î¿á¿¦Î»Î¿Ï'

2021-01-06 09:31:54 - [MESSAGE][PASSED] - Text of object 'Object Repository/Page_tCC translationNotes/text_OrigQuote-en-xyz8-dolos-1' is: 'Î´Î¿á¿¦Î»Î¿Ï'

2021-01-06 09:31:54 - [TEST_STEP][PASSED] - if (i >= from && i <= to): null

2021-01-06 09:31:54 - [TEST_STEP][PASSED] - else: null

2021-01-06 09:31:54 - [TEST_STEP][PASSED] - if (testHighlightStatus(origQuote[i])): null

2021-01-06 09:31:54 - [TEST_STEP][PASSED] - flag = false: null

2021-01-06 09:31:54 - [TEST_STEP][PASSED] - highlighted = "rgba(255, 255, 0, 1)": null

2021-01-06 09:31:54 - [TEST_STEP][PASSED] - if (getAttribute(findTestObject(element), "data-testselected", OPTIONAL) == "true"): Attribute 'data-testselected' of object 'Object Repository/Page_tCC translationNotes/text_OrigQuote-en-xyz8-dolos-1' is: 'false'

2021-01-06 09:31:55 - [MESSAGE][PASSED] - Attribute 'data-testselected' of object 'Object Repository/Page_tCC translationNotes/text_OrigQuote-en-xyz8-dolos-1' is: 'false'

2021-01-06 09:31:55 - [TEST_STEP][PASSED] - return flag: null

2021-01-06 09:31:55 - [TEST_STEP][PASSED] - else: Text of object 'Object Repository/Page_tCC translationNotes/text_OrigQuote-en-xyz8-dolos-1' is: 'Î´Î¿á¿¦Î»Î¿Ï'

2021-01-06 09:31:55 - [TEST_STEP][PASSED] - println(getText(findTestObject(origQuote[i])) + " is not highlighted as expected."): Text of object 'Object Repository/Page_tCC translationNotes/text_OrigQuote-en-xyz8-dolos-1' is: 'Î´Î¿á¿¦Î»Î¿Ï'

2021-01-06 09:31:55 - [MESSAGE][PASSED] - Text of object 'Object Repository/Page_tCC translationNotes/text_OrigQuote-en-xyz8-dolos-1' is: 'Î´Î¿á¿¦Î»Î¿Ï'

2021-01-06 09:31:55 - [TEST_STEP][PASSED] - word = getText(findTestObject(origQuote[i])): Text of object 'Object Repository/Page_tCC translationNotes/text_OrigQuote-en-xyz8-Theo-1' is: 'ÎÎµÎ¿á¿¦'

2021-01-06 09:31:55 - [MESSAGE][PASSED] - Text of object 'Object Repository/Page_tCC translationNotes/text_OrigQuote-en-xyz8-Theo-1' is: 'ÎÎµÎ¿á¿¦'

2021-01-06 09:31:55 - [TEST_STEP][PASSED] - if (i >= from && i <= to): null

2021-01-06 09:31:55 - [TEST_STEP][PASSED] - else: null

2021-01-06 09:31:55 - [TEST_STEP][PASSED] - if (testHighlightStatus(origQuote[i])): null

2021-01-06 09:31:55 - [TEST_STEP][PASSED] - flag = false: null

2021-01-06 09:31:55 - [TEST_STEP][PASSED] - highlighted = "rgba(255, 255, 0, 1)": null

2021-01-06 09:31:55 - [TEST_STEP][PASSED] - if (getAttribute(findTestObject(element), "data-testselected", OPTIONAL) == "true"): Attribute 'data-testselected' of object 'Object Repository/Page_tCC translationNotes/text_OrigQuote-en-xyz8-Theo-1' is: 'false'

2021-01-06 09:31:56 - [MESSAGE][PASSED] - Attribute 'data-testselected' of object 'Object Repository/Page_tCC translationNotes/text_OrigQuote-en-xyz8-Theo-1' is: 'false'

2021-01-06 09:31:56 - [TEST_STEP][PASSED] - return flag: null

2021-01-06 09:31:56 - [TEST_STEP][PASSED] - else: Text of object 'Object Repository/Page_tCC translationNotes/text_OrigQuote-en-xyz8-Theo-1' is: 'ÎÎµÎ¿á¿¦'

2021-01-06 09:31:56 - [TEST_STEP][PASSED] - println(getText(findTestObject(origQuote[i])) + " is not highlighted as expected."): Text of object 'Object Repository/Page_tCC translationNotes/text_OrigQuote-en-xyz8-Theo-1' is: 'ÎÎµÎ¿á¿¦'

2021-01-06 09:31:57 - [MESSAGE][PASSED] - Text of object 'Object Repository/Page_tCC translationNotes/text_OrigQuote-en-xyz8-Theo-1' is: 'ÎÎµÎ¿á¿¦'

2021-01-06 09:31:57 - [TEST_STEP][PASSED] - word = getText(findTestObject(origQuote[i])): Text of object 'Object Repository/Page_tCC translationNotes/text_OrigQuote-en-xyz8-apstolos-1' is: 'á¼ÏÏÏÏÎ¿Î»Î¿Ï'

2021-01-06 09:31:57 - [MESSAGE][PASSED] - Text of object 'Object Repository/Page_tCC translationNotes/text_OrigQuote-en-xyz8-apstolos-1' is: 'á¼ÏÏÏÏÎ¿Î»Î¿Ï'

2021-01-06 09:31:57 - [TEST_STEP][PASSED] - if (i >= from && i <= to): null

2021-01-06 09:31:57 - [TEST_STEP][PASSED] - else: null

2021-01-06 09:31:57 - [TEST_STEP][PASSED] - if (testHighlightStatus(origQuote[i])): null

2021-01-06 09:31:57 - [TEST_STEP][PASSED] - flag = false: null

2021-01-06 09:31:57 - [TEST_STEP][PASSED] - highlighted = "rgba(255, 255, 0, 1)": null

2021-01-06 09:31:57 - [TEST_STEP][PASSED] - if (getAttribute(findTestObject(element), "data-testselected", OPTIONAL) == "true"): Attribute 'data-testselected' of object 'Object Repository/Page_tCC translationNotes/text_OrigQuote-en-xyz8-apstolos-1' is: 'false'

2021-01-06 09:31:57 - [MESSAGE][PASSED] - Attribute 'data-testselected' of object 'Object Repository/Page_tCC translationNotes/text_OrigQuote-en-xyz8-apstolos-1' is: 'false'

2021-01-06 09:31:57 - [TEST_STEP][PASSED] - return flag: null

2021-01-06 09:31:57 - [TEST_STEP][PASSED] - else: Text of object 'Object Repository/Page_tCC translationNotes/text_OrigQuote-en-xyz8-apstolos-1' is: 'á¼ÏÏÏÏÎ¿Î»Î¿Ï'

2021-01-06 09:31:57 - [TEST_STEP][PASSED] - println(getText(findTestObject(origQuote[i])) + " is not highlighted as expected."): Text of object 'Object Repository/Page_tCC translationNotes/text_OrigQuote-en-xyz8-apstolos-1' is: 'á¼ÏÏÏÏÎ¿Î»Î¿Ï'

2021-01-06 09:31:58 - [MESSAGE][PASSED] - Text of object 'Object Repository/Page_tCC translationNotes/text_OrigQuote-en-xyz8-apstolos-1' is: 'á¼ÏÏÏÏÎ¿Î»Î¿Ï'

2021-01-06 09:31:58 - [TEST_STEP][PASSED] - word = getText(findTestObject(origQuote[i])): Text of object 'Object Repository/Page_tCC translationNotes/text_OrigQuote-en-xyz8-d-1' is: 'Î´á½²'

2021-01-06 09:31:58 - [MESSAGE][PASSED] - Text of object 'Object Repository/Page_tCC translationNotes/text_OrigQuote-en-xyz8-d-1' is: 'Î´á½²'

2021-01-06 09:31:58 - [TEST_STEP][PASSED] - if (i >= from && i <= to): null

2021-01-06 09:31:58 - [TEST_STEP][PASSED] - else: null

2021-01-06 09:31:58 - [TEST_STEP][PASSED] - if (testHighlightStatus(origQuote[i])): null

2021-01-06 09:31:58 - [TEST_STEP][PASSED] - flag = false: null

2021-01-06 09:31:58 - [TEST_STEP][PASSED] - highlighted = "rgba(255, 255, 0, 1)": null

2021-01-06 09:31:58 - [TEST_STEP][PASSED] - if (getAttribute(findTestObject(element), "data-testselected", OPTIONAL) == "true"): Attribute 'data-testselected' of object 'Object Repository/Page_tCC translationNotes/text_OrigQuote-en-xyz8-d-1' is: 'false'

2021-01-06 09:31:58 - [MESSAGE][PASSED] - Attribute 'data-testselected' of object 'Object Repository/Page_tCC translationNotes/text_OrigQuote-en-xyz8-d-1' is: 'false'

2021-01-06 09:31:58 - [TEST_STEP][PASSED] - return flag: null

2021-01-06 09:31:58 - [TEST_STEP][PASSED] - else: Text of object 'Object Repository/Page_tCC translationNotes/text_OrigQuote-en-xyz8-d-1' is: 'Î´á½²'

2021-01-06 09:31:58 - [TEST_STEP][PASSED] - println(getText(findTestObject(origQuote[i])) + " is not highlighted as expected."): Text of object 'Object Repository/Page_tCC translationNotes/text_OrigQuote-en-xyz8-d-1' is: 'Î´á½²'

2021-01-06 09:31:59 - [MESSAGE][PASSED] - Text of object 'Object Repository/Page_tCC translationNotes/text_OrigQuote-en-xyz8-d-1' is: 'Î´á½²'

2021-01-06 09:31:59 - [TEST_STEP][PASSED] - word = getText(findTestObject(origQuote[i])): Text of object 'Object Repository/Page_tCC translationNotes/text_OrigQuote-en-xyz8-Iiso-1' is: 'á¼¸Î·ÏÎ¿á¿¦'

2021-01-06 09:31:59 - [MESSAGE][PASSED] - Text of object 'Object Repository/Page_tCC translationNotes/text_OrigQuote-en-xyz8-Iiso-1' is: 'á¼¸Î·ÏÎ¿á¿¦'

2021-01-06 09:31:59 - [TEST_STEP][PASSED] - if (i >= from && i <= to): null

2021-01-06 09:31:59 - [TEST_STEP][PASSED] - else: null

2021-01-06 09:31:59 - [TEST_STEP][PASSED] - if (testHighlightStatus(origQuote[i])): null

2021-01-06 09:31:59 - [TEST_STEP][PASSED] - flag = false: null

2021-01-06 09:31:59 - [TEST_STEP][PASSED] - highlighted = "rgba(255, 255, 0, 1)": null

2021-01-06 09:31:59 - [TEST_STEP][PASSED] - if (getAttribute(findTestObject(element), "data-testselected", OPTIONAL) == "true"): Attribute 'data-testselected' of object 'Object Repository/Page_tCC translationNotes/text_OrigQuote-en-xyz8-Iiso-1' is: 'false'

2021-01-06 09:31:59 - [MESSAGE][PASSED] - Attribute 'data-testselected' of object 'Object Repository/Page_tCC translationNotes/text_OrigQuote-en-xyz8-Iiso-1' is: 'false'

2021-01-06 09:31:59 - [TEST_STEP][PASSED] - return flag: null

2021-01-06 09:31:59 - [TEST_STEP][PASSED] - else: Text of object 'Object Repository/Page_tCC translationNotes/text_OrigQuote-en-xyz8-Iiso-1' is: 'á¼¸Î·ÏÎ¿á¿¦'

2021-01-06 09:31:59 - [TEST_STEP][PASSED] - println(getText(findTestObject(origQuote[i])) + " is not highlighted as expected."): Text of object 'Object Repository/Page_tCC translationNotes/text_OrigQuote-en-xyz8-Iiso-1' is: 'á¼¸Î·ÏÎ¿á¿¦'

2021-01-06 09:32:00 - [MESSAGE][PASSED] - Text of object 'Object Repository/Page_tCC translationNotes/text_OrigQuote-en-xyz8-Iiso-1' is: 'á¼¸Î·ÏÎ¿á¿¦'

2021-01-06 09:32:00 - [TEST_STEP][PASSED] - word = getText(findTestObject(origQuote[i])): Text of object 'Object Repository/Page_tCC translationNotes/text_OrigQuote-en-xyz8-Christo-1' is: 'Î§ÏÎ¹ÏÏÎ¿á¿¦'

2021-01-06 09:32:00 - [MESSAGE][PASSED] - Text of object 'Object Repository/Page_tCC translationNotes/text_OrigQuote-en-xyz8-Christo-1' is: 'Î§ÏÎ¹ÏÏÎ¿á¿¦'

2021-01-06 09:32:00 - [TEST_STEP][PASSED] - if (i >= from && i <= to): null

2021-01-06 09:32:00 - [TEST_STEP][PASSED] - else: null

2021-01-06 09:32:00 - [TEST_STEP][PASSED] - if (testHighlightStatus(origQuote[i])): null

2021-01-06 09:32:00 - [TEST_STEP][PASSED] - flag = false: null

2021-01-06 09:32:00 - [TEST_STEP][PASSED] - highlighted = "rgba(255, 255, 0, 1)": null

2021-01-06 09:32:00 - [TEST_STEP][PASSED] - if (getAttribute(findTestObject(element), "data-testselected", OPTIONAL) == "true"): Attribute 'data-testselected' of object 'Object Repository/Page_tCC translationNotes/text_OrigQuote-en-xyz8-Christo-1' is: 'false'

2021-01-06 09:32:01 - [MESSAGE][PASSED] - Attribute 'data-testselected' of object 'Object Repository/Page_tCC translationNotes/text_OrigQuote-en-xyz8-Christo-1' is: 'false'

2021-01-06 09:32:01 - [TEST_STEP][PASSED] - return flag: null

2021-01-06 09:32:01 - [TEST_STEP][PASSED] - else: Text of object 'Object Repository/Page_tCC translationNotes/text_OrigQuote-en-xyz8-Christo-1' is: 'Î§ÏÎ¹ÏÏÎ¿á¿¦'

2021-01-06 09:32:01 - [TEST_STEP][PASSED] - println(getText(findTestObject(origQuote[i])) + " is not highlighted as expected."): Text of object 'Object Repository/Page_tCC translationNotes/text_OrigQuote-en-xyz8-Christo-1' is: 'Î§ÏÎ¹ÏÏÎ¿á¿¦'

2021-01-06 09:32:01 - [MESSAGE][PASSED] - Text of object 'Object Repository/Page_tCC translationNotes/text_OrigQuote-en-xyz8-Christo-1' is: 'Î§ÏÎ¹ÏÏÎ¿á¿¦'

2021-01-06 09:32:01 - [TEST_STEP][PASSED] - word = getText(findTestObject(origQuote[i])): Text of object 'Object Repository/Page_tCC translationNotes/text_OrigQuote-en-xyz8-kat-1' is: 'ÎºÎ±Ïá½°'

2021-01-06 09:32:01 - [MESSAGE][PASSED] - Text of object 'Object Repository/Page_tCC translationNotes/text_OrigQuote-en-xyz8-kat-1' is: 'ÎºÎ±Ïá½°'

2021-01-06 09:32:01 - [TEST_STEP][PASSED] - if (i >= from && i <= to): null

2021-01-06 09:32:01 - [TEST_STEP][PASSED] - if (!(testHighlightStatus(origQuote[i]))): null

2021-01-06 09:32:01 - [TEST_STEP][PASSED] - flag = false: null

2021-01-06 09:32:01 - [TEST_STEP][PASSED] - highlighted = "rgba(255, 255, 0, 1)": null

2021-01-06 09:32:01 - [TEST_STEP][PASSED] - if (getAttribute(findTestObject(element), "data-testselected", OPTIONAL) == "true"): null

2021-01-06 09:32:02 - [MESSAGE][PASSED] - Attribute 'data-testselected' of object 'Object Repository/Page_tCC translationNotes/text_OrigQuote-en-xyz8-kat-1' is: 'true'

2021-01-06 09:32:02 - [TEST_STEP][PASSED] - flag = true: null

2021-01-06 09:32:02 - [TEST_STEP][PASSED] - return flag: null

2021-01-06 09:32:02 - [TEST_STEP][PASSED] - else: Text of object 'Object Repository/Page_tCC translationNotes/text_OrigQuote-en-xyz8-kat-1' is: 'ÎºÎ±Ïá½°'

2021-01-06 09:32:02 - [TEST_STEP][PASSED] - println(getText(findTestObject(origQuote[i])) + " is highlighted as expected."): Text of object 'Object Repository/Page_tCC translationNotes/text_OrigQuote-en-xyz8-kat-1' is: 'ÎºÎ±Ïá½°'

2021-01-06 09:32:03 - [MESSAGE][PASSED] - Text of object 'Object Repository/Page_tCC translationNotes/text_OrigQuote-en-xyz8-kat-1' is: 'ÎºÎ±Ïá½°'

2021-01-06 09:32:03 - [TEST_STEP][PASSED] - word = getText(findTestObject(origQuote[i])): Text of object 'Object Repository/Page_tCC translationNotes/text_OrigQuote-en-xyz8-pstin-1' is: 'ÏÎ¯ÏÏÎ¹Î½'

2021-01-06 09:32:04 - [MESSAGE][PASSED] - Text of object 'Object Repository/Page_tCC translationNotes/text_OrigQuote-en-xyz8-pstin-1' is: 'ÏÎ¯ÏÏÎ¹Î½'

2021-01-06 09:32:04 - [TEST_STEP][PASSED] - if (i >= from && i <= to): null

2021-01-06 09:32:04 - [TEST_STEP][PASSED] - if (!(testHighlightStatus(origQuote[i]))): null

2021-01-06 09:32:04 - [TEST_STEP][PASSED] - flag = false: null

2021-01-06 09:32:04 - [TEST_STEP][PASSED] - highlighted = "rgba(255, 255, 0, 1)": null

2021-01-06 09:32:04 - [TEST_STEP][PASSED] - if (getAttribute(findTestObject(element), "data-testselected", OPTIONAL) == "true"): null

2021-01-06 09:32:04 - [MESSAGE][PASSED] - Attribute 'data-testselected' of object 'Object Repository/Page_tCC translationNotes/text_OrigQuote-en-xyz8-pstin-1' is: 'true'

2021-01-06 09:32:04 - [TEST_STEP][PASSED] - flag = true: null

2021-01-06 09:32:04 - [TEST_STEP][PASSED] - return flag: null

2021-01-06 09:32:04 - [TEST_STEP][PASSED] - else: Text of object 'Object Repository/Page_tCC translationNotes/text_OrigQuote-en-xyz8-pstin-1' is: 'ÏÎ¯ÏÏÎ¹Î½'

2021-01-06 09:32:04 - [TEST_STEP][PASSED] - println(getText(findTestObject(origQuote[i])) + " is highlighted as expected."): Text of object 'Object Repository/Page_tCC translationNotes/text_OrigQuote-en-xyz8-pstin-1' is: 'ÏÎ¯ÏÏÎ¹Î½'

2021-01-06 09:32:05 - [MESSAGE][PASSED] - Text of object 'Object Repository/Page_tCC translationNotes/text_OrigQuote-en-xyz8-pstin-1' is: 'ÏÎ¯ÏÏÎ¹Î½'

2021-01-06 09:32:05 - [TEST_STEP][PASSED] - word = getText(findTestObject(origQuote[i])): Text of object 'Object Repository/Page_tCC translationNotes/text_OrigQuote-en-xyz8-eklektn-1' is: 'á¼ÎºÎ»ÎµÎºÏá¿¶Î½'

2021-01-06 09:32:05 - [MESSAGE][PASSED] - Text of object 'Object Repository/Page_tCC translationNotes/text_OrigQuote-en-xyz8-eklektn-1' is: 'á¼ÎºÎ»ÎµÎºÏá¿¶Î½'

2021-01-06 09:32:05 - [TEST_STEP][PASSED] - if (i >= from && i <= to): null

2021-01-06 09:32:05 - [TEST_STEP][PASSED] - if (!(testHighlightStatus(origQuote[i]))): null

2021-01-06 09:32:05 - [TEST_STEP][PASSED] - flag = false: null

2021-01-06 09:32:05 - [TEST_STEP][PASSED] - highlighted = "rgba(255, 255, 0, 1)": null

2021-01-06 09:32:05 - [TEST_STEP][PASSED] - if (getAttribute(findTestObject(element), "data-testselected", OPTIONAL) == "true"): null

2021-01-06 09:32:05 - [MESSAGE][PASSED] - Attribute 'data-testselected' of object 'Object Repository/Page_tCC translationNotes/text_OrigQuote-en-xyz8-eklektn-1' is: 'true'

2021-01-06 09:32:05 - [TEST_STEP][PASSED] - flag = true: null

2021-01-06 09:32:05 - [TEST_STEP][PASSED] - return flag: null

2021-01-06 09:32:05 - [TEST_STEP][PASSED] - else: Text of object 'Object Repository/Page_tCC translationNotes/text_OrigQuote-en-xyz8-eklektn-1' is: 'á¼ÎºÎ»ÎµÎºÏá¿¶Î½'

2021-01-06 09:32:05 - [TEST_STEP][PASSED] - println(getText(findTestObject(origQuote[i])) + " is highlighted as expected."): Text of object 'Object Repository/Page_tCC translationNotes/text_OrigQuote-en-xyz8-eklektn-1' is: 'á¼ÎºÎ»ÎµÎºÏá¿¶Î½'

2021-01-06 09:32:05 - [MESSAGE][PASSED] - Text of object 'Object Repository/Page_tCC translationNotes/text_OrigQuote-en-xyz8-eklektn-1' is: 'á¼ÎºÎ»ÎµÎºÏá¿¶Î½'

2021-01-06 09:32:05 - [TEST_STEP][PASSED] - word = getText(findTestObject(origQuote[i])): Text of object 'Object Repository/Page_tCC translationNotes/text_OrigQuote-en-xyz8-Theo-2' is: 'ÎÎµÎ¿á¿¦'

2021-01-06 09:32:06 - [MESSAGE][PASSED] - Text of object 'Object Repository/Page_tCC translationNotes/text_OrigQuote-en-xyz8-Theo-2' is: 'ÎÎµÎ¿á¿¦'

2021-01-06 09:32:06 - [TEST_STEP][PASSED] - if (i >= from && i <= to): null

2021-01-06 09:32:06 - [TEST_STEP][PASSED] - else: null

2021-01-06 09:32:06 - [TEST_STEP][PASSED] - if (testHighlightStatus(origQuote[i])): null

2021-01-06 09:32:06 - [TEST_STEP][PASSED] - flag = false: null

2021-01-06 09:32:06 - [TEST_STEP][PASSED] - highlighted = "rgba(255, 255, 0, 1)": null

2021-01-06 09:32:06 - [TEST_STEP][PASSED] - if (getAttribute(findTestObject(element), "data-testselected", OPTIONAL) == "true"): Attribute 'data-testselected' of object 'Object Repository/Page_tCC translationNotes/text_OrigQuote-en-xyz8-Theo-2' is: 'false'

2021-01-06 09:32:06 - [MESSAGE][PASSED] - Attribute 'data-testselected' of object 'Object Repository/Page_tCC translationNotes/text_OrigQuote-en-xyz8-Theo-2' is: 'false'

2021-01-06 09:32:06 - [TEST_STEP][PASSED] - return flag: null

2021-01-06 09:32:06 - [TEST_STEP][PASSED] - else: Text of object 'Object Repository/Page_tCC translationNotes/text_OrigQuote-en-xyz8-Theo-2' is: 'ÎÎµÎ¿á¿¦'

2021-01-06 09:32:06 - [TEST_STEP][PASSED] - println(getText(findTestObject(origQuote[i])) + " is not highlighted as expected."): Text of object 'Object Repository/Page_tCC translationNotes/text_OrigQuote-en-xyz8-Theo-2' is: 'ÎÎµÎ¿á¿¦'

2021-01-06 09:32:07 - [MESSAGE][PASSED] - Text of object 'Object Repository/Page_tCC translationNotes/text_OrigQuote-en-xyz8-Theo-2' is: 'ÎÎµÎ¿á¿¦'

2021-01-06 09:32:07 - [TEST_STEP][PASSED] - word = getText(findTestObject(origQuote[i])): Text of object 'Object Repository/Page_tCC translationNotes/text_OrigQuote-en-xyz8-ka-1' is: 'ÎºÎ±á½¶'

2021-01-06 09:32:07 - [MESSAGE][PASSED] - Text of object 'Object Repository/Page_tCC translationNotes/text_OrigQuote-en-xyz8-ka-1' is: 'ÎºÎ±á½¶'

2021-01-06 09:32:07 - [TEST_STEP][PASSED] - if (i >= from && i <= to): null

2021-01-06 09:32:07 - [TEST_STEP][PASSED] - else: null

2021-01-06 09:32:07 - [TEST_STEP][PASSED] - if (testHighlightStatus(origQuote[i])): null

2021-01-06 09:32:07 - [TEST_STEP][PASSED] - flag = false: null

2021-01-06 09:32:07 - [TEST_STEP][PASSED] - highlighted = "rgba(255, 255, 0, 1)": null

2021-01-06 09:32:07 - [TEST_STEP][PASSED] - if (getAttribute(findTestObject(element), "data-testselected", OPTIONAL) == "true"): Attribute 'data-testselected' of object 'Object Repository/Page_tCC translationNotes/text_OrigQuote-en-xyz8-ka-1' is: 'false'

2021-01-06 09:32:07 - [MESSAGE][PASSED] - Attribute 'data-testselected' of object 'Object Repository/Page_tCC translationNotes/text_OrigQuote-en-xyz8-ka-1' is: 'false'

2021-01-06 09:32:07 - [TEST_STEP][PASSED] - return flag: null

2021-01-06 09:32:07 - [TEST_STEP][PASSED] - else: Text of object 'Object Repository/Page_tCC translationNotes/text_OrigQuote-en-xyz8-ka-1' is: 'ÎºÎ±á½¶'

2021-01-06 09:32:07 - [TEST_STEP][PASSED] - println(getText(findTestObject(origQuote[i])) + " is not highlighted as expected."): Text of object 'Object Repository/Page_tCC translationNotes/text_OrigQuote-en-xyz8-ka-1' is: 'ÎºÎ±á½¶'

2021-01-06 09:32:08 - [MESSAGE][PASSED] - Text of object 'Object Repository/Page_tCC translationNotes/text_OrigQuote-en-xyz8-ka-1' is: 'ÎºÎ±á½¶'

2021-01-06 09:32:08 - [TEST_STEP][PASSED] - word = getText(findTestObject(origQuote[i])): Text of object 'Object Repository/Page_tCC translationNotes/text_OrigQuote-en-xyz8-epgnosin-1' is: 'á¼ÏÎ¯Î³Î½ÏÏÎ¹Î½'

2021-01-06 09:32:08 - [MESSAGE][PASSED] - Text of object 'Object Repository/Page_tCC translationNotes/text_OrigQuote-en-xyz8-epgnosin-1' is: 'á¼ÏÎ¯Î³Î½ÏÏÎ¹Î½'

2021-01-06 09:32:08 - [TEST_STEP][PASSED] - if (i >= from && i <= to): null

2021-01-06 09:32:08 - [TEST_STEP][PASSED] - else: null

2021-01-06 09:32:08 - [TEST_STEP][PASSED] - if (testHighlightStatus(origQuote[i])): null

2021-01-06 09:32:08 - [TEST_STEP][PASSED] - flag = false: null

2021-01-06 09:32:08 - [TEST_STEP][PASSED] - highlighted = "rgba(255, 255, 0, 1)": null

2021-01-06 09:32:08 - [TEST_STEP][PASSED] - if (getAttribute(findTestObject(element), "data-testselected", OPTIONAL) == "true"): Attribute 'data-testselected' of object 'Object Repository/Page_tCC translationNotes/text_OrigQuote-en-xyz8-epgnosin-1' is: 'false'

2021-01-06 09:32:08 - [MESSAGE][PASSED] - Attribute 'data-testselected' of object 'Object Repository/Page_tCC translationNotes/text_OrigQuote-en-xyz8-epgnosin-1' is: 'false'

2021-01-06 09:32:08 - [TEST_STEP][PASSED] - return flag: null

2021-01-06 09:32:08 - [TEST_STEP][PASSED] - else: Text of object 'Object Repository/Page_tCC translationNotes/text_OrigQuote-en-xyz8-epgnosin-1' is: 'á¼ÏÎ¯Î³Î½ÏÏÎ¹Î½'

2021-01-06 09:32:08 - [TEST_STEP][PASSED] - println(getText(findTestObject(origQuote[i])) + " is not highlighted as expected."): Text of object 'Object Repository/Page_tCC translationNotes/text_OrigQuote-en-xyz8-epgnosin-1' is: 'á¼ÏÎ¯Î³Î½ÏÏÎ¹Î½'

2021-01-06 09:32:08 - [MESSAGE][PASSED] - Text of object 'Object Repository/Page_tCC translationNotes/text_OrigQuote-en-xyz8-epgnosin-1' is: 'á¼ÏÎ¯Î³Î½ÏÏÎ¹Î½'

2021-01-06 09:32:08 - [TEST_STEP][PASSED] - word = getText(findTestObject(origQuote[i])): Text of object 'Object Repository/Page_tCC translationNotes/text_OrigQuote-en-xyz8-alitheas-1' is: 'á¼Î»Î·Î¸ÎµÎ¯Î±Ï'

2021-01-06 09:32:09 - [MESSAGE][PASSED] - Text of object 'Object Repository/Page_tCC translationNotes/text_OrigQuote-en-xyz8-alitheas-1' is: 'á¼Î»Î·Î¸ÎµÎ¯Î±Ï'

2021-01-06 09:32:09 - [TEST_STEP][PASSED] - if (i >= from && i <= to): null

2021-01-06 09:32:09 - [TEST_STEP][PASSED] - else: null

2021-01-06 09:32:09 - [TEST_STEP][PASSED] - if (testHighlightStatus(origQuote[i])): null

2021-01-06 09:32:09 - [TEST_STEP][PASSED] - flag = false: null

2021-01-06 09:32:09 - [TEST_STEP][PASSED] - highlighted = "rgba(255, 255, 0, 1)": null

2021-01-06 09:32:09 - [TEST_STEP][PASSED] - if (getAttribute(findTestObject(element), "data-testselected", OPTIONAL) == "true"): Attribute 'data-testselected' of object 'Object Repository/Page_tCC translationNotes/text_OrigQuote-en-xyz8-alitheas-1' is: 'false'

2021-01-06 09:32:09 - [MESSAGE][PASSED] - Attribute 'data-testselected' of object 'Object Repository/Page_tCC translationNotes/text_OrigQuote-en-xyz8-alitheas-1' is: 'false'

2021-01-06 09:32:09 - [TEST_STEP][PASSED] - return flag: null

2021-01-06 09:32:09 - [TEST_STEP][PASSED] - else: Text of object 'Object Repository/Page_tCC translationNotes/text_OrigQuote-en-xyz8-alitheas-1' is: 'á¼Î»Î·Î¸ÎµÎ¯Î±Ï'

2021-01-06 09:32:09 - [TEST_STEP][PASSED] - println(getText(findTestObject(origQuote[i])) + " is not highlighted as expected."): Text of object 'Object Repository/Page_tCC translationNotes/text_OrigQuote-en-xyz8-alitheas-1' is: 'á¼Î»Î·Î¸ÎµÎ¯Î±Ï'

2021-01-06 09:32:09 - [MESSAGE][PASSED] - Text of object 'Object Repository/Page_tCC translationNotes/text_OrigQuote-en-xyz8-alitheas-1' is: 'á¼Î»Î·Î¸ÎµÎ¯Î±Ï'

2021-01-06 09:32:09 - [TEST_STEP][PASSED] - word = getText(findTestObject(origQuote[i])): Text of object 'Object Repository/Page_tCC translationNotes/text_OrigQuote-en-xyz8-ts-1' is: 'Ïá¿Ï'

2021-01-06 09:32:10 - [MESSAGE][PASSED] - Text of object 'Object Repository/Page_tCC translationNotes/text_OrigQuote-en-xyz8-ts-1' is: 'Ïá¿Ï'

2021-01-06 09:32:10 - [TEST_STEP][PASSED] - if (i >= from && i <= to): null

2021-01-06 09:32:10 - [TEST_STEP][PASSED] - else: null

2021-01-06 09:32:10 - [TEST_STEP][PASSED] - if (testHighlightStatus(origQuote[i])): null

2021-01-06 09:32:10 - [TEST_STEP][PASSED] - flag = false: null

2021-01-06 09:32:10 - [TEST_STEP][PASSED] - highlighted = "rgba(255, 255, 0, 1)": null

2021-01-06 09:32:10 - [TEST_STEP][PASSED] - if (getAttribute(findTestObject(element), "data-testselected", OPTIONAL) == "true"): Attribute 'data-testselected' of object 'Object Repository/Page_tCC translationNotes/text_OrigQuote-en-xyz8-ts-1' is: 'false'

2021-01-06 09:32:10 - [MESSAGE][PASSED] - Attribute 'data-testselected' of object 'Object Repository/Page_tCC translationNotes/text_OrigQuote-en-xyz8-ts-1' is: 'false'

2021-01-06 09:32:10 - [TEST_STEP][PASSED] - return flag: null

2021-01-06 09:32:10 - [TEST_STEP][PASSED] - else: Text of object 'Object Repository/Page_tCC translationNotes/text_OrigQuote-en-xyz8-ts-1' is: 'Ïá¿Ï'

2021-01-06 09:32:10 - [TEST_STEP][PASSED] - println(getText(findTestObject(origQuote[i])) + " is not highlighted as expected."): Text of object 'Object Repository/Page_tCC translationNotes/text_OrigQuote-en-xyz8-ts-1' is: 'Ïá¿Ï'

2021-01-06 09:32:11 - [MESSAGE][PASSED] - Text of object 'Object Repository/Page_tCC translationNotes/text_OrigQuote-en-xyz8-ts-1' is: 'Ïá¿Ï'

2021-01-06 09:32:11 - [TEST_STEP][PASSED] - word = getText(findTestObject(origQuote[i])): Text of object 'Object Repository/Page_tCC translationNotes/text_OrigQuote-en-xyz8-ka-2' is: 'ÎºÎ±Ïâ'

2021-01-06 09:32:11 - [MESSAGE][PASSED] - Text of object 'Object Repository/Page_tCC translationNotes/text_OrigQuote-en-xyz8-ka-2' is: 'ÎºÎ±Ïâ'

2021-01-06 09:32:11 - [TEST_STEP][PASSED] - if (i >= from && i <= to): null

2021-01-06 09:32:11 - [TEST_STEP][PASSED] - else: null

2021-01-06 09:32:11 - [TEST_STEP][PASSED] - if (testHighlightStatus(origQuote[i])): null

2021-01-06 09:32:11 - [TEST_STEP][PASSED] - flag = false: null

2021-01-06 09:32:11 - [TEST_STEP][PASSED] - highlighted = "rgba(255, 255, 0, 1)": null

2021-01-06 09:32:11 - [TEST_STEP][PASSED] - if (getAttribute(findTestObject(element), "data-testselected", OPTIONAL) == "true"): Attribute 'data-testselected' of object 'Object Repository/Page_tCC translationNotes/text_OrigQuote-en-xyz8-ka-2' is: 'false'

2021-01-06 09:32:11 - [MESSAGE][PASSED] - Attribute 'data-testselected' of object 'Object Repository/Page_tCC translationNotes/text_OrigQuote-en-xyz8-ka-2' is: 'false'

2021-01-06 09:32:11 - [TEST_STEP][PASSED] - return flag: null

2021-01-06 09:32:11 - [TEST_STEP][PASSED] - else: Text of object 'Object Repository/Page_tCC translationNotes/text_OrigQuote-en-xyz8-ka-2' is: 'ÎºÎ±Ïâ'

2021-01-06 09:32:11 - [TEST_STEP][PASSED] - println(getText(findTestObject(origQuote[i])) + " is not highlighted as expected."): Text of object 'Object Repository/Page_tCC translationNotes/text_OrigQuote-en-xyz8-ka-2' is: 'ÎºÎ±Ïâ'

2021-01-06 09:32:12 - [MESSAGE][PASSED] - Text of object 'Object Repository/Page_tCC translationNotes/text_OrigQuote-en-xyz8-ka-2' is: 'ÎºÎ±Ïâ'

2021-01-06 09:32:12 - [TEST_STEP][PASSED] - word = getText(findTestObject(origQuote[i])): Text of object 'Object Repository/Page_tCC translationNotes/text_OrigQuote-en-xyz8-efsveian-1' is: 'Îµá½ÏÎ­Î²ÎµÎ¹Î±Î½'

2021-01-06 09:32:12 - [MESSAGE][PASSED] - Text of object 'Object Repository/Page_tCC translationNotes/text_OrigQuote-en-xyz8-efsveian-1' is: 'Îµá½ÏÎ­Î²ÎµÎ¹Î±Î½'

2021-01-06 09:32:12 - [TEST_STEP][PASSED] - if (i >= from && i <= to): null

2021-01-06 09:32:12 - [TEST_STEP][PASSED] - else: null

2021-01-06 09:32:12 - [TEST_STEP][PASSED] - if (testHighlightStatus(origQuote[i])): null

2021-01-06 09:32:12 - [TEST_STEP][PASSED] - flag = false: null

2021-01-06 09:32:12 - [TEST_STEP][PASSED] - highlighted = "rgba(255, 255, 0, 1)": null

2021-01-06 09:32:12 - [TEST_STEP][PASSED] - if (getAttribute(findTestObject(element), "data-testselected", OPTIONAL) == "true"): Attribute 'data-testselected' of object 'Object Repository/Page_tCC translationNotes/text_OrigQuote-en-xyz8-efsveian-1' is: 'false'

2021-01-06 09:32:12 - [MESSAGE][PASSED] - Attribute 'data-testselected' of object 'Object Repository/Page_tCC translationNotes/text_OrigQuote-en-xyz8-efsveian-1' is: 'false'

2021-01-06 09:32:12 - [TEST_STEP][PASSED] - return flag: null

2021-01-06 09:32:12 - [TEST_STEP][PASSED] - else: Text of object 'Object Repository/Page_tCC translationNotes/text_OrigQuote-en-xyz8-efsveian-1' is: 'Îµá½ÏÎ­Î²ÎµÎ¹Î±Î½'

2021-01-06 09:32:12 - [TEST_STEP][PASSED] - println(getText(findTestObject(origQuote[i])) + " is not highlighted as expected."): Text of object 'Object Repository/Page_tCC translationNotes/text_OrigQuote-en-xyz8-efsveian-1' is: 'Îµá½ÏÎ­Î²ÎµÎ¹Î±Î½'

2021-01-06 09:32:13 - [MESSAGE][PASSED] - Text of object 'Object Repository/Page_tCC translationNotes/text_OrigQuote-en-xyz8-efsveian-1' is: 'Îµá½ÏÎ­Î²ÎµÎ¹Î±Î½'

2021-01-06 09:32:13 - [TEST_STEP][PASSED] - doubleClick(findTestObject(origQuote[7])): Object: 'Object Repository/Page_tCC translationNotes/text_OrigQuote-en-xyz8-kat-1' is double clicked on

2021-01-06 09:32:13 - [MESSAGE][PASSED] - Object: 'Object Repository/Page_tCC translationNotes/text_OrigQuote-en-xyz8-kat-1' is double clicked on

2021-01-06 09:32:13 - [TEST_STEP][PASSED] - copyText(): null

2021-01-06 09:32:13 - [TEST_STEP][PASSED] - if (system.contains("Windows")): null

2021-01-06 09:32:13 - [TEST_STEP][PASSED] - else if (myBrowser.contains("firefox")): null

2021-01-06 09:32:13 - [TEST_STEP][PASSED] - else: null

2021-01-06 09:32:13 - [TEST_STEP][PASSED] - sendKeys(null, Keys.chord(CONTROL, INSERT)): Keys 'CONTROL + INSERT + ' sent to object: 'tempBody'

2021-01-06 09:32:13 - [MESSAGE][WARNING] - Test object with id 'Object Repository/' does not exist

2021-01-06 09:32:14 - [MESSAGE][PASSED] - Keys 'CONTROL + INSERT + ' sent to object: 'tempBody'

2021-01-06 09:32:14 - [TEST_STEP][PASSED] - setGLOrigQuote("paste", "", true): null

2021-01-06 09:32:14 - [TEST_STEP][PASSED] - if (fnc == "paste"): Keys 'SHIFT + INSERT + ' sent to object: 'Object Repository/Page_tCC translationNotes/text_OrigQuote-GL-xyz8'

2021-01-06 09:32:14 - [TEST_STEP][PASSED] - setText(findTestObject("Page_tCC translationNotes/text_OrigQuote-GL-xyz8"), ""): Text '' is set on object 'Object Repository/Page_tCC translationNotes/text_OrigQuote-GL-xyz8'

2021-01-06 09:32:15 - [MESSAGE][PASSED] - Text '' is set on object 'Object Repository/Page_tCC translationNotes/text_OrigQuote-GL-xyz8'

2021-01-06 09:32:15 - [TEST_STEP][PASSED] - click(findTestObject("Page_tCC translationNotes/text_OrigQuote-GL-xyz8")): Object: 'Object Repository/Page_tCC translationNotes/text_OrigQuote-GL-xyz8' is clicked on

2021-01-06 09:32:15 - [MESSAGE][PASSED] - Object: 'Object Repository/Page_tCC translationNotes/text_OrigQuote-GL-xyz8' is clicked on

2021-01-06 09:32:15 - [TEST_STEP][PASSED] - if (system.contains("Windows")): null

2021-01-06 09:32:15 - [TEST_STEP][PASSED] - else if (myBrowser.contains("firefox")): null

2021-01-06 09:32:15 - [TEST_STEP][PASSED] - else: Keys 'SHIFT + INSERT + ' sent to object: 'Object Repository/Page_tCC translationNotes/text_OrigQuote-GL-xyz8'

2021-01-06 09:32:15 - [TEST_STEP][PASSED] - sendKeys(findTestObject("Page_tCC translationNotes/text_OrigQuote-GL-xyz8"), Keys.chord(SHIFT, INSERT)): Keys 'SHIFT + INSERT + ' sent to object: 'Object Repository/Page_tCC translationNotes/text_OrigQuote-GL-xyz8'

2021-01-06 09:32:16 - [MESSAGE][PASSED] - Keys 'SHIFT + INSERT + ' sent to object: 'Object Repository/Page_tCC translationNotes/text_OrigQuote-GL-xyz8'

2021-01-06 09:32:16 - [TEST_STEP][PASSED] - if (clickOut): null

2021-01-06 09:32:16 - [TEST_STEP][PASSED] - clickOffset(findTestObject("Page_tCC translationNotes/label_OrigQuote"), -10, -10): Object: 'Object Repository/Page_tCC translationNotes/label_OrigQuote' is clicked on using offset x=-10 and y=-10

2021-01-06 09:32:17 - [MESSAGE][PASSED] - Object: 'Object Repository/Page_tCC translationNotes/label_OrigQuote' is clicked on using offset x=-10 and y=-10

2021-01-06 09:32:17 - [TEST_STEP][PASSED] - doubleClick(findTestObject(origQuote[7])): Object: 'Object Repository/Page_tCC translationNotes/text_OrigQuote-en-xyz8-kat-1' is double clicked on

2021-01-06 09:32:17 - [MESSAGE][PASSED] - Object: 'Object Repository/Page_tCC translationNotes/text_OrigQuote-en-xyz8-kat-1' is double clicked on

2021-01-06 09:32:17 - [TEST_STEP][PASSED] - copyText(): null

2021-01-06 09:32:17 - [TEST_STEP][PASSED] - if (system.contains("Windows")): null

2021-01-06 09:32:17 - [TEST_STEP][PASSED] - else if (myBrowser.contains("firefox")): null

2021-01-06 09:32:17 - [TEST_STEP][PASSED] - else: null

2021-01-06 09:32:17 - [TEST_STEP][PASSED] - sendKeys(null, Keys.chord(CONTROL, INSERT)): Keys 'CONTROL + INSERT + ' sent to object: 'tempBody'

2021-01-06 09:32:17 - [MESSAGE][WARNING] - Test object with id 'Object Repository/' does not exist

2021-01-06 09:32:17 - [MESSAGE][PASSED] - Keys 'CONTROL + INSERT + ' sent to object: 'tempBody'

2021-01-06 09:32:17 - [TEST_STEP][PASSED] - setGLOrigQuote("paste", "", false): null

2021-01-06 09:32:17 - [TEST_STEP][PASSED] - if (fnc == "paste"): Keys 'SHIFT + INSERT + ' sent to object: 'Object Repository/Page_tCC translationNotes/text_OrigQuote-GL-xyz8'

2021-01-06 09:32:17 - [TEST_STEP][PASSED] - setText(findTestObject("Page_tCC translationNotes/text_OrigQuote-GL-xyz8"), ""): Text '' is set on object 'Object Repository/Page_tCC translationNotes/text_OrigQuote-GL-xyz8'

2021-01-06 09:32:19 - [MESSAGE][PASSED] - Text '' is set on object 'Object Repository/Page_tCC translationNotes/text_OrigQuote-GL-xyz8'

2021-01-06 09:32:19 - [TEST_STEP][PASSED] - click(findTestObject("Page_tCC translationNotes/text_OrigQuote-GL-xyz8")): Object: 'Object Repository/Page_tCC translationNotes/text_OrigQuote-GL-xyz8' is clicked on

2021-01-06 09:32:19 - [MESSAGE][PASSED] - Object: 'Object Repository/Page_tCC translationNotes/text_OrigQuote-GL-xyz8' is clicked on

2021-01-06 09:32:19 - [TEST_STEP][PASSED] - if (system.contains("Windows")): null

2021-01-06 09:32:19 - [TEST_STEP][PASSED] - else if (myBrowser.contains("firefox")): null

2021-01-06 09:32:19 - [TEST_STEP][PASSED] - else: Keys 'SHIFT + INSERT + ' sent to object: 'Object Repository/Page_tCC translationNotes/text_OrigQuote-GL-xyz8'

2021-01-06 09:32:19 - [TEST_STEP][PASSED] - sendKeys(findTestObject("Page_tCC translationNotes/text_OrigQuote-GL-xyz8"), Keys.chord(SHIFT, INSERT)): Keys 'SHIFT + INSERT + ' sent to object: 'Object Repository/Page_tCC translationNotes/text_OrigQuote-GL-xyz8'

2021-01-06 09:32:19 - [MESSAGE][PASSED] - Keys 'SHIFT + INSERT + ' sent to object: 'Object Repository/Page_tCC translationNotes/text_OrigQuote-GL-xyz8'

2021-01-06 09:32:19 - [TEST_STEP][FAILED] - if (clickOut): Unable to verify object 'Object Repository/Page_tCC translationNotes/span_GL_OrigQuoteText' is present (Root cause: com.kms.katalon.core.exception.StepFailedException: Unable to verify object 'Object Repository/Page_tCC translationNotes/span_GL_OrigQuoteText' is present
	at com.kms.katalon.core.webui.keyword.internal.WebUIKeywordMain.stepFailed(WebUIKeywordMain.groovy:64)
	at com.kms.katalon.core.webui.keyword.internal.WebUIKeywordMain.runKeyword(WebUIKeywordMain.groovy:26)
	at com.kms.katalon.core.webui.keyword.builtin.VerifyElementPresentKeyword.verifyElementPresent(VerifyElementPresentKeyword.groovy:92)
	at com.kms.katalon.core.webui.keyword.builtin.VerifyElementPresentKeyword.execute(VerifyElementPresentKeyword.groovy:68)
	at com.kms.katalon.core.keyword.internal.KeywordExecutor.executeKeywordForPlatform(KeywordExecutor.groovy:73)
	at com.kms.katalon.core.webui.keyword.WebUiBuiltInKeywords.verifyElementPresent(WebUiBuiltInKeywords.groovy:1461)
	at com.kms.katalon.core.webui.keyword.WebUiBuiltInKeywords$verifyElementPresent$24.call(Unknown Source)
	at tCC tN Test Copy OrigLangQuote.run(tCC tN Test Copy OrigLangQuote:170)
	at com.kms.katalon.core.main.ScriptEngine.run(ScriptEngine.java:194)
	at com.kms.katalon.core.main.ScriptEngine.runScriptAsRawText(ScriptEngine.java:119)
	at com.kms.katalon.core.main.TestCaseExecutor.runScript(TestCaseExecutor.java:393)
	at com.kms.katalon.core.main.TestCaseExecutor.doExecute(TestCaseExecutor.java:384)
	at com.kms.katalon.core.main.TestCaseExecutor.processExecutionPhase(TestCaseExecutor.java:363)
	at com.kms.katalon.core.main.TestCaseExecutor.accessMainPhase(TestCaseExecutor.java:355)
	at com.kms.katalon.core.main.TestCaseExecutor.execute(TestCaseExecutor.java:251)
	at com.kms.katalon.core.main.TestSuiteExecutor.accessTestCaseMainPhase(TestSuiteExecutor.java:203)
	at com.kms.katalon.core.main.TestSuiteExecutor.accessTestSuiteMainPhase(TestSuiteExecutor.java:152)
	at com.kms.katalon.core.main.TestSuiteExecutor.execute(TestSuiteExecutor.java:95)
	at com.kms.katalon.core.main.TestCaseMain.startTestSuite(TestCaseMain.java:157)
	at com.kms.katalon.core.main.TestCaseMain$startTestSuite$0.call(Unknown Source)
	at TempTestSuite1609946231562.run(TempTestSuite1609946231562.groovy:39)
Caused by: com.kms.katalon.core.exception.StepFailedException: com.kms.katalon.core.webui.exception.WebElementNotFoundException: Web element with id: 'Object Repository/Page_tCC translationNotes/span_GL_OrigQuoteText' located by '//tr[@id='MUIDataTableBodyRow-3']/td[3]/div/div/div/div[2]/div/div/p/span' not found
	at com.kms.katalon.core.webui.keyword.internal.WebUIKeywordMain.stepFailed(WebUIKeywordMain.groovy:64)
	at com.kms.katalon.core.webui.keyword.builtin.VerifyElementPresentKeyword$_verifyElementPresent_closure1.doCall(VerifyElementPresentKeyword.groovy:85)
	at com.kms.katalon.core.webui.keyword.builtin.VerifyElementPresentKeyword$_verifyElementPresent_closure1.call(VerifyElementPresentKeyword.groovy)
	at com.kms.katalon.core.webui.keyword.internal.WebUIKeywordMain.runKeyword(WebUIKeywordMain.groovy:20)
	... 19 more
)

2021-01-06 09:32:19 - [TEST_STEP][PASSED] - enText = getText(findTestObject("Page_tCC translationNotes/text_OrigQuote-GL-xyz8")): Text of object 'Object Repository/Page_tCC translationNotes/text_OrigQuote-GL-xyz8' is: 'ÎºÎ±Ïá½°'

2021-01-06 09:32:20 - [MESSAGE][PASSED] - Text of object 'Object Repository/Page_tCC translationNotes/text_OrigQuote-GL-xyz8' is: 'ÎºÎ±Ïá½°'

2021-01-06 09:32:20 - [TEST_STEP][PASSED] - delay(1): Delayed 1 second(s)

2021-01-06 09:32:21 - [MESSAGE][PASSED] - Delayed 1 second(s)

2021-01-06 09:32:21 - [TEST_STEP][FAILED] - if (verifyElementPresent(findTestObject("Page_tCC translationNotes/span_GL_OrigQuoteText"), 2)): Unable to verify object 'Object Repository/Page_tCC translationNotes/span_GL_OrigQuoteText' is present (Root cause: com.kms.katalon.core.exception.StepFailedException: Unable to verify object 'Object Repository/Page_tCC translationNotes/span_GL_OrigQuoteText' is present
	at com.kms.katalon.core.webui.keyword.internal.WebUIKeywordMain.stepFailed(WebUIKeywordMain.groovy:64)
	at com.kms.katalon.core.webui.keyword.internal.WebUIKeywordMain.runKeyword(WebUIKeywordMain.groovy:26)
	at com.kms.katalon.core.webui.keyword.builtin.VerifyElementPresentKeyword.verifyElementPresent(VerifyElementPresentKeyword.groovy:92)
	at com.kms.katalon.core.webui.keyword.builtin.VerifyElementPresentKeyword.execute(VerifyElementPresentKeyword.groovy:68)
	at com.kms.katalon.core.keyword.internal.KeywordExecutor.executeKeywordForPlatform(KeywordExecutor.groovy:73)
	at com.kms.katalon.core.webui.keyword.WebUiBuiltInKeywords.verifyElementPresent(WebUiBuiltInKeywords.groovy:1461)
	at com.kms.katalon.core.webui.keyword.WebUiBuiltInKeywords$verifyElementPresent$24.call(Unknown Source)
	at tCC tN Test Copy OrigLangQuote.run(tCC tN Test Copy OrigLangQuote:170)
	at com.kms.katalon.core.main.ScriptEngine.run(ScriptEngine.java:194)
	at com.kms.katalon.core.main.ScriptEngine.runScriptAsRawText(ScriptEngine.java:119)
	at com.kms.katalon.core.main.TestCaseExecutor.runScript(TestCaseExecutor.java:393)
	at com.kms.katalon.core.main.TestCaseExecutor.doExecute(TestCaseExecutor.java:384)
	at com.kms.katalon.core.main.TestCaseExecutor.processExecutionPhase(TestCaseExecutor.java:363)
	at com.kms.katalon.core.main.TestCaseExecutor.accessMainPhase(TestCaseExecutor.java:355)
	at com.kms.katalon.core.main.TestCaseExecutor.execute(TestCaseExecutor.java:251)
	at com.kms.katalon.core.main.TestSuiteExecutor.accessTestCaseMainPhase(TestSuiteExecutor.java:203)
	at com.kms.katalon.core.main.TestSuiteExecutor.accessTestSuiteMainPhase(TestSuiteExecutor.java:152)
	at com.kms.katalon.core.main.TestSuiteExecutor.execute(TestSuiteExecutor.java:95)
	at com.kms.katalon.core.main.TestCaseMain.startTestSuite(TestCaseMain.java:157)
	at com.kms.katalon.core.main.TestCaseMain$startTestSuite$0.call(Unknown Source)
	at TempTestSuite1609946231562.run(TempTestSuite1609946231562.groovy:39)
Caused by: com.kms.katalon.core.exception.StepFailedException: com.kms.katalon.core.webui.exception.WebElementNotFoundException: Web element with id: 'Object Repository/Page_tCC translationNotes/span_GL_OrigQuoteText' located by '//tr[@id='MUIDataTableBodyRow-3']/td[3]/div/div/div/div[2]/div/div/p/span' not found
	at com.kms.katalon.core.webui.keyword.internal.WebUIKeywordMain.stepFailed(WebUIKeywordMain.groovy:64)
	at com.kms.katalon.core.webui.keyword.builtin.VerifyElementPresentKeyword$_verifyElementPresent_closure1.doCall(VerifyElementPresentKeyword.groovy:85)
	at com.kms.katalon.core.webui.keyword.builtin.VerifyElementPresentKeyword$_verifyElementPresent_closure1.call(VerifyElementPresentKeyword.groovy)
	at com.kms.katalon.core.webui.keyword.internal.WebUIKeywordMain.runKeyword(WebUIKeywordMain.groovy:20)
	... 19 more
)

2021-01-06 09:32:24 - [MESSAGE][INFO] - Unable to find the element located by 'By.xpath: //tr[@id='MUIDataTableBodyRow-3']/td[3]/div/div/div/div[2]/div/div/p/span'. Please recheck the objects properties to make sure the desired element is located. 

2021-01-06 09:32:25 - [MESSAGE][FAILED] - com.kms.katalon.core.webui.exception.WebElementNotFoundException: Web element with id: 'Object Repository/Page_tCC translationNotes/span_GL_OrigQuoteText' located by '//tr[@id='MUIDataTableBodyRow-3']/td[3]/div/div/div/div[2]/div/div/p/span' not found (Root cause: com.kms.katalon.core.exception.StepFailedException: com.kms.katalon.core.webui.exception.WebElementNotFoundException: Web element with id: 'Object Repository/Page_tCC translationNotes/span_GL_OrigQuoteText' located by '//tr[@id='MUIDataTableBodyRow-3']/td[3]/div/div/div/div[2]/div/div/p/span' not found
	at com.kms.katalon.core.webui.keyword.internal.WebUIKeywordMain.stepFailed(WebUIKeywordMain.groovy:64)
	at com.kms.katalon.core.webui.keyword.builtin.VerifyElementPresentKeyword$_verifyElementPresent_closure1.doCall(VerifyElementPresentKeyword.groovy:85)
	at com.kms.katalon.core.webui.keyword.builtin.VerifyElementPresentKeyword$_verifyElementPresent_closure1.call(VerifyElementPresentKeyword.groovy)
	at com.kms.katalon.core.webui.keyword.internal.WebUIKeywordMain.runKeyword(WebUIKeywordMain.groovy:20)
	at com.kms.katalon.core.webui.keyword.builtin.VerifyElementPresentKeyword.verifyElementPresent(VerifyElementPresentKeyword.groovy:92)
	at com.kms.katalon.core.webui.keyword.builtin.VerifyElementPresentKeyword.execute(VerifyElementPresentKeyword.groovy:68)
	at com.kms.katalon.core.keyword.internal.KeywordExecutor.executeKeywordForPlatform(KeywordExecutor.groovy:73)
	at com.kms.katalon.core.webui.keyword.WebUiBuiltInKeywords.verifyElementPresent(WebUiBuiltInKeywords.groovy:1461)
	at com.kms.katalon.core.webui.keyword.WebUiBuiltInKeywords$verifyElementPresent$24.call(Unknown Source)
	at tCC tN Test Copy OrigLangQuote.run(tCC tN Test Copy OrigLangQuote:170)
	at com.kms.katalon.core.main.ScriptEngine.run(ScriptEngine.java:194)
	at com.kms.katalon.core.main.ScriptEngine.runScriptAsRawText(ScriptEngine.java:119)
	at com.kms.katalon.core.main.TestCaseExecutor.runScript(TestCaseExecutor.java:393)
	at com.kms.katalon.core.main.TestCaseExecutor.doExecute(TestCaseExecutor.java:384)
	at com.kms.katalon.core.main.TestCaseExecutor.processExecutionPhase(TestCaseExecutor.java:363)
	at com.kms.katalon.core.main.TestCaseExecutor.accessMainPhase(TestCaseExecutor.java:355)
	at com.kms.katalon.core.main.TestCaseExecutor.execute(TestCaseExecutor.java:251)
	at com.kms.katalon.core.main.TestSuiteExecutor.accessTestCaseMainPhase(TestSuiteExecutor.java:203)
	at com.kms.katalon.core.main.TestSuiteExecutor.accessTestSuiteMainPhase(TestSuiteExecutor.java:152)
	at com.kms.katalon.core.main.TestSuiteExecutor.execute(TestSuiteExecutor.java:95)
	at com.kms.katalon.core.main.TestCaseMain.startTestSuite(TestCaseMain.java:157)
	at com.kms.katalon.core.main.TestCaseMain$startTestSuite$0.call(Unknown Source)
	at TempTestSuite1609946231562.run(TempTestSuite1609946231562.groovy:39)
)
[[ATTACHMENT|/Users/cckozie/git/Katalon/tC Create Project/Reports/20210106_091711/tCC Test Suite 1/20210106_091711/1609947144556.png]]

2021-01-06 09:32:26 - [MESSAGE][FAILED] - Unable to verify object 'Object Repository/Page_tCC translationNotes/span_GL_OrigQuoteText' is present (Root cause: com.kms.katalon.core.exception.StepFailedException: Unable to verify object 'Object Repository/Page_tCC translationNotes/span_GL_OrigQuoteText' is present
	at com.kms.katalon.core.webui.keyword.internal.WebUIKeywordMain.stepFailed(WebUIKeywordMain.groovy:64)
	at com.kms.katalon.core.webui.keyword.internal.WebUIKeywordMain.runKeyword(WebUIKeywordMain.groovy:26)
	at com.kms.katalon.core.webui.keyword.builtin.VerifyElementPresentKeyword.verifyElementPresent(VerifyElementPresentKeyword.groovy:92)
	at com.kms.katalon.core.webui.keyword.builtin.VerifyElementPresentKeyword.execute(VerifyElementPresentKeyword.groovy:68)
	at com.kms.katalon.core.keyword.internal.KeywordExecutor.executeKeywordForPlatform(KeywordExecutor.groovy:73)
	at com.kms.katalon.core.webui.keyword.WebUiBuiltInKeywords.verifyElementPresent(WebUiBuiltInKeywords.groovy:1461)
	at com.kms.katalon.core.webui.keyword.WebUiBuiltInKeywords$verifyElementPresent$24.call(Unknown Source)
	at tCC tN Test Copy OrigLangQuote.run(tCC tN Test Copy OrigLangQuote:170)
	at com.kms.katalon.core.main.ScriptEngine.run(ScriptEngine.java:194)
	at com.kms.katalon.core.main.ScriptEngine.runScriptAsRawText(ScriptEngine.java:119)
	at com.kms.katalon.core.main.TestCaseExecutor.runScript(TestCaseExecutor.java:393)
	at com.kms.katalon.core.main.TestCaseExecutor.doExecute(TestCaseExecutor.java:384)
	at com.kms.katalon.core.main.TestCaseExecutor.processExecutionPhase(TestCaseExecutor.java:363)
	at com.kms.katalon.core.main.TestCaseExecutor.accessMainPhase(TestCaseExecutor.java:355)
	at com.kms.katalon.core.main.TestCaseExecutor.execute(TestCaseExecutor.java:251)
	at com.kms.katalon.core.main.TestSuiteExecutor.accessTestCaseMainPhase(TestSuiteExecutor.java:203)
	at com.kms.katalon.core.main.TestSuiteExecutor.accessTestSuiteMainPhase(TestSuiteExecutor.java:152)
	at com.kms.katalon.core.main.TestSuiteExecutor.execute(TestSuiteExecutor.java:95)
	at com.kms.katalon.core.main.TestCaseMain.startTestSuite(TestCaseMain.java:157)
	at com.kms.katalon.core.main.TestCaseMain$startTestSuite$0.call(Unknown Source)
	at TempTestSuite1609946231562.run(TempTestSuite1609946231562.groovy:39)
Caused by: com.kms.katalon.core.exception.StepFailedException: com.kms.katalon.core.webui.exception.WebElementNotFoundException: Web element with id: 'Object Repository/Page_tCC translationNotes/span_GL_OrigQuoteText' located by '//tr[@id='MUIDataTableBodyRow-3']/td[3]/div/div/div/div[2]/div/div/p/span' not found
	at com.kms.katalon.core.webui.keyword.internal.WebUIKeywordMain.stepFailed(WebUIKeywordMain.groovy:64)
	at com.kms.katalon.core.webui.keyword.builtin.VerifyElementPresentKeyword$_verifyElementPresent_closure1.doCall(VerifyElementPresentKeyword.groovy:85)
	at com.kms.katalon.core.webui.keyword.builtin.VerifyElementPresentKeyword$_verifyElementPresent_closure1.call(VerifyElementPresentKeyword.groovy)
	at com.kms.katalon.core.webui.keyword.internal.WebUIKeywordMain.runKeyword(WebUIKeywordMain.groovy:20)
	... 19 more
)
[[ATTACHMENT|/Users/cckozie/git/Katalon/tC Create Project/Reports/20210106_091711/tCC Test Suite 1/20210106_091711/1609947145575.png]]

2021-01-06 09:32:31 - [TEST_STEP][PASSED] - Start listener action : sampleAfterTestCase: null

2021-01-06 09:32:31 - [TEST_STEP][PASSED] - suite = false: null

2021-01-06 09:32:31 - [TEST_STEP][PASSED] - fileName = testSuiteLogFile: null

2021-01-06 09:32:31 - [TEST_STEP][PASSED] - if (fileName.length() > 1): null

2021-01-06 09:32:31 - [TEST_STEP][PASSED] - suite = true: null

2021-01-06 09:32:31 - [TEST_STEP][PASSED] - println("test case teardown in suite"): null

2021-01-06 09:32:31 - [TEST_STEP][PASSED] - println("log file is at " + fileName): null

2021-01-06 09:32:31 - [TEST_STEP][PASSED] - browser = unfoldingWord_Keywords.GetTestingConfig.getBrowserAndVersion(): unfoldingWord_Keywords.GetTestingConfig.getBrowserAndVersion is PASSED

2021-01-06 09:32:31 - [MESSAGE][PASSED] - unfoldingWord_Keywords.GetTestingConfig.getBrowserAndVersion is PASSED

2021-01-06 09:32:31 - [TEST_STEP][PASSED] - separator = "===================================================================================================================================================": null

2021-01-06 09:32:31 - [TEST_STEP][PASSED] - msg = separator: null

2021-01-06 09:32:31 - [TEST_STEP][PASSED] - println(msg): null

2021-01-06 09:32:31 - [TEST_STEP][PASSED] - if (suite): null

2021-01-06 09:32:31 - [TEST_STEP][PASSED] - oFile = new java.io.File(fileName): null

2021-01-06 09:32:31 - [TEST_STEP][PASSED] - oFile.append(msg + "
"): null

2021-01-06 09:32:31 - [TEST_STEP][PASSED] - prefix = " +++++++++++ ": null

2021-01-06 09:32:31 - [TEST_STEP][PASSED] - testCaseStatus = testCaseContext.getTestCaseStatus(): null

2021-01-06 09:32:31 - [TEST_STEP][PASSED] - if (scriptRunning): null

2021-01-06 09:32:31 - [TEST_STEP][PASSED] - testCaseStatus = "FAILED": null

2021-01-06 09:32:31 - [TEST_STEP][PASSED] - if (testCaseStatus != "PASSED"): null

2021-01-06 09:32:31 - [TEST_STEP][PASSED] - prefix = " ---------------------- ": null

2021-01-06 09:32:31 - [TEST_STEP][PASSED] - msg = prefix + testCaseContext.getTestCaseId() + " on " + version + " running on " + browser + " " + testCaseStatus + prefix: null

2021-01-06 09:32:31 - [TEST_STEP][PASSED] - println(msg): null

2021-01-06 09:32:31 - [TEST_STEP][PASSED] - if (suite): null

2021-01-06 09:32:31 - [TEST_STEP][PASSED] - oFile = new java.io.File(fileName): null

2021-01-06 09:32:31 - [TEST_STEP][PASSED] - oFile.append(msg + "
"): null

2021-01-06 09:32:31 - [TEST_STEP][PASSED] - tsMessages.add("##" + testCaseContext.getTestCaseId()): null

2021-01-06 09:32:31 - [TEST_STEP][PASSED] - if (scriptRunning): null

2021-01-06 09:32:31 - [TEST_STEP][PASSED] - msg = "\\\\\\\\\\ SCRIPT ABENDED //////////": null

2021-01-06 09:32:31 - [TEST_STEP][PASSED] - tcMessages.add(msg): null

2021-01-06 09:32:31 - [TEST_STEP][PASSED] - if (tcMessages.size() > 0): null

2021-01-06 09:32:31 - [TEST_STEP][PASSED] - for (def i : (0..(internal.GlobalVariable.tcMessages.size() - 1))): null

2021-01-06 09:32:31 - [TEST_STEP][PASSED] - msg = tcMessages[i]: null

2021-01-06 09:32:31 - [TEST_STEP][PASSED] - println(msg): null

2021-01-06 09:32:31 - [TEST_STEP][PASSED] - if (suite): null

2021-01-06 09:32:31 - [TEST_STEP][PASSED] - oFile = new java.io.File(fileName): null

2021-01-06 09:32:31 - [TEST_STEP][PASSED] - oFile.append(msg + "
"): null

2021-01-06 09:32:31 - [TEST_STEP][PASSED] - tsMessages.add(tcMessages[i]): null

2021-01-06 09:32:31 - [TEST_STEP][PASSED] - msg = tcMessages[i]: null

2021-01-06 09:32:31 - [TEST_STEP][PASSED] - println(msg): null

2021-01-06 09:32:31 - [TEST_STEP][PASSED] - if (suite): null

2021-01-06 09:32:31 - [TEST_STEP][PASSED] - oFile = new java.io.File(fileName): null

2021-01-06 09:32:31 - [TEST_STEP][PASSED] - oFile.append(msg + "
"): null

2021-01-06 09:32:31 - [TEST_STEP][PASSED] - tsMessages.add(tcMessages[i]): null

2021-01-06 09:32:31 - [TEST_STEP][PASSED] - if (scriptRunning && 1 == 2): null

2021-01-06 09:32:31 - [TEST_STEP][PASSED] - if (testCount > 0): null

2021-01-06 09:32:31 - [TEST_STEP][PASSED] - msg = separator: null

2021-01-06 09:32:31 - [TEST_STEP][PASSED] - println(msg): null

2021-01-06 09:32:31 - [TEST_STEP][PASSED] - if (suite): null

2021-01-06 09:32:31 - [TEST_STEP][PASSED] - oFile = new java.io.File(fileName): null

2021-01-06 09:32:31 - [TEST_STEP][PASSED] - oFile.append(msg + "

"): null

2021-01-06 09:32:33 - [TEST_STEP][PASSED] - Video: Video recording for test case 'Test Cases/tCC Test Cases/tCC tN Test Copy OrigLangQuote' .

2021-01-06 09:32:33 - [MESSAGE][INFO] - Video recording for test case 'Test Cases/tCC Test Cases/tCC tN Test Copy OrigLangQuote' .]]></system-out>
         <system-err><![CDATA[2021-01-06 09:30:42 - [TEST_CASE][FAILED] - Test Cases/tCC Test Cases/tCC tN Test Copy OrigLangQuote: Test Cases/tCC Test Cases/tCC tN Test Copy OrigLangQuote FAILED.
Reason:
com.kms.katalon.core.exception.StepFailedException: Test failed because there is an unexpected value [á¼ÏÎ¯Î³Î½ÏÏÎ¹Î½] in GL OrigQuote field.
	at com.kms.katalon.core.util.KeywordUtil.markFailed(KeywordUtil.java:19)
	at com.kms.katalon.core.util.KeywordUtil$markFailed$0.call(Unknown Source)
	at unfoldingWord_Keywords.SendMessage.SendFailMessage(SendMessage.groovy:30)
	at unfoldingWord_Keywords.SendMessage.invokeMethod(SendMessage.groovy)
	at com.kms.katalon.core.main.CustomKeywordDelegatingMetaClass.invokeStaticMethod(CustomKeywordDelegatingMetaClass.java:50)
	at tCC tN Test Copy OrigLangQuote.run(tCC tN Test Copy OrigLangQuote:71)
	at com.kms.katalon.core.main.ScriptEngine.run(ScriptEngine.java:194)
	at com.kms.katalon.core.main.ScriptEngine.runScriptAsRawText(ScriptEngine.java:119)
	at com.kms.katalon.core.main.TestCaseExecutor.runScript(TestCaseExecutor.java:393)
	at com.kms.katalon.core.main.TestCaseExecutor.doExecute(TestCaseExecutor.java:384)
	at com.kms.katalon.core.main.TestCaseExecutor.processExecutionPhase(TestCaseExecutor.java:363)
	at com.kms.katalon.core.main.TestCaseExecutor.accessMainPhase(TestCaseExecutor.java:355)
	at com.kms.katalon.core.main.TestCaseExecutor.execute(TestCaseExecutor.java:251)
	at com.kms.katalon.core.main.TestSuiteExecutor.accessTestCaseMainPhase(TestSuiteExecutor.java:203)
	at com.kms.katalon.core.main.TestSuiteExecutor.accessTestSuiteMainPhase(TestSuiteExecutor.java:152)
	at com.kms.katalon.core.main.TestSuiteExecutor.execute(TestSuiteExecutor.java:95)
	at com.kms.katalon.core.main.TestCaseMain.startTestSuite(TestCaseMain.java:157)
	at com.kms.katalon.core.main.TestCaseMain$startTestSuite$0.call(Unknown Source)
	at TempTestSuite1609946231562.run(TempTestSuite1609946231562.groovy:39)]]></system-err>
      </testcase>
      <testcase name="Test Cases/tCC Test Cases/tCC tN Test Edit OrigLangQuote" time="100.223" classname="Test Cases/tCC Test Cases/tCC tN Test Edit OrigLangQuote" status="PASSED">
         <system-out><![CDATA[2021-01-06 09:32:33 - [TEST_CASE][PASSED] - Test Cases/tCC Test Cases/tCC tN Test Edit OrigLangQuote: Test Cases/tCC Test Cases/tCC tN Test Edit OrigLangQuote

2021-01-06 09:32:33 - [TEST_STEP][PASSED] - Start listener action : sampleBeforeTestCase: null

2021-01-06 09:32:33 - [TEST_STEP][PASSED] - println("setup start"): null

2021-01-06 09:32:33 - [TEST_STEP][PASSED] - tcMessages = []: null

2021-01-06 09:32:33 - [TEST_STEP][PASSED] - executionProfile = getExecutionProfile(): null

2021-01-06 09:32:33 - [TEST_STEP][PASSED] - logInfo("Execution profile is " + executionProfile): Execution profile is tCC Develop

2021-01-06 09:32:33 - [MESSAGE][INFO] - Execution profile is tCC Develop

2021-01-06 09:32:33 - [TEST_STEP][PASSED] - if (systemOS == "" || systemOS == null): null

2021-01-06 09:32:33 - [TEST_STEP][PASSED] - if (pcUser == "" || pcUser == null): null

2021-01-06 09:32:33 - [TEST_STEP][PASSED] - scriptRunning = true: null

2021-01-06 09:32:33 - [TEST_STEP][PASSED] - println("setup success"): null

2021-01-06 09:32:34 - [TEST_STEP][PASSED] - callTestCase(findTestCase("tCC Components/tCC tN Open For Edit"), [:], STOP_ON_FAILURE): Call Test Case 'Test Cases/tCC Components/tCC tN Open For Edit' successfully

2021-01-06 09:32:34 - [TEST_CASE][PASSED] - Test Cases/tCC Components/tCC tN Open For Edit: Test Cases/tCC Components/tCC tN Open For Edit

2021-01-06 09:32:34 - [TEST_STEP][PASSED] - callTestCase(findTestCase("tCC Components/tCC Login"), ["user":$username, "password":$password, "newSession":true], STOP_ON_FAILURE): Call Test Case 'Test Cases/tCC Components/tCC Login' successfully

2021-01-06 09:32:34 - [TEST_CASE][PASSED] - Test Cases/tCC Components/tCC Login: Test Cases/tCC Components/tCC Login

2021-01-06 09:32:34 - [TEST_STEP][PASSED] - if (newSession): null

2021-01-06 09:32:34 - [TEST_STEP][PASSED] - if (openBrowser): Current window maximized

2021-01-06 09:32:34 - [TEST_STEP][PASSED] - openBrowser(""): Browser is opened with url: ''

2021-01-06 09:32:34 - [MESSAGE][WARNING] - A browser is already opened. Closing browser and opening a new one

2021-01-06 09:32:34 - [MESSAGE][INFO] - Starting 'Chrome' driver

2021-01-06 09:32:34 - [MESSAGE][INFO] - Action delay is set to 0 milliseconds

2021-01-06 09:32:39 - [MESSAGE][PASSED] - Browser is opened with url: ''

2021-01-06 09:32:39 - [TEST_STEP][PASSED] - maximizeWindow(): Current window maximized

2021-01-06 09:32:40 - [MESSAGE][PASSED] - Current window maximized

2021-01-06 09:32:40 - [TEST_STEP][PASSED] - println("Opening " + url): null

2021-01-06 09:32:40 - [TEST_STEP][PASSED] - navigateToUrl(url): Navigate to 'https://develop--tc-create-app.netlify.app/' successfully

2021-01-06 09:32:49 - [MESSAGE][PASSED] - Navigate to 'https://develop--tc-create-app.netlify.app/' successfully

2021-01-06 09:32:49 - [TEST_STEP][PASSED] - waitForElementVisible(findTestObject("Page_tC Create/text_tCCVersion"), 30): Object 'Object Repository/Page_tC Create/text_tCCVersion' is visible

2021-01-06 09:32:50 - [MESSAGE][PASSED] - Object 'Object Repository/Page_tC Create/text_tCCVersion' is visible

2021-01-06 09:32:50 - [TEST_STEP][PASSED] - version = getText(findTestObject("Page_tC Create/text_tCCVersion")): Text of object 'Object Repository/Page_tC Create/text_tCCVersion' is: 'translationCore Create - v1.1.0-rc.3'

2021-01-06 09:32:50 - [MESSAGE][PASSED] - Text of object 'Object Repository/Page_tC Create/text_tCCVersion' is: 'translationCore Create - v1.1.0-rc.3'

2021-01-06 09:32:50 - [TEST_STEP][PASSED] - version = version: null

2021-01-06 09:32:50 - [TEST_STEP][PASSED] - println("Version is " + version): null

2021-01-06 09:32:50 - [TEST_STEP][PASSED] - if (user == ""): null

2021-01-06 09:32:50 - [TEST_STEP][PASSED] - println("Logging in as " + user1Name): null

2021-01-06 09:32:50 - [TEST_STEP][PASSED] - setText(findTestObject("Page_tC Create/input__username"), user1Name): Text 'tc01' is set on object 'Object Repository/Page_tC Create/input__username'

2021-01-06 09:32:51 - [MESSAGE][PASSED] - Text 'tc01' is set on object 'Object Repository/Page_tC Create/input__username'

2021-01-06 09:32:51 - [TEST_STEP][PASSED] - setText(findTestObject("Page_tC Create/input__password"), user1Password): Text 'tc01' is set on object 'Object Repository/Page_tC Create/input__password'

2021-01-06 09:32:52 - [MESSAGE][PASSED] - Text 'tc01' is set on object 'Object Repository/Page_tC Create/input__password'

2021-01-06 09:32:52 - [TEST_STEP][PASSED] - if (verifyElementPresent(findTestObject("Page_tC Create/button_Login"), 1, OPTIONAL)): null

2021-01-06 09:32:53 - [MESSAGE][PASSED] - Object 'Object Repository/Page_tC Create/button_Login' is present

2021-01-06 09:32:53 - [TEST_STEP][PASSED] - click(findTestObject("Page_tC Create/button_Login")): Object: 'Object Repository/Page_tC Create/button_Login' is clicked on

2021-01-06 09:32:54 - [MESSAGE][PASSED] - Object: 'Object Repository/Page_tC Create/button_Login' is clicked on

2021-01-06 09:32:59 - [MESSAGE][PASSED] - Call Test Case 'Test Cases/tCC Components/tCC Login' successfully

2021-01-06 09:32:59 - [TEST_STEP][PASSED] - if (callTestCase(findTestCase("tCC Components/tCC Select Org-Lang-Resource"), ["organization":"", "language":"", "resource":"unfoldingWord/en_tn"], STOP_ON_FAILURE) == false): Call Test Case 'Test Cases/tCC Components/tCC Select Org-Lang-Resource' successfully

2021-01-06 09:32:59 - [TEST_CASE][PASSED] - Test Cases/tCC Components/tCC Select Org-Lang-Resource: Test Cases/tCC Components/tCC Select Org-Lang-Resource

2021-01-06 09:32:59 - [TEST_STEP][PASSED] - if (organization == ""): null

2021-01-06 09:32:59 - [TEST_STEP][PASSED] - organization = organization: null

2021-01-06 09:32:59 - [TEST_STEP][PASSED] - if (language == ""): null

2021-01-06 09:32:59 - [TEST_STEP][PASSED] - language = langCode: null

2021-01-06 09:32:59 - [TEST_STEP][PASSED] - println("Choosing organization " + organization): null

2021-01-06 09:32:59 - [TEST_STEP][PASSED] - if (waitForElementPresent(organization, 5, OPTIONAL) == false): Object 'Object Repository/Page_tC Create/listOrg_translate_test' is present

2021-01-06 09:32:59 - [MESSAGE][PASSED] - Object 'Object Repository/Page_tC Create/listOrg_translate_test' is present

2021-01-06 09:32:59 - [TEST_STEP][PASSED] - else: null

2021-01-06 09:32:59 - [TEST_STEP][PASSED] - click(organization): Object: 'Object Repository/Page_tC Create/listOrg_translate_test' is clicked on

2021-01-06 09:33:00 - [MESSAGE][PASSED] - Object: 'Object Repository/Page_tC Create/listOrg_translate_test' is clicked on

2021-01-06 09:33:00 - [TEST_STEP][PASSED] - alerted = waitForAlert(2): No alert found after 2 second(s).

2021-01-06 09:33:02 - [MESSAGE][WARNING] - No alert found after 2 second(s).

2021-01-06 09:33:02 - [TEST_STEP][PASSED] - if (alerted == true): null

2021-01-06 09:33:02 - [TEST_STEP][PASSED] - else: Object: 'Object Repository/Page_tC Create/listOption_Language_Parmed' is clicked on

2021-01-06 09:33:02 - [TEST_STEP][PASSED] - println("Not alerted on organization"): null

2021-01-06 09:33:02 - [TEST_STEP][PASSED] - alertFlag = false: null

2021-01-06 09:33:02 - [TEST_STEP][PASSED] - println("Choosing resource " + resource): null

2021-01-06 09:33:02 - [TEST_STEP][PASSED] - click(findTestObject("Page_tC Create/resource_Parmed", ["resource":resource])): Object: 'Object Repository/Page_tC Create/resource_Parmed' is clicked on

2021-01-06 09:33:02 - [MESSAGE][PASSED] - Object: 'Object Repository/Page_tC Create/resource_Parmed' is clicked on

2021-01-06 09:33:02 - [TEST_STEP][PASSED] - println("Choosing language " + language): null

2021-01-06 09:33:02 - [TEST_STEP][PASSED] - click(findTestObject("Page_tC Create/combo_Select Language")): Object: 'Object Repository/Page_tC Create/combo_Select Language' is clicked on

2021-01-06 09:33:03 - [MESSAGE][PASSED] - Object: 'Object Repository/Page_tC Create/combo_Select Language' is clicked on

2021-01-06 09:33:03 - [TEST_STEP][PASSED] - click(findTestObject("Page_tC Create/listOption_Language_Parmed", ["lang_code":language])): Object: 'Object Repository/Page_tC Create/listOption_Language_Parmed' is clicked on

2021-01-06 09:33:04 - [MESSAGE][PASSED] - Object: 'Object Repository/Page_tC Create/listOption_Language_Parmed' is clicked on

2021-01-06 09:33:04 - [TEST_STEP][PASSED] - return true: null

2021-01-06 09:33:09 - [MESSAGE][PASSED] - Call Test Case 'Test Cases/tCC Components/tCC Select Org-Lang-Resource' successfully

2021-01-06 09:33:09 - [TEST_STEP][PASSED] - try: null

2021-01-06 09:33:09 - [TEST_STEP][PASSED] - myFile = file: null

2021-01-06 09:33:09 - [TEST_STEP][PASSED] - catch (Exception e): Object: 'Object Repository/Page_tC Create/file_Parmed' is clicked on

2021-01-06 09:33:09 - [TEST_STEP][PASSED] - click(findTestObject("Page_tC Create/file_Parmed", ["fileName":tNFile])): Object: 'Object Repository/Page_tC Create/file_Parmed' is clicked on

2021-01-06 09:33:10 - [MESSAGE][PASSED] - Object: 'Object Repository/Page_tC Create/file_Parmed' is clicked on

2021-01-06 09:33:15 - [MESSAGE][PASSED] - Call Test Case 'Test Cases/tCC Components/tCC tN Open For Edit' successfully

2021-01-06 09:33:15 - [TEST_STEP][PASSED] - click(findTestObject("Page_tCC translationNotes/button_ViewColumns")): Object: 'Object Repository/Page_tCC translationNotes/button_ViewColumns' is clicked on

2021-01-06 09:33:16 - [MESSAGE][PASSED] - Object: 'Object Repository/Page_tCC translationNotes/button_ViewColumns' is clicked on

2021-01-06 09:33:16 - [TEST_STEP][PASSED] - click(findTestObject("Page_tCC translationNotes/columns_OrigQuote")): Object: 'Object Repository/Page_tCC translationNotes/columns_OrigQuote' is clicked on

2021-01-06 09:33:16 - [MESSAGE][PASSED] - Object: 'Object Repository/Page_tCC translationNotes/columns_OrigQuote' is clicked on

2021-01-06 09:33:16 - [TEST_STEP][PASSED] - click(findTestObject("Page_tCC translationNotes/btnX_CloseColumns")): Object: 'Object Repository/Page_tCC translationNotes/btnX_CloseColumns' is clicked on

2021-01-06 09:33:17 - [MESSAGE][PASSED] - Object: 'Object Repository/Page_tCC translationNotes/btnX_CloseColumns' is clicked on

2021-01-06 09:33:17 - [TEST_STEP][PASSED] - origQuote = getText(findTestObject("Page_tCC translationNotes/text_OrigQuote-GL-rtc9")): Text of object 'Object Repository/Page_tCC translationNotes/text_OrigQuote-GL-rtc9' is: 'ÎºÎ±Ïá½° ÏÎ¯ÏÏÎ¹Î½ abc'

2021-01-06 09:33:18 - [MESSAGE][PASSED] - Text of object 'Object Repository/Page_tCC translationNotes/text_OrigQuote-GL-rtc9' is: 'ÎºÎ±Ïá½° ÏÎ¯ÏÏÎ¹Î½ abc'

2021-01-06 09:33:18 - [TEST_STEP][PASSED] - println("Original language quote is " + origQuote): null

2021-01-06 09:33:18 - [TEST_STEP][PASSED] - newOrigQuote = origQuote + " abc": null

2021-01-06 09:33:18 - [TEST_STEP][PASSED] - println("Setting original language quote to " + newOrigQuote): null

2021-01-06 09:33:18 - [TEST_STEP][PASSED] - setText(findTestObject("Page_tCC translationNotes/text_OrigQuote-GL-rtc9"), newOrigQuote): Text 'ÎºÎ±Ïá½° ÏÎ¯ÏÏÎ¹Î½ abc abc' is set on object 'Object Repository/Page_tCC translationNotes/text_OrigQuote-GL-rtc9'

2021-01-06 09:33:20 - [MESSAGE][PASSED] - Text 'ÎºÎ±Ïá½° ÏÎ¯ÏÏÎ¹Î½ abc abc' is set on object 'Object Repository/Page_tCC translationNotes/text_OrigQuote-GL-rtc9'

2021-01-06 09:33:20 - [TEST_STEP][PASSED] - scrollToPosition(0, 0): Browser is scrolled to position x = 0, y = 0

2021-01-06 09:33:20 - [MESSAGE][PASSED] - Browser is scrolled to position x = 0, y = 0

2021-01-06 09:33:20 - [TEST_STEP][PASSED] - delay(1): Delayed 1 second(s)

2021-01-06 09:33:21 - [MESSAGE][PASSED] - Delayed 1 second(s)

2021-01-06 09:33:21 - [TEST_STEP][PASSED] - click(findTestObject("Page_tCC translationNotes/button_SaveEnabled - xPath")): Object: 'Object Repository/Page_tCC translationNotes/button_SaveEnabled - xPath' is clicked on

2021-01-06 09:33:22 - [MESSAGE][PASSED] - Object: 'Object Repository/Page_tCC translationNotes/button_SaveEnabled - xPath' is clicked on

2021-01-06 09:33:22 - [TEST_STEP][PASSED] - if (!(waitForElementNotClickable(findTestObject("Page_tCC translationNotes/button_SaveEnabled - xPath"), 10))): Object 'Object Repository/Page_tCC translationNotes/button_SaveEnabled - xPath' is NOT clickable

2021-01-06 09:33:24 - [MESSAGE][PASSED] - Object 'Object Repository/Page_tCC translationNotes/button_SaveEnabled - xPath' is NOT clickable

2021-01-06 09:33:24 - [TEST_STEP][PASSED] - verifyElementText(findTestObject("Page_tCC translationNotes/text_OrigQuote-GL-rtc9"), newOrigQuote): Actual text and expected text of test object 'Object Repository/Page_tCC translationNotes/text_OrigQuote-GL-rtc9' are matched.

2021-01-06 09:33:24 - [MESSAGE][PASSED] - Actual text and expected text of test object 'Object Repository/Page_tCC translationNotes/text_OrigQuote-GL-rtc9' are matched.

2021-01-06 09:33:24 - [TEST_STEP][PASSED] - closeBrowser(): Browser is closed

2021-01-06 09:33:25 - [MESSAGE][PASSED] - Browser is closed

2021-01-06 09:33:25 - [TEST_STEP][PASSED] - callTestCase(findTestCase("tCC Components/tCC tN Open For Edit"), [:], STOP_ON_FAILURE): Call Test Case 'Test Cases/tCC Components/tCC tN Open For Edit' successfully

2021-01-06 09:33:25 - [TEST_CASE][PASSED] - Test Cases/tCC Components/tCC tN Open For Edit: Test Cases/tCC Components/tCC tN Open For Edit

2021-01-06 09:33:25 - [TEST_STEP][PASSED] - callTestCase(findTestCase("tCC Components/tCC Login"), ["user":$username, "password":$password, "newSession":true], STOP_ON_FAILURE): Call Test Case 'Test Cases/tCC Components/tCC Login' successfully

2021-01-06 09:33:25 - [TEST_CASE][PASSED] - Test Cases/tCC Components/tCC Login: Test Cases/tCC Components/tCC Login

2021-01-06 09:33:26 - [TEST_STEP][PASSED] - if (newSession): null

2021-01-06 09:33:26 - [TEST_STEP][PASSED] - if (openBrowser): Current window maximized

2021-01-06 09:33:26 - [TEST_STEP][PASSED] - openBrowser(""): Browser is opened with url: ''

2021-01-06 09:33:26 - [MESSAGE][INFO] - Starting 'Chrome' driver

2021-01-06 09:33:26 - [MESSAGE][INFO] - Action delay is set to 0 milliseconds

2021-01-06 09:33:33 - [MESSAGE][PASSED] - Browser is opened with url: ''

2021-01-06 09:33:33 - [TEST_STEP][PASSED] - maximizeWindow(): Current window maximized

2021-01-06 09:33:33 - [MESSAGE][PASSED] - Current window maximized

2021-01-06 09:33:33 - [TEST_STEP][PASSED] - println("Opening " + url): null

2021-01-06 09:33:33 - [TEST_STEP][PASSED] - navigateToUrl(url): Navigate to 'https://develop--tc-create-app.netlify.app/' successfully

2021-01-06 09:33:41 - [MESSAGE][PASSED] - Navigate to 'https://develop--tc-create-app.netlify.app/' successfully

2021-01-06 09:33:41 - [TEST_STEP][PASSED] - waitForElementVisible(findTestObject("Page_tC Create/text_tCCVersion"), 30): Object 'Object Repository/Page_tC Create/text_tCCVersion' is visible

2021-01-06 09:33:42 - [MESSAGE][PASSED] - Object 'Object Repository/Page_tC Create/text_tCCVersion' is visible

2021-01-06 09:33:42 - [TEST_STEP][PASSED] - version = getText(findTestObject("Page_tC Create/text_tCCVersion")): Text of object 'Object Repository/Page_tC Create/text_tCCVersion' is: 'translationCore Create - v1.1.0-rc.3'

2021-01-06 09:33:43 - [MESSAGE][PASSED] - Text of object 'Object Repository/Page_tC Create/text_tCCVersion' is: 'translationCore Create - v1.1.0-rc.3'

2021-01-06 09:33:43 - [TEST_STEP][PASSED] - version = version: null

2021-01-06 09:33:43 - [TEST_STEP][PASSED] - println("Version is " + version): null

2021-01-06 09:33:43 - [TEST_STEP][PASSED] - if (user == ""): null

2021-01-06 09:33:43 - [TEST_STEP][PASSED] - println("Logging in as " + user1Name): null

2021-01-06 09:33:43 - [TEST_STEP][PASSED] - setText(findTestObject("Page_tC Create/input__username"), user1Name): Text 'tc01' is set on object 'Object Repository/Page_tC Create/input__username'

2021-01-06 09:33:44 - [MESSAGE][PASSED] - Text 'tc01' is set on object 'Object Repository/Page_tC Create/input__username'

2021-01-06 09:33:44 - [TEST_STEP][PASSED] - setText(findTestObject("Page_tC Create/input__password"), user1Password): Text 'tc01' is set on object 'Object Repository/Page_tC Create/input__password'

2021-01-06 09:33:45 - [MESSAGE][PASSED] - Text 'tc01' is set on object 'Object Repository/Page_tC Create/input__password'

2021-01-06 09:33:45 - [TEST_STEP][PASSED] - if (verifyElementPresent(findTestObject("Page_tC Create/button_Login"), 1, OPTIONAL)): null

2021-01-06 09:33:45 - [MESSAGE][PASSED] - Object 'Object Repository/Page_tC Create/button_Login' is present

2021-01-06 09:33:45 - [TEST_STEP][PASSED] - click(findTestObject("Page_tC Create/button_Login")): Object: 'Object Repository/Page_tC Create/button_Login' is clicked on

2021-01-06 09:33:46 - [MESSAGE][PASSED] - Object: 'Object Repository/Page_tC Create/button_Login' is clicked on

2021-01-06 09:33:51 - [MESSAGE][PASSED] - Call Test Case 'Test Cases/tCC Components/tCC Login' successfully

2021-01-06 09:33:51 - [TEST_STEP][PASSED] - if (callTestCase(findTestCase("tCC Components/tCC Select Org-Lang-Resource"), ["organization":"", "language":"", "resource":"unfoldingWord/en_tn"], STOP_ON_FAILURE) == false): Call Test Case 'Test Cases/tCC Components/tCC Select Org-Lang-Resource' successfully

2021-01-06 09:33:51 - [TEST_CASE][PASSED] - Test Cases/tCC Components/tCC Select Org-Lang-Resource: Test Cases/tCC Components/tCC Select Org-Lang-Resource

2021-01-06 09:33:51 - [TEST_STEP][PASSED] - if (organization == ""): null

2021-01-06 09:33:51 - [TEST_STEP][PASSED] - organization = organization: null

2021-01-06 09:33:51 - [TEST_STEP][PASSED] - if (language == ""): null

2021-01-06 09:33:51 - [TEST_STEP][PASSED] - language = langCode: null

2021-01-06 09:33:51 - [TEST_STEP][PASSED] - println("Choosing organization " + organization): null

2021-01-06 09:33:51 - [TEST_STEP][PASSED] - if (waitForElementPresent(organization, 5, OPTIONAL) == false): Object 'Object Repository/Page_tC Create/listOrg_translate_test' is present

2021-01-06 09:33:51 - [MESSAGE][PASSED] - Object 'Object Repository/Page_tC Create/listOrg_translate_test' is present

2021-01-06 09:33:51 - [TEST_STEP][PASSED] - else: null

2021-01-06 09:33:51 - [TEST_STEP][PASSED] - click(organization): Object: 'Object Repository/Page_tC Create/listOrg_translate_test' is clicked on

2021-01-06 09:33:52 - [MESSAGE][PASSED] - Object: 'Object Repository/Page_tC Create/listOrg_translate_test' is clicked on

2021-01-06 09:33:52 - [TEST_STEP][PASSED] - alerted = waitForAlert(2): No alert found after 2 second(s).

2021-01-06 09:33:54 - [MESSAGE][WARNING] - No alert found after 2 second(s).

2021-01-06 09:33:54 - [TEST_STEP][PASSED] - if (alerted == true): null

2021-01-06 09:33:54 - [TEST_STEP][PASSED] - else: Object: 'Object Repository/Page_tC Create/listOption_Language_Parmed' is clicked on

2021-01-06 09:33:54 - [TEST_STEP][PASSED] - println("Not alerted on organization"): null

2021-01-06 09:33:54 - [TEST_STEP][PASSED] - alertFlag = false: null

2021-01-06 09:33:54 - [TEST_STEP][PASSED] - println("Choosing resource " + resource): null

2021-01-06 09:33:54 - [TEST_STEP][PASSED] - click(findTestObject("Page_tC Create/resource_Parmed", ["resource":resource])): Object: 'Object Repository/Page_tC Create/resource_Parmed' is clicked on

2021-01-06 09:33:54 - [MESSAGE][PASSED] - Object: 'Object Repository/Page_tC Create/resource_Parmed' is clicked on

2021-01-06 09:33:54 - [TEST_STEP][PASSED] - println("Choosing language " + language): null

2021-01-06 09:33:54 - [TEST_STEP][PASSED] - click(findTestObject("Page_tC Create/combo_Select Language")): Object: 'Object Repository/Page_tC Create/combo_Select Language' is clicked on

2021-01-06 09:33:55 - [MESSAGE][PASSED] - Object: 'Object Repository/Page_tC Create/combo_Select Language' is clicked on

2021-01-06 09:33:55 - [TEST_STEP][PASSED] - click(findTestObject("Page_tC Create/listOption_Language_Parmed", ["lang_code":language])): Object: 'Object Repository/Page_tC Create/listOption_Language_Parmed' is clicked on

2021-01-06 09:33:56 - [MESSAGE][PASSED] - Object: 'Object Repository/Page_tC Create/listOption_Language_Parmed' is clicked on

2021-01-06 09:33:56 - [TEST_STEP][PASSED] - return true: null

2021-01-06 09:34:01 - [MESSAGE][PASSED] - Call Test Case 'Test Cases/tCC Components/tCC Select Org-Lang-Resource' successfully

2021-01-06 09:34:01 - [TEST_STEP][PASSED] - try: null

2021-01-06 09:34:01 - [TEST_STEP][PASSED] - myFile = file: null

2021-01-06 09:34:01 - [TEST_STEP][PASSED] - catch (Exception e): Object: 'Object Repository/Page_tC Create/file_Parmed' is clicked on

2021-01-06 09:34:01 - [TEST_STEP][PASSED] - click(findTestObject("Page_tC Create/file_Parmed", ["fileName":tNFile])): Object: 'Object Repository/Page_tC Create/file_Parmed' is clicked on

2021-01-06 09:34:01 - [MESSAGE][PASSED] - Object: 'Object Repository/Page_tC Create/file_Parmed' is clicked on

2021-01-06 09:34:06 - [MESSAGE][PASSED] - Call Test Case 'Test Cases/tCC Components/tCC tN Open For Edit' successfully

2021-01-06 09:34:07 - [TEST_STEP][PASSED] - click(findTestObject("Page_tCC translationNotes/button_ViewColumns")): Object: 'Object Repository/Page_tCC translationNotes/button_ViewColumns' is clicked on

2021-01-06 09:34:07 - [MESSAGE][PASSED] - Object: 'Object Repository/Page_tCC translationNotes/button_ViewColumns' is clicked on

2021-01-06 09:34:07 - [TEST_STEP][PASSED] - click(findTestObject("Page_tCC translationNotes/columns_OrigQuote")): Object: 'Object Repository/Page_tCC translationNotes/columns_OrigQuote' is clicked on

2021-01-06 09:34:08 - [MESSAGE][PASSED] - Object: 'Object Repository/Page_tCC translationNotes/columns_OrigQuote' is clicked on

2021-01-06 09:34:08 - [TEST_STEP][PASSED] - clickOffset(findTestObject("Page_tCC translationNotes/columns_OrigQuote"), -30, 0): Object: 'Object Repository/Page_tCC translationNotes/columns_OrigQuote' is clicked on using offset x=-30 and y=0

2021-01-06 09:34:09 - [MESSAGE][PASSED] - Object: 'Object Repository/Page_tCC translationNotes/columns_OrigQuote' is clicked on using offset x=-30 and y=0

2021-01-06 09:34:09 - [TEST_STEP][PASSED] - origQuote2 = getText(findTestObject("Page_tCC translationNotes/text_OrigQuote-GL-rtc9")): Text of object 'Object Repository/Page_tCC translationNotes/text_OrigQuote-GL-rtc9' is: 'ÎºÎ±Ïá½° ÏÎ¯ÏÏÎ¹Î½ abc abc'

2021-01-06 09:34:10 - [MESSAGE][PASSED] - Text of object 'Object Repository/Page_tCC translationNotes/text_OrigQuote-GL-rtc9' is: 'ÎºÎ±Ïá½° ÏÎ¯ÏÏÎ¹Î½ abc abc'

2021-01-06 09:34:10 - [TEST_STEP][PASSED] - println("At " + url + " before was " + origQuote + " and after is " + origQuote2): null

2021-01-06 09:34:10 - [TEST_STEP][PASSED] - if (!(verifyElementText(findTestObject("Page_tCC translationNotes/text_OrigQuote-GL-rtc9"), newOrigQuote))): Actual text and expected text of test object 'Object Repository/Page_tCC translationNotes/text_OrigQuote-GL-rtc9' are matched.

2021-01-06 09:34:10 - [MESSAGE][PASSED] - Actual text and expected text of test object 'Object Repository/Page_tCC translationNotes/text_OrigQuote-GL-rtc9' are matched.

2021-01-06 09:34:10 - [TEST_STEP][PASSED] - scriptRunning = false: null

2021-01-06 09:34:10 - [TEST_STEP][PASSED] - closeBrowser(): Browser is closed

2021-01-06 09:34:11 - [MESSAGE][PASSED] - Browser is closed

2021-01-06 09:34:11 - [TEST_STEP][PASSED] - Start listener action : sampleAfterTestCase: null

2021-01-06 09:34:11 - [TEST_STEP][PASSED] - suite = false: null

2021-01-06 09:34:11 - [TEST_STEP][PASSED] - fileName = testSuiteLogFile: null

2021-01-06 09:34:11 - [TEST_STEP][PASSED] - if (fileName.length() > 1): null

2021-01-06 09:34:11 - [TEST_STEP][PASSED] - suite = true: null

2021-01-06 09:34:11 - [TEST_STEP][PASSED] - println("test case teardown in suite"): null

2021-01-06 09:34:11 - [TEST_STEP][PASSED] - println("log file is at " + fileName): null

2021-01-06 09:34:11 - [TEST_STEP][PASSED] - browser = unfoldingWord_Keywords.GetTestingConfig.getBrowserAndVersion(): unfoldingWord_Keywords.GetTestingConfig.getBrowserAndVersion is PASSED

2021-01-06 09:34:11 - [MESSAGE][PASSED] - unfoldingWord_Keywords.GetTestingConfig.getBrowserAndVersion is PASSED

2021-01-06 09:34:11 - [TEST_STEP][PASSED] - separator = "===================================================================================================================================================": null

2021-01-06 09:34:11 - [TEST_STEP][PASSED] - msg = separator: null

2021-01-06 09:34:11 - [TEST_STEP][PASSED] - println(msg): null

2021-01-06 09:34:11 - [TEST_STEP][PASSED] - if (suite): null

2021-01-06 09:34:11 - [TEST_STEP][PASSED] - oFile = new java.io.File(fileName): null

2021-01-06 09:34:11 - [TEST_STEP][PASSED] - oFile.append(msg + "
"): null

2021-01-06 09:34:11 - [TEST_STEP][PASSED] - prefix = " +++++++++++ ": null

2021-01-06 09:34:11 - [TEST_STEP][PASSED] - testCaseStatus = testCaseContext.getTestCaseStatus(): null

2021-01-06 09:34:11 - [TEST_STEP][PASSED] - if (scriptRunning): null

2021-01-06 09:34:11 - [TEST_STEP][PASSED] - if (testCaseStatus != "PASSED"): null

2021-01-06 09:34:11 - [TEST_STEP][PASSED] - msg = prefix + testCaseContext.getTestCaseId() + " on " + version + " running on " + browser + " " + testCaseStatus + prefix: null

2021-01-06 09:34:11 - [TEST_STEP][PASSED] - println(msg): null

2021-01-06 09:34:11 - [TEST_STEP][PASSED] - if (suite): null

2021-01-06 09:34:11 - [TEST_STEP][PASSED] - oFile = new java.io.File(fileName): null

2021-01-06 09:34:11 - [TEST_STEP][PASSED] - oFile.append(msg + "
"): null

2021-01-06 09:34:11 - [TEST_STEP][PASSED] - tsMessages.add("##" + testCaseContext.getTestCaseId()): null

2021-01-06 09:34:11 - [TEST_STEP][PASSED] - if (scriptRunning): null

2021-01-06 09:34:11 - [TEST_STEP][PASSED] - if (tcMessages.size() > 0): null

2021-01-06 09:34:11 - [TEST_STEP][PASSED] - if (scriptRunning && 1 == 2): null

2021-01-06 09:34:11 - [TEST_STEP][PASSED] - if (testCount > 0): null

2021-01-06 09:34:11 - [TEST_STEP][PASSED] - msg = separator: null

2021-01-06 09:34:11 - [TEST_STEP][PASSED] - println(msg): null

2021-01-06 09:34:11 - [TEST_STEP][PASSED] - if (suite): null

2021-01-06 09:34:11 - [TEST_STEP][PASSED] - oFile = new java.io.File(fileName): null

2021-01-06 09:34:11 - [TEST_STEP][PASSED] - oFile.append(msg + "

"): null

2021-01-06 09:34:13 - [TEST_STEP][PASSED] - Video: Video recording for test case 'Test Cases/tCC Test Cases/tCC tN Test Edit OrigLangQuote' .

2021-01-06 09:34:13 - [MESSAGE][INFO] - Video recording for test case 'Test Cases/tCC Test Cases/tCC tN Test Edit OrigLangQuote' .]]></system-out>
         <system-err><![CDATA[]]></system-err>
      </testcase>
      <testcase name="Test Cases/tCC Test Cases/tCC tN Test Edit Outline" time="127.729" classname="Test Cases/tCC Test Cases/tCC tN Test Edit Outline" status="FAILED">
         <failure type="FAILED" message="Test Cases/tCC Test Cases/tCC tN Test Edit Outline FAILED.
Reason:
com.kms.katalon.core.exception.StepFailedException: Unable to get text of object 'Object Repository/Page_tCC translationNotes/tNText_enOutlinePoint1'
	at com.kms.katalon.core.webui.keyword.internal.WebUIKeywordMain.stepFailed(WebUIKeywordMain.groovy:64)
	at com.kms.katalon.core.webui.keyword.internal.WebUIKeywordMain.runKeyword(WebUIKeywordMain.groovy:26)
	at com.kms.katalon.core.webui.keyword.builtin.GetTextKeyword.getText(GetTextKeyword.groovy:88)
	at com.kms.katalon.core.webui.keyword.builtin.GetTextKeyword.execute(GetTextKeyword.groovy:67)
	at com.kms.katalon.core.keyword.internal.KeywordExecutor.executeKeywordForPlatform(KeywordExecutor.groovy:73)
	at com.kms.katalon.core.webui.keyword.WebUiBuiltInKeywords.getText(WebUiBuiltInKeywords.groovy:915)
	at com.kms.katalon.core.webui.keyword.WebUiBuiltInKeywords$getText$3.call(Unknown Source)
	at tCC tN Test Edit Outline.run(tCC tN Test Edit Outline:79)
	at com.kms.katalon.core.main.ScriptEngine.run(ScriptEngine.java:194)
	at com.kms.katalon.core.main.ScriptEngine.runScriptAsRawText(ScriptEngine.java:119)
	at com.kms.katalon.core.main.TestCaseExecutor.runScript(TestCaseExecutor.java:393)
	at com.kms.katalon.core.main.TestCaseExecutor.doExecute(TestCaseExecutor.java:384)
	at com.kms.katalon.core.main.TestCaseExecutor.processExecutionPhase(TestCaseExecutor.java:363)
	at com.kms.katalon.core.main.TestCaseExecutor.accessMainPhase(TestCaseExecutor.java:355)
	at com.kms.katalon.core.main.TestCaseExecutor.execute(TestCaseExecutor.java:251)
	at com.kms.katalon.core.main.TestSuiteExecutor.accessTestCaseMainPhase(TestSuiteExecutor.java:203)
	at com.kms.katalon.core.main.TestSuiteExecutor.accessTestSuiteMainPhase(TestSuiteExecutor.java:152)
	at com.kms.katalon.core.main.TestSuiteExecutor.execute(TestSuiteExecutor.java:95)
	at com.kms.katalon.core.main.TestCaseMain.startTestSuite(TestCaseMain.java:157)
	at com.kms.katalon.core.main.TestCaseMain$startTestSuite$0.call(Unknown Source)
	at TempTestSuite1609946231562.run(TempTestSuite1609946231562.groovy:39)
Caused by: com.kms.katalon.core.webui.exception.WebElementNotFoundException: Web element with id: 'Object Repository/Page_tCC translationNotes/tNText_enOutlinePoint1' located by '//*[(text() = 'Paul instructs Titus to appoint godly leaders (1:1-16)' or . = 'Paul instructs Titus to appoint godly leaders (1:1-16)')]' not found
	at com.kms.katalon.core.webui.common.WebUiCommonHelper.findWebElement(WebUiCommonHelper.java:1369)
	at com.kms.katalon.core.webui.keyword.internal.WebUIAbstractKeyword.findWebElement(WebUIAbstractKeyword.groovy:27)
	at com.kms.katalon.core.webui.keyword.internal.WebUIAbstractKeyword.findWebElement(WebUIAbstractKeyword.groovy:26)
	at com.kms.katalon.core.webui.keyword.builtin.GetTextKeyword$_getText_closure1.doCall(GetTextKeyword.groovy:78)
	at com.kms.katalon.core.webui.keyword.builtin.GetTextKeyword$_getText_closure1.call(GetTextKeyword.groovy)
	at com.kms.katalon.core.webui.keyword.internal.WebUIKeywordMain.runKeyword(WebUIKeywordMain.groovy:20)
	... 19 more
"/>
         <system-out><![CDATA[2021-01-06 09:34:13 - [TEST_CASE][FAILED] - Test Cases/tCC Test Cases/tCC tN Test Edit Outline: Test Cases/tCC Test Cases/tCC tN Test Edit Outline FAILED.
Reason:
com.kms.katalon.core.exception.StepFailedException: Unable to get text of object 'Object Repository/Page_tCC translationNotes/tNText_enOutlinePoint1'
	at com.kms.katalon.core.webui.keyword.internal.WebUIKeywordMain.stepFailed(WebUIKeywordMain.groovy:64)
	at com.kms.katalon.core.webui.keyword.internal.WebUIKeywordMain.runKeyword(WebUIKeywordMain.groovy:26)
	at com.kms.katalon.core.webui.keyword.builtin.GetTextKeyword.getText(GetTextKeyword.groovy:88)
	at com.kms.katalon.core.webui.keyword.builtin.GetTextKeyword.execute(GetTextKeyword.groovy:67)
	at com.kms.katalon.core.keyword.internal.KeywordExecutor.executeKeywordForPlatform(KeywordExecutor.groovy:73)
	at com.kms.katalon.core.webui.keyword.WebUiBuiltInKeywords.getText(WebUiBuiltInKeywords.groovy:915)
	at com.kms.katalon.core.webui.keyword.WebUiBuiltInKeywords$getText$3.call(Unknown Source)
	at tCC tN Test Edit Outline.run(tCC tN Test Edit Outline:79)
	at com.kms.katalon.core.main.ScriptEngine.run(ScriptEngine.java:194)
	at com.kms.katalon.core.main.ScriptEngine.runScriptAsRawText(ScriptEngine.java:119)
	at com.kms.katalon.core.main.TestCaseExecutor.runScript(TestCaseExecutor.java:393)
	at com.kms.katalon.core.main.TestCaseExecutor.doExecute(TestCaseExecutor.java:384)
	at com.kms.katalon.core.main.TestCaseExecutor.processExecutionPhase(TestCaseExecutor.java:363)
	at com.kms.katalon.core.main.TestCaseExecutor.accessMainPhase(TestCaseExecutor.java:355)
	at com.kms.katalon.core.main.TestCaseExecutor.execute(TestCaseExecutor.java:251)
	at com.kms.katalon.core.main.TestSuiteExecutor.accessTestCaseMainPhase(TestSuiteExecutor.java:203)
	at com.kms.katalon.core.main.TestSuiteExecutor.accessTestSuiteMainPhase(TestSuiteExecutor.java:152)
	at com.kms.katalon.core.main.TestSuiteExecutor.execute(TestSuiteExecutor.java:95)
	at com.kms.katalon.core.main.TestCaseMain.startTestSuite(TestCaseMain.java:157)
	at com.kms.katalon.core.main.TestCaseMain$startTestSuite$0.call(Unknown Source)
	at TempTestSuite1609946231562.run(TempTestSuite1609946231562.groovy:39)
Caused by: com.kms.katalon.core.webui.exception.WebElementNotFoundException: Web element with id: 'Object Repository/Page_tCC translationNotes/tNText_enOutlinePoint1' located by '//*[(text() = 'Paul instructs Titus to appoint godly leaders (1:1-16)' or . = 'Paul instructs Titus to appoint godly leaders (1:1-16)')]' not found
	at com.kms.katalon.core.webui.common.WebUiCommonHelper.findWebElement(WebUiCommonHelper.java:1369)
	at com.kms.katalon.core.webui.keyword.internal.WebUIAbstractKeyword.findWebElement(WebUIAbstractKeyword.groovy:27)
	at com.kms.katalon.core.webui.keyword.internal.WebUIAbstractKeyword.findWebElement(WebUIAbstractKeyword.groovy:26)
	at com.kms.katalon.core.webui.keyword.builtin.GetTextKeyword$_getText_closure1.doCall(GetTextKeyword.groovy:78)
	at com.kms.katalon.core.webui.keyword.builtin.GetTextKeyword$_getText_closure1.call(GetTextKeyword.groovy)
	at com.kms.katalon.core.webui.keyword.internal.WebUIKeywordMain.runKeyword(WebUIKeywordMain.groovy:20)
	... 19 more


2021-01-06 09:34:13 - [TEST_STEP][PASSED] - Start listener action : sampleBeforeTestCase: null

2021-01-06 09:34:13 - [TEST_STEP][PASSED] - println("setup start"): null

2021-01-06 09:34:13 - [TEST_STEP][PASSED] - tcMessages = []: null

2021-01-06 09:34:13 - [TEST_STEP][PASSED] - executionProfile = getExecutionProfile(): null

2021-01-06 09:34:13 - [TEST_STEP][PASSED] - logInfo("Execution profile is " + executionProfile): Execution profile is tCC Develop

2021-01-06 09:34:13 - [MESSAGE][INFO] - Execution profile is tCC Develop

2021-01-06 09:34:13 - [TEST_STEP][PASSED] - if (systemOS == "" || systemOS == null): null

2021-01-06 09:34:13 - [TEST_STEP][PASSED] - if (pcUser == "" || pcUser == null): null

2021-01-06 09:34:13 - [TEST_STEP][PASSED] - scriptRunning = true: null

2021-01-06 09:34:13 - [TEST_STEP][PASSED] - println("setup success"): null

2021-01-06 09:34:14 - [TEST_STEP][PASSED] - callTestCase(findTestCase("tCC Components/tCC tN Open For Edit"), [:], STOP_ON_FAILURE): Call Test Case 'Test Cases/tCC Components/tCC tN Open For Edit' successfully

2021-01-06 09:34:14 - [TEST_CASE][PASSED] - Test Cases/tCC Components/tCC tN Open For Edit: Test Cases/tCC Components/tCC tN Open For Edit

2021-01-06 09:34:14 - [TEST_STEP][PASSED] - callTestCase(findTestCase("tCC Components/tCC Login"), ["user":$username, "password":$password, "newSession":true], STOP_ON_FAILURE): Call Test Case 'Test Cases/tCC Components/tCC Login' successfully

2021-01-06 09:34:14 - [TEST_CASE][PASSED] - Test Cases/tCC Components/tCC Login: Test Cases/tCC Components/tCC Login

2021-01-06 09:34:14 - [TEST_STEP][PASSED] - if (newSession): null

2021-01-06 09:34:14 - [TEST_STEP][PASSED] - if (openBrowser): Current window maximized

2021-01-06 09:34:14 - [TEST_STEP][PASSED] - openBrowser(""): Browser is opened with url: ''

2021-01-06 09:34:14 - [MESSAGE][INFO] - Starting 'Chrome' driver

2021-01-06 09:34:14 - [MESSAGE][INFO] - Action delay is set to 0 milliseconds

2021-01-06 09:34:19 - [MESSAGE][PASSED] - Browser is opened with url: ''

2021-01-06 09:34:19 - [TEST_STEP][PASSED] - maximizeWindow(): Current window maximized

2021-01-06 09:34:20 - [MESSAGE][PASSED] - Current window maximized

2021-01-06 09:34:20 - [TEST_STEP][PASSED] - println("Opening " + url): null

2021-01-06 09:34:20 - [TEST_STEP][PASSED] - navigateToUrl(url): Navigate to 'https://develop--tc-create-app.netlify.app/' successfully

2021-01-06 09:34:30 - [MESSAGE][PASSED] - Navigate to 'https://develop--tc-create-app.netlify.app/' successfully

2021-01-06 09:34:30 - [TEST_STEP][PASSED] - waitForElementVisible(findTestObject("Page_tC Create/text_tCCVersion"), 30): Object 'Object Repository/Page_tC Create/text_tCCVersion' is visible

2021-01-06 09:34:30 - [MESSAGE][PASSED] - Object 'Object Repository/Page_tC Create/text_tCCVersion' is visible

2021-01-06 09:34:30 - [TEST_STEP][PASSED] - version = getText(findTestObject("Page_tC Create/text_tCCVersion")): Text of object 'Object Repository/Page_tC Create/text_tCCVersion' is: 'translationCore Create - v1.1.0-rc.3'

2021-01-06 09:34:31 - [MESSAGE][PASSED] - Text of object 'Object Repository/Page_tC Create/text_tCCVersion' is: 'translationCore Create - v1.1.0-rc.3'

2021-01-06 09:34:31 - [TEST_STEP][PASSED] - version = version: null

2021-01-06 09:34:31 - [TEST_STEP][PASSED] - println("Version is " + version): null

2021-01-06 09:34:31 - [TEST_STEP][PASSED] - if (user == ""): null

2021-01-06 09:34:31 - [TEST_STEP][PASSED] - println("Logging in as " + user1Name): null

2021-01-06 09:34:31 - [TEST_STEP][PASSED] - setText(findTestObject("Page_tC Create/input__username"), user1Name): Text 'tc01' is set on object 'Object Repository/Page_tC Create/input__username'

2021-01-06 09:34:32 - [MESSAGE][PASSED] - Text 'tc01' is set on object 'Object Repository/Page_tC Create/input__username'

2021-01-06 09:34:32 - [TEST_STEP][PASSED] - setText(findTestObject("Page_tC Create/input__password"), user1Password): Text 'tc01' is set on object 'Object Repository/Page_tC Create/input__password'

2021-01-06 09:34:33 - [MESSAGE][PASSED] - Text 'tc01' is set on object 'Object Repository/Page_tC Create/input__password'

2021-01-06 09:34:33 - [TEST_STEP][PASSED] - if (verifyElementPresent(findTestObject("Page_tC Create/button_Login"), 1, OPTIONAL)): null

2021-01-06 09:34:33 - [MESSAGE][PASSED] - Object 'Object Repository/Page_tC Create/button_Login' is present

2021-01-06 09:34:33 - [TEST_STEP][PASSED] - click(findTestObject("Page_tC Create/button_Login")): Object: 'Object Repository/Page_tC Create/button_Login' is clicked on

2021-01-06 09:34:34 - [MESSAGE][PASSED] - Object: 'Object Repository/Page_tC Create/button_Login' is clicked on

2021-01-06 09:34:39 - [MESSAGE][PASSED] - Call Test Case 'Test Cases/tCC Components/tCC Login' successfully

2021-01-06 09:34:39 - [TEST_STEP][PASSED] - if (callTestCase(findTestCase("tCC Components/tCC Select Org-Lang-Resource"), ["organization":"", "language":"", "resource":"unfoldingWord/en_tn"], STOP_ON_FAILURE) == false): Call Test Case 'Test Cases/tCC Components/tCC Select Org-Lang-Resource' successfully

2021-01-06 09:34:39 - [TEST_CASE][PASSED] - Test Cases/tCC Components/tCC Select Org-Lang-Resource: Test Cases/tCC Components/tCC Select Org-Lang-Resource

2021-01-06 09:34:39 - [TEST_STEP][PASSED] - if (organization == ""): null

2021-01-06 09:34:39 - [TEST_STEP][PASSED] - organization = organization: null

2021-01-06 09:34:39 - [TEST_STEP][PASSED] - if (language == ""): null

2021-01-06 09:34:39 - [TEST_STEP][PASSED] - language = langCode: null

2021-01-06 09:34:39 - [TEST_STEP][PASSED] - println("Choosing organization " + organization): null

2021-01-06 09:34:39 - [TEST_STEP][PASSED] - if (waitForElementPresent(organization, 5, OPTIONAL) == false): Object 'Object Repository/Page_tC Create/listOrg_translate_test' is present

2021-01-06 09:34:39 - [MESSAGE][PASSED] - Object 'Object Repository/Page_tC Create/listOrg_translate_test' is present

2021-01-06 09:34:39 - [TEST_STEP][PASSED] - else: null

2021-01-06 09:34:39 - [TEST_STEP][PASSED] - click(organization): Object: 'Object Repository/Page_tC Create/listOrg_translate_test' is clicked on

2021-01-06 09:34:40 - [MESSAGE][PASSED] - Object: 'Object Repository/Page_tC Create/listOrg_translate_test' is clicked on

2021-01-06 09:34:40 - [TEST_STEP][PASSED] - alerted = waitForAlert(2): No alert found after 2 second(s).

2021-01-06 09:34:42 - [MESSAGE][WARNING] - No alert found after 2 second(s).

2021-01-06 09:34:42 - [TEST_STEP][PASSED] - if (alerted == true): null

2021-01-06 09:34:42 - [TEST_STEP][PASSED] - else: Object: 'Object Repository/Page_tC Create/listOption_Language_Parmed' is clicked on

2021-01-06 09:34:42 - [TEST_STEP][PASSED] - println("Not alerted on organization"): null

2021-01-06 09:34:42 - [TEST_STEP][PASSED] - alertFlag = false: null

2021-01-06 09:34:42 - [TEST_STEP][PASSED] - println("Choosing resource " + resource): null

2021-01-06 09:34:42 - [TEST_STEP][PASSED] - click(findTestObject("Page_tC Create/resource_Parmed", ["resource":resource])): Object: 'Object Repository/Page_tC Create/resource_Parmed' is clicked on

2021-01-06 09:34:42 - [MESSAGE][PASSED] - Object: 'Object Repository/Page_tC Create/resource_Parmed' is clicked on

2021-01-06 09:34:42 - [TEST_STEP][PASSED] - println("Choosing language " + language): null

2021-01-06 09:34:42 - [TEST_STEP][PASSED] - click(findTestObject("Page_tC Create/combo_Select Language")): Object: 'Object Repository/Page_tC Create/combo_Select Language' is clicked on

2021-01-06 09:34:43 - [MESSAGE][PASSED] - Object: 'Object Repository/Page_tC Create/combo_Select Language' is clicked on

2021-01-06 09:34:43 - [TEST_STEP][PASSED] - click(findTestObject("Page_tC Create/listOption_Language_Parmed", ["lang_code":language])): Object: 'Object Repository/Page_tC Create/listOption_Language_Parmed' is clicked on

2021-01-06 09:34:44 - [MESSAGE][PASSED] - Object: 'Object Repository/Page_tC Create/listOption_Language_Parmed' is clicked on

2021-01-06 09:34:44 - [TEST_STEP][PASSED] - return true: null

2021-01-06 09:34:49 - [MESSAGE][PASSED] - Call Test Case 'Test Cases/tCC Components/tCC Select Org-Lang-Resource' successfully

2021-01-06 09:34:49 - [TEST_STEP][PASSED] - try: null

2021-01-06 09:34:49 - [TEST_STEP][PASSED] - myFile = file: null

2021-01-06 09:34:49 - [TEST_STEP][PASSED] - catch (Exception e): Object: 'Object Repository/Page_tC Create/file_Parmed' is clicked on

2021-01-06 09:34:49 - [TEST_STEP][PASSED] - click(findTestObject("Page_tC Create/file_Parmed", ["fileName":tNFile])): Object: 'Object Repository/Page_tC Create/file_Parmed' is clicked on

2021-01-06 09:34:50 - [MESSAGE][PASSED] - Object: 'Object Repository/Page_tC Create/file_Parmed' is clicked on

2021-01-06 09:34:55 - [MESSAGE][PASSED] - Call Test Case 'Test Cases/tCC Components/tCC tN Open For Edit' successfully

2021-01-06 09:34:55 - [TEST_STEP][PASSED] - (width, height) = unfoldingWord_Keywords.GetTestingConfig.getScreenResolution(): unfoldingWord_Keywords.GetTestingConfig.getScreenResolution is PASSED

2021-01-06 09:34:55 - [MESSAGE][PASSED] - unfoldingWord_Keywords.GetTestingConfig.getScreenResolution is PASSED

2021-01-06 09:34:55 - [TEST_STEP][PASSED] - textArray = []: null

2021-01-06 09:34:55 - [TEST_STEP][PASSED] - textArray = ["Pablo instruye a Tito para que designe lÃ­deres piadosos (1:1-16)", "Pablo instruye a Tito para que entrene a las personas a vivir vidas piadosas (2: 1-3: 11)", "Pablo termina compartiendo algunos de sus planes y enviando saludos a varios creyentes (3: 12-15)"]: null

2021-01-06 09:34:55 - [TEST_STEP][PASSED] - glArray = []: null

2021-01-06 09:34:55 - [TEST_STEP][PASSED] - glArray = ["Page_tCC translationNotes/tNText_GLOutlinePoint1", "Page_tCC translationNotes/tNText_GLOutlinePoint2", "Page_tCC translationNotes/tNText_GLOutlinePoint3"]: null

2021-01-06 09:34:55 - [TEST_STEP][PASSED] - enArray = []: null

2021-01-06 09:34:55 - [TEST_STEP][PASSED] - enArray = ["Page_tCC translationNotes/tNText_enOutlinePoint1", "Page_tCC translationNotes/tNText_enOutlinePoint2", "Page_tCC translationNotes/tNText_enOutlinePoint3"]: null

2021-01-06 09:34:55 - [TEST_STEP][PASSED] - for (def i : (0..2)): Delayed 1 second(s)

2021-01-06 09:34:55 - [TEST_STEP][PASSED] - if (i >= 1): null

2021-01-06 09:34:55 - [TEST_STEP][PASSED] - setText(findTestObject(glArray[i]), textArray[i]): Text 'Pablo instruye a Tito para que designe lÃ­deres piadosos (1:1-16)' is set on object 'Object Repository/Page_tCC translationNotes/tNText_GLOutlinePoint1'

2021-01-06 09:34:57 - [MESSAGE][PASSED] - Text 'Pablo instruye a Tito para que designe lÃ­deres piadosos (1:1-16)' is set on object 'Object Repository/Page_tCC translationNotes/tNText_GLOutlinePoint1'

2021-01-06 09:34:57 - [TEST_STEP][PASSED] - delay(1): Delayed 1 second(s)

2021-01-06 09:34:58 - [MESSAGE][PASSED] - Delayed 1 second(s)

2021-01-06 09:34:58 - [TEST_STEP][PASSED] - if (i >= 1): Delayed 1 second(s)

2021-01-06 09:34:58 - [TEST_STEP][PASSED] - setText(findTestObject(glArray[i]), ""): Text '' is set on object 'Object Repository/Page_tCC translationNotes/tNText_GLOutlinePoint2'

2021-01-06 09:34:59 - [MESSAGE][PASSED] - Text '' is set on object 'Object Repository/Page_tCC translationNotes/tNText_GLOutlinePoint2'

2021-01-06 09:34:59 - [TEST_STEP][PASSED] - delay(1): Delayed 1 second(s)

2021-01-06 09:35:00 - [MESSAGE][PASSED] - Delayed 1 second(s)

2021-01-06 09:35:00 - [TEST_STEP][PASSED] - setText(findTestObject(glArray[i]), textArray[i]): Text 'Pablo instruye a Tito para que entrene a las personas a vivir vidas piadosas (2: 1-3: 11)' is set on object 'Object Repository/Page_tCC translationNotes/tNText_GLOutlinePoint2'

2021-01-06 09:35:03 - [MESSAGE][PASSED] - Text 'Pablo instruye a Tito para que entrene a las personas a vivir vidas piadosas (2: 1-3: 11)' is set on object 'Object Repository/Page_tCC translationNotes/tNText_GLOutlinePoint2'

2021-01-06 09:35:03 - [TEST_STEP][PASSED] - delay(1): Delayed 1 second(s)

2021-01-06 09:35:04 - [MESSAGE][PASSED] - Delayed 1 second(s)

2021-01-06 09:35:04 - [TEST_STEP][PASSED] - if (i >= 1): Delayed 1 second(s)

2021-01-06 09:35:04 - [TEST_STEP][PASSED] - setText(findTestObject(glArray[i]), ""): Text '' is set on object 'Object Repository/Page_tCC translationNotes/tNText_GLOutlinePoint3'

2021-01-06 09:35:05 - [MESSAGE][PASSED] - Text '' is set on object 'Object Repository/Page_tCC translationNotes/tNText_GLOutlinePoint3'

2021-01-06 09:35:05 - [TEST_STEP][PASSED] - delay(1): Delayed 1 second(s)

2021-01-06 09:35:06 - [MESSAGE][PASSED] - Delayed 1 second(s)

2021-01-06 09:35:06 - [TEST_STEP][PASSED] - setText(findTestObject(glArray[i]), textArray[i]): Text 'Pablo termina compartiendo algunos de sus planes y enviando saludos a varios creyentes (3: 12-15)' is set on object 'Object Repository/Page_tCC translationNotes/tNText_GLOutlinePoint3'

2021-01-06 09:35:08 - [MESSAGE][PASSED] - Text 'Pablo termina compartiendo algunos de sus planes y enviando saludos a varios creyentes (3: 12-15)' is set on object 'Object Repository/Page_tCC translationNotes/tNText_GLOutlinePoint3'

2021-01-06 09:35:08 - [TEST_STEP][PASSED] - delay(1): Delayed 1 second(s)

2021-01-06 09:35:09 - [MESSAGE][PASSED] - Delayed 1 second(s)

2021-01-06 09:35:09 - [TEST_STEP][PASSED] - clickOffset(findTestObject("Page_tCC translationNotes/tNText_GLOutlinePoint1"), -500, 0): Object: 'Object Repository/Page_tCC translationNotes/tNText_GLOutlinePoint1' is clicked on using offset x=-500 and y=0

2021-01-06 09:35:10 - [MESSAGE][PASSED] - Object: 'Object Repository/Page_tCC translationNotes/tNText_GLOutlinePoint1' is clicked on using offset x=-500 and y=0

2021-01-06 09:35:10 - [TEST_STEP][PASSED] - click(findTestObject("Page_tCC translationNotes/button_SaveEnabled - xPath")): Object: 'Object Repository/Page_tCC translationNotes/button_SaveEnabled - xPath' is clicked on

2021-01-06 09:35:11 - [MESSAGE][PASSED] - Object: 'Object Repository/Page_tCC translationNotes/button_SaveEnabled - xPath' is clicked on

2021-01-06 09:35:11 - [TEST_STEP][PASSED] - waitForElementNotPresent(findTestObject("Page_tCC translationNotes/button_SaveEnabled - xPath"), 10): Web element with id: 'Object Repository/Page_tCC translationNotes/button_SaveEnabled - xPath' located by 'By.xpath: //*[@type = 'button' and @aria-label = 'Save']' is present after '10' second(s)

2021-01-06 09:35:21 - [MESSAGE][WARNING] - Web element with id: 'Object Repository/Page_tCC translationNotes/button_SaveEnabled - xPath' located by 'By.xpath: //*[@type = 'button' and @aria-label = 'Save']' is present after '10' second(s)

2021-01-06 09:35:21 - [TEST_STEP][PASSED] - closeBrowser(): Browser is closed

2021-01-06 09:35:24 - [MESSAGE][PASSED] - Browser is closed

2021-01-06 09:35:24 - [TEST_STEP][PASSED] - callTestCase(findTestCase("tCC Components/tCC tN Open For Edit"), [:], STOP_ON_FAILURE): Call Test Case 'Test Cases/tCC Components/tCC tN Open For Edit' successfully

2021-01-06 09:35:24 - [TEST_CASE][PASSED] - Test Cases/tCC Components/tCC tN Open For Edit: Test Cases/tCC Components/tCC tN Open For Edit

2021-01-06 09:35:25 - [TEST_STEP][PASSED] - callTestCase(findTestCase("tCC Components/tCC Login"), ["user":$username, "password":$password, "newSession":true], STOP_ON_FAILURE): Call Test Case 'Test Cases/tCC Components/tCC Login' successfully

2021-01-06 09:35:25 - [TEST_CASE][PASSED] - Test Cases/tCC Components/tCC Login: Test Cases/tCC Components/tCC Login

2021-01-06 09:35:26 - [TEST_STEP][PASSED] - if (newSession): null

2021-01-06 09:35:26 - [TEST_STEP][PASSED] - if (openBrowser): Current window maximized

2021-01-06 09:35:26 - [TEST_STEP][PASSED] - openBrowser(""): Browser is opened with url: ''

2021-01-06 09:35:26 - [MESSAGE][INFO] - Starting 'Chrome' driver

2021-01-06 09:35:26 - [MESSAGE][INFO] - Action delay is set to 0 milliseconds

2021-01-06 09:35:31 - [MESSAGE][PASSED] - Browser is opened with url: ''

2021-01-06 09:35:31 - [TEST_STEP][PASSED] - maximizeWindow(): Current window maximized

2021-01-06 09:35:32 - [MESSAGE][PASSED] - Current window maximized

2021-01-06 09:35:32 - [TEST_STEP][PASSED] - println("Opening " + url): null

2021-01-06 09:35:32 - [TEST_STEP][PASSED] - navigateToUrl(url): Navigate to 'https://develop--tc-create-app.netlify.app/' successfully

2021-01-06 09:35:39 - [MESSAGE][PASSED] - Navigate to 'https://develop--tc-create-app.netlify.app/' successfully

2021-01-06 09:35:39 - [TEST_STEP][PASSED] - waitForElementVisible(findTestObject("Page_tC Create/text_tCCVersion"), 30): Object 'Object Repository/Page_tC Create/text_tCCVersion' is visible

2021-01-06 09:35:40 - [MESSAGE][PASSED] - Object 'Object Repository/Page_tC Create/text_tCCVersion' is visible

2021-01-06 09:35:40 - [TEST_STEP][PASSED] - version = getText(findTestObject("Page_tC Create/text_tCCVersion")): Text of object 'Object Repository/Page_tC Create/text_tCCVersion' is: 'translationCore Create - v1.1.0-rc.3'

2021-01-06 09:35:40 - [MESSAGE][PASSED] - Text of object 'Object Repository/Page_tC Create/text_tCCVersion' is: 'translationCore Create - v1.1.0-rc.3'

2021-01-06 09:35:40 - [TEST_STEP][PASSED] - version = version: null

2021-01-06 09:35:40 - [TEST_STEP][PASSED] - println("Version is " + version): null

2021-01-06 09:35:40 - [TEST_STEP][PASSED] - if (user == ""): null

2021-01-06 09:35:40 - [TEST_STEP][PASSED] - println("Logging in as " + user1Name): null

2021-01-06 09:35:40 - [TEST_STEP][PASSED] - setText(findTestObject("Page_tC Create/input__username"), user1Name): Text 'tc01' is set on object 'Object Repository/Page_tC Create/input__username'

2021-01-06 09:35:42 - [MESSAGE][PASSED] - Text 'tc01' is set on object 'Object Repository/Page_tC Create/input__username'

2021-01-06 09:35:42 - [TEST_STEP][PASSED] - setText(findTestObject("Page_tC Create/input__password"), user1Password): Text 'tc01' is set on object 'Object Repository/Page_tC Create/input__password'

2021-01-06 09:35:42 - [MESSAGE][PASSED] - Text 'tc01' is set on object 'Object Repository/Page_tC Create/input__password'

2021-01-06 09:35:42 - [TEST_STEP][PASSED] - if (verifyElementPresent(findTestObject("Page_tC Create/button_Login"), 1, OPTIONAL)): null

2021-01-06 09:35:43 - [MESSAGE][PASSED] - Object 'Object Repository/Page_tC Create/button_Login' is present

2021-01-06 09:35:43 - [TEST_STEP][PASSED] - click(findTestObject("Page_tC Create/button_Login")): Object: 'Object Repository/Page_tC Create/button_Login' is clicked on

2021-01-06 09:35:43 - [MESSAGE][PASSED] - Object: 'Object Repository/Page_tC Create/button_Login' is clicked on

2021-01-06 09:35:49 - [MESSAGE][PASSED] - Call Test Case 'Test Cases/tCC Components/tCC Login' successfully

2021-01-06 09:35:49 - [TEST_STEP][PASSED] - if (callTestCase(findTestCase("tCC Components/tCC Select Org-Lang-Resource"), ["organization":"", "language":"", "resource":"unfoldingWord/en_tn"], STOP_ON_FAILURE) == false): Call Test Case 'Test Cases/tCC Components/tCC Select Org-Lang-Resource' successfully

2021-01-06 09:35:49 - [TEST_CASE][PASSED] - Test Cases/tCC Components/tCC Select Org-Lang-Resource: Test Cases/tCC Components/tCC Select Org-Lang-Resource

2021-01-06 09:35:49 - [TEST_STEP][PASSED] - if (organization == ""): null

2021-01-06 09:35:49 - [TEST_STEP][PASSED] - organization = organization: null

2021-01-06 09:35:49 - [TEST_STEP][PASSED] - if (language == ""): null

2021-01-06 09:35:49 - [TEST_STEP][PASSED] - language = langCode: null

2021-01-06 09:35:49 - [TEST_STEP][PASSED] - println("Choosing organization " + organization): null

2021-01-06 09:35:49 - [TEST_STEP][PASSED] - if (waitForElementPresent(organization, 5, OPTIONAL) == false): Object 'Object Repository/Page_tC Create/listOrg_translate_test' is present

2021-01-06 09:35:49 - [MESSAGE][PASSED] - Object 'Object Repository/Page_tC Create/listOrg_translate_test' is present

2021-01-06 09:35:49 - [TEST_STEP][PASSED] - else: null

2021-01-06 09:35:49 - [TEST_STEP][PASSED] - click(organization): Object: 'Object Repository/Page_tC Create/listOrg_translate_test' is clicked on

2021-01-06 09:35:49 - [MESSAGE][PASSED] - Object: 'Object Repository/Page_tC Create/listOrg_translate_test' is clicked on

2021-01-06 09:35:49 - [TEST_STEP][PASSED] - alerted = waitForAlert(2): No alert found after 2 second(s).

2021-01-06 09:35:52 - [MESSAGE][WARNING] - No alert found after 2 second(s).

2021-01-06 09:35:52 - [TEST_STEP][PASSED] - if (alerted == true): null

2021-01-06 09:35:52 - [TEST_STEP][PASSED] - else: Object: 'Object Repository/Page_tC Create/listOption_Language_Parmed' is clicked on

2021-01-06 09:35:52 - [TEST_STEP][PASSED] - println("Not alerted on organization"): null

2021-01-06 09:35:52 - [TEST_STEP][PASSED] - alertFlag = false: null

2021-01-06 09:35:52 - [TEST_STEP][PASSED] - println("Choosing resource " + resource): null

2021-01-06 09:35:52 - [TEST_STEP][PASSED] - click(findTestObject("Page_tC Create/resource_Parmed", ["resource":resource])): Object: 'Object Repository/Page_tC Create/resource_Parmed' is clicked on

2021-01-06 09:35:52 - [MESSAGE][PASSED] - Object: 'Object Repository/Page_tC Create/resource_Parmed' is clicked on

2021-01-06 09:35:52 - [TEST_STEP][PASSED] - println("Choosing language " + language): null

2021-01-06 09:35:52 - [TEST_STEP][PASSED] - click(findTestObject("Page_tC Create/combo_Select Language")): Object: 'Object Repository/Page_tC Create/combo_Select Language' is clicked on

2021-01-06 09:35:53 - [MESSAGE][PASSED] - Object: 'Object Repository/Page_tC Create/combo_Select Language' is clicked on

2021-01-06 09:35:53 - [TEST_STEP][PASSED] - click(findTestObject("Page_tC Create/listOption_Language_Parmed", ["lang_code":language])): Object: 'Object Repository/Page_tC Create/listOption_Language_Parmed' is clicked on

2021-01-06 09:35:54 - [MESSAGE][PASSED] - Object: 'Object Repository/Page_tC Create/listOption_Language_Parmed' is clicked on

2021-01-06 09:35:54 - [TEST_STEP][PASSED] - return true: null

2021-01-06 09:35:59 - [MESSAGE][PASSED] - Call Test Case 'Test Cases/tCC Components/tCC Select Org-Lang-Resource' successfully

2021-01-06 09:35:59 - [TEST_STEP][PASSED] - try: null

2021-01-06 09:35:59 - [TEST_STEP][PASSED] - myFile = file: null

2021-01-06 09:35:59 - [TEST_STEP][PASSED] - catch (Exception e): Object: 'Object Repository/Page_tC Create/file_Parmed' is clicked on

2021-01-06 09:35:59 - [TEST_STEP][PASSED] - click(findTestObject("Page_tC Create/file_Parmed", ["fileName":tNFile])): Object: 'Object Repository/Page_tC Create/file_Parmed' is clicked on

2021-01-06 09:36:00 - [MESSAGE][PASSED] - Object: 'Object Repository/Page_tC Create/file_Parmed' is clicked on

2021-01-06 09:36:05 - [MESSAGE][PASSED] - Call Test Case 'Test Cases/tCC Components/tCC tN Open For Edit' successfully

2021-01-06 09:36:05 - [TEST_STEP][PASSED] - for (def i : (0..2)): Actual text and expected text of test object 'Object Repository/Page_tCC translationNotes/tNText_GLOutlinePoint3' are matched.

2021-01-06 09:36:05 - [TEST_STEP][PASSED] - verifyElementText(findTestObject(glArray[i]), textArray[i]): Actual text and expected text of test object 'Object Repository/Page_tCC translationNotes/tNText_GLOutlinePoint1' are matched.

2021-01-06 09:36:05 - [MESSAGE][PASSED] - Actual text and expected text of test object 'Object Repository/Page_tCC translationNotes/tNText_GLOutlinePoint1' are matched.

2021-01-06 09:36:05 - [TEST_STEP][PASSED] - verifyElementText(findTestObject(glArray[i]), textArray[i]): Actual text and expected text of test object 'Object Repository/Page_tCC translationNotes/tNText_GLOutlinePoint2' are matched.

2021-01-06 09:36:06 - [MESSAGE][PASSED] - Actual text and expected text of test object 'Object Repository/Page_tCC translationNotes/tNText_GLOutlinePoint2' are matched.

2021-01-06 09:36:06 - [TEST_STEP][PASSED] - verifyElementText(findTestObject(glArray[i]), textArray[i]): Actual text and expected text of test object 'Object Repository/Page_tCC translationNotes/tNText_GLOutlinePoint3' are matched.

2021-01-06 09:36:06 - [MESSAGE][PASSED] - Actual text and expected text of test object 'Object Repository/Page_tCC translationNotes/tNText_GLOutlinePoint3' are matched.

2021-01-06 09:36:06 - [TEST_STEP][FAILED] - for (def i : (0..2)): Unable to get text of object 'Object Repository/Page_tCC translationNotes/tNText_enOutlinePoint1' (Root cause: com.kms.katalon.core.exception.StepFailedException: Unable to get text of object 'Object Repository/Page_tCC translationNotes/tNText_enOutlinePoint1'
	at com.kms.katalon.core.webui.keyword.internal.WebUIKeywordMain.stepFailed(WebUIKeywordMain.groovy:64)
	at com.kms.katalon.core.webui.keyword.internal.WebUIKeywordMain.runKeyword(WebUIKeywordMain.groovy:26)
	at com.kms.katalon.core.webui.keyword.builtin.GetTextKeyword.getText(GetTextKeyword.groovy:88)
	at com.kms.katalon.core.webui.keyword.builtin.GetTextKeyword.execute(GetTextKeyword.groovy:67)
	at com.kms.katalon.core.keyword.internal.KeywordExecutor.executeKeywordForPlatform(KeywordExecutor.groovy:73)
	at com.kms.katalon.core.webui.keyword.WebUiBuiltInKeywords.getText(WebUiBuiltInKeywords.groovy:915)
	at com.kms.katalon.core.webui.keyword.WebUiBuiltInKeywords$getText$3.call(Unknown Source)
	at tCC tN Test Edit Outline.run(tCC tN Test Edit Outline:79)
	at com.kms.katalon.core.main.ScriptEngine.run(ScriptEngine.java:194)
	at com.kms.katalon.core.main.ScriptEngine.runScriptAsRawText(ScriptEngine.java:119)
	at com.kms.katalon.core.main.TestCaseExecutor.runScript(TestCaseExecutor.java:393)
	at com.kms.katalon.core.main.TestCaseExecutor.doExecute(TestCaseExecutor.java:384)
	at com.kms.katalon.core.main.TestCaseExecutor.processExecutionPhase(TestCaseExecutor.java:363)
	at com.kms.katalon.core.main.TestCaseExecutor.accessMainPhase(TestCaseExecutor.java:355)
	at com.kms.katalon.core.main.TestCaseExecutor.execute(TestCaseExecutor.java:251)
	at com.kms.katalon.core.main.TestSuiteExecutor.accessTestCaseMainPhase(TestSuiteExecutor.java:203)
	at com.kms.katalon.core.main.TestSuiteExecutor.accessTestSuiteMainPhase(TestSuiteExecutor.java:152)
	at com.kms.katalon.core.main.TestSuiteExecutor.execute(TestSuiteExecutor.java:95)
	at com.kms.katalon.core.main.TestCaseMain.startTestSuite(TestCaseMain.java:157)
	at com.kms.katalon.core.main.TestCaseMain$startTestSuite$0.call(Unknown Source)
	at TempTestSuite1609946231562.run(TempTestSuite1609946231562.groovy:39)
Caused by: com.kms.katalon.core.webui.exception.WebElementNotFoundException: Web element with id: 'Object Repository/Page_tCC translationNotes/tNText_enOutlinePoint1' located by '//*[(text() = 'Paul instructs Titus to appoint godly leaders (1:1-16)' or . = 'Paul instructs Titus to appoint godly leaders (1:1-16)')]' not found
	at com.kms.katalon.core.webui.common.WebUiCommonHelper.findWebElement(WebUiCommonHelper.java:1369)
	at com.kms.katalon.core.webui.keyword.internal.WebUIAbstractKeyword.findWebElement(WebUIAbstractKeyword.groovy:27)
	at com.kms.katalon.core.webui.keyword.internal.WebUIAbstractKeyword.findWebElement(WebUIAbstractKeyword.groovy:26)
	at com.kms.katalon.core.webui.keyword.builtin.GetTextKeyword$_getText_closure1.doCall(GetTextKeyword.groovy:78)
	at com.kms.katalon.core.webui.keyword.builtin.GetTextKeyword$_getText_closure1.call(GetTextKeyword.groovy)
	at com.kms.katalon.core.webui.keyword.internal.WebUIKeywordMain.runKeyword(WebUIKeywordMain.groovy:20)
	at com.kms.katalon.core.webui.keyword.builtin.GetTextKeyword.getText(GetTextKeyword.groovy:88)
	at com.kms.katalon.core.webui.keyword.builtin.GetTextKeyword.execute(GetTextKeyword.groovy:67)
	at com.kms.katalon.core.keyword.internal.KeywordExecutor.executeKeywordForPlatform(KeywordExecutor.groovy:73)
	at com.kms.katalon.core.webui.keyword.WebUiBuiltInKeywords.getText(WebUiBuiltInKeywords.groovy:915)
	at com.kms.katalon.core.webui.keyword.WebUiBuiltInKeywords$getText$3.call(Unknown Source)
	at Script1598999086403.run(Script1598999086403.groovy:79)
	... 13 more
)

2021-01-06 09:36:06 - [TEST_STEP][PASSED] - if (i >= 1): null

2021-01-06 09:36:06 - [TEST_STEP][FAILED] - setText(findTestObject(glArray[i]), getText(findTestObject(enArray[i]))): Unable to get text of object 'Object Repository/Page_tCC translationNotes/tNText_enOutlinePoint1' (Root cause: com.kms.katalon.core.exception.StepFailedException: Unable to get text of object 'Object Repository/Page_tCC translationNotes/tNText_enOutlinePoint1'
	at com.kms.katalon.core.webui.keyword.internal.WebUIKeywordMain.stepFailed(WebUIKeywordMain.groovy:64)
	at com.kms.katalon.core.webui.keyword.internal.WebUIKeywordMain.runKeyword(WebUIKeywordMain.groovy:26)
	at com.kms.katalon.core.webui.keyword.builtin.GetTextKeyword.getText(GetTextKeyword.groovy:88)
	at com.kms.katalon.core.webui.keyword.builtin.GetTextKeyword.execute(GetTextKeyword.groovy:67)
	at com.kms.katalon.core.keyword.internal.KeywordExecutor.executeKeywordForPlatform(KeywordExecutor.groovy:73)
	at com.kms.katalon.core.webui.keyword.WebUiBuiltInKeywords.getText(WebUiBuiltInKeywords.groovy:915)
	at com.kms.katalon.core.webui.keyword.WebUiBuiltInKeywords$getText$3.call(Unknown Source)
	at tCC tN Test Edit Outline.run(tCC tN Test Edit Outline:79)
	at com.kms.katalon.core.main.ScriptEngine.run(ScriptEngine.java:194)
	at com.kms.katalon.core.main.ScriptEngine.runScriptAsRawText(ScriptEngine.java:119)
	at com.kms.katalon.core.main.TestCaseExecutor.runScript(TestCaseExecutor.java:393)
	at com.kms.katalon.core.main.TestCaseExecutor.doExecute(TestCaseExecutor.java:384)
	at com.kms.katalon.core.main.TestCaseExecutor.processExecutionPhase(TestCaseExecutor.java:363)
	at com.kms.katalon.core.main.TestCaseExecutor.accessMainPhase(TestCaseExecutor.java:355)
	at com.kms.katalon.core.main.TestCaseExecutor.execute(TestCaseExecutor.java:251)
	at com.kms.katalon.core.main.TestSuiteExecutor.accessTestCaseMainPhase(TestSuiteExecutor.java:203)
	at com.kms.katalon.core.main.TestSuiteExecutor.accessTestSuiteMainPhase(TestSuiteExecutor.java:152)
	at com.kms.katalon.core.main.TestSuiteExecutor.execute(TestSuiteExecutor.java:95)
	at com.kms.katalon.core.main.TestCaseMain.startTestSuite(TestCaseMain.java:157)
	at com.kms.katalon.core.main.TestCaseMain$startTestSuite$0.call(Unknown Source)
	at TempTestSuite1609946231562.run(TempTestSuite1609946231562.groovy:39)
Caused by: com.kms.katalon.core.webui.exception.WebElementNotFoundException: Web element with id: 'Object Repository/Page_tCC translationNotes/tNText_enOutlinePoint1' located by '//*[(text() = 'Paul instructs Titus to appoint godly leaders (1:1-16)' or . = 'Paul instructs Titus to appoint godly leaders (1:1-16)')]' not found
	at com.kms.katalon.core.webui.common.WebUiCommonHelper.findWebElement(WebUiCommonHelper.java:1369)
	at com.kms.katalon.core.webui.keyword.internal.WebUIAbstractKeyword.findWebElement(WebUIAbstractKeyword.groovy:27)
	at com.kms.katalon.core.webui.keyword.internal.WebUIAbstractKeyword.findWebElement(WebUIAbstractKeyword.groovy:26)
	at com.kms.katalon.core.webui.keyword.builtin.GetTextKeyword$_getText_closure1.doCall(GetTextKeyword.groovy:78)
	at com.kms.katalon.core.webui.keyword.builtin.GetTextKeyword$_getText_closure1.call(GetTextKeyword.groovy)
	at com.kms.katalon.core.webui.keyword.internal.WebUIKeywordMain.runKeyword(WebUIKeywordMain.groovy:20)
	at com.kms.katalon.core.webui.keyword.builtin.GetTextKeyword.getText(GetTextKeyword.groovy:88)
	at com.kms.katalon.core.webui.keyword.builtin.GetTextKeyword.execute(GetTextKeyword.groovy:67)
	at com.kms.katalon.core.keyword.internal.KeywordExecutor.executeKeywordForPlatform(KeywordExecutor.groovy:73)
	at com.kms.katalon.core.webui.keyword.WebUiBuiltInKeywords.getText(WebUiBuiltInKeywords.groovy:915)
	at com.kms.katalon.core.webui.keyword.WebUiBuiltInKeywords$getText$3.call(Unknown Source)
	at Script1598999086403.run(Script1598999086403.groovy:79)
	... 13 more
)

2021-01-06 09:36:13 - [MESSAGE][INFO] - Unable to find the element located by 'By.xpath: //*[(text() = 'Paul instructs Titus to appoint godly leaders (1:1-16)' or . = 'Paul instructs Titus to appoint godly leaders (1:1-16)')]'. Please recheck the objects properties to make sure the desired element is located. 

2021-01-06 09:36:13 - [MESSAGE][FAILED] - Unable to get text of object 'Object Repository/Page_tCC translationNotes/tNText_enOutlinePoint1' (Root cause: com.kms.katalon.core.exception.StepFailedException: Unable to get text of object 'Object Repository/Page_tCC translationNotes/tNText_enOutlinePoint1'
	at com.kms.katalon.core.webui.keyword.internal.WebUIKeywordMain.stepFailed(WebUIKeywordMain.groovy:64)
	at com.kms.katalon.core.webui.keyword.internal.WebUIKeywordMain.runKeyword(WebUIKeywordMain.groovy:26)
	at com.kms.katalon.core.webui.keyword.builtin.GetTextKeyword.getText(GetTextKeyword.groovy:88)
	at com.kms.katalon.core.webui.keyword.builtin.GetTextKeyword.execute(GetTextKeyword.groovy:67)
	at com.kms.katalon.core.keyword.internal.KeywordExecutor.executeKeywordForPlatform(KeywordExecutor.groovy:73)
	at com.kms.katalon.core.webui.keyword.WebUiBuiltInKeywords.getText(WebUiBuiltInKeywords.groovy:915)
	at com.kms.katalon.core.webui.keyword.WebUiBuiltInKeywords$getText$3.call(Unknown Source)
	at tCC tN Test Edit Outline.run(tCC tN Test Edit Outline:79)
	at com.kms.katalon.core.main.ScriptEngine.run(ScriptEngine.java:194)
	at com.kms.katalon.core.main.ScriptEngine.runScriptAsRawText(ScriptEngine.java:119)
	at com.kms.katalon.core.main.TestCaseExecutor.runScript(TestCaseExecutor.java:393)
	at com.kms.katalon.core.main.TestCaseExecutor.doExecute(TestCaseExecutor.java:384)
	at com.kms.katalon.core.main.TestCaseExecutor.processExecutionPhase(TestCaseExecutor.java:363)
	at com.kms.katalon.core.main.TestCaseExecutor.accessMainPhase(TestCaseExecutor.java:355)
	at com.kms.katalon.core.main.TestCaseExecutor.execute(TestCaseExecutor.java:251)
	at com.kms.katalon.core.main.TestSuiteExecutor.accessTestCaseMainPhase(TestSuiteExecutor.java:203)
	at com.kms.katalon.core.main.TestSuiteExecutor.accessTestSuiteMainPhase(TestSuiteExecutor.java:152)
	at com.kms.katalon.core.main.TestSuiteExecutor.execute(TestSuiteExecutor.java:95)
	at com.kms.katalon.core.main.TestCaseMain.startTestSuite(TestCaseMain.java:157)
	at com.kms.katalon.core.main.TestCaseMain$startTestSuite$0.call(Unknown Source)
	at TempTestSuite1609946231562.run(TempTestSuite1609946231562.groovy:39)
Caused by: com.kms.katalon.core.webui.exception.WebElementNotFoundException: Web element with id: 'Object Repository/Page_tCC translationNotes/tNText_enOutlinePoint1' located by '//*[(text() = 'Paul instructs Titus to appoint godly leaders (1:1-16)' or . = 'Paul instructs Titus to appoint godly leaders (1:1-16)')]' not found
	at com.kms.katalon.core.webui.common.WebUiCommonHelper.findWebElement(WebUiCommonHelper.java:1369)
	at com.kms.katalon.core.webui.keyword.internal.WebUIAbstractKeyword.findWebElement(WebUIAbstractKeyword.groovy:27)
	at com.kms.katalon.core.webui.keyword.internal.WebUIAbstractKeyword.findWebElement(WebUIAbstractKeyword.groovy:26)
	at com.kms.katalon.core.webui.keyword.builtin.GetTextKeyword$_getText_closure1.doCall(GetTextKeyword.groovy:78)
	at com.kms.katalon.core.webui.keyword.builtin.GetTextKeyword$_getText_closure1.call(GetTextKeyword.groovy)
	at com.kms.katalon.core.webui.keyword.internal.WebUIKeywordMain.runKeyword(WebUIKeywordMain.groovy:20)
	at com.kms.katalon.core.webui.keyword.builtin.GetTextKeyword.getText(GetTextKeyword.groovy:88)
	at com.kms.katalon.core.webui.keyword.builtin.GetTextKeyword.execute(GetTextKeyword.groovy:67)
	at com.kms.katalon.core.keyword.internal.KeywordExecutor.executeKeywordForPlatform(KeywordExecutor.groovy:73)
	at com.kms.katalon.core.webui.keyword.WebUiBuiltInKeywords.getText(WebUiBuiltInKeywords.groovy:915)
	at com.kms.katalon.core.webui.keyword.WebUiBuiltInKeywords$getText$3.call(Unknown Source)
	at Script1598999086403.run(Script1598999086403.groovy:79)
	... 13 more
)
[[ATTACHMENT|/Users/cckozie/git/Katalon/tC Create Project/Reports/20210106_091711/tCC Test Suite 1/20210106_091711/1609947373107.png]]

2021-01-06 09:36:19 - [TEST_STEP][PASSED] - Start listener action : sampleAfterTestCase: null

2021-01-06 09:36:19 - [TEST_STEP][PASSED] - suite = false: null

2021-01-06 09:36:19 - [TEST_STEP][PASSED] - fileName = testSuiteLogFile: null

2021-01-06 09:36:19 - [TEST_STEP][PASSED] - if (fileName.length() > 1): null

2021-01-06 09:36:19 - [TEST_STEP][PASSED] - suite = true: null

2021-01-06 09:36:19 - [TEST_STEP][PASSED] - println("test case teardown in suite"): null

2021-01-06 09:36:19 - [TEST_STEP][PASSED] - println("log file is at " + fileName): null

2021-01-06 09:36:19 - [TEST_STEP][PASSED] - browser = unfoldingWord_Keywords.GetTestingConfig.getBrowserAndVersion(): unfoldingWord_Keywords.GetTestingConfig.getBrowserAndVersion is PASSED

2021-01-06 09:36:19 - [MESSAGE][PASSED] - unfoldingWord_Keywords.GetTestingConfig.getBrowserAndVersion is PASSED

2021-01-06 09:36:19 - [TEST_STEP][PASSED] - separator = "===================================================================================================================================================": null

2021-01-06 09:36:19 - [TEST_STEP][PASSED] - msg = separator: null

2021-01-06 09:36:19 - [TEST_STEP][PASSED] - println(msg): null

2021-01-06 09:36:19 - [TEST_STEP][PASSED] - if (suite): null

2021-01-06 09:36:19 - [TEST_STEP][PASSED] - oFile = new java.io.File(fileName): null

2021-01-06 09:36:19 - [TEST_STEP][PASSED] - oFile.append(msg + "
"): null

2021-01-06 09:36:19 - [TEST_STEP][PASSED] - prefix = " +++++++++++ ": null

2021-01-06 09:36:19 - [TEST_STEP][PASSED] - testCaseStatus = testCaseContext.getTestCaseStatus(): null

2021-01-06 09:36:19 - [TEST_STEP][PASSED] - if (scriptRunning): null

2021-01-06 09:36:19 - [TEST_STEP][PASSED] - testCaseStatus = "FAILED": null

2021-01-06 09:36:19 - [TEST_STEP][PASSED] - if (testCaseStatus != "PASSED"): null

2021-01-06 09:36:19 - [TEST_STEP][PASSED] - prefix = " ---------------------- ": null

2021-01-06 09:36:19 - [TEST_STEP][PASSED] - msg = prefix + testCaseContext.getTestCaseId() + " on " + version + " running on " + browser + " " + testCaseStatus + prefix: null

2021-01-06 09:36:19 - [TEST_STEP][PASSED] - println(msg): null

2021-01-06 09:36:19 - [TEST_STEP][PASSED] - if (suite): null

2021-01-06 09:36:19 - [TEST_STEP][PASSED] - oFile = new java.io.File(fileName): null

2021-01-06 09:36:19 - [TEST_STEP][PASSED] - oFile.append(msg + "
"): null

2021-01-06 09:36:19 - [TEST_STEP][PASSED] - tsMessages.add("##" + testCaseContext.getTestCaseId()): null

2021-01-06 09:36:19 - [TEST_STEP][PASSED] - if (scriptRunning): null

2021-01-06 09:36:19 - [TEST_STEP][PASSED] - msg = "\\\\\\\\\\ SCRIPT ABENDED //////////": null

2021-01-06 09:36:19 - [TEST_STEP][PASSED] - tcMessages.add(msg): null

2021-01-06 09:36:19 - [TEST_STEP][PASSED] - if (tcMessages.size() > 0): null

2021-01-06 09:36:19 - [TEST_STEP][PASSED] - for (def i : (0..(internal.GlobalVariable.tcMessages.size() - 1))): null

2021-01-06 09:36:19 - [TEST_STEP][PASSED] - msg = tcMessages[i]: null

2021-01-06 09:36:19 - [TEST_STEP][PASSED] - println(msg): null

2021-01-06 09:36:19 - [TEST_STEP][PASSED] - if (suite): null

2021-01-06 09:36:19 - [TEST_STEP][PASSED] - oFile = new java.io.File(fileName): null

2021-01-06 09:36:19 - [TEST_STEP][PASSED] - oFile.append(msg + "
"): null

2021-01-06 09:36:19 - [TEST_STEP][PASSED] - tsMessages.add(tcMessages[i]): null

2021-01-06 09:36:19 - [TEST_STEP][PASSED] - if (scriptRunning && 1 == 2): null

2021-01-06 09:36:19 - [TEST_STEP][PASSED] - if (testCount > 0): null

2021-01-06 09:36:19 - [TEST_STEP][PASSED] - msg = separator: null

2021-01-06 09:36:19 - [TEST_STEP][PASSED] - println(msg): null

2021-01-06 09:36:19 - [TEST_STEP][PASSED] - if (suite): null

2021-01-06 09:36:19 - [TEST_STEP][PASSED] - oFile = new java.io.File(fileName): null

2021-01-06 09:36:19 - [TEST_STEP][PASSED] - oFile.append(msg + "

"): null

2021-01-06 09:36:21 - [TEST_STEP][PASSED] - Video: Video recording for test case 'Test Cases/tCC Test Cases/tCC tN Test Edit Outline' .

2021-01-06 09:36:21 - [MESSAGE][INFO] - Video recording for test case 'Test Cases/tCC Test Cases/tCC tN Test Edit Outline' .]]></system-out>
         <system-err><![CDATA[2021-01-06 09:34:13 - [TEST_CASE][FAILED] - Test Cases/tCC Test Cases/tCC tN Test Edit Outline: Test Cases/tCC Test Cases/tCC tN Test Edit Outline FAILED.
Reason:
com.kms.katalon.core.exception.StepFailedException: Unable to get text of object 'Object Repository/Page_tCC translationNotes/tNText_enOutlinePoint1'
	at com.kms.katalon.core.webui.keyword.internal.WebUIKeywordMain.stepFailed(WebUIKeywordMain.groovy:64)
	at com.kms.katalon.core.webui.keyword.internal.WebUIKeywordMain.runKeyword(WebUIKeywordMain.groovy:26)
	at com.kms.katalon.core.webui.keyword.builtin.GetTextKeyword.getText(GetTextKeyword.groovy:88)
	at com.kms.katalon.core.webui.keyword.builtin.GetTextKeyword.execute(GetTextKeyword.groovy:67)
	at com.kms.katalon.core.keyword.internal.KeywordExecutor.executeKeywordForPlatform(KeywordExecutor.groovy:73)
	at com.kms.katalon.core.webui.keyword.WebUiBuiltInKeywords.getText(WebUiBuiltInKeywords.groovy:915)
	at com.kms.katalon.core.webui.keyword.WebUiBuiltInKeywords$getText$3.call(Unknown Source)
	at tCC tN Test Edit Outline.run(tCC tN Test Edit Outline:79)
	at com.kms.katalon.core.main.ScriptEngine.run(ScriptEngine.java:194)
	at com.kms.katalon.core.main.ScriptEngine.runScriptAsRawText(ScriptEngine.java:119)
	at com.kms.katalon.core.main.TestCaseExecutor.runScript(TestCaseExecutor.java:393)
	at com.kms.katalon.core.main.TestCaseExecutor.doExecute(TestCaseExecutor.java:384)
	at com.kms.katalon.core.main.TestCaseExecutor.processExecutionPhase(TestCaseExecutor.java:363)
	at com.kms.katalon.core.main.TestCaseExecutor.accessMainPhase(TestCaseExecutor.java:355)
	at com.kms.katalon.core.main.TestCaseExecutor.execute(TestCaseExecutor.java:251)
	at com.kms.katalon.core.main.TestSuiteExecutor.accessTestCaseMainPhase(TestSuiteExecutor.java:203)
	at com.kms.katalon.core.main.TestSuiteExecutor.accessTestSuiteMainPhase(TestSuiteExecutor.java:152)
	at com.kms.katalon.core.main.TestSuiteExecutor.execute(TestSuiteExecutor.java:95)
	at com.kms.katalon.core.main.TestCaseMain.startTestSuite(TestCaseMain.java:157)
	at com.kms.katalon.core.main.TestCaseMain$startTestSuite$0.call(Unknown Source)
	at TempTestSuite1609946231562.run(TempTestSuite1609946231562.groovy:39)
Caused by: com.kms.katalon.core.webui.exception.WebElementNotFoundException: Web element with id: 'Object Repository/Page_tCC translationNotes/tNText_enOutlinePoint1' located by '//*[(text() = 'Paul instructs Titus to appoint godly leaders (1:1-16)' or . = 'Paul instructs Titus to appoint godly leaders (1:1-16)')]' not found
	at com.kms.katalon.core.webui.common.WebUiCommonHelper.findWebElement(WebUiCommonHelper.java:1369)
	at com.kms.katalon.core.webui.keyword.internal.WebUIAbstractKeyword.findWebElement(WebUIAbstractKeyword.groovy:27)
	at com.kms.katalon.core.webui.keyword.internal.WebUIAbstractKeyword.findWebElement(WebUIAbstractKeyword.groovy:26)
	at com.kms.katalon.core.webui.keyword.builtin.GetTextKeyword$_getText_closure1.doCall(GetTextKeyword.groovy:78)
	at com.kms.katalon.core.webui.keyword.builtin.GetTextKeyword$_getText_closure1.call(GetTextKeyword.groovy)
	at com.kms.katalon.core.webui.keyword.internal.WebUIKeywordMain.runKeyword(WebUIKeywordMain.groovy:20)
	... 19 more]]></system-err>
      </testcase>
      <testcase name="Test Cases/tCC Test Cases/tCC tN Test Filters" time="138.443" classname="Test Cases/tCC Test Cases/tCC tN Test Filters" status="PASSED">
         <system-out><![CDATA[2021-01-06 09:36:21 - [TEST_CASE][PASSED] - Test Cases/tCC Test Cases/tCC tN Test Filters: Test Cases/tCC Test Cases/tCC tN Test Filters

2021-01-06 09:36:21 - [TEST_STEP][PASSED] - Start listener action : sampleBeforeTestCase: null

2021-01-06 09:36:21 - [TEST_STEP][PASSED] - println("setup start"): null

2021-01-06 09:36:21 - [TEST_STEP][PASSED] - tcMessages = []: null

2021-01-06 09:36:21 - [TEST_STEP][PASSED] - executionProfile = getExecutionProfile(): null

2021-01-06 09:36:21 - [TEST_STEP][PASSED] - logInfo("Execution profile is " + executionProfile): Execution profile is tCC Develop

2021-01-06 09:36:21 - [MESSAGE][INFO] - Execution profile is tCC Develop

2021-01-06 09:36:21 - [TEST_STEP][PASSED] - if (systemOS == "" || systemOS == null): null

2021-01-06 09:36:21 - [TEST_STEP][PASSED] - if (pcUser == "" || pcUser == null): null

2021-01-06 09:36:21 - [TEST_STEP][PASSED] - scriptRunning = true: null

2021-01-06 09:36:21 - [TEST_STEP][PASSED] - println("setup success"): null

2021-01-06 09:36:22 - [TEST_STEP][PASSED] - callTestCase(findTestCase("tCC Components/tCC tN Open For Edit"), ["$username":"", "$password":"", "file":""], STOP_ON_FAILURE): Call Test Case 'Test Cases/tCC Components/tCC tN Open For Edit' successfully

2021-01-06 09:36:22 - [TEST_CASE][PASSED] - Test Cases/tCC Components/tCC tN Open For Edit: Test Cases/tCC Components/tCC tN Open For Edit

2021-01-06 09:36:22 - [TEST_STEP][PASSED] - callTestCase(findTestCase("tCC Components/tCC Login"), ["user":$username, "password":$password, "newSession":true], STOP_ON_FAILURE): Call Test Case 'Test Cases/tCC Components/tCC Login' successfully

2021-01-06 09:36:22 - [TEST_CASE][PASSED] - Test Cases/tCC Components/tCC Login: Test Cases/tCC Components/tCC Login

2021-01-06 09:36:22 - [TEST_STEP][PASSED] - if (newSession): null

2021-01-06 09:36:22 - [TEST_STEP][PASSED] - if (openBrowser): Current window maximized

2021-01-06 09:36:22 - [TEST_STEP][PASSED] - openBrowser(""): Browser is opened with url: ''

2021-01-06 09:36:22 - [MESSAGE][WARNING] - A browser is already opened. Closing browser and opening a new one

2021-01-06 09:36:22 - [MESSAGE][INFO] - Starting 'Chrome' driver

2021-01-06 09:36:22 - [MESSAGE][INFO] - Action delay is set to 0 milliseconds

2021-01-06 09:36:28 - [MESSAGE][PASSED] - Browser is opened with url: ''

2021-01-06 09:36:28 - [TEST_STEP][PASSED] - maximizeWindow(): Current window maximized

2021-01-06 09:36:28 - [MESSAGE][PASSED] - Current window maximized

2021-01-06 09:36:28 - [TEST_STEP][PASSED] - println("Opening " + url): null

2021-01-06 09:36:28 - [TEST_STEP][PASSED] - navigateToUrl(url): Navigate to 'https://develop--tc-create-app.netlify.app/' successfully

2021-01-06 09:36:40 - [MESSAGE][PASSED] - Navigate to 'https://develop--tc-create-app.netlify.app/' successfully

2021-01-06 09:36:40 - [TEST_STEP][PASSED] - waitForElementVisible(findTestObject("Page_tC Create/text_tCCVersion"), 30): Object 'Object Repository/Page_tC Create/text_tCCVersion' is visible

2021-01-06 09:36:40 - [MESSAGE][PASSED] - Object 'Object Repository/Page_tC Create/text_tCCVersion' is visible

2021-01-06 09:36:40 - [TEST_STEP][PASSED] - version = getText(findTestObject("Page_tC Create/text_tCCVersion")): Text of object 'Object Repository/Page_tC Create/text_tCCVersion' is: 'translationCore Create - v1.1.0-rc.3'

2021-01-06 09:36:41 - [MESSAGE][PASSED] - Text of object 'Object Repository/Page_tC Create/text_tCCVersion' is: 'translationCore Create - v1.1.0-rc.3'

2021-01-06 09:36:41 - [TEST_STEP][PASSED] - version = version: null

2021-01-06 09:36:41 - [TEST_STEP][PASSED] - println("Version is " + version): null

2021-01-06 09:36:41 - [TEST_STEP][PASSED] - if (user == ""): null

2021-01-06 09:36:41 - [TEST_STEP][PASSED] - println("Logging in as " + user1Name): null

2021-01-06 09:36:41 - [TEST_STEP][PASSED] - setText(findTestObject("Page_tC Create/input__username"), user1Name): Text 'tc01' is set on object 'Object Repository/Page_tC Create/input__username'

2021-01-06 09:36:42 - [MESSAGE][PASSED] - Text 'tc01' is set on object 'Object Repository/Page_tC Create/input__username'

2021-01-06 09:36:42 - [TEST_STEP][PASSED] - setText(findTestObject("Page_tC Create/input__password"), user1Password): Text 'tc01' is set on object 'Object Repository/Page_tC Create/input__password'

2021-01-06 09:36:43 - [MESSAGE][PASSED] - Text 'tc01' is set on object 'Object Repository/Page_tC Create/input__password'

2021-01-06 09:36:43 - [TEST_STEP][PASSED] - if (verifyElementPresent(findTestObject("Page_tC Create/button_Login"), 1, OPTIONAL)): null

2021-01-06 09:36:44 - [MESSAGE][PASSED] - Object 'Object Repository/Page_tC Create/button_Login' is present

2021-01-06 09:36:44 - [TEST_STEP][PASSED] - click(findTestObject("Page_tC Create/button_Login")): Object: 'Object Repository/Page_tC Create/button_Login' is clicked on

2021-01-06 09:36:44 - [MESSAGE][PASSED] - Object: 'Object Repository/Page_tC Create/button_Login' is clicked on

2021-01-06 09:36:50 - [MESSAGE][PASSED] - Call Test Case 'Test Cases/tCC Components/tCC Login' successfully

2021-01-06 09:36:50 - [TEST_STEP][PASSED] - if (callTestCase(findTestCase("tCC Components/tCC Select Org-Lang-Resource"), ["organization":"", "language":"", "resource":"unfoldingWord/en_tn"], STOP_ON_FAILURE) == false): Call Test Case 'Test Cases/tCC Components/tCC Select Org-Lang-Resource' successfully

2021-01-06 09:36:50 - [TEST_CASE][PASSED] - Test Cases/tCC Components/tCC Select Org-Lang-Resource: Test Cases/tCC Components/tCC Select Org-Lang-Resource

2021-01-06 09:36:50 - [TEST_STEP][PASSED] - if (organization == ""): null

2021-01-06 09:36:50 - [TEST_STEP][PASSED] - organization = organization: null

2021-01-06 09:36:50 - [TEST_STEP][PASSED] - if (language == ""): null

2021-01-06 09:36:50 - [TEST_STEP][PASSED] - language = langCode: null

2021-01-06 09:36:50 - [TEST_STEP][PASSED] - println("Choosing organization " + organization): null

2021-01-06 09:36:50 - [TEST_STEP][PASSED] - if (waitForElementPresent(organization, 5, OPTIONAL) == false): Object 'Object Repository/Page_tC Create/listOrg_translate_test' is present

2021-01-06 09:36:50 - [MESSAGE][PASSED] - Object 'Object Repository/Page_tC Create/listOrg_translate_test' is present

2021-01-06 09:36:50 - [TEST_STEP][PASSED] - else: null

2021-01-06 09:36:50 - [TEST_STEP][PASSED] - click(organization): Object: 'Object Repository/Page_tC Create/listOrg_translate_test' is clicked on

2021-01-06 09:36:51 - [MESSAGE][PASSED] - Object: 'Object Repository/Page_tC Create/listOrg_translate_test' is clicked on

2021-01-06 09:36:51 - [TEST_STEP][PASSED] - alerted = waitForAlert(2): No alert found after 2 second(s).

2021-01-06 09:36:53 - [MESSAGE][WARNING] - No alert found after 2 second(s).

2021-01-06 09:36:53 - [TEST_STEP][PASSED] - if (alerted == true): null

2021-01-06 09:36:53 - [TEST_STEP][PASSED] - else: Object: 'Object Repository/Page_tC Create/listOption_Language_Parmed' is clicked on

2021-01-06 09:36:53 - [TEST_STEP][PASSED] - println("Not alerted on organization"): null

2021-01-06 09:36:53 - [TEST_STEP][PASSED] - alertFlag = false: null

2021-01-06 09:36:53 - [TEST_STEP][PASSED] - println("Choosing resource " + resource): null

2021-01-06 09:36:53 - [TEST_STEP][PASSED] - click(findTestObject("Page_tC Create/resource_Parmed", ["resource":resource])): Object: 'Object Repository/Page_tC Create/resource_Parmed' is clicked on

2021-01-06 09:36:53 - [MESSAGE][PASSED] - Object: 'Object Repository/Page_tC Create/resource_Parmed' is clicked on

2021-01-06 09:36:53 - [TEST_STEP][PASSED] - println("Choosing language " + language): null

2021-01-06 09:36:53 - [TEST_STEP][PASSED] - click(findTestObject("Page_tC Create/combo_Select Language")): Object: 'Object Repository/Page_tC Create/combo_Select Language' is clicked on

2021-01-06 09:36:54 - [MESSAGE][PASSED] - Object: 'Object Repository/Page_tC Create/combo_Select Language' is clicked on

2021-01-06 09:36:54 - [TEST_STEP][PASSED] - click(findTestObject("Page_tC Create/listOption_Language_Parmed", ["lang_code":language])): Object: 'Object Repository/Page_tC Create/listOption_Language_Parmed' is clicked on

2021-01-06 09:36:55 - [MESSAGE][PASSED] - Object: 'Object Repository/Page_tC Create/listOption_Language_Parmed' is clicked on

2021-01-06 09:36:55 - [TEST_STEP][PASSED] - return true: null

2021-01-06 09:37:00 - [MESSAGE][PASSED] - Call Test Case 'Test Cases/tCC Components/tCC Select Org-Lang-Resource' successfully

2021-01-06 09:37:00 - [TEST_STEP][FAILED] - try: Unable to click on object 'Object Repository/Page_tC Create/file_Parmed' (Root cause: com.kms.katalon.core.exception.StepFailedException: Unable to click on object 'Object Repository/Page_tC Create/file_Parmed'
	at com.kms.katalon.core.webui.keyword.internal.WebUIKeywordMain.stepFailed(WebUIKeywordMain.groovy:64)
	at com.kms.katalon.core.webui.keyword.internal.WebUIKeywordMain.runKeyword(WebUIKeywordMain.groovy:26)
	at com.kms.katalon.core.webui.keyword.builtin.ClickKeyword.click(ClickKeyword.groovy:76)
	at com.kms.katalon.core.webui.keyword.builtin.ClickKeyword.execute(ClickKeyword.groovy:43)
	at com.kms.katalon.core.keyword.internal.KeywordExecutor.executeKeywordForPlatform(KeywordExecutor.groovy:73)
	at com.kms.katalon.core.webui.keyword.WebUiBuiltInKeywords.click(WebUiBuiltInKeywords.groovy:617)
	at com.kms.katalon.core.webui.keyword.WebUiBuiltInKeywords$click$6.call(Unknown Source)
	at tCC tN Open For Edit.run(tCC tN Open For Edit:46)
	at com.kms.katalon.core.main.ScriptEngine.run(ScriptEngine.java:194)
	at com.kms.katalon.core.main.ScriptEngine.runScriptAsRawText(ScriptEngine.java:119)
	at com.kms.katalon.core.main.TestCaseExecutor.runScript(TestCaseExecutor.java:393)
	at com.kms.katalon.core.main.TestCaseExecutor.doExecute(TestCaseExecutor.java:384)
	at com.kms.katalon.core.main.TestCaseExecutor.processExecutionPhase(TestCaseExecutor.java:363)
	at com.kms.katalon.core.main.TestCaseExecutor.accessMainPhase(TestCaseExecutor.java:355)
	at com.kms.katalon.core.main.TestCaseExecutor.execute(TestCaseExecutor.java:251)
	at com.kms.katalon.core.main.TestCaseMain.runTestCase(TestCaseMain.java:114)
	at com.kms.katalon.core.keyword.builtin.CallTestCaseKeyword$_callTestCase_closure1.doCall(CallTestCaseKeyword.groovy:59)
	at com.kms.katalon.core.keyword.builtin.CallTestCaseKeyword$_callTestCase_closure1.call(CallTestCaseKeyword.groovy)
	at com.kms.katalon.core.keyword.internal.KeywordMain.runKeyword(KeywordMain.groovy:68)
	at com.kms.katalon.core.keyword.builtin.CallTestCaseKeyword.callTestCase(CallTestCaseKeyword.groovy:81)
	at com.kms.katalon.core.keyword.builtin.CallTestCaseKeyword.execute(CallTestCaseKeyword.groovy:44)
	at com.kms.katalon.core.keyword.internal.KeywordExecutor.executeKeywordForPlatform(KeywordExecutor.groovy:73)
	at com.kms.katalon.core.keyword.BuiltinKeywords.callTestCase(BuiltinKeywords.groovy:334)
	at tCC tN Test Filters.run(tCC tN Test Filters:27)
	at com.kms.katalon.core.main.ScriptEngine.run(ScriptEngine.java:194)
	at com.kms.katalon.core.main.ScriptEngine.runScriptAsRawText(ScriptEngine.java:119)
	at com.kms.katalon.core.main.TestCaseExecutor.runScript(TestCaseExecutor.java:393)
	at com.kms.katalon.core.main.TestCaseExecutor.doExecute(TestCaseExecutor.java:384)
	at com.kms.katalon.core.main.TestCaseExecutor.processExecutionPhase(TestCaseExecutor.java:363)
	at com.kms.katalon.core.main.TestCaseExecutor.accessMainPhase(TestCaseExecutor.java:355)
	at com.kms.katalon.core.main.TestCaseExecutor.execute(TestCaseExecutor.java:251)
	at com.kms.katalon.core.main.TestSuiteExecutor.accessTestCaseMainPhase(TestSuiteExecutor.java:203)
	at com.kms.katalon.core.main.TestSuiteExecutor.accessTestSuiteMainPhase(TestSuiteExecutor.java:152)
	at com.kms.katalon.core.main.TestSuiteExecutor.execute(TestSuiteExecutor.java:95)
	at com.kms.katalon.core.main.TestCaseMain.startTestSuite(TestCaseMain.java:157)
	at com.kms.katalon.core.main.TestCaseMain$startTestSuite$0.call(Unknown Source)
	at TempTestSuite1609946231562.run(TempTestSuite1609946231562.groovy:39)
Caused by: org.openqa.selenium.ElementNotInteractableException: element not interactable
  (Session info: chrome=87.0.4280.88)
Build info: version: '3.141.59', revision: 'e82be7d358', time: '2018-11-14T08:25:53'
System info: host: 'Kozs-MacBook-Air.local', ip: 'fe80:0:0:0:c5:5944:3b35:56d9%en0', os.name: 'Mac OS X', os.arch: 'x86_64', os.version: '10.14.6', java.version: '1.8.0_181'
Driver info: com.kms.katalon.selenium.driver.CChromeDriver
Capabilities {acceptInsecureCerts: false, browserName: chrome, browserVersion: 87.0.4280.88, chrome: {chromedriverVersion: 86.0.4240.22 (398b0743353ff..., userDataDir: /var/folders/hb/hv2s0v7n1nz...}, goog:chromeOptions: {debuggerAddress: localhost:52344}, javascriptEnabled: true, networkConnectionEnabled: false, pageLoadStrategy: normal, platform: MAC, platformName: MAC, proxy: Proxy(), setWindowRect: true, strictFileInteractability: false, timeouts: {implicit: 0, pageLoad: 300000, script: 30000}, unhandledPromptBehavior: dismiss and notify, webauthn:virtualAuthenticators: true}
Session ID: 34eec570e7dd8c4632d2cdb067b99d80
	at org.openqa.selenium.remote.http.W3CHttpResponseCodec.createException(W3CHttpResponseCodec.java:187)
	at org.openqa.selenium.remote.http.W3CHttpResponseCodec.decode(W3CHttpResponseCodec.java:122)
	at org.openqa.selenium.remote.http.W3CHttpResponseCodec.decode(W3CHttpResponseCodec.java:49)
	at org.openqa.selenium.remote.HttpCommandExecutor.execute(HttpCommandExecutor.java:158)
	at org.openqa.selenium.remote.service.DriverCommandExecutor.execute(DriverCommandExecutor.java:83)
	at org.openqa.selenium.remote.RemoteWebDriver.execute(RemoteWebDriver.java:552)
	at com.kms.katalon.selenium.driver.CChromeDriver.execute(CChromeDriver.java:19)
	at org.openqa.selenium.remote.RemoteWebElement.execute(RemoteWebElement.java:285)
	at org.openqa.selenium.remote.RemoteWebElement.click(RemoteWebElement.java:84)
	at org.openqa.selenium.support.events.EventFiringWebDriver$EventFiringWebElement.lambda$new$0(EventFiringWebDriver.java:404)
	at com.sun.proxy.$Proxy16.click(Unknown Source)
	at org.openqa.selenium.support.events.EventFiringWebDriver$EventFiringWebElement.click(EventFiringWebDriver.java:417)
	at com.kms.katalon.core.webui.keyword.builtin.ClickKeyword$_click_closure1.doCall(ClickKeyword.groovy:69)
	at com.kms.katalon.core.webui.keyword.builtin.ClickKeyword$_click_closure1.call(ClickKeyword.groovy)
	at com.kms.katalon.core.webui.keyword.internal.WebUIKeywordMain.runKeyword(WebUIKeywordMain.groovy:20)
	at com.kms.katalon.core.webui.keyword.builtin.ClickKeyword.click(ClickKeyword.groovy:76)
	at com.kms.katalon.core.webui.keyword.builtin.ClickKeyword.execute(ClickKeyword.groovy:43)
	at com.kms.katalon.core.keyword.internal.KeywordExecutor.executeKeywordForPlatform(KeywordExecutor.groovy:73)
	at com.kms.katalon.core.webui.keyword.WebUiBuiltInKeywords.click(WebUiBuiltInKeywords.groovy:617)
	at com.kms.katalon.core.webui.keyword.WebUiBuiltInKeywords$click$6.call(Unknown Source)
	at Script1599599262449.run(Script1599599262449.groovy:46)
	at com.kms.katalon.core.main.ScriptEngine.run(ScriptEngine.java:194)
	at com.kms.katalon.core.main.ScriptEngine.runScriptAsRawText(ScriptEngine.java:119)
	at com.kms.katalon.core.main.TestCaseExecutor.runScript(TestCaseExecutor.java:393)
	at com.kms.katalon.core.main.TestCaseExecutor.doExecute(TestCaseExecutor.java:384)
	at com.kms.katalon.core.main.TestCaseExecutor.processExecutionPhase(TestCaseExecutor.java:363)
	at com.kms.katalon.core.main.TestCaseExecutor.accessMainPhase(TestCaseExecutor.java:355)
	at com.kms.katalon.core.main.TestCaseExecutor.execute(TestCaseExecutor.java:251)
	at com.kms.katalon.core.main.TestCaseMain.runTestCase(TestCaseMain.java:114)
	at com.kms.katalon.core.keyword.builtin.CallTestCaseKeyword$_callTestCase_closure1.doCall(CallTestCaseKeyword.groovy:59)
	at com.kms.katalon.core.keyword.builtin.CallTestCaseKeyword$_callTestCase_closure1.call(CallTestCaseKeyword.groovy)
	at com.kms.katalon.core.keyword.internal.KeywordMain.runKeyword(KeywordMain.groovy:68)
	at com.kms.katalon.core.keyword.builtin.CallTestCaseKeyword.callTestCase(CallTestCaseKeyword.groovy:81)
	at com.kms.katalon.core.keyword.builtin.CallTestCaseKeyword.execute(CallTestCaseKeyword.groovy:44)
	at com.kms.katalon.core.keyword.internal.KeywordExecutor.executeKeywordForPlatform(KeywordExecutor.groovy:73)
	at com.kms.katalon.core.keyword.BuiltinKeywords.callTestCase(BuiltinKeywords.groovy:334)
	at Script1606252503814.run(Script1606252503814.groovy:27)
	... 13 more
)

2021-01-06 09:37:00 - [TEST_STEP][PASSED] - myFile = file: null

2021-01-06 09:37:00 - [TEST_STEP][FAILED] - click(findTestObject("Page_tC Create/file_Parmed", ["fileName":myFile])): Unable to click on object 'Object Repository/Page_tC Create/file_Parmed' (Root cause: com.kms.katalon.core.exception.StepFailedException: Unable to click on object 'Object Repository/Page_tC Create/file_Parmed'
	at com.kms.katalon.core.webui.keyword.internal.WebUIKeywordMain.stepFailed(WebUIKeywordMain.groovy:64)
	at com.kms.katalon.core.webui.keyword.internal.WebUIKeywordMain.runKeyword(WebUIKeywordMain.groovy:26)
	at com.kms.katalon.core.webui.keyword.builtin.ClickKeyword.click(ClickKeyword.groovy:76)
	at com.kms.katalon.core.webui.keyword.builtin.ClickKeyword.execute(ClickKeyword.groovy:43)
	at com.kms.katalon.core.keyword.internal.KeywordExecutor.executeKeywordForPlatform(KeywordExecutor.groovy:73)
	at com.kms.katalon.core.webui.keyword.WebUiBuiltInKeywords.click(WebUiBuiltInKeywords.groovy:617)
	at com.kms.katalon.core.webui.keyword.WebUiBuiltInKeywords$click$6.call(Unknown Source)
	at tCC tN Open For Edit.run(tCC tN Open For Edit:46)
	at com.kms.katalon.core.main.ScriptEngine.run(ScriptEngine.java:194)
	at com.kms.katalon.core.main.ScriptEngine.runScriptAsRawText(ScriptEngine.java:119)
	at com.kms.katalon.core.main.TestCaseExecutor.runScript(TestCaseExecutor.java:393)
	at com.kms.katalon.core.main.TestCaseExecutor.doExecute(TestCaseExecutor.java:384)
	at com.kms.katalon.core.main.TestCaseExecutor.processExecutionPhase(TestCaseExecutor.java:363)
	at com.kms.katalon.core.main.TestCaseExecutor.accessMainPhase(TestCaseExecutor.java:355)
	at com.kms.katalon.core.main.TestCaseExecutor.execute(TestCaseExecutor.java:251)
	at com.kms.katalon.core.main.TestCaseMain.runTestCase(TestCaseMain.java:114)
	at com.kms.katalon.core.keyword.builtin.CallTestCaseKeyword$_callTestCase_closure1.doCall(CallTestCaseKeyword.groovy:59)
	at com.kms.katalon.core.keyword.builtin.CallTestCaseKeyword$_callTestCase_closure1.call(CallTestCaseKeyword.groovy)
	at com.kms.katalon.core.keyword.internal.KeywordMain.runKeyword(KeywordMain.groovy:68)
	at com.kms.katalon.core.keyword.builtin.CallTestCaseKeyword.callTestCase(CallTestCaseKeyword.groovy:81)
	at com.kms.katalon.core.keyword.builtin.CallTestCaseKeyword.execute(CallTestCaseKeyword.groovy:44)
	at com.kms.katalon.core.keyword.internal.KeywordExecutor.executeKeywordForPlatform(KeywordExecutor.groovy:73)
	at com.kms.katalon.core.keyword.BuiltinKeywords.callTestCase(BuiltinKeywords.groovy:334)
	at tCC tN Test Filters.run(tCC tN Test Filters:27)
	at com.kms.katalon.core.main.ScriptEngine.run(ScriptEngine.java:194)
	at com.kms.katalon.core.main.ScriptEngine.runScriptAsRawText(ScriptEngine.java:119)
	at com.kms.katalon.core.main.TestCaseExecutor.runScript(TestCaseExecutor.java:393)
	at com.kms.katalon.core.main.TestCaseExecutor.doExecute(TestCaseExecutor.java:384)
	at com.kms.katalon.core.main.TestCaseExecutor.processExecutionPhase(TestCaseExecutor.java:363)
	at com.kms.katalon.core.main.TestCaseExecutor.accessMainPhase(TestCaseExecutor.java:355)
	at com.kms.katalon.core.main.TestCaseExecutor.execute(TestCaseExecutor.java:251)
	at com.kms.katalon.core.main.TestSuiteExecutor.accessTestCaseMainPhase(TestSuiteExecutor.java:203)
	at com.kms.katalon.core.main.TestSuiteExecutor.accessTestSuiteMainPhase(TestSuiteExecutor.java:152)
	at com.kms.katalon.core.main.TestSuiteExecutor.execute(TestSuiteExecutor.java:95)
	at com.kms.katalon.core.main.TestCaseMain.startTestSuite(TestCaseMain.java:157)
	at com.kms.katalon.core.main.TestCaseMain$startTestSuite$0.call(Unknown Source)
	at TempTestSuite1609946231562.run(TempTestSuite1609946231562.groovy:39)
Caused by: org.openqa.selenium.ElementNotInteractableException: element not interactable
  (Session info: chrome=87.0.4280.88)
Build info: version: '3.141.59', revision: 'e82be7d358', time: '2018-11-14T08:25:53'
System info: host: 'Kozs-MacBook-Air.local', ip: 'fe80:0:0:0:c5:5944:3b35:56d9%en0', os.name: 'Mac OS X', os.arch: 'x86_64', os.version: '10.14.6', java.version: '1.8.0_181'
Driver info: com.kms.katalon.selenium.driver.CChromeDriver
Capabilities {acceptInsecureCerts: false, browserName: chrome, browserVersion: 87.0.4280.88, chrome: {chromedriverVersion: 86.0.4240.22 (398b0743353ff..., userDataDir: /var/folders/hb/hv2s0v7n1nz...}, goog:chromeOptions: {debuggerAddress: localhost:52344}, javascriptEnabled: true, networkConnectionEnabled: false, pageLoadStrategy: normal, platform: MAC, platformName: MAC, proxy: Proxy(), setWindowRect: true, strictFileInteractability: false, timeouts: {implicit: 0, pageLoad: 300000, script: 30000}, unhandledPromptBehavior: dismiss and notify, webauthn:virtualAuthenticators: true}
Session ID: 34eec570e7dd8c4632d2cdb067b99d80
	at org.openqa.selenium.remote.http.W3CHttpResponseCodec.createException(W3CHttpResponseCodec.java:187)
	at org.openqa.selenium.remote.http.W3CHttpResponseCodec.decode(W3CHttpResponseCodec.java:122)
	at org.openqa.selenium.remote.http.W3CHttpResponseCodec.decode(W3CHttpResponseCodec.java:49)
	at org.openqa.selenium.remote.HttpCommandExecutor.execute(HttpCommandExecutor.java:158)
	at org.openqa.selenium.remote.service.DriverCommandExecutor.execute(DriverCommandExecutor.java:83)
	at org.openqa.selenium.remote.RemoteWebDriver.execute(RemoteWebDriver.java:552)
	at com.kms.katalon.selenium.driver.CChromeDriver.execute(CChromeDriver.java:19)
	at org.openqa.selenium.remote.RemoteWebElement.execute(RemoteWebElement.java:285)
	at org.openqa.selenium.remote.RemoteWebElement.click(RemoteWebElement.java:84)
	at org.openqa.selenium.support.events.EventFiringWebDriver$EventFiringWebElement.lambda$new$0(EventFiringWebDriver.java:404)
	at com.sun.proxy.$Proxy16.click(Unknown Source)
	at org.openqa.selenium.support.events.EventFiringWebDriver$EventFiringWebElement.click(EventFiringWebDriver.java:417)
	at com.kms.katalon.core.webui.keyword.builtin.ClickKeyword$_click_closure1.doCall(ClickKeyword.groovy:69)
	at com.kms.katalon.core.webui.keyword.builtin.ClickKeyword$_click_closure1.call(ClickKeyword.groovy)
	at com.kms.katalon.core.webui.keyword.internal.WebUIKeywordMain.runKeyword(WebUIKeywordMain.groovy:20)
	at com.kms.katalon.core.webui.keyword.builtin.ClickKeyword.click(ClickKeyword.groovy:76)
	at com.kms.katalon.core.webui.keyword.builtin.ClickKeyword.execute(ClickKeyword.groovy:43)
	at com.kms.katalon.core.keyword.internal.KeywordExecutor.executeKeywordForPlatform(KeywordExecutor.groovy:73)
	at com.kms.katalon.core.webui.keyword.WebUiBuiltInKeywords.click(WebUiBuiltInKeywords.groovy:617)
	at com.kms.katalon.core.webui.keyword.WebUiBuiltInKeywords$click$6.call(Unknown Source)
	at Script1599599262449.run(Script1599599262449.groovy:46)
	at com.kms.katalon.core.main.ScriptEngine.run(ScriptEngine.java:194)
	at com.kms.katalon.core.main.ScriptEngine.runScriptAsRawText(ScriptEngine.java:119)
	at com.kms.katalon.core.main.TestCaseExecutor.runScript(TestCaseExecutor.java:393)
	at com.kms.katalon.core.main.TestCaseExecutor.doExecute(TestCaseExecutor.java:384)
	at com.kms.katalon.core.main.TestCaseExecutor.processExecutionPhase(TestCaseExecutor.java:363)
	at com.kms.katalon.core.main.TestCaseExecutor.accessMainPhase(TestCaseExecutor.java:355)
	at com.kms.katalon.core.main.TestCaseExecutor.execute(TestCaseExecutor.java:251)
	at com.kms.katalon.core.main.TestCaseMain.runTestCase(TestCaseMain.java:114)
	at com.kms.katalon.core.keyword.builtin.CallTestCaseKeyword$_callTestCase_closure1.doCall(CallTestCaseKeyword.groovy:59)
	at com.kms.katalon.core.keyword.builtin.CallTestCaseKeyword$_callTestCase_closure1.call(CallTestCaseKeyword.groovy)
	at com.kms.katalon.core.keyword.internal.KeywordMain.runKeyword(KeywordMain.groovy:68)
	at com.kms.katalon.core.keyword.builtin.CallTestCaseKeyword.callTestCase(CallTestCaseKeyword.groovy:81)
	at com.kms.katalon.core.keyword.builtin.CallTestCaseKeyword.execute(CallTestCaseKeyword.groovy:44)
	at com.kms.katalon.core.keyword.internal.KeywordExecutor.executeKeywordForPlatform(KeywordExecutor.groovy:73)
	at com.kms.katalon.core.keyword.BuiltinKeywords.callTestCase(BuiltinKeywords.groovy:334)
	at Script1606252503814.run(Script1606252503814.groovy:27)
	... 13 more
)

2021-01-06 09:37:01 - [MESSAGE][FAILED] - Unable to click on object 'Object Repository/Page_tC Create/file_Parmed' (Root cause: com.kms.katalon.core.exception.StepFailedException: Unable to click on object 'Object Repository/Page_tC Create/file_Parmed'
	at com.kms.katalon.core.webui.keyword.internal.WebUIKeywordMain.stepFailed(WebUIKeywordMain.groovy:64)
	at com.kms.katalon.core.webui.keyword.internal.WebUIKeywordMain.runKeyword(WebUIKeywordMain.groovy:26)
	at com.kms.katalon.core.webui.keyword.builtin.ClickKeyword.click(ClickKeyword.groovy:76)
	at com.kms.katalon.core.webui.keyword.builtin.ClickKeyword.execute(ClickKeyword.groovy:43)
	at com.kms.katalon.core.keyword.internal.KeywordExecutor.executeKeywordForPlatform(KeywordExecutor.groovy:73)
	at com.kms.katalon.core.webui.keyword.WebUiBuiltInKeywords.click(WebUiBuiltInKeywords.groovy:617)
	at com.kms.katalon.core.webui.keyword.WebUiBuiltInKeywords$click$6.call(Unknown Source)
	at tCC tN Open For Edit.run(tCC tN Open For Edit:46)
	at com.kms.katalon.core.main.ScriptEngine.run(ScriptEngine.java:194)
	at com.kms.katalon.core.main.ScriptEngine.runScriptAsRawText(ScriptEngine.java:119)
	at com.kms.katalon.core.main.TestCaseExecutor.runScript(TestCaseExecutor.java:393)
	at com.kms.katalon.core.main.TestCaseExecutor.doExecute(TestCaseExecutor.java:384)
	at com.kms.katalon.core.main.TestCaseExecutor.processExecutionPhase(TestCaseExecutor.java:363)
	at com.kms.katalon.core.main.TestCaseExecutor.accessMainPhase(TestCaseExecutor.java:355)
	at com.kms.katalon.core.main.TestCaseExecutor.execute(TestCaseExecutor.java:251)
	at com.kms.katalon.core.main.TestCaseMain.runTestCase(TestCaseMain.java:114)
	at com.kms.katalon.core.keyword.builtin.CallTestCaseKeyword$_callTestCase_closure1.doCall(CallTestCaseKeyword.groovy:59)
	at com.kms.katalon.core.keyword.builtin.CallTestCaseKeyword$_callTestCase_closure1.call(CallTestCaseKeyword.groovy)
	at com.kms.katalon.core.keyword.internal.KeywordMain.runKeyword(KeywordMain.groovy:68)
	at com.kms.katalon.core.keyword.builtin.CallTestCaseKeyword.callTestCase(CallTestCaseKeyword.groovy:81)
	at com.kms.katalon.core.keyword.builtin.CallTestCaseKeyword.execute(CallTestCaseKeyword.groovy:44)
	at com.kms.katalon.core.keyword.internal.KeywordExecutor.executeKeywordForPlatform(KeywordExecutor.groovy:73)
	at com.kms.katalon.core.keyword.BuiltinKeywords.callTestCase(BuiltinKeywords.groovy:334)
	at tCC tN Test Filters.run(tCC tN Test Filters:27)
	at com.kms.katalon.core.main.ScriptEngine.run(ScriptEngine.java:194)
	at com.kms.katalon.core.main.ScriptEngine.runScriptAsRawText(ScriptEngine.java:119)
	at com.kms.katalon.core.main.TestCaseExecutor.runScript(TestCaseExecutor.java:393)
	at com.kms.katalon.core.main.TestCaseExecutor.doExecute(TestCaseExecutor.java:384)
	at com.kms.katalon.core.main.TestCaseExecutor.processExecutionPhase(TestCaseExecutor.java:363)
	at com.kms.katalon.core.main.TestCaseExecutor.accessMainPhase(TestCaseExecutor.java:355)
	at com.kms.katalon.core.main.TestCaseExecutor.execute(TestCaseExecutor.java:251)
	at com.kms.katalon.core.main.TestSuiteExecutor.accessTestCaseMainPhase(TestSuiteExecutor.java:203)
	at com.kms.katalon.core.main.TestSuiteExecutor.accessTestSuiteMainPhase(TestSuiteExecutor.java:152)
	at com.kms.katalon.core.main.TestSuiteExecutor.execute(TestSuiteExecutor.java:95)
	at com.kms.katalon.core.main.TestCaseMain.startTestSuite(TestCaseMain.java:157)
	at com.kms.katalon.core.main.TestCaseMain$startTestSuite$0.call(Unknown Source)
	at TempTestSuite1609946231562.run(TempTestSuite1609946231562.groovy:39)
Caused by: org.openqa.selenium.ElementNotInteractableException: element not interactable
  (Session info: chrome=87.0.4280.88)
Build info: version: '3.141.59', revision: 'e82be7d358', time: '2018-11-14T08:25:53'
System info: host: 'Kozs-MacBook-Air.local', ip: 'fe80:0:0:0:c5:5944:3b35:56d9%en0', os.name: 'Mac OS X', os.arch: 'x86_64', os.version: '10.14.6', java.version: '1.8.0_181'
Driver info: com.kms.katalon.selenium.driver.CChromeDriver
Capabilities {acceptInsecureCerts: false, browserName: chrome, browserVersion: 87.0.4280.88, chrome: {chromedriverVersion: 86.0.4240.22 (398b0743353ff..., userDataDir: /var/folders/hb/hv2s0v7n1nz...}, goog:chromeOptions: {debuggerAddress: localhost:52344}, javascriptEnabled: true, networkConnectionEnabled: false, pageLoadStrategy: normal, platform: MAC, platformName: MAC, proxy: Proxy(), setWindowRect: true, strictFileInteractability: false, timeouts: {implicit: 0, pageLoad: 300000, script: 30000}, unhandledPromptBehavior: dismiss and notify, webauthn:virtualAuthenticators: true}
Session ID: 34eec570e7dd8c4632d2cdb067b99d80
	at org.openqa.selenium.remote.http.W3CHttpResponseCodec.createException(W3CHttpResponseCodec.java:187)
	at org.openqa.selenium.remote.http.W3CHttpResponseCodec.decode(W3CHttpResponseCodec.java:122)
	at org.openqa.selenium.remote.http.W3CHttpResponseCodec.decode(W3CHttpResponseCodec.java:49)
	at org.openqa.selenium.remote.HttpCommandExecutor.execute(HttpCommandExecutor.java:158)
	at org.openqa.selenium.remote.service.DriverCommandExecutor.execute(DriverCommandExecutor.java:83)
	at org.openqa.selenium.remote.RemoteWebDriver.execute(RemoteWebDriver.java:552)
	at com.kms.katalon.selenium.driver.CChromeDriver.execute(CChromeDriver.java:19)
	at org.openqa.selenium.remote.RemoteWebElement.execute(RemoteWebElement.java:285)
	at org.openqa.selenium.remote.RemoteWebElement.click(RemoteWebElement.java:84)
	at org.openqa.selenium.support.events.EventFiringWebDriver$EventFiringWebElement.lambda$new$0(EventFiringWebDriver.java:404)
	at com.sun.proxy.$Proxy16.click(Unknown Source)
	at org.openqa.selenium.support.events.EventFiringWebDriver$EventFiringWebElement.click(EventFiringWebDriver.java:417)
	at com.kms.katalon.core.webui.keyword.builtin.ClickKeyword$_click_closure1.doCall(ClickKeyword.groovy:69)
	at com.kms.katalon.core.webui.keyword.builtin.ClickKeyword$_click_closure1.call(ClickKeyword.groovy)
	at com.kms.katalon.core.webui.keyword.internal.WebUIKeywordMain.runKeyword(WebUIKeywordMain.groovy:20)
	at com.kms.katalon.core.webui.keyword.builtin.ClickKeyword.click(ClickKeyword.groovy:76)
	at com.kms.katalon.core.webui.keyword.builtin.ClickKeyword.execute(ClickKeyword.groovy:43)
	at com.kms.katalon.core.keyword.internal.KeywordExecutor.executeKeywordForPlatform(KeywordExecutor.groovy:73)
	at com.kms.katalon.core.webui.keyword.WebUiBuiltInKeywords.click(WebUiBuiltInKeywords.groovy:617)
	at com.kms.katalon.core.webui.keyword.WebUiBuiltInKeywords$click$6.call(Unknown Source)
	at Script1599599262449.run(Script1599599262449.groovy:46)
	at com.kms.katalon.core.main.ScriptEngine.run(ScriptEngine.java:194)
	at com.kms.katalon.core.main.ScriptEngine.runScriptAsRawText(ScriptEngine.java:119)
	at com.kms.katalon.core.main.TestCaseExecutor.runScript(TestCaseExecutor.java:393)
	at com.kms.katalon.core.main.TestCaseExecutor.doExecute(TestCaseExecutor.java:384)
	at com.kms.katalon.core.main.TestCaseExecutor.processExecutionPhase(TestCaseExecutor.java:363)
	at com.kms.katalon.core.main.TestCaseExecutor.accessMainPhase(TestCaseExecutor.java:355)
	at com.kms.katalon.core.main.TestCaseExecutor.execute(TestCaseExecutor.java:251)
	at com.kms.katalon.core.main.TestCaseMain.runTestCase(TestCaseMain.java:114)
	at com.kms.katalon.core.keyword.builtin.CallTestCaseKeyword$_callTestCase_closure1.doCall(CallTestCaseKeyword.groovy:59)
	at com.kms.katalon.core.keyword.builtin.CallTestCaseKeyword$_callTestCase_closure1.call(CallTestCaseKeyword.groovy)
	at com.kms.katalon.core.keyword.internal.KeywordMain.runKeyword(KeywordMain.groovy:68)
	at com.kms.katalon.core.keyword.builtin.CallTestCaseKeyword.callTestCase(CallTestCaseKeyword.groovy:81)
	at com.kms.katalon.core.keyword.builtin.CallTestCaseKeyword.execute(CallTestCaseKeyword.groovy:44)
	at com.kms.katalon.core.keyword.internal.KeywordExecutor.executeKeywordForPlatform(KeywordExecutor.groovy:73)
	at com.kms.katalon.core.keyword.BuiltinKeywords.callTestCase(BuiltinKeywords.groovy:334)
	at Script1606252503814.run(Script1606252503814.groovy:27)
	... 13 more
)
[[ATTACHMENT|/Users/cckozie/git/Katalon/tC Create Project/Reports/20210106_091711/tCC Test Suite 1/20210106_091711/1609947420978.png]]

2021-01-06 09:37:01 - [TEST_STEP][PASSED] - catch (Exception e): Object: 'Object Repository/Page_tC Create/file_Parmed' is clicked on

2021-01-06 09:37:01 - [TEST_STEP][PASSED] - click(findTestObject("Page_tC Create/file_Parmed", ["fileName":tNFile])): Object: 'Object Repository/Page_tC Create/file_Parmed' is clicked on

2021-01-06 09:37:02 - [MESSAGE][PASSED] - Object: 'Object Repository/Page_tC Create/file_Parmed' is clicked on

2021-01-06 09:37:07 - [MESSAGE][PASSED] - Call Test Case 'Test Cases/tCC Components/tCC tN Open For Edit' successfully

2021-01-06 09:37:07 - [TEST_STEP][PASSED] - chpts = ["3", "All", "1", "2", "front"]: null

2021-01-06 09:37:07 - [TEST_STEP][PASSED] - for (def chpt : chpts): null

2021-01-06 09:37:07 - [TEST_STEP][PASSED] - filterByChapter(chpt): null

2021-01-06 09:37:07 - [TEST_STEP][PASSED] - if (chpt != "All"): null

2021-01-06 09:37:07 - [TEST_STEP][PASSED] - intro = "TIT " + chpt + ":intro": null

2021-01-06 09:37:07 - [TEST_STEP][PASSED] - badge = "Chapter - " + chpt: null

2021-01-06 09:37:07 - [TEST_STEP][PASSED] - click(findTestObject("Page_tCC translationNotes/button_filterOpen")): Object: 'Object Repository/Page_tCC translationNotes/button_filterOpen' is clicked on

2021-01-06 09:37:08 - [MESSAGE][PASSED] - Object: 'Object Repository/Page_tCC translationNotes/button_filterOpen' is clicked on

2021-01-06 09:37:08 - [TEST_STEP][PASSED] - delay(1): Delayed 1 second(s)

2021-01-06 09:37:09 - [MESSAGE][PASSED] - Delayed 1 second(s)

2021-01-06 09:37:09 - [TEST_STEP][PASSED] - click(findTestObject("Page_tCC translationNotes/list_chapter")): Object: 'Object Repository/Page_tCC translationNotes/list_chapter' is clicked on

2021-01-06 09:37:09 - [MESSAGE][PASSED] - Object: 'Object Repository/Page_tCC translationNotes/list_chapter' is clicked on

2021-01-06 09:37:09 - [TEST_STEP][PASSED] - click(findTestObject("Page_tCC translationNotes/filter_Chapter_Parmed", ["chapter":chpt])): Object: 'Object Repository/Page_tCC translationNotes/filter_Chapter_Parmed' is clicked on

2021-01-06 09:37:10 - [MESSAGE][PASSED] - Object: 'Object Repository/Page_tCC translationNotes/filter_Chapter_Parmed' is clicked on

2021-01-06 09:37:10 - [TEST_STEP][PASSED] - if (!(verifyElementPresent(findTestObject("Page_tCC translationNotes/header_chapterIntro_Parmed", ["introText":intro]), 1))): Object 'Object Repository/Page_tCC translationNotes/header_chapterIntro_Parmed' is present

2021-01-06 09:37:12 - [MESSAGE][PASSED] - Object 'Object Repository/Page_tCC translationNotes/header_chapterIntro_Parmed' is present

2021-01-06 09:37:12 - [TEST_STEP][PASSED] - else: null

2021-01-06 09:37:12 - [TEST_STEP][PASSED] - println("Intro header " + intro + " was found"): null

2021-01-06 09:37:12 - [TEST_STEP][PASSED] - click(findTestObject("Page_tCC translationNotes/button_filterClose")): Object: 'Object Repository/Page_tCC translationNotes/button_filterClose' is clicked on

2021-01-06 09:37:12 - [MESSAGE][PASSED] - Object: 'Object Repository/Page_tCC translationNotes/button_filterClose' is clicked on

2021-01-06 09:37:12 - [TEST_STEP][PASSED] - scrollToPosition(0, 0): Browser is scrolled to position x = 0, y = 0

2021-01-06 09:37:12 - [MESSAGE][PASSED] - Browser is scrolled to position x = 0, y = 0

2021-01-06 09:37:12 - [TEST_STEP][PASSED] - if (chpt != "All"): Object: 'Object Repository/Page_tCC translationNotes/badge_Filter_Parmed' is clicked on

2021-01-06 09:37:12 - [TEST_STEP][PASSED] - click(findTestObject("Page_tCC translationNotes/badge_Filter_Parmed", ["badgeText":badge])): Object: 'Object Repository/Page_tCC translationNotes/badge_Filter_Parmed' is clicked on

2021-01-06 09:37:13 - [MESSAGE][PASSED] - Object: 'Object Repository/Page_tCC translationNotes/badge_Filter_Parmed' is clicked on

2021-01-06 09:37:13 - [TEST_STEP][PASSED] - intro = "TIT front:intro": null

2021-01-06 09:37:13 - [TEST_STEP][PASSED] - if (!(verifyElementPresent(findTestObject("Page_tCC translationNotes/header_chapterIntro_Parmed", ["introText":intro]), 1))): Object 'Object Repository/Page_tCC translationNotes/header_chapterIntro_Parmed' is present

2021-01-06 09:37:15 - [MESSAGE][PASSED] - Object 'Object Repository/Page_tCC translationNotes/header_chapterIntro_Parmed' is present

2021-01-06 09:37:15 - [TEST_STEP][PASSED] - else: null

2021-01-06 09:37:15 - [TEST_STEP][PASSED] - println("Intro header " + intro + " was found"): null

2021-01-06 09:37:15 - [TEST_STEP][PASSED] - delay(1): null

2021-01-06 09:37:16 - [MESSAGE][PASSED] - Delayed 1 second(s)

2021-01-06 09:37:16 - [TEST_STEP][PASSED] - filterByChapter(chpt): null

2021-01-06 09:37:16 - [TEST_STEP][PASSED] - if (chpt != "All"): null

2021-01-06 09:37:16 - [TEST_STEP][PASSED] - else: null

2021-01-06 09:37:16 - [TEST_STEP][PASSED] - intro = "TIT front:intro": null

2021-01-06 09:37:16 - [TEST_STEP][PASSED] - badge = "Chapter - " + chpt: null

2021-01-06 09:37:16 - [TEST_STEP][PASSED] - click(findTestObject("Page_tCC translationNotes/button_filterOpen")): Object: 'Object Repository/Page_tCC translationNotes/button_filterOpen' is clicked on

2021-01-06 09:37:16 - [MESSAGE][PASSED] - Object: 'Object Repository/Page_tCC translationNotes/button_filterOpen' is clicked on

2021-01-06 09:37:16 - [TEST_STEP][PASSED] - delay(1): Delayed 1 second(s)

2021-01-06 09:37:17 - [MESSAGE][PASSED] - Delayed 1 second(s)

2021-01-06 09:37:17 - [TEST_STEP][PASSED] - click(findTestObject("Page_tCC translationNotes/list_chapter")): Object: 'Object Repository/Page_tCC translationNotes/list_chapter' is clicked on

2021-01-06 09:37:18 - [MESSAGE][PASSED] - Object: 'Object Repository/Page_tCC translationNotes/list_chapter' is clicked on

2021-01-06 09:37:18 - [TEST_STEP][PASSED] - click(findTestObject("Page_tCC translationNotes/filter_Chapter_Parmed", ["chapter":chpt])): Object: 'Object Repository/Page_tCC translationNotes/filter_Chapter_Parmed' is clicked on

2021-01-06 09:37:18 - [MESSAGE][PASSED] - Object: 'Object Repository/Page_tCC translationNotes/filter_Chapter_Parmed' is clicked on

2021-01-06 09:37:18 - [TEST_STEP][PASSED] - if (!(verifyElementPresent(findTestObject("Page_tCC translationNotes/header_chapterIntro_Parmed", ["introText":intro]), 1))): Object 'Object Repository/Page_tCC translationNotes/header_chapterIntro_Parmed' is present

2021-01-06 09:37:19 - [MESSAGE][PASSED] - Object 'Object Repository/Page_tCC translationNotes/header_chapterIntro_Parmed' is present

2021-01-06 09:37:19 - [TEST_STEP][PASSED] - else: null

2021-01-06 09:37:19 - [TEST_STEP][PASSED] - println("Intro header " + intro + " was found"): null

2021-01-06 09:37:19 - [TEST_STEP][PASSED] - click(findTestObject("Page_tCC translationNotes/button_filterClose")): Object: 'Object Repository/Page_tCC translationNotes/button_filterClose' is clicked on

2021-01-06 09:37:20 - [MESSAGE][PASSED] - Object: 'Object Repository/Page_tCC translationNotes/button_filterClose' is clicked on

2021-01-06 09:37:20 - [TEST_STEP][PASSED] - scrollToPosition(0, 0): Browser is scrolled to position x = 0, y = 0

2021-01-06 09:37:20 - [MESSAGE][PASSED] - Browser is scrolled to position x = 0, y = 0

2021-01-06 09:37:20 - [TEST_STEP][PASSED] - if (chpt != "All"): null

2021-01-06 09:37:20 - [TEST_STEP][PASSED] - intro = "TIT front:intro": null

2021-01-06 09:37:20 - [TEST_STEP][PASSED] - if (!(verifyElementPresent(findTestObject("Page_tCC translationNotes/header_chapterIntro_Parmed", ["introText":intro]), 1))): Object 'Object Repository/Page_tCC translationNotes/header_chapterIntro_Parmed' is present

2021-01-06 09:37:20 - [MESSAGE][PASSED] - Object 'Object Repository/Page_tCC translationNotes/header_chapterIntro_Parmed' is present

2021-01-06 09:37:20 - [TEST_STEP][PASSED] - else: null

2021-01-06 09:37:20 - [TEST_STEP][PASSED] - println("Intro header " + intro + " was found"): null

2021-01-06 09:37:20 - [TEST_STEP][PASSED] - delay(1): null

2021-01-06 09:37:21 - [MESSAGE][PASSED] - Delayed 1 second(s)

2021-01-06 09:37:21 - [TEST_STEP][PASSED] - filterByChapter(chpt): null

2021-01-06 09:37:21 - [TEST_STEP][PASSED] - if (chpt != "All"): null

2021-01-06 09:37:21 - [TEST_STEP][PASSED] - intro = "TIT " + chpt + ":intro": null

2021-01-06 09:37:21 - [TEST_STEP][PASSED] - badge = "Chapter - " + chpt: null

2021-01-06 09:37:21 - [TEST_STEP][PASSED] - click(findTestObject("Page_tCC translationNotes/button_filterOpen")): Object: 'Object Repository/Page_tCC translationNotes/button_filterOpen' is clicked on

2021-01-06 09:37:22 - [MESSAGE][PASSED] - Object: 'Object Repository/Page_tCC translationNotes/button_filterOpen' is clicked on

2021-01-06 09:37:22 - [TEST_STEP][PASSED] - delay(1): Delayed 1 second(s)

2021-01-06 09:37:23 - [MESSAGE][PASSED] - Delayed 1 second(s)

2021-01-06 09:37:23 - [TEST_STEP][PASSED] - click(findTestObject("Page_tCC translationNotes/list_chapter")): Object: 'Object Repository/Page_tCC translationNotes/list_chapter' is clicked on

2021-01-06 09:37:23 - [MESSAGE][PASSED] - Object: 'Object Repository/Page_tCC translationNotes/list_chapter' is clicked on

2021-01-06 09:37:23 - [TEST_STEP][PASSED] - click(findTestObject("Page_tCC translationNotes/filter_Chapter_Parmed", ["chapter":chpt])): Object: 'Object Repository/Page_tCC translationNotes/filter_Chapter_Parmed' is clicked on

2021-01-06 09:37:24 - [MESSAGE][PASSED] - Object: 'Object Repository/Page_tCC translationNotes/filter_Chapter_Parmed' is clicked on

2021-01-06 09:37:24 - [TEST_STEP][PASSED] - if (!(verifyElementPresent(findTestObject("Page_tCC translationNotes/header_chapterIntro_Parmed", ["introText":intro]), 1))): Object 'Object Repository/Page_tCC translationNotes/header_chapterIntro_Parmed' is present

2021-01-06 09:37:25 - [MESSAGE][PASSED] - Object 'Object Repository/Page_tCC translationNotes/header_chapterIntro_Parmed' is present

2021-01-06 09:37:25 - [TEST_STEP][PASSED] - else: null

2021-01-06 09:37:25 - [TEST_STEP][PASSED] - println("Intro header " + intro + " was found"): null

2021-01-06 09:37:25 - [TEST_STEP][PASSED] - click(findTestObject("Page_tCC translationNotes/button_filterClose")): Object: 'Object Repository/Page_tCC translationNotes/button_filterClose' is clicked on

2021-01-06 09:37:26 - [MESSAGE][PASSED] - Object: 'Object Repository/Page_tCC translationNotes/button_filterClose' is clicked on

2021-01-06 09:37:26 - [TEST_STEP][PASSED] - scrollToPosition(0, 0): Browser is scrolled to position x = 0, y = 0

2021-01-06 09:37:26 - [MESSAGE][PASSED] - Browser is scrolled to position x = 0, y = 0

2021-01-06 09:37:26 - [TEST_STEP][PASSED] - if (chpt != "All"): Object: 'Object Repository/Page_tCC translationNotes/badge_Filter_Parmed' is clicked on

2021-01-06 09:37:26 - [TEST_STEP][PASSED] - click(findTestObject("Page_tCC translationNotes/badge_Filter_Parmed", ["badgeText":badge])): Object: 'Object Repository/Page_tCC translationNotes/badge_Filter_Parmed' is clicked on

2021-01-06 09:37:27 - [MESSAGE][PASSED] - Object: 'Object Repository/Page_tCC translationNotes/badge_Filter_Parmed' is clicked on

2021-01-06 09:37:27 - [TEST_STEP][PASSED] - intro = "TIT front:intro": null

2021-01-06 09:37:27 - [TEST_STEP][PASSED] - if (!(verifyElementPresent(findTestObject("Page_tCC translationNotes/header_chapterIntro_Parmed", ["introText":intro]), 1))): Object 'Object Repository/Page_tCC translationNotes/header_chapterIntro_Parmed' is present

2021-01-06 09:37:28 - [MESSAGE][PASSED] - Object 'Object Repository/Page_tCC translationNotes/header_chapterIntro_Parmed' is present

2021-01-06 09:37:28 - [TEST_STEP][PASSED] - else: null

2021-01-06 09:37:28 - [TEST_STEP][PASSED] - println("Intro header " + intro + " was found"): null

2021-01-06 09:37:28 - [TEST_STEP][PASSED] - delay(1): null

2021-01-06 09:37:29 - [MESSAGE][PASSED] - Delayed 1 second(s)

2021-01-06 09:37:29 - [TEST_STEP][PASSED] - filterByChapter(chpt): null

2021-01-06 09:37:29 - [TEST_STEP][PASSED] - if (chpt != "All"): null

2021-01-06 09:37:29 - [TEST_STEP][PASSED] - intro = "TIT " + chpt + ":intro": null

2021-01-06 09:37:29 - [TEST_STEP][PASSED] - badge = "Chapter - " + chpt: null

2021-01-06 09:37:29 - [TEST_STEP][PASSED] - click(findTestObject("Page_tCC translationNotes/button_filterOpen")): Object: 'Object Repository/Page_tCC translationNotes/button_filterOpen' is clicked on

2021-01-06 09:37:29 - [MESSAGE][PASSED] - Object: 'Object Repository/Page_tCC translationNotes/button_filterOpen' is clicked on

2021-01-06 09:37:29 - [TEST_STEP][PASSED] - delay(1): Delayed 1 second(s)

2021-01-06 09:37:30 - [MESSAGE][PASSED] - Delayed 1 second(s)

2021-01-06 09:37:30 - [TEST_STEP][PASSED] - click(findTestObject("Page_tCC translationNotes/list_chapter")): Object: 'Object Repository/Page_tCC translationNotes/list_chapter' is clicked on

2021-01-06 09:37:30 - [MESSAGE][PASSED] - Object: 'Object Repository/Page_tCC translationNotes/list_chapter' is clicked on

2021-01-06 09:37:30 - [TEST_STEP][PASSED] - click(findTestObject("Page_tCC translationNotes/filter_Chapter_Parmed", ["chapter":chpt])): Object: 'Object Repository/Page_tCC translationNotes/filter_Chapter_Parmed' is clicked on

2021-01-06 09:37:31 - [MESSAGE][PASSED] - Object: 'Object Repository/Page_tCC translationNotes/filter_Chapter_Parmed' is clicked on

2021-01-06 09:37:31 - [TEST_STEP][PASSED] - if (!(verifyElementPresent(findTestObject("Page_tCC translationNotes/header_chapterIntro_Parmed", ["introText":intro]), 1))): Object 'Object Repository/Page_tCC translationNotes/header_chapterIntro_Parmed' is present

2021-01-06 09:37:32 - [MESSAGE][PASSED] - Object 'Object Repository/Page_tCC translationNotes/header_chapterIntro_Parmed' is present

2021-01-06 09:37:32 - [TEST_STEP][PASSED] - else: null

2021-01-06 09:37:32 - [TEST_STEP][PASSED] - println("Intro header " + intro + " was found"): null

2021-01-06 09:37:32 - [TEST_STEP][PASSED] - click(findTestObject("Page_tCC translationNotes/button_filterClose")): Object: 'Object Repository/Page_tCC translationNotes/button_filterClose' is clicked on

2021-01-06 09:37:33 - [MESSAGE][PASSED] - Object: 'Object Repository/Page_tCC translationNotes/button_filterClose' is clicked on

2021-01-06 09:37:33 - [TEST_STEP][PASSED] - scrollToPosition(0, 0): Browser is scrolled to position x = 0, y = 0

2021-01-06 09:37:33 - [MESSAGE][PASSED] - Browser is scrolled to position x = 0, y = 0

2021-01-06 09:37:33 - [TEST_STEP][PASSED] - if (chpt != "All"): Object: 'Object Repository/Page_tCC translationNotes/badge_Filter_Parmed' is clicked on

2021-01-06 09:37:33 - [TEST_STEP][PASSED] - click(findTestObject("Page_tCC translationNotes/badge_Filter_Parmed", ["badgeText":badge])): Object: 'Object Repository/Page_tCC translationNotes/badge_Filter_Parmed' is clicked on

2021-01-06 09:37:34 - [MESSAGE][PASSED] - Object: 'Object Repository/Page_tCC translationNotes/badge_Filter_Parmed' is clicked on

2021-01-06 09:37:34 - [TEST_STEP][PASSED] - intro = "TIT front:intro": null

2021-01-06 09:37:34 - [TEST_STEP][PASSED] - if (!(verifyElementPresent(findTestObject("Page_tCC translationNotes/header_chapterIntro_Parmed", ["introText":intro]), 1))): Object 'Object Repository/Page_tCC translationNotes/header_chapterIntro_Parmed' is present

2021-01-06 09:37:35 - [MESSAGE][PASSED] - Object 'Object Repository/Page_tCC translationNotes/header_chapterIntro_Parmed' is present

2021-01-06 09:37:35 - [TEST_STEP][PASSED] - else: null

2021-01-06 09:37:35 - [TEST_STEP][PASSED] - println("Intro header " + intro + " was found"): null

2021-01-06 09:37:35 - [TEST_STEP][PASSED] - delay(1): null

2021-01-06 09:37:36 - [MESSAGE][PASSED] - Delayed 1 second(s)

2021-01-06 09:37:36 - [TEST_STEP][PASSED] - filterByChapter(chpt): null

2021-01-06 09:37:36 - [TEST_STEP][PASSED] - if (chpt != "All"): null

2021-01-06 09:37:36 - [TEST_STEP][PASSED] - intro = "TIT " + chpt + ":intro": null

2021-01-06 09:37:36 - [TEST_STEP][PASSED] - badge = "Chapter - " + chpt: null

2021-01-06 09:37:36 - [TEST_STEP][PASSED] - click(findTestObject("Page_tCC translationNotes/button_filterOpen")): Object: 'Object Repository/Page_tCC translationNotes/button_filterOpen' is clicked on

2021-01-06 09:37:37 - [MESSAGE][PASSED] - Object: 'Object Repository/Page_tCC translationNotes/button_filterOpen' is clicked on

2021-01-06 09:37:37 - [TEST_STEP][PASSED] - delay(1): Delayed 1 second(s)

2021-01-06 09:37:38 - [MESSAGE][PASSED] - Delayed 1 second(s)

2021-01-06 09:37:38 - [TEST_STEP][PASSED] - click(findTestObject("Page_tCC translationNotes/list_chapter")): Object: 'Object Repository/Page_tCC translationNotes/list_chapter' is clicked on

2021-01-06 09:37:39 - [MESSAGE][PASSED] - Object: 'Object Repository/Page_tCC translationNotes/list_chapter' is clicked on

2021-01-06 09:37:39 - [TEST_STEP][PASSED] - click(findTestObject("Page_tCC translationNotes/filter_Chapter_Parmed", ["chapter":chpt])): Object: 'Object Repository/Page_tCC translationNotes/filter_Chapter_Parmed' is clicked on

2021-01-06 09:37:40 - [MESSAGE][PASSED] - Object: 'Object Repository/Page_tCC translationNotes/filter_Chapter_Parmed' is clicked on

2021-01-06 09:37:40 - [TEST_STEP][PASSED] - if (!(verifyElementPresent(findTestObject("Page_tCC translationNotes/header_chapterIntro_Parmed", ["introText":intro]), 1))): Object 'Object Repository/Page_tCC translationNotes/header_chapterIntro_Parmed' is present

2021-01-06 09:37:40 - [MESSAGE][PASSED] - Object 'Object Repository/Page_tCC translationNotes/header_chapterIntro_Parmed' is present

2021-01-06 09:37:40 - [TEST_STEP][PASSED] - else: null

2021-01-06 09:37:40 - [TEST_STEP][PASSED] - println("Intro header " + intro + " was found"): null

2021-01-06 09:37:40 - [TEST_STEP][PASSED] - click(findTestObject("Page_tCC translationNotes/button_filterClose")): Object: 'Object Repository/Page_tCC translationNotes/button_filterClose' is clicked on

2021-01-06 09:37:41 - [MESSAGE][PASSED] - Object: 'Object Repository/Page_tCC translationNotes/button_filterClose' is clicked on

2021-01-06 09:37:41 - [TEST_STEP][PASSED] - scrollToPosition(0, 0): Browser is scrolled to position x = 0, y = 0

2021-01-06 09:37:41 - [MESSAGE][PASSED] - Browser is scrolled to position x = 0, y = 0

2021-01-06 09:37:41 - [TEST_STEP][PASSED] - if (chpt != "All"): Object: 'Object Repository/Page_tCC translationNotes/badge_Filter_Parmed' is clicked on

2021-01-06 09:37:41 - [TEST_STEP][PASSED] - click(findTestObject("Page_tCC translationNotes/badge_Filter_Parmed", ["badgeText":badge])): Object: 'Object Repository/Page_tCC translationNotes/badge_Filter_Parmed' is clicked on

2021-01-06 09:37:43 - [MESSAGE][PASSED] - Object: 'Object Repository/Page_tCC translationNotes/badge_Filter_Parmed' is clicked on

2021-01-06 09:37:43 - [TEST_STEP][PASSED] - intro = "TIT front:intro": null

2021-01-06 09:37:43 - [TEST_STEP][PASSED] - if (!(verifyElementPresent(findTestObject("Page_tCC translationNotes/header_chapterIntro_Parmed", ["introText":intro]), 1))): Object 'Object Repository/Page_tCC translationNotes/header_chapterIntro_Parmed' is present

2021-01-06 09:37:44 - [MESSAGE][PASSED] - Object 'Object Repository/Page_tCC translationNotes/header_chapterIntro_Parmed' is present

2021-01-06 09:37:44 - [TEST_STEP][PASSED] - else: null

2021-01-06 09:37:44 - [TEST_STEP][PASSED] - println("Intro header " + intro + " was found"): null

2021-01-06 09:37:44 - [TEST_STEP][PASSED] - delay(1): Delayed 1 second(s)

2021-01-06 09:37:45 - [MESSAGE][PASSED] - Delayed 1 second(s)

2021-01-06 09:37:45 - [TEST_STEP][PASSED] - delay(2): Delayed 2 second(s)

2021-01-06 09:37:47 - [MESSAGE][PASSED] - Delayed 2 second(s)

2021-01-06 09:37:47 - [TEST_STEP][PASSED] - refs = ["figs-explicit", "figs-ellipsis", "All", "translate-names", "grammar-connect-logic-goal", "figs-personification"]: null

2021-01-06 09:37:47 - [TEST_STEP][PASSED] - for (def ref : refs): null

2021-01-06 09:37:47 - [TEST_STEP][PASSED] - filterBySupportRef(ref): null

2021-01-06 09:37:47 - [TEST_STEP][PASSED] - if (ref == "All"): null

2021-01-06 09:37:47 - [TEST_STEP][PASSED] - else: null

2021-01-06 09:37:47 - [TEST_STEP][PASSED] - myRef = ref: null

2021-01-06 09:37:47 - [TEST_STEP][PASSED] - badge = "SupportReference - " + ref: null

2021-01-06 09:37:47 - [TEST_STEP][PASSED] - click(findTestObject("Page_tCC translationNotes/button_filterOpen")): Object: 'Object Repository/Page_tCC translationNotes/button_filterOpen' is clicked on

2021-01-06 09:37:47 - [MESSAGE][PASSED] - Object: 'Object Repository/Page_tCC translationNotes/button_filterOpen' is clicked on

2021-01-06 09:37:47 - [TEST_STEP][PASSED] - delay(1): Delayed 1 second(s)

2021-01-06 09:37:48 - [MESSAGE][PASSED] - Delayed 1 second(s)

2021-01-06 09:37:48 - [TEST_STEP][PASSED] - click(findTestObject("Page_tCC translationNotes/list_supportRef")): Object: 'Object Repository/Page_tCC translationNotes/list_supportRef' is clicked on

2021-01-06 09:37:49 - [MESSAGE][PASSED] - Object: 'Object Repository/Page_tCC translationNotes/list_supportRef' is clicked on

2021-01-06 09:37:49 - [TEST_STEP][PASSED] - click(findTestObject("Page_tCC translationNotes/filter_SupportRef_Parmed", ["supportRef":ref])): Object: 'Object Repository/Page_tCC translationNotes/filter_SupportRef_Parmed' is clicked on

2021-01-06 09:37:50 - [MESSAGE][PASSED] - Object: 'Object Repository/Page_tCC translationNotes/filter_SupportRef_Parmed' is clicked on

2021-01-06 09:37:50 - [TEST_STEP][PASSED] - refText = getText(findTestObject("Object Repository/Page_tCC translationNotes/para_firstSupportRef")): Text of object 'Object Repository/Page_tCC translationNotes/para_firstSupportRef' is: 'figs-explicit'

2021-01-06 09:37:51 - [MESSAGE][PASSED] - Text of object 'Object Repository/Page_tCC translationNotes/para_firstSupportRef' is: 'figs-explicit'

2021-01-06 09:37:51 - [TEST_STEP][PASSED] - if (refText != myRef): null

2021-01-06 09:37:51 - [TEST_STEP][PASSED] - else: null

2021-01-06 09:37:51 - [TEST_STEP][PASSED] - println("SupportReference " + myRef + " was found"): null

2021-01-06 09:37:51 - [TEST_STEP][PASSED] - click(findTestObject("Page_tCC translationNotes/button_filterClose")): Object: 'Object Repository/Page_tCC translationNotes/button_filterClose' is clicked on

2021-01-06 09:37:51 - [MESSAGE][PASSED] - Object: 'Object Repository/Page_tCC translationNotes/button_filterClose' is clicked on

2021-01-06 09:37:51 - [TEST_STEP][PASSED] - scrollToPosition(0, 0): Browser is scrolled to position x = 0, y = 0

2021-01-06 09:37:51 - [MESSAGE][PASSED] - Browser is scrolled to position x = 0, y = 0

2021-01-06 09:37:51 - [TEST_STEP][PASSED] - if (ref != "All"): Object: 'Object Repository/Page_tCC translationNotes/badge_Filter_Parmed' is clicked on

2021-01-06 09:37:51 - [TEST_STEP][PASSED] - click(findTestObject("Page_tCC translationNotes/badge_Filter_Parmed", ["badgeText":badge])): Object: 'Object Repository/Page_tCC translationNotes/badge_Filter_Parmed' is clicked on

2021-01-06 09:37:52 - [MESSAGE][PASSED] - Object: 'Object Repository/Page_tCC translationNotes/badge_Filter_Parmed' is clicked on

2021-01-06 09:37:52 - [TEST_STEP][PASSED] - firstRef = "empty": null

2021-01-06 09:37:52 - [TEST_STEP][PASSED] - refText = getText(findTestObject("Object Repository/Page_tCC translationNotes/para_firstSupportRef")): Text of object 'Object Repository/Page_tCC translationNotes/para_firstSupportRef' is: 'empty'

2021-01-06 09:37:53 - [MESSAGE][PASSED] - Text of object 'Object Repository/Page_tCC translationNotes/para_firstSupportRef' is: 'empty'

2021-01-06 09:37:53 - [TEST_STEP][PASSED] - if (refText != firstRef): null

2021-01-06 09:37:53 - [TEST_STEP][PASSED] - else: null

2021-01-06 09:37:53 - [TEST_STEP][PASSED] - println("The first SupportReference " + refText + " was found"): null

2021-01-06 09:37:53 - [TEST_STEP][PASSED] - delay(1): null

2021-01-06 09:37:54 - [MESSAGE][PASSED] - Delayed 1 second(s)

2021-01-06 09:37:54 - [TEST_STEP][PASSED] - filterBySupportRef(ref): null

2021-01-06 09:37:54 - [TEST_STEP][PASSED] - if (ref == "All"): null

2021-01-06 09:37:54 - [TEST_STEP][PASSED] - else: null

2021-01-06 09:37:54 - [TEST_STEP][PASSED] - myRef = ref: null

2021-01-06 09:37:54 - [TEST_STEP][PASSED] - badge = "SupportReference - " + ref: null

2021-01-06 09:37:54 - [TEST_STEP][PASSED] - click(findTestObject("Page_tCC translationNotes/button_filterOpen")): Object: 'Object Repository/Page_tCC translationNotes/button_filterOpen' is clicked on

2021-01-06 09:37:55 - [MESSAGE][PASSED] - Object: 'Object Repository/Page_tCC translationNotes/button_filterOpen' is clicked on

2021-01-06 09:37:55 - [TEST_STEP][PASSED] - delay(1): Delayed 1 second(s)

2021-01-06 09:37:56 - [MESSAGE][PASSED] - Delayed 1 second(s)

2021-01-06 09:37:56 - [TEST_STEP][PASSED] - click(findTestObject("Page_tCC translationNotes/list_supportRef")): Object: 'Object Repository/Page_tCC translationNotes/list_supportRef' is clicked on

2021-01-06 09:37:56 - [MESSAGE][PASSED] - Object: 'Object Repository/Page_tCC translationNotes/list_supportRef' is clicked on

2021-01-06 09:37:57 - [TEST_STEP][PASSED] - click(findTestObject("Page_tCC translationNotes/filter_SupportRef_Parmed", ["supportRef":ref])): Object: 'Object Repository/Page_tCC translationNotes/filter_SupportRef_Parmed' is clicked on

2021-01-06 09:37:57 - [MESSAGE][PASSED] - Object: 'Object Repository/Page_tCC translationNotes/filter_SupportRef_Parmed' is clicked on

2021-01-06 09:37:57 - [TEST_STEP][PASSED] - refText = getText(findTestObject("Object Repository/Page_tCC translationNotes/para_firstSupportRef")): Text of object 'Object Repository/Page_tCC translationNotes/para_firstSupportRef' is: 'figs-ellipsis'

2021-01-06 09:37:58 - [MESSAGE][PASSED] - Text of object 'Object Repository/Page_tCC translationNotes/para_firstSupportRef' is: 'figs-ellipsis'

2021-01-06 09:37:58 - [TEST_STEP][PASSED] - if (refText != myRef): null

2021-01-06 09:37:58 - [TEST_STEP][PASSED] - else: null

2021-01-06 09:37:58 - [TEST_STEP][PASSED] - println("SupportReference " + myRef + " was found"): null

2021-01-06 09:37:58 - [TEST_STEP][PASSED] - click(findTestObject("Page_tCC translationNotes/button_filterClose")): Object: 'Object Repository/Page_tCC translationNotes/button_filterClose' is clicked on

2021-01-06 09:37:59 - [MESSAGE][PASSED] - Object: 'Object Repository/Page_tCC translationNotes/button_filterClose' is clicked on

2021-01-06 09:37:59 - [TEST_STEP][PASSED] - scrollToPosition(0, 0): Browser is scrolled to position x = 0, y = 0

2021-01-06 09:37:59 - [MESSAGE][PASSED] - Browser is scrolled to position x = 0, y = 0

2021-01-06 09:37:59 - [TEST_STEP][PASSED] - if (ref != "All"): Object: 'Object Repository/Page_tCC translationNotes/badge_Filter_Parmed' is clicked on

2021-01-06 09:37:59 - [TEST_STEP][PASSED] - click(findTestObject("Page_tCC translationNotes/badge_Filter_Parmed", ["badgeText":badge])): Object: 'Object Repository/Page_tCC translationNotes/badge_Filter_Parmed' is clicked on

2021-01-06 09:38:00 - [MESSAGE][PASSED] - Object: 'Object Repository/Page_tCC translationNotes/badge_Filter_Parmed' is clicked on

2021-01-06 09:38:00 - [TEST_STEP][PASSED] - firstRef = "empty": null

2021-01-06 09:38:00 - [TEST_STEP][PASSED] - refText = getText(findTestObject("Object Repository/Page_tCC translationNotes/para_firstSupportRef")): Text of object 'Object Repository/Page_tCC translationNotes/para_firstSupportRef' is: 'empty'

2021-01-06 09:38:02 - [MESSAGE][PASSED] - Text of object 'Object Repository/Page_tCC translationNotes/para_firstSupportRef' is: 'empty'

2021-01-06 09:38:02 - [TEST_STEP][PASSED] - if (refText != firstRef): null

2021-01-06 09:38:02 - [TEST_STEP][PASSED] - else: null

2021-01-06 09:38:02 - [TEST_STEP][PASSED] - println("The first SupportReference " + refText + " was found"): null

2021-01-06 09:38:02 - [TEST_STEP][PASSED] - delay(1): null

2021-01-06 09:38:03 - [MESSAGE][PASSED] - Delayed 1 second(s)

2021-01-06 09:38:03 - [TEST_STEP][PASSED] - filterBySupportRef(ref): null

2021-01-06 09:38:03 - [TEST_STEP][PASSED] - if (ref == "All"): null

2021-01-06 09:38:03 - [TEST_STEP][PASSED] - myRef = "empty": null

2021-01-06 09:38:03 - [TEST_STEP][PASSED] - badge = "SupportReference - " + ref: null

2021-01-06 09:38:03 - [TEST_STEP][PASSED] - click(findTestObject("Page_tCC translationNotes/button_filterOpen")): Object: 'Object Repository/Page_tCC translationNotes/button_filterOpen' is clicked on

2021-01-06 09:38:03 - [MESSAGE][PASSED] - Object: 'Object Repository/Page_tCC translationNotes/button_filterOpen' is clicked on

2021-01-06 09:38:03 - [TEST_STEP][PASSED] - delay(1): Delayed 1 second(s)

2021-01-06 09:38:04 - [MESSAGE][PASSED] - Delayed 1 second(s)

2021-01-06 09:38:04 - [TEST_STEP][PASSED] - click(findTestObject("Page_tCC translationNotes/list_supportRef")): Object: 'Object Repository/Page_tCC translationNotes/list_supportRef' is clicked on

2021-01-06 09:38:05 - [MESSAGE][PASSED] - Object: 'Object Repository/Page_tCC translationNotes/list_supportRef' is clicked on

2021-01-06 09:38:05 - [TEST_STEP][PASSED] - click(findTestObject("Page_tCC translationNotes/filter_SupportRef_Parmed", ["supportRef":ref])): Object: 'Object Repository/Page_tCC translationNotes/filter_SupportRef_Parmed' is clicked on

2021-01-06 09:38:05 - [MESSAGE][PASSED] - Object: 'Object Repository/Page_tCC translationNotes/filter_SupportRef_Parmed' is clicked on

2021-01-06 09:38:05 - [TEST_STEP][PASSED] - refText = getText(findTestObject("Object Repository/Page_tCC translationNotes/para_firstSupportRef")): Text of object 'Object Repository/Page_tCC translationNotes/para_firstSupportRef' is: 'empty'

2021-01-06 09:38:06 - [MESSAGE][PASSED] - Text of object 'Object Repository/Page_tCC translationNotes/para_firstSupportRef' is: 'empty'

2021-01-06 09:38:06 - [TEST_STEP][PASSED] - if (refText != myRef): null

2021-01-06 09:38:06 - [TEST_STEP][PASSED] - else: null

2021-01-06 09:38:06 - [TEST_STEP][PASSED] - println("SupportReference " + myRef + " was found"): null

2021-01-06 09:38:06 - [TEST_STEP][PASSED] - click(findTestObject("Page_tCC translationNotes/button_filterClose")): Object: 'Object Repository/Page_tCC translationNotes/button_filterClose' is clicked on

2021-01-06 09:38:06 - [MESSAGE][PASSED] - Object: 'Object Repository/Page_tCC translationNotes/button_filterClose' is clicked on

2021-01-06 09:38:06 - [TEST_STEP][PASSED] - scrollToPosition(0, 0): Browser is scrolled to position x = 0, y = 0

2021-01-06 09:38:06 - [MESSAGE][PASSED] - Browser is scrolled to position x = 0, y = 0

2021-01-06 09:38:06 - [TEST_STEP][PASSED] - if (ref != "All"): null

2021-01-06 09:38:06 - [TEST_STEP][PASSED] - firstRef = "empty": null

2021-01-06 09:38:06 - [TEST_STEP][PASSED] - refText = getText(findTestObject("Object Repository/Page_tCC translationNotes/para_firstSupportRef")): Text of object 'Object Repository/Page_tCC translationNotes/para_firstSupportRef' is: 'empty'

2021-01-06 09:38:07 - [MESSAGE][PASSED] - Text of object 'Object Repository/Page_tCC translationNotes/para_firstSupportRef' is: 'empty'

2021-01-06 09:38:07 - [TEST_STEP][PASSED] - if (refText != firstRef): null

2021-01-06 09:38:07 - [TEST_STEP][PASSED] - else: null

2021-01-06 09:38:07 - [TEST_STEP][PASSED] - println("The first SupportReference " + refText + " was found"): null

2021-01-06 09:38:07 - [TEST_STEP][PASSED] - delay(1): null

2021-01-06 09:38:08 - [MESSAGE][PASSED] - Delayed 1 second(s)

2021-01-06 09:38:08 - [TEST_STEP][PASSED] - filterBySupportRef(ref): null

2021-01-06 09:38:08 - [TEST_STEP][PASSED] - if (ref == "All"): null

2021-01-06 09:38:08 - [TEST_STEP][PASSED] - else: null

2021-01-06 09:38:08 - [TEST_STEP][PASSED] - myRef = ref: null

2021-01-06 09:38:08 - [TEST_STEP][PASSED] - badge = "SupportReference - " + ref: null

2021-01-06 09:38:08 - [TEST_STEP][PASSED] - click(findTestObject("Page_tCC translationNotes/button_filterOpen")): Object: 'Object Repository/Page_tCC translationNotes/button_filterOpen' is clicked on

2021-01-06 09:38:09 - [MESSAGE][PASSED] - Object: 'Object Repository/Page_tCC translationNotes/button_filterOpen' is clicked on

2021-01-06 09:38:09 - [TEST_STEP][PASSED] - delay(1): Delayed 1 second(s)

2021-01-06 09:38:10 - [MESSAGE][PASSED] - Delayed 1 second(s)

2021-01-06 09:38:10 - [TEST_STEP][PASSED] - click(findTestObject("Page_tCC translationNotes/list_supportRef")): Object: 'Object Repository/Page_tCC translationNotes/list_supportRef' is clicked on

2021-01-06 09:38:10 - [MESSAGE][PASSED] - Object: 'Object Repository/Page_tCC translationNotes/list_supportRef' is clicked on

2021-01-06 09:38:10 - [TEST_STEP][PASSED] - click(findTestObject("Page_tCC translationNotes/filter_SupportRef_Parmed", ["supportRef":ref])): Object: 'Object Repository/Page_tCC translationNotes/filter_SupportRef_Parmed' is clicked on

2021-01-06 09:38:11 - [MESSAGE][PASSED] - Object: 'Object Repository/Page_tCC translationNotes/filter_SupportRef_Parmed' is clicked on

2021-01-06 09:38:11 - [TEST_STEP][PASSED] - refText = getText(findTestObject("Object Repository/Page_tCC translationNotes/para_firstSupportRef")): Text of object 'Object Repository/Page_tCC translationNotes/para_firstSupportRef' is: 'translate-names'

2021-01-06 09:38:12 - [MESSAGE][PASSED] - Text of object 'Object Repository/Page_tCC translationNotes/para_firstSupportRef' is: 'translate-names'

2021-01-06 09:38:12 - [TEST_STEP][PASSED] - if (refText != myRef): null

2021-01-06 09:38:12 - [TEST_STEP][PASSED] - else: null

2021-01-06 09:38:12 - [TEST_STEP][PASSED] - println("SupportReference " + myRef + " was found"): null

2021-01-06 09:38:12 - [TEST_STEP][PASSED] - click(findTestObject("Page_tCC translationNotes/button_filterClose")): Object: 'Object Repository/Page_tCC translationNotes/button_filterClose' is clicked on

2021-01-06 09:38:13 - [MESSAGE][PASSED] - Object: 'Object Repository/Page_tCC translationNotes/button_filterClose' is clicked on

2021-01-06 09:38:13 - [TEST_STEP][PASSED] - scrollToPosition(0, 0): Browser is scrolled to position x = 0, y = 0

2021-01-06 09:38:13 - [MESSAGE][PASSED] - Browser is scrolled to position x = 0, y = 0

2021-01-06 09:38:13 - [TEST_STEP][PASSED] - if (ref != "All"): Object: 'Object Repository/Page_tCC translationNotes/badge_Filter_Parmed' is clicked on

2021-01-06 09:38:13 - [TEST_STEP][PASSED] - click(findTestObject("Page_tCC translationNotes/badge_Filter_Parmed", ["badgeText":badge])): Object: 'Object Repository/Page_tCC translationNotes/badge_Filter_Parmed' is clicked on

2021-01-06 09:38:14 - [MESSAGE][PASSED] - Object: 'Object Repository/Page_tCC translationNotes/badge_Filter_Parmed' is clicked on

2021-01-06 09:38:14 - [TEST_STEP][PASSED] - firstRef = "empty": null

2021-01-06 09:38:14 - [TEST_STEP][PASSED] - refText = getText(findTestObject("Object Repository/Page_tCC translationNotes/para_firstSupportRef")): Text of object 'Object Repository/Page_tCC translationNotes/para_firstSupportRef' is: 'empty'

2021-01-06 09:38:15 - [MESSAGE][PASSED] - Text of object 'Object Repository/Page_tCC translationNotes/para_firstSupportRef' is: 'empty'

2021-01-06 09:38:15 - [TEST_STEP][PASSED] - if (refText != firstRef): null

2021-01-06 09:38:15 - [TEST_STEP][PASSED] - else: null

2021-01-06 09:38:15 - [TEST_STEP][PASSED] - println("The first SupportReference " + refText + " was found"): null

2021-01-06 09:38:15 - [TEST_STEP][PASSED] - delay(1): null

2021-01-06 09:38:16 - [MESSAGE][PASSED] - Delayed 1 second(s)

2021-01-06 09:38:16 - [TEST_STEP][PASSED] - filterBySupportRef(ref): null

2021-01-06 09:38:16 - [TEST_STEP][PASSED] - if (ref == "All"): null

2021-01-06 09:38:16 - [TEST_STEP][PASSED] - else: null

2021-01-06 09:38:16 - [TEST_STEP][PASSED] - myRef = ref: null

2021-01-06 09:38:16 - [TEST_STEP][PASSED] - badge = "SupportReference - " + ref: null

2021-01-06 09:38:16 - [TEST_STEP][PASSED] - click(findTestObject("Page_tCC translationNotes/button_filterOpen")): Object: 'Object Repository/Page_tCC translationNotes/button_filterOpen' is clicked on

2021-01-06 09:38:17 - [MESSAGE][PASSED] - Object: 'Object Repository/Page_tCC translationNotes/button_filterOpen' is clicked on

2021-01-06 09:38:17 - [TEST_STEP][PASSED] - delay(1): Delayed 1 second(s)

2021-01-06 09:38:18 - [MESSAGE][PASSED] - Delayed 1 second(s)

2021-01-06 09:38:18 - [TEST_STEP][PASSED] - click(findTestObject("Page_tCC translationNotes/list_supportRef")): Object: 'Object Repository/Page_tCC translationNotes/list_supportRef' is clicked on

2021-01-06 09:38:18 - [MESSAGE][PASSED] - Object: 'Object Repository/Page_tCC translationNotes/list_supportRef' is clicked on

2021-01-06 09:38:18 - [TEST_STEP][PASSED] - click(findTestObject("Page_tCC translationNotes/filter_SupportRef_Parmed", ["supportRef":ref])): Object: 'Object Repository/Page_tCC translationNotes/filter_SupportRef_Parmed' is clicked on

2021-01-06 09:38:19 - [MESSAGE][PASSED] - Object: 'Object Repository/Page_tCC translationNotes/filter_SupportRef_Parmed' is clicked on

2021-01-06 09:38:19 - [TEST_STEP][PASSED] - refText = getText(findTestObject("Object Repository/Page_tCC translationNotes/para_firstSupportRef")): Text of object 'Object Repository/Page_tCC translationNotes/para_firstSupportRef' is: 'grammar-connect-logic-goal'

2021-01-06 09:38:20 - [MESSAGE][PASSED] - Text of object 'Object Repository/Page_tCC translationNotes/para_firstSupportRef' is: 'grammar-connect-logic-goal'

2021-01-06 09:38:20 - [TEST_STEP][PASSED] - if (refText != myRef): null

2021-01-06 09:38:20 - [TEST_STEP][PASSED] - else: null

2021-01-06 09:38:20 - [TEST_STEP][PASSED] - println("SupportReference " + myRef + " was found"): null

2021-01-06 09:38:20 - [TEST_STEP][PASSED] - click(findTestObject("Page_tCC translationNotes/button_filterClose")): Object: 'Object Repository/Page_tCC translationNotes/button_filterClose' is clicked on

2021-01-06 09:38:21 - [MESSAGE][PASSED] - Object: 'Object Repository/Page_tCC translationNotes/button_filterClose' is clicked on

2021-01-06 09:38:21 - [TEST_STEP][PASSED] - scrollToPosition(0, 0): Browser is scrolled to position x = 0, y = 0

2021-01-06 09:38:21 - [MESSAGE][PASSED] - Browser is scrolled to position x = 0, y = 0

2021-01-06 09:38:21 - [TEST_STEP][PASSED] - if (ref != "All"): Object: 'Object Repository/Page_tCC translationNotes/badge_Filter_Parmed' is clicked on

2021-01-06 09:38:21 - [TEST_STEP][PASSED] - click(findTestObject("Page_tCC translationNotes/badge_Filter_Parmed", ["badgeText":badge])): Object: 'Object Repository/Page_tCC translationNotes/badge_Filter_Parmed' is clicked on

2021-01-06 09:38:22 - [MESSAGE][PASSED] - Object: 'Object Repository/Page_tCC translationNotes/badge_Filter_Parmed' is clicked on

2021-01-06 09:38:22 - [TEST_STEP][PASSED] - firstRef = "empty": null

2021-01-06 09:38:22 - [TEST_STEP][PASSED] - refText = getText(findTestObject("Object Repository/Page_tCC translationNotes/para_firstSupportRef")): Text of object 'Object Repository/Page_tCC translationNotes/para_firstSupportRef' is: 'empty'

2021-01-06 09:38:24 - [MESSAGE][PASSED] - Text of object 'Object Repository/Page_tCC translationNotes/para_firstSupportRef' is: 'empty'

2021-01-06 09:38:24 - [TEST_STEP][PASSED] - if (refText != firstRef): null

2021-01-06 09:38:24 - [TEST_STEP][PASSED] - else: null

2021-01-06 09:38:24 - [TEST_STEP][PASSED] - println("The first SupportReference " + refText + " was found"): null

2021-01-06 09:38:24 - [TEST_STEP][PASSED] - delay(1): null

2021-01-06 09:38:25 - [MESSAGE][PASSED] - Delayed 1 second(s)

2021-01-06 09:38:25 - [TEST_STEP][PASSED] - filterBySupportRef(ref): null

2021-01-06 09:38:25 - [TEST_STEP][PASSED] - if (ref == "All"): null

2021-01-06 09:38:25 - [TEST_STEP][PASSED] - else: null

2021-01-06 09:38:25 - [TEST_STEP][PASSED] - myRef = ref: null

2021-01-06 09:38:25 - [TEST_STEP][PASSED] - badge = "SupportReference - " + ref: null

2021-01-06 09:38:25 - [TEST_STEP][PASSED] - click(findTestObject("Page_tCC translationNotes/button_filterOpen")): Object: 'Object Repository/Page_tCC translationNotes/button_filterOpen' is clicked on

2021-01-06 09:38:25 - [MESSAGE][PASSED] - Object: 'Object Repository/Page_tCC translationNotes/button_filterOpen' is clicked on

2021-01-06 09:38:25 - [TEST_STEP][PASSED] - delay(1): Delayed 1 second(s)

2021-01-06 09:38:26 - [MESSAGE][PASSED] - Delayed 1 second(s)

2021-01-06 09:38:26 - [TEST_STEP][PASSED] - click(findTestObject("Page_tCC translationNotes/list_supportRef")): Object: 'Object Repository/Page_tCC translationNotes/list_supportRef' is clicked on

2021-01-06 09:38:27 - [MESSAGE][PASSED] - Object: 'Object Repository/Page_tCC translationNotes/list_supportRef' is clicked on

2021-01-06 09:38:27 - [TEST_STEP][PASSED] - click(findTestObject("Page_tCC translationNotes/filter_SupportRef_Parmed", ["supportRef":ref])): Object: 'Object Repository/Page_tCC translationNotes/filter_SupportRef_Parmed' is clicked on

2021-01-06 09:38:28 - [MESSAGE][PASSED] - Object: 'Object Repository/Page_tCC translationNotes/filter_SupportRef_Parmed' is clicked on

2021-01-06 09:38:28 - [TEST_STEP][PASSED] - refText = getText(findTestObject("Object Repository/Page_tCC translationNotes/para_firstSupportRef")): Text of object 'Object Repository/Page_tCC translationNotes/para_firstSupportRef' is: 'figs-personification'

2021-01-06 09:38:29 - [MESSAGE][PASSED] - Text of object 'Object Repository/Page_tCC translationNotes/para_firstSupportRef' is: 'figs-personification'

2021-01-06 09:38:29 - [TEST_STEP][PASSED] - if (refText != myRef): null

2021-01-06 09:38:29 - [TEST_STEP][PASSED] - else: null

2021-01-06 09:38:29 - [TEST_STEP][PASSED] - println("SupportReference " + myRef + " was found"): null

2021-01-06 09:38:29 - [TEST_STEP][PASSED] - click(findTestObject("Page_tCC translationNotes/button_filterClose")): Object: 'Object Repository/Page_tCC translationNotes/button_filterClose' is clicked on

2021-01-06 09:38:29 - [MESSAGE][PASSED] - Object: 'Object Repository/Page_tCC translationNotes/button_filterClose' is clicked on

2021-01-06 09:38:29 - [TEST_STEP][PASSED] - scrollToPosition(0, 0): Browser is scrolled to position x = 0, y = 0

2021-01-06 09:38:29 - [MESSAGE][PASSED] - Browser is scrolled to position x = 0, y = 0

2021-01-06 09:38:29 - [TEST_STEP][PASSED] - if (ref != "All"): Object: 'Object Repository/Page_tCC translationNotes/badge_Filter_Parmed' is clicked on

2021-01-06 09:38:29 - [TEST_STEP][PASSED] - click(findTestObject("Page_tCC translationNotes/badge_Filter_Parmed", ["badgeText":badge])): Object: 'Object Repository/Page_tCC translationNotes/badge_Filter_Parmed' is clicked on

2021-01-06 09:38:31 - [MESSAGE][PASSED] - Object: 'Object Repository/Page_tCC translationNotes/badge_Filter_Parmed' is clicked on

2021-01-06 09:38:31 - [TEST_STEP][PASSED] - firstRef = "empty": null

2021-01-06 09:38:31 - [TEST_STEP][PASSED] - refText = getText(findTestObject("Object Repository/Page_tCC translationNotes/para_firstSupportRef")): Text of object 'Object Repository/Page_tCC translationNotes/para_firstSupportRef' is: 'empty'

2021-01-06 09:38:32 - [MESSAGE][PASSED] - Text of object 'Object Repository/Page_tCC translationNotes/para_firstSupportRef' is: 'empty'

2021-01-06 09:38:32 - [TEST_STEP][PASSED] - if (refText != firstRef): null

2021-01-06 09:38:32 - [TEST_STEP][PASSED] - else: null

2021-01-06 09:38:32 - [TEST_STEP][PASSED] - println("The first SupportReference " + refText + " was found"): null

2021-01-06 09:38:32 - [TEST_STEP][PASSED] - delay(1): Delayed 1 second(s)

2021-01-06 09:38:33 - [MESSAGE][PASSED] - Delayed 1 second(s)

2021-01-06 09:38:33 - [TEST_STEP][PASSED] - delay(2): Delayed 2 second(s)

2021-01-06 09:38:35 - [MESSAGE][PASSED] - Delayed 2 second(s)

2021-01-06 09:38:35 - [TEST_STEP][PASSED] - scriptRunning = false: null

2021-01-06 09:38:35 - [TEST_STEP][PASSED] - closeBrowser(): Browser is closed

2021-01-06 09:38:37 - [MESSAGE][PASSED] - Browser is closed

2021-01-06 09:38:37 - [TEST_STEP][PASSED] - Start listener action : sampleAfterTestCase: null

2021-01-06 09:38:37 - [TEST_STEP][PASSED] - suite = false: null

2021-01-06 09:38:37 - [TEST_STEP][PASSED] - fileName = testSuiteLogFile: null

2021-01-06 09:38:37 - [TEST_STEP][PASSED] - if (fileName.length() > 1): null

2021-01-06 09:38:37 - [TEST_STEP][PASSED] - suite = true: null

2021-01-06 09:38:37 - [TEST_STEP][PASSED] - println("test case teardown in suite"): null

2021-01-06 09:38:37 - [TEST_STEP][PASSED] - println("log file is at " + fileName): null

2021-01-06 09:38:37 - [TEST_STEP][PASSED] - browser = unfoldingWord_Keywords.GetTestingConfig.getBrowserAndVersion(): unfoldingWord_Keywords.GetTestingConfig.getBrowserAndVersion is PASSED

2021-01-06 09:38:37 - [MESSAGE][PASSED] - unfoldingWord_Keywords.GetTestingConfig.getBrowserAndVersion is PASSED

2021-01-06 09:38:37 - [TEST_STEP][PASSED] - separator = "===================================================================================================================================================": null

2021-01-06 09:38:37 - [TEST_STEP][PASSED] - msg = separator: null

2021-01-06 09:38:37 - [TEST_STEP][PASSED] - println(msg): null

2021-01-06 09:38:37 - [TEST_STEP][PASSED] - if (suite): null

2021-01-06 09:38:37 - [TEST_STEP][PASSED] - oFile = new java.io.File(fileName): null

2021-01-06 09:38:37 - [TEST_STEP][PASSED] - oFile.append(msg + "
"): null

2021-01-06 09:38:37 - [TEST_STEP][PASSED] - prefix = " +++++++++++ ": null

2021-01-06 09:38:37 - [TEST_STEP][PASSED] - testCaseStatus = testCaseContext.getTestCaseStatus(): null

2021-01-06 09:38:37 - [TEST_STEP][PASSED] - if (scriptRunning): null

2021-01-06 09:38:37 - [TEST_STEP][PASSED] - if (testCaseStatus != "PASSED"): null

2021-01-06 09:38:37 - [TEST_STEP][PASSED] - msg = prefix + testCaseContext.getTestCaseId() + " on " + version + " running on " + browser + " " + testCaseStatus + prefix: null

2021-01-06 09:38:37 - [TEST_STEP][PASSED] - println(msg): null

2021-01-06 09:38:37 - [TEST_STEP][PASSED] - if (suite): null

2021-01-06 09:38:37 - [TEST_STEP][PASSED] - oFile = new java.io.File(fileName): null

2021-01-06 09:38:37 - [TEST_STEP][PASSED] - oFile.append(msg + "
"): null

2021-01-06 09:38:37 - [TEST_STEP][PASSED] - tsMessages.add("##" + testCaseContext.getTestCaseId()): null

2021-01-06 09:38:37 - [TEST_STEP][PASSED] - if (scriptRunning): null

2021-01-06 09:38:37 - [TEST_STEP][PASSED] - if (tcMessages.size() > 0): null

2021-01-06 09:38:37 - [TEST_STEP][PASSED] - if (scriptRunning && 1 == 2): null

2021-01-06 09:38:37 - [TEST_STEP][PASSED] - if (testCount > 0): null

2021-01-06 09:38:37 - [TEST_STEP][PASSED] - msg = separator: null

2021-01-06 09:38:37 - [TEST_STEP][PASSED] - println(msg): null

2021-01-06 09:38:37 - [TEST_STEP][PASSED] - if (suite): null

2021-01-06 09:38:37 - [TEST_STEP][PASSED] - oFile = new java.io.File(fileName): null

2021-01-06 09:38:37 - [TEST_STEP][PASSED] - oFile.append(msg + "

"): null

2021-01-06 09:38:39 - [TEST_STEP][PASSED] - Video: Video recording for test case 'Test Cases/tCC Test Cases/tCC tN Test Filters' .

2021-01-06 09:38:39 - [MESSAGE][INFO] - Video recording for test case 'Test Cases/tCC Test Cases/tCC tN Test Filters' .]]></system-out>
         <system-err><![CDATA[]]></system-err>
      </testcase>
      <testcase name="Test Cases/tCC Test Cases/TCC tN Test Moving Rows" time="110.836" classname="Test Cases/tCC Test Cases/TCC tN Test Moving Rows" status="PASSED">
         <system-out><![CDATA[2021-01-06 09:38:39 - [TEST_CASE][PASSED] - Test Cases/tCC Test Cases/TCC tN Test Moving Rows: Test Cases/tCC Test Cases/TCC tN Test Moving Rows

2021-01-06 09:38:39 - [TEST_STEP][PASSED] - Start listener action : sampleBeforeTestCase: null

2021-01-06 09:38:39 - [TEST_STEP][PASSED] - println("setup start"): null

2021-01-06 09:38:39 - [TEST_STEP][PASSED] - tcMessages = []: null

2021-01-06 09:38:39 - [TEST_STEP][PASSED] - executionProfile = getExecutionProfile(): null

2021-01-06 09:38:39 - [TEST_STEP][PASSED] - logInfo("Execution profile is " + executionProfile): Execution profile is tCC Develop

2021-01-06 09:38:39 - [MESSAGE][INFO] - Execution profile is tCC Develop

2021-01-06 09:38:39 - [TEST_STEP][PASSED] - if (systemOS == "" || systemOS == null): null

2021-01-06 09:38:39 - [TEST_STEP][PASSED] - if (pcUser == "" || pcUser == null): null

2021-01-06 09:38:39 - [TEST_STEP][PASSED] - scriptRunning = true: null

2021-01-06 09:38:39 - [TEST_STEP][PASSED] - println("setup success"): null

2021-01-06 09:38:40 - [TEST_STEP][PASSED] - callTestCase(findTestCase("tCC Components/tCC tN Open For Edit"), [:], STOP_ON_FAILURE): Call Test Case 'Test Cases/tCC Components/tCC tN Open For Edit' successfully

2021-01-06 09:38:40 - [TEST_CASE][PASSED] - Test Cases/tCC Components/tCC tN Open For Edit: Test Cases/tCC Components/tCC tN Open For Edit

2021-01-06 09:38:40 - [TEST_STEP][PASSED] - callTestCase(findTestCase("tCC Components/tCC Login"), ["user":$username, "password":$password, "newSession":true], STOP_ON_FAILURE): Call Test Case 'Test Cases/tCC Components/tCC Login' successfully

2021-01-06 09:38:40 - [TEST_CASE][PASSED] - Test Cases/tCC Components/tCC Login: Test Cases/tCC Components/tCC Login

2021-01-06 09:38:40 - [TEST_STEP][PASSED] - if (newSession): null

2021-01-06 09:38:40 - [TEST_STEP][PASSED] - if (openBrowser): Current window maximized

2021-01-06 09:38:40 - [TEST_STEP][PASSED] - openBrowser(""): Browser is opened with url: ''

2021-01-06 09:38:40 - [MESSAGE][INFO] - Starting 'Chrome' driver

2021-01-06 09:38:40 - [MESSAGE][INFO] - Action delay is set to 0 milliseconds

2021-01-06 09:38:45 - [MESSAGE][PASSED] - Browser is opened with url: ''

2021-01-06 09:38:45 - [TEST_STEP][PASSED] - maximizeWindow(): Current window maximized

2021-01-06 09:38:46 - [MESSAGE][PASSED] - Current window maximized

2021-01-06 09:38:46 - [TEST_STEP][PASSED] - println("Opening " + url): null

2021-01-06 09:38:46 - [TEST_STEP][PASSED] - navigateToUrl(url): Navigate to 'https://develop--tc-create-app.netlify.app/' successfully

2021-01-06 09:38:53 - [MESSAGE][PASSED] - Navigate to 'https://develop--tc-create-app.netlify.app/' successfully

2021-01-06 09:38:53 - [TEST_STEP][PASSED] - waitForElementVisible(findTestObject("Page_tC Create/text_tCCVersion"), 30): Object 'Object Repository/Page_tC Create/text_tCCVersion' is visible

2021-01-06 09:38:53 - [MESSAGE][PASSED] - Object 'Object Repository/Page_tC Create/text_tCCVersion' is visible

2021-01-06 09:38:53 - [TEST_STEP][PASSED] - version = getText(findTestObject("Page_tC Create/text_tCCVersion")): Text of object 'Object Repository/Page_tC Create/text_tCCVersion' is: 'translationCore Create - v1.1.0-rc.3'

2021-01-06 09:38:54 - [MESSAGE][PASSED] - Text of object 'Object Repository/Page_tC Create/text_tCCVersion' is: 'translationCore Create - v1.1.0-rc.3'

2021-01-06 09:38:54 - [TEST_STEP][PASSED] - version = version: null

2021-01-06 09:38:54 - [TEST_STEP][PASSED] - println("Version is " + version): null

2021-01-06 09:38:54 - [TEST_STEP][PASSED] - if (user == ""): null

2021-01-06 09:38:54 - [TEST_STEP][PASSED] - println("Logging in as " + user1Name): null

2021-01-06 09:38:54 - [TEST_STEP][PASSED] - setText(findTestObject("Page_tC Create/input__username"), user1Name): Text 'tc01' is set on object 'Object Repository/Page_tC Create/input__username'

2021-01-06 09:38:55 - [MESSAGE][PASSED] - Text 'tc01' is set on object 'Object Repository/Page_tC Create/input__username'

2021-01-06 09:38:55 - [TEST_STEP][PASSED] - setText(findTestObject("Page_tC Create/input__password"), user1Password): Text 'tc01' is set on object 'Object Repository/Page_tC Create/input__password'

2021-01-06 09:38:56 - [MESSAGE][PASSED] - Text 'tc01' is set on object 'Object Repository/Page_tC Create/input__password'

2021-01-06 09:38:56 - [TEST_STEP][PASSED] - if (verifyElementPresent(findTestObject("Page_tC Create/button_Login"), 1, OPTIONAL)): null

2021-01-06 09:38:56 - [MESSAGE][PASSED] - Object 'Object Repository/Page_tC Create/button_Login' is present

2021-01-06 09:38:56 - [TEST_STEP][PASSED] - click(findTestObject("Page_tC Create/button_Login")): Object: 'Object Repository/Page_tC Create/button_Login' is clicked on

2021-01-06 09:38:57 - [MESSAGE][PASSED] - Object: 'Object Repository/Page_tC Create/button_Login' is clicked on

2021-01-06 09:39:02 - [MESSAGE][PASSED] - Call Test Case 'Test Cases/tCC Components/tCC Login' successfully

2021-01-06 09:39:02 - [TEST_STEP][PASSED] - if (callTestCase(findTestCase("tCC Components/tCC Select Org-Lang-Resource"), ["organization":"", "language":"", "resource":"unfoldingWord/en_tn"], STOP_ON_FAILURE) == false): Call Test Case 'Test Cases/tCC Components/tCC Select Org-Lang-Resource' successfully

2021-01-06 09:39:02 - [TEST_CASE][PASSED] - Test Cases/tCC Components/tCC Select Org-Lang-Resource: Test Cases/tCC Components/tCC Select Org-Lang-Resource

2021-01-06 09:39:02 - [TEST_STEP][PASSED] - if (organization == ""): null

2021-01-06 09:39:02 - [TEST_STEP][PASSED] - organization = organization: null

2021-01-06 09:39:02 - [TEST_STEP][PASSED] - if (language == ""): null

2021-01-06 09:39:02 - [TEST_STEP][PASSED] - language = langCode: null

2021-01-06 09:39:02 - [TEST_STEP][PASSED] - println("Choosing organization " + organization): null

2021-01-06 09:39:02 - [TEST_STEP][PASSED] - if (waitForElementPresent(organization, 5, OPTIONAL) == false): Object 'Object Repository/Page_tC Create/listOrg_translate_test' is present

2021-01-06 09:39:02 - [MESSAGE][PASSED] - Object 'Object Repository/Page_tC Create/listOrg_translate_test' is present

2021-01-06 09:39:02 - [TEST_STEP][PASSED] - else: null

2021-01-06 09:39:02 - [TEST_STEP][PASSED] - click(organization): Object: 'Object Repository/Page_tC Create/listOrg_translate_test' is clicked on

2021-01-06 09:39:02 - [MESSAGE][PASSED] - Object: 'Object Repository/Page_tC Create/listOrg_translate_test' is clicked on

2021-01-06 09:39:02 - [TEST_STEP][PASSED] - alerted = waitForAlert(2): No alert found after 2 second(s).

2021-01-06 09:39:05 - [MESSAGE][WARNING] - No alert found after 2 second(s).

2021-01-06 09:39:05 - [TEST_STEP][PASSED] - if (alerted == true): null

2021-01-06 09:39:05 - [TEST_STEP][PASSED] - else: Object: 'Object Repository/Page_tC Create/listOption_Language_Parmed' is clicked on

2021-01-06 09:39:05 - [TEST_STEP][PASSED] - println("Not alerted on organization"): null

2021-01-06 09:39:05 - [TEST_STEP][PASSED] - alertFlag = false: null

2021-01-06 09:39:05 - [TEST_STEP][PASSED] - println("Choosing resource " + resource): null

2021-01-06 09:39:05 - [TEST_STEP][PASSED] - click(findTestObject("Page_tC Create/resource_Parmed", ["resource":resource])): Object: 'Object Repository/Page_tC Create/resource_Parmed' is clicked on

2021-01-06 09:39:05 - [MESSAGE][PASSED] - Object: 'Object Repository/Page_tC Create/resource_Parmed' is clicked on

2021-01-06 09:39:05 - [TEST_STEP][PASSED] - println("Choosing language " + language): null

2021-01-06 09:39:05 - [TEST_STEP][PASSED] - click(findTestObject("Page_tC Create/combo_Select Language")): Object: 'Object Repository/Page_tC Create/combo_Select Language' is clicked on

2021-01-06 09:39:06 - [MESSAGE][PASSED] - Object: 'Object Repository/Page_tC Create/combo_Select Language' is clicked on

2021-01-06 09:39:06 - [TEST_STEP][PASSED] - click(findTestObject("Page_tC Create/listOption_Language_Parmed", ["lang_code":language])): Object: 'Object Repository/Page_tC Create/listOption_Language_Parmed' is clicked on

2021-01-06 09:39:07 - [MESSAGE][PASSED] - Object: 'Object Repository/Page_tC Create/listOption_Language_Parmed' is clicked on

2021-01-06 09:39:07 - [TEST_STEP][PASSED] - return true: null

2021-01-06 09:39:12 - [MESSAGE][PASSED] - Call Test Case 'Test Cases/tCC Components/tCC Select Org-Lang-Resource' successfully

2021-01-06 09:39:12 - [TEST_STEP][PASSED] - try: null

2021-01-06 09:39:12 - [TEST_STEP][PASSED] - myFile = file: null

2021-01-06 09:39:12 - [TEST_STEP][PASSED] - catch (Exception e): Object: 'Object Repository/Page_tC Create/file_Parmed' is clicked on

2021-01-06 09:39:12 - [TEST_STEP][PASSED] - click(findTestObject("Page_tC Create/file_Parmed", ["fileName":tNFile])): Object: 'Object Repository/Page_tC Create/file_Parmed' is clicked on

2021-01-06 09:39:12 - [MESSAGE][PASSED] - Object: 'Object Repository/Page_tC Create/file_Parmed' is clicked on

2021-01-06 09:39:18 - [MESSAGE][PASSED] - Call Test Case 'Test Cases/tCC Components/tCC tN Open For Edit' successfully

2021-01-06 09:39:18 - [TEST_STEP][PASSED] - delay(1): Delayed 1 second(s)

2021-01-06 09:39:19 - [MESSAGE][PASSED] - Delayed 1 second(s)

2021-01-06 09:39:19 - [TEST_STEP][PASSED] - click(findTestObject("Page_tCC translationNotes/button_ViewColumns")): Object: 'Object Repository/Page_tCC translationNotes/button_ViewColumns' is clicked on

2021-01-06 09:39:19 - [MESSAGE][PASSED] - Object: 'Object Repository/Page_tCC translationNotes/button_ViewColumns' is clicked on

2021-01-06 09:39:19 - [TEST_STEP][PASSED] - click(findTestObject("Page_tCC translationNotes/columns_Parmed", ["column":"ID"])): Object: 'Object Repository/Page_tCC translationNotes/columns_Parmed' is clicked on

2021-01-06 09:39:21 - [MESSAGE][PASSED] - Object: 'Object Repository/Page_tCC translationNotes/columns_Parmed' is clicked on

2021-01-06 09:39:21 - [TEST_STEP][PASSED] - click(findTestObject("Page_tCC translationNotes/btnX_CloseColumns")): Object: 'Object Repository/Page_tCC translationNotes/btnX_CloseColumns' is clicked on

2021-01-06 09:39:22 - [MESSAGE][PASSED] - Object: 'Object Repository/Page_tCC translationNotes/btnX_CloseColumns' is clicked on

2021-01-06 09:39:22 - [TEST_STEP][PASSED] - rtc9Text = getText(findTestObject("Page_tCC translationNotes/p_IdRow2")): Text of object 'Object Repository/Page_tCC translationNotes/p_IdRow2' is: 'rtc9'

2021-01-06 09:39:23 - [MESSAGE][PASSED] - Text of object 'Object Repository/Page_tCC translationNotes/p_IdRow2' is: 'rtc9'

2021-01-06 09:39:23 - [TEST_STEP][PASSED] - xyz8Text = getText(findTestObject("Page_tCC translationNotes/p_IdRow3")): Text of object 'Object Repository/Page_tCC translationNotes/p_IdRow3' is: 'xyz8'

2021-01-06 09:39:23 - [MESSAGE][PASSED] - Text of object 'Object Repository/Page_tCC translationNotes/p_IdRow3' is: 'xyz8'

2021-01-06 09:39:23 - [TEST_STEP][PASSED] - if (rtc9Text != "rtc9" || xyz8Text != "xyz8"): null

2021-01-06 09:39:23 - [TEST_STEP][PASSED] - else: null

2021-01-06 09:39:23 - [TEST_STEP][PASSED] - println("Rows are in expected order when project is opened"): null

2021-01-06 09:39:23 - [TEST_STEP][PASSED] - scrollToElement(findTestObject("Page_tCC translationNotes/button_MoveRow_xyz8Up"), 1): Scroll to object 'Object Repository/Page_tCC translationNotes/button_MoveRow_xyz8Up' successfully

2021-01-06 09:39:23 - [MESSAGE][PASSED] - Scroll to object 'Object Repository/Page_tCC translationNotes/button_MoveRow_xyz8Up' successfully

2021-01-06 09:39:23 - [TEST_STEP][PASSED] - click(findTestObject("Page_tCC translationNotes/button_MoveRow_xyz8Up")): Object: 'Object Repository/Page_tCC translationNotes/button_MoveRow_xyz8Up' is clicked on

2021-01-06 09:39:25 - [MESSAGE][PASSED] - Object: 'Object Repository/Page_tCC translationNotes/button_MoveRow_xyz8Up' is clicked on

2021-01-06 09:39:25 - [TEST_STEP][PASSED] - rtc9Text = getText(findTestObject("Page_tCC translationNotes/p_IdRow2")): Text of object 'Object Repository/Page_tCC translationNotes/p_IdRow2' is: 'xyz8'

2021-01-06 09:39:25 - [MESSAGE][PASSED] - Text of object 'Object Repository/Page_tCC translationNotes/p_IdRow2' is: 'xyz8'

2021-01-06 09:39:25 - [TEST_STEP][PASSED] - xyz8Text = getText(findTestObject("Page_tCC translationNotes/p_IdRow3")): Text of object 'Object Repository/Page_tCC translationNotes/p_IdRow3' is: 'rtc9'

2021-01-06 09:39:26 - [MESSAGE][PASSED] - Text of object 'Object Repository/Page_tCC translationNotes/p_IdRow3' is: 'rtc9'

2021-01-06 09:39:26 - [TEST_STEP][PASSED] - if (rtc9Text != "xyz8" || xyz8Text != "rtc9"): null

2021-01-06 09:39:26 - [TEST_STEP][PASSED] - else: null

2021-01-06 09:39:26 - [TEST_STEP][PASSED] - println("Rows appear to have been moved as expected"): null

2021-01-06 09:39:26 - [TEST_STEP][PASSED] - delay(1): Delayed 1 second(s)

2021-01-06 09:39:27 - [MESSAGE][PASSED] - Delayed 1 second(s)

2021-01-06 09:39:27 - [TEST_STEP][PASSED] - scrollToPosition(0, 2800): Browser is scrolled to position x = 0, y = 2800

2021-01-06 09:39:27 - [MESSAGE][PASSED] - Browser is scrolled to position x = 0, y = 2800

2021-01-06 09:39:27 - [TEST_STEP][PASSED] - delay(1): Delayed 1 second(s)

2021-01-06 09:39:28 - [MESSAGE][PASSED] - Delayed 1 second(s)

2021-01-06 09:39:28 - [TEST_STEP][PASSED] - click(findTestObject("Page_tCC translationNotes/button_MoveRow_xyz8Down")): Object: 'Object Repository/Page_tCC translationNotes/button_MoveRow_xyz8Down' is clicked on

2021-01-06 09:39:29 - [MESSAGE][PASSED] - Object: 'Object Repository/Page_tCC translationNotes/button_MoveRow_xyz8Down' is clicked on

2021-01-06 09:39:29 - [TEST_STEP][PASSED] - rtc9Text = getText(findTestObject("Page_tCC translationNotes/p_IdRow2")): Text of object 'Object Repository/Page_tCC translationNotes/p_IdRow2' is: 'rtc9'

2021-01-06 09:39:29 - [MESSAGE][PASSED] - Text of object 'Object Repository/Page_tCC translationNotes/p_IdRow2' is: 'rtc9'

2021-01-06 09:39:29 - [TEST_STEP][PASSED] - xyz8Text = getText(findTestObject("Page_tCC translationNotes/p_IdRow3")): Text of object 'Object Repository/Page_tCC translationNotes/p_IdRow3' is: 'xyz8'

2021-01-06 09:39:30 - [MESSAGE][PASSED] - Text of object 'Object Repository/Page_tCC translationNotes/p_IdRow3' is: 'xyz8'

2021-01-06 09:39:30 - [TEST_STEP][PASSED] - if (rtc9Text != "rtc9" || xyz8Text != "xyz8"): null

2021-01-06 09:39:30 - [TEST_STEP][PASSED] - else: null

2021-01-06 09:39:30 - [TEST_STEP][PASSED] - println("Rows were returned to their original positions"): null

2021-01-06 09:39:30 - [TEST_STEP][PASSED] - scrollToElement(findTestObject("Page_tCC translationNotes/button_MoveRow_xyz8Up"), 1): Scroll to object 'Object Repository/Page_tCC translationNotes/button_MoveRow_xyz8Up' successfully

2021-01-06 09:39:30 - [MESSAGE][PASSED] - Scroll to object 'Object Repository/Page_tCC translationNotes/button_MoveRow_xyz8Up' successfully

2021-01-06 09:39:30 - [TEST_STEP][PASSED] - click(findTestObject("Page_tCC translationNotes/button_MoveRow_xyz8Up")): Object: 'Object Repository/Page_tCC translationNotes/button_MoveRow_xyz8Up' is clicked on

2021-01-06 09:39:31 - [MESSAGE][PASSED] - Object: 'Object Repository/Page_tCC translationNotes/button_MoveRow_xyz8Up' is clicked on

2021-01-06 09:39:31 - [TEST_STEP][PASSED] - click(findTestObject("Page_tCC translationNotes/button_SaveEnabled - xPath")): Object: 'Object Repository/Page_tCC translationNotes/button_SaveEnabled - xPath' is clicked on

2021-01-06 09:39:32 - [MESSAGE][PASSED] - Object: 'Object Repository/Page_tCC translationNotes/button_SaveEnabled - xPath' is clicked on

2021-01-06 09:39:32 - [TEST_STEP][PASSED] - delay(1): Delayed 1 second(s)

2021-01-06 09:39:33 - [MESSAGE][PASSED] - Delayed 1 second(s)

2021-01-06 09:39:33 - [TEST_STEP][PASSED] - closeBrowser(): Browser is closed

2021-01-06 09:39:34 - [MESSAGE][PASSED] - Browser is closed

2021-01-06 09:39:34 - [TEST_STEP][PASSED] - callTestCase(findTestCase("tCC Components/tCC tN Open For Edit"), [:], STOP_ON_FAILURE): Call Test Case 'Test Cases/tCC Components/tCC tN Open For Edit' successfully

2021-01-06 09:39:34 - [TEST_CASE][PASSED] - Test Cases/tCC Components/tCC tN Open For Edit: Test Cases/tCC Components/tCC tN Open For Edit

2021-01-06 09:39:35 - [TEST_STEP][PASSED] - callTestCase(findTestCase("tCC Components/tCC Login"), ["user":$username, "password":$password, "newSession":true], STOP_ON_FAILURE): Call Test Case 'Test Cases/tCC Components/tCC Login' successfully

2021-01-06 09:39:35 - [TEST_CASE][PASSED] - Test Cases/tCC Components/tCC Login: Test Cases/tCC Components/tCC Login

2021-01-06 09:39:35 - [TEST_STEP][PASSED] - if (newSession): null

2021-01-06 09:39:35 - [TEST_STEP][PASSED] - if (openBrowser): Current window maximized

2021-01-06 09:39:35 - [TEST_STEP][PASSED] - openBrowser(""): Browser is opened with url: ''

2021-01-06 09:39:35 - [MESSAGE][INFO] - Starting 'Chrome' driver

2021-01-06 09:39:35 - [MESSAGE][INFO] - Action delay is set to 0 milliseconds

2021-01-06 09:39:42 - [MESSAGE][PASSED] - Browser is opened with url: ''

2021-01-06 09:39:42 - [TEST_STEP][PASSED] - maximizeWindow(): Current window maximized

2021-01-06 09:39:42 - [MESSAGE][PASSED] - Current window maximized

2021-01-06 09:39:42 - [TEST_STEP][PASSED] - println("Opening " + url): null

2021-01-06 09:39:42 - [TEST_STEP][PASSED] - navigateToUrl(url): Navigate to 'https://develop--tc-create-app.netlify.app/' successfully

2021-01-06 09:39:52 - [MESSAGE][PASSED] - Navigate to 'https://develop--tc-create-app.netlify.app/' successfully

2021-01-06 09:39:52 - [TEST_STEP][PASSED] - waitForElementVisible(findTestObject("Page_tC Create/text_tCCVersion"), 30): Object 'Object Repository/Page_tC Create/text_tCCVersion' is visible

2021-01-06 09:39:53 - [MESSAGE][PASSED] - Object 'Object Repository/Page_tC Create/text_tCCVersion' is visible

2021-01-06 09:39:53 - [TEST_STEP][PASSED] - version = getText(findTestObject("Page_tC Create/text_tCCVersion")): Text of object 'Object Repository/Page_tC Create/text_tCCVersion' is: 'translationCore Create - v1.1.0-rc.3'

2021-01-06 09:39:53 - [MESSAGE][PASSED] - Text of object 'Object Repository/Page_tC Create/text_tCCVersion' is: 'translationCore Create - v1.1.0-rc.3'

2021-01-06 09:39:53 - [TEST_STEP][PASSED] - version = version: null

2021-01-06 09:39:53 - [TEST_STEP][PASSED] - println("Version is " + version): null

2021-01-06 09:39:53 - [TEST_STEP][PASSED] - if (user == ""): null

2021-01-06 09:39:53 - [TEST_STEP][PASSED] - println("Logging in as " + user1Name): null

2021-01-06 09:39:53 - [TEST_STEP][PASSED] - setText(findTestObject("Page_tC Create/input__username"), user1Name): Text 'tc01' is set on object 'Object Repository/Page_tC Create/input__username'

2021-01-06 09:39:54 - [MESSAGE][PASSED] - Text 'tc01' is set on object 'Object Repository/Page_tC Create/input__username'

2021-01-06 09:39:54 - [TEST_STEP][PASSED] - setText(findTestObject("Page_tC Create/input__password"), user1Password): Text 'tc01' is set on object 'Object Repository/Page_tC Create/input__password'

2021-01-06 09:39:55 - [MESSAGE][PASSED] - Text 'tc01' is set on object 'Object Repository/Page_tC Create/input__password'

2021-01-06 09:39:55 - [TEST_STEP][PASSED] - if (verifyElementPresent(findTestObject("Page_tC Create/button_Login"), 1, OPTIONAL)): null

2021-01-06 09:39:56 - [MESSAGE][PASSED] - Object 'Object Repository/Page_tC Create/button_Login' is present

2021-01-06 09:39:56 - [TEST_STEP][PASSED] - click(findTestObject("Page_tC Create/button_Login")): Object: 'Object Repository/Page_tC Create/button_Login' is clicked on

2021-01-06 09:39:56 - [MESSAGE][PASSED] - Object: 'Object Repository/Page_tC Create/button_Login' is clicked on

2021-01-06 09:40:01 - [MESSAGE][PASSED] - Call Test Case 'Test Cases/tCC Components/tCC Login' successfully

2021-01-06 09:40:01 - [TEST_STEP][PASSED] - if (callTestCase(findTestCase("tCC Components/tCC Select Org-Lang-Resource"), ["organization":"", "language":"", "resource":"unfoldingWord/en_tn"], STOP_ON_FAILURE) == false): Call Test Case 'Test Cases/tCC Components/tCC Select Org-Lang-Resource' successfully

2021-01-06 09:40:02 - [TEST_CASE][PASSED] - Test Cases/tCC Components/tCC Select Org-Lang-Resource: Test Cases/tCC Components/tCC Select Org-Lang-Resource

2021-01-06 09:40:02 - [TEST_STEP][PASSED] - if (organization == ""): null

2021-01-06 09:40:02 - [TEST_STEP][PASSED] - organization = organization: null

2021-01-06 09:40:02 - [TEST_STEP][PASSED] - if (language == ""): null

2021-01-06 09:40:02 - [TEST_STEP][PASSED] - language = langCode: null

2021-01-06 09:40:02 - [TEST_STEP][PASSED] - println("Choosing organization " + organization): null

2021-01-06 09:40:02 - [TEST_STEP][PASSED] - if (waitForElementPresent(organization, 5, OPTIONAL) == false): Object 'Object Repository/Page_tC Create/listOrg_translate_test' is present

2021-01-06 09:40:02 - [MESSAGE][PASSED] - Object 'Object Repository/Page_tC Create/listOrg_translate_test' is present

2021-01-06 09:40:02 - [TEST_STEP][PASSED] - else: null

2021-01-06 09:40:02 - [TEST_STEP][PASSED] - click(organization): Object: 'Object Repository/Page_tC Create/listOrg_translate_test' is clicked on

2021-01-06 09:40:02 - [MESSAGE][PASSED] - Object: 'Object Repository/Page_tC Create/listOrg_translate_test' is clicked on

2021-01-06 09:40:02 - [TEST_STEP][PASSED] - alerted = waitForAlert(2): No alert found after 2 second(s).

2021-01-06 09:40:04 - [MESSAGE][WARNING] - No alert found after 2 second(s).

2021-01-06 09:40:04 - [TEST_STEP][PASSED] - if (alerted == true): null

2021-01-06 09:40:04 - [TEST_STEP][PASSED] - else: Object: 'Object Repository/Page_tC Create/listOption_Language_Parmed' is clicked on

2021-01-06 09:40:04 - [TEST_STEP][PASSED] - println("Not alerted on organization"): null

2021-01-06 09:40:04 - [TEST_STEP][PASSED] - alertFlag = false: null

2021-01-06 09:40:04 - [TEST_STEP][PASSED] - println("Choosing resource " + resource): null

2021-01-06 09:40:04 - [TEST_STEP][PASSED] - click(findTestObject("Page_tC Create/resource_Parmed", ["resource":resource])): Object: 'Object Repository/Page_tC Create/resource_Parmed' is clicked on

2021-01-06 09:40:05 - [MESSAGE][PASSED] - Object: 'Object Repository/Page_tC Create/resource_Parmed' is clicked on

2021-01-06 09:40:05 - [TEST_STEP][PASSED] - println("Choosing language " + language): null

2021-01-06 09:40:05 - [TEST_STEP][PASSED] - click(findTestObject("Page_tC Create/combo_Select Language")): Object: 'Object Repository/Page_tC Create/combo_Select Language' is clicked on

2021-01-06 09:40:06 - [MESSAGE][PASSED] - Object: 'Object Repository/Page_tC Create/combo_Select Language' is clicked on

2021-01-06 09:40:06 - [TEST_STEP][PASSED] - click(findTestObject("Page_tC Create/listOption_Language_Parmed", ["lang_code":language])): Object: 'Object Repository/Page_tC Create/listOption_Language_Parmed' is clicked on

2021-01-06 09:40:07 - [MESSAGE][PASSED] - Object: 'Object Repository/Page_tC Create/listOption_Language_Parmed' is clicked on

2021-01-06 09:40:07 - [TEST_STEP][PASSED] - return true: null

2021-01-06 09:40:12 - [MESSAGE][PASSED] - Call Test Case 'Test Cases/tCC Components/tCC Select Org-Lang-Resource' successfully

2021-01-06 09:40:12 - [TEST_STEP][PASSED] - try: null

2021-01-06 09:40:12 - [TEST_STEP][PASSED] - myFile = file: null

2021-01-06 09:40:12 - [TEST_STEP][PASSED] - catch (Exception e): Object: 'Object Repository/Page_tC Create/file_Parmed' is clicked on

2021-01-06 09:40:12 - [TEST_STEP][PASSED] - click(findTestObject("Page_tC Create/file_Parmed", ["fileName":tNFile])): Object: 'Object Repository/Page_tC Create/file_Parmed' is clicked on

2021-01-06 09:40:13 - [MESSAGE][PASSED] - Object: 'Object Repository/Page_tC Create/file_Parmed' is clicked on

2021-01-06 09:40:18 - [MESSAGE][PASSED] - Call Test Case 'Test Cases/tCC Components/tCC tN Open For Edit' successfully

2021-01-06 09:40:18 - [TEST_STEP][PASSED] - delay(1): Delayed 1 second(s)

2021-01-06 09:40:19 - [MESSAGE][PASSED] - Delayed 1 second(s)

2021-01-06 09:40:19 - [TEST_STEP][PASSED] - click(findTestObject("Page_tCC translationNotes/button_ViewColumns")): Object: 'Object Repository/Page_tCC translationNotes/button_ViewColumns' is clicked on

2021-01-06 09:40:19 - [MESSAGE][PASSED] - Object: 'Object Repository/Page_tCC translationNotes/button_ViewColumns' is clicked on

2021-01-06 09:40:19 - [TEST_STEP][PASSED] - click(findTestObject("Page_tCC translationNotes/columns_Parmed", ["column":"ID"])): Object: 'Object Repository/Page_tCC translationNotes/columns_Parmed' is clicked on

2021-01-06 09:40:20 - [MESSAGE][PASSED] - Object: 'Object Repository/Page_tCC translationNotes/columns_Parmed' is clicked on

2021-01-06 09:40:20 - [TEST_STEP][PASSED] - click(findTestObject("Page_tCC translationNotes/btnX_CloseColumns")): Object: 'Object Repository/Page_tCC translationNotes/btnX_CloseColumns' is clicked on

2021-01-06 09:40:21 - [MESSAGE][PASSED] - Object: 'Object Repository/Page_tCC translationNotes/btnX_CloseColumns' is clicked on

2021-01-06 09:40:21 - [TEST_STEP][PASSED] - rtc9Text = getText(findTestObject("Page_tCC translationNotes/p_IdRow2")): Text of object 'Object Repository/Page_tCC translationNotes/p_IdRow2' is: 'xyz8'

2021-01-06 09:40:22 - [MESSAGE][PASSED] - Text of object 'Object Repository/Page_tCC translationNotes/p_IdRow2' is: 'xyz8'

2021-01-06 09:40:22 - [TEST_STEP][PASSED] - xyz8Text = getText(findTestObject("Page_tCC translationNotes/p_IdRow3")): Text of object 'Object Repository/Page_tCC translationNotes/p_IdRow3' is: 'rtc9'

2021-01-06 09:40:22 - [MESSAGE][PASSED] - Text of object 'Object Repository/Page_tCC translationNotes/p_IdRow3' is: 'rtc9'

2021-01-06 09:40:22 - [TEST_STEP][PASSED] - if (rtc9Text != "xyz8" || xyz8Text != "rtc9"): null

2021-01-06 09:40:22 - [TEST_STEP][PASSED] - else: null

2021-01-06 09:40:22 - [TEST_STEP][PASSED] - println("Rows were moved and saved as expected"): null

2021-01-06 09:40:22 - [TEST_STEP][PASSED] - delay(1): Delayed 1 second(s)

2021-01-06 09:40:23 - [MESSAGE][PASSED] - Delayed 1 second(s)

2021-01-06 09:40:23 - [TEST_STEP][PASSED] - scrollToPosition(0, 2800): Browser is scrolled to position x = 0, y = 2800

2021-01-06 09:40:23 - [MESSAGE][PASSED] - Browser is scrolled to position x = 0, y = 2800

2021-01-06 09:40:23 - [TEST_STEP][PASSED] - click(findTestObject("Page_tCC translationNotes/button_MoveRow_xyz8Down")): Object: 'Object Repository/Page_tCC translationNotes/button_MoveRow_xyz8Down' is clicked on

2021-01-06 09:40:25 - [MESSAGE][PASSED] - Object: 'Object Repository/Page_tCC translationNotes/button_MoveRow_xyz8Down' is clicked on

2021-01-06 09:40:25 - [TEST_STEP][PASSED] - rtc9Text = getText(findTestObject("Page_tCC translationNotes/p_IdRow2")): Text of object 'Object Repository/Page_tCC translationNotes/p_IdRow2' is: 'rtc9'

2021-01-06 09:40:25 - [MESSAGE][PASSED] - Text of object 'Object Repository/Page_tCC translationNotes/p_IdRow2' is: 'rtc9'

2021-01-06 09:40:25 - [TEST_STEP][PASSED] - xyz8Text = getText(findTestObject("Page_tCC translationNotes/p_IdRow3")): Text of object 'Object Repository/Page_tCC translationNotes/p_IdRow3' is: 'xyz8'

2021-01-06 09:40:26 - [MESSAGE][PASSED] - Text of object 'Object Repository/Page_tCC translationNotes/p_IdRow3' is: 'xyz8'

2021-01-06 09:40:26 - [TEST_STEP][PASSED] - if (rtc9Text != "rtc9" || xyz8Text != "xyz8"): null

2021-01-06 09:40:26 - [TEST_STEP][PASSED] - else: null

2021-01-06 09:40:26 - [TEST_STEP][PASSED] - println("Rows have been returned to their original positions after save"): null

2021-01-06 09:40:26 - [TEST_STEP][PASSED] - click(findTestObject("Page_tCC translationNotes/button_SaveEnabled - xPath")): Object: 'Object Repository/Page_tCC translationNotes/button_SaveEnabled - xPath' is clicked on

2021-01-06 09:40:26 - [MESSAGE][PASSED] - Object: 'Object Repository/Page_tCC translationNotes/button_SaveEnabled - xPath' is clicked on

2021-01-06 09:40:26 - [TEST_STEP][PASSED] - delay(1): Delayed 1 second(s)

2021-01-06 09:40:27 - [MESSAGE][PASSED] - Delayed 1 second(s)

2021-01-06 09:40:27 - [TEST_STEP][PASSED] - scriptRunning = false: null

2021-01-06 09:40:27 - [TEST_STEP][PASSED] - closeBrowser(): Browser is closed

2021-01-06 09:40:28 - [MESSAGE][PASSED] - Browser is closed

2021-01-06 09:40:28 - [TEST_STEP][PASSED] - Start listener action : sampleAfterTestCase: null

2021-01-06 09:40:28 - [TEST_STEP][PASSED] - suite = false: null

2021-01-06 09:40:28 - [TEST_STEP][PASSED] - fileName = testSuiteLogFile: null

2021-01-06 09:40:28 - [TEST_STEP][PASSED] - if (fileName.length() > 1): null

2021-01-06 09:40:28 - [TEST_STEP][PASSED] - suite = true: null

2021-01-06 09:40:28 - [TEST_STEP][PASSED] - println("test case teardown in suite"): null

2021-01-06 09:40:28 - [TEST_STEP][PASSED] - println("log file is at " + fileName): null

2021-01-06 09:40:28 - [TEST_STEP][PASSED] - browser = unfoldingWord_Keywords.GetTestingConfig.getBrowserAndVersion(): unfoldingWord_Keywords.GetTestingConfig.getBrowserAndVersion is PASSED

2021-01-06 09:40:28 - [MESSAGE][PASSED] - unfoldingWord_Keywords.GetTestingConfig.getBrowserAndVersion is PASSED

2021-01-06 09:40:28 - [TEST_STEP][PASSED] - separator = "===================================================================================================================================================": null

2021-01-06 09:40:28 - [TEST_STEP][PASSED] - msg = separator: null

2021-01-06 09:40:28 - [TEST_STEP][PASSED] - println(msg): null

2021-01-06 09:40:28 - [TEST_STEP][PASSED] - if (suite): null

2021-01-06 09:40:28 - [TEST_STEP][PASSED] - oFile = new java.io.File(fileName): null

2021-01-06 09:40:28 - [TEST_STEP][PASSED] - oFile.append(msg + "
"): null

2021-01-06 09:40:28 - [TEST_STEP][PASSED] - prefix = " +++++++++++ ": null

2021-01-06 09:40:28 - [TEST_STEP][PASSED] - testCaseStatus = testCaseContext.getTestCaseStatus(): null

2021-01-06 09:40:28 - [TEST_STEP][PASSED] - if (scriptRunning): null

2021-01-06 09:40:28 - [TEST_STEP][PASSED] - if (testCaseStatus != "PASSED"): null

2021-01-06 09:40:28 - [TEST_STEP][PASSED] - msg = prefix + testCaseContext.getTestCaseId() + " on " + version + " running on " + browser + " " + testCaseStatus + prefix: null

2021-01-06 09:40:28 - [TEST_STEP][PASSED] - println(msg): null

2021-01-06 09:40:28 - [TEST_STEP][PASSED] - if (suite): null

2021-01-06 09:40:28 - [TEST_STEP][PASSED] - oFile = new java.io.File(fileName): null

2021-01-06 09:40:28 - [TEST_STEP][PASSED] - oFile.append(msg + "
"): null

2021-01-06 09:40:28 - [TEST_STEP][PASSED] - tsMessages.add("##" + testCaseContext.getTestCaseId()): null

2021-01-06 09:40:28 - [TEST_STEP][PASSED] - if (scriptRunning): null

2021-01-06 09:40:28 - [TEST_STEP][PASSED] - if (tcMessages.size() > 0): null

2021-01-06 09:40:28 - [TEST_STEP][PASSED] - if (scriptRunning && 1 == 2): null

2021-01-06 09:40:28 - [TEST_STEP][PASSED] - if (testCount > 0): null

2021-01-06 09:40:28 - [TEST_STEP][PASSED] - msg = separator: null

2021-01-06 09:40:28 - [TEST_STEP][PASSED] - println(msg): null

2021-01-06 09:40:28 - [TEST_STEP][PASSED] - if (suite): null

2021-01-06 09:40:28 - [TEST_STEP][PASSED] - oFile = new java.io.File(fileName): null

2021-01-06 09:40:28 - [TEST_STEP][PASSED] - oFile.append(msg + "

"): null

2021-01-06 09:40:30 - [TEST_STEP][PASSED] - Video: Video recording for test case 'Test Cases/tCC Test Cases/TCC tN Test Moving Rows' .

2021-01-06 09:40:30 - [MESSAGE][INFO] - Video recording for test case 'Test Cases/tCC Test Cases/TCC tN Test Moving Rows' .]]></system-out>
         <system-err><![CDATA[]]></system-err>
      </testcase>
      <testcase name="Test Cases/tCC Test Cases/tCC tN Test Search" time="64.374" classname="Test Cases/tCC Test Cases/tCC tN Test Search" status="PASSED">
         <system-out><![CDATA[2021-01-06 09:40:30 - [TEST_CASE][PASSED] - Test Cases/tCC Test Cases/tCC tN Test Search: Test Cases/tCC Test Cases/tCC tN Test Search

2021-01-06 09:40:31 - [TEST_STEP][PASSED] - Start listener action : sampleBeforeTestCase: null

2021-01-06 09:40:31 - [TEST_STEP][PASSED] - println("setup start"): null

2021-01-06 09:40:31 - [TEST_STEP][PASSED] - tcMessages = []: null

2021-01-06 09:40:31 - [TEST_STEP][PASSED] - executionProfile = getExecutionProfile(): null

2021-01-06 09:40:31 - [TEST_STEP][PASSED] - logInfo("Execution profile is " + executionProfile): Execution profile is tCC Develop

2021-01-06 09:40:31 - [MESSAGE][INFO] - Execution profile is tCC Develop

2021-01-06 09:40:31 - [TEST_STEP][PASSED] - if (systemOS == "" || systemOS == null): null

2021-01-06 09:40:31 - [TEST_STEP][PASSED] - if (pcUser == "" || pcUser == null): null

2021-01-06 09:40:31 - [TEST_STEP][PASSED] - scriptRunning = true: null

2021-01-06 09:40:31 - [TEST_STEP][PASSED] - println("setup success"): null

2021-01-06 09:40:31 - [TEST_STEP][PASSED] - callTestCase(findTestCase("tCC Components/tCC tN Open For Edit"), ["$username":"", "$password":"", "file":""], STOP_ON_FAILURE): Call Test Case 'Test Cases/tCC Components/tCC tN Open For Edit' successfully

2021-01-06 09:40:31 - [TEST_CASE][PASSED] - Test Cases/tCC Components/tCC tN Open For Edit: Test Cases/tCC Components/tCC tN Open For Edit

2021-01-06 09:40:31 - [TEST_STEP][PASSED] - callTestCase(findTestCase("tCC Components/tCC Login"), ["user":$username, "password":$password, "newSession":true], STOP_ON_FAILURE): Call Test Case 'Test Cases/tCC Components/tCC Login' successfully

2021-01-06 09:40:31 - [TEST_CASE][PASSED] - Test Cases/tCC Components/tCC Login: Test Cases/tCC Components/tCC Login

2021-01-06 09:40:31 - [TEST_STEP][PASSED] - if (newSession): null

2021-01-06 09:40:31 - [TEST_STEP][PASSED] - if (openBrowser): Current window maximized

2021-01-06 09:40:31 - [TEST_STEP][PASSED] - openBrowser(""): Browser is opened with url: ''

2021-01-06 09:40:31 - [MESSAGE][INFO] - Starting 'Chrome' driver

2021-01-06 09:40:31 - [MESSAGE][INFO] - Action delay is set to 0 milliseconds

2021-01-06 09:40:36 - [MESSAGE][PASSED] - Browser is opened with url: ''

2021-01-06 09:40:36 - [TEST_STEP][PASSED] - maximizeWindow(): Current window maximized

2021-01-06 09:40:36 - [MESSAGE][PASSED] - Current window maximized

2021-01-06 09:40:36 - [TEST_STEP][PASSED] - println("Opening " + url): null

2021-01-06 09:40:36 - [TEST_STEP][PASSED] - navigateToUrl(url): Navigate to 'https://develop--tc-create-app.netlify.app/' successfully

2021-01-06 09:40:45 - [MESSAGE][PASSED] - Navigate to 'https://develop--tc-create-app.netlify.app/' successfully

2021-01-06 09:40:45 - [TEST_STEP][PASSED] - waitForElementVisible(findTestObject("Page_tC Create/text_tCCVersion"), 30): Object 'Object Repository/Page_tC Create/text_tCCVersion' is visible

2021-01-06 09:40:46 - [MESSAGE][PASSED] - Object 'Object Repository/Page_tC Create/text_tCCVersion' is visible

2021-01-06 09:40:46 - [TEST_STEP][PASSED] - version = getText(findTestObject("Page_tC Create/text_tCCVersion")): Text of object 'Object Repository/Page_tC Create/text_tCCVersion' is: 'translationCore Create - v1.1.0-rc.3'

2021-01-06 09:40:47 - [MESSAGE][PASSED] - Text of object 'Object Repository/Page_tC Create/text_tCCVersion' is: 'translationCore Create - v1.1.0-rc.3'

2021-01-06 09:40:47 - [TEST_STEP][PASSED] - version = version: null

2021-01-06 09:40:47 - [TEST_STEP][PASSED] - println("Version is " + version): null

2021-01-06 09:40:47 - [TEST_STEP][PASSED] - if (user == ""): null

2021-01-06 09:40:47 - [TEST_STEP][PASSED] - println("Logging in as " + user1Name): null

2021-01-06 09:40:47 - [TEST_STEP][PASSED] - setText(findTestObject("Page_tC Create/input__username"), user1Name): Text 'tc01' is set on object 'Object Repository/Page_tC Create/input__username'

2021-01-06 09:40:48 - [MESSAGE][PASSED] - Text 'tc01' is set on object 'Object Repository/Page_tC Create/input__username'

2021-01-06 09:40:48 - [TEST_STEP][PASSED] - setText(findTestObject("Page_tC Create/input__password"), user1Password): Text 'tc01' is set on object 'Object Repository/Page_tC Create/input__password'

2021-01-06 09:40:49 - [MESSAGE][PASSED] - Text 'tc01' is set on object 'Object Repository/Page_tC Create/input__password'

2021-01-06 09:40:49 - [TEST_STEP][PASSED] - if (verifyElementPresent(findTestObject("Page_tC Create/button_Login"), 1, OPTIONAL)): null

2021-01-06 09:40:49 - [MESSAGE][PASSED] - Object 'Object Repository/Page_tC Create/button_Login' is present

2021-01-06 09:40:49 - [TEST_STEP][PASSED] - click(findTestObject("Page_tC Create/button_Login")): Object: 'Object Repository/Page_tC Create/button_Login' is clicked on

2021-01-06 09:40:50 - [MESSAGE][PASSED] - Object: 'Object Repository/Page_tC Create/button_Login' is clicked on

2021-01-06 09:40:55 - [MESSAGE][PASSED] - Call Test Case 'Test Cases/tCC Components/tCC Login' successfully

2021-01-06 09:40:55 - [TEST_STEP][PASSED] - if (callTestCase(findTestCase("tCC Components/tCC Select Org-Lang-Resource"), ["organization":"", "language":"", "resource":"unfoldingWord/en_tn"], STOP_ON_FAILURE) == false): Call Test Case 'Test Cases/tCC Components/tCC Select Org-Lang-Resource' successfully

2021-01-06 09:40:55 - [TEST_CASE][PASSED] - Test Cases/tCC Components/tCC Select Org-Lang-Resource: Test Cases/tCC Components/tCC Select Org-Lang-Resource

2021-01-06 09:40:55 - [TEST_STEP][PASSED] - if (organization == ""): null

2021-01-06 09:40:55 - [TEST_STEP][PASSED] - organization = organization: null

2021-01-06 09:40:55 - [TEST_STEP][PASSED] - if (language == ""): null

2021-01-06 09:40:55 - [TEST_STEP][PASSED] - language = langCode: null

2021-01-06 09:40:55 - [TEST_STEP][PASSED] - println("Choosing organization " + organization): null

2021-01-06 09:40:55 - [TEST_STEP][PASSED] - if (waitForElementPresent(organization, 5, OPTIONAL) == false): Object 'Object Repository/Page_tC Create/listOrg_translate_test' is present

2021-01-06 09:40:55 - [MESSAGE][PASSED] - Object 'Object Repository/Page_tC Create/listOrg_translate_test' is present

2021-01-06 09:40:55 - [TEST_STEP][PASSED] - else: null

2021-01-06 09:40:55 - [TEST_STEP][PASSED] - click(organization): Object: 'Object Repository/Page_tC Create/listOrg_translate_test' is clicked on

2021-01-06 09:40:56 - [MESSAGE][PASSED] - Object: 'Object Repository/Page_tC Create/listOrg_translate_test' is clicked on

2021-01-06 09:40:56 - [TEST_STEP][PASSED] - alerted = waitForAlert(2): No alert found after 2 second(s).

2021-01-06 09:40:58 - [MESSAGE][WARNING] - No alert found after 2 second(s).

2021-01-06 09:40:58 - [TEST_STEP][PASSED] - if (alerted == true): null

2021-01-06 09:40:58 - [TEST_STEP][PASSED] - else: Object: 'Object Repository/Page_tC Create/listOption_Language_Parmed' is clicked on

2021-01-06 09:40:58 - [TEST_STEP][PASSED] - println("Not alerted on organization"): null

2021-01-06 09:40:58 - [TEST_STEP][PASSED] - alertFlag = false: null

2021-01-06 09:40:58 - [TEST_STEP][PASSED] - println("Choosing resource " + resource): null

2021-01-06 09:40:58 - [TEST_STEP][PASSED] - click(findTestObject("Page_tC Create/resource_Parmed", ["resource":resource])): Object: 'Object Repository/Page_tC Create/resource_Parmed' is clicked on

2021-01-06 09:40:59 - [MESSAGE][PASSED] - Object: 'Object Repository/Page_tC Create/resource_Parmed' is clicked on

2021-01-06 09:40:59 - [TEST_STEP][PASSED] - println("Choosing language " + language): null

2021-01-06 09:40:59 - [TEST_STEP][PASSED] - click(findTestObject("Page_tC Create/combo_Select Language")): Object: 'Object Repository/Page_tC Create/combo_Select Language' is clicked on

2021-01-06 09:41:00 - [MESSAGE][PASSED] - Object: 'Object Repository/Page_tC Create/combo_Select Language' is clicked on

2021-01-06 09:41:00 - [TEST_STEP][PASSED] - click(findTestObject("Page_tC Create/listOption_Language_Parmed", ["lang_code":language])): Object: 'Object Repository/Page_tC Create/listOption_Language_Parmed' is clicked on

2021-01-06 09:41:00 - [MESSAGE][PASSED] - Object: 'Object Repository/Page_tC Create/listOption_Language_Parmed' is clicked on

2021-01-06 09:41:00 - [TEST_STEP][PASSED] - return true: null

2021-01-06 09:41:05 - [MESSAGE][PASSED] - Call Test Case 'Test Cases/tCC Components/tCC Select Org-Lang-Resource' successfully

2021-01-06 09:41:05 - [TEST_STEP][FAILED] - try: Unable to click on object 'Object Repository/Page_tC Create/file_Parmed' (Root cause: com.kms.katalon.core.exception.StepFailedException: Unable to click on object 'Object Repository/Page_tC Create/file_Parmed'
	at com.kms.katalon.core.webui.keyword.internal.WebUIKeywordMain.stepFailed(WebUIKeywordMain.groovy:64)
	at com.kms.katalon.core.webui.keyword.internal.WebUIKeywordMain.runKeyword(WebUIKeywordMain.groovy:26)
	at com.kms.katalon.core.webui.keyword.builtin.ClickKeyword.click(ClickKeyword.groovy:76)
	at com.kms.katalon.core.webui.keyword.builtin.ClickKeyword.execute(ClickKeyword.groovy:43)
	at com.kms.katalon.core.keyword.internal.KeywordExecutor.executeKeywordForPlatform(KeywordExecutor.groovy:73)
	at com.kms.katalon.core.webui.keyword.WebUiBuiltInKeywords.click(WebUiBuiltInKeywords.groovy:617)
	at com.kms.katalon.core.webui.keyword.WebUiBuiltInKeywords$click$6.call(Unknown Source)
	at tCC tN Open For Edit.run(tCC tN Open For Edit:46)
	at com.kms.katalon.core.main.ScriptEngine.run(ScriptEngine.java:194)
	at com.kms.katalon.core.main.ScriptEngine.runScriptAsRawText(ScriptEngine.java:119)
	at com.kms.katalon.core.main.TestCaseExecutor.runScript(TestCaseExecutor.java:393)
	at com.kms.katalon.core.main.TestCaseExecutor.doExecute(TestCaseExecutor.java:384)
	at com.kms.katalon.core.main.TestCaseExecutor.processExecutionPhase(TestCaseExecutor.java:363)
	at com.kms.katalon.core.main.TestCaseExecutor.accessMainPhase(TestCaseExecutor.java:355)
	at com.kms.katalon.core.main.TestCaseExecutor.execute(TestCaseExecutor.java:251)
	at com.kms.katalon.core.main.TestCaseMain.runTestCase(TestCaseMain.java:114)
	at com.kms.katalon.core.keyword.builtin.CallTestCaseKeyword$_callTestCase_closure1.doCall(CallTestCaseKeyword.groovy:59)
	at com.kms.katalon.core.keyword.builtin.CallTestCaseKeyword$_callTestCase_closure1.call(CallTestCaseKeyword.groovy)
	at com.kms.katalon.core.keyword.internal.KeywordMain.runKeyword(KeywordMain.groovy:68)
	at com.kms.katalon.core.keyword.builtin.CallTestCaseKeyword.callTestCase(CallTestCaseKeyword.groovy:81)
	at com.kms.katalon.core.keyword.builtin.CallTestCaseKeyword.execute(CallTestCaseKeyword.groovy:44)
	at com.kms.katalon.core.keyword.internal.KeywordExecutor.executeKeywordForPlatform(KeywordExecutor.groovy:73)
	at com.kms.katalon.core.keyword.BuiltinKeywords.callTestCase(BuiltinKeywords.groovy:334)
	at tCC tN Test Search.run(tCC tN Test Search:27)
	at com.kms.katalon.core.main.ScriptEngine.run(ScriptEngine.java:194)
	at com.kms.katalon.core.main.ScriptEngine.runScriptAsRawText(ScriptEngine.java:119)
	at com.kms.katalon.core.main.TestCaseExecutor.runScript(TestCaseExecutor.java:393)
	at com.kms.katalon.core.main.TestCaseExecutor.doExecute(TestCaseExecutor.java:384)
	at com.kms.katalon.core.main.TestCaseExecutor.processExecutionPhase(TestCaseExecutor.java:363)
	at com.kms.katalon.core.main.TestCaseExecutor.accessMainPhase(TestCaseExecutor.java:355)
	at com.kms.katalon.core.main.TestCaseExecutor.execute(TestCaseExecutor.java:251)
	at com.kms.katalon.core.main.TestSuiteExecutor.accessTestCaseMainPhase(TestSuiteExecutor.java:203)
	at com.kms.katalon.core.main.TestSuiteExecutor.accessTestSuiteMainPhase(TestSuiteExecutor.java:152)
	at com.kms.katalon.core.main.TestSuiteExecutor.execute(TestSuiteExecutor.java:95)
	at com.kms.katalon.core.main.TestCaseMain.startTestSuite(TestCaseMain.java:157)
	at com.kms.katalon.core.main.TestCaseMain$startTestSuite$0.call(Unknown Source)
	at TempTestSuite1609946231562.run(TempTestSuite1609946231562.groovy:39)
Caused by: org.openqa.selenium.ElementNotInteractableException: element not interactable
  (Session info: chrome=87.0.4280.88)
Build info: version: '3.141.59', revision: 'e82be7d358', time: '2018-11-14T08:25:53'
System info: host: 'Kozs-MacBook-Air.local', ip: 'fe80:0:0:0:c5:5944:3b35:56d9%en0', os.name: 'Mac OS X', os.arch: 'x86_64', os.version: '10.14.6', java.version: '1.8.0_181'
Driver info: com.kms.katalon.selenium.driver.CChromeDriver
Capabilities {acceptInsecureCerts: false, browserName: chrome, browserVersion: 87.0.4280.88, chrome: {chromedriverVersion: 86.0.4240.22 (398b0743353ff..., userDataDir: /var/folders/hb/hv2s0v7n1nz...}, goog:chromeOptions: {debuggerAddress: localhost:52686}, javascriptEnabled: true, networkConnectionEnabled: false, pageLoadStrategy: normal, platform: MAC, platformName: MAC, proxy: Proxy(), setWindowRect: true, strictFileInteractability: false, timeouts: {implicit: 0, pageLoad: 300000, script: 30000}, unhandledPromptBehavior: dismiss and notify, webauthn:virtualAuthenticators: true}
Session ID: 242dbc5e5450c77d1abb461d5cd73724
	at org.openqa.selenium.remote.http.W3CHttpResponseCodec.createException(W3CHttpResponseCodec.java:187)
	at org.openqa.selenium.remote.http.W3CHttpResponseCodec.decode(W3CHttpResponseCodec.java:122)
	at org.openqa.selenium.remote.http.W3CHttpResponseCodec.decode(W3CHttpResponseCodec.java:49)
	at org.openqa.selenium.remote.HttpCommandExecutor.execute(HttpCommandExecutor.java:158)
	at org.openqa.selenium.remote.service.DriverCommandExecutor.execute(DriverCommandExecutor.java:83)
	at org.openqa.selenium.remote.RemoteWebDriver.execute(RemoteWebDriver.java:552)
	at com.kms.katalon.selenium.driver.CChromeDriver.execute(CChromeDriver.java:19)
	at org.openqa.selenium.remote.RemoteWebElement.execute(RemoteWebElement.java:285)
	at org.openqa.selenium.remote.RemoteWebElement.click(RemoteWebElement.java:84)
	at org.openqa.selenium.support.events.EventFiringWebDriver$EventFiringWebElement.lambda$new$0(EventFiringWebDriver.java:404)
	at com.sun.proxy.$Proxy16.click(Unknown Source)
	at org.openqa.selenium.support.events.EventFiringWebDriver$EventFiringWebElement.click(EventFiringWebDriver.java:417)
	at com.kms.katalon.core.webui.keyword.builtin.ClickKeyword$_click_closure1.doCall(ClickKeyword.groovy:69)
	at com.kms.katalon.core.webui.keyword.builtin.ClickKeyword$_click_closure1.call(ClickKeyword.groovy)
	at com.kms.katalon.core.webui.keyword.internal.WebUIKeywordMain.runKeyword(WebUIKeywordMain.groovy:20)
	at com.kms.katalon.core.webui.keyword.builtin.ClickKeyword.click(ClickKeyword.groovy:76)
	at com.kms.katalon.core.webui.keyword.builtin.ClickKeyword.execute(ClickKeyword.groovy:43)
	at com.kms.katalon.core.keyword.internal.KeywordExecutor.executeKeywordForPlatform(KeywordExecutor.groovy:73)
	at com.kms.katalon.core.webui.keyword.WebUiBuiltInKeywords.click(WebUiBuiltInKeywords.groovy:617)
	at com.kms.katalon.core.webui.keyword.WebUiBuiltInKeywords$click$6.call(Unknown Source)
	at Script1599599262449.run(Script1599599262449.groovy:46)
	at com.kms.katalon.core.main.ScriptEngine.run(ScriptEngine.java:194)
	at com.kms.katalon.core.main.ScriptEngine.runScriptAsRawText(ScriptEngine.java:119)
	at com.kms.katalon.core.main.TestCaseExecutor.runScript(TestCaseExecutor.java:393)
	at com.kms.katalon.core.main.TestCaseExecutor.doExecute(TestCaseExecutor.java:384)
	at com.kms.katalon.core.main.TestCaseExecutor.processExecutionPhase(TestCaseExecutor.java:363)
	at com.kms.katalon.core.main.TestCaseExecutor.accessMainPhase(TestCaseExecutor.java:355)
	at com.kms.katalon.core.main.TestCaseExecutor.execute(TestCaseExecutor.java:251)
	at com.kms.katalon.core.main.TestCaseMain.runTestCase(TestCaseMain.java:114)
	at com.kms.katalon.core.keyword.builtin.CallTestCaseKeyword$_callTestCase_closure1.doCall(CallTestCaseKeyword.groovy:59)
	at com.kms.katalon.core.keyword.builtin.CallTestCaseKeyword$_callTestCase_closure1.call(CallTestCaseKeyword.groovy)
	at com.kms.katalon.core.keyword.internal.KeywordMain.runKeyword(KeywordMain.groovy:68)
	at com.kms.katalon.core.keyword.builtin.CallTestCaseKeyword.callTestCase(CallTestCaseKeyword.groovy:81)
	at com.kms.katalon.core.keyword.builtin.CallTestCaseKeyword.execute(CallTestCaseKeyword.groovy:44)
	at com.kms.katalon.core.keyword.internal.KeywordExecutor.executeKeywordForPlatform(KeywordExecutor.groovy:73)
	at com.kms.katalon.core.keyword.BuiltinKeywords.callTestCase(BuiltinKeywords.groovy:334)
	at Script1606246342822.run(Script1606246342822.groovy:27)
	... 13 more
)

2021-01-06 09:41:05 - [TEST_STEP][PASSED] - myFile = file: null

2021-01-06 09:41:05 - [TEST_STEP][FAILED] - click(findTestObject("Page_tC Create/file_Parmed", ["fileName":myFile])): Unable to click on object 'Object Repository/Page_tC Create/file_Parmed' (Root cause: com.kms.katalon.core.exception.StepFailedException: Unable to click on object 'Object Repository/Page_tC Create/file_Parmed'
	at com.kms.katalon.core.webui.keyword.internal.WebUIKeywordMain.stepFailed(WebUIKeywordMain.groovy:64)
	at com.kms.katalon.core.webui.keyword.internal.WebUIKeywordMain.runKeyword(WebUIKeywordMain.groovy:26)
	at com.kms.katalon.core.webui.keyword.builtin.ClickKeyword.click(ClickKeyword.groovy:76)
	at com.kms.katalon.core.webui.keyword.builtin.ClickKeyword.execute(ClickKeyword.groovy:43)
	at com.kms.katalon.core.keyword.internal.KeywordExecutor.executeKeywordForPlatform(KeywordExecutor.groovy:73)
	at com.kms.katalon.core.webui.keyword.WebUiBuiltInKeywords.click(WebUiBuiltInKeywords.groovy:617)
	at com.kms.katalon.core.webui.keyword.WebUiBuiltInKeywords$click$6.call(Unknown Source)
	at tCC tN Open For Edit.run(tCC tN Open For Edit:46)
	at com.kms.katalon.core.main.ScriptEngine.run(ScriptEngine.java:194)
	at com.kms.katalon.core.main.ScriptEngine.runScriptAsRawText(ScriptEngine.java:119)
	at com.kms.katalon.core.main.TestCaseExecutor.runScript(TestCaseExecutor.java:393)
	at com.kms.katalon.core.main.TestCaseExecutor.doExecute(TestCaseExecutor.java:384)
	at com.kms.katalon.core.main.TestCaseExecutor.processExecutionPhase(TestCaseExecutor.java:363)
	at com.kms.katalon.core.main.TestCaseExecutor.accessMainPhase(TestCaseExecutor.java:355)
	at com.kms.katalon.core.main.TestCaseExecutor.execute(TestCaseExecutor.java:251)
	at com.kms.katalon.core.main.TestCaseMain.runTestCase(TestCaseMain.java:114)
	at com.kms.katalon.core.keyword.builtin.CallTestCaseKeyword$_callTestCase_closure1.doCall(CallTestCaseKeyword.groovy:59)
	at com.kms.katalon.core.keyword.builtin.CallTestCaseKeyword$_callTestCase_closure1.call(CallTestCaseKeyword.groovy)
	at com.kms.katalon.core.keyword.internal.KeywordMain.runKeyword(KeywordMain.groovy:68)
	at com.kms.katalon.core.keyword.builtin.CallTestCaseKeyword.callTestCase(CallTestCaseKeyword.groovy:81)
	at com.kms.katalon.core.keyword.builtin.CallTestCaseKeyword.execute(CallTestCaseKeyword.groovy:44)
	at com.kms.katalon.core.keyword.internal.KeywordExecutor.executeKeywordForPlatform(KeywordExecutor.groovy:73)
	at com.kms.katalon.core.keyword.BuiltinKeywords.callTestCase(BuiltinKeywords.groovy:334)
	at tCC tN Test Search.run(tCC tN Test Search:27)
	at com.kms.katalon.core.main.ScriptEngine.run(ScriptEngine.java:194)
	at com.kms.katalon.core.main.ScriptEngine.runScriptAsRawText(ScriptEngine.java:119)
	at com.kms.katalon.core.main.TestCaseExecutor.runScript(TestCaseExecutor.java:393)
	at com.kms.katalon.core.main.TestCaseExecutor.doExecute(TestCaseExecutor.java:384)
	at com.kms.katalon.core.main.TestCaseExecutor.processExecutionPhase(TestCaseExecutor.java:363)
	at com.kms.katalon.core.main.TestCaseExecutor.accessMainPhase(TestCaseExecutor.java:355)
	at com.kms.katalon.core.main.TestCaseExecutor.execute(TestCaseExecutor.java:251)
	at com.kms.katalon.core.main.TestSuiteExecutor.accessTestCaseMainPhase(TestSuiteExecutor.java:203)
	at com.kms.katalon.core.main.TestSuiteExecutor.accessTestSuiteMainPhase(TestSuiteExecutor.java:152)
	at com.kms.katalon.core.main.TestSuiteExecutor.execute(TestSuiteExecutor.java:95)
	at com.kms.katalon.core.main.TestCaseMain.startTestSuite(TestCaseMain.java:157)
	at com.kms.katalon.core.main.TestCaseMain$startTestSuite$0.call(Unknown Source)
	at TempTestSuite1609946231562.run(TempTestSuite1609946231562.groovy:39)
Caused by: org.openqa.selenium.ElementNotInteractableException: element not interactable
  (Session info: chrome=87.0.4280.88)
Build info: version: '3.141.59', revision: 'e82be7d358', time: '2018-11-14T08:25:53'
System info: host: 'Kozs-MacBook-Air.local', ip: 'fe80:0:0:0:c5:5944:3b35:56d9%en0', os.name: 'Mac OS X', os.arch: 'x86_64', os.version: '10.14.6', java.version: '1.8.0_181'
Driver info: com.kms.katalon.selenium.driver.CChromeDriver
Capabilities {acceptInsecureCerts: false, browserName: chrome, browserVersion: 87.0.4280.88, chrome: {chromedriverVersion: 86.0.4240.22 (398b0743353ff..., userDataDir: /var/folders/hb/hv2s0v7n1nz...}, goog:chromeOptions: {debuggerAddress: localhost:52686}, javascriptEnabled: true, networkConnectionEnabled: false, pageLoadStrategy: normal, platform: MAC, platformName: MAC, proxy: Proxy(), setWindowRect: true, strictFileInteractability: false, timeouts: {implicit: 0, pageLoad: 300000, script: 30000}, unhandledPromptBehavior: dismiss and notify, webauthn:virtualAuthenticators: true}
Session ID: 242dbc5e5450c77d1abb461d5cd73724
	at org.openqa.selenium.remote.http.W3CHttpResponseCodec.createException(W3CHttpResponseCodec.java:187)
	at org.openqa.selenium.remote.http.W3CHttpResponseCodec.decode(W3CHttpResponseCodec.java:122)
	at org.openqa.selenium.remote.http.W3CHttpResponseCodec.decode(W3CHttpResponseCodec.java:49)
	at org.openqa.selenium.remote.HttpCommandExecutor.execute(HttpCommandExecutor.java:158)
	at org.openqa.selenium.remote.service.DriverCommandExecutor.execute(DriverCommandExecutor.java:83)
	at org.openqa.selenium.remote.RemoteWebDriver.execute(RemoteWebDriver.java:552)
	at com.kms.katalon.selenium.driver.CChromeDriver.execute(CChromeDriver.java:19)
	at org.openqa.selenium.remote.RemoteWebElement.execute(RemoteWebElement.java:285)
	at org.openqa.selenium.remote.RemoteWebElement.click(RemoteWebElement.java:84)
	at org.openqa.selenium.support.events.EventFiringWebDriver$EventFiringWebElement.lambda$new$0(EventFiringWebDriver.java:404)
	at com.sun.proxy.$Proxy16.click(Unknown Source)
	at org.openqa.selenium.support.events.EventFiringWebDriver$EventFiringWebElement.click(EventFiringWebDriver.java:417)
	at com.kms.katalon.core.webui.keyword.builtin.ClickKeyword$_click_closure1.doCall(ClickKeyword.groovy:69)
	at com.kms.katalon.core.webui.keyword.builtin.ClickKeyword$_click_closure1.call(ClickKeyword.groovy)
	at com.kms.katalon.core.webui.keyword.internal.WebUIKeywordMain.runKeyword(WebUIKeywordMain.groovy:20)
	at com.kms.katalon.core.webui.keyword.builtin.ClickKeyword.click(ClickKeyword.groovy:76)
	at com.kms.katalon.core.webui.keyword.builtin.ClickKeyword.execute(ClickKeyword.groovy:43)
	at com.kms.katalon.core.keyword.internal.KeywordExecutor.executeKeywordForPlatform(KeywordExecutor.groovy:73)
	at com.kms.katalon.core.webui.keyword.WebUiBuiltInKeywords.click(WebUiBuiltInKeywords.groovy:617)
	at com.kms.katalon.core.webui.keyword.WebUiBuiltInKeywords$click$6.call(Unknown Source)
	at Script1599599262449.run(Script1599599262449.groovy:46)
	at com.kms.katalon.core.main.ScriptEngine.run(ScriptEngine.java:194)
	at com.kms.katalon.core.main.ScriptEngine.runScriptAsRawText(ScriptEngine.java:119)
	at com.kms.katalon.core.main.TestCaseExecutor.runScript(TestCaseExecutor.java:393)
	at com.kms.katalon.core.main.TestCaseExecutor.doExecute(TestCaseExecutor.java:384)
	at com.kms.katalon.core.main.TestCaseExecutor.processExecutionPhase(TestCaseExecutor.java:363)
	at com.kms.katalon.core.main.TestCaseExecutor.accessMainPhase(TestCaseExecutor.java:355)
	at com.kms.katalon.core.main.TestCaseExecutor.execute(TestCaseExecutor.java:251)
	at com.kms.katalon.core.main.TestCaseMain.runTestCase(TestCaseMain.java:114)
	at com.kms.katalon.core.keyword.builtin.CallTestCaseKeyword$_callTestCase_closure1.doCall(CallTestCaseKeyword.groovy:59)
	at com.kms.katalon.core.keyword.builtin.CallTestCaseKeyword$_callTestCase_closure1.call(CallTestCaseKeyword.groovy)
	at com.kms.katalon.core.keyword.internal.KeywordMain.runKeyword(KeywordMain.groovy:68)
	at com.kms.katalon.core.keyword.builtin.CallTestCaseKeyword.callTestCase(CallTestCaseKeyword.groovy:81)
	at com.kms.katalon.core.keyword.builtin.CallTestCaseKeyword.execute(CallTestCaseKeyword.groovy:44)
	at com.kms.katalon.core.keyword.internal.KeywordExecutor.executeKeywordForPlatform(KeywordExecutor.groovy:73)
	at com.kms.katalon.core.keyword.BuiltinKeywords.callTestCase(BuiltinKeywords.groovy:334)
	at Script1606246342822.run(Script1606246342822.groovy:27)
	... 13 more
)

2021-01-06 09:41:07 - [MESSAGE][FAILED] - Unable to click on object 'Object Repository/Page_tC Create/file_Parmed' (Root cause: com.kms.katalon.core.exception.StepFailedException: Unable to click on object 'Object Repository/Page_tC Create/file_Parmed'
	at com.kms.katalon.core.webui.keyword.internal.WebUIKeywordMain.stepFailed(WebUIKeywordMain.groovy:64)
	at com.kms.katalon.core.webui.keyword.internal.WebUIKeywordMain.runKeyword(WebUIKeywordMain.groovy:26)
	at com.kms.katalon.core.webui.keyword.builtin.ClickKeyword.click(ClickKeyword.groovy:76)
	at com.kms.katalon.core.webui.keyword.builtin.ClickKeyword.execute(ClickKeyword.groovy:43)
	at com.kms.katalon.core.keyword.internal.KeywordExecutor.executeKeywordForPlatform(KeywordExecutor.groovy:73)
	at com.kms.katalon.core.webui.keyword.WebUiBuiltInKeywords.click(WebUiBuiltInKeywords.groovy:617)
	at com.kms.katalon.core.webui.keyword.WebUiBuiltInKeywords$click$6.call(Unknown Source)
	at tCC tN Open For Edit.run(tCC tN Open For Edit:46)
	at com.kms.katalon.core.main.ScriptEngine.run(ScriptEngine.java:194)
	at com.kms.katalon.core.main.ScriptEngine.runScriptAsRawText(ScriptEngine.java:119)
	at com.kms.katalon.core.main.TestCaseExecutor.runScript(TestCaseExecutor.java:393)
	at com.kms.katalon.core.main.TestCaseExecutor.doExecute(TestCaseExecutor.java:384)
	at com.kms.katalon.core.main.TestCaseExecutor.processExecutionPhase(TestCaseExecutor.java:363)
	at com.kms.katalon.core.main.TestCaseExecutor.accessMainPhase(TestCaseExecutor.java:355)
	at com.kms.katalon.core.main.TestCaseExecutor.execute(TestCaseExecutor.java:251)
	at com.kms.katalon.core.main.TestCaseMain.runTestCase(TestCaseMain.java:114)
	at com.kms.katalon.core.keyword.builtin.CallTestCaseKeyword$_callTestCase_closure1.doCall(CallTestCaseKeyword.groovy:59)
	at com.kms.katalon.core.keyword.builtin.CallTestCaseKeyword$_callTestCase_closure1.call(CallTestCaseKeyword.groovy)
	at com.kms.katalon.core.keyword.internal.KeywordMain.runKeyword(KeywordMain.groovy:68)
	at com.kms.katalon.core.keyword.builtin.CallTestCaseKeyword.callTestCase(CallTestCaseKeyword.groovy:81)
	at com.kms.katalon.core.keyword.builtin.CallTestCaseKeyword.execute(CallTestCaseKeyword.groovy:44)
	at com.kms.katalon.core.keyword.internal.KeywordExecutor.executeKeywordForPlatform(KeywordExecutor.groovy:73)
	at com.kms.katalon.core.keyword.BuiltinKeywords.callTestCase(BuiltinKeywords.groovy:334)
	at tCC tN Test Search.run(tCC tN Test Search:27)
	at com.kms.katalon.core.main.ScriptEngine.run(ScriptEngine.java:194)
	at com.kms.katalon.core.main.ScriptEngine.runScriptAsRawText(ScriptEngine.java:119)
	at com.kms.katalon.core.main.TestCaseExecutor.runScript(TestCaseExecutor.java:393)
	at com.kms.katalon.core.main.TestCaseExecutor.doExecute(TestCaseExecutor.java:384)
	at com.kms.katalon.core.main.TestCaseExecutor.processExecutionPhase(TestCaseExecutor.java:363)
	at com.kms.katalon.core.main.TestCaseExecutor.accessMainPhase(TestCaseExecutor.java:355)
	at com.kms.katalon.core.main.TestCaseExecutor.execute(TestCaseExecutor.java:251)
	at com.kms.katalon.core.main.TestSuiteExecutor.accessTestCaseMainPhase(TestSuiteExecutor.java:203)
	at com.kms.katalon.core.main.TestSuiteExecutor.accessTestSuiteMainPhase(TestSuiteExecutor.java:152)
	at com.kms.katalon.core.main.TestSuiteExecutor.execute(TestSuiteExecutor.java:95)
	at com.kms.katalon.core.main.TestCaseMain.startTestSuite(TestCaseMain.java:157)
	at com.kms.katalon.core.main.TestCaseMain$startTestSuite$0.call(Unknown Source)
	at TempTestSuite1609946231562.run(TempTestSuite1609946231562.groovy:39)
Caused by: org.openqa.selenium.ElementNotInteractableException: element not interactable
  (Session info: chrome=87.0.4280.88)
Build info: version: '3.141.59', revision: 'e82be7d358', time: '2018-11-14T08:25:53'
System info: host: 'Kozs-MacBook-Air.local', ip: 'fe80:0:0:0:c5:5944:3b35:56d9%en0', os.name: 'Mac OS X', os.arch: 'x86_64', os.version: '10.14.6', java.version: '1.8.0_181'
Driver info: com.kms.katalon.selenium.driver.CChromeDriver
Capabilities {acceptInsecureCerts: false, browserName: chrome, browserVersion: 87.0.4280.88, chrome: {chromedriverVersion: 86.0.4240.22 (398b0743353ff..., userDataDir: /var/folders/hb/hv2s0v7n1nz...}, goog:chromeOptions: {debuggerAddress: localhost:52686}, javascriptEnabled: true, networkConnectionEnabled: false, pageLoadStrategy: normal, platform: MAC, platformName: MAC, proxy: Proxy(), setWindowRect: true, strictFileInteractability: false, timeouts: {implicit: 0, pageLoad: 300000, script: 30000}, unhandledPromptBehavior: dismiss and notify, webauthn:virtualAuthenticators: true}
Session ID: 242dbc5e5450c77d1abb461d5cd73724
	at org.openqa.selenium.remote.http.W3CHttpResponseCodec.createException(W3CHttpResponseCodec.java:187)
	at org.openqa.selenium.remote.http.W3CHttpResponseCodec.decode(W3CHttpResponseCodec.java:122)
	at org.openqa.selenium.remote.http.W3CHttpResponseCodec.decode(W3CHttpResponseCodec.java:49)
	at org.openqa.selenium.remote.HttpCommandExecutor.execute(HttpCommandExecutor.java:158)
	at org.openqa.selenium.remote.service.DriverCommandExecutor.execute(DriverCommandExecutor.java:83)
	at org.openqa.selenium.remote.RemoteWebDriver.execute(RemoteWebDriver.java:552)
	at com.kms.katalon.selenium.driver.CChromeDriver.execute(CChromeDriver.java:19)
	at org.openqa.selenium.remote.RemoteWebElement.execute(RemoteWebElement.java:285)
	at org.openqa.selenium.remote.RemoteWebElement.click(RemoteWebElement.java:84)
	at org.openqa.selenium.support.events.EventFiringWebDriver$EventFiringWebElement.lambda$new$0(EventFiringWebDriver.java:404)
	at com.sun.proxy.$Proxy16.click(Unknown Source)
	at org.openqa.selenium.support.events.EventFiringWebDriver$EventFiringWebElement.click(EventFiringWebDriver.java:417)
	at com.kms.katalon.core.webui.keyword.builtin.ClickKeyword$_click_closure1.doCall(ClickKeyword.groovy:69)
	at com.kms.katalon.core.webui.keyword.builtin.ClickKeyword$_click_closure1.call(ClickKeyword.groovy)
	at com.kms.katalon.core.webui.keyword.internal.WebUIKeywordMain.runKeyword(WebUIKeywordMain.groovy:20)
	at com.kms.katalon.core.webui.keyword.builtin.ClickKeyword.click(ClickKeyword.groovy:76)
	at com.kms.katalon.core.webui.keyword.builtin.ClickKeyword.execute(ClickKeyword.groovy:43)
	at com.kms.katalon.core.keyword.internal.KeywordExecutor.executeKeywordForPlatform(KeywordExecutor.groovy:73)
	at com.kms.katalon.core.webui.keyword.WebUiBuiltInKeywords.click(WebUiBuiltInKeywords.groovy:617)
	at com.kms.katalon.core.webui.keyword.WebUiBuiltInKeywords$click$6.call(Unknown Source)
	at Script1599599262449.run(Script1599599262449.groovy:46)
	at com.kms.katalon.core.main.ScriptEngine.run(ScriptEngine.java:194)
	at com.kms.katalon.core.main.ScriptEngine.runScriptAsRawText(ScriptEngine.java:119)
	at com.kms.katalon.core.main.TestCaseExecutor.runScript(TestCaseExecutor.java:393)
	at com.kms.katalon.core.main.TestCaseExecutor.doExecute(TestCaseExecutor.java:384)
	at com.kms.katalon.core.main.TestCaseExecutor.processExecutionPhase(TestCaseExecutor.java:363)
	at com.kms.katalon.core.main.TestCaseExecutor.accessMainPhase(TestCaseExecutor.java:355)
	at com.kms.katalon.core.main.TestCaseExecutor.execute(TestCaseExecutor.java:251)
	at com.kms.katalon.core.main.TestCaseMain.runTestCase(TestCaseMain.java:114)
	at com.kms.katalon.core.keyword.builtin.CallTestCaseKeyword$_callTestCase_closure1.doCall(CallTestCaseKeyword.groovy:59)
	at com.kms.katalon.core.keyword.builtin.CallTestCaseKeyword$_callTestCase_closure1.call(CallTestCaseKeyword.groovy)
	at com.kms.katalon.core.keyword.internal.KeywordMain.runKeyword(KeywordMain.groovy:68)
	at com.kms.katalon.core.keyword.builtin.CallTestCaseKeyword.callTestCase(CallTestCaseKeyword.groovy:81)
	at com.kms.katalon.core.keyword.builtin.CallTestCaseKeyword.execute(CallTestCaseKeyword.groovy:44)
	at com.kms.katalon.core.keyword.internal.KeywordExecutor.executeKeywordForPlatform(KeywordExecutor.groovy:73)
	at com.kms.katalon.core.keyword.BuiltinKeywords.callTestCase(BuiltinKeywords.groovy:334)
	at Script1606246342822.run(Script1606246342822.groovy:27)
	... 13 more
)
[[ATTACHMENT|/Users/cckozie/git/Katalon/tC Create Project/Reports/20210106_091711/tCC Test Suite 1/20210106_091711/1609947666568.png]]

2021-01-06 09:41:07 - [TEST_STEP][PASSED] - catch (Exception e): Object: 'Object Repository/Page_tC Create/file_Parmed' is clicked on

2021-01-06 09:41:07 - [TEST_STEP][PASSED] - click(findTestObject("Page_tC Create/file_Parmed", ["fileName":tNFile])): Object: 'Object Repository/Page_tC Create/file_Parmed' is clicked on

2021-01-06 09:41:08 - [MESSAGE][PASSED] - Object: 'Object Repository/Page_tC Create/file_Parmed' is clicked on

2021-01-06 09:41:13 - [MESSAGE][PASSED] - Call Test Case 'Test Cases/tCC Components/tCC tN Open For Edit' successfully

2021-01-06 09:41:13 - [TEST_STEP][PASSED] - click(findTestObject("Page_tCC translationNotes/button_Search")): Object: 'Object Repository/Page_tCC translationNotes/button_Search' is clicked on

2021-01-06 09:41:13 - [MESSAGE][PASSED] - Object: 'Object Repository/Page_tCC translationNotes/button_Search' is clicked on

2021-01-06 09:41:13 - [TEST_STEP][PASSED] - setText(findTestObject("Page_tCC translationNotes/input_Search"), "church as if it were"): Text 'church as if it were' is set on object 'Object Repository/Page_tCC translationNotes/input_Search'

2021-01-06 09:41:16 - [MESSAGE][PASSED] - Text 'church as if it were' is set on object 'Object Repository/Page_tCC translationNotes/input_Search'

2021-01-06 09:41:16 - [TEST_STEP][PASSED] - myText = "managing that household": null

2021-01-06 09:41:16 - [TEST_STEP][PASSED] - if (!(verifyTextPresent(myText, false))): Text 'managing that household' is present on page 

2021-01-06 09:41:17 - [MESSAGE][PASSED] - Text 'managing that household' is present on page 

2021-01-06 09:41:17 - [TEST_STEP][PASSED] - delay(1): Delayed 1 second(s)

2021-01-06 09:41:18 - [MESSAGE][PASSED] - Delayed 1 second(s)

2021-01-06 09:41:18 - [TEST_STEP][PASSED] - click(findTestObject("Page_tCC translationNotes/button_SearchCloseX")): Object: 'Object Repository/Page_tCC translationNotes/button_SearchCloseX' is clicked on

2021-01-06 09:41:19 - [MESSAGE][PASSED] - Object: 'Object Repository/Page_tCC translationNotes/button_SearchCloseX' is clicked on

2021-01-06 09:41:19 - [TEST_STEP][PASSED] - delay(1): Delayed 1 second(s)

2021-01-06 09:41:20 - [MESSAGE][PASSED] - Delayed 1 second(s)

2021-01-06 09:41:20 - [TEST_STEP][PASSED] - click(findTestObject("Page_tCC translationNotes/button_Search")): Object: 'Object Repository/Page_tCC translationNotes/button_Search' is clicked on

2021-01-06 09:41:21 - [MESSAGE][PASSED] - Object: 'Object Repository/Page_tCC translationNotes/button_Search' is clicked on

2021-01-06 09:41:21 - [TEST_STEP][PASSED] - setText(findTestObject("Page_tCC translationNotes/input_Search"), "h15y"): Text 'h15y' is set on object 'Object Repository/Page_tCC translationNotes/input_Search'

2021-01-06 09:41:22 - [MESSAGE][PASSED] - Text 'h15y' is set on object 'Object Repository/Page_tCC translationNotes/input_Search'

2021-01-06 09:41:22 - [TEST_STEP][PASSED] - myText = "Sorry, no matching records found": null

2021-01-06 09:41:22 - [TEST_STEP][PASSED] - if (!(verifyTextPresent(myText, false))): Text 'Sorry, no matching records found' is present on page 

2021-01-06 09:41:23 - [MESSAGE][PASSED] - Text 'Sorry, no matching records found' is present on page 

2021-01-06 09:41:23 - [TEST_STEP][PASSED] - click(findTestObject("Page_tCC translationNotes/button_SearchCloseX")): Object: 'Object Repository/Page_tCC translationNotes/button_SearchCloseX' is clicked on

2021-01-06 09:41:24 - [MESSAGE][PASSED] - Object: 'Object Repository/Page_tCC translationNotes/button_SearchCloseX' is clicked on

2021-01-06 09:41:24 - [TEST_STEP][PASSED] - click(findTestObject("Page_tCC translationNotes/button_ViewColumns")): Object: 'Object Repository/Page_tCC translationNotes/button_ViewColumns' is clicked on

2021-01-06 09:41:25 - [MESSAGE][PASSED] - Object: 'Object Repository/Page_tCC translationNotes/button_ViewColumns' is clicked on

2021-01-06 09:41:25 - [TEST_STEP][PASSED] - click(findTestObject("Page_tCC translationNotes/columns_Parmed", ["column":"ID"])): Object: 'Object Repository/Page_tCC translationNotes/columns_Parmed' is clicked on

2021-01-06 09:41:26 - [MESSAGE][PASSED] - Object: 'Object Repository/Page_tCC translationNotes/columns_Parmed' is clicked on

2021-01-06 09:41:26 - [TEST_STEP][PASSED] - click(findTestObject("Page_tCC translationNotes/btnX_CloseColumns")): Object: 'Object Repository/Page_tCC translationNotes/btnX_CloseColumns' is clicked on

2021-01-06 09:41:27 - [MESSAGE][PASSED] - Object: 'Object Repository/Page_tCC translationNotes/btnX_CloseColumns' is clicked on

2021-01-06 09:41:27 - [TEST_STEP][PASSED] - click(findTestObject("Page_tCC translationNotes/button_Search")): Object: 'Object Repository/Page_tCC translationNotes/button_Search' is clicked on

2021-01-06 09:41:28 - [MESSAGE][PASSED] - Object: 'Object Repository/Page_tCC translationNotes/button_Search' is clicked on

2021-01-06 09:41:28 - [TEST_STEP][PASSED] - setText(findTestObject("Page_tCC translationNotes/input_Search"), "h15y"): Text 'h15y' is set on object 'Object Repository/Page_tCC translationNotes/input_Search'

2021-01-06 09:41:29 - [MESSAGE][PASSED] - Text 'h15y' is set on object 'Object Repository/Page_tCC translationNotes/input_Search'

2021-01-06 09:41:29 - [TEST_STEP][PASSED] - myText = "Do not allow anyone to ignore you": null

2021-01-06 09:41:29 - [TEST_STEP][PASSED] - if (!(verifyTextPresent(myText, false))): Text 'Do not allow anyone to ignore you' is present on page 

2021-01-06 09:41:30 - [MESSAGE][PASSED] - Text 'Do not allow anyone to ignore you' is present on page 

2021-01-06 09:41:30 - [TEST_STEP][PASSED] - delay(1): Delayed 1 second(s)

2021-01-06 09:41:31 - [MESSAGE][PASSED] - Delayed 1 second(s)

2021-01-06 09:41:31 - [TEST_STEP][PASSED] - scriptRunning = false: null

2021-01-06 09:41:31 - [TEST_STEP][PASSED] - closeBrowser(): Browser is closed

2021-01-06 09:41:32 - [MESSAGE][PASSED] - Browser is closed

2021-01-06 09:41:32 - [TEST_STEP][PASSED] - Start listener action : sampleAfterTestCase: null

2021-01-06 09:41:32 - [TEST_STEP][PASSED] - suite = false: null

2021-01-06 09:41:32 - [TEST_STEP][PASSED] - fileName = testSuiteLogFile: null

2021-01-06 09:41:32 - [TEST_STEP][PASSED] - if (fileName.length() > 1): null

2021-01-06 09:41:32 - [TEST_STEP][PASSED] - suite = true: null

2021-01-06 09:41:32 - [TEST_STEP][PASSED] - println("test case teardown in suite"): null

2021-01-06 09:41:32 - [TEST_STEP][PASSED] - println("log file is at " + fileName): null

2021-01-06 09:41:32 - [TEST_STEP][PASSED] - browser = unfoldingWord_Keywords.GetTestingConfig.getBrowserAndVersion(): unfoldingWord_Keywords.GetTestingConfig.getBrowserAndVersion is PASSED

2021-01-06 09:41:32 - [MESSAGE][PASSED] - unfoldingWord_Keywords.GetTestingConfig.getBrowserAndVersion is PASSED

2021-01-06 09:41:32 - [TEST_STEP][PASSED] - separator = "===================================================================================================================================================": null

2021-01-06 09:41:32 - [TEST_STEP][PASSED] - msg = separator: null

2021-01-06 09:41:32 - [TEST_STEP][PASSED] - println(msg): null

2021-01-06 09:41:32 - [TEST_STEP][PASSED] - if (suite): null

2021-01-06 09:41:32 - [TEST_STEP][PASSED] - oFile = new java.io.File(fileName): null

2021-01-06 09:41:32 - [TEST_STEP][PASSED] - oFile.append(msg + "
"): null

2021-01-06 09:41:32 - [TEST_STEP][PASSED] - prefix = " +++++++++++ ": null

2021-01-06 09:41:32 - [TEST_STEP][PASSED] - testCaseStatus = testCaseContext.getTestCaseStatus(): null

2021-01-06 09:41:32 - [TEST_STEP][PASSED] - if (scriptRunning): null

2021-01-06 09:41:32 - [TEST_STEP][PASSED] - if (testCaseStatus != "PASSED"): null

2021-01-06 09:41:33 - [TEST_STEP][PASSED] - msg = prefix + testCaseContext.getTestCaseId() + " on " + version + " running on " + browser + " " + testCaseStatus + prefix: null

2021-01-06 09:41:33 - [TEST_STEP][PASSED] - println(msg): null

2021-01-06 09:41:33 - [TEST_STEP][PASSED] - if (suite): null

2021-01-06 09:41:33 - [TEST_STEP][PASSED] - oFile = new java.io.File(fileName): null

2021-01-06 09:41:33 - [TEST_STEP][PASSED] - oFile.append(msg + "
"): null

2021-01-06 09:41:33 - [TEST_STEP][PASSED] - tsMessages.add("##" + testCaseContext.getTestCaseId()): null

2021-01-06 09:41:33 - [TEST_STEP][PASSED] - if (scriptRunning): null

2021-01-06 09:41:33 - [TEST_STEP][PASSED] - if (tcMessages.size() > 0): null

2021-01-06 09:41:33 - [TEST_STEP][PASSED] - if (scriptRunning && 1 == 2): null

2021-01-06 09:41:33 - [TEST_STEP][PASSED] - if (testCount > 0): null

2021-01-06 09:41:33 - [TEST_STEP][PASSED] - msg = separator: null

2021-01-06 09:41:33 - [TEST_STEP][PASSED] - println(msg): null

2021-01-06 09:41:33 - [TEST_STEP][PASSED] - if (suite): null

2021-01-06 09:41:33 - [TEST_STEP][PASSED] - oFile = new java.io.File(fileName): null

2021-01-06 09:41:33 - [TEST_STEP][PASSED] - oFile.append(msg + "

"): null

2021-01-06 09:41:35 - [TEST_STEP][PASSED] - Video: Video recording for test case 'Test Cases/tCC Test Cases/tCC tN Test Search' .

2021-01-06 09:41:35 - [MESSAGE][INFO] - Video recording for test case 'Test Cases/tCC Test Cases/tCC tN Test Search' .]]></system-out>
         <system-err><![CDATA[]]></system-err>
      </testcase>
      <testcase name="Test Cases/tCC Test Cases/tCC tN Test Validation" time="74.655" classname="Test Cases/tCC Test Cases/tCC tN Test Validation" status="FAILED">
         <failure type="FAILED" message="Test Cases/tCC Test Cases/tCC tN Test Validation FAILED.
Reason:
com.kms.katalon.core.exception.StepFailedException: Unable to wait for object 'Object Repository/Page_tCC translationNotes/alert_ValidationRunning' to be not present
	at com.kms.katalon.core.webui.keyword.internal.WebUIKeywordMain.stepFailed(WebUIKeywordMain.groovy:64)
	at com.kms.katalon.core.webui.keyword.internal.WebUIKeywordMain.runKeyword(WebUIKeywordMain.groovy:26)
	at com.kms.katalon.core.webui.keyword.internal.WebUIKeywordMain$runKeyword.call(Unknown Source)
	at com.kms.katalon.core.webui.keyword.builtin.WaitForElementNotPresentKeyword.waitForElementNotPresent(WaitForElementNotPresentKeyword.groovy:114)
	at com.kms.katalon.core.webui.keyword.builtin.WaitForElementNotPresentKeyword.execute(WaitForElementNotPresentKeyword.groovy:68)
	at com.kms.katalon.core.keyword.internal.KeywordExecutor.executeKeywordForPlatform(KeywordExecutor.groovy:73)
	at com.kms.katalon.core.webui.keyword.WebUiBuiltInKeywords.waitForElementNotPresent(WebUiBuiltInKeywords.groovy:310)
	at com.kms.katalon.core.webui.keyword.WebUiBuiltInKeywords$waitForElementNotPresent$26.call(Unknown Source)
	at tCC tN Test Validation.runValidation(tCC tN Test Validation:735)
	at Script1607103345455$runValidation$0.callCurrent(Unknown Source)
	at tCC tN Test Validation.run(tCC tN Test Validation:71)
	at com.kms.katalon.core.main.ScriptEngine.run(ScriptEngine.java:194)
	at com.kms.katalon.core.main.ScriptEngine.runScriptAsRawText(ScriptEngine.java:119)
	at com.kms.katalon.core.main.TestCaseExecutor.runScript(TestCaseExecutor.java:393)
	at com.kms.katalon.core.main.TestCaseExecutor.doExecute(TestCaseExecutor.java:384)
	at com.kms.katalon.core.main.TestCaseExecutor.processExecutionPhase(TestCaseExecutor.java:363)
	at com.kms.katalon.core.main.TestCaseExecutor.accessMainPhase(TestCaseExecutor.java:355)
	at com.kms.katalon.core.main.TestCaseExecutor.execute(TestCaseExecutor.java:251)
	at com.kms.katalon.core.main.TestSuiteExecutor.accessTestCaseMainPhase(TestSuiteExecutor.java:203)
	at com.kms.katalon.core.main.TestSuiteExecutor.accessTestSuiteMainPhase(TestSuiteExecutor.java:152)
	at com.kms.katalon.core.main.TestSuiteExecutor.execute(TestSuiteExecutor.java:95)
	at com.kms.katalon.core.main.TestCaseMain.startTestSuite(TestCaseMain.java:157)
	at com.kms.katalon.core.main.TestCaseMain$startTestSuite$0.call(Unknown Source)
	at TempTestSuite1609946231562.run(TempTestSuite1609946231562.groovy:39)
Caused by: org.openqa.selenium.UnhandledAlertException: unexpected alert open: {Alert text : No Validation Errors Found}
  (Session info: chrome=87.0.4280.88): No Validation Errors Found
Build info: version: '3.141.59', revision: 'e82be7d358', time: '2018-11-14T08:25:53'
System info: host: 'Kozs-MacBook-Air.local', ip: 'fe80:0:0:0:c5:5944:3b35:56d9%en0', os.name: 'Mac OS X', os.arch: 'x86_64', os.version: '10.14.6', java.version: '1.8.0_181'
Driver info: com.kms.katalon.selenium.driver.CChromeDriver
Capabilities {acceptInsecureCerts: false, browserName: chrome, browserVersion: 87.0.4280.88, chrome: {chromedriverVersion: 86.0.4240.22 (398b0743353ff..., userDataDir: /var/folders/hb/hv2s0v7n1nz...}, goog:chromeOptions: {debuggerAddress: localhost:52765}, javascriptEnabled: true, networkConnectionEnabled: false, pageLoadStrategy: normal, platform: MAC, platformName: MAC, proxy: Proxy(), setWindowRect: true, strictFileInteractability: false, timeouts: {implicit: 0, pageLoad: 300000, script: 30000}, unhandledPromptBehavior: dismiss and notify, webauthn:virtualAuthenticators: true}
Session ID: 0abf53c37c1ab80346d014c991105ff3
*** Element info: {Using=xpath, value=//div[@id='alert-dialog-title']/h2}
	at org.openqa.selenium.remote.http.W3CHttpResponseCodec.decode(W3CHttpResponseCodec.java:120)
	at org.openqa.selenium.remote.http.W3CHttpResponseCodec.decode(W3CHttpResponseCodec.java:49)
	at org.openqa.selenium.remote.HttpCommandExecutor.execute(HttpCommandExecutor.java:158)
	at org.openqa.selenium.remote.service.DriverCommandExecutor.execute(DriverCommandExecutor.java:83)
	at org.openqa.selenium.remote.RemoteWebDriver.execute(RemoteWebDriver.java:552)
	at com.kms.katalon.selenium.driver.CChromeDriver.execute(CChromeDriver.java:19)
	at org.openqa.selenium.remote.RemoteWebDriver.findElement(RemoteWebDriver.java:323)
	at org.openqa.selenium.remote.RemoteWebDriver.findElementByXPath(RemoteWebDriver.java:428)
	at org.openqa.selenium.By$ByXPath.findElement(By.java:353)
	at org.openqa.selenium.remote.RemoteWebDriver.findElement(RemoteWebDriver.java:315)
	at org.openqa.selenium.support.events.EventFiringWebDriver.lambda$new$1(EventFiringWebDriver.java:105)
	at com.sun.proxy.$Proxy15.findElement(Unknown Source)
	at org.openqa.selenium.support.events.EventFiringWebDriver.findElement(EventFiringWebDriver.java:194)
	at org.openqa.selenium.WebDriver$findElement.call(Unknown Source)
	at com.kms.katalon.core.webui.keyword.builtin.WaitForElementNotPresentKeyword$1.apply(WaitForElementNotPresentKeyword.groovy:89)
	at com.kms.katalon.core.webui.keyword.builtin.WaitForElementNotPresentKeyword$1.apply(WaitForElementNotPresentKeyword.groovy)
	at org.openqa.selenium.support.ui.FluentWait.until(FluentWait.java:249)
	at org.openqa.selenium.support.ui.Wait$until.call(Unknown Source)
	at com.kms.katalon.core.webui.keyword.builtin.WaitForElementNotPresentKeyword$_waitForElementNotPresent_closure1.doCall(WaitForElementNotPresentKeyword.groovy:85)
	at com.kms.katalon.core.webui.keyword.builtin.WaitForElementNotPresentKeyword$_waitForElementNotPresent_closure1.doCall(WaitForElementNotPresentKeyword.groovy)
	at com.kms.katalon.core.webui.keyword.internal.WebUIKeywordMain.runKeyword(WebUIKeywordMain.groovy:20)
	... 22 more
"/>
         <system-out><![CDATA[2021-01-06 09:41:35 - [TEST_CASE][FAILED] - Test Cases/tCC Test Cases/tCC tN Test Validation: Test Cases/tCC Test Cases/tCC tN Test Validation FAILED.
Reason:
com.kms.katalon.core.exception.StepFailedException: Unable to wait for object 'Object Repository/Page_tCC translationNotes/alert_ValidationRunning' to be not present
	at com.kms.katalon.core.webui.keyword.internal.WebUIKeywordMain.stepFailed(WebUIKeywordMain.groovy:64)
	at com.kms.katalon.core.webui.keyword.internal.WebUIKeywordMain.runKeyword(WebUIKeywordMain.groovy:26)
	at com.kms.katalon.core.webui.keyword.internal.WebUIKeywordMain$runKeyword.call(Unknown Source)
	at com.kms.katalon.core.webui.keyword.builtin.WaitForElementNotPresentKeyword.waitForElementNotPresent(WaitForElementNotPresentKeyword.groovy:114)
	at com.kms.katalon.core.webui.keyword.builtin.WaitForElementNotPresentKeyword.execute(WaitForElementNotPresentKeyword.groovy:68)
	at com.kms.katalon.core.keyword.internal.KeywordExecutor.executeKeywordForPlatform(KeywordExecutor.groovy:73)
	at com.kms.katalon.core.webui.keyword.WebUiBuiltInKeywords.waitForElementNotPresent(WebUiBuiltInKeywords.groovy:310)
	at com.kms.katalon.core.webui.keyword.WebUiBuiltInKeywords$waitForElementNotPresent$26.call(Unknown Source)
	at tCC tN Test Validation.runValidation(tCC tN Test Validation:735)
	at Script1607103345455$runValidation$0.callCurrent(Unknown Source)
	at tCC tN Test Validation.run(tCC tN Test Validation:71)
	at com.kms.katalon.core.main.ScriptEngine.run(ScriptEngine.java:194)
	at com.kms.katalon.core.main.ScriptEngine.runScriptAsRawText(ScriptEngine.java:119)
	at com.kms.katalon.core.main.TestCaseExecutor.runScript(TestCaseExecutor.java:393)
	at com.kms.katalon.core.main.TestCaseExecutor.doExecute(TestCaseExecutor.java:384)
	at com.kms.katalon.core.main.TestCaseExecutor.processExecutionPhase(TestCaseExecutor.java:363)
	at com.kms.katalon.core.main.TestCaseExecutor.accessMainPhase(TestCaseExecutor.java:355)
	at com.kms.katalon.core.main.TestCaseExecutor.execute(TestCaseExecutor.java:251)
	at com.kms.katalon.core.main.TestSuiteExecutor.accessTestCaseMainPhase(TestSuiteExecutor.java:203)
	at com.kms.katalon.core.main.TestSuiteExecutor.accessTestSuiteMainPhase(TestSuiteExecutor.java:152)
	at com.kms.katalon.core.main.TestSuiteExecutor.execute(TestSuiteExecutor.java:95)
	at com.kms.katalon.core.main.TestCaseMain.startTestSuite(TestCaseMain.java:157)
	at com.kms.katalon.core.main.TestCaseMain$startTestSuite$0.call(Unknown Source)
	at TempTestSuite1609946231562.run(TempTestSuite1609946231562.groovy:39)
Caused by: org.openqa.selenium.UnhandledAlertException: unexpected alert open: {Alert text : No Validation Errors Found}
  (Session info: chrome=87.0.4280.88): No Validation Errors Found
Build info: version: '3.141.59', revision: 'e82be7d358', time: '2018-11-14T08:25:53'
System info: host: 'Kozs-MacBook-Air.local', ip: 'fe80:0:0:0:c5:5944:3b35:56d9%en0', os.name: 'Mac OS X', os.arch: 'x86_64', os.version: '10.14.6', java.version: '1.8.0_181'
Driver info: com.kms.katalon.selenium.driver.CChromeDriver
Capabilities {acceptInsecureCerts: false, browserName: chrome, browserVersion: 87.0.4280.88, chrome: {chromedriverVersion: 86.0.4240.22 (398b0743353ff..., userDataDir: /var/folders/hb/hv2s0v7n1nz...}, goog:chromeOptions: {debuggerAddress: localhost:52765}, javascriptEnabled: true, networkConnectionEnabled: false, pageLoadStrategy: normal, platform: MAC, platformName: MAC, proxy: Proxy(), setWindowRect: true, strictFileInteractability: false, timeouts: {implicit: 0, pageLoad: 300000, script: 30000}, unhandledPromptBehavior: dismiss and notify, webauthn:virtualAuthenticators: true}
Session ID: 0abf53c37c1ab80346d014c991105ff3
*** Element info: {Using=xpath, value=//div[@id='alert-dialog-title']/h2}
	at org.openqa.selenium.remote.http.W3CHttpResponseCodec.decode(W3CHttpResponseCodec.java:120)
	at org.openqa.selenium.remote.http.W3CHttpResponseCodec.decode(W3CHttpResponseCodec.java:49)
	at org.openqa.selenium.remote.HttpCommandExecutor.execute(HttpCommandExecutor.java:158)
	at org.openqa.selenium.remote.service.DriverCommandExecutor.execute(DriverCommandExecutor.java:83)
	at org.openqa.selenium.remote.RemoteWebDriver.execute(RemoteWebDriver.java:552)
	at com.kms.katalon.selenium.driver.CChromeDriver.execute(CChromeDriver.java:19)
	at org.openqa.selenium.remote.RemoteWebDriver.findElement(RemoteWebDriver.java:323)
	at org.openqa.selenium.remote.RemoteWebDriver.findElementByXPath(RemoteWebDriver.java:428)
	at org.openqa.selenium.By$ByXPath.findElement(By.java:353)
	at org.openqa.selenium.remote.RemoteWebDriver.findElement(RemoteWebDriver.java:315)
	at org.openqa.selenium.support.events.EventFiringWebDriver.lambda$new$1(EventFiringWebDriver.java:105)
	at com.sun.proxy.$Proxy15.findElement(Unknown Source)
	at org.openqa.selenium.support.events.EventFiringWebDriver.findElement(EventFiringWebDriver.java:194)
	at org.openqa.selenium.WebDriver$findElement.call(Unknown Source)
	at com.kms.katalon.core.webui.keyword.builtin.WaitForElementNotPresentKeyword$1.apply(WaitForElementNotPresentKeyword.groovy:89)
	at com.kms.katalon.core.webui.keyword.builtin.WaitForElementNotPresentKeyword$1.apply(WaitForElementNotPresentKeyword.groovy)
	at org.openqa.selenium.support.ui.FluentWait.until(FluentWait.java:249)
	at org.openqa.selenium.support.ui.Wait$until.call(Unknown Source)
	at com.kms.katalon.core.webui.keyword.builtin.WaitForElementNotPresentKeyword$_waitForElementNotPresent_closure1.doCall(WaitForElementNotPresentKeyword.groovy:85)
	at com.kms.katalon.core.webui.keyword.builtin.WaitForElementNotPresentKeyword$_waitForElementNotPresent_closure1.doCall(WaitForElementNotPresentKeyword.groovy)
	at com.kms.katalon.core.webui.keyword.internal.WebUIKeywordMain.runKeyword(WebUIKeywordMain.groovy:20)
	... 22 more


2021-01-06 09:41:35 - [TEST_STEP][PASSED] - Start listener action : sampleBeforeTestCase: null

2021-01-06 09:41:35 - [TEST_STEP][PASSED] - println("setup start"): null

2021-01-06 09:41:35 - [TEST_STEP][PASSED] - tcMessages = []: null

2021-01-06 09:41:35 - [TEST_STEP][PASSED] - executionProfile = getExecutionProfile(): null

2021-01-06 09:41:35 - [TEST_STEP][PASSED] - logInfo("Execution profile is " + executionProfile): Execution profile is tCC Develop

2021-01-06 09:41:35 - [MESSAGE][INFO] - Execution profile is tCC Develop

2021-01-06 09:41:35 - [TEST_STEP][PASSED] - if (systemOS == "" || systemOS == null): null

2021-01-06 09:41:35 - [TEST_STEP][PASSED] - if (pcUser == "" || pcUser == null): null

2021-01-06 09:41:35 - [TEST_STEP][PASSED] - scriptRunning = true: null

2021-01-06 09:41:35 - [TEST_STEP][PASSED] - println("setup success"): null

2021-01-06 09:41:37 - [TEST_STEP][PASSED] - dirName = "/Users/" + pcUser + "/Downloads": null

2021-01-06 09:41:37 - [TEST_STEP][PASSED] - baseDir = projectPath + "/Data Files/": null

2021-01-06 09:41:37 - [TEST_STEP][PASSED] - testFiles = ["en_tn_50-EPH.tsv", "en_tn_57-TIT.tsv", "en_tn_42-MRK.tsv", "en_tn_43-LUK.tsv", "en_tn_45-ACT.tsv", "en_tn_46-ROM.tsv", "en_tn_52-COL.tsv", "en_tn_15-EZR.tsv", "en_tn_56-2TI.tsv", "en_tn_41-MAT.tsv"]: null

2021-01-06 09:41:37 - [TEST_STEP][PASSED] - expectedFails = ["en_tn_57-TIT.tsv":[1, 2], "en_tn_43-LUK.tsv":[0], "en_tn_46-ROM.tsv":[0], "en_tn_15-EZR.tsv":[0, 1], "en_tn_56-2TI.tsv":[0], ... ]: null

2021-01-06 09:41:37 - [TEST_STEP][PASSED] - start = 0: null

2021-01-06 09:41:37 - [TEST_STEP][PASSED] - end = testFiles.size() - 1: null

2021-01-06 09:41:37 - [TEST_STEP][PASSED] - errorCount = 0: null

2021-01-06 09:41:37 - [TEST_STEP][PASSED] - passCount = 0: null

2021-01-06 09:41:37 - [TEST_STEP][PASSED] - testCount = 0: null

2021-01-06 09:41:37 - [TEST_STEP][PASSED] - expectedCount = 0: null

2021-01-06 09:41:37 - [TEST_STEP][PASSED] - for (def fileNum : (start..end)): null

2021-01-06 09:41:37 - [TEST_STEP][PASSED] - errorFlag = false: null

2021-01-06 09:41:37 - [TEST_STEP][PASSED] - testFile = testFiles[fileNum]: null

2021-01-06 09:41:37 - [TEST_STEP][PASSED] - println(">>>>>>>> Running test on " + testFile): null

2021-01-06 09:41:37 - [TEST_STEP][PASSED] - baseFile = baseDir + "Validation-" + testFile + "_base.csv": null

2021-01-06 09:41:37 - [TEST_STEP][PASSED] - bFile = new java.io.File(baseFile): null

2021-01-06 09:41:37 - [TEST_STEP][PASSED] - baseContent = text: null

2021-01-06 09:41:37 - [TEST_STEP][PASSED] - println("baseContent:" + baseContent): null

2021-01-06 09:41:37 - [TEST_STEP][PASSED] - println("testFile:" + testFile): null

2021-01-06 09:41:37 - [TEST_STEP][PASSED] - vFiles = getValidationFiles(testFile): null

2021-01-06 09:41:37 - [TEST_STEP][PASSED] - println("dirName1:" + dirName): null

2021-01-06 09:41:37 - [TEST_STEP][PASSED] - files = File(dirName).list(): null

2021-01-06 09:41:37 - [TEST_STEP][PASSED] - vFiles = []: null

2021-01-06 09:41:37 - [TEST_STEP][PASSED] - files.each({ java.lang.Object file -> ... }): null

2021-01-06 09:41:37 - [TEST_STEP][PASSED] - return vFiles: null

2021-01-06 09:41:37 - [TEST_STEP][PASSED] - initSize = vFiles.size(): null

2021-01-06 09:41:37 - [TEST_STEP][PASSED] - callTestCase(findTestCase("tCC Components/tCC tN Open For Edit"), ["$username":validateUser, "$password":validatePassword, "file":testFile], STOP_ON_FAILURE): Call Test Case 'Test Cases/tCC Components/tCC tN Open For Edit' successfully

2021-01-06 09:41:37 - [TEST_CASE][PASSED] - Test Cases/tCC Components/tCC tN Open For Edit: Test Cases/tCC Components/tCC tN Open For Edit

2021-01-06 09:41:37 - [TEST_STEP][PASSED] - callTestCase(findTestCase("tCC Components/tCC Login"), ["user":$username, "password":$password, "newSession":true], STOP_ON_FAILURE): Call Test Case 'Test Cases/tCC Components/tCC Login' successfully

2021-01-06 09:41:37 - [TEST_CASE][PASSED] - Test Cases/tCC Components/tCC Login: Test Cases/tCC Components/tCC Login

2021-01-06 09:41:37 - [TEST_STEP][PASSED] - if (newSession): null

2021-01-06 09:41:37 - [TEST_STEP][PASSED] - if (openBrowser): Current window maximized

2021-01-06 09:41:37 - [TEST_STEP][PASSED] - openBrowser(""): Browser is opened with url: ''

2021-01-06 09:41:37 - [MESSAGE][INFO] - Starting 'Chrome' driver

2021-01-06 09:41:37 - [MESSAGE][INFO] - Action delay is set to 0 milliseconds

2021-01-06 09:41:42 - [MESSAGE][PASSED] - Browser is opened with url: ''

2021-01-06 09:41:42 - [TEST_STEP][PASSED] - maximizeWindow(): Current window maximized

2021-01-06 09:41:42 - [MESSAGE][PASSED] - Current window maximized

2021-01-06 09:41:42 - [TEST_STEP][PASSED] - println("Opening " + url): null

2021-01-06 09:41:42 - [TEST_STEP][PASSED] - navigateToUrl(url): Navigate to 'https://develop--tc-create-app.netlify.app/' successfully

2021-01-06 09:41:53 - [MESSAGE][PASSED] - Navigate to 'https://develop--tc-create-app.netlify.app/' successfully

2021-01-06 09:41:53 - [TEST_STEP][PASSED] - waitForElementVisible(findTestObject("Page_tC Create/text_tCCVersion"), 30): Object 'Object Repository/Page_tC Create/text_tCCVersion' is visible

2021-01-06 09:41:53 - [MESSAGE][PASSED] - Object 'Object Repository/Page_tC Create/text_tCCVersion' is visible

2021-01-06 09:41:53 - [TEST_STEP][PASSED] - version = getText(findTestObject("Page_tC Create/text_tCCVersion")): Text of object 'Object Repository/Page_tC Create/text_tCCVersion' is: 'translationCore Create - v1.1.0-rc.3'

2021-01-06 09:41:54 - [MESSAGE][PASSED] - Text of object 'Object Repository/Page_tC Create/text_tCCVersion' is: 'translationCore Create - v1.1.0-rc.3'

2021-01-06 09:41:54 - [TEST_STEP][PASSED] - version = version: null

2021-01-06 09:41:54 - [TEST_STEP][PASSED] - println("Version is " + version): null

2021-01-06 09:41:54 - [TEST_STEP][PASSED] - if (user == ""): null

2021-01-06 09:41:54 - [TEST_STEP][PASSED] - else if (user != "?"): null

2021-01-06 09:41:54 - [TEST_STEP][PASSED] - println("Logging in as " + user): null

2021-01-06 09:41:54 - [TEST_STEP][PASSED] - setText(findTestObject("Page_tC Create/input__username"), user): Text 'tcc001' is set on object 'Object Repository/Page_tC Create/input__username'

2021-01-06 09:41:55 - [MESSAGE][PASSED] - Text 'tcc001' is set on object 'Object Repository/Page_tC Create/input__username'

2021-01-06 09:41:55 - [TEST_STEP][PASSED] - setText(findTestObject("Page_tC Create/input__password"), password): Text 'tcc001' is set on object 'Object Repository/Page_tC Create/input__password'

2021-01-06 09:41:56 - [MESSAGE][PASSED] - Text 'tcc001' is set on object 'Object Repository/Page_tC Create/input__password'

2021-01-06 09:41:56 - [TEST_STEP][PASSED] - if (verifyElementPresent(findTestObject("Page_tC Create/button_Login"), 1, OPTIONAL)): null

2021-01-06 09:41:56 - [MESSAGE][PASSED] - Object 'Object Repository/Page_tC Create/button_Login' is present

2021-01-06 09:41:56 - [TEST_STEP][PASSED] - click(findTestObject("Page_tC Create/button_Login")): Object: 'Object Repository/Page_tC Create/button_Login' is clicked on

2021-01-06 09:41:56 - [MESSAGE][PASSED] - Object: 'Object Repository/Page_tC Create/button_Login' is clicked on

2021-01-06 09:42:02 - [MESSAGE][PASSED] - Call Test Case 'Test Cases/tCC Components/tCC Login' successfully

2021-01-06 09:42:02 - [TEST_STEP][PASSED] - if (callTestCase(findTestCase("tCC Components/tCC Select Org-Lang-Resource"), ["organization":"", "language":"", "resource":"unfoldingWord/en_tn"], STOP_ON_FAILURE) == false): Call Test Case 'Test Cases/tCC Components/tCC Select Org-Lang-Resource' successfully

2021-01-06 09:42:02 - [TEST_CASE][PASSED] - Test Cases/tCC Components/tCC Select Org-Lang-Resource: Test Cases/tCC Components/tCC Select Org-Lang-Resource

2021-01-06 09:42:02 - [TEST_STEP][PASSED] - if (organization == ""): null

2021-01-06 09:42:02 - [TEST_STEP][PASSED] - organization = organization: null

2021-01-06 09:42:02 - [TEST_STEP][PASSED] - if (language == ""): null

2021-01-06 09:42:02 - [TEST_STEP][PASSED] - language = langCode: null

2021-01-06 09:42:02 - [TEST_STEP][PASSED] - println("Choosing organization " + organization): null

2021-01-06 09:42:02 - [TEST_STEP][PASSED] - if (waitForElementPresent(organization, 5, OPTIONAL) == false): Object 'Object Repository/Page_tC Create/listOrg_translate_test' is present

2021-01-06 09:42:02 - [MESSAGE][PASSED] - Object 'Object Repository/Page_tC Create/listOrg_translate_test' is present

2021-01-06 09:42:02 - [TEST_STEP][PASSED] - else: null

2021-01-06 09:42:02 - [TEST_STEP][PASSED] - click(organization): Object: 'Object Repository/Page_tC Create/listOrg_translate_test' is clicked on

2021-01-06 09:42:02 - [MESSAGE][PASSED] - Object: 'Object Repository/Page_tC Create/listOrg_translate_test' is clicked on

2021-01-06 09:42:02 - [TEST_STEP][PASSED] - alerted = waitForAlert(2): No alert found after 2 second(s).

2021-01-06 09:42:04 - [MESSAGE][WARNING] - No alert found after 2 second(s).

2021-01-06 09:42:04 - [TEST_STEP][PASSED] - if (alerted == true): null

2021-01-06 09:42:04 - [TEST_STEP][PASSED] - else: Object: 'Object Repository/Page_tC Create/listOption_Language_Parmed' is clicked on

2021-01-06 09:42:04 - [TEST_STEP][PASSED] - println("Not alerted on organization"): null

2021-01-06 09:42:04 - [TEST_STEP][PASSED] - alertFlag = false: null

2021-01-06 09:42:04 - [TEST_STEP][PASSED] - println("Choosing resource " + resource): null

2021-01-06 09:42:04 - [TEST_STEP][PASSED] - click(findTestObject("Page_tC Create/resource_Parmed", ["resource":resource])): Object: 'Object Repository/Page_tC Create/resource_Parmed' is clicked on

2021-01-06 09:42:05 - [MESSAGE][PASSED] - Object: 'Object Repository/Page_tC Create/resource_Parmed' is clicked on

2021-01-06 09:42:05 - [TEST_STEP][PASSED] - println("Choosing language " + language): null

2021-01-06 09:42:05 - [TEST_STEP][PASSED] - click(findTestObject("Page_tC Create/combo_Select Language")): Object: 'Object Repository/Page_tC Create/combo_Select Language' is clicked on

2021-01-06 09:42:06 - [MESSAGE][PASSED] - Object: 'Object Repository/Page_tC Create/combo_Select Language' is clicked on

2021-01-06 09:42:06 - [TEST_STEP][PASSED] - click(findTestObject("Page_tC Create/listOption_Language_Parmed", ["lang_code":language])): Object: 'Object Repository/Page_tC Create/listOption_Language_Parmed' is clicked on

2021-01-06 09:42:07 - [MESSAGE][PASSED] - Object: 'Object Repository/Page_tC Create/listOption_Language_Parmed' is clicked on

2021-01-06 09:42:07 - [TEST_STEP][PASSED] - return true: null

2021-01-06 09:42:12 - [MESSAGE][PASSED] - Call Test Case 'Test Cases/tCC Components/tCC Select Org-Lang-Resource' successfully

2021-01-06 09:42:12 - [TEST_STEP][PASSED] - try: Object: 'Object Repository/Page_tC Create/file_Parmed' is clicked on

2021-01-06 09:42:12 - [TEST_STEP][PASSED] - myFile = file: null

2021-01-06 09:42:12 - [TEST_STEP][PASSED] - click(findTestObject("Page_tC Create/file_Parmed", ["fileName":myFile])): Object: 'Object Repository/Page_tC Create/file_Parmed' is clicked on

2021-01-06 09:42:12 - [MESSAGE][PASSED] - Object: 'Object Repository/Page_tC Create/file_Parmed' is clicked on

2021-01-06 09:42:17 - [MESSAGE][PASSED] - Call Test Case 'Test Cases/tCC Components/tCC tN Open For Edit' successfully

2021-01-06 09:42:17 - [TEST_STEP][PASSED] - (vSize, newContent) = runValidation(initSize, testFile): null

2021-01-06 09:42:17 - [TEST_STEP][PASSED] - scrollToPosition(0, 0): Browser is scrolled to position x = 0, y = 0

2021-01-06 09:42:17 - [MESSAGE][PASSED] - Browser is scrolled to position x = 0, y = 0

2021-01-06 09:42:17 - [TEST_STEP][PASSED] - waitForElementClickable(findTestObject("Page_tCC translationNotes/button_validate"), 30): Object 'Object Repository/Page_tCC translationNotes/button_validate' is clickable

2021-01-06 09:42:18 - [MESSAGE][PASSED] - Object 'Object Repository/Page_tCC translationNotes/button_validate' is clickable

2021-01-06 09:42:18 - [TEST_STEP][PASSED] - click(findTestObject("Page_tCC translationNotes/button_validate")): Object: 'Object Repository/Page_tCC translationNotes/button_validate' is clicked on

2021-01-06 09:42:19 - [MESSAGE][PASSED] - Object: 'Object Repository/Page_tCC translationNotes/button_validate' is clicked on

2021-01-06 09:42:19 - [TEST_STEP][PASSED] - if (verifyElementPresent(findTestObject("Object Repository/Page_tCC translationNotes/alert_ValidationRunning"), 2)): null

2021-01-06 09:42:19 - [MESSAGE][PASSED] - Object 'Object Repository/Page_tCC translationNotes/alert_ValidationRunning' is present

2021-01-06 09:42:19 - [TEST_STEP][PASSED] - println("waiting"): null

2021-01-06 09:42:19 - [TEST_STEP][FAILED] - waitForElementNotPresent(findTestObject("Object Repository/Page_tCC translationNotes/alert_ValidationRunning"), 60): Unable to wait for object 'Object Repository/Page_tCC translationNotes/alert_ValidationRunning' to be not present (Root cause: com.kms.katalon.core.exception.StepFailedException: Unable to wait for object 'Object Repository/Page_tCC translationNotes/alert_ValidationRunning' to be not present
	at com.kms.katalon.core.webui.keyword.internal.WebUIKeywordMain.stepFailed(WebUIKeywordMain.groovy:64)
	at com.kms.katalon.core.webui.keyword.internal.WebUIKeywordMain.runKeyword(WebUIKeywordMain.groovy:26)
	at com.kms.katalon.core.webui.keyword.internal.WebUIKeywordMain$runKeyword.call(Unknown Source)
	at com.kms.katalon.core.webui.keyword.builtin.WaitForElementNotPresentKeyword.waitForElementNotPresent(WaitForElementNotPresentKeyword.groovy:114)
	at com.kms.katalon.core.webui.keyword.builtin.WaitForElementNotPresentKeyword.execute(WaitForElementNotPresentKeyword.groovy:68)
	at com.kms.katalon.core.keyword.internal.KeywordExecutor.executeKeywordForPlatform(KeywordExecutor.groovy:73)
	at com.kms.katalon.core.webui.keyword.WebUiBuiltInKeywords.waitForElementNotPresent(WebUiBuiltInKeywords.groovy:310)
	at com.kms.katalon.core.webui.keyword.WebUiBuiltInKeywords$waitForElementNotPresent$26.call(Unknown Source)
	at tCC tN Test Validation.runValidation(tCC tN Test Validation:735)
	at Script1607103345455$runValidation$0.callCurrent(Unknown Source)
	at tCC tN Test Validation.run(tCC tN Test Validation:71)
	at com.kms.katalon.core.main.ScriptEngine.run(ScriptEngine.java:194)
	at com.kms.katalon.core.main.ScriptEngine.runScriptAsRawText(ScriptEngine.java:119)
	at com.kms.katalon.core.main.TestCaseExecutor.runScript(TestCaseExecutor.java:393)
	at com.kms.katalon.core.main.TestCaseExecutor.doExecute(TestCaseExecutor.java:384)
	at com.kms.katalon.core.main.TestCaseExecutor.processExecutionPhase(TestCaseExecutor.java:363)
	at com.kms.katalon.core.main.TestCaseExecutor.accessMainPhase(TestCaseExecutor.java:355)
	at com.kms.katalon.core.main.TestCaseExecutor.execute(TestCaseExecutor.java:251)
	at com.kms.katalon.core.main.TestSuiteExecutor.accessTestCaseMainPhase(TestSuiteExecutor.java:203)
	at com.kms.katalon.core.main.TestSuiteExecutor.accessTestSuiteMainPhase(TestSuiteExecutor.java:152)
	at com.kms.katalon.core.main.TestSuiteExecutor.execute(TestSuiteExecutor.java:95)
	at com.kms.katalon.core.main.TestCaseMain.startTestSuite(TestCaseMain.java:157)
	at com.kms.katalon.core.main.TestCaseMain$startTestSuite$0.call(Unknown Source)
	at TempTestSuite1609946231562.run(TempTestSuite1609946231562.groovy:39)
Caused by: org.openqa.selenium.UnhandledAlertException: unexpected alert open: {Alert text : No Validation Errors Found}
  (Session info: chrome=87.0.4280.88): No Validation Errors Found
Build info: version: '3.141.59', revision: 'e82be7d358', time: '2018-11-14T08:25:53'
System info: host: 'Kozs-MacBook-Air.local', ip: 'fe80:0:0:0:c5:5944:3b35:56d9%en0', os.name: 'Mac OS X', os.arch: 'x86_64', os.version: '10.14.6', java.version: '1.8.0_181'
Driver info: com.kms.katalon.selenium.driver.CChromeDriver
Capabilities {acceptInsecureCerts: false, browserName: chrome, browserVersion: 87.0.4280.88, chrome: {chromedriverVersion: 86.0.4240.22 (398b0743353ff..., userDataDir: /var/folders/hb/hv2s0v7n1nz...}, goog:chromeOptions: {debuggerAddress: localhost:52765}, javascriptEnabled: true, networkConnectionEnabled: false, pageLoadStrategy: normal, platform: MAC, platformName: MAC, proxy: Proxy(), setWindowRect: true, strictFileInteractability: false, timeouts: {implicit: 0, pageLoad: 300000, script: 30000}, unhandledPromptBehavior: dismiss and notify, webauthn:virtualAuthenticators: true}
Session ID: 0abf53c37c1ab80346d014c991105ff3
*** Element info: {Using=xpath, value=//div[@id='alert-dialog-title']/h2}
	at org.openqa.selenium.remote.http.W3CHttpResponseCodec.decode(W3CHttpResponseCodec.java:120)
	at org.openqa.selenium.remote.http.W3CHttpResponseCodec.decode(W3CHttpResponseCodec.java:49)
	at org.openqa.selenium.remote.HttpCommandExecutor.execute(HttpCommandExecutor.java:158)
	at org.openqa.selenium.remote.service.DriverCommandExecutor.execute(DriverCommandExecutor.java:83)
	at org.openqa.selenium.remote.RemoteWebDriver.execute(RemoteWebDriver.java:552)
	at com.kms.katalon.selenium.driver.CChromeDriver.execute(CChromeDriver.java:19)
	at org.openqa.selenium.remote.RemoteWebDriver.findElement(RemoteWebDriver.java:323)
	at org.openqa.selenium.remote.RemoteWebDriver.findElementByXPath(RemoteWebDriver.java:428)
	at org.openqa.selenium.By$ByXPath.findElement(By.java:353)
	at org.openqa.selenium.remote.RemoteWebDriver.findElement(RemoteWebDriver.java:315)
	at org.openqa.selenium.support.events.EventFiringWebDriver.lambda$new$1(EventFiringWebDriver.java:105)
	at com.sun.proxy.$Proxy15.findElement(Unknown Source)
	at org.openqa.selenium.support.events.EventFiringWebDriver.findElement(EventFiringWebDriver.java:194)
	at org.openqa.selenium.WebDriver$findElement.call(Unknown Source)
	at com.kms.katalon.core.webui.keyword.builtin.WaitForElementNotPresentKeyword$1.apply(WaitForElementNotPresentKeyword.groovy:89)
	at com.kms.katalon.core.webui.keyword.builtin.WaitForElementNotPresentKeyword$1.apply(WaitForElementNotPresentKeyword.groovy)
	at org.openqa.selenium.support.ui.FluentWait.until(FluentWait.java:249)
	at org.openqa.selenium.support.ui.Wait$until.call(Unknown Source)
	at com.kms.katalon.core.webui.keyword.builtin.WaitForElementNotPresentKeyword$_waitForElementNotPresent_closure1.doCall(WaitForElementNotPresentKeyword.groovy:85)
	at com.kms.katalon.core.webui.keyword.builtin.WaitForElementNotPresentKeyword$_waitForElementNotPresent_closure1.doCall(WaitForElementNotPresentKeyword.groovy)
	at com.kms.katalon.core.webui.keyword.internal.WebUIKeywordMain.runKeyword(WebUIKeywordMain.groovy:20)
	at com.kms.katalon.core.webui.keyword.internal.WebUIKeywordMain$runKeyword.call(Unknown Source)
	at com.kms.katalon.core.webui.keyword.builtin.WaitForElementNotPresentKeyword.waitForElementNotPresent(WaitForElementNotPresentKeyword.groovy:114)
	at com.kms.katalon.core.webui.keyword.builtin.WaitForElementNotPresentKeyword.execute(WaitForElementNotPresentKeyword.groovy:68)
	at com.kms.katalon.core.keyword.internal.KeywordExecutor.executeKeywordForPlatform(KeywordExecutor.groovy:73)
	at com.kms.katalon.core.webui.keyword.WebUiBuiltInKeywords.waitForElementNotPresent(WebUiBuiltInKeywords.groovy:310)
	at com.kms.katalon.core.webui.keyword.WebUiBuiltInKeywords$waitForElementNotPresent$26.call(Unknown Source)
	at Script1607103345455.runValidation(Script1607103345455.groovy:735)
	at Script1607103345455$runValidation$0.callCurrent(Unknown Source)
	at Script1607103345455.run(Script1607103345455.groovy:71)
	... 13 more
)

2021-01-06 09:42:42 - [MESSAGE][FAILED] - Unable to wait for object 'Object Repository/Page_tCC translationNotes/alert_ValidationRunning' to be not present (Root cause: com.kms.katalon.core.exception.StepFailedException: Unable to wait for object 'Object Repository/Page_tCC translationNotes/alert_ValidationRunning' to be not present
	at com.kms.katalon.core.webui.keyword.internal.WebUIKeywordMain.stepFailed(WebUIKeywordMain.groovy:64)
	at com.kms.katalon.core.webui.keyword.internal.WebUIKeywordMain.runKeyword(WebUIKeywordMain.groovy:26)
	at com.kms.katalon.core.webui.keyword.internal.WebUIKeywordMain$runKeyword.call(Unknown Source)
	at com.kms.katalon.core.webui.keyword.builtin.WaitForElementNotPresentKeyword.waitForElementNotPresent(WaitForElementNotPresentKeyword.groovy:114)
	at com.kms.katalon.core.webui.keyword.builtin.WaitForElementNotPresentKeyword.execute(WaitForElementNotPresentKeyword.groovy:68)
	at com.kms.katalon.core.keyword.internal.KeywordExecutor.executeKeywordForPlatform(KeywordExecutor.groovy:73)
	at com.kms.katalon.core.webui.keyword.WebUiBuiltInKeywords.waitForElementNotPresent(WebUiBuiltInKeywords.groovy:310)
	at com.kms.katalon.core.webui.keyword.WebUiBuiltInKeywords$waitForElementNotPresent$26.call(Unknown Source)
	at tCC tN Test Validation.runValidation(tCC tN Test Validation:735)
	at Script1607103345455$runValidation$0.callCurrent(Unknown Source)
	at tCC tN Test Validation.run(tCC tN Test Validation:71)
	at com.kms.katalon.core.main.ScriptEngine.run(ScriptEngine.java:194)
	at com.kms.katalon.core.main.ScriptEngine.runScriptAsRawText(ScriptEngine.java:119)
	at com.kms.katalon.core.main.TestCaseExecutor.runScript(TestCaseExecutor.java:393)
	at com.kms.katalon.core.main.TestCaseExecutor.doExecute(TestCaseExecutor.java:384)
	at com.kms.katalon.core.main.TestCaseExecutor.processExecutionPhase(TestCaseExecutor.java:363)
	at com.kms.katalon.core.main.TestCaseExecutor.accessMainPhase(TestCaseExecutor.java:355)
	at com.kms.katalon.core.main.TestCaseExecutor.execute(TestCaseExecutor.java:251)
	at com.kms.katalon.core.main.TestSuiteExecutor.accessTestCaseMainPhase(TestSuiteExecutor.java:203)
	at com.kms.katalon.core.main.TestSuiteExecutor.accessTestSuiteMainPhase(TestSuiteExecutor.java:152)
	at com.kms.katalon.core.main.TestSuiteExecutor.execute(TestSuiteExecutor.java:95)
	at com.kms.katalon.core.main.TestCaseMain.startTestSuite(TestCaseMain.java:157)
	at com.kms.katalon.core.main.TestCaseMain$startTestSuite$0.call(Unknown Source)
	at TempTestSuite1609946231562.run(TempTestSuite1609946231562.groovy:39)
Caused by: org.openqa.selenium.UnhandledAlertException: unexpected alert open: {Alert text : No Validation Errors Found}
  (Session info: chrome=87.0.4280.88): No Validation Errors Found
Build info: version: '3.141.59', revision: 'e82be7d358', time: '2018-11-14T08:25:53'
System info: host: 'Kozs-MacBook-Air.local', ip: 'fe80:0:0:0:c5:5944:3b35:56d9%en0', os.name: 'Mac OS X', os.arch: 'x86_64', os.version: '10.14.6', java.version: '1.8.0_181'
Driver info: com.kms.katalon.selenium.driver.CChromeDriver
Capabilities {acceptInsecureCerts: false, browserName: chrome, browserVersion: 87.0.4280.88, chrome: {chromedriverVersion: 86.0.4240.22 (398b0743353ff..., userDataDir: /var/folders/hb/hv2s0v7n1nz...}, goog:chromeOptions: {debuggerAddress: localhost:52765}, javascriptEnabled: true, networkConnectionEnabled: false, pageLoadStrategy: normal, platform: MAC, platformName: MAC, proxy: Proxy(), setWindowRect: true, strictFileInteractability: false, timeouts: {implicit: 0, pageLoad: 300000, script: 30000}, unhandledPromptBehavior: dismiss and notify, webauthn:virtualAuthenticators: true}
Session ID: 0abf53c37c1ab80346d014c991105ff3
*** Element info: {Using=xpath, value=//div[@id='alert-dialog-title']/h2}
	at org.openqa.selenium.remote.http.W3CHttpResponseCodec.decode(W3CHttpResponseCodec.java:120)
	at org.openqa.selenium.remote.http.W3CHttpResponseCodec.decode(W3CHttpResponseCodec.java:49)
	at org.openqa.selenium.remote.HttpCommandExecutor.execute(HttpCommandExecutor.java:158)
	at org.openqa.selenium.remote.service.DriverCommandExecutor.execute(DriverCommandExecutor.java:83)
	at org.openqa.selenium.remote.RemoteWebDriver.execute(RemoteWebDriver.java:552)
	at com.kms.katalon.selenium.driver.CChromeDriver.execute(CChromeDriver.java:19)
	at org.openqa.selenium.remote.RemoteWebDriver.findElement(RemoteWebDriver.java:323)
	at org.openqa.selenium.remote.RemoteWebDriver.findElementByXPath(RemoteWebDriver.java:428)
	at org.openqa.selenium.By$ByXPath.findElement(By.java:353)
	at org.openqa.selenium.remote.RemoteWebDriver.findElement(RemoteWebDriver.java:315)
	at org.openqa.selenium.support.events.EventFiringWebDriver.lambda$new$1(EventFiringWebDriver.java:105)
	at com.sun.proxy.$Proxy15.findElement(Unknown Source)
	at org.openqa.selenium.support.events.EventFiringWebDriver.findElement(EventFiringWebDriver.java:194)
	at org.openqa.selenium.WebDriver$findElement.call(Unknown Source)
	at com.kms.katalon.core.webui.keyword.builtin.WaitForElementNotPresentKeyword$1.apply(WaitForElementNotPresentKeyword.groovy:89)
	at com.kms.katalon.core.webui.keyword.builtin.WaitForElementNotPresentKeyword$1.apply(WaitForElementNotPresentKeyword.groovy)
	at org.openqa.selenium.support.ui.FluentWait.until(FluentWait.java:249)
	at org.openqa.selenium.support.ui.Wait$until.call(Unknown Source)
	at com.kms.katalon.core.webui.keyword.builtin.WaitForElementNotPresentKeyword$_waitForElementNotPresent_closure1.doCall(WaitForElementNotPresentKeyword.groovy:85)
	at com.kms.katalon.core.webui.keyword.builtin.WaitForElementNotPresentKeyword$_waitForElementNotPresent_closure1.doCall(WaitForElementNotPresentKeyword.groovy)
	at com.kms.katalon.core.webui.keyword.internal.WebUIKeywordMain.runKeyword(WebUIKeywordMain.groovy:20)
	at com.kms.katalon.core.webui.keyword.internal.WebUIKeywordMain$runKeyword.call(Unknown Source)
	at com.kms.katalon.core.webui.keyword.builtin.WaitForElementNotPresentKeyword.waitForElementNotPresent(WaitForElementNotPresentKeyword.groovy:114)
	at com.kms.katalon.core.webui.keyword.builtin.WaitForElementNotPresentKeyword.execute(WaitForElementNotPresentKeyword.groovy:68)
	at com.kms.katalon.core.keyword.internal.KeywordExecutor.executeKeywordForPlatform(KeywordExecutor.groovy:73)
	at com.kms.katalon.core.webui.keyword.WebUiBuiltInKeywords.waitForElementNotPresent(WebUiBuiltInKeywords.groovy:310)
	at com.kms.katalon.core.webui.keyword.WebUiBuiltInKeywords$waitForElementNotPresent$26.call(Unknown Source)
	at Script1607103345455.runValidation(Script1607103345455.groovy:735)
	at Script1607103345455$runValidation$0.callCurrent(Unknown Source)
	at Script1607103345455.run(Script1607103345455.groovy:71)
	... 13 more
)
[[ATTACHMENT|/Users/cckozie/git/Katalon/tC Create Project/Reports/20210106_091711/tCC Test Suite 1/20210106_091711/1609947760426.png]]

2021-01-06 09:42:47 - [TEST_STEP][PASSED] - Start listener action : sampleAfterTestCase: null

2021-01-06 09:42:47 - [TEST_STEP][PASSED] - suite = false: null

2021-01-06 09:42:47 - [TEST_STEP][PASSED] - fileName = testSuiteLogFile: null

2021-01-06 09:42:47 - [TEST_STEP][PASSED] - if (fileName.length() > 1): null

2021-01-06 09:42:47 - [TEST_STEP][PASSED] - suite = true: null

2021-01-06 09:42:47 - [TEST_STEP][PASSED] - println("test case teardown in suite"): null

2021-01-06 09:42:47 - [TEST_STEP][PASSED] - println("log file is at " + fileName): null

2021-01-06 09:42:47 - [TEST_STEP][PASSED] - browser = unfoldingWord_Keywords.GetTestingConfig.getBrowserAndVersion(): unfoldingWord_Keywords.GetTestingConfig.getBrowserAndVersion is PASSED

2021-01-06 09:42:47 - [MESSAGE][PASSED] - unfoldingWord_Keywords.GetTestingConfig.getBrowserAndVersion is PASSED

2021-01-06 09:42:47 - [TEST_STEP][PASSED] - separator = "===================================================================================================================================================": null

2021-01-06 09:42:47 - [TEST_STEP][PASSED] - msg = separator: null

2021-01-06 09:42:47 - [TEST_STEP][PASSED] - println(msg): null

2021-01-06 09:42:47 - [TEST_STEP][PASSED] - if (suite): null

2021-01-06 09:42:47 - [TEST_STEP][PASSED] - oFile = new java.io.File(fileName): null

2021-01-06 09:42:47 - [TEST_STEP][PASSED] - oFile.append(msg + "
"): null

2021-01-06 09:42:47 - [TEST_STEP][PASSED] - prefix = " +++++++++++ ": null

2021-01-06 09:42:47 - [TEST_STEP][PASSED] - testCaseStatus = testCaseContext.getTestCaseStatus(): null

2021-01-06 09:42:47 - [TEST_STEP][PASSED] - if (scriptRunning): null

2021-01-06 09:42:47 - [TEST_STEP][PASSED] - testCaseStatus = "FAILED": null

2021-01-06 09:42:47 - [TEST_STEP][PASSED] - if (testCaseStatus != "PASSED"): null

2021-01-06 09:42:47 - [TEST_STEP][PASSED] - prefix = " ---------------------- ": null

2021-01-06 09:42:47 - [TEST_STEP][PASSED] - msg = prefix + testCaseContext.getTestCaseId() + " on " + version + " running on " + browser + " " + testCaseStatus + prefix: null

2021-01-06 09:42:47 - [TEST_STEP][PASSED] - println(msg): null

2021-01-06 09:42:47 - [TEST_STEP][PASSED] - if (suite): null

2021-01-06 09:42:47 - [TEST_STEP][PASSED] - oFile = new java.io.File(fileName): null

2021-01-06 09:42:47 - [TEST_STEP][PASSED] - oFile.append(msg + "
"): null

2021-01-06 09:42:47 - [TEST_STEP][PASSED] - tsMessages.add("##" + testCaseContext.getTestCaseId()): null

2021-01-06 09:42:47 - [TEST_STEP][PASSED] - if (scriptRunning): null

2021-01-06 09:42:47 - [TEST_STEP][PASSED] - msg = "\\\\\\\\\\ SCRIPT ABENDED //////////": null

2021-01-06 09:42:47 - [TEST_STEP][PASSED] - tcMessages.add(msg): null

2021-01-06 09:42:47 - [TEST_STEP][PASSED] - if (tcMessages.size() > 0): null

2021-01-06 09:42:47 - [TEST_STEP][PASSED] - for (def i : (0..(internal.GlobalVariable.tcMessages.size() - 1))): null

2021-01-06 09:42:47 - [TEST_STEP][PASSED] - msg = tcMessages[i]: null

2021-01-06 09:42:47 - [TEST_STEP][PASSED] - println(msg): null

2021-01-06 09:42:47 - [TEST_STEP][PASSED] - if (suite): null

2021-01-06 09:42:47 - [TEST_STEP][PASSED] - oFile = new java.io.File(fileName): null

2021-01-06 09:42:47 - [TEST_STEP][PASSED] - oFile.append(msg + "
"): null

2021-01-06 09:42:47 - [TEST_STEP][PASSED] - tsMessages.add(tcMessages[i]): null

2021-01-06 09:42:47 - [TEST_STEP][PASSED] - if (scriptRunning && 1 == 2): null

2021-01-06 09:42:47 - [TEST_STEP][PASSED] - if (testCount > 0): null

2021-01-06 09:42:47 - [TEST_STEP][PASSED] - msg = separator: null

2021-01-06 09:42:47 - [TEST_STEP][PASSED] - println(msg): null

2021-01-06 09:42:47 - [TEST_STEP][PASSED] - if (suite): null

2021-01-06 09:42:47 - [TEST_STEP][PASSED] - oFile = new java.io.File(fileName): null

2021-01-06 09:42:47 - [TEST_STEP][PASSED] - oFile.append(msg + "

"): null

2021-01-06 09:42:49 - [TEST_STEP][PASSED] - Video: Video recording for test case 'Test Cases/tCC Test Cases/tCC tN Test Validation' .

2021-01-06 09:42:49 - [MESSAGE][INFO] - Video recording for test case 'Test Cases/tCC Test Cases/tCC tN Test Validation' .]]></system-out>
         <system-err><![CDATA[2021-01-06 09:41:35 - [TEST_CASE][FAILED] - Test Cases/tCC Test Cases/tCC tN Test Validation: Test Cases/tCC Test Cases/tCC tN Test Validation FAILED.
Reason:
com.kms.katalon.core.exception.StepFailedException: Unable to wait for object 'Object Repository/Page_tCC translationNotes/alert_ValidationRunning' to be not present
	at com.kms.katalon.core.webui.keyword.internal.WebUIKeywordMain.stepFailed(WebUIKeywordMain.groovy:64)
	at com.kms.katalon.core.webui.keyword.internal.WebUIKeywordMain.runKeyword(WebUIKeywordMain.groovy:26)
	at com.kms.katalon.core.webui.keyword.internal.WebUIKeywordMain$runKeyword.call(Unknown Source)
	at com.kms.katalon.core.webui.keyword.builtin.WaitForElementNotPresentKeyword.waitForElementNotPresent(WaitForElementNotPresentKeyword.groovy:114)
	at com.kms.katalon.core.webui.keyword.builtin.WaitForElementNotPresentKeyword.execute(WaitForElementNotPresentKeyword.groovy:68)
	at com.kms.katalon.core.keyword.internal.KeywordExecutor.executeKeywordForPlatform(KeywordExecutor.groovy:73)
	at com.kms.katalon.core.webui.keyword.WebUiBuiltInKeywords.waitForElementNotPresent(WebUiBuiltInKeywords.groovy:310)
	at com.kms.katalon.core.webui.keyword.WebUiBuiltInKeywords$waitForElementNotPresent$26.call(Unknown Source)
	at tCC tN Test Validation.runValidation(tCC tN Test Validation:735)
	at Script1607103345455$runValidation$0.callCurrent(Unknown Source)
	at tCC tN Test Validation.run(tCC tN Test Validation:71)
	at com.kms.katalon.core.main.ScriptEngine.run(ScriptEngine.java:194)
	at com.kms.katalon.core.main.ScriptEngine.runScriptAsRawText(ScriptEngine.java:119)
	at com.kms.katalon.core.main.TestCaseExecutor.runScript(TestCaseExecutor.java:393)
	at com.kms.katalon.core.main.TestCaseExecutor.doExecute(TestCaseExecutor.java:384)
	at com.kms.katalon.core.main.TestCaseExecutor.processExecutionPhase(TestCaseExecutor.java:363)
	at com.kms.katalon.core.main.TestCaseExecutor.accessMainPhase(TestCaseExecutor.java:355)
	at com.kms.katalon.core.main.TestCaseExecutor.execute(TestCaseExecutor.java:251)
	at com.kms.katalon.core.main.TestSuiteExecutor.accessTestCaseMainPhase(TestSuiteExecutor.java:203)
	at com.kms.katalon.core.main.TestSuiteExecutor.accessTestSuiteMainPhase(TestSuiteExecutor.java:152)
	at com.kms.katalon.core.main.TestSuiteExecutor.execute(TestSuiteExecutor.java:95)
	at com.kms.katalon.core.main.TestCaseMain.startTestSuite(TestCaseMain.java:157)
	at com.kms.katalon.core.main.TestCaseMain$startTestSuite$0.call(Unknown Source)
	at TempTestSuite1609946231562.run(TempTestSuite1609946231562.groovy:39)
Caused by: org.openqa.selenium.UnhandledAlertException: unexpected alert open: {Alert text : No Validation Errors Found}
  (Session info: chrome=87.0.4280.88): No Validation Errors Found
Build info: version: '3.141.59', revision: 'e82be7d358', time: '2018-11-14T08:25:53'
System info: host: 'Kozs-MacBook-Air.local', ip: 'fe80:0:0:0:c5:5944:3b35:56d9%en0', os.name: 'Mac OS X', os.arch: 'x86_64', os.version: '10.14.6', java.version: '1.8.0_181'
Driver info: com.kms.katalon.selenium.driver.CChromeDriver
Capabilities {acceptInsecureCerts: false, browserName: chrome, browserVersion: 87.0.4280.88, chrome: {chromedriverVersion: 86.0.4240.22 (398b0743353ff..., userDataDir: /var/folders/hb/hv2s0v7n1nz...}, goog:chromeOptions: {debuggerAddress: localhost:52765}, javascriptEnabled: true, networkConnectionEnabled: false, pageLoadStrategy: normal, platform: MAC, platformName: MAC, proxy: Proxy(), setWindowRect: true, strictFileInteractability: false, timeouts: {implicit: 0, pageLoad: 300000, script: 30000}, unhandledPromptBehavior: dismiss and notify, webauthn:virtualAuthenticators: true}
Session ID: 0abf53c37c1ab80346d014c991105ff3
*** Element info: {Using=xpath, value=//div[@id='alert-dialog-title']/h2}
	at org.openqa.selenium.remote.http.W3CHttpResponseCodec.decode(W3CHttpResponseCodec.java:120)
	at org.openqa.selenium.remote.http.W3CHttpResponseCodec.decode(W3CHttpResponseCodec.java:49)
	at org.openqa.selenium.remote.HttpCommandExecutor.execute(HttpCommandExecutor.java:158)
	at org.openqa.selenium.remote.service.DriverCommandExecutor.execute(DriverCommandExecutor.java:83)
	at org.openqa.selenium.remote.RemoteWebDriver.execute(RemoteWebDriver.java:552)
	at com.kms.katalon.selenium.driver.CChromeDriver.execute(CChromeDriver.java:19)
	at org.openqa.selenium.remote.RemoteWebDriver.findElement(RemoteWebDriver.java:323)
	at org.openqa.selenium.remote.RemoteWebDriver.findElementByXPath(RemoteWebDriver.java:428)
	at org.openqa.selenium.By$ByXPath.findElement(By.java:353)
	at org.openqa.selenium.remote.RemoteWebDriver.findElement(RemoteWebDriver.java:315)
	at org.openqa.selenium.support.events.EventFiringWebDriver.lambda$new$1(EventFiringWebDriver.java:105)
	at com.sun.proxy.$Proxy15.findElement(Unknown Source)
	at org.openqa.selenium.support.events.EventFiringWebDriver.findElement(EventFiringWebDriver.java:194)
	at org.openqa.selenium.WebDriver$findElement.call(Unknown Source)
	at com.kms.katalon.core.webui.keyword.builtin.WaitForElementNotPresentKeyword$1.apply(WaitForElementNotPresentKeyword.groovy:89)
	at com.kms.katalon.core.webui.keyword.builtin.WaitForElementNotPresentKeyword$1.apply(WaitForElementNotPresentKeyword.groovy)
	at org.openqa.selenium.support.ui.FluentWait.until(FluentWait.java:249)
	at org.openqa.selenium.support.ui.Wait$until.call(Unknown Source)
	at com.kms.katalon.core.webui.keyword.builtin.WaitForElementNotPresentKeyword$_waitForElementNotPresent_closure1.doCall(WaitForElementNotPresentKeyword.groovy:85)
	at com.kms.katalon.core.webui.keyword.builtin.WaitForElementNotPresentKeyword$_waitForElementNotPresent_closure1.doCall(WaitForElementNotPresentKeyword.groovy)
	at com.kms.katalon.core.webui.keyword.internal.WebUIKeywordMain.runKeyword(WebUIKeywordMain.groovy:20)
	... 22 more]]></system-err>
      </testcase>
      <system-out><![CDATA[2021-01-06 09:17:32 - [TEST_SUITE][INCOMPLETE] - tCC Test Suite 1: null]]></system-out>
      <system-err><![CDATA[2021-01-06 09:17:32 - [TEST_SUITE][INCOMPLETE] - tCC Test Suite 1: null]]></system-err>
   </testsuite>
</testsuites>
