<?xml version="1.0" encoding="UTF-8"?>
<testsuites name="tCC Test Suite 1" time="479.116" tests="7" failures="2" errors="0">
   <testsuite name="tCC Test Suite 1" tests="7" failures="2" errors="0" time="479.116" timestamp="2020-09-28 14:53:19" hostname="cckozie - 192.168.1.2" id="Test Suites/tCC Test Suite 1">
      <properties>
         <property name="deviceName" value=""/>
         <property name="devicePlatform" value=""/>
         <property name="logFolder" value="/Users/cckozie/Katalon Studio/tC Create Project/Reports/20200928_145253/tCC Test Suite 1/20200928_145253"/>
         <property name="logFiles" value="/Users/cckozie/Katalon Studio/tC Create Project/Reports/20200928_145253/tCC Test Suite 1/20200928_145253/execution0.log"/>
         <property name="attachments" value="/Users/cckozie/Katalon Studio/tC Create Project/Reports/20200928_145253/tCC Test Suite 1/20200928_145253/1601322836999.png, /Users/cckozie/Katalon Studio/tC Create Project/Reports/20200928_145253/tCC Test Suite 1/20200928_145253/1601322838252.png, /Users/cckozie/Katalon Studio/tC Create Project/Reports/20200928_145253/tCC Test Suite 1/20200928_145253/1601322839299.png, /Users/cckozie/Katalon Studio/tC Create Project/Reports/20200928_145253/tCC Test Suite 1/20200928_145253/1601322840380.png, /Users/cckozie/Katalon Studio/tC Create Project/Reports/20200928_145253/tCC Test Suite 1/20200928_145253/1601322843227.png, /Users/cckozie/Katalon Studio/tC Create Project/Reports/20200928_145253/tCC Test Suite 1/20200928_145253/1601322844182.png, /Users/cckozie/Katalon Studio/tC Create Project/Reports/20200928_145253/tCC Test Suite 1/20200928_145253/1601322845125.png, /Users/cckozie/Katalon Studio/tC Create Project/Reports/20200928_145253/tCC Test Suite 1/20200928_145253/1601323173368.png, /Users/cckozie/Katalon Studio/tC Create Project/Reports/20200928_145253/tCC Test Suite 1/20200928_145253/videos/test_5.avi, /Users/cckozie/Katalon Studio/tC Create Project/Reports/20200928_145253/tCC Test Suite 1/20200928_145253/1601323231315.png, /Users/cckozie/Katalon Studio/tC Create Project/Reports/20200928_145253/tCC Test Suite 1/20200928_145253/1601323271963.png, /Users/cckozie/Katalon Studio/tC Create Project/Reports/20200928_145253/tCC Test Suite 1/20200928_145253/videos/test_7.avi"/>
         <property name="hostName" value="cckozie - 192.168.1.2"/>
         <property name="os" value="Mac OS X 64bit"/>
         <property name="katalonVersion" value="7.6.2.205"/>
         <property name="browser" value="Chrome 85.0.4183.121"/>
         <property name="hostAddress" value="192.168.1.2"/>
         <property name="sessionId" value="23926947a244e133028b69c968b9efab"/>
         <property name="seleniumVersion" value="3.141.59"/>
         <property name="proxyInformation" value="ProxyInformation { proxyOption=NO_PROXY, proxyServerType=HTTP, username=, password=********, proxyServerAddress=, proxyServerPort=0, executionList=\&quot;\&quot;, isApplyToDesiredCapabilities=true }"/>
         <property name="platform" value="Mac OS X"/>
      </properties>
      <testcase name="Test Cases/tCC Test Cases/tCC tN Test Column Options" time="102.133" classname="Test Cases/tCC Test Cases/tCC tN Test Column Options" status="PASSED">
         <system-out><![CDATA[2020-09-28 14:53:19 - [TEST_CASE][PASSED] - Test Cases/tCC Test Cases/tCC tN Test Column Options: Test Cases/tCC Test Cases/tCC tN Test Column Options

2020-09-28 14:53:20 - [TEST_STEP][PASSED] - Start listener action : sampleBeforeTestCase: Execution profile is tCC Production

2020-09-28 14:53:20 - [TEST_STEP][PASSED] - tcMessages = []: null

2020-09-28 14:53:20 - [TEST_STEP][PASSED] - executionProfile = getExecutionProfile(): null

2020-09-28 14:53:20 - [TEST_STEP][PASSED] - logInfo("Execution profile is " + executionProfile): Execution profile is tCC Production

2020-09-28 14:53:20 - [MESSAGE][INFO] - Execution profile is tCC Production

2020-09-28 14:53:22 - [TEST_STEP][PASSED] - callTestCase(findTestCase("tCC Components/tCC tN Open For Edit"), [:], STOP_ON_FAILURE): Call Test Case 'Test Cases/tCC Components/tCC tN Open For Edit' successfully

2020-09-28 14:53:22 - [TEST_CASE][PASSED] - Test Cases/tCC Components/tCC tN Open For Edit: Test Cases/tCC Components/tCC tN Open For Edit

2020-09-28 14:53:23 - [TEST_STEP][PASSED] - callTestCase(findTestCase("tCC Components/tCC Login"), ["user":$username, "password":$password], STOP_ON_FAILURE): Call Test Case 'Test Cases/tCC Components/tCC Login' successfully

2020-09-28 14:53:23 - [TEST_CASE][PASSED] - Test Cases/tCC Components/tCC Login: Test Cases/tCC Components/tCC Login

2020-09-28 14:53:23 - [TEST_STEP][PASSED] - if (openBrowser): Current window maximized

2020-09-28 14:53:23 - [TEST_STEP][PASSED] - openBrowser(""): Browser is opened with url: ''

2020-09-28 14:53:24 - [MESSAGE][INFO] - Starting 'Chrome' driver

2020-09-28 14:53:24 - [MESSAGE][INFO] - Action delay is set to 0 milliseconds

2020-09-28 14:53:31 - [MESSAGE][PASSED] - Browser is opened with url: ''

2020-09-28 14:53:31 - [TEST_STEP][PASSED] - maximizeWindow(): Current window maximized

2020-09-28 14:53:31 - [MESSAGE][PASSED] - Current window maximized

2020-09-28 14:53:31 - [TEST_STEP][PASSED] - println("Opening " + url): null

2020-09-28 14:53:31 - [TEST_STEP][PASSED] - navigateToUrl(url): Navigate to 'http://create.translationcore.com' successfully

2020-09-28 14:53:35 - [MESSAGE][PASSED] - Navigate to 'http://create.translationcore.com' successfully

2020-09-28 14:53:35 - [TEST_STEP][PASSED] - waitForElementVisible(findTestObject("Page_tC Create/text_tCCVersion"), 30): Object 'Object Repository/Page_tC Create/text_tCCVersion' is visible

2020-09-28 14:53:36 - [MESSAGE][PASSED] - Object 'Object Repository/Page_tC Create/text_tCCVersion' is visible

2020-09-28 14:53:36 - [TEST_STEP][PASSED] - version = getText(findTestObject("Page_tC Create/text_tCCVersion")): Text of object 'Object Repository/Page_tC Create/text_tCCVersion' is: 'translationCore Create - v1.0.4'

2020-09-28 14:53:37 - [MESSAGE][PASSED] - Text of object 'Object Repository/Page_tC Create/text_tCCVersion' is: 'translationCore Create - v1.0.4'

2020-09-28 14:53:37 - [TEST_STEP][PASSED] - version = version: null

2020-09-28 14:53:37 - [TEST_STEP][PASSED] - println("Version is " + version): null

2020-09-28 14:53:37 - [TEST_STEP][PASSED] - if (user == ""): Object: 'Object Repository/Page_tC Create/button_Login' is clicked on

2020-09-28 14:53:37 - [TEST_STEP][PASSED] - println("Logging in as " + user1Name): null

2020-09-28 14:53:37 - [TEST_STEP][PASSED] - setText(findTestObject("Page_tC Create/input__username"), user1Name): Text 'tcc001' is set on object 'Object Repository/Page_tC Create/input__username'

2020-09-28 14:53:38 - [MESSAGE][PASSED] - Text 'tcc001' is set on object 'Object Repository/Page_tC Create/input__username'

2020-09-28 14:53:38 - [TEST_STEP][PASSED] - setText(findTestObject("Page_tC Create/input__password"), user1Password): Text 'tcc001' is set on object 'Object Repository/Page_tC Create/input__password'

2020-09-28 14:53:38 - [MESSAGE][PASSED] - Text 'tcc001' is set on object 'Object Repository/Page_tC Create/input__password'

2020-09-28 14:53:38 - [TEST_STEP][PASSED] - click(findTestObject("Page_tC Create/button_Login")): Object: 'Object Repository/Page_tC Create/button_Login' is clicked on

2020-09-28 14:53:39 - [MESSAGE][PASSED] - Object: 'Object Repository/Page_tC Create/button_Login' is clicked on

2020-09-28 14:53:39 - [MESSAGE][PASSED] - Call Test Case 'Test Cases/tCC Components/tCC Login' successfully

2020-09-28 14:53:39 - [TEST_STEP][PASSED] - if (callTestCase(findTestCase("tCC Components/tCC Select Org-Lang-Resource"), ["organization":"", "language":"", "resource":"unfoldingWord/en_tn"], STOP_ON_FAILURE) == false): Call Test Case 'Test Cases/tCC Components/tCC Select Org-Lang-Resource' successfully

2020-09-28 14:53:39 - [TEST_CASE][PASSED] - Test Cases/tCC Components/tCC Select Org-Lang-Resource: Test Cases/tCC Components/tCC Select Org-Lang-Resource

2020-09-28 14:53:40 - [TEST_STEP][PASSED] - if (organization == ""): null

2020-09-28 14:53:40 - [TEST_STEP][PASSED] - organization = organization: null

2020-09-28 14:53:40 - [TEST_STEP][PASSED] - if (language == ""): null

2020-09-28 14:53:40 - [TEST_STEP][PASSED] - language = langCode: null

2020-09-28 14:53:40 - [TEST_STEP][PASSED] - println("Choosing organization " + organization): null

2020-09-28 14:53:40 - [TEST_STEP][PASSED] - if (waitForElementPresent(organization, 5, OPTIONAL) == false): Object 'Object Repository/Page_tC Create/listOrg_translate_test' is present

2020-09-28 14:53:41 - [MESSAGE][PASSED] - Object 'Object Repository/Page_tC Create/listOrg_translate_test' is present

2020-09-28 14:53:41 - [TEST_STEP][PASSED] - else: null

2020-09-28 14:53:41 - [TEST_STEP][PASSED] - click(organization): Object: 'Object Repository/Page_tC Create/listOrg_translate_test' is clicked on

2020-09-28 14:53:41 - [MESSAGE][PASSED] - Object: 'Object Repository/Page_tC Create/listOrg_translate_test' is clicked on

2020-09-28 14:53:41 - [TEST_STEP][PASSED] - alerted = waitForAlert(2): No alert found after 2 second(s).

2020-09-28 14:53:44 - [MESSAGE][WARNING] - No alert found after 2 second(s).

2020-09-28 14:53:44 - [TEST_STEP][PASSED] - if (alerted == true): null

2020-09-28 14:53:44 - [TEST_STEP][PASSED] - else: Object: 'Object Repository/Page_tC Create/listOption_Language_Parmed' is clicked on

2020-09-28 14:53:44 - [TEST_STEP][PASSED] - println("Not alerted on organization"): null

2020-09-28 14:53:44 - [TEST_STEP][PASSED] - alertFlag = false: null

2020-09-28 14:53:44 - [TEST_STEP][PASSED] - println("Choosing resource " + resource): null

2020-09-28 14:53:44 - [TEST_STEP][PASSED] - click(findTestObject("Page_tC Create/resource_Parmed", ["resource":resource])): Object: 'Object Repository/Page_tC Create/resource_Parmed' is clicked on

2020-09-28 14:53:44 - [MESSAGE][PASSED] - Object: 'Object Repository/Page_tC Create/resource_Parmed' is clicked on

2020-09-28 14:53:44 - [TEST_STEP][PASSED] - println("Choosing language " + language): null

2020-09-28 14:53:44 - [TEST_STEP][PASSED] - click(findTestObject("Page_tC Create/combo_Select Language")): Object: 'Object Repository/Page_tC Create/combo_Select Language' is clicked on

2020-09-28 14:53:45 - [MESSAGE][PASSED] - Object: 'Object Repository/Page_tC Create/combo_Select Language' is clicked on

2020-09-28 14:53:45 - [TEST_STEP][PASSED] - click(findTestObject("Page_tC Create/listOption_Language_Parmed", ["lang_code":language])): Object: 'Object Repository/Page_tC Create/listOption_Language_Parmed' is clicked on

2020-09-28 14:53:46 - [MESSAGE][PASSED] - Object: 'Object Repository/Page_tC Create/listOption_Language_Parmed' is clicked on

2020-09-28 14:53:46 - [TEST_STEP][PASSED] - return true: null

2020-09-28 14:53:46 - [MESSAGE][PASSED] - Call Test Case 'Test Cases/tCC Components/tCC Select Org-Lang-Resource' successfully

2020-09-28 14:53:46 - [TEST_STEP][PASSED] - click(findTestObject("Page_tC Create/file_en_tn_57-TITtsv")): Object: 'Object Repository/Page_tC Create/file_en_tn_57-TITtsv' is clicked on

2020-09-28 14:53:47 - [MESSAGE][PASSED] - Object: 'Object Repository/Page_tC Create/file_en_tn_57-TITtsv' is clicked on

2020-09-28 14:53:47 - [MESSAGE][PASSED] - Call Test Case 'Test Cases/tCC Components/tCC tN Open For Edit' successfully

2020-09-28 14:53:47 - [TEST_STEP][PASSED] - page = "Page_tCC translationNotes/": null

2020-09-28 14:53:47 - [TEST_STEP][PASSED] - columns = []: null

2020-09-28 14:53:47 - [TEST_STEP][PASSED] - columns = ["columns_RowHeader", "columns_Book", "columns_Chapter", "columns_Verse", "columns_ID", "columns_SupportReference", "columns_OrigQuote", "columns_Occurrence", "columns_GLQuote", "columns_OccurrenceNote"]: null

2020-09-28 14:53:47 - [TEST_STEP][PASSED] - elements = []: null

2020-09-28 14:53:47 - [TEST_STEP][PASSED] - elements = [["text_RowHeader_TIT frontintro", "text_RowHeader_TIT 1intro", "text_RowHeader_Titus 11"], ["label_Book", "text_Book_TIT"], ["label_Chapter", "text_Chapter_front", "text_Chapter_1"], ["label_Verse", "text_Verse_intro", "text_Verse_1"], ["label_ID", "text_ID_m2jl", "text_ID_c7me"], ["label_SupportReference", "text_SupRef_figs-abstractnouns"], ["label_OrigQuote", "text_OrigQuote1", "text_OrigQuote2"], ["label_Occurrence", "text_Occurrence_0", "text_Occurrence_1"], ["label_GLQuote", "text_GLQuote_for the faith", "text_GLQuote_knowledge"], ["label_OccurrenceNote", "text_OccurrenceNote_Who wrote the Book of Titus"]]: null

2020-09-28 14:53:47 - [TEST_STEP][PASSED] - click(findTestObject("Page_tCC translationNotes/button_ViewColumns")): Object: 'Object Repository/Page_tCC translationNotes/button_ViewColumns' is clicked on

2020-09-28 14:53:54 - [MESSAGE][PASSED] - Object: 'Object Repository/Page_tCC translationNotes/button_ViewColumns' is clicked on

2020-09-28 14:53:54 - [TEST_STEP][PASSED] - println("Setting all columns OFF"): null

2020-09-28 14:53:54 - [TEST_STEP][PASSED] - logInfo("Setting all columns OFF"): Setting all columns OFF

2020-09-28 14:53:54 - [MESSAGE][INFO] - Setting all columns OFF

2020-09-28 14:53:54 - [TEST_STEP][PASSED] - for (def c : (0..(columns.size() - 1))): null

2020-09-28 14:53:54 - [TEST_STEP][PASSED] - col = page + columns[c]: null

2020-09-28 14:53:54 - [TEST_STEP][PASSED] - if (verifyElementChecked(findTestObject(col), 1, OPTIONAL) == true): null

2020-09-28 14:53:55 - [MESSAGE][PASSED] - Object 'Object Repository/Page_tCC translationNotes/columns_RowHeader' is checked

2020-09-28 14:53:55 - [TEST_STEP][PASSED] - click(findTestObject(col)): Object: 'Object Repository/Page_tCC translationNotes/columns_RowHeader' is clicked on

2020-09-28 14:53:56 - [MESSAGE][PASSED] - Object: 'Object Repository/Page_tCC translationNotes/columns_RowHeader' is clicked on

2020-09-28 14:53:56 - [TEST_STEP][PASSED] - verifyElementNotChecked(findTestObject(col), 1, CONTINUE_ON_FAILURE): Object 'Object Repository/Page_tCC translationNotes/columns_RowHeader' is not checked

2020-09-28 14:53:56 - [MESSAGE][PASSED] - Object 'Object Repository/Page_tCC translationNotes/columns_RowHeader' is not checked

2020-09-28 14:53:56 - [TEST_STEP][PASSED] - col = page + columns[c]: null

2020-09-28 14:53:56 - [TEST_STEP][PASSED] - if (verifyElementChecked(findTestObject(col), 1, OPTIONAL) == true): Object 'Object Repository/Page_tCC translationNotes/columns_Book' is not checked (Root cause: com.kms.katalon.core.exception.StepFailedException: Object 'Object Repository/Page_tCC translationNotes/columns_Book' is not checked
	at com.kms.katalon.core.webui.keyword.internal.WebUIKeywordMain.stepFailed(WebUIKeywordMain.groovy:64)
	at com.kms.katalon.core.webui.keyword.builtin.VerifyElementCheckedKeyword$_verifyElementChecked_closure1.doCall(VerifyElementCheckedKeyword.groovy:81)
	at com.kms.katalon.core.webui.keyword.builtin.VerifyElementCheckedKeyword$_verifyElementChecked_closure1.call(VerifyElementCheckedKeyword.groovy)
	at com.kms.katalon.core.webui.keyword.internal.WebUIKeywordMain.runKeyword(WebUIKeywordMain.groovy:20)
	at com.kms.katalon.core.webui.keyword.builtin.VerifyElementCheckedKeyword.verifyElementChecked(VerifyElementCheckedKeyword.groovy:92)
	at com.kms.katalon.core.webui.keyword.builtin.VerifyElementCheckedKeyword.execute(VerifyElementCheckedKeyword.groovy:68)
	at com.kms.katalon.core.keyword.internal.KeywordExecutor.executeKeywordForPlatform(KeywordExecutor.groovy:73)
	at com.kms.katalon.core.webui.keyword.WebUiBuiltInKeywords.verifyElementChecked(WebUiBuiltInKeywords.groovy:1378)
	at com.kms.katalon.core.webui.keyword.WebUiBuiltInKeywords$verifyElementChecked$8.call(Unknown Source)
	at tCC tN Test Column Options.run(tCC tN Test Column Options:50)
	at com.kms.katalon.core.main.ScriptEngine.run(ScriptEngine.java:194)
	at com.kms.katalon.core.main.ScriptEngine.runScriptAsRawText(ScriptEngine.java:119)
	at com.kms.katalon.core.main.TestCaseExecutor.runScript(TestCaseExecutor.java:339)
	at com.kms.katalon.core.main.TestCaseExecutor.doExecute(TestCaseExecutor.java:330)
	at com.kms.katalon.core.main.TestCaseExecutor.processExecutionPhase(TestCaseExecutor.java:309)
	at com.kms.katalon.core.main.TestCaseExecutor.accessMainPhase(TestCaseExecutor.java:301)
	at com.kms.katalon.core.main.TestCaseExecutor.execute(TestCaseExecutor.java:235)
	at com.kms.katalon.core.main.TestSuiteExecutor.accessTestCaseMainPhase(TestSuiteExecutor.java:191)
	at com.kms.katalon.core.main.TestSuiteExecutor.accessTestSuiteMainPhase(TestSuiteExecutor.java:141)
	at com.kms.katalon.core.main.TestSuiteExecutor.execute(TestSuiteExecutor.java:90)
	at com.kms.katalon.core.main.TestCaseMain.startTestSuite(TestCaseMain.java:157)
	at com.kms.katalon.core.main.TestCaseMain$startTestSuite$0.call(Unknown Source)
	at TempTestSuite1601322773421.run(TempTestSuite1601322773421.groovy:39)
)

2020-09-28 14:53:57 - [MESSAGE][WARNING] - Object 'Object Repository/Page_tCC translationNotes/columns_Book' is not checked (Root cause: com.kms.katalon.core.exception.StepFailedException: Object 'Object Repository/Page_tCC translationNotes/columns_Book' is not checked
	at com.kms.katalon.core.webui.keyword.internal.WebUIKeywordMain.stepFailed(WebUIKeywordMain.groovy:64)
	at com.kms.katalon.core.webui.keyword.builtin.VerifyElementCheckedKeyword$_verifyElementChecked_closure1.doCall(VerifyElementCheckedKeyword.groovy:81)
	at com.kms.katalon.core.webui.keyword.builtin.VerifyElementCheckedKeyword$_verifyElementChecked_closure1.call(VerifyElementCheckedKeyword.groovy)
	at com.kms.katalon.core.webui.keyword.internal.WebUIKeywordMain.runKeyword(WebUIKeywordMain.groovy:20)
	at com.kms.katalon.core.webui.keyword.builtin.VerifyElementCheckedKeyword.verifyElementChecked(VerifyElementCheckedKeyword.groovy:92)
	at com.kms.katalon.core.webui.keyword.builtin.VerifyElementCheckedKeyword.execute(VerifyElementCheckedKeyword.groovy:68)
	at com.kms.katalon.core.keyword.internal.KeywordExecutor.executeKeywordForPlatform(KeywordExecutor.groovy:73)
	at com.kms.katalon.core.webui.keyword.WebUiBuiltInKeywords.verifyElementChecked(WebUiBuiltInKeywords.groovy:1378)
	at com.kms.katalon.core.webui.keyword.WebUiBuiltInKeywords$verifyElementChecked$8.call(Unknown Source)
	at tCC tN Test Column Options.run(tCC tN Test Column Options:50)
	at com.kms.katalon.core.main.ScriptEngine.run(ScriptEngine.java:194)
	at com.kms.katalon.core.main.ScriptEngine.runScriptAsRawText(ScriptEngine.java:119)
	at com.kms.katalon.core.main.TestCaseExecutor.runScript(TestCaseExecutor.java:339)
	at com.kms.katalon.core.main.TestCaseExecutor.doExecute(TestCaseExecutor.java:330)
	at com.kms.katalon.core.main.TestCaseExecutor.processExecutionPhase(TestCaseExecutor.java:309)
	at com.kms.katalon.core.main.TestCaseExecutor.accessMainPhase(TestCaseExecutor.java:301)
	at com.kms.katalon.core.main.TestCaseExecutor.execute(TestCaseExecutor.java:235)
	at com.kms.katalon.core.main.TestSuiteExecutor.accessTestCaseMainPhase(TestSuiteExecutor.java:191)
	at com.kms.katalon.core.main.TestSuiteExecutor.accessTestSuiteMainPhase(TestSuiteExecutor.java:141)
	at com.kms.katalon.core.main.TestSuiteExecutor.execute(TestSuiteExecutor.java:90)
	at com.kms.katalon.core.main.TestCaseMain.startTestSuite(TestCaseMain.java:157)
	at com.kms.katalon.core.main.TestCaseMain$startTestSuite$0.call(Unknown Source)
	at TempTestSuite1601322773421.run(TempTestSuite1601322773421.groovy:39)
)
[[ATTACHMENT|/Users/cckozie/Katalon Studio/tC Create Project/Reports/20200928_145253/tCC Test Suite 1/20200928_145253/1601322836999.png]]

2020-09-28 14:53:57 - [TEST_STEP][PASSED] - col = page + columns[c]: null

2020-09-28 14:53:57 - [TEST_STEP][PASSED] - if (verifyElementChecked(findTestObject(col), 1, OPTIONAL) == true): Object 'Object Repository/Page_tCC translationNotes/columns_Chapter' is not checked (Root cause: com.kms.katalon.core.exception.StepFailedException: Object 'Object Repository/Page_tCC translationNotes/columns_Chapter' is not checked
	at com.kms.katalon.core.webui.keyword.internal.WebUIKeywordMain.stepFailed(WebUIKeywordMain.groovy:64)
	at com.kms.katalon.core.webui.keyword.builtin.VerifyElementCheckedKeyword$_verifyElementChecked_closure1.doCall(VerifyElementCheckedKeyword.groovy:81)
	at com.kms.katalon.core.webui.keyword.builtin.VerifyElementCheckedKeyword$_verifyElementChecked_closure1.call(VerifyElementCheckedKeyword.groovy)
	at com.kms.katalon.core.webui.keyword.internal.WebUIKeywordMain.runKeyword(WebUIKeywordMain.groovy:20)
	at com.kms.katalon.core.webui.keyword.builtin.VerifyElementCheckedKeyword.verifyElementChecked(VerifyElementCheckedKeyword.groovy:92)
	at com.kms.katalon.core.webui.keyword.builtin.VerifyElementCheckedKeyword.execute(VerifyElementCheckedKeyword.groovy:68)
	at com.kms.katalon.core.keyword.internal.KeywordExecutor.executeKeywordForPlatform(KeywordExecutor.groovy:73)
	at com.kms.katalon.core.webui.keyword.WebUiBuiltInKeywords.verifyElementChecked(WebUiBuiltInKeywords.groovy:1378)
	at com.kms.katalon.core.webui.keyword.WebUiBuiltInKeywords$verifyElementChecked$8.call(Unknown Source)
	at tCC tN Test Column Options.run(tCC tN Test Column Options:50)
	at com.kms.katalon.core.main.ScriptEngine.run(ScriptEngine.java:194)
	at com.kms.katalon.core.main.ScriptEngine.runScriptAsRawText(ScriptEngine.java:119)
	at com.kms.katalon.core.main.TestCaseExecutor.runScript(TestCaseExecutor.java:339)
	at com.kms.katalon.core.main.TestCaseExecutor.doExecute(TestCaseExecutor.java:330)
	at com.kms.katalon.core.main.TestCaseExecutor.processExecutionPhase(TestCaseExecutor.java:309)
	at com.kms.katalon.core.main.TestCaseExecutor.accessMainPhase(TestCaseExecutor.java:301)
	at com.kms.katalon.core.main.TestCaseExecutor.execute(TestCaseExecutor.java:235)
	at com.kms.katalon.core.main.TestSuiteExecutor.accessTestCaseMainPhase(TestSuiteExecutor.java:191)
	at com.kms.katalon.core.main.TestSuiteExecutor.accessTestSuiteMainPhase(TestSuiteExecutor.java:141)
	at com.kms.katalon.core.main.TestSuiteExecutor.execute(TestSuiteExecutor.java:90)
	at com.kms.katalon.core.main.TestCaseMain.startTestSuite(TestCaseMain.java:157)
	at com.kms.katalon.core.main.TestCaseMain$startTestSuite$0.call(Unknown Source)
	at TempTestSuite1601322773421.run(TempTestSuite1601322773421.groovy:39)
)

2020-09-28 14:53:58 - [MESSAGE][WARNING] - Object 'Object Repository/Page_tCC translationNotes/columns_Chapter' is not checked (Root cause: com.kms.katalon.core.exception.StepFailedException: Object 'Object Repository/Page_tCC translationNotes/columns_Chapter' is not checked
	at com.kms.katalon.core.webui.keyword.internal.WebUIKeywordMain.stepFailed(WebUIKeywordMain.groovy:64)
	at com.kms.katalon.core.webui.keyword.builtin.VerifyElementCheckedKeyword$_verifyElementChecked_closure1.doCall(VerifyElementCheckedKeyword.groovy:81)
	at com.kms.katalon.core.webui.keyword.builtin.VerifyElementCheckedKeyword$_verifyElementChecked_closure1.call(VerifyElementCheckedKeyword.groovy)
	at com.kms.katalon.core.webui.keyword.internal.WebUIKeywordMain.runKeyword(WebUIKeywordMain.groovy:20)
	at com.kms.katalon.core.webui.keyword.builtin.VerifyElementCheckedKeyword.verifyElementChecked(VerifyElementCheckedKeyword.groovy:92)
	at com.kms.katalon.core.webui.keyword.builtin.VerifyElementCheckedKeyword.execute(VerifyElementCheckedKeyword.groovy:68)
	at com.kms.katalon.core.keyword.internal.KeywordExecutor.executeKeywordForPlatform(KeywordExecutor.groovy:73)
	at com.kms.katalon.core.webui.keyword.WebUiBuiltInKeywords.verifyElementChecked(WebUiBuiltInKeywords.groovy:1378)
	at com.kms.katalon.core.webui.keyword.WebUiBuiltInKeywords$verifyElementChecked$8.call(Unknown Source)
	at tCC tN Test Column Options.run(tCC tN Test Column Options:50)
	at com.kms.katalon.core.main.ScriptEngine.run(ScriptEngine.java:194)
	at com.kms.katalon.core.main.ScriptEngine.runScriptAsRawText(ScriptEngine.java:119)
	at com.kms.katalon.core.main.TestCaseExecutor.runScript(TestCaseExecutor.java:339)
	at com.kms.katalon.core.main.TestCaseExecutor.doExecute(TestCaseExecutor.java:330)
	at com.kms.katalon.core.main.TestCaseExecutor.processExecutionPhase(TestCaseExecutor.java:309)
	at com.kms.katalon.core.main.TestCaseExecutor.accessMainPhase(TestCaseExecutor.java:301)
	at com.kms.katalon.core.main.TestCaseExecutor.execute(TestCaseExecutor.java:235)
	at com.kms.katalon.core.main.TestSuiteExecutor.accessTestCaseMainPhase(TestSuiteExecutor.java:191)
	at com.kms.katalon.core.main.TestSuiteExecutor.accessTestSuiteMainPhase(TestSuiteExecutor.java:141)
	at com.kms.katalon.core.main.TestSuiteExecutor.execute(TestSuiteExecutor.java:90)
	at com.kms.katalon.core.main.TestCaseMain.startTestSuite(TestCaseMain.java:157)
	at com.kms.katalon.core.main.TestCaseMain$startTestSuite$0.call(Unknown Source)
	at TempTestSuite1601322773421.run(TempTestSuite1601322773421.groovy:39)
)
[[ATTACHMENT|/Users/cckozie/Katalon Studio/tC Create Project/Reports/20200928_145253/tCC Test Suite 1/20200928_145253/1601322838252.png]]

2020-09-28 14:53:58 - [TEST_STEP][PASSED] - col = page + columns[c]: null

2020-09-28 14:53:58 - [TEST_STEP][PASSED] - if (verifyElementChecked(findTestObject(col), 1, OPTIONAL) == true): Object 'Object Repository/Page_tCC translationNotes/columns_Verse' is not checked (Root cause: com.kms.katalon.core.exception.StepFailedException: Object 'Object Repository/Page_tCC translationNotes/columns_Verse' is not checked
	at com.kms.katalon.core.webui.keyword.internal.WebUIKeywordMain.stepFailed(WebUIKeywordMain.groovy:64)
	at com.kms.katalon.core.webui.keyword.builtin.VerifyElementCheckedKeyword$_verifyElementChecked_closure1.doCall(VerifyElementCheckedKeyword.groovy:81)
	at com.kms.katalon.core.webui.keyword.builtin.VerifyElementCheckedKeyword$_verifyElementChecked_closure1.call(VerifyElementCheckedKeyword.groovy)
	at com.kms.katalon.core.webui.keyword.internal.WebUIKeywordMain.runKeyword(WebUIKeywordMain.groovy:20)
	at com.kms.katalon.core.webui.keyword.builtin.VerifyElementCheckedKeyword.verifyElementChecked(VerifyElementCheckedKeyword.groovy:92)
	at com.kms.katalon.core.webui.keyword.builtin.VerifyElementCheckedKeyword.execute(VerifyElementCheckedKeyword.groovy:68)
	at com.kms.katalon.core.keyword.internal.KeywordExecutor.executeKeywordForPlatform(KeywordExecutor.groovy:73)
	at com.kms.katalon.core.webui.keyword.WebUiBuiltInKeywords.verifyElementChecked(WebUiBuiltInKeywords.groovy:1378)
	at com.kms.katalon.core.webui.keyword.WebUiBuiltInKeywords$verifyElementChecked$8.call(Unknown Source)
	at tCC tN Test Column Options.run(tCC tN Test Column Options:50)
	at com.kms.katalon.core.main.ScriptEngine.run(ScriptEngine.java:194)
	at com.kms.katalon.core.main.ScriptEngine.runScriptAsRawText(ScriptEngine.java:119)
	at com.kms.katalon.core.main.TestCaseExecutor.runScript(TestCaseExecutor.java:339)
	at com.kms.katalon.core.main.TestCaseExecutor.doExecute(TestCaseExecutor.java:330)
	at com.kms.katalon.core.main.TestCaseExecutor.processExecutionPhase(TestCaseExecutor.java:309)
	at com.kms.katalon.core.main.TestCaseExecutor.accessMainPhase(TestCaseExecutor.java:301)
	at com.kms.katalon.core.main.TestCaseExecutor.execute(TestCaseExecutor.java:235)
	at com.kms.katalon.core.main.TestSuiteExecutor.accessTestCaseMainPhase(TestSuiteExecutor.java:191)
	at com.kms.katalon.core.main.TestSuiteExecutor.accessTestSuiteMainPhase(TestSuiteExecutor.java:141)
	at com.kms.katalon.core.main.TestSuiteExecutor.execute(TestSuiteExecutor.java:90)
	at com.kms.katalon.core.main.TestCaseMain.startTestSuite(TestCaseMain.java:157)
	at com.kms.katalon.core.main.TestCaseMain$startTestSuite$0.call(Unknown Source)
	at TempTestSuite1601322773421.run(TempTestSuite1601322773421.groovy:39)
)

2020-09-28 14:54:00 - [MESSAGE][WARNING] - Object 'Object Repository/Page_tCC translationNotes/columns_Verse' is not checked (Root cause: com.kms.katalon.core.exception.StepFailedException: Object 'Object Repository/Page_tCC translationNotes/columns_Verse' is not checked
	at com.kms.katalon.core.webui.keyword.internal.WebUIKeywordMain.stepFailed(WebUIKeywordMain.groovy:64)
	at com.kms.katalon.core.webui.keyword.builtin.VerifyElementCheckedKeyword$_verifyElementChecked_closure1.doCall(VerifyElementCheckedKeyword.groovy:81)
	at com.kms.katalon.core.webui.keyword.builtin.VerifyElementCheckedKeyword$_verifyElementChecked_closure1.call(VerifyElementCheckedKeyword.groovy)
	at com.kms.katalon.core.webui.keyword.internal.WebUIKeywordMain.runKeyword(WebUIKeywordMain.groovy:20)
	at com.kms.katalon.core.webui.keyword.builtin.VerifyElementCheckedKeyword.verifyElementChecked(VerifyElementCheckedKeyword.groovy:92)
	at com.kms.katalon.core.webui.keyword.builtin.VerifyElementCheckedKeyword.execute(VerifyElementCheckedKeyword.groovy:68)
	at com.kms.katalon.core.keyword.internal.KeywordExecutor.executeKeywordForPlatform(KeywordExecutor.groovy:73)
	at com.kms.katalon.core.webui.keyword.WebUiBuiltInKeywords.verifyElementChecked(WebUiBuiltInKeywords.groovy:1378)
	at com.kms.katalon.core.webui.keyword.WebUiBuiltInKeywords$verifyElementChecked$8.call(Unknown Source)
	at tCC tN Test Column Options.run(tCC tN Test Column Options:50)
	at com.kms.katalon.core.main.ScriptEngine.run(ScriptEngine.java:194)
	at com.kms.katalon.core.main.ScriptEngine.runScriptAsRawText(ScriptEngine.java:119)
	at com.kms.katalon.core.main.TestCaseExecutor.runScript(TestCaseExecutor.java:339)
	at com.kms.katalon.core.main.TestCaseExecutor.doExecute(TestCaseExecutor.java:330)
	at com.kms.katalon.core.main.TestCaseExecutor.processExecutionPhase(TestCaseExecutor.java:309)
	at com.kms.katalon.core.main.TestCaseExecutor.accessMainPhase(TestCaseExecutor.java:301)
	at com.kms.katalon.core.main.TestCaseExecutor.execute(TestCaseExecutor.java:235)
	at com.kms.katalon.core.main.TestSuiteExecutor.accessTestCaseMainPhase(TestSuiteExecutor.java:191)
	at com.kms.katalon.core.main.TestSuiteExecutor.accessTestSuiteMainPhase(TestSuiteExecutor.java:141)
	at com.kms.katalon.core.main.TestSuiteExecutor.execute(TestSuiteExecutor.java:90)
	at com.kms.katalon.core.main.TestCaseMain.startTestSuite(TestCaseMain.java:157)
	at com.kms.katalon.core.main.TestCaseMain$startTestSuite$0.call(Unknown Source)
	at TempTestSuite1601322773421.run(TempTestSuite1601322773421.groovy:39)
)
[[ATTACHMENT|/Users/cckozie/Katalon Studio/tC Create Project/Reports/20200928_145253/tCC Test Suite 1/20200928_145253/1601322839299.png]]

2020-09-28 14:54:00 - [TEST_STEP][PASSED] - col = page + columns[c]: null

2020-09-28 14:54:00 - [TEST_STEP][PASSED] - if (verifyElementChecked(findTestObject(col), 1, OPTIONAL) == true): Object 'Object Repository/Page_tCC translationNotes/columns_ID' is not checked (Root cause: com.kms.katalon.core.exception.StepFailedException: Object 'Object Repository/Page_tCC translationNotes/columns_ID' is not checked
	at com.kms.katalon.core.webui.keyword.internal.WebUIKeywordMain.stepFailed(WebUIKeywordMain.groovy:64)
	at com.kms.katalon.core.webui.keyword.builtin.VerifyElementCheckedKeyword$_verifyElementChecked_closure1.doCall(VerifyElementCheckedKeyword.groovy:81)
	at com.kms.katalon.core.webui.keyword.builtin.VerifyElementCheckedKeyword$_verifyElementChecked_closure1.call(VerifyElementCheckedKeyword.groovy)
	at com.kms.katalon.core.webui.keyword.internal.WebUIKeywordMain.runKeyword(WebUIKeywordMain.groovy:20)
	at com.kms.katalon.core.webui.keyword.builtin.VerifyElementCheckedKeyword.verifyElementChecked(VerifyElementCheckedKeyword.groovy:92)
	at com.kms.katalon.core.webui.keyword.builtin.VerifyElementCheckedKeyword.execute(VerifyElementCheckedKeyword.groovy:68)
	at com.kms.katalon.core.keyword.internal.KeywordExecutor.executeKeywordForPlatform(KeywordExecutor.groovy:73)
	at com.kms.katalon.core.webui.keyword.WebUiBuiltInKeywords.verifyElementChecked(WebUiBuiltInKeywords.groovy:1378)
	at com.kms.katalon.core.webui.keyword.WebUiBuiltInKeywords$verifyElementChecked$8.call(Unknown Source)
	at tCC tN Test Column Options.run(tCC tN Test Column Options:50)
	at com.kms.katalon.core.main.ScriptEngine.run(ScriptEngine.java:194)
	at com.kms.katalon.core.main.ScriptEngine.runScriptAsRawText(ScriptEngine.java:119)
	at com.kms.katalon.core.main.TestCaseExecutor.runScript(TestCaseExecutor.java:339)
	at com.kms.katalon.core.main.TestCaseExecutor.doExecute(TestCaseExecutor.java:330)
	at com.kms.katalon.core.main.TestCaseExecutor.processExecutionPhase(TestCaseExecutor.java:309)
	at com.kms.katalon.core.main.TestCaseExecutor.accessMainPhase(TestCaseExecutor.java:301)
	at com.kms.katalon.core.main.TestCaseExecutor.execute(TestCaseExecutor.java:235)
	at com.kms.katalon.core.main.TestSuiteExecutor.accessTestCaseMainPhase(TestSuiteExecutor.java:191)
	at com.kms.katalon.core.main.TestSuiteExecutor.accessTestSuiteMainPhase(TestSuiteExecutor.java:141)
	at com.kms.katalon.core.main.TestSuiteExecutor.execute(TestSuiteExecutor.java:90)
	at com.kms.katalon.core.main.TestCaseMain.startTestSuite(TestCaseMain.java:157)
	at com.kms.katalon.core.main.TestCaseMain$startTestSuite$0.call(Unknown Source)
	at TempTestSuite1601322773421.run(TempTestSuite1601322773421.groovy:39)
)

2020-09-28 14:54:01 - [MESSAGE][WARNING] - Object 'Object Repository/Page_tCC translationNotes/columns_ID' is not checked (Root cause: com.kms.katalon.core.exception.StepFailedException: Object 'Object Repository/Page_tCC translationNotes/columns_ID' is not checked
	at com.kms.katalon.core.webui.keyword.internal.WebUIKeywordMain.stepFailed(WebUIKeywordMain.groovy:64)
	at com.kms.katalon.core.webui.keyword.builtin.VerifyElementCheckedKeyword$_verifyElementChecked_closure1.doCall(VerifyElementCheckedKeyword.groovy:81)
	at com.kms.katalon.core.webui.keyword.builtin.VerifyElementCheckedKeyword$_verifyElementChecked_closure1.call(VerifyElementCheckedKeyword.groovy)
	at com.kms.katalon.core.webui.keyword.internal.WebUIKeywordMain.runKeyword(WebUIKeywordMain.groovy:20)
	at com.kms.katalon.core.webui.keyword.builtin.VerifyElementCheckedKeyword.verifyElementChecked(VerifyElementCheckedKeyword.groovy:92)
	at com.kms.katalon.core.webui.keyword.builtin.VerifyElementCheckedKeyword.execute(VerifyElementCheckedKeyword.groovy:68)
	at com.kms.katalon.core.keyword.internal.KeywordExecutor.executeKeywordForPlatform(KeywordExecutor.groovy:73)
	at com.kms.katalon.core.webui.keyword.WebUiBuiltInKeywords.verifyElementChecked(WebUiBuiltInKeywords.groovy:1378)
	at com.kms.katalon.core.webui.keyword.WebUiBuiltInKeywords$verifyElementChecked$8.call(Unknown Source)
	at tCC tN Test Column Options.run(tCC tN Test Column Options:50)
	at com.kms.katalon.core.main.ScriptEngine.run(ScriptEngine.java:194)
	at com.kms.katalon.core.main.ScriptEngine.runScriptAsRawText(ScriptEngine.java:119)
	at com.kms.katalon.core.main.TestCaseExecutor.runScript(TestCaseExecutor.java:339)
	at com.kms.katalon.core.main.TestCaseExecutor.doExecute(TestCaseExecutor.java:330)
	at com.kms.katalon.core.main.TestCaseExecutor.processExecutionPhase(TestCaseExecutor.java:309)
	at com.kms.katalon.core.main.TestCaseExecutor.accessMainPhase(TestCaseExecutor.java:301)
	at com.kms.katalon.core.main.TestCaseExecutor.execute(TestCaseExecutor.java:235)
	at com.kms.katalon.core.main.TestSuiteExecutor.accessTestCaseMainPhase(TestSuiteExecutor.java:191)
	at com.kms.katalon.core.main.TestSuiteExecutor.accessTestSuiteMainPhase(TestSuiteExecutor.java:141)
	at com.kms.katalon.core.main.TestSuiteExecutor.execute(TestSuiteExecutor.java:90)
	at com.kms.katalon.core.main.TestCaseMain.startTestSuite(TestCaseMain.java:157)
	at com.kms.katalon.core.main.TestCaseMain$startTestSuite$0.call(Unknown Source)
	at TempTestSuite1601322773421.run(TempTestSuite1601322773421.groovy:39)
)
[[ATTACHMENT|/Users/cckozie/Katalon Studio/tC Create Project/Reports/20200928_145253/tCC Test Suite 1/20200928_145253/1601322840380.png]]

2020-09-28 14:54:01 - [TEST_STEP][PASSED] - col = page + columns[c]: null

2020-09-28 14:54:01 - [TEST_STEP][PASSED] - if (verifyElementChecked(findTestObject(col), 1, OPTIONAL) == true): null

2020-09-28 14:54:01 - [MESSAGE][PASSED] - Object 'Object Repository/Page_tCC translationNotes/columns_SupportReference' is checked

2020-09-28 14:54:01 - [TEST_STEP][PASSED] - click(findTestObject(col)): Object: 'Object Repository/Page_tCC translationNotes/columns_SupportReference' is clicked on

2020-09-28 14:54:02 - [MESSAGE][PASSED] - Object: 'Object Repository/Page_tCC translationNotes/columns_SupportReference' is clicked on

2020-09-28 14:54:02 - [TEST_STEP][PASSED] - verifyElementNotChecked(findTestObject(col), 1, CONTINUE_ON_FAILURE): Object 'Object Repository/Page_tCC translationNotes/columns_SupportReference' is not checked

2020-09-28 14:54:02 - [MESSAGE][PASSED] - Object 'Object Repository/Page_tCC translationNotes/columns_SupportReference' is not checked

2020-09-28 14:54:02 - [TEST_STEP][PASSED] - col = page + columns[c]: null

2020-09-28 14:54:02 - [TEST_STEP][PASSED] - if (verifyElementChecked(findTestObject(col), 1, OPTIONAL) == true): Object 'Object Repository/Page_tCC translationNotes/columns_OrigQuote' is not checked (Root cause: com.kms.katalon.core.exception.StepFailedException: Object 'Object Repository/Page_tCC translationNotes/columns_OrigQuote' is not checked
	at com.kms.katalon.core.webui.keyword.internal.WebUIKeywordMain.stepFailed(WebUIKeywordMain.groovy:64)
	at com.kms.katalon.core.webui.keyword.builtin.VerifyElementCheckedKeyword$_verifyElementChecked_closure1.doCall(VerifyElementCheckedKeyword.groovy:81)
	at com.kms.katalon.core.webui.keyword.builtin.VerifyElementCheckedKeyword$_verifyElementChecked_closure1.call(VerifyElementCheckedKeyword.groovy)
	at com.kms.katalon.core.webui.keyword.internal.WebUIKeywordMain.runKeyword(WebUIKeywordMain.groovy:20)
	at com.kms.katalon.core.webui.keyword.builtin.VerifyElementCheckedKeyword.verifyElementChecked(VerifyElementCheckedKeyword.groovy:92)
	at com.kms.katalon.core.webui.keyword.builtin.VerifyElementCheckedKeyword.execute(VerifyElementCheckedKeyword.groovy:68)
	at com.kms.katalon.core.keyword.internal.KeywordExecutor.executeKeywordForPlatform(KeywordExecutor.groovy:73)
	at com.kms.katalon.core.webui.keyword.WebUiBuiltInKeywords.verifyElementChecked(WebUiBuiltInKeywords.groovy:1378)
	at com.kms.katalon.core.webui.keyword.WebUiBuiltInKeywords$verifyElementChecked$8.call(Unknown Source)
	at tCC tN Test Column Options.run(tCC tN Test Column Options:50)
	at com.kms.katalon.core.main.ScriptEngine.run(ScriptEngine.java:194)
	at com.kms.katalon.core.main.ScriptEngine.runScriptAsRawText(ScriptEngine.java:119)
	at com.kms.katalon.core.main.TestCaseExecutor.runScript(TestCaseExecutor.java:339)
	at com.kms.katalon.core.main.TestCaseExecutor.doExecute(TestCaseExecutor.java:330)
	at com.kms.katalon.core.main.TestCaseExecutor.processExecutionPhase(TestCaseExecutor.java:309)
	at com.kms.katalon.core.main.TestCaseExecutor.accessMainPhase(TestCaseExecutor.java:301)
	at com.kms.katalon.core.main.TestCaseExecutor.execute(TestCaseExecutor.java:235)
	at com.kms.katalon.core.main.TestSuiteExecutor.accessTestCaseMainPhase(TestSuiteExecutor.java:191)
	at com.kms.katalon.core.main.TestSuiteExecutor.accessTestSuiteMainPhase(TestSuiteExecutor.java:141)
	at com.kms.katalon.core.main.TestSuiteExecutor.execute(TestSuiteExecutor.java:90)
	at com.kms.katalon.core.main.TestCaseMain.startTestSuite(TestCaseMain.java:157)
	at com.kms.katalon.core.main.TestCaseMain$startTestSuite$0.call(Unknown Source)
	at TempTestSuite1601322773421.run(TempTestSuite1601322773421.groovy:39)
)

2020-09-28 14:54:03 - [MESSAGE][WARNING] - Object 'Object Repository/Page_tCC translationNotes/columns_OrigQuote' is not checked (Root cause: com.kms.katalon.core.exception.StepFailedException: Object 'Object Repository/Page_tCC translationNotes/columns_OrigQuote' is not checked
	at com.kms.katalon.core.webui.keyword.internal.WebUIKeywordMain.stepFailed(WebUIKeywordMain.groovy:64)
	at com.kms.katalon.core.webui.keyword.builtin.VerifyElementCheckedKeyword$_verifyElementChecked_closure1.doCall(VerifyElementCheckedKeyword.groovy:81)
	at com.kms.katalon.core.webui.keyword.builtin.VerifyElementCheckedKeyword$_verifyElementChecked_closure1.call(VerifyElementCheckedKeyword.groovy)
	at com.kms.katalon.core.webui.keyword.internal.WebUIKeywordMain.runKeyword(WebUIKeywordMain.groovy:20)
	at com.kms.katalon.core.webui.keyword.builtin.VerifyElementCheckedKeyword.verifyElementChecked(VerifyElementCheckedKeyword.groovy:92)
	at com.kms.katalon.core.webui.keyword.builtin.VerifyElementCheckedKeyword.execute(VerifyElementCheckedKeyword.groovy:68)
	at com.kms.katalon.core.keyword.internal.KeywordExecutor.executeKeywordForPlatform(KeywordExecutor.groovy:73)
	at com.kms.katalon.core.webui.keyword.WebUiBuiltInKeywords.verifyElementChecked(WebUiBuiltInKeywords.groovy:1378)
	at com.kms.katalon.core.webui.keyword.WebUiBuiltInKeywords$verifyElementChecked$8.call(Unknown Source)
	at tCC tN Test Column Options.run(tCC tN Test Column Options:50)
	at com.kms.katalon.core.main.ScriptEngine.run(ScriptEngine.java:194)
	at com.kms.katalon.core.main.ScriptEngine.runScriptAsRawText(ScriptEngine.java:119)
	at com.kms.katalon.core.main.TestCaseExecutor.runScript(TestCaseExecutor.java:339)
	at com.kms.katalon.core.main.TestCaseExecutor.doExecute(TestCaseExecutor.java:330)
	at com.kms.katalon.core.main.TestCaseExecutor.processExecutionPhase(TestCaseExecutor.java:309)
	at com.kms.katalon.core.main.TestCaseExecutor.accessMainPhase(TestCaseExecutor.java:301)
	at com.kms.katalon.core.main.TestCaseExecutor.execute(TestCaseExecutor.java:235)
	at com.kms.katalon.core.main.TestSuiteExecutor.accessTestCaseMainPhase(TestSuiteExecutor.java:191)
	at com.kms.katalon.core.main.TestSuiteExecutor.accessTestSuiteMainPhase(TestSuiteExecutor.java:141)
	at com.kms.katalon.core.main.TestSuiteExecutor.execute(TestSuiteExecutor.java:90)
	at com.kms.katalon.core.main.TestCaseMain.startTestSuite(TestCaseMain.java:157)
	at com.kms.katalon.core.main.TestCaseMain$startTestSuite$0.call(Unknown Source)
	at TempTestSuite1601322773421.run(TempTestSuite1601322773421.groovy:39)
)
[[ATTACHMENT|/Users/cckozie/Katalon Studio/tC Create Project/Reports/20200928_145253/tCC Test Suite 1/20200928_145253/1601322843227.png]]

2020-09-28 14:54:03 - [TEST_STEP][PASSED] - col = page + columns[c]: null

2020-09-28 14:54:03 - [TEST_STEP][PASSED] - if (verifyElementChecked(findTestObject(col), 1, OPTIONAL) == true): Object 'Object Repository/Page_tCC translationNotes/columns_Occurrence' is not checked (Root cause: com.kms.katalon.core.exception.StepFailedException: Object 'Object Repository/Page_tCC translationNotes/columns_Occurrence' is not checked
	at com.kms.katalon.core.webui.keyword.internal.WebUIKeywordMain.stepFailed(WebUIKeywordMain.groovy:64)
	at com.kms.katalon.core.webui.keyword.builtin.VerifyElementCheckedKeyword$_verifyElementChecked_closure1.doCall(VerifyElementCheckedKeyword.groovy:81)
	at com.kms.katalon.core.webui.keyword.builtin.VerifyElementCheckedKeyword$_verifyElementChecked_closure1.call(VerifyElementCheckedKeyword.groovy)
	at com.kms.katalon.core.webui.keyword.internal.WebUIKeywordMain.runKeyword(WebUIKeywordMain.groovy:20)
	at com.kms.katalon.core.webui.keyword.builtin.VerifyElementCheckedKeyword.verifyElementChecked(VerifyElementCheckedKeyword.groovy:92)
	at com.kms.katalon.core.webui.keyword.builtin.VerifyElementCheckedKeyword.execute(VerifyElementCheckedKeyword.groovy:68)
	at com.kms.katalon.core.keyword.internal.KeywordExecutor.executeKeywordForPlatform(KeywordExecutor.groovy:73)
	at com.kms.katalon.core.webui.keyword.WebUiBuiltInKeywords.verifyElementChecked(WebUiBuiltInKeywords.groovy:1378)
	at com.kms.katalon.core.webui.keyword.WebUiBuiltInKeywords$verifyElementChecked$8.call(Unknown Source)
	at tCC tN Test Column Options.run(tCC tN Test Column Options:50)
	at com.kms.katalon.core.main.ScriptEngine.run(ScriptEngine.java:194)
	at com.kms.katalon.core.main.ScriptEngine.runScriptAsRawText(ScriptEngine.java:119)
	at com.kms.katalon.core.main.TestCaseExecutor.runScript(TestCaseExecutor.java:339)
	at com.kms.katalon.core.main.TestCaseExecutor.doExecute(TestCaseExecutor.java:330)
	at com.kms.katalon.core.main.TestCaseExecutor.processExecutionPhase(TestCaseExecutor.java:309)
	at com.kms.katalon.core.main.TestCaseExecutor.accessMainPhase(TestCaseExecutor.java:301)
	at com.kms.katalon.core.main.TestCaseExecutor.execute(TestCaseExecutor.java:235)
	at com.kms.katalon.core.main.TestSuiteExecutor.accessTestCaseMainPhase(TestSuiteExecutor.java:191)
	at com.kms.katalon.core.main.TestSuiteExecutor.accessTestSuiteMainPhase(TestSuiteExecutor.java:141)
	at com.kms.katalon.core.main.TestSuiteExecutor.execute(TestSuiteExecutor.java:90)
	at com.kms.katalon.core.main.TestCaseMain.startTestSuite(TestCaseMain.java:157)
	at com.kms.katalon.core.main.TestCaseMain$startTestSuite$0.call(Unknown Source)
	at TempTestSuite1601322773421.run(TempTestSuite1601322773421.groovy:39)
)

2020-09-28 14:54:04 - [MESSAGE][WARNING] - Object 'Object Repository/Page_tCC translationNotes/columns_Occurrence' is not checked (Root cause: com.kms.katalon.core.exception.StepFailedException: Object 'Object Repository/Page_tCC translationNotes/columns_Occurrence' is not checked
	at com.kms.katalon.core.webui.keyword.internal.WebUIKeywordMain.stepFailed(WebUIKeywordMain.groovy:64)
	at com.kms.katalon.core.webui.keyword.builtin.VerifyElementCheckedKeyword$_verifyElementChecked_closure1.doCall(VerifyElementCheckedKeyword.groovy:81)
	at com.kms.katalon.core.webui.keyword.builtin.VerifyElementCheckedKeyword$_verifyElementChecked_closure1.call(VerifyElementCheckedKeyword.groovy)
	at com.kms.katalon.core.webui.keyword.internal.WebUIKeywordMain.runKeyword(WebUIKeywordMain.groovy:20)
	at com.kms.katalon.core.webui.keyword.builtin.VerifyElementCheckedKeyword.verifyElementChecked(VerifyElementCheckedKeyword.groovy:92)
	at com.kms.katalon.core.webui.keyword.builtin.VerifyElementCheckedKeyword.execute(VerifyElementCheckedKeyword.groovy:68)
	at com.kms.katalon.core.keyword.internal.KeywordExecutor.executeKeywordForPlatform(KeywordExecutor.groovy:73)
	at com.kms.katalon.core.webui.keyword.WebUiBuiltInKeywords.verifyElementChecked(WebUiBuiltInKeywords.groovy:1378)
	at com.kms.katalon.core.webui.keyword.WebUiBuiltInKeywords$verifyElementChecked$8.call(Unknown Source)
	at tCC tN Test Column Options.run(tCC tN Test Column Options:50)
	at com.kms.katalon.core.main.ScriptEngine.run(ScriptEngine.java:194)
	at com.kms.katalon.core.main.ScriptEngine.runScriptAsRawText(ScriptEngine.java:119)
	at com.kms.katalon.core.main.TestCaseExecutor.runScript(TestCaseExecutor.java:339)
	at com.kms.katalon.core.main.TestCaseExecutor.doExecute(TestCaseExecutor.java:330)
	at com.kms.katalon.core.main.TestCaseExecutor.processExecutionPhase(TestCaseExecutor.java:309)
	at com.kms.katalon.core.main.TestCaseExecutor.accessMainPhase(TestCaseExecutor.java:301)
	at com.kms.katalon.core.main.TestCaseExecutor.execute(TestCaseExecutor.java:235)
	at com.kms.katalon.core.main.TestSuiteExecutor.accessTestCaseMainPhase(TestSuiteExecutor.java:191)
	at com.kms.katalon.core.main.TestSuiteExecutor.accessTestSuiteMainPhase(TestSuiteExecutor.java:141)
	at com.kms.katalon.core.main.TestSuiteExecutor.execute(TestSuiteExecutor.java:90)
	at com.kms.katalon.core.main.TestCaseMain.startTestSuite(TestCaseMain.java:157)
	at com.kms.katalon.core.main.TestCaseMain$startTestSuite$0.call(Unknown Source)
	at TempTestSuite1601322773421.run(TempTestSuite1601322773421.groovy:39)
)
[[ATTACHMENT|/Users/cckozie/Katalon Studio/tC Create Project/Reports/20200928_145253/tCC Test Suite 1/20200928_145253/1601322844182.png]]

2020-09-28 14:54:04 - [TEST_STEP][PASSED] - col = page + columns[c]: null

2020-09-28 14:54:04 - [TEST_STEP][PASSED] - if (verifyElementChecked(findTestObject(col), 1, OPTIONAL) == true): Object 'Object Repository/Page_tCC translationNotes/columns_GLQuote' is not checked (Root cause: com.kms.katalon.core.exception.StepFailedException: Object 'Object Repository/Page_tCC translationNotes/columns_GLQuote' is not checked
	at com.kms.katalon.core.webui.keyword.internal.WebUIKeywordMain.stepFailed(WebUIKeywordMain.groovy:64)
	at com.kms.katalon.core.webui.keyword.builtin.VerifyElementCheckedKeyword$_verifyElementChecked_closure1.doCall(VerifyElementCheckedKeyword.groovy:81)
	at com.kms.katalon.core.webui.keyword.builtin.VerifyElementCheckedKeyword$_verifyElementChecked_closure1.call(VerifyElementCheckedKeyword.groovy)
	at com.kms.katalon.core.webui.keyword.internal.WebUIKeywordMain.runKeyword(WebUIKeywordMain.groovy:20)
	at com.kms.katalon.core.webui.keyword.builtin.VerifyElementCheckedKeyword.verifyElementChecked(VerifyElementCheckedKeyword.groovy:92)
	at com.kms.katalon.core.webui.keyword.builtin.VerifyElementCheckedKeyword.execute(VerifyElementCheckedKeyword.groovy:68)
	at com.kms.katalon.core.keyword.internal.KeywordExecutor.executeKeywordForPlatform(KeywordExecutor.groovy:73)
	at com.kms.katalon.core.webui.keyword.WebUiBuiltInKeywords.verifyElementChecked(WebUiBuiltInKeywords.groovy:1378)
	at com.kms.katalon.core.webui.keyword.WebUiBuiltInKeywords$verifyElementChecked$8.call(Unknown Source)
	at tCC tN Test Column Options.run(tCC tN Test Column Options:50)
	at com.kms.katalon.core.main.ScriptEngine.run(ScriptEngine.java:194)
	at com.kms.katalon.core.main.ScriptEngine.runScriptAsRawText(ScriptEngine.java:119)
	at com.kms.katalon.core.main.TestCaseExecutor.runScript(TestCaseExecutor.java:339)
	at com.kms.katalon.core.main.TestCaseExecutor.doExecute(TestCaseExecutor.java:330)
	at com.kms.katalon.core.main.TestCaseExecutor.processExecutionPhase(TestCaseExecutor.java:309)
	at com.kms.katalon.core.main.TestCaseExecutor.accessMainPhase(TestCaseExecutor.java:301)
	at com.kms.katalon.core.main.TestCaseExecutor.execute(TestCaseExecutor.java:235)
	at com.kms.katalon.core.main.TestSuiteExecutor.accessTestCaseMainPhase(TestSuiteExecutor.java:191)
	at com.kms.katalon.core.main.TestSuiteExecutor.accessTestSuiteMainPhase(TestSuiteExecutor.java:141)
	at com.kms.katalon.core.main.TestSuiteExecutor.execute(TestSuiteExecutor.java:90)
	at com.kms.katalon.core.main.TestCaseMain.startTestSuite(TestCaseMain.java:157)
	at com.kms.katalon.core.main.TestCaseMain$startTestSuite$0.call(Unknown Source)
	at TempTestSuite1601322773421.run(TempTestSuite1601322773421.groovy:39)
)

2020-09-28 14:54:06 - [MESSAGE][WARNING] - Object 'Object Repository/Page_tCC translationNotes/columns_GLQuote' is not checked (Root cause: com.kms.katalon.core.exception.StepFailedException: Object 'Object Repository/Page_tCC translationNotes/columns_GLQuote' is not checked
	at com.kms.katalon.core.webui.keyword.internal.WebUIKeywordMain.stepFailed(WebUIKeywordMain.groovy:64)
	at com.kms.katalon.core.webui.keyword.builtin.VerifyElementCheckedKeyword$_verifyElementChecked_closure1.doCall(VerifyElementCheckedKeyword.groovy:81)
	at com.kms.katalon.core.webui.keyword.builtin.VerifyElementCheckedKeyword$_verifyElementChecked_closure1.call(VerifyElementCheckedKeyword.groovy)
	at com.kms.katalon.core.webui.keyword.internal.WebUIKeywordMain.runKeyword(WebUIKeywordMain.groovy:20)
	at com.kms.katalon.core.webui.keyword.builtin.VerifyElementCheckedKeyword.verifyElementChecked(VerifyElementCheckedKeyword.groovy:92)
	at com.kms.katalon.core.webui.keyword.builtin.VerifyElementCheckedKeyword.execute(VerifyElementCheckedKeyword.groovy:68)
	at com.kms.katalon.core.keyword.internal.KeywordExecutor.executeKeywordForPlatform(KeywordExecutor.groovy:73)
	at com.kms.katalon.core.webui.keyword.WebUiBuiltInKeywords.verifyElementChecked(WebUiBuiltInKeywords.groovy:1378)
	at com.kms.katalon.core.webui.keyword.WebUiBuiltInKeywords$verifyElementChecked$8.call(Unknown Source)
	at tCC tN Test Column Options.run(tCC tN Test Column Options:50)
	at com.kms.katalon.core.main.ScriptEngine.run(ScriptEngine.java:194)
	at com.kms.katalon.core.main.ScriptEngine.runScriptAsRawText(ScriptEngine.java:119)
	at com.kms.katalon.core.main.TestCaseExecutor.runScript(TestCaseExecutor.java:339)
	at com.kms.katalon.core.main.TestCaseExecutor.doExecute(TestCaseExecutor.java:330)
	at com.kms.katalon.core.main.TestCaseExecutor.processExecutionPhase(TestCaseExecutor.java:309)
	at com.kms.katalon.core.main.TestCaseExecutor.accessMainPhase(TestCaseExecutor.java:301)
	at com.kms.katalon.core.main.TestCaseExecutor.execute(TestCaseExecutor.java:235)
	at com.kms.katalon.core.main.TestSuiteExecutor.accessTestCaseMainPhase(TestSuiteExecutor.java:191)
	at com.kms.katalon.core.main.TestSuiteExecutor.accessTestSuiteMainPhase(TestSuiteExecutor.java:141)
	at com.kms.katalon.core.main.TestSuiteExecutor.execute(TestSuiteExecutor.java:90)
	at com.kms.katalon.core.main.TestCaseMain.startTestSuite(TestCaseMain.java:157)
	at com.kms.katalon.core.main.TestCaseMain$startTestSuite$0.call(Unknown Source)
	at TempTestSuite1601322773421.run(TempTestSuite1601322773421.groovy:39)
)
[[ATTACHMENT|/Users/cckozie/Katalon Studio/tC Create Project/Reports/20200928_145253/tCC Test Suite 1/20200928_145253/1601322845125.png]]

2020-09-28 14:54:06 - [TEST_STEP][PASSED] - col = page + columns[c]: null

2020-09-28 14:54:06 - [TEST_STEP][PASSED] - if (verifyElementChecked(findTestObject(col), 1, OPTIONAL) == true): null

2020-09-28 14:54:06 - [MESSAGE][PASSED] - Object 'Object Repository/Page_tCC translationNotes/columns_OccurrenceNote' is checked

2020-09-28 14:54:06 - [TEST_STEP][PASSED] - click(findTestObject(col)): Object: 'Object Repository/Page_tCC translationNotes/columns_OccurrenceNote' is clicked on

2020-09-28 14:54:07 - [MESSAGE][PASSED] - Object: 'Object Repository/Page_tCC translationNotes/columns_OccurrenceNote' is clicked on

2020-09-28 14:54:07 - [TEST_STEP][PASSED] - verifyElementNotChecked(findTestObject(col), 1, CONTINUE_ON_FAILURE): Object 'Object Repository/Page_tCC translationNotes/columns_OccurrenceNote' is not checked

2020-09-28 14:54:07 - [MESSAGE][PASSED] - Object 'Object Repository/Page_tCC translationNotes/columns_OccurrenceNote' is not checked

2020-09-28 14:54:07 - [TEST_STEP][PASSED] - for (def c : (0..(columns.size() - 1))): Web element with id: 'Object Repository/Page_tCC translationNotes/text_OccurrenceNote_Who wrote the Book of Titus' located by 'By.xpath: //h3[@id='whowrotethebookoftitus']' is not present after '1' second(s)

2020-09-28 14:54:07 - [TEST_STEP][PASSED] - col = page + columns[c]: null

2020-09-28 14:54:07 - [TEST_STEP][PASSED] - click(findTestObject(col)): Object: 'Object Repository/Page_tCC translationNotes/columns_RowHeader' is clicked on

2020-09-28 14:54:10 - [MESSAGE][PASSED] - Object: 'Object Repository/Page_tCC translationNotes/columns_RowHeader' is clicked on

2020-09-28 14:54:10 - [TEST_STEP][PASSED] - verifyElementChecked(findTestObject(col), 1, CONTINUE_ON_FAILURE): Object 'Object Repository/Page_tCC translationNotes/columns_RowHeader' is checked

2020-09-28 14:54:12 - [MESSAGE][PASSED] - Object 'Object Repository/Page_tCC translationNotes/columns_RowHeader' is checked

2020-09-28 14:54:12 - [TEST_STEP][PASSED] - println("Testing for " + col + " elements visible."): null

2020-09-28 14:54:12 - [TEST_STEP][PASSED] - logInfo("Testing for " + col + " elements visible."): Testing for Page_tCC translationNotes/columns_RowHeader elements visible.

2020-09-28 14:54:12 - [MESSAGE][INFO] - Testing for Page_tCC translationNotes/columns_RowHeader elements visible.

2020-09-28 14:54:12 - [TEST_STEP][PASSED] - for (def e : (0..(elements[c].size() - 1))): Object 'Object Repository/Page_tCC translationNotes/text_RowHeader_Titus 11' is visible

2020-09-28 14:54:12 - [TEST_STEP][PASSED] - ele = page + elements[c][e]: null

2020-09-28 14:54:12 - [TEST_STEP][PASSED] - println("looking for " + ele): null

2020-09-28 14:54:12 - [TEST_STEP][PASSED] - logInfo("looking for " + ele): looking for Page_tCC translationNotes/text_RowHeader_TIT frontintro

2020-09-28 14:54:12 - [MESSAGE][INFO] - looking for Page_tCC translationNotes/text_RowHeader_TIT frontintro

2020-09-28 14:54:12 - [TEST_STEP][PASSED] - verifyElementVisible(findTestObject(ele), CONTINUE_ON_FAILURE): Object 'Object Repository/Page_tCC translationNotes/text_RowHeader_TIT frontintro' is visible

2020-09-28 14:54:13 - [MESSAGE][PASSED] - Object 'Object Repository/Page_tCC translationNotes/text_RowHeader_TIT frontintro' is visible

2020-09-28 14:54:13 - [TEST_STEP][PASSED] - ele = page + elements[c][e]: null

2020-09-28 14:54:13 - [TEST_STEP][PASSED] - println("looking for " + ele): null

2020-09-28 14:54:13 - [TEST_STEP][PASSED] - logInfo("looking for " + ele): looking for Page_tCC translationNotes/text_RowHeader_TIT 1intro

2020-09-28 14:54:13 - [MESSAGE][INFO] - looking for Page_tCC translationNotes/text_RowHeader_TIT 1intro

2020-09-28 14:54:13 - [TEST_STEP][PASSED] - verifyElementVisible(findTestObject(ele), CONTINUE_ON_FAILURE): Object 'Object Repository/Page_tCC translationNotes/text_RowHeader_TIT 1intro' is visible

2020-09-28 14:54:13 - [MESSAGE][PASSED] - Object 'Object Repository/Page_tCC translationNotes/text_RowHeader_TIT 1intro' is visible

2020-09-28 14:54:13 - [TEST_STEP][PASSED] - ele = page + elements[c][e]: null

2020-09-28 14:54:13 - [TEST_STEP][PASSED] - println("looking for " + ele): null

2020-09-28 14:54:13 - [TEST_STEP][PASSED] - logInfo("looking for " + ele): looking for Page_tCC translationNotes/text_RowHeader_Titus 11

2020-09-28 14:54:13 - [MESSAGE][INFO] - looking for Page_tCC translationNotes/text_RowHeader_Titus 11

2020-09-28 14:54:13 - [TEST_STEP][PASSED] - verifyElementVisible(findTestObject(ele), CONTINUE_ON_FAILURE): Object 'Object Repository/Page_tCC translationNotes/text_RowHeader_Titus 11' is visible

2020-09-28 14:54:13 - [MESSAGE][PASSED] - Object 'Object Repository/Page_tCC translationNotes/text_RowHeader_Titus 11' is visible

2020-09-28 14:54:13 - [TEST_STEP][PASSED] - println("Clicking " + col + " OFF, then Testing for elements not visible."): null

2020-09-28 14:54:13 - [TEST_STEP][PASSED] - logInfo("Clicking " + col + " OFF, then Testing for elements not visible."): Clicking Page_tCC translationNotes/columns_RowHeader OFF, then Testing for elements not visible.

2020-09-28 14:54:13 - [MESSAGE][INFO] - Clicking Page_tCC translationNotes/columns_RowHeader OFF, then Testing for elements not visible.

2020-09-28 14:54:13 - [TEST_STEP][PASSED] - click(findTestObject(col)): Object: 'Object Repository/Page_tCC translationNotes/columns_RowHeader' is clicked on

2020-09-28 14:54:14 - [MESSAGE][PASSED] - Object: 'Object Repository/Page_tCC translationNotes/columns_RowHeader' is clicked on

2020-09-28 14:54:14 - [TEST_STEP][PASSED] - verifyElementNotChecked(findTestObject(col), 1, CONTINUE_ON_FAILURE): Object 'Object Repository/Page_tCC translationNotes/columns_RowHeader' is not checked

2020-09-28 14:54:15 - [MESSAGE][PASSED] - Object 'Object Repository/Page_tCC translationNotes/columns_RowHeader' is not checked

2020-09-28 14:54:15 - [TEST_STEP][PASSED] - for (def e : (0..(elements[c].size() - 1))): Web element with id: 'Object Repository/Page_tCC translationNotes/text_RowHeader_Titus 11' located by 'By.xpath: //div[@id='header-1-1-rtc9']/div/div/div' is not present after '1' second(s)

2020-09-28 14:54:15 - [TEST_STEP][PASSED] - ele = page + elements[c][e]: null

2020-09-28 14:54:15 - [TEST_STEP][PASSED] - println("looking for " + ele): null

2020-09-28 14:54:15 - [TEST_STEP][PASSED] - logInfo("looking for " + ele): looking for Page_tCC translationNotes/text_RowHeader_TIT frontintro

2020-09-28 14:54:15 - [MESSAGE][INFO] - looking for Page_tCC translationNotes/text_RowHeader_TIT frontintro

2020-09-28 14:54:15 - [TEST_STEP][PASSED] - if (!(verifyElementNotPresent(findTestObject(ele), 1, CONTINUE_ON_FAILURE))): Web element with id: 'Object Repository/Page_tCC translationNotes/text_RowHeader_TIT frontintro' located by 'By.xpath: //div[@id='header-front-intro-m2jl']/div/div' is not present after '1' second(s)

2020-09-28 14:54:15 - [MESSAGE][PASSED] - Web element with id: 'Object Repository/Page_tCC translationNotes/text_RowHeader_TIT frontintro' located by 'By.xpath: //div[@id='header-front-intro-m2jl']/div/div' is not present after '1' second(s)

2020-09-28 14:54:15 - [TEST_STEP][PASSED] - ele = page + elements[c][e]: null

2020-09-28 14:54:15 - [TEST_STEP][PASSED] - println("looking for " + ele): null

2020-09-28 14:54:15 - [TEST_STEP][PASSED] - logInfo("looking for " + ele): looking for Page_tCC translationNotes/text_RowHeader_TIT 1intro

2020-09-28 14:54:15 - [MESSAGE][INFO] - looking for Page_tCC translationNotes/text_RowHeader_TIT 1intro

2020-09-28 14:54:15 - [TEST_STEP][PASSED] - if (!(verifyElementNotPresent(findTestObject(ele), 1, CONTINUE_ON_FAILURE))): Web element with id: 'Object Repository/Page_tCC translationNotes/text_RowHeader_TIT 1intro' located by 'By.xpath: //div[@id='header-1-intro-c7me']/div/div' is not present after '1' second(s)

2020-09-28 14:54:16 - [MESSAGE][PASSED] - Web element with id: 'Object Repository/Page_tCC translationNotes/text_RowHeader_TIT 1intro' located by 'By.xpath: //div[@id='header-1-intro-c7me']/div/div' is not present after '1' second(s)

2020-09-28 14:54:16 - [TEST_STEP][PASSED] - ele = page + elements[c][e]: null

2020-09-28 14:54:16 - [TEST_STEP][PASSED] - println("looking for " + ele): null

2020-09-28 14:54:16 - [TEST_STEP][PASSED] - logInfo("looking for " + ele): looking for Page_tCC translationNotes/text_RowHeader_Titus 11

2020-09-28 14:54:16 - [MESSAGE][INFO] - looking for Page_tCC translationNotes/text_RowHeader_Titus 11

2020-09-28 14:54:16 - [TEST_STEP][PASSED] - if (!(verifyElementNotPresent(findTestObject(ele), 1, CONTINUE_ON_FAILURE))): Web element with id: 'Object Repository/Page_tCC translationNotes/text_RowHeader_Titus 11' located by 'By.xpath: //div[@id='header-1-1-rtc9']/div/div/div' is not present after '1' second(s)

2020-09-28 14:54:16 - [MESSAGE][PASSED] - Web element with id: 'Object Repository/Page_tCC translationNotes/text_RowHeader_Titus 11' located by 'By.xpath: //div[@id='header-1-1-rtc9']/div/div/div' is not present after '1' second(s)

2020-09-28 14:54:16 - [TEST_STEP][PASSED] - col = page + columns[c]: null

2020-09-28 14:54:16 - [TEST_STEP][PASSED] - click(findTestObject(col)): Object: 'Object Repository/Page_tCC translationNotes/columns_Book' is clicked on

2020-09-28 14:54:17 - [MESSAGE][PASSED] - Object: 'Object Repository/Page_tCC translationNotes/columns_Book' is clicked on

2020-09-28 14:54:17 - [TEST_STEP][PASSED] - verifyElementChecked(findTestObject(col), 1, CONTINUE_ON_FAILURE): Object 'Object Repository/Page_tCC translationNotes/columns_Book' is checked

2020-09-28 14:54:17 - [MESSAGE][PASSED] - Object 'Object Repository/Page_tCC translationNotes/columns_Book' is checked

2020-09-28 14:54:17 - [TEST_STEP][PASSED] - println("Testing for " + col + " elements visible."): null

2020-09-28 14:54:17 - [TEST_STEP][PASSED] - logInfo("Testing for " + col + " elements visible."): Testing for Page_tCC translationNotes/columns_Book elements visible.

2020-09-28 14:54:17 - [MESSAGE][INFO] - Testing for Page_tCC translationNotes/columns_Book elements visible.

2020-09-28 14:54:17 - [TEST_STEP][PASSED] - for (def e : (0..(elements[c].size() - 1))): Object 'Object Repository/Page_tCC translationNotes/text_Book_TIT' is visible

2020-09-28 14:54:17 - [TEST_STEP][PASSED] - ele = page + elements[c][e]: null

2020-09-28 14:54:17 - [TEST_STEP][PASSED] - println("looking for " + ele): null

2020-09-28 14:54:17 - [TEST_STEP][PASSED] - logInfo("looking for " + ele): looking for Page_tCC translationNotes/label_Book

2020-09-28 14:54:17 - [MESSAGE][INFO] - looking for Page_tCC translationNotes/label_Book

2020-09-28 14:54:17 - [TEST_STEP][PASSED] - verifyElementVisible(findTestObject(ele), CONTINUE_ON_FAILURE): Object 'Object Repository/Page_tCC translationNotes/label_Book' is visible

2020-09-28 14:54:18 - [MESSAGE][PASSED] - Object 'Object Repository/Page_tCC translationNotes/label_Book' is visible

2020-09-28 14:54:18 - [TEST_STEP][PASSED] - ele = page + elements[c][e]: null

2020-09-28 14:54:18 - [TEST_STEP][PASSED] - println("looking for " + ele): null

2020-09-28 14:54:18 - [TEST_STEP][PASSED] - logInfo("looking for " + ele): looking for Page_tCC translationNotes/text_Book_TIT

2020-09-28 14:54:18 - [MESSAGE][INFO] - looking for Page_tCC translationNotes/text_Book_TIT

2020-09-28 14:54:18 - [TEST_STEP][PASSED] - verifyElementVisible(findTestObject(ele), CONTINUE_ON_FAILURE): Object 'Object Repository/Page_tCC translationNotes/text_Book_TIT' is visible

2020-09-28 14:54:18 - [MESSAGE][PASSED] - Object 'Object Repository/Page_tCC translationNotes/text_Book_TIT' is visible

2020-09-28 14:54:18 - [TEST_STEP][PASSED] - println("Clicking " + col + " OFF, then Testing for elements not visible."): null

2020-09-28 14:54:18 - [TEST_STEP][PASSED] - logInfo("Clicking " + col + " OFF, then Testing for elements not visible."): Clicking Page_tCC translationNotes/columns_Book OFF, then Testing for elements not visible.

2020-09-28 14:54:18 - [MESSAGE][INFO] - Clicking Page_tCC translationNotes/columns_Book OFF, then Testing for elements not visible.

2020-09-28 14:54:18 - [TEST_STEP][PASSED] - click(findTestObject(col)): Object: 'Object Repository/Page_tCC translationNotes/columns_Book' is clicked on

2020-09-28 14:54:19 - [MESSAGE][PASSED] - Object: 'Object Repository/Page_tCC translationNotes/columns_Book' is clicked on

2020-09-28 14:54:19 - [TEST_STEP][PASSED] - verifyElementNotChecked(findTestObject(col), 1, CONTINUE_ON_FAILURE): Object 'Object Repository/Page_tCC translationNotes/columns_Book' is not checked

2020-09-28 14:54:20 - [MESSAGE][PASSED] - Object 'Object Repository/Page_tCC translationNotes/columns_Book' is not checked

2020-09-28 14:54:20 - [TEST_STEP][PASSED] - for (def e : (0..(elements[c].size() - 1))): Web element with id: 'Object Repository/Page_tCC translationNotes/text_Book_TIT' located by 'By.xpath: //tr[@id='MUIDataTableBodyRow-0']/td/div/div/div/div/div/div/p' is not present after '1' second(s)

2020-09-28 14:54:20 - [TEST_STEP][PASSED] - ele = page + elements[c][e]: null

2020-09-28 14:54:20 - [TEST_STEP][PASSED] - println("looking for " + ele): null

2020-09-28 14:54:20 - [TEST_STEP][PASSED] - logInfo("looking for " + ele): looking for Page_tCC translationNotes/label_Book

2020-09-28 14:54:20 - [MESSAGE][INFO] - looking for Page_tCC translationNotes/label_Book

2020-09-28 14:54:20 - [TEST_STEP][PASSED] - if (!(verifyElementNotPresent(findTestObject(ele), 1, CONTINUE_ON_FAILURE))): Web element with id: 'Object Repository/Page_tCC translationNotes/label_Book' located by 'By.xpath: //tr[@id='MUIDataTableBodyRow-0']/td/div/div/div/div/h6' is not present after '1' second(s)

2020-09-28 14:54:20 - [MESSAGE][PASSED] - Web element with id: 'Object Repository/Page_tCC translationNotes/label_Book' located by 'By.xpath: //tr[@id='MUIDataTableBodyRow-0']/td/div/div/div/div/h6' is not present after '1' second(s)

2020-09-28 14:54:20 - [TEST_STEP][PASSED] - ele = page + elements[c][e]: null

2020-09-28 14:54:20 - [TEST_STEP][PASSED] - println("looking for " + ele): null

2020-09-28 14:54:20 - [TEST_STEP][PASSED] - logInfo("looking for " + ele): looking for Page_tCC translationNotes/text_Book_TIT

2020-09-28 14:54:20 - [MESSAGE][INFO] - looking for Page_tCC translationNotes/text_Book_TIT

2020-09-28 14:54:20 - [TEST_STEP][PASSED] - if (!(verifyElementNotPresent(findTestObject(ele), 1, CONTINUE_ON_FAILURE))): Web element with id: 'Object Repository/Page_tCC translationNotes/text_Book_TIT' located by 'By.xpath: //tr[@id='MUIDataTableBodyRow-0']/td/div/div/div/div/div/div/p' is not present after '1' second(s)

2020-09-28 14:54:20 - [MESSAGE][PASSED] - Web element with id: 'Object Repository/Page_tCC translationNotes/text_Book_TIT' located by 'By.xpath: //tr[@id='MUIDataTableBodyRow-0']/td/div/div/div/div/div/div/p' is not present after '1' second(s)

2020-09-28 14:54:20 - [TEST_STEP][PASSED] - col = page + columns[c]: null

2020-09-28 14:54:20 - [TEST_STEP][PASSED] - click(findTestObject(col)): Object: 'Object Repository/Page_tCC translationNotes/columns_Chapter' is clicked on

2020-09-28 14:54:21 - [MESSAGE][PASSED] - Object: 'Object Repository/Page_tCC translationNotes/columns_Chapter' is clicked on

2020-09-28 14:54:21 - [TEST_STEP][PASSED] - verifyElementChecked(findTestObject(col), 1, CONTINUE_ON_FAILURE): Object 'Object Repository/Page_tCC translationNotes/columns_Chapter' is checked

2020-09-28 14:54:22 - [MESSAGE][PASSED] - Object 'Object Repository/Page_tCC translationNotes/columns_Chapter' is checked

2020-09-28 14:54:22 - [TEST_STEP][PASSED] - println("Testing for " + col + " elements visible."): null

2020-09-28 14:54:22 - [TEST_STEP][PASSED] - logInfo("Testing for " + col + " elements visible."): Testing for Page_tCC translationNotes/columns_Chapter elements visible.

2020-09-28 14:54:22 - [MESSAGE][INFO] - Testing for Page_tCC translationNotes/columns_Chapter elements visible.

2020-09-28 14:54:22 - [TEST_STEP][PASSED] - for (def e : (0..(elements[c].size() - 1))): Object 'Object Repository/Page_tCC translationNotes/text_Chapter_1' is visible

2020-09-28 14:54:22 - [TEST_STEP][PASSED] - ele = page + elements[c][e]: null

2020-09-28 14:54:22 - [TEST_STEP][PASSED] - println("looking for " + ele): null

2020-09-28 14:54:22 - [TEST_STEP][PASSED] - logInfo("looking for " + ele): looking for Page_tCC translationNotes/label_Chapter

2020-09-28 14:54:22 - [MESSAGE][INFO] - looking for Page_tCC translationNotes/label_Chapter

2020-09-28 14:54:22 - [TEST_STEP][PASSED] - verifyElementVisible(findTestObject(ele), CONTINUE_ON_FAILURE): Object 'Object Repository/Page_tCC translationNotes/label_Chapter' is visible

2020-09-28 14:54:22 - [MESSAGE][PASSED] - Object 'Object Repository/Page_tCC translationNotes/label_Chapter' is visible

2020-09-28 14:54:22 - [TEST_STEP][PASSED] - ele = page + elements[c][e]: null

2020-09-28 14:54:22 - [TEST_STEP][PASSED] - println("looking for " + ele): null

2020-09-28 14:54:22 - [TEST_STEP][PASSED] - logInfo("looking for " + ele): looking for Page_tCC translationNotes/text_Chapter_front

2020-09-28 14:54:22 - [MESSAGE][INFO] - looking for Page_tCC translationNotes/text_Chapter_front

2020-09-28 14:54:22 - [TEST_STEP][PASSED] - verifyElementVisible(findTestObject(ele), CONTINUE_ON_FAILURE): Object 'Object Repository/Page_tCC translationNotes/text_Chapter_front' is visible

2020-09-28 14:54:23 - [MESSAGE][PASSED] - Object 'Object Repository/Page_tCC translationNotes/text_Chapter_front' is visible

2020-09-28 14:54:23 - [TEST_STEP][PASSED] - ele = page + elements[c][e]: null

2020-09-28 14:54:23 - [TEST_STEP][PASSED] - println("looking for " + ele): null

2020-09-28 14:54:23 - [TEST_STEP][PASSED] - logInfo("looking for " + ele): looking for Page_tCC translationNotes/text_Chapter_1

2020-09-28 14:54:23 - [MESSAGE][INFO] - looking for Page_tCC translationNotes/text_Chapter_1

2020-09-28 14:54:23 - [TEST_STEP][PASSED] - verifyElementVisible(findTestObject(ele), CONTINUE_ON_FAILURE): Object 'Object Repository/Page_tCC translationNotes/text_Chapter_1' is visible

2020-09-28 14:54:23 - [MESSAGE][PASSED] - Object 'Object Repository/Page_tCC translationNotes/text_Chapter_1' is visible

2020-09-28 14:54:23 - [TEST_STEP][PASSED] - println("Clicking " + col + " OFF, then Testing for elements not visible."): null

2020-09-28 14:54:23 - [TEST_STEP][PASSED] - logInfo("Clicking " + col + " OFF, then Testing for elements not visible."): Clicking Page_tCC translationNotes/columns_Chapter OFF, then Testing for elements not visible.

2020-09-28 14:54:23 - [MESSAGE][INFO] - Clicking Page_tCC translationNotes/columns_Chapter OFF, then Testing for elements not visible.

2020-09-28 14:54:23 - [TEST_STEP][PASSED] - click(findTestObject(col)): Object: 'Object Repository/Page_tCC translationNotes/columns_Chapter' is clicked on

2020-09-28 14:54:24 - [MESSAGE][PASSED] - Object: 'Object Repository/Page_tCC translationNotes/columns_Chapter' is clicked on

2020-09-28 14:54:24 - [TEST_STEP][PASSED] - verifyElementNotChecked(findTestObject(col), 1, CONTINUE_ON_FAILURE): Object 'Object Repository/Page_tCC translationNotes/columns_Chapter' is not checked

2020-09-28 14:54:24 - [MESSAGE][PASSED] - Object 'Object Repository/Page_tCC translationNotes/columns_Chapter' is not checked

2020-09-28 14:54:24 - [TEST_STEP][PASSED] - for (def e : (0..(elements[c].size() - 1))): Web element with id: 'Object Repository/Page_tCC translationNotes/text_Chapter_1' located by 'By.xpath: //tr[@id='MUIDataTableBodyRow-1']/td/div/div/div/div/div/div/p' is not present after '1' second(s)

2020-09-28 14:54:24 - [TEST_STEP][PASSED] - ele = page + elements[c][e]: null

2020-09-28 14:54:24 - [TEST_STEP][PASSED] - println("looking for " + ele): null

2020-09-28 14:54:24 - [TEST_STEP][PASSED] - logInfo("looking for " + ele): looking for Page_tCC translationNotes/label_Chapter

2020-09-28 14:54:24 - [MESSAGE][INFO] - looking for Page_tCC translationNotes/label_Chapter

2020-09-28 14:54:24 - [TEST_STEP][PASSED] - if (!(verifyElementNotPresent(findTestObject(ele), 1, CONTINUE_ON_FAILURE))): Web element with id: 'Object Repository/Page_tCC translationNotes/label_Chapter' located by 'By.xpath: //tr[@id='MUIDataTableBodyRow-0']/td/div/div/div/div/h6' is not present after '1' second(s)

2020-09-28 14:54:25 - [MESSAGE][PASSED] - Web element with id: 'Object Repository/Page_tCC translationNotes/label_Chapter' located by 'By.xpath: //tr[@id='MUIDataTableBodyRow-0']/td/div/div/div/div/h6' is not present after '1' second(s)

2020-09-28 14:54:25 - [TEST_STEP][PASSED] - ele = page + elements[c][e]: null

2020-09-28 14:54:25 - [TEST_STEP][PASSED] - println("looking for " + ele): null

2020-09-28 14:54:25 - [TEST_STEP][PASSED] - logInfo("looking for " + ele): looking for Page_tCC translationNotes/text_Chapter_front

2020-09-28 14:54:25 - [MESSAGE][INFO] - looking for Page_tCC translationNotes/text_Chapter_front

2020-09-28 14:54:25 - [TEST_STEP][PASSED] - if (!(verifyElementNotPresent(findTestObject(ele), 1, CONTINUE_ON_FAILURE))): Web element with id: 'Object Repository/Page_tCC translationNotes/text_Chapter_front' located by 'By.xpath: //tr[@id='MUIDataTableBodyRow-0']/td/div/div/div/div/div/div/p' is not present after '1' second(s)

2020-09-28 14:54:25 - [MESSAGE][PASSED] - Web element with id: 'Object Repository/Page_tCC translationNotes/text_Chapter_front' located by 'By.xpath: //tr[@id='MUIDataTableBodyRow-0']/td/div/div/div/div/div/div/p' is not present after '1' second(s)

2020-09-28 14:54:25 - [TEST_STEP][PASSED] - ele = page + elements[c][e]: null

2020-09-28 14:54:25 - [TEST_STEP][PASSED] - println("looking for " + ele): null

2020-09-28 14:54:25 - [TEST_STEP][PASSED] - logInfo("looking for " + ele): looking for Page_tCC translationNotes/text_Chapter_1

2020-09-28 14:54:25 - [MESSAGE][INFO] - looking for Page_tCC translationNotes/text_Chapter_1

2020-09-28 14:54:25 - [TEST_STEP][PASSED] - if (!(verifyElementNotPresent(findTestObject(ele), 1, CONTINUE_ON_FAILURE))): Web element with id: 'Object Repository/Page_tCC translationNotes/text_Chapter_1' located by 'By.xpath: //tr[@id='MUIDataTableBodyRow-1']/td/div/div/div/div/div/div/p' is not present after '1' second(s)

2020-09-28 14:54:25 - [MESSAGE][PASSED] - Web element with id: 'Object Repository/Page_tCC translationNotes/text_Chapter_1' located by 'By.xpath: //tr[@id='MUIDataTableBodyRow-1']/td/div/div/div/div/div/div/p' is not present after '1' second(s)

2020-09-28 14:54:25 - [TEST_STEP][PASSED] - col = page + columns[c]: null

2020-09-28 14:54:25 - [TEST_STEP][PASSED] - click(findTestObject(col)): Object: 'Object Repository/Page_tCC translationNotes/columns_Verse' is clicked on

2020-09-28 14:54:26 - [MESSAGE][PASSED] - Object: 'Object Repository/Page_tCC translationNotes/columns_Verse' is clicked on

2020-09-28 14:54:26 - [TEST_STEP][PASSED] - verifyElementChecked(findTestObject(col), 1, CONTINUE_ON_FAILURE): Object 'Object Repository/Page_tCC translationNotes/columns_Verse' is checked

2020-09-28 14:54:27 - [MESSAGE][PASSED] - Object 'Object Repository/Page_tCC translationNotes/columns_Verse' is checked

2020-09-28 14:54:27 - [TEST_STEP][PASSED] - println("Testing for " + col + " elements visible."): null

2020-09-28 14:54:27 - [TEST_STEP][PASSED] - logInfo("Testing for " + col + " elements visible."): Testing for Page_tCC translationNotes/columns_Verse elements visible.

2020-09-28 14:54:27 - [MESSAGE][INFO] - Testing for Page_tCC translationNotes/columns_Verse elements visible.

2020-09-28 14:54:27 - [TEST_STEP][PASSED] - for (def e : (0..(elements[c].size() - 1))): Object 'Object Repository/Page_tCC translationNotes/text_Verse_1' is visible

2020-09-28 14:54:27 - [TEST_STEP][PASSED] - ele = page + elements[c][e]: null

2020-09-28 14:54:27 - [TEST_STEP][PASSED] - println("looking for " + ele): null

2020-09-28 14:54:27 - [TEST_STEP][PASSED] - logInfo("looking for " + ele): looking for Page_tCC translationNotes/label_Verse

2020-09-28 14:54:27 - [MESSAGE][INFO] - looking for Page_tCC translationNotes/label_Verse

2020-09-28 14:54:27 - [TEST_STEP][PASSED] - verifyElementVisible(findTestObject(ele), CONTINUE_ON_FAILURE): Object 'Object Repository/Page_tCC translationNotes/label_Verse' is visible

2020-09-28 14:54:27 - [MESSAGE][PASSED] - Object 'Object Repository/Page_tCC translationNotes/label_Verse' is visible

2020-09-28 14:54:27 - [TEST_STEP][PASSED] - ele = page + elements[c][e]: null

2020-09-28 14:54:27 - [TEST_STEP][PASSED] - println("looking for " + ele): null

2020-09-28 14:54:27 - [TEST_STEP][PASSED] - logInfo("looking for " + ele): looking for Page_tCC translationNotes/text_Verse_intro

2020-09-28 14:54:27 - [MESSAGE][INFO] - looking for Page_tCC translationNotes/text_Verse_intro

2020-09-28 14:54:27 - [TEST_STEP][PASSED] - verifyElementVisible(findTestObject(ele), CONTINUE_ON_FAILURE): Object 'Object Repository/Page_tCC translationNotes/text_Verse_intro' is visible

2020-09-28 14:54:28 - [MESSAGE][PASSED] - Object 'Object Repository/Page_tCC translationNotes/text_Verse_intro' is visible

2020-09-28 14:54:28 - [TEST_STEP][PASSED] - ele = page + elements[c][e]: null

2020-09-28 14:54:28 - [TEST_STEP][PASSED] - println("looking for " + ele): null

2020-09-28 14:54:28 - [TEST_STEP][PASSED] - logInfo("looking for " + ele): looking for Page_tCC translationNotes/text_Verse_1

2020-09-28 14:54:28 - [MESSAGE][INFO] - looking for Page_tCC translationNotes/text_Verse_1

2020-09-28 14:54:28 - [TEST_STEP][PASSED] - verifyElementVisible(findTestObject(ele), CONTINUE_ON_FAILURE): Object 'Object Repository/Page_tCC translationNotes/text_Verse_1' is visible

2020-09-28 14:54:28 - [MESSAGE][PASSED] - Object 'Object Repository/Page_tCC translationNotes/text_Verse_1' is visible

2020-09-28 14:54:28 - [TEST_STEP][PASSED] - println("Clicking " + col + " OFF, then Testing for elements not visible."): null

2020-09-28 14:54:28 - [TEST_STEP][PASSED] - logInfo("Clicking " + col + " OFF, then Testing for elements not visible."): Clicking Page_tCC translationNotes/columns_Verse OFF, then Testing for elements not visible.

2020-09-28 14:54:28 - [MESSAGE][INFO] - Clicking Page_tCC translationNotes/columns_Verse OFF, then Testing for elements not visible.

2020-09-28 14:54:28 - [TEST_STEP][PASSED] - click(findTestObject(col)): Object: 'Object Repository/Page_tCC translationNotes/columns_Verse' is clicked on

2020-09-28 14:54:29 - [MESSAGE][PASSED] - Object: 'Object Repository/Page_tCC translationNotes/columns_Verse' is clicked on

2020-09-28 14:54:29 - [TEST_STEP][PASSED] - verifyElementNotChecked(findTestObject(col), 1, CONTINUE_ON_FAILURE): Object 'Object Repository/Page_tCC translationNotes/columns_Verse' is not checked

2020-09-28 14:54:30 - [MESSAGE][PASSED] - Object 'Object Repository/Page_tCC translationNotes/columns_Verse' is not checked

2020-09-28 14:54:30 - [TEST_STEP][PASSED] - for (def e : (0..(elements[c].size() - 1))): Web element with id: 'Object Repository/Page_tCC translationNotes/text_Verse_1' located by 'By.xpath: //tr[@id='MUIDataTableBodyRow-1']/td/div/div/div/div/div/div/p' is not present after '1' second(s)

2020-09-28 14:54:30 - [TEST_STEP][PASSED] - ele = page + elements[c][e]: null

2020-09-28 14:54:30 - [TEST_STEP][PASSED] - println("looking for " + ele): null

2020-09-28 14:54:30 - [TEST_STEP][PASSED] - logInfo("looking for " + ele): looking for Page_tCC translationNotes/label_Verse

2020-09-28 14:54:30 - [MESSAGE][INFO] - looking for Page_tCC translationNotes/label_Verse

2020-09-28 14:54:30 - [TEST_STEP][PASSED] - if (!(verifyElementNotPresent(findTestObject(ele), 1, CONTINUE_ON_FAILURE))): Web element with id: 'Object Repository/Page_tCC translationNotes/label_Verse' located by 'By.xpath: //tr[@id='MUIDataTableBodyRow-0']/td/div/div/div/div/h6' is not present after '1' second(s)

2020-09-28 14:54:30 - [MESSAGE][PASSED] - Web element with id: 'Object Repository/Page_tCC translationNotes/label_Verse' located by 'By.xpath: //tr[@id='MUIDataTableBodyRow-0']/td/div/div/div/div/h6' is not present after '1' second(s)

2020-09-28 14:54:30 - [TEST_STEP][PASSED] - ele = page + elements[c][e]: null

2020-09-28 14:54:30 - [TEST_STEP][PASSED] - println("looking for " + ele): null

2020-09-28 14:54:30 - [TEST_STEP][PASSED] - logInfo("looking for " + ele): looking for Page_tCC translationNotes/text_Verse_intro

2020-09-28 14:54:30 - [MESSAGE][INFO] - looking for Page_tCC translationNotes/text_Verse_intro

2020-09-28 14:54:30 - [TEST_STEP][PASSED] - if (!(verifyElementNotPresent(findTestObject(ele), 1, CONTINUE_ON_FAILURE))): Web element with id: 'Object Repository/Page_tCC translationNotes/text_Verse_intro' located by 'By.xpath: //tr[@id='MUIDataTableBodyRow-0']/td/div/div/div/div/div/div/p' is not present after '1' second(s)

2020-09-28 14:54:30 - [MESSAGE][PASSED] - Web element with id: 'Object Repository/Page_tCC translationNotes/text_Verse_intro' located by 'By.xpath: //tr[@id='MUIDataTableBodyRow-0']/td/div/div/div/div/div/div/p' is not present after '1' second(s)

2020-09-28 14:54:30 - [TEST_STEP][PASSED] - ele = page + elements[c][e]: null

2020-09-28 14:54:30 - [TEST_STEP][PASSED] - println("looking for " + ele): null

2020-09-28 14:54:30 - [TEST_STEP][PASSED] - logInfo("looking for " + ele): looking for Page_tCC translationNotes/text_Verse_1

2020-09-28 14:54:30 - [MESSAGE][INFO] - looking for Page_tCC translationNotes/text_Verse_1

2020-09-28 14:54:30 - [TEST_STEP][PASSED] - if (!(verifyElementNotPresent(findTestObject(ele), 1, CONTINUE_ON_FAILURE))): Web element with id: 'Object Repository/Page_tCC translationNotes/text_Verse_1' located by 'By.xpath: //tr[@id='MUIDataTableBodyRow-1']/td/div/div/div/div/div/div/p' is not present after '1' second(s)

2020-09-28 14:54:31 - [MESSAGE][PASSED] - Web element with id: 'Object Repository/Page_tCC translationNotes/text_Verse_1' located by 'By.xpath: //tr[@id='MUIDataTableBodyRow-1']/td/div/div/div/div/div/div/p' is not present after '1' second(s)

2020-09-28 14:54:31 - [TEST_STEP][PASSED] - col = page + columns[c]: null

2020-09-28 14:54:31 - [TEST_STEP][PASSED] - click(findTestObject(col)): Object: 'Object Repository/Page_tCC translationNotes/columns_ID' is clicked on

2020-09-28 14:54:32 - [MESSAGE][PASSED] - Object: 'Object Repository/Page_tCC translationNotes/columns_ID' is clicked on

2020-09-28 14:54:32 - [TEST_STEP][PASSED] - verifyElementChecked(findTestObject(col), 1, CONTINUE_ON_FAILURE): Object 'Object Repository/Page_tCC translationNotes/columns_ID' is checked

2020-09-28 14:54:32 - [MESSAGE][PASSED] - Object 'Object Repository/Page_tCC translationNotes/columns_ID' is checked

2020-09-28 14:54:32 - [TEST_STEP][PASSED] - println("Testing for " + col + " elements visible."): null

2020-09-28 14:54:32 - [TEST_STEP][PASSED] - logInfo("Testing for " + col + " elements visible."): Testing for Page_tCC translationNotes/columns_ID elements visible.

2020-09-28 14:54:32 - [MESSAGE][INFO] - Testing for Page_tCC translationNotes/columns_ID elements visible.

2020-09-28 14:54:32 - [TEST_STEP][PASSED] - for (def e : (0..(elements[c].size() - 1))): Object 'Object Repository/Page_tCC translationNotes/text_ID_c7me' is visible

2020-09-28 14:54:32 - [TEST_STEP][PASSED] - ele = page + elements[c][e]: null

2020-09-28 14:54:32 - [TEST_STEP][PASSED] - println("looking for " + ele): null

2020-09-28 14:54:32 - [TEST_STEP][PASSED] - logInfo("looking for " + ele): looking for Page_tCC translationNotes/label_ID

2020-09-28 14:54:32 - [MESSAGE][INFO] - looking for Page_tCC translationNotes/label_ID

2020-09-28 14:54:32 - [TEST_STEP][PASSED] - verifyElementVisible(findTestObject(ele), CONTINUE_ON_FAILURE): Object 'Object Repository/Page_tCC translationNotes/label_ID' is visible

2020-09-28 14:54:32 - [MESSAGE][PASSED] - Object 'Object Repository/Page_tCC translationNotes/label_ID' is visible

2020-09-28 14:54:32 - [TEST_STEP][PASSED] - ele = page + elements[c][e]: null

2020-09-28 14:54:32 - [TEST_STEP][PASSED] - println("looking for " + ele): null

2020-09-28 14:54:32 - [TEST_STEP][PASSED] - logInfo("looking for " + ele): looking for Page_tCC translationNotes/text_ID_m2jl

2020-09-28 14:54:32 - [MESSAGE][INFO] - looking for Page_tCC translationNotes/text_ID_m2jl

2020-09-28 14:54:32 - [TEST_STEP][PASSED] - verifyElementVisible(findTestObject(ele), CONTINUE_ON_FAILURE): Object 'Object Repository/Page_tCC translationNotes/text_ID_m2jl' is visible

2020-09-28 14:54:33 - [MESSAGE][PASSED] - Object 'Object Repository/Page_tCC translationNotes/text_ID_m2jl' is visible

2020-09-28 14:54:33 - [TEST_STEP][PASSED] - ele = page + elements[c][e]: null

2020-09-28 14:54:33 - [TEST_STEP][PASSED] - println("looking for " + ele): null

2020-09-28 14:54:33 - [TEST_STEP][PASSED] - logInfo("looking for " + ele): looking for Page_tCC translationNotes/text_ID_c7me

2020-09-28 14:54:33 - [MESSAGE][INFO] - looking for Page_tCC translationNotes/text_ID_c7me

2020-09-28 14:54:33 - [TEST_STEP][PASSED] - verifyElementVisible(findTestObject(ele), CONTINUE_ON_FAILURE): Object 'Object Repository/Page_tCC translationNotes/text_ID_c7me' is visible

2020-09-28 14:54:33 - [MESSAGE][PASSED] - Object 'Object Repository/Page_tCC translationNotes/text_ID_c7me' is visible

2020-09-28 14:54:33 - [TEST_STEP][PASSED] - println("Clicking " + col + " OFF, then Testing for elements not visible."): null

2020-09-28 14:54:33 - [TEST_STEP][PASSED] - logInfo("Clicking " + col + " OFF, then Testing for elements not visible."): Clicking Page_tCC translationNotes/columns_ID OFF, then Testing for elements not visible.

2020-09-28 14:54:33 - [MESSAGE][INFO] - Clicking Page_tCC translationNotes/columns_ID OFF, then Testing for elements not visible.

2020-09-28 14:54:33 - [TEST_STEP][PASSED] - click(findTestObject(col)): Object: 'Object Repository/Page_tCC translationNotes/columns_ID' is clicked on

2020-09-28 14:54:34 - [MESSAGE][PASSED] - Object: 'Object Repository/Page_tCC translationNotes/columns_ID' is clicked on

2020-09-28 14:54:34 - [TEST_STEP][PASSED] - verifyElementNotChecked(findTestObject(col), 1, CONTINUE_ON_FAILURE): Object 'Object Repository/Page_tCC translationNotes/columns_ID' is not checked

2020-09-28 14:54:35 - [MESSAGE][PASSED] - Object 'Object Repository/Page_tCC translationNotes/columns_ID' is not checked

2020-09-28 14:54:35 - [TEST_STEP][PASSED] - for (def e : (0..(elements[c].size() - 1))): Web element with id: 'Object Repository/Page_tCC translationNotes/text_ID_c7me' located by 'By.xpath: //tr[@id='MUIDataTableBodyRow-1']/td/div/div/div/div/div/div/p' is not present after '1' second(s)

2020-09-28 14:54:35 - [TEST_STEP][PASSED] - ele = page + elements[c][e]: null

2020-09-28 14:54:35 - [TEST_STEP][PASSED] - println("looking for " + ele): null

2020-09-28 14:54:35 - [TEST_STEP][PASSED] - logInfo("looking for " + ele): looking for Page_tCC translationNotes/label_ID

2020-09-28 14:54:35 - [MESSAGE][INFO] - looking for Page_tCC translationNotes/label_ID

2020-09-28 14:54:35 - [TEST_STEP][PASSED] - if (!(verifyElementNotPresent(findTestObject(ele), 1, CONTINUE_ON_FAILURE))): Web element with id: 'Object Repository/Page_tCC translationNotes/label_ID' located by 'By.xpath: //tr[@id='MUIDataTableBodyRow-0']/td/div/div/div/div/h6' is not present after '1' second(s)

2020-09-28 14:54:35 - [MESSAGE][PASSED] - Web element with id: 'Object Repository/Page_tCC translationNotes/label_ID' located by 'By.xpath: //tr[@id='MUIDataTableBodyRow-0']/td/div/div/div/div/h6' is not present after '1' second(s)

2020-09-28 14:54:35 - [TEST_STEP][PASSED] - ele = page + elements[c][e]: null

2020-09-28 14:54:35 - [TEST_STEP][PASSED] - println("looking for " + ele): null

2020-09-28 14:54:35 - [TEST_STEP][PASSED] - logInfo("looking for " + ele): looking for Page_tCC translationNotes/text_ID_m2jl

2020-09-28 14:54:35 - [MESSAGE][INFO] - looking for Page_tCC translationNotes/text_ID_m2jl

2020-09-28 14:54:35 - [TEST_STEP][PASSED] - if (!(verifyElementNotPresent(findTestObject(ele), 1, CONTINUE_ON_FAILURE))): Web element with id: 'Object Repository/Page_tCC translationNotes/text_ID_m2jl' located by 'By.xpath: //tr[@id='MUIDataTableBodyRow-0']/td/div/div/div/div/div/div/p' is not present after '1' second(s)

2020-09-28 14:54:35 - [MESSAGE][PASSED] - Web element with id: 'Object Repository/Page_tCC translationNotes/text_ID_m2jl' located by 'By.xpath: //tr[@id='MUIDataTableBodyRow-0']/td/div/div/div/div/div/div/p' is not present after '1' second(s)

2020-09-28 14:54:35 - [TEST_STEP][PASSED] - ele = page + elements[c][e]: null

2020-09-28 14:54:35 - [TEST_STEP][PASSED] - println("looking for " + ele): null

2020-09-28 14:54:35 - [TEST_STEP][PASSED] - logInfo("looking for " + ele): looking for Page_tCC translationNotes/text_ID_c7me

2020-09-28 14:54:35 - [MESSAGE][INFO] - looking for Page_tCC translationNotes/text_ID_c7me

2020-09-28 14:54:35 - [TEST_STEP][PASSED] - if (!(verifyElementNotPresent(findTestObject(ele), 1, CONTINUE_ON_FAILURE))): Web element with id: 'Object Repository/Page_tCC translationNotes/text_ID_c7me' located by 'By.xpath: //tr[@id='MUIDataTableBodyRow-1']/td/div/div/div/div/div/div/p' is not present after '1' second(s)

2020-09-28 14:54:36 - [MESSAGE][PASSED] - Web element with id: 'Object Repository/Page_tCC translationNotes/text_ID_c7me' located by 'By.xpath: //tr[@id='MUIDataTableBodyRow-1']/td/div/div/div/div/div/div/p' is not present after '1' second(s)

2020-09-28 14:54:36 - [TEST_STEP][PASSED] - col = page + columns[c]: null

2020-09-28 14:54:36 - [TEST_STEP][PASSED] - click(findTestObject(col)): Object: 'Object Repository/Page_tCC translationNotes/columns_SupportReference' is clicked on

2020-09-28 14:54:37 - [MESSAGE][PASSED] - Object: 'Object Repository/Page_tCC translationNotes/columns_SupportReference' is clicked on

2020-09-28 14:54:37 - [TEST_STEP][PASSED] - verifyElementChecked(findTestObject(col), 1, CONTINUE_ON_FAILURE): Object 'Object Repository/Page_tCC translationNotes/columns_SupportReference' is checked

2020-09-28 14:54:37 - [MESSAGE][PASSED] - Object 'Object Repository/Page_tCC translationNotes/columns_SupportReference' is checked

2020-09-28 14:54:37 - [TEST_STEP][PASSED] - println("Testing for " + col + " elements visible."): null

2020-09-28 14:54:37 - [TEST_STEP][PASSED] - logInfo("Testing for " + col + " elements visible."): Testing for Page_tCC translationNotes/columns_SupportReference elements visible.

2020-09-28 14:54:37 - [MESSAGE][INFO] - Testing for Page_tCC translationNotes/columns_SupportReference elements visible.

2020-09-28 14:54:37 - [TEST_STEP][PASSED] - for (def e : (0..(elements[c].size() - 1))): Object 'Object Repository/Page_tCC translationNotes/text_SupRef_figs-abstractnouns' is visible

2020-09-28 14:54:37 - [TEST_STEP][PASSED] - ele = page + elements[c][e]: null

2020-09-28 14:54:37 - [TEST_STEP][PASSED] - println("looking for " + ele): null

2020-09-28 14:54:37 - [TEST_STEP][PASSED] - logInfo("looking for " + ele): looking for Page_tCC translationNotes/label_SupportReference

2020-09-28 14:54:37 - [MESSAGE][INFO] - looking for Page_tCC translationNotes/label_SupportReference

2020-09-28 14:54:37 - [TEST_STEP][PASSED] - verifyElementVisible(findTestObject(ele), CONTINUE_ON_FAILURE): Object 'Object Repository/Page_tCC translationNotes/label_SupportReference' is visible

2020-09-28 14:54:38 - [MESSAGE][PASSED] - Object 'Object Repository/Page_tCC translationNotes/label_SupportReference' is visible

2020-09-28 14:54:38 - [TEST_STEP][PASSED] - ele = page + elements[c][e]: null

2020-09-28 14:54:38 - [TEST_STEP][PASSED] - println("looking for " + ele): null

2020-09-28 14:54:38 - [TEST_STEP][PASSED] - logInfo("looking for " + ele): looking for Page_tCC translationNotes/text_SupRef_figs-abstractnouns

2020-09-28 14:54:38 - [MESSAGE][INFO] - looking for Page_tCC translationNotes/text_SupRef_figs-abstractnouns

2020-09-28 14:54:38 - [TEST_STEP][PASSED] - verifyElementVisible(findTestObject(ele), CONTINUE_ON_FAILURE): Object 'Object Repository/Page_tCC translationNotes/text_SupRef_figs-abstractnouns' is visible

2020-09-28 14:54:38 - [MESSAGE][PASSED] - Object 'Object Repository/Page_tCC translationNotes/text_SupRef_figs-abstractnouns' is visible

2020-09-28 14:54:38 - [TEST_STEP][PASSED] - println("Clicking " + col + " OFF, then Testing for elements not visible."): null

2020-09-28 14:54:38 - [TEST_STEP][PASSED] - logInfo("Clicking " + col + " OFF, then Testing for elements not visible."): Clicking Page_tCC translationNotes/columns_SupportReference OFF, then Testing for elements not visible.

2020-09-28 14:54:38 - [MESSAGE][INFO] - Clicking Page_tCC translationNotes/columns_SupportReference OFF, then Testing for elements not visible.

2020-09-28 14:54:38 - [TEST_STEP][PASSED] - click(findTestObject(col)): Object: 'Object Repository/Page_tCC translationNotes/columns_SupportReference' is clicked on

2020-09-28 14:54:39 - [MESSAGE][PASSED] - Object: 'Object Repository/Page_tCC translationNotes/columns_SupportReference' is clicked on

2020-09-28 14:54:39 - [TEST_STEP][PASSED] - verifyElementNotChecked(findTestObject(col), 1, CONTINUE_ON_FAILURE): Object 'Object Repository/Page_tCC translationNotes/columns_SupportReference' is not checked

2020-09-28 14:54:40 - [MESSAGE][PASSED] - Object 'Object Repository/Page_tCC translationNotes/columns_SupportReference' is not checked

2020-09-28 14:54:40 - [TEST_STEP][PASSED] - for (def e : (0..(elements[c].size() - 1))): Web element with id: 'Object Repository/Page_tCC translationNotes/text_SupRef_figs-abstractnouns' located by 'By.xpath: //tr[@id='MUIDataTableBodyRow-2']/td/div/div/div/div/div/div/p' is not present after '1' second(s)

2020-09-28 14:54:40 - [TEST_STEP][PASSED] - ele = page + elements[c][e]: null

2020-09-28 14:54:40 - [TEST_STEP][PASSED] - println("looking for " + ele): null

2020-09-28 14:54:40 - [TEST_STEP][PASSED] - logInfo("looking for " + ele): looking for Page_tCC translationNotes/label_SupportReference

2020-09-28 14:54:40 - [MESSAGE][INFO] - looking for Page_tCC translationNotes/label_SupportReference

2020-09-28 14:54:40 - [TEST_STEP][PASSED] - if (!(verifyElementNotPresent(findTestObject(ele), 1, CONTINUE_ON_FAILURE))): Web element with id: 'Object Repository/Page_tCC translationNotes/label_SupportReference' located by 'By.xpath: //tr[@id='MUIDataTableBodyRow-0']/td/div/div/div/div/h6' is not present after '1' second(s)

2020-09-28 14:54:40 - [MESSAGE][PASSED] - Web element with id: 'Object Repository/Page_tCC translationNotes/label_SupportReference' located by 'By.xpath: //tr[@id='MUIDataTableBodyRow-0']/td/div/div/div/div/h6' is not present after '1' second(s)

2020-09-28 14:54:40 - [TEST_STEP][PASSED] - ele = page + elements[c][e]: null

2020-09-28 14:54:40 - [TEST_STEP][PASSED] - println("looking for " + ele): null

2020-09-28 14:54:40 - [TEST_STEP][PASSED] - logInfo("looking for " + ele): looking for Page_tCC translationNotes/text_SupRef_figs-abstractnouns

2020-09-28 14:54:40 - [MESSAGE][INFO] - looking for Page_tCC translationNotes/text_SupRef_figs-abstractnouns

2020-09-28 14:54:40 - [TEST_STEP][PASSED] - if (!(verifyElementNotPresent(findTestObject(ele), 1, CONTINUE_ON_FAILURE))): Web element with id: 'Object Repository/Page_tCC translationNotes/text_SupRef_figs-abstractnouns' located by 'By.xpath: //tr[@id='MUIDataTableBodyRow-2']/td/div/div/div/div/div/div/p' is not present after '1' second(s)

2020-09-28 14:54:40 - [MESSAGE][PASSED] - Web element with id: 'Object Repository/Page_tCC translationNotes/text_SupRef_figs-abstractnouns' located by 'By.xpath: //tr[@id='MUIDataTableBodyRow-2']/td/div/div/div/div/div/div/p' is not present after '1' second(s)

2020-09-28 14:54:40 - [TEST_STEP][PASSED] - col = page + columns[c]: null

2020-09-28 14:54:40 - [TEST_STEP][PASSED] - click(findTestObject(col)): Object: 'Object Repository/Page_tCC translationNotes/columns_OrigQuote' is clicked on

2020-09-28 14:54:41 - [MESSAGE][PASSED] - Object: 'Object Repository/Page_tCC translationNotes/columns_OrigQuote' is clicked on

2020-09-28 14:54:41 - [TEST_STEP][PASSED] - verifyElementChecked(findTestObject(col), 1, CONTINUE_ON_FAILURE): Object 'Object Repository/Page_tCC translationNotes/columns_OrigQuote' is checked

2020-09-28 14:54:41 - [MESSAGE][PASSED] - Object 'Object Repository/Page_tCC translationNotes/columns_OrigQuote' is checked

2020-09-28 14:54:41 - [TEST_STEP][PASSED] - println("Testing for " + col + " elements visible."): null

2020-09-28 14:54:41 - [TEST_STEP][PASSED] - logInfo("Testing for " + col + " elements visible."): Testing for Page_tCC translationNotes/columns_OrigQuote elements visible.

2020-09-28 14:54:41 - [MESSAGE][INFO] - Testing for Page_tCC translationNotes/columns_OrigQuote elements visible.

2020-09-28 14:54:41 - [TEST_STEP][PASSED] - for (def e : (0..(elements[c].size() - 1))): Object 'Object Repository/Page_tCC translationNotes/text_OrigQuote2' is visible

2020-09-28 14:54:41 - [TEST_STEP][PASSED] - ele = page + elements[c][e]: null

2020-09-28 14:54:41 - [TEST_STEP][PASSED] - println("looking for " + ele): null

2020-09-28 14:54:41 - [TEST_STEP][PASSED] - logInfo("looking for " + ele): looking for Page_tCC translationNotes/label_OrigQuote

2020-09-28 14:54:41 - [MESSAGE][INFO] - looking for Page_tCC translationNotes/label_OrigQuote

2020-09-28 14:54:41 - [TEST_STEP][PASSED] - verifyElementVisible(findTestObject(ele), CONTINUE_ON_FAILURE): Object 'Object Repository/Page_tCC translationNotes/label_OrigQuote' is visible

2020-09-28 14:54:42 - [MESSAGE][PASSED] - Object 'Object Repository/Page_tCC translationNotes/label_OrigQuote' is visible

2020-09-28 14:54:42 - [TEST_STEP][PASSED] - ele = page + elements[c][e]: null

2020-09-28 14:54:42 - [TEST_STEP][PASSED] - println("looking for " + ele): null

2020-09-28 14:54:42 - [TEST_STEP][PASSED] - logInfo("looking for " + ele): looking for Page_tCC translationNotes/text_OrigQuote1

2020-09-28 14:54:42 - [MESSAGE][INFO] - looking for Page_tCC translationNotes/text_OrigQuote1

2020-09-28 14:54:42 - [TEST_STEP][PASSED] - verifyElementVisible(findTestObject(ele), CONTINUE_ON_FAILURE): Object 'Object Repository/Page_tCC translationNotes/text_OrigQuote1' is visible

2020-09-28 14:54:42 - [MESSAGE][PASSED] - Object 'Object Repository/Page_tCC translationNotes/text_OrigQuote1' is visible

2020-09-28 14:54:42 - [TEST_STEP][PASSED] - ele = page + elements[c][e]: null

2020-09-28 14:54:42 - [TEST_STEP][PASSED] - println("looking for " + ele): null

2020-09-28 14:54:42 - [TEST_STEP][PASSED] - logInfo("looking for " + ele): looking for Page_tCC translationNotes/text_OrigQuote2

2020-09-28 14:54:42 - [MESSAGE][INFO] - looking for Page_tCC translationNotes/text_OrigQuote2

2020-09-28 14:54:42 - [TEST_STEP][PASSED] - verifyElementVisible(findTestObject(ele), CONTINUE_ON_FAILURE): Object 'Object Repository/Page_tCC translationNotes/text_OrigQuote2' is visible

2020-09-28 14:54:43 - [MESSAGE][PASSED] - Object 'Object Repository/Page_tCC translationNotes/text_OrigQuote2' is visible

2020-09-28 14:54:43 - [TEST_STEP][PASSED] - println("Clicking " + col + " OFF, then Testing for elements not visible."): null

2020-09-28 14:54:43 - [TEST_STEP][PASSED] - logInfo("Clicking " + col + " OFF, then Testing for elements not visible."): Clicking Page_tCC translationNotes/columns_OrigQuote OFF, then Testing for elements not visible.

2020-09-28 14:54:43 - [MESSAGE][INFO] - Clicking Page_tCC translationNotes/columns_OrigQuote OFF, then Testing for elements not visible.

2020-09-28 14:54:43 - [TEST_STEP][PASSED] - click(findTestObject(col)): Object: 'Object Repository/Page_tCC translationNotes/columns_OrigQuote' is clicked on

2020-09-28 14:54:43 - [MESSAGE][PASSED] - Object: 'Object Repository/Page_tCC translationNotes/columns_OrigQuote' is clicked on

2020-09-28 14:54:43 - [TEST_STEP][PASSED] - verifyElementNotChecked(findTestObject(col), 1, CONTINUE_ON_FAILURE): Object 'Object Repository/Page_tCC translationNotes/columns_OrigQuote' is not checked

2020-09-28 14:54:44 - [MESSAGE][PASSED] - Object 'Object Repository/Page_tCC translationNotes/columns_OrigQuote' is not checked

2020-09-28 14:54:44 - [TEST_STEP][PASSED] - for (def e : (0..(elements[c].size() - 1))): Web element with id: 'Object Repository/Page_tCC translationNotes/text_OrigQuote2' located by 'By.xpath: //*[(text() = 'κατὰ πίστιν' or . = 'κατὰ πίστιν')]' is not present after '1' second(s)

2020-09-28 14:54:44 - [TEST_STEP][PASSED] - ele = page + elements[c][e]: null

2020-09-28 14:54:44 - [TEST_STEP][PASSED] - println("looking for " + ele): null

2020-09-28 14:54:44 - [TEST_STEP][PASSED] - logInfo("looking for " + ele): looking for Page_tCC translationNotes/label_OrigQuote

2020-09-28 14:54:44 - [MESSAGE][INFO] - looking for Page_tCC translationNotes/label_OrigQuote

2020-09-28 14:54:44 - [TEST_STEP][PASSED] - if (!(verifyElementNotPresent(findTestObject(ele), 1, CONTINUE_ON_FAILURE))): Web element with id: 'Object Repository/Page_tCC translationNotes/label_OrigQuote' located by 'By.xpath: //tr[@id='MUIDataTableBodyRow-3']/td/div/div/div/div[2]/h6' is not present after '1' second(s)

2020-09-28 14:54:44 - [MESSAGE][PASSED] - Web element with id: 'Object Repository/Page_tCC translationNotes/label_OrigQuote' located by 'By.xpath: //tr[@id='MUIDataTableBodyRow-3']/td/div/div/div/div[2]/h6' is not present after '1' second(s)

2020-09-28 14:54:44 - [TEST_STEP][PASSED] - ele = page + elements[c][e]: null

2020-09-28 14:54:44 - [TEST_STEP][PASSED] - println("looking for " + ele): null

2020-09-28 14:54:44 - [TEST_STEP][PASSED] - logInfo("looking for " + ele): looking for Page_tCC translationNotes/text_OrigQuote1

2020-09-28 14:54:44 - [MESSAGE][INFO] - looking for Page_tCC translationNotes/text_OrigQuote1

2020-09-28 14:54:44 - [TEST_STEP][PASSED] - if (!(verifyElementNotPresent(findTestObject(ele), 1, CONTINUE_ON_FAILURE))): Web element with id: 'Object Repository/Page_tCC translationNotes/text_OrigQuote1' located by 'By.xpath: //tr[@id='MUIDataTableBodyRow-3']/td/div/div/div/div/div/div/p' is not present after '1' second(s)

2020-09-28 14:54:45 - [MESSAGE][PASSED] - Web element with id: 'Object Repository/Page_tCC translationNotes/text_OrigQuote1' located by 'By.xpath: //tr[@id='MUIDataTableBodyRow-3']/td/div/div/div/div/div/div/p' is not present after '1' second(s)

2020-09-28 14:54:45 - [TEST_STEP][PASSED] - ele = page + elements[c][e]: null

2020-09-28 14:54:45 - [TEST_STEP][PASSED] - println("looking for " + ele): null

2020-09-28 14:54:45 - [TEST_STEP][PASSED] - logInfo("looking for " + ele): looking for Page_tCC translationNotes/text_OrigQuote2

2020-09-28 14:54:45 - [MESSAGE][INFO] - looking for Page_tCC translationNotes/text_OrigQuote2

2020-09-28 14:54:45 - [TEST_STEP][PASSED] - if (!(verifyElementNotPresent(findTestObject(ele), 1, CONTINUE_ON_FAILURE))): Web element with id: 'Object Repository/Page_tCC translationNotes/text_OrigQuote2' located by 'By.xpath: //*[(text() = 'κατὰ πίστιν' or . = 'κατὰ πίστιν')]' is not present after '1' second(s)

2020-09-28 14:54:45 - [MESSAGE][PASSED] - Web element with id: 'Object Repository/Page_tCC translationNotes/text_OrigQuote2' located by 'By.xpath: //*[(text() = 'κατὰ πίστιν' or . = 'κατὰ πίστιν')]' is not present after '1' second(s)

2020-09-28 14:54:45 - [TEST_STEP][PASSED] - col = page + columns[c]: null

2020-09-28 14:54:45 - [TEST_STEP][PASSED] - click(findTestObject(col)): Object: 'Object Repository/Page_tCC translationNotes/columns_Occurrence' is clicked on

2020-09-28 14:54:46 - [MESSAGE][PASSED] - Object: 'Object Repository/Page_tCC translationNotes/columns_Occurrence' is clicked on

2020-09-28 14:54:46 - [TEST_STEP][PASSED] - verifyElementChecked(findTestObject(col), 1, CONTINUE_ON_FAILURE): Object 'Object Repository/Page_tCC translationNotes/columns_Occurrence' is checked

2020-09-28 14:54:46 - [MESSAGE][PASSED] - Object 'Object Repository/Page_tCC translationNotes/columns_Occurrence' is checked

2020-09-28 14:54:46 - [TEST_STEP][PASSED] - println("Testing for " + col + " elements visible."): null

2020-09-28 14:54:46 - [TEST_STEP][PASSED] - logInfo("Testing for " + col + " elements visible."): Testing for Page_tCC translationNotes/columns_Occurrence elements visible.

2020-09-28 14:54:46 - [MESSAGE][INFO] - Testing for Page_tCC translationNotes/columns_Occurrence elements visible.

2020-09-28 14:54:46 - [TEST_STEP][PASSED] - for (def e : (0..(elements[c].size() - 1))): Object 'Object Repository/Page_tCC translationNotes/text_Occurrence_1' is visible

2020-09-28 14:54:46 - [TEST_STEP][PASSED] - ele = page + elements[c][e]: null

2020-09-28 14:54:46 - [TEST_STEP][PASSED] - println("looking for " + ele): null

2020-09-28 14:54:46 - [TEST_STEP][PASSED] - logInfo("looking for " + ele): looking for Page_tCC translationNotes/label_Occurrence

2020-09-28 14:54:46 - [MESSAGE][INFO] - looking for Page_tCC translationNotes/label_Occurrence

2020-09-28 14:54:46 - [TEST_STEP][PASSED] - verifyElementVisible(findTestObject(ele), CONTINUE_ON_FAILURE): Object 'Object Repository/Page_tCC translationNotes/label_Occurrence' is visible

2020-09-28 14:54:47 - [MESSAGE][PASSED] - Object 'Object Repository/Page_tCC translationNotes/label_Occurrence' is visible

2020-09-28 14:54:47 - [TEST_STEP][PASSED] - ele = page + elements[c][e]: null

2020-09-28 14:54:47 - [TEST_STEP][PASSED] - println("looking for " + ele): null

2020-09-28 14:54:47 - [TEST_STEP][PASSED] - logInfo("looking for " + ele): looking for Page_tCC translationNotes/text_Occurrence_0

2020-09-28 14:54:47 - [MESSAGE][INFO] - looking for Page_tCC translationNotes/text_Occurrence_0

2020-09-28 14:54:47 - [TEST_STEP][PASSED] - verifyElementVisible(findTestObject(ele), CONTINUE_ON_FAILURE): Object 'Object Repository/Page_tCC translationNotes/text_Occurrence_0' is visible

2020-09-28 14:54:47 - [MESSAGE][PASSED] - Object 'Object Repository/Page_tCC translationNotes/text_Occurrence_0' is visible

2020-09-28 14:54:47 - [TEST_STEP][PASSED] - ele = page + elements[c][e]: null

2020-09-28 14:54:47 - [TEST_STEP][PASSED] - println("looking for " + ele): null

2020-09-28 14:54:47 - [TEST_STEP][PASSED] - logInfo("looking for " + ele): looking for Page_tCC translationNotes/text_Occurrence_1

2020-09-28 14:54:47 - [MESSAGE][INFO] - looking for Page_tCC translationNotes/text_Occurrence_1

2020-09-28 14:54:47 - [TEST_STEP][PASSED] - verifyElementVisible(findTestObject(ele), CONTINUE_ON_FAILURE): Object 'Object Repository/Page_tCC translationNotes/text_Occurrence_1' is visible

2020-09-28 14:54:48 - [MESSAGE][PASSED] - Object 'Object Repository/Page_tCC translationNotes/text_Occurrence_1' is visible

2020-09-28 14:54:48 - [TEST_STEP][PASSED] - println("Clicking " + col + " OFF, then Testing for elements not visible."): null

2020-09-28 14:54:48 - [TEST_STEP][PASSED] - logInfo("Clicking " + col + " OFF, then Testing for elements not visible."): Clicking Page_tCC translationNotes/columns_Occurrence OFF, then Testing for elements not visible.

2020-09-28 14:54:48 - [MESSAGE][INFO] - Clicking Page_tCC translationNotes/columns_Occurrence OFF, then Testing for elements not visible.

2020-09-28 14:54:48 - [TEST_STEP][PASSED] - click(findTestObject(col)): Object: 'Object Repository/Page_tCC translationNotes/columns_Occurrence' is clicked on

2020-09-28 14:54:48 - [MESSAGE][PASSED] - Object: 'Object Repository/Page_tCC translationNotes/columns_Occurrence' is clicked on

2020-09-28 14:54:48 - [TEST_STEP][PASSED] - verifyElementNotChecked(findTestObject(col), 1, CONTINUE_ON_FAILURE): Object 'Object Repository/Page_tCC translationNotes/columns_Occurrence' is not checked

2020-09-28 14:54:49 - [MESSAGE][PASSED] - Object 'Object Repository/Page_tCC translationNotes/columns_Occurrence' is not checked

2020-09-28 14:54:49 - [TEST_STEP][PASSED] - for (def e : (0..(elements[c].size() - 1))): Web element with id: 'Object Repository/Page_tCC translationNotes/text_Occurrence_1' located by 'By.xpath: //tr[@id='MUIDataTableBodyRow-2']/td/div/div/div/div/div/div/p' is not present after '1' second(s)

2020-09-28 14:54:49 - [TEST_STEP][PASSED] - ele = page + elements[c][e]: null

2020-09-28 14:54:49 - [TEST_STEP][PASSED] - println("looking for " + ele): null

2020-09-28 14:54:49 - [TEST_STEP][PASSED] - logInfo("looking for " + ele): looking for Page_tCC translationNotes/label_Occurrence

2020-09-28 14:54:49 - [MESSAGE][INFO] - looking for Page_tCC translationNotes/label_Occurrence

2020-09-28 14:54:49 - [TEST_STEP][PASSED] - if (!(verifyElementNotPresent(findTestObject(ele), 1, CONTINUE_ON_FAILURE))): Web element with id: 'Object Repository/Page_tCC translationNotes/label_Occurrence' located by 'By.xpath: //tr[@id='MUIDataTableBodyRow-0']/td/div/div/div/div/h6' is not present after '1' second(s)

2020-09-28 14:54:49 - [MESSAGE][PASSED] - Web element with id: 'Object Repository/Page_tCC translationNotes/label_Occurrence' located by 'By.xpath: //tr[@id='MUIDataTableBodyRow-0']/td/div/div/div/div/h6' is not present after '1' second(s)

2020-09-28 14:54:49 - [TEST_STEP][PASSED] - ele = page + elements[c][e]: null

2020-09-28 14:54:49 - [TEST_STEP][PASSED] - println("looking for " + ele): null

2020-09-28 14:54:49 - [TEST_STEP][PASSED] - logInfo("looking for " + ele): looking for Page_tCC translationNotes/text_Occurrence_0

2020-09-28 14:54:49 - [MESSAGE][INFO] - looking for Page_tCC translationNotes/text_Occurrence_0

2020-09-28 14:54:49 - [TEST_STEP][PASSED] - if (!(verifyElementNotPresent(findTestObject(ele), 1, CONTINUE_ON_FAILURE))): Web element with id: 'Object Repository/Page_tCC translationNotes/text_Occurrence_0' located by 'By.xpath: //tr[@id='MUIDataTableBodyRow-0']/td/div/div/div/div/div/div/p' is not present after '1' second(s)

2020-09-28 14:54:49 - [MESSAGE][PASSED] - Web element with id: 'Object Repository/Page_tCC translationNotes/text_Occurrence_0' located by 'By.xpath: //tr[@id='MUIDataTableBodyRow-0']/td/div/div/div/div/div/div/p' is not present after '1' second(s)

2020-09-28 14:54:49 - [TEST_STEP][PASSED] - ele = page + elements[c][e]: null

2020-09-28 14:54:49 - [TEST_STEP][PASSED] - println("looking for " + ele): null

2020-09-28 14:54:49 - [TEST_STEP][PASSED] - logInfo("looking for " + ele): looking for Page_tCC translationNotes/text_Occurrence_1

2020-09-28 14:54:49 - [MESSAGE][INFO] - looking for Page_tCC translationNotes/text_Occurrence_1

2020-09-28 14:54:49 - [TEST_STEP][PASSED] - if (!(verifyElementNotPresent(findTestObject(ele), 1, CONTINUE_ON_FAILURE))): Web element with id: 'Object Repository/Page_tCC translationNotes/text_Occurrence_1' located by 'By.xpath: //tr[@id='MUIDataTableBodyRow-2']/td/div/div/div/div/div/div/p' is not present after '1' second(s)

2020-09-28 14:54:50 - [MESSAGE][PASSED] - Web element with id: 'Object Repository/Page_tCC translationNotes/text_Occurrence_1' located by 'By.xpath: //tr[@id='MUIDataTableBodyRow-2']/td/div/div/div/div/div/div/p' is not present after '1' second(s)

2020-09-28 14:54:50 - [TEST_STEP][PASSED] - col = page + columns[c]: null

2020-09-28 14:54:50 - [TEST_STEP][PASSED] - click(findTestObject(col)): Object: 'Object Repository/Page_tCC translationNotes/columns_GLQuote' is clicked on

2020-09-28 14:54:51 - [MESSAGE][PASSED] - Object: 'Object Repository/Page_tCC translationNotes/columns_GLQuote' is clicked on

2020-09-28 14:54:51 - [TEST_STEP][PASSED] - verifyElementChecked(findTestObject(col), 1, CONTINUE_ON_FAILURE): Object 'Object Repository/Page_tCC translationNotes/columns_GLQuote' is checked

2020-09-28 14:54:51 - [MESSAGE][PASSED] - Object 'Object Repository/Page_tCC translationNotes/columns_GLQuote' is checked

2020-09-28 14:54:51 - [TEST_STEP][PASSED] - println("Testing for " + col + " elements visible."): null

2020-09-28 14:54:51 - [TEST_STEP][PASSED] - logInfo("Testing for " + col + " elements visible."): Testing for Page_tCC translationNotes/columns_GLQuote elements visible.

2020-09-28 14:54:51 - [MESSAGE][INFO] - Testing for Page_tCC translationNotes/columns_GLQuote elements visible.

2020-09-28 14:54:51 - [TEST_STEP][PASSED] - for (def e : (0..(elements[c].size() - 1))): Object 'Object Repository/Page_tCC translationNotes/text_GLQuote_knowledge' is visible

2020-09-28 14:54:51 - [TEST_STEP][PASSED] - ele = page + elements[c][e]: null

2020-09-28 14:54:51 - [TEST_STEP][PASSED] - println("looking for " + ele): null

2020-09-28 14:54:51 - [TEST_STEP][PASSED] - logInfo("looking for " + ele): looking for Page_tCC translationNotes/label_GLQuote

2020-09-28 14:54:51 - [MESSAGE][INFO] - looking for Page_tCC translationNotes/label_GLQuote

2020-09-28 14:54:51 - [TEST_STEP][PASSED] - verifyElementVisible(findTestObject(ele), CONTINUE_ON_FAILURE): Object 'Object Repository/Page_tCC translationNotes/label_GLQuote' is visible

2020-09-28 14:54:52 - [MESSAGE][PASSED] - Object 'Object Repository/Page_tCC translationNotes/label_GLQuote' is visible

2020-09-28 14:54:52 - [TEST_STEP][PASSED] - ele = page + elements[c][e]: null

2020-09-28 14:54:52 - [TEST_STEP][PASSED] - println("looking for " + ele): null

2020-09-28 14:54:52 - [TEST_STEP][PASSED] - logInfo("looking for " + ele): looking for Page_tCC translationNotes/text_GLQuote_for the faith

2020-09-28 14:54:52 - [MESSAGE][INFO] - looking for Page_tCC translationNotes/text_GLQuote_for the faith

2020-09-28 14:54:52 - [TEST_STEP][PASSED] - verifyElementVisible(findTestObject(ele), CONTINUE_ON_FAILURE): Object 'Object Repository/Page_tCC translationNotes/text_GLQuote_for the faith' is visible

2020-09-28 14:54:52 - [MESSAGE][PASSED] - Object 'Object Repository/Page_tCC translationNotes/text_GLQuote_for the faith' is visible

2020-09-28 14:54:52 - [TEST_STEP][PASSED] - ele = page + elements[c][e]: null

2020-09-28 14:54:52 - [TEST_STEP][PASSED] - println("looking for " + ele): null

2020-09-28 14:54:52 - [TEST_STEP][PASSED] - logInfo("looking for " + ele): looking for Page_tCC translationNotes/text_GLQuote_knowledge

2020-09-28 14:54:52 - [MESSAGE][INFO] - looking for Page_tCC translationNotes/text_GLQuote_knowledge

2020-09-28 14:54:52 - [TEST_STEP][PASSED] - verifyElementVisible(findTestObject(ele), CONTINUE_ON_FAILURE): Object 'Object Repository/Page_tCC translationNotes/text_GLQuote_knowledge' is visible

2020-09-28 14:54:53 - [MESSAGE][PASSED] - Object 'Object Repository/Page_tCC translationNotes/text_GLQuote_knowledge' is visible

2020-09-28 14:54:53 - [TEST_STEP][PASSED] - println("Clicking " + col + " OFF, then Testing for elements not visible."): null

2020-09-28 14:54:53 - [TEST_STEP][PASSED] - logInfo("Clicking " + col + " OFF, then Testing for elements not visible."): Clicking Page_tCC translationNotes/columns_GLQuote OFF, then Testing for elements not visible.

2020-09-28 14:54:53 - [MESSAGE][INFO] - Clicking Page_tCC translationNotes/columns_GLQuote OFF, then Testing for elements not visible.

2020-09-28 14:54:53 - [TEST_STEP][PASSED] - click(findTestObject(col)): Object: 'Object Repository/Page_tCC translationNotes/columns_GLQuote' is clicked on

2020-09-28 14:54:53 - [MESSAGE][PASSED] - Object: 'Object Repository/Page_tCC translationNotes/columns_GLQuote' is clicked on

2020-09-28 14:54:53 - [TEST_STEP][PASSED] - verifyElementNotChecked(findTestObject(col), 1, CONTINUE_ON_FAILURE): Object 'Object Repository/Page_tCC translationNotes/columns_GLQuote' is not checked

2020-09-28 14:54:54 - [MESSAGE][PASSED] - Object 'Object Repository/Page_tCC translationNotes/columns_GLQuote' is not checked

2020-09-28 14:54:54 - [TEST_STEP][PASSED] - for (def e : (0..(elements[c].size() - 1))): Web element with id: 'Object Repository/Page_tCC translationNotes/text_GLQuote_knowledge' located by 'By.xpath: //tr[@id='MUIDataTableBodyRow-3']/td/div/div/div/div/div/div/p' is not present after '1' second(s)

2020-09-28 14:54:54 - [TEST_STEP][PASSED] - ele = page + elements[c][e]: null

2020-09-28 14:54:54 - [TEST_STEP][PASSED] - println("looking for " + ele): null

2020-09-28 14:54:54 - [TEST_STEP][PASSED] - logInfo("looking for " + ele): looking for Page_tCC translationNotes/label_GLQuote

2020-09-28 14:54:54 - [MESSAGE][INFO] - looking for Page_tCC translationNotes/label_GLQuote

2020-09-28 14:54:54 - [TEST_STEP][PASSED] - if (!(verifyElementNotPresent(findTestObject(ele), 1, CONTINUE_ON_FAILURE))): Web element with id: 'Object Repository/Page_tCC translationNotes/label_GLQuote' located by 'By.xpath: //tr[@id='MUIDataTableBodyRow-0']/td/div/div/div/div/h6' is not present after '1' second(s)

2020-09-28 14:54:54 - [MESSAGE][PASSED] - Web element with id: 'Object Repository/Page_tCC translationNotes/label_GLQuote' located by 'By.xpath: //tr[@id='MUIDataTableBodyRow-0']/td/div/div/div/div/h6' is not present after '1' second(s)

2020-09-28 14:54:54 - [TEST_STEP][PASSED] - ele = page + elements[c][e]: null

2020-09-28 14:54:54 - [TEST_STEP][PASSED] - println("looking for " + ele): null

2020-09-28 14:54:54 - [TEST_STEP][PASSED] - logInfo("looking for " + ele): looking for Page_tCC translationNotes/text_GLQuote_for the faith

2020-09-28 14:54:54 - [MESSAGE][INFO] - looking for Page_tCC translationNotes/text_GLQuote_for the faith

2020-09-28 14:54:54 - [TEST_STEP][PASSED] - if (!(verifyElementNotPresent(findTestObject(ele), 1, CONTINUE_ON_FAILURE))): Web element with id: 'Object Repository/Page_tCC translationNotes/text_GLQuote_for the faith' located by 'By.xpath: //tr[@id='MUIDataTableBodyRow-2']/td/div/div/div/div/div/div/p' is not present after '1' second(s)

2020-09-28 14:54:55 - [MESSAGE][PASSED] - Web element with id: 'Object Repository/Page_tCC translationNotes/text_GLQuote_for the faith' located by 'By.xpath: //tr[@id='MUIDataTableBodyRow-2']/td/div/div/div/div/div/div/p' is not present after '1' second(s)

2020-09-28 14:54:55 - [TEST_STEP][PASSED] - ele = page + elements[c][e]: null

2020-09-28 14:54:55 - [TEST_STEP][PASSED] - println("looking for " + ele): null

2020-09-28 14:54:55 - [TEST_STEP][PASSED] - logInfo("looking for " + ele): looking for Page_tCC translationNotes/text_GLQuote_knowledge

2020-09-28 14:54:55 - [MESSAGE][INFO] - looking for Page_tCC translationNotes/text_GLQuote_knowledge

2020-09-28 14:54:55 - [TEST_STEP][PASSED] - if (!(verifyElementNotPresent(findTestObject(ele), 1, CONTINUE_ON_FAILURE))): Web element with id: 'Object Repository/Page_tCC translationNotes/text_GLQuote_knowledge' located by 'By.xpath: //tr[@id='MUIDataTableBodyRow-3']/td/div/div/div/div/div/div/p' is not present after '1' second(s)

2020-09-28 14:54:55 - [MESSAGE][PASSED] - Web element with id: 'Object Repository/Page_tCC translationNotes/text_GLQuote_knowledge' located by 'By.xpath: //tr[@id='MUIDataTableBodyRow-3']/td/div/div/div/div/div/div/p' is not present after '1' second(s)

2020-09-28 14:54:55 - [TEST_STEP][PASSED] - col = page + columns[c]: null

2020-09-28 14:54:55 - [TEST_STEP][PASSED] - click(findTestObject(col)): Object: 'Object Repository/Page_tCC translationNotes/columns_OccurrenceNote' is clicked on

2020-09-28 14:54:56 - [MESSAGE][PASSED] - Object: 'Object Repository/Page_tCC translationNotes/columns_OccurrenceNote' is clicked on

2020-09-28 14:54:56 - [TEST_STEP][PASSED] - verifyElementChecked(findTestObject(col), 1, CONTINUE_ON_FAILURE): Object 'Object Repository/Page_tCC translationNotes/columns_OccurrenceNote' is checked

2020-09-28 14:54:56 - [MESSAGE][PASSED] - Object 'Object Repository/Page_tCC translationNotes/columns_OccurrenceNote' is checked

2020-09-28 14:54:56 - [TEST_STEP][PASSED] - println("Testing for " + col + " elements visible."): null

2020-09-28 14:54:56 - [TEST_STEP][PASSED] - logInfo("Testing for " + col + " elements visible."): Testing for Page_tCC translationNotes/columns_OccurrenceNote elements visible.

2020-09-28 14:54:56 - [MESSAGE][INFO] - Testing for Page_tCC translationNotes/columns_OccurrenceNote elements visible.

2020-09-28 14:54:56 - [TEST_STEP][PASSED] - for (def e : (0..(elements[c].size() - 1))): Object 'Object Repository/Page_tCC translationNotes/text_OccurrenceNote_Who wrote the Book of Titus' is visible

2020-09-28 14:54:56 - [TEST_STEP][PASSED] - ele = page + elements[c][e]: null

2020-09-28 14:54:56 - [TEST_STEP][PASSED] - println("looking for " + ele): null

2020-09-28 14:54:56 - [TEST_STEP][PASSED] - logInfo("looking for " + ele): looking for Page_tCC translationNotes/label_OccurrenceNote

2020-09-28 14:54:56 - [MESSAGE][INFO] - looking for Page_tCC translationNotes/label_OccurrenceNote

2020-09-28 14:54:56 - [TEST_STEP][PASSED] - verifyElementVisible(findTestObject(ele), CONTINUE_ON_FAILURE): Object 'Object Repository/Page_tCC translationNotes/label_OccurrenceNote' is visible

2020-09-28 14:54:57 - [MESSAGE][PASSED] - Object 'Object Repository/Page_tCC translationNotes/label_OccurrenceNote' is visible

2020-09-28 14:54:57 - [TEST_STEP][PASSED] - ele = page + elements[c][e]: null

2020-09-28 14:54:57 - [TEST_STEP][PASSED] - println("looking for " + ele): null

2020-09-28 14:54:57 - [TEST_STEP][PASSED] - logInfo("looking for " + ele): looking for Page_tCC translationNotes/text_OccurrenceNote_Who wrote the Book of Titus

2020-09-28 14:54:57 - [MESSAGE][INFO] - looking for Page_tCC translationNotes/text_OccurrenceNote_Who wrote the Book of Titus

2020-09-28 14:54:57 - [TEST_STEP][PASSED] - verifyElementVisible(findTestObject(ele), CONTINUE_ON_FAILURE): Object 'Object Repository/Page_tCC translationNotes/text_OccurrenceNote_Who wrote the Book of Titus' is visible

2020-09-28 14:54:57 - [MESSAGE][PASSED] - Object 'Object Repository/Page_tCC translationNotes/text_OccurrenceNote_Who wrote the Book of Titus' is visible

2020-09-28 14:54:57 - [TEST_STEP][PASSED] - println("Clicking " + col + " OFF, then Testing for elements not visible."): null

2020-09-28 14:54:57 - [TEST_STEP][PASSED] - logInfo("Clicking " + col + " OFF, then Testing for elements not visible."): Clicking Page_tCC translationNotes/columns_OccurrenceNote OFF, then Testing for elements not visible.

2020-09-28 14:54:57 - [MESSAGE][INFO] - Clicking Page_tCC translationNotes/columns_OccurrenceNote OFF, then Testing for elements not visible.

2020-09-28 14:54:57 - [TEST_STEP][PASSED] - click(findTestObject(col)): Object: 'Object Repository/Page_tCC translationNotes/columns_OccurrenceNote' is clicked on

2020-09-28 14:54:58 - [MESSAGE][PASSED] - Object: 'Object Repository/Page_tCC translationNotes/columns_OccurrenceNote' is clicked on

2020-09-28 14:54:58 - [TEST_STEP][PASSED] - verifyElementNotChecked(findTestObject(col), 1, CONTINUE_ON_FAILURE): Object 'Object Repository/Page_tCC translationNotes/columns_OccurrenceNote' is not checked

2020-09-28 14:54:58 - [MESSAGE][PASSED] - Object 'Object Repository/Page_tCC translationNotes/columns_OccurrenceNote' is not checked

2020-09-28 14:54:58 - [TEST_STEP][PASSED] - for (def e : (0..(elements[c].size() - 1))): Web element with id: 'Object Repository/Page_tCC translationNotes/text_OccurrenceNote_Who wrote the Book of Titus' located by 'By.xpath: //h3[@id='whowrotethebookoftitus']' is not present after '1' second(s)

2020-09-28 14:54:58 - [TEST_STEP][PASSED] - ele = page + elements[c][e]: null

2020-09-28 14:54:58 - [TEST_STEP][PASSED] - println("looking for " + ele): null

2020-09-28 14:54:58 - [TEST_STEP][PASSED] - logInfo("looking for " + ele): looking for Page_tCC translationNotes/label_OccurrenceNote

2020-09-28 14:54:58 - [MESSAGE][INFO] - looking for Page_tCC translationNotes/label_OccurrenceNote

2020-09-28 14:54:58 - [TEST_STEP][PASSED] - if (!(verifyElementNotPresent(findTestObject(ele), 1, CONTINUE_ON_FAILURE))): Web element with id: 'Object Repository/Page_tCC translationNotes/label_OccurrenceNote' located by 'By.xpath: //tr[@id='MUIDataTableBodyRow-0']/td/div/div/div/div/h6' is not present after '1' second(s)

2020-09-28 14:54:59 - [MESSAGE][PASSED] - Web element with id: 'Object Repository/Page_tCC translationNotes/label_OccurrenceNote' located by 'By.xpath: //tr[@id='MUIDataTableBodyRow-0']/td/div/div/div/div/h6' is not present after '1' second(s)

2020-09-28 14:54:59 - [TEST_STEP][PASSED] - ele = page + elements[c][e]: null

2020-09-28 14:54:59 - [TEST_STEP][PASSED] - println("looking for " + ele): null

2020-09-28 14:54:59 - [TEST_STEP][PASSED] - logInfo("looking for " + ele): looking for Page_tCC translationNotes/text_OccurrenceNote_Who wrote the Book of Titus

2020-09-28 14:54:59 - [MESSAGE][INFO] - looking for Page_tCC translationNotes/text_OccurrenceNote_Who wrote the Book of Titus

2020-09-28 14:54:59 - [TEST_STEP][PASSED] - if (!(verifyElementNotPresent(findTestObject(ele), 1, CONTINUE_ON_FAILURE))): Web element with id: 'Object Repository/Page_tCC translationNotes/text_OccurrenceNote_Who wrote the Book of Titus' located by 'By.xpath: //h3[@id='whowrotethebookoftitus']' is not present after '1' second(s)

2020-09-28 14:54:59 - [MESSAGE][PASSED] - Web element with id: 'Object Repository/Page_tCC translationNotes/text_OccurrenceNote_Who wrote the Book of Titus' located by 'By.xpath: //h3[@id='whowrotethebookoftitus']' is not present after '1' second(s)

2020-09-28 14:54:59 - [TEST_STEP][PASSED] - closeBrowser(): Browser is closed

2020-09-28 14:54:59 - [MESSAGE][PASSED] - Browser is closed

2020-09-28 14:54:59 - [TEST_STEP][PASSED] - Start listener action : sampleAfterTestCase: null

2020-09-28 14:54:59 - [TEST_STEP][PASSED] - separator = "===========================================================================================================================": null

2020-09-28 14:54:59 - [TEST_STEP][PASSED] - println(separator): null

2020-09-28 14:54:59 - [TEST_STEP][PASSED] - prefix = " +++++++++++ ": null

2020-09-28 14:54:59 - [TEST_STEP][PASSED] - if (testCaseContext.getTestCaseStatus() != "PASSED"): null

2020-09-28 14:54:59 - [TEST_STEP][PASSED] - println(prefix + testCaseContext.getTestCaseId() + " on " + version + " " + testCaseContext.getTestCaseStatus() + prefix): null

2020-09-28 14:54:59 - [TEST_STEP][PASSED] - tsMessages.add("##" + testCaseContext.getTestCaseId()): null

2020-09-28 14:54:59 - [TEST_STEP][PASSED] - if (tcMessages.size() > 0): null

2020-09-28 14:54:59 - [TEST_STEP][PASSED] - println(separator): null]]></system-out>
         <system-err><![CDATA[]]></system-err>
      </testcase>
      <testcase name="Test Cases/tCC Test Cases/tCC tN Test Copy OrigLangQuote" time="46.564" classname="Test Cases/tCC Test Cases/tCC tN Test Copy OrigLangQuote" status="PASSED">
         <system-out><![CDATA[2020-09-28 14:55:02 - [TEST_CASE][PASSED] - Test Cases/tCC Test Cases/tCC tN Test Copy OrigLangQuote: Test Cases/tCC Test Cases/tCC tN Test Copy OrigLangQuote

2020-09-28 14:55:02 - [TEST_STEP][PASSED] - Start listener action : sampleBeforeTestCase: Execution profile is tCC Production

2020-09-28 14:55:02 - [TEST_STEP][PASSED] - tcMessages = []: null

2020-09-28 14:55:02 - [TEST_STEP][PASSED] - executionProfile = getExecutionProfile(): null

2020-09-28 14:55:02 - [TEST_STEP][PASSED] - logInfo("Execution profile is " + executionProfile): Execution profile is tCC Production

2020-09-28 14:55:02 - [MESSAGE][INFO] - Execution profile is tCC Production

2020-09-28 14:55:02 - [TEST_STEP][PASSED] - highlighted = "rgba(255, 255, 0, 1)": null

2020-09-28 14:55:02 - [TEST_STEP][PASSED] - callTestCase(findTestCase("tCC Components/tCC tN Open For Edit"), ["$username":"", "$password":"", "$origQuote":"", "$newOrigQuote":""], STOP_ON_FAILURE): Call Test Case 'Test Cases/tCC Components/tCC tN Open For Edit' successfully

2020-09-28 14:55:03 - [TEST_CASE][PASSED] - Test Cases/tCC Components/tCC tN Open For Edit: Test Cases/tCC Components/tCC tN Open For Edit

2020-09-28 14:55:03 - [TEST_STEP][PASSED] - callTestCase(findTestCase("tCC Components/tCC Login"), ["user":$username, "password":$password], STOP_ON_FAILURE): Call Test Case 'Test Cases/tCC Components/tCC Login' successfully

2020-09-28 14:55:03 - [TEST_CASE][PASSED] - Test Cases/tCC Components/tCC Login: Test Cases/tCC Components/tCC Login

2020-09-28 14:55:03 - [TEST_STEP][PASSED] - if (openBrowser): Current window maximized

2020-09-28 14:55:03 - [TEST_STEP][PASSED] - openBrowser(""): Browser is opened with url: ''

2020-09-28 14:55:03 - [MESSAGE][INFO] - Starting 'Chrome' driver

2020-09-28 14:55:03 - [MESSAGE][INFO] - Action delay is set to 0 milliseconds

2020-09-28 14:55:06 - [MESSAGE][PASSED] - Browser is opened with url: ''

2020-09-28 14:55:06 - [TEST_STEP][PASSED] - maximizeWindow(): Current window maximized

2020-09-28 14:55:06 - [MESSAGE][PASSED] - Current window maximized

2020-09-28 14:55:06 - [TEST_STEP][PASSED] - println("Opening " + url): null

2020-09-28 14:55:06 - [TEST_STEP][PASSED] - navigateToUrl(url): Navigate to 'http://create.translationcore.com' successfully

2020-09-28 14:55:10 - [MESSAGE][PASSED] - Navigate to 'http://create.translationcore.com' successfully

2020-09-28 14:55:10 - [TEST_STEP][PASSED] - waitForElementVisible(findTestObject("Page_tC Create/text_tCCVersion"), 30): Object 'Object Repository/Page_tC Create/text_tCCVersion' is visible

2020-09-28 14:55:11 - [MESSAGE][PASSED] - Object 'Object Repository/Page_tC Create/text_tCCVersion' is visible

2020-09-28 14:55:11 - [TEST_STEP][PASSED] - version = getText(findTestObject("Page_tC Create/text_tCCVersion")): Text of object 'Object Repository/Page_tC Create/text_tCCVersion' is: 'translationCore Create - v1.0.4'

2020-09-28 14:55:11 - [MESSAGE][PASSED] - Text of object 'Object Repository/Page_tC Create/text_tCCVersion' is: 'translationCore Create - v1.0.4'

2020-09-28 14:55:11 - [TEST_STEP][PASSED] - version = version: null

2020-09-28 14:55:11 - [TEST_STEP][PASSED] - println("Version is " + version): null

2020-09-28 14:55:11 - [TEST_STEP][PASSED] - if (user == ""): Object: 'Object Repository/Page_tC Create/button_Login' is clicked on

2020-09-28 14:55:11 - [TEST_STEP][PASSED] - println("Logging in as " + user1Name): null

2020-09-28 14:55:11 - [TEST_STEP][PASSED] - setText(findTestObject("Page_tC Create/input__username"), user1Name): Text 'tcc001' is set on object 'Object Repository/Page_tC Create/input__username'

2020-09-28 14:55:12 - [MESSAGE][PASSED] - Text 'tcc001' is set on object 'Object Repository/Page_tC Create/input__username'

2020-09-28 14:55:12 - [TEST_STEP][PASSED] - setText(findTestObject("Page_tC Create/input__password"), user1Password): Text 'tcc001' is set on object 'Object Repository/Page_tC Create/input__password'

2020-09-28 14:55:13 - [MESSAGE][PASSED] - Text 'tcc001' is set on object 'Object Repository/Page_tC Create/input__password'

2020-09-28 14:55:13 - [TEST_STEP][PASSED] - click(findTestObject("Page_tC Create/button_Login")): Object: 'Object Repository/Page_tC Create/button_Login' is clicked on

2020-09-28 14:55:14 - [MESSAGE][PASSED] - Object: 'Object Repository/Page_tC Create/button_Login' is clicked on

2020-09-28 14:55:14 - [MESSAGE][PASSED] - Call Test Case 'Test Cases/tCC Components/tCC Login' successfully

2020-09-28 14:55:14 - [TEST_STEP][PASSED] - if (callTestCase(findTestCase("tCC Components/tCC Select Org-Lang-Resource"), ["organization":"", "language":"", "resource":"unfoldingWord/en_tn"], STOP_ON_FAILURE) == false): Call Test Case 'Test Cases/tCC Components/tCC Select Org-Lang-Resource' successfully

2020-09-28 14:55:14 - [TEST_CASE][PASSED] - Test Cases/tCC Components/tCC Select Org-Lang-Resource: Test Cases/tCC Components/tCC Select Org-Lang-Resource

2020-09-28 14:55:14 - [TEST_STEP][PASSED] - if (organization == ""): null

2020-09-28 14:55:14 - [TEST_STEP][PASSED] - organization = organization: null

2020-09-28 14:55:14 - [TEST_STEP][PASSED] - if (language == ""): null

2020-09-28 14:55:14 - [TEST_STEP][PASSED] - language = langCode: null

2020-09-28 14:55:14 - [TEST_STEP][PASSED] - println("Choosing organization " + organization): null

2020-09-28 14:55:14 - [TEST_STEP][PASSED] - if (waitForElementPresent(organization, 5, OPTIONAL) == false): Object 'Object Repository/Page_tC Create/listOrg_translate_test' is present

2020-09-28 14:55:16 - [MESSAGE][PASSED] - Object 'Object Repository/Page_tC Create/listOrg_translate_test' is present

2020-09-28 14:55:16 - [TEST_STEP][PASSED] - else: null

2020-09-28 14:55:16 - [TEST_STEP][PASSED] - click(organization): Object: 'Object Repository/Page_tC Create/listOrg_translate_test' is clicked on

2020-09-28 14:55:16 - [MESSAGE][PASSED] - Object: 'Object Repository/Page_tC Create/listOrg_translate_test' is clicked on

2020-09-28 14:55:16 - [TEST_STEP][PASSED] - alerted = waitForAlert(2): No alert found after 2 second(s).

2020-09-28 14:55:18 - [MESSAGE][WARNING] - No alert found after 2 second(s).

2020-09-28 14:55:18 - [TEST_STEP][PASSED] - if (alerted == true): null

2020-09-28 14:55:18 - [TEST_STEP][PASSED] - else: Object: 'Object Repository/Page_tC Create/listOption_Language_Parmed' is clicked on

2020-09-28 14:55:18 - [TEST_STEP][PASSED] - println("Not alerted on organization"): null

2020-09-28 14:55:18 - [TEST_STEP][PASSED] - alertFlag = false: null

2020-09-28 14:55:18 - [TEST_STEP][PASSED] - println("Choosing resource " + resource): null

2020-09-28 14:55:18 - [TEST_STEP][PASSED] - click(findTestObject("Page_tC Create/resource_Parmed", ["resource":resource])): Object: 'Object Repository/Page_tC Create/resource_Parmed' is clicked on

2020-09-28 14:55:19 - [MESSAGE][PASSED] - Object: 'Object Repository/Page_tC Create/resource_Parmed' is clicked on

2020-09-28 14:55:19 - [TEST_STEP][PASSED] - println("Choosing language " + language): null

2020-09-28 14:55:19 - [TEST_STEP][PASSED] - click(findTestObject("Page_tC Create/combo_Select Language")): Object: 'Object Repository/Page_tC Create/combo_Select Language' is clicked on

2020-09-28 14:55:20 - [MESSAGE][PASSED] - Object: 'Object Repository/Page_tC Create/combo_Select Language' is clicked on

2020-09-28 14:55:20 - [TEST_STEP][PASSED] - click(findTestObject("Page_tC Create/listOption_Language_Parmed", ["lang_code":language])): Object: 'Object Repository/Page_tC Create/listOption_Language_Parmed' is clicked on

2020-09-28 14:55:20 - [MESSAGE][PASSED] - Object: 'Object Repository/Page_tC Create/listOption_Language_Parmed' is clicked on

2020-09-28 14:55:20 - [TEST_STEP][PASSED] - return true: null

2020-09-28 14:55:20 - [MESSAGE][PASSED] - Call Test Case 'Test Cases/tCC Components/tCC Select Org-Lang-Resource' successfully

2020-09-28 14:55:20 - [TEST_STEP][PASSED] - click(findTestObject("Page_tC Create/file_en_tn_57-TITtsv")): Object: 'Object Repository/Page_tC Create/file_en_tn_57-TITtsv' is clicked on

2020-09-28 14:55:22 - [MESSAGE][PASSED] - Object: 'Object Repository/Page_tC Create/file_en_tn_57-TITtsv' is clicked on

2020-09-28 14:55:22 - [MESSAGE][PASSED] - Call Test Case 'Test Cases/tCC Components/tCC tN Open For Edit' successfully

2020-09-28 14:55:22 - [TEST_STEP][PASSED] - system = unfoldingWord_Keywords.GetTestingConfig.getOperatingSystem(): unfoldingWord_Keywords.GetTestingConfig.getOperatingSystem is PASSED

2020-09-28 14:55:22 - [MESSAGE][PASSED] - unfoldingWord_Keywords.GetTestingConfig.getOperatingSystem is PASSED

2020-09-28 14:55:22 - [TEST_STEP][PASSED] - myBrowser = unfoldingWord_Keywords.GetTestingConfig.getBrowserAndVersion(): unfoldingWord_Keywords.GetTestingConfig.getBrowserAndVersion is PASSED

2020-09-28 14:55:22 - [MESSAGE][PASSED] - unfoldingWord_Keywords.GetTestingConfig.getBrowserAndVersion is PASSED

2020-09-28 14:55:22 - [TEST_STEP][PASSED] - objectPage = "Page_tCC translationNotes/": null

2020-09-28 14:55:22 - [TEST_STEP][PASSED] - len = 17: null

2020-09-28 14:55:22 - [TEST_STEP][PASSED] - origQuote = []: null

2020-09-28 14:55:22 - [TEST_STEP][PASSED] - origQuote = ["text_OrigQuote-en-xyz8-Pavlos-1", "text_OrigQuote-en-xyz8-dolos-1", "text_OrigQuote-en-xyz8-Theo-1", "text_OrigQuote-en-xyz8-apstolos-1", "text_OrigQuote-en-xyz8-d-1", "text_OrigQuote-en-xyz8-Iiso-1", "text_OrigQuote-en-xyz8-Christo-1", "text_OrigQuote-en-xyz8-kat-1", "text_OrigQuote-en-xyz8-pstin-1", "text_OrigQuote-en-xyz8-eklektn-1", "text_OrigQuote-en-xyz8-Theo-2", "text_OrigQuote-en-xyz8-ka-1", "text_OrigQuote-en-xyz8-epgnosin-1", "text_OrigQuote-en-xyz8-alitheas-1", "text_OrigQuote-en-xyz8-ts-1", "text_OrigQuote-en-xyz8-ka-2", "text_OrigQuote-en-xyz8-efsveian-1"]: null

2020-09-28 14:55:22 - [TEST_STEP][PASSED] - for (def i : (0..(origQuote.size() - 1))): null

2020-09-28 14:55:22 - [TEST_STEP][PASSED] - origQuote[i] = objectPage + origQuote[i]: null

2020-09-28 14:55:22 - [TEST_STEP][PASSED] - origQuote[i] = objectPage + origQuote[i]: null

2020-09-28 14:55:22 - [TEST_STEP][PASSED] - origQuote[i] = objectPage + origQuote[i]: null

2020-09-28 14:55:22 - [TEST_STEP][PASSED] - origQuote[i] = objectPage + origQuote[i]: null

2020-09-28 14:55:22 - [TEST_STEP][PASSED] - origQuote[i] = objectPage + origQuote[i]: null

2020-09-28 14:55:22 - [TEST_STEP][PASSED] - origQuote[i] = objectPage + origQuote[i]: null

2020-09-28 14:55:22 - [TEST_STEP][PASSED] - origQuote[i] = objectPage + origQuote[i]: null

2020-09-28 14:55:22 - [TEST_STEP][PASSED] - origQuote[i] = objectPage + origQuote[i]: null

2020-09-28 14:55:22 - [TEST_STEP][PASSED] - origQuote[i] = objectPage + origQuote[i]: null

2020-09-28 14:55:22 - [TEST_STEP][PASSED] - origQuote[i] = objectPage + origQuote[i]: null

2020-09-28 14:55:22 - [TEST_STEP][PASSED] - origQuote[i] = objectPage + origQuote[i]: null

2020-09-28 14:55:22 - [TEST_STEP][PASSED] - origQuote[i] = objectPage + origQuote[i]: null

2020-09-28 14:55:22 - [TEST_STEP][PASSED] - origQuote[i] = objectPage + origQuote[i]: null

2020-09-28 14:55:22 - [TEST_STEP][PASSED] - origQuote[i] = objectPage + origQuote[i]: null

2020-09-28 14:55:22 - [TEST_STEP][PASSED] - origQuote[i] = objectPage + origQuote[i]: null

2020-09-28 14:55:22 - [TEST_STEP][PASSED] - origQuote[i] = objectPage + origQuote[i]: null

2020-09-28 14:55:22 - [TEST_STEP][PASSED] - origQuote[i] = objectPage + origQuote[i]: null

2020-09-28 14:55:22 - [TEST_STEP][PASSED] - click(findTestObject("Page_tCC translationNotes/button_ViewColumns")): Object: 'Object Repository/Page_tCC translationNotes/button_ViewColumns' is clicked on

2020-09-28 14:55:29 - [MESSAGE][PASSED] - Object: 'Object Repository/Page_tCC translationNotes/button_ViewColumns' is clicked on

2020-09-28 14:55:29 - [TEST_STEP][PASSED] - click(findTestObject("Page_tCC translationNotes/columns_OrigQuote")): Object: 'Object Repository/Page_tCC translationNotes/columns_OrigQuote' is clicked on

2020-09-28 14:55:30 - [MESSAGE][PASSED] - Object: 'Object Repository/Page_tCC translationNotes/columns_OrigQuote' is clicked on

2020-09-28 14:55:30 - [TEST_STEP][PASSED] - click(findTestObject("Page_tCC translationNotes/btnX_CloseColumns")): Object: 'Object Repository/Page_tCC translationNotes/btnX_CloseColumns' is clicked on

2020-09-28 14:55:31 - [MESSAGE][PASSED] - Object: 'Object Repository/Page_tCC translationNotes/btnX_CloseColumns' is clicked on

2020-09-28 14:55:31 - [TEST_STEP][PASSED] - glText = getText(findTestObject("Page_tCC translationNotes/text_OrigQuote-GL-xyz8")): Text of object 'Object Repository/Page_tCC translationNotes/text_OrigQuote-GL-xyz8' is: 'εὐσέβειαν'

2020-09-28 14:55:32 - [MESSAGE][PASSED] - Text of object 'Object Repository/Page_tCC translationNotes/text_OrigQuote-GL-xyz8' is: 'εὐσέβειαν'

2020-09-28 14:55:32 - [TEST_STEP][PASSED] - enText = getText(findTestObject(origQuote[16])): Text of object 'Object Repository/Page_tCC translationNotes/text_OrigQuote-en-xyz8-efsveian-1' is: 'εὐσέβειαν'

2020-09-28 14:55:32 - [MESSAGE][PASSED] - Text of object 'Object Repository/Page_tCC translationNotes/text_OrigQuote-en-xyz8-efsveian-1' is: 'εὐσέβειαν'

2020-09-28 14:55:32 - [TEST_STEP][PASSED] - if (glText != enText): null

2020-09-28 14:55:32 - [TEST_STEP][PASSED] - else: null

2020-09-28 14:55:32 - [TEST_STEP][PASSED] - printHighlightStatus(origQuote[16], enText): null

2020-09-28 14:55:32 - [TEST_STEP][PASSED] - hText = "highlighted": null

2020-09-28 14:55:32 - [TEST_STEP][PASSED] - highlighted = "rgba(255, 255, 0, 1)": null

2020-09-28 14:55:32 - [TEST_STEP][PASSED] - if (getCSSValue(findTestObject(element), "background-color") != highlighted): Get CSS 'background-color' value on 'Object Repository/Page_tCC translationNotes/text_OrigQuote-en-xyz8-efsveian-1' successfully: 'rgba(255, 255, 0, 1)'.

2020-09-28 14:55:32 - [MESSAGE][PASSED] - Get CSS 'background-color' value on 'Object Repository/Page_tCC translationNotes/text_OrigQuote-en-xyz8-efsveian-1' successfully: 'rgba(255, 255, 0, 1)'.

2020-09-28 14:55:32 - [TEST_STEP][PASSED] - println(elementText + " is " + hText): null

2020-09-28 14:55:32 - [TEST_STEP][PASSED] - setText(findTestObject("Page_tCC translationNotes/text_OrigQuote-GL-xyz8"), ""): Text '' is set on object 'Object Repository/Page_tCC translationNotes/text_OrigQuote-GL-xyz8'

2020-09-28 14:55:35 - [MESSAGE][PASSED] - Text '' is set on object 'Object Repository/Page_tCC translationNotes/text_OrigQuote-GL-xyz8'

2020-09-28 14:55:35 - [TEST_STEP][PASSED] - printHighlightStatus(origQuote[16], enText): null

2020-09-28 14:55:35 - [TEST_STEP][PASSED] - hText = "highlighted": null

2020-09-28 14:55:35 - [TEST_STEP][PASSED] - highlighted = "rgba(255, 255, 0, 1)": null

2020-09-28 14:55:35 - [TEST_STEP][PASSED] - if (getCSSValue(findTestObject(element), "background-color") != highlighted): null

2020-09-28 14:55:35 - [MESSAGE][PASSED] - Get CSS 'background-color' value on 'Object Repository/Page_tCC translationNotes/text_OrigQuote-en-xyz8-efsveian-1' successfully: 'rgba(0, 0, 0, 0)'.

2020-09-28 14:55:35 - [TEST_STEP][PASSED] - hText = "not " + hText: null

2020-09-28 14:55:35 - [TEST_STEP][PASSED] - println(elementText + " is " + hText): null

2020-09-28 14:55:35 - [TEST_STEP][PASSED] - enText = getText(findTestObject(origQuote[2])): Text of object 'Object Repository/Page_tCC translationNotes/text_OrigQuote-en-xyz8-Theo-1' is: 'Θεοῦ'

2020-09-28 14:55:36 - [MESSAGE][PASSED] - Text of object 'Object Repository/Page_tCC translationNotes/text_OrigQuote-en-xyz8-Theo-1' is: 'Θεοῦ'

2020-09-28 14:55:36 - [TEST_STEP][PASSED] - setGLOrigQuote("", enText): null

2020-09-28 14:55:36 - [TEST_STEP][PASSED] - if (fnc == "paste"): null

2020-09-28 14:55:36 - [TEST_STEP][PASSED] - else: Text 'Θεοῦ' is set on object 'Object Repository/Page_tCC translationNotes/text_OrigQuote-GL-xyz8'

2020-09-28 14:55:36 - [TEST_STEP][PASSED] - setText(findTestObject("Page_tCC translationNotes/text_OrigQuote-GL-xyz8"), quote): Text 'Θεοῦ' is set on object 'Object Repository/Page_tCC translationNotes/text_OrigQuote-GL-xyz8'

2020-09-28 14:55:37 - [MESSAGE][PASSED] - Text 'Θεοῦ' is set on object 'Object Repository/Page_tCC translationNotes/text_OrigQuote-GL-xyz8'

2020-09-28 14:55:37 - [TEST_STEP][PASSED] - clickOffset(findTestObject("Page_tCC translationNotes/label_OrigQuote"), -10, -10): Object: 'Object Repository/Page_tCC translationNotes/label_OrigQuote' is clicked on using offset x=-10 and y=-10

2020-09-28 14:55:38 - [MESSAGE][PASSED] - Object: 'Object Repository/Page_tCC translationNotes/label_OrigQuote' is clicked on using offset x=-10 and y=-10

2020-09-28 14:55:38 - [TEST_STEP][PASSED] - printHighlightStatus(origQuote[2], enText): null

2020-09-28 14:55:38 - [TEST_STEP][PASSED] - hText = "highlighted": null

2020-09-28 14:55:38 - [TEST_STEP][PASSED] - highlighted = "rgba(255, 255, 0, 1)": null

2020-09-28 14:55:38 - [TEST_STEP][PASSED] - if (getCSSValue(findTestObject(element), "background-color") != highlighted): Get CSS 'background-color' value on 'Object Repository/Page_tCC translationNotes/text_OrigQuote-en-xyz8-Theo-1' successfully: 'rgba(255, 255, 0, 1)'.

2020-09-28 14:55:39 - [MESSAGE][PASSED] - Get CSS 'background-color' value on 'Object Repository/Page_tCC translationNotes/text_OrigQuote-en-xyz8-Theo-1' successfully: 'rgba(255, 255, 0, 1)'.

2020-09-28 14:55:39 - [TEST_STEP][PASSED] - println(elementText + " is " + hText): null

2020-09-28 14:55:39 - [TEST_STEP][PASSED] - if (!(testHighlightStatus(origQuote[2]))): null

2020-09-28 14:55:39 - [TEST_STEP][PASSED] - flag = false: null

2020-09-28 14:55:39 - [TEST_STEP][PASSED] - highlighted = "rgba(255, 255, 0, 1)": null

2020-09-28 14:55:39 - [TEST_STEP][PASSED] - if (getCSSValue(findTestObject(element), "background-color") == highlighted): null

2020-09-28 14:55:39 - [MESSAGE][PASSED] - Get CSS 'background-color' value on 'Object Repository/Page_tCC translationNotes/text_OrigQuote-en-xyz8-Theo-1' successfully: 'rgba(255, 255, 0, 1)'.

2020-09-28 14:55:39 - [TEST_STEP][PASSED] - flag = true: null

2020-09-28 14:55:39 - [TEST_STEP][PASSED] - return flag: null

2020-09-28 14:55:39 - [TEST_STEP][PASSED] - else: null

2020-09-28 14:55:39 - [TEST_STEP][PASSED] - println(enText + " is highlighted as expected"): null

2020-09-28 14:55:39 - [TEST_STEP][PASSED] - doubleClick(findTestObject(origQuote[3])): Object: 'Object Repository/Page_tCC translationNotes/text_OrigQuote-en-xyz8-apstolos-1' is double clicked on

2020-09-28 14:55:39 - [MESSAGE][PASSED] - Object: 'Object Repository/Page_tCC translationNotes/text_OrigQuote-en-xyz8-apstolos-1' is double clicked on

2020-09-28 14:55:39 - [TEST_STEP][PASSED] - copyText(): null

2020-09-28 14:55:39 - [TEST_STEP][PASSED] - if (system.contains("Windows")): null

2020-09-28 14:55:39 - [TEST_STEP][PASSED] - else if (myBrowser.contains("firefox")): null

2020-09-28 14:55:39 - [TEST_STEP][PASSED] - else: Keys 'CONTROL + INSERT + ' sent to object: 'tempBody'

2020-09-28 14:55:39 - [TEST_STEP][PASSED] - sendKeys(null, Keys.chord(CONTROL, INSERT)): Keys 'CONTROL + INSERT + ' sent to object: 'tempBody'

2020-09-28 14:55:39 - [MESSAGE][WARNING] - Test object with id 'Object Repository/' does not exist

2020-09-28 14:55:40 - [MESSAGE][PASSED] - Keys 'CONTROL + INSERT + ' sent to object: 'tempBody'

2020-09-28 14:55:40 - [TEST_STEP][PASSED] - setGLOrigQuote("paste", ""): null

2020-09-28 14:55:40 - [TEST_STEP][PASSED] - if (fnc == "paste"): Keys 'SHIFT + INSERT + ' sent to object: 'Object Repository/Page_tCC translationNotes/text_OrigQuote-GL-xyz8'

2020-09-28 14:55:40 - [TEST_STEP][PASSED] - setText(findTestObject("Page_tCC translationNotes/text_OrigQuote-GL-xyz8"), ""): Text '' is set on object 'Object Repository/Page_tCC translationNotes/text_OrigQuote-GL-xyz8'

2020-09-28 14:55:42 - [MESSAGE][PASSED] - Text '' is set on object 'Object Repository/Page_tCC translationNotes/text_OrigQuote-GL-xyz8'

2020-09-28 14:55:42 - [TEST_STEP][PASSED] - click(findTestObject("Page_tCC translationNotes/text_OrigQuote-GL-xyz8")): Object: 'Object Repository/Page_tCC translationNotes/text_OrigQuote-GL-xyz8' is clicked on

2020-09-28 14:55:43 - [MESSAGE][PASSED] - Object: 'Object Repository/Page_tCC translationNotes/text_OrigQuote-GL-xyz8' is clicked on

2020-09-28 14:55:43 - [TEST_STEP][PASSED] - if (system.contains("Windows")): null

2020-09-28 14:55:43 - [TEST_STEP][PASSED] - else if (myBrowser.contains("firefox")): null

2020-09-28 14:55:43 - [TEST_STEP][PASSED] - else: Keys 'SHIFT + INSERT + ' sent to object: 'Object Repository/Page_tCC translationNotes/text_OrigQuote-GL-xyz8'

2020-09-28 14:55:43 - [TEST_STEP][PASSED] - sendKeys(findTestObject("Page_tCC translationNotes/text_OrigQuote-GL-xyz8"), Keys.chord(SHIFT, INSERT)): Keys 'SHIFT + INSERT + ' sent to object: 'Object Repository/Page_tCC translationNotes/text_OrigQuote-GL-xyz8'

2020-09-28 14:55:43 - [MESSAGE][PASSED] - Keys 'SHIFT + INSERT + ' sent to object: 'Object Repository/Page_tCC translationNotes/text_OrigQuote-GL-xyz8'

2020-09-28 14:55:43 - [TEST_STEP][PASSED] - clickOffset(findTestObject("Page_tCC translationNotes/label_OrigQuote"), -10, -10): Object: 'Object Repository/Page_tCC translationNotes/label_OrigQuote' is clicked on using offset x=-10 and y=-10

2020-09-28 14:55:45 - [MESSAGE][PASSED] - Object: 'Object Repository/Page_tCC translationNotes/label_OrigQuote' is clicked on using offset x=-10 and y=-10

2020-09-28 14:55:45 - [TEST_STEP][PASSED] - enText = getText(findTestObject(origQuote[3])): Text of object 'Object Repository/Page_tCC translationNotes/text_OrigQuote-en-xyz8-apstolos-1' is: 'ἀπόστολος'

2020-09-28 14:55:45 - [MESSAGE][PASSED] - Text of object 'Object Repository/Page_tCC translationNotes/text_OrigQuote-en-xyz8-apstolos-1' is: 'ἀπόστολος'

2020-09-28 14:55:45 - [TEST_STEP][PASSED] - if (!(testHighlightStatus(origQuote[3]))): null

2020-09-28 14:55:45 - [TEST_STEP][PASSED] - flag = false: null

2020-09-28 14:55:45 - [TEST_STEP][PASSED] - highlighted = "rgba(255, 255, 0, 1)": null

2020-09-28 14:55:45 - [TEST_STEP][PASSED] - if (getCSSValue(findTestObject(element), "background-color") == highlighted): null

2020-09-28 14:55:46 - [MESSAGE][PASSED] - Get CSS 'background-color' value on 'Object Repository/Page_tCC translationNotes/text_OrigQuote-en-xyz8-apstolos-1' successfully: 'rgba(255, 255, 0, 1)'.

2020-09-28 14:55:46 - [TEST_STEP][PASSED] - flag = true: null

2020-09-28 14:55:46 - [TEST_STEP][PASSED] - return flag: null

2020-09-28 14:55:46 - [TEST_STEP][PASSED] - else: null

2020-09-28 14:55:46 - [TEST_STEP][PASSED] - println(enText + " is highlighted as expected"): null

2020-09-28 14:55:46 - [TEST_STEP][PASSED] - if (system.contains("Windows") || myBrowser.contains("firefox")): null

2020-09-28 14:55:46 - [TEST_STEP][PASSED] - else: null

2020-09-28 14:55:46 - [TEST_STEP][PASSED] - println("Bypassing multiword paste in Chrome on Mac"): null

2020-09-28 14:55:46 - [TEST_STEP][PASSED] - closeBrowser(): Browser is closed

2020-09-28 14:55:46 - [MESSAGE][PASSED] - Browser is closed

2020-09-28 14:55:46 - [TEST_STEP][PASSED] - Start listener action : sampleAfterTestCase: null

2020-09-28 14:55:46 - [TEST_STEP][PASSED] - separator = "===========================================================================================================================": null

2020-09-28 14:55:46 - [TEST_STEP][PASSED] - println(separator): null

2020-09-28 14:55:46 - [TEST_STEP][PASSED] - prefix = " +++++++++++ ": null

2020-09-28 14:55:46 - [TEST_STEP][PASSED] - if (testCaseContext.getTestCaseStatus() != "PASSED"): null

2020-09-28 14:55:46 - [TEST_STEP][PASSED] - println(prefix + testCaseContext.getTestCaseId() + " on " + version + " " + testCaseContext.getTestCaseStatus() + prefix): null

2020-09-28 14:55:46 - [TEST_STEP][PASSED] - tsMessages.add("##" + testCaseContext.getTestCaseId()): null

2020-09-28 14:55:46 - [TEST_STEP][PASSED] - if (tcMessages.size() > 0): null

2020-09-28 14:55:46 - [TEST_STEP][PASSED] - println(separator): null]]></system-out>
         <system-err><![CDATA[]]></system-err>
      </testcase>
      <testcase name="Test Cases/tCC Test Cases/tCC tN Test Edit OrigLangQuote" time="69.085" classname="Test Cases/tCC Test Cases/tCC tN Test Edit OrigLangQuote" status="PASSED">
         <system-out><![CDATA[2020-09-28 14:55:48 - [TEST_CASE][PASSED] - Test Cases/tCC Test Cases/tCC tN Test Edit OrigLangQuote: Test Cases/tCC Test Cases/tCC tN Test Edit OrigLangQuote

2020-09-28 14:55:48 - [TEST_STEP][PASSED] - Start listener action : sampleBeforeTestCase: Execution profile is tCC Production

2020-09-28 14:55:48 - [TEST_STEP][PASSED] - tcMessages = []: null

2020-09-28 14:55:48 - [TEST_STEP][PASSED] - executionProfile = getExecutionProfile(): null

2020-09-28 14:55:48 - [TEST_STEP][PASSED] - logInfo("Execution profile is " + executionProfile): Execution profile is tCC Production

2020-09-28 14:55:48 - [MESSAGE][INFO] - Execution profile is tCC Production

2020-09-28 14:55:48 - [TEST_STEP][PASSED] - callTestCase(findTestCase("tCC Components/tCC tN Open For Edit"), [:], STOP_ON_FAILURE): Call Test Case 'Test Cases/tCC Components/tCC tN Open For Edit' successfully

2020-09-28 14:55:49 - [TEST_CASE][PASSED] - Test Cases/tCC Components/tCC tN Open For Edit: Test Cases/tCC Components/tCC tN Open For Edit

2020-09-28 14:55:49 - [TEST_STEP][PASSED] - callTestCase(findTestCase("tCC Components/tCC Login"), ["user":$username, "password":$password], STOP_ON_FAILURE): Call Test Case 'Test Cases/tCC Components/tCC Login' successfully

2020-09-28 14:55:49 - [TEST_CASE][PASSED] - Test Cases/tCC Components/tCC Login: Test Cases/tCC Components/tCC Login

2020-09-28 14:55:49 - [TEST_STEP][PASSED] - if (openBrowser): Current window maximized

2020-09-28 14:55:49 - [TEST_STEP][PASSED] - openBrowser(""): Browser is opened with url: ''

2020-09-28 14:55:49 - [MESSAGE][INFO] - Starting 'Chrome' driver

2020-09-28 14:55:49 - [MESSAGE][INFO] - Action delay is set to 0 milliseconds

2020-09-28 14:55:52 - [MESSAGE][PASSED] - Browser is opened with url: ''

2020-09-28 14:55:52 - [TEST_STEP][PASSED] - maximizeWindow(): Current window maximized

2020-09-28 14:55:52 - [MESSAGE][PASSED] - Current window maximized

2020-09-28 14:55:52 - [TEST_STEP][PASSED] - println("Opening " + url): null

2020-09-28 14:55:52 - [TEST_STEP][PASSED] - navigateToUrl(url): Navigate to 'http://create.translationcore.com' successfully

2020-09-28 14:55:55 - [MESSAGE][PASSED] - Navigate to 'http://create.translationcore.com' successfully

2020-09-28 14:55:55 - [TEST_STEP][PASSED] - waitForElementVisible(findTestObject("Page_tC Create/text_tCCVersion"), 30): Object 'Object Repository/Page_tC Create/text_tCCVersion' is visible

2020-09-28 14:55:56 - [MESSAGE][PASSED] - Object 'Object Repository/Page_tC Create/text_tCCVersion' is visible

2020-09-28 14:55:56 - [TEST_STEP][PASSED] - version = getText(findTestObject("Page_tC Create/text_tCCVersion")): Text of object 'Object Repository/Page_tC Create/text_tCCVersion' is: 'translationCore Create - v1.0.4'

2020-09-28 14:55:56 - [MESSAGE][PASSED] - Text of object 'Object Repository/Page_tC Create/text_tCCVersion' is: 'translationCore Create - v1.0.4'

2020-09-28 14:55:56 - [TEST_STEP][PASSED] - version = version: null

2020-09-28 14:55:56 - [TEST_STEP][PASSED] - println("Version is " + version): null

2020-09-28 14:55:56 - [TEST_STEP][PASSED] - if (user == ""): Object: 'Object Repository/Page_tC Create/button_Login' is clicked on

2020-09-28 14:55:56 - [TEST_STEP][PASSED] - println("Logging in as " + user1Name): null

2020-09-28 14:55:56 - [TEST_STEP][PASSED] - setText(findTestObject("Page_tC Create/input__username"), user1Name): Text 'tcc001' is set on object 'Object Repository/Page_tC Create/input__username'

2020-09-28 14:55:57 - [MESSAGE][PASSED] - Text 'tcc001' is set on object 'Object Repository/Page_tC Create/input__username'

2020-09-28 14:55:57 - [TEST_STEP][PASSED] - setText(findTestObject("Page_tC Create/input__password"), user1Password): Text 'tcc001' is set on object 'Object Repository/Page_tC Create/input__password'

2020-09-28 14:55:58 - [MESSAGE][PASSED] - Text 'tcc001' is set on object 'Object Repository/Page_tC Create/input__password'

2020-09-28 14:55:58 - [TEST_STEP][PASSED] - click(findTestObject("Page_tC Create/button_Login")): Object: 'Object Repository/Page_tC Create/button_Login' is clicked on

2020-09-28 14:55:59 - [MESSAGE][PASSED] - Object: 'Object Repository/Page_tC Create/button_Login' is clicked on

2020-09-28 14:55:59 - [MESSAGE][PASSED] - Call Test Case 'Test Cases/tCC Components/tCC Login' successfully

2020-09-28 14:55:59 - [TEST_STEP][PASSED] - if (callTestCase(findTestCase("tCC Components/tCC Select Org-Lang-Resource"), ["organization":"", "language":"", "resource":"unfoldingWord/en_tn"], STOP_ON_FAILURE) == false): Call Test Case 'Test Cases/tCC Components/tCC Select Org-Lang-Resource' successfully

2020-09-28 14:55:59 - [TEST_CASE][PASSED] - Test Cases/tCC Components/tCC Select Org-Lang-Resource: Test Cases/tCC Components/tCC Select Org-Lang-Resource

2020-09-28 14:55:59 - [TEST_STEP][PASSED] - if (organization == ""): null

2020-09-28 14:55:59 - [TEST_STEP][PASSED] - organization = organization: null

2020-09-28 14:55:59 - [TEST_STEP][PASSED] - if (language == ""): null

2020-09-28 14:55:59 - [TEST_STEP][PASSED] - language = langCode: null

2020-09-28 14:55:59 - [TEST_STEP][PASSED] - println("Choosing organization " + organization): null

2020-09-28 14:55:59 - [TEST_STEP][PASSED] - if (waitForElementPresent(organization, 5, OPTIONAL) == false): Object 'Object Repository/Page_tC Create/listOrg_translate_test' is present

2020-09-28 14:56:01 - [MESSAGE][PASSED] - Object 'Object Repository/Page_tC Create/listOrg_translate_test' is present

2020-09-28 14:56:01 - [TEST_STEP][PASSED] - else: null

2020-09-28 14:56:01 - [TEST_STEP][PASSED] - click(organization): Object: 'Object Repository/Page_tC Create/listOrg_translate_test' is clicked on

2020-09-28 14:56:01 - [MESSAGE][PASSED] - Object: 'Object Repository/Page_tC Create/listOrg_translate_test' is clicked on

2020-09-28 14:56:01 - [TEST_STEP][PASSED] - alerted = waitForAlert(2): No alert found after 2 second(s).

2020-09-28 14:56:03 - [MESSAGE][WARNING] - No alert found after 2 second(s).

2020-09-28 14:56:03 - [TEST_STEP][PASSED] - if (alerted == true): null

2020-09-28 14:56:03 - [TEST_STEP][PASSED] - else: Object: 'Object Repository/Page_tC Create/listOption_Language_Parmed' is clicked on

2020-09-28 14:56:03 - [TEST_STEP][PASSED] - println("Not alerted on organization"): null

2020-09-28 14:56:03 - [TEST_STEP][PASSED] - alertFlag = false: null

2020-09-28 14:56:03 - [TEST_STEP][PASSED] - println("Choosing resource " + resource): null

2020-09-28 14:56:03 - [TEST_STEP][PASSED] - click(findTestObject("Page_tC Create/resource_Parmed", ["resource":resource])): Object: 'Object Repository/Page_tC Create/resource_Parmed' is clicked on

2020-09-28 14:56:04 - [MESSAGE][PASSED] - Object: 'Object Repository/Page_tC Create/resource_Parmed' is clicked on

2020-09-28 14:56:04 - [TEST_STEP][PASSED] - println("Choosing language " + language): null

2020-09-28 14:56:04 - [TEST_STEP][PASSED] - click(findTestObject("Page_tC Create/combo_Select Language")): Object: 'Object Repository/Page_tC Create/combo_Select Language' is clicked on

2020-09-28 14:56:05 - [MESSAGE][PASSED] - Object: 'Object Repository/Page_tC Create/combo_Select Language' is clicked on

2020-09-28 14:56:05 - [TEST_STEP][PASSED] - click(findTestObject("Page_tC Create/listOption_Language_Parmed", ["lang_code":language])): Object: 'Object Repository/Page_tC Create/listOption_Language_Parmed' is clicked on

2020-09-28 14:56:05 - [MESSAGE][PASSED] - Object: 'Object Repository/Page_tC Create/listOption_Language_Parmed' is clicked on

2020-09-28 14:56:05 - [TEST_STEP][PASSED] - return true: null

2020-09-28 14:56:05 - [MESSAGE][PASSED] - Call Test Case 'Test Cases/tCC Components/tCC Select Org-Lang-Resource' successfully

2020-09-28 14:56:05 - [TEST_STEP][PASSED] - click(findTestObject("Page_tC Create/file_en_tn_57-TITtsv")): Object: 'Object Repository/Page_tC Create/file_en_tn_57-TITtsv' is clicked on

2020-09-28 14:56:07 - [MESSAGE][PASSED] - Object: 'Object Repository/Page_tC Create/file_en_tn_57-TITtsv' is clicked on

2020-09-28 14:56:07 - [MESSAGE][PASSED] - Call Test Case 'Test Cases/tCC Components/tCC tN Open For Edit' successfully

2020-09-28 14:56:07 - [TEST_STEP][PASSED] - click(findTestObject("Page_tCC translationNotes/button_ViewColumns")): Object: 'Object Repository/Page_tCC translationNotes/button_ViewColumns' is clicked on

2020-09-28 14:56:13 - [MESSAGE][PASSED] - Object: 'Object Repository/Page_tCC translationNotes/button_ViewColumns' is clicked on

2020-09-28 14:56:13 - [TEST_STEP][PASSED] - click(findTestObject("Page_tCC translationNotes/columns_OrigQuote")): Object: 'Object Repository/Page_tCC translationNotes/columns_OrigQuote' is clicked on

2020-09-28 14:56:14 - [MESSAGE][PASSED] - Object: 'Object Repository/Page_tCC translationNotes/columns_OrigQuote' is clicked on

2020-09-28 14:56:14 - [TEST_STEP][PASSED] - click(findTestObject("Page_tCC translationNotes/btnX_CloseColumns")): Object: 'Object Repository/Page_tCC translationNotes/btnX_CloseColumns' is clicked on

2020-09-28 14:56:15 - [MESSAGE][PASSED] - Object: 'Object Repository/Page_tCC translationNotes/btnX_CloseColumns' is clicked on

2020-09-28 14:56:15 - [TEST_STEP][PASSED] - origQuote = getText(findTestObject("Page_tCC translationNotes/text_OrigQuote-GL-rtc9")): Text of object 'Object Repository/Page_tCC translationNotes/text_OrigQuote-GL-rtc9' is: 'κατὰ πίστιν abc abc abc abc abc abc abc abc abc abc abc abc abc abc abc abc'

2020-09-28 14:56:16 - [MESSAGE][PASSED] - Text of object 'Object Repository/Page_tCC translationNotes/text_OrigQuote-GL-rtc9' is: 'κατὰ πίστιν abc abc abc abc abc abc abc abc abc abc abc abc abc abc abc abc'

2020-09-28 14:56:16 - [TEST_STEP][PASSED] - println("Original language quote is " + origQuote): null

2020-09-28 14:56:16 - [TEST_STEP][PASSED] - newOrigQuote = origQuote + " abc": null

2020-09-28 14:56:16 - [TEST_STEP][PASSED] - println("Setting original language quote to " + newOrigQuote): null

2020-09-28 14:56:16 - [TEST_STEP][PASSED] - setText(findTestObject("Page_tCC translationNotes/text_OrigQuote-GL-rtc9"), newOrigQuote): Text 'κατὰ πίστιν abc abc abc abc abc abc abc abc abc abc abc abc abc abc abc abc abc' is set on object 'Object Repository/Page_tCC translationNotes/text_OrigQuote-GL-rtc9'

2020-09-28 14:56:18 - [MESSAGE][PASSED] - Text 'κατὰ πίστιν abc abc abc abc abc abc abc abc abc abc abc abc abc abc abc abc abc' is set on object 'Object Repository/Page_tCC translationNotes/text_OrigQuote-GL-rtc9'

2020-09-28 14:56:18 - [TEST_STEP][PASSED] - clickOffset(findTestObject("Page_tCC translationNotes/text_OrigQuote-GL-rtc9"), 0, -20): Object: 'Object Repository/Page_tCC translationNotes/text_OrigQuote-GL-rtc9' is clicked on using offset x=0 and y=-20

2020-09-28 14:56:19 - [MESSAGE][PASSED] - Object: 'Object Repository/Page_tCC translationNotes/text_OrigQuote-GL-rtc9' is clicked on using offset x=0 and y=-20

2020-09-28 14:56:19 - [TEST_STEP][PASSED] - click(findTestObject("Page_tCC translationNotes/button_SaveEnabled")): Object: 'Object Repository/Page_tCC translationNotes/button_SaveEnabled' is clicked on

2020-09-28 14:56:20 - [MESSAGE][PASSED] - Object: 'Object Repository/Page_tCC translationNotes/button_SaveEnabled' is clicked on

2020-09-28 14:56:20 - [TEST_STEP][PASSED] - waitForElementNotPresent(findTestObject("Page_tCC translationNotes/button_SaveEnabled"), 10): Web element with id: 'Object Repository/Page_tCC translationNotes/button_SaveEnabled' located by 'By.xpath: id("root")/div[@class="App"]/div[1]/div[@class="jss50"]/div[@class="MuiPaper-root-66 jss55 undefined MuiPaper-elevation4-73 MuiPaper-rounded-67"]/div[@class="MuiToolbar-root-109 MuiToolbar-regular-111 jss94 MuiToolbar-gutters-110"]/div[@class="jss98"]/div[@class="jss175"]/button[@class="MuiButtonBase-root-162 MuiIconButton-root-154 jss174"][count(. | //*[@type = 'button']) = count(//*[@type = 'button'])]' is not present after '10' second(s)

2020-09-28 14:56:24 - [MESSAGE][PASSED] - Web element with id: 'Object Repository/Page_tCC translationNotes/button_SaveEnabled' located by 'By.xpath: id("root")/div[@class="App"]/div[1]/div[@class="jss50"]/div[@class="MuiPaper-root-66 jss55 undefined MuiPaper-elevation4-73 MuiPaper-rounded-67"]/div[@class="MuiToolbar-root-109 MuiToolbar-regular-111 jss94 MuiToolbar-gutters-110"]/div[@class="jss98"]/div[@class="jss175"]/button[@class="MuiButtonBase-root-162 MuiIconButton-root-154 jss174"][count(. | //*[@type = 'button']) = count(//*[@type = 'button'])]' is not present after '10' second(s)

2020-09-28 14:56:24 - [TEST_STEP][PASSED] - verifyElementText(findTestObject("Page_tCC translationNotes/text_OrigQuote-GL-rtc9"), newOrigQuote): Actual text and expected text of test object 'Object Repository/Page_tCC translationNotes/text_OrigQuote-GL-rtc9' are matched.

2020-09-28 14:56:24 - [MESSAGE][PASSED] - Actual text and expected text of test object 'Object Repository/Page_tCC translationNotes/text_OrigQuote-GL-rtc9' are matched.

2020-09-28 14:56:24 - [TEST_STEP][PASSED] - closeBrowser(): Browser is closed

2020-09-28 14:56:25 - [MESSAGE][PASSED] - Browser is closed

2020-09-28 14:56:25 - [TEST_STEP][PASSED] - callTestCase(findTestCase("tCC Components/tCC tN Open For Edit"), [:], STOP_ON_FAILURE): Call Test Case 'Test Cases/tCC Components/tCC tN Open For Edit' successfully

2020-09-28 14:56:25 - [TEST_CASE][PASSED] - Test Cases/tCC Components/tCC tN Open For Edit: Test Cases/tCC Components/tCC tN Open For Edit

2020-09-28 14:56:25 - [TEST_STEP][PASSED] - callTestCase(findTestCase("tCC Components/tCC Login"), ["user":$username, "password":$password], STOP_ON_FAILURE): Call Test Case 'Test Cases/tCC Components/tCC Login' successfully

2020-09-28 14:56:25 - [TEST_CASE][PASSED] - Test Cases/tCC Components/tCC Login: Test Cases/tCC Components/tCC Login

2020-09-28 14:56:25 - [TEST_STEP][PASSED] - if (openBrowser): Current window maximized

2020-09-28 14:56:25 - [TEST_STEP][PASSED] - openBrowser(""): Browser is opened with url: ''

2020-09-28 14:56:25 - [MESSAGE][INFO] - Starting 'Chrome' driver

2020-09-28 14:56:25 - [MESSAGE][INFO] - Action delay is set to 0 milliseconds

2020-09-28 14:56:29 - [MESSAGE][PASSED] - Browser is opened with url: ''

2020-09-28 14:56:29 - [TEST_STEP][PASSED] - maximizeWindow(): Current window maximized

2020-09-28 14:56:29 - [MESSAGE][PASSED] - Current window maximized

2020-09-28 14:56:29 - [TEST_STEP][PASSED] - println("Opening " + url): null

2020-09-28 14:56:29 - [TEST_STEP][PASSED] - navigateToUrl(url): Navigate to 'http://create.translationcore.com' successfully

2020-09-28 14:56:32 - [MESSAGE][PASSED] - Navigate to 'http://create.translationcore.com' successfully

2020-09-28 14:56:32 - [TEST_STEP][PASSED] - waitForElementVisible(findTestObject("Page_tC Create/text_tCCVersion"), 30): Object 'Object Repository/Page_tC Create/text_tCCVersion' is visible

2020-09-28 14:56:33 - [MESSAGE][PASSED] - Object 'Object Repository/Page_tC Create/text_tCCVersion' is visible

2020-09-28 14:56:33 - [TEST_STEP][PASSED] - version = getText(findTestObject("Page_tC Create/text_tCCVersion")): Text of object 'Object Repository/Page_tC Create/text_tCCVersion' is: 'translationCore Create - v1.0.4'

2020-09-28 14:56:33 - [MESSAGE][PASSED] - Text of object 'Object Repository/Page_tC Create/text_tCCVersion' is: 'translationCore Create - v1.0.4'

2020-09-28 14:56:33 - [TEST_STEP][PASSED] - version = version: null

2020-09-28 14:56:33 - [TEST_STEP][PASSED] - println("Version is " + version): null

2020-09-28 14:56:33 - [TEST_STEP][PASSED] - if (user == ""): Object: 'Object Repository/Page_tC Create/button_Login' is clicked on

2020-09-28 14:56:33 - [TEST_STEP][PASSED] - println("Logging in as " + user1Name): null

2020-09-28 14:56:33 - [TEST_STEP][PASSED] - setText(findTestObject("Page_tC Create/input__username"), user1Name): Text 'tcc001' is set on object 'Object Repository/Page_tC Create/input__username'

2020-09-28 14:56:34 - [MESSAGE][PASSED] - Text 'tcc001' is set on object 'Object Repository/Page_tC Create/input__username'

2020-09-28 14:56:34 - [TEST_STEP][PASSED] - setText(findTestObject("Page_tC Create/input__password"), user1Password): Text 'tcc001' is set on object 'Object Repository/Page_tC Create/input__password'

2020-09-28 14:56:35 - [MESSAGE][PASSED] - Text 'tcc001' is set on object 'Object Repository/Page_tC Create/input__password'

2020-09-28 14:56:35 - [TEST_STEP][PASSED] - click(findTestObject("Page_tC Create/button_Login")): Object: 'Object Repository/Page_tC Create/button_Login' is clicked on

2020-09-28 14:56:36 - [MESSAGE][PASSED] - Object: 'Object Repository/Page_tC Create/button_Login' is clicked on

2020-09-28 14:56:36 - [MESSAGE][PASSED] - Call Test Case 'Test Cases/tCC Components/tCC Login' successfully

2020-09-28 14:56:36 - [TEST_STEP][PASSED] - if (callTestCase(findTestCase("tCC Components/tCC Select Org-Lang-Resource"), ["organization":"", "language":"", "resource":"unfoldingWord/en_tn"], STOP_ON_FAILURE) == false): Call Test Case 'Test Cases/tCC Components/tCC Select Org-Lang-Resource' successfully

2020-09-28 14:56:36 - [TEST_CASE][PASSED] - Test Cases/tCC Components/tCC Select Org-Lang-Resource: Test Cases/tCC Components/tCC Select Org-Lang-Resource

2020-09-28 14:56:36 - [TEST_STEP][PASSED] - if (organization == ""): null

2020-09-28 14:56:36 - [TEST_STEP][PASSED] - organization = organization: null

2020-09-28 14:56:36 - [TEST_STEP][PASSED] - if (language == ""): null

2020-09-28 14:56:36 - [TEST_STEP][PASSED] - language = langCode: null

2020-09-28 14:56:36 - [TEST_STEP][PASSED] - println("Choosing organization " + organization): null

2020-09-28 14:56:36 - [TEST_STEP][PASSED] - if (waitForElementPresent(organization, 5, OPTIONAL) == false): Object 'Object Repository/Page_tC Create/listOrg_translate_test' is present

2020-09-28 14:56:38 - [MESSAGE][PASSED] - Object 'Object Repository/Page_tC Create/listOrg_translate_test' is present

2020-09-28 14:56:38 - [TEST_STEP][PASSED] - else: null

2020-09-28 14:56:38 - [TEST_STEP][PASSED] - click(organization): Object: 'Object Repository/Page_tC Create/listOrg_translate_test' is clicked on

2020-09-28 14:56:38 - [MESSAGE][PASSED] - Object: 'Object Repository/Page_tC Create/listOrg_translate_test' is clicked on

2020-09-28 14:56:38 - [TEST_STEP][PASSED] - alerted = waitForAlert(2): No alert found after 2 second(s).

2020-09-28 14:56:41 - [MESSAGE][WARNING] - No alert found after 2 second(s).

2020-09-28 14:56:41 - [TEST_STEP][PASSED] - if (alerted == true): null

2020-09-28 14:56:41 - [TEST_STEP][PASSED] - else: Object: 'Object Repository/Page_tC Create/listOption_Language_Parmed' is clicked on

2020-09-28 14:56:41 - [TEST_STEP][PASSED] - println("Not alerted on organization"): null

2020-09-28 14:56:41 - [TEST_STEP][PASSED] - alertFlag = false: null

2020-09-28 14:56:41 - [TEST_STEP][PASSED] - println("Choosing resource " + resource): null

2020-09-28 14:56:41 - [TEST_STEP][PASSED] - click(findTestObject("Page_tC Create/resource_Parmed", ["resource":resource])): Object: 'Object Repository/Page_tC Create/resource_Parmed' is clicked on

2020-09-28 14:56:41 - [MESSAGE][PASSED] - Object: 'Object Repository/Page_tC Create/resource_Parmed' is clicked on

2020-09-28 14:56:41 - [TEST_STEP][PASSED] - println("Choosing language " + language): null

2020-09-28 14:56:41 - [TEST_STEP][PASSED] - click(findTestObject("Page_tC Create/combo_Select Language")): Object: 'Object Repository/Page_tC Create/combo_Select Language' is clicked on

2020-09-28 14:56:42 - [MESSAGE][PASSED] - Object: 'Object Repository/Page_tC Create/combo_Select Language' is clicked on

2020-09-28 14:56:42 - [TEST_STEP][PASSED] - click(findTestObject("Page_tC Create/listOption_Language_Parmed", ["lang_code":language])): Object: 'Object Repository/Page_tC Create/listOption_Language_Parmed' is clicked on

2020-09-28 14:56:43 - [MESSAGE][PASSED] - Object: 'Object Repository/Page_tC Create/listOption_Language_Parmed' is clicked on

2020-09-28 14:56:43 - [TEST_STEP][PASSED] - return true: null

2020-09-28 14:56:43 - [MESSAGE][PASSED] - Call Test Case 'Test Cases/tCC Components/tCC Select Org-Lang-Resource' successfully

2020-09-28 14:56:43 - [TEST_STEP][PASSED] - click(findTestObject("Page_tC Create/file_en_tn_57-TITtsv")): Object: 'Object Repository/Page_tC Create/file_en_tn_57-TITtsv' is clicked on

2020-09-28 14:56:44 - [MESSAGE][PASSED] - Object: 'Object Repository/Page_tC Create/file_en_tn_57-TITtsv' is clicked on

2020-09-28 14:56:44 - [MESSAGE][PASSED] - Call Test Case 'Test Cases/tCC Components/tCC tN Open For Edit' successfully

2020-09-28 14:56:44 - [TEST_STEP][PASSED] - click(findTestObject("Page_tCC translationNotes/button_ViewColumns")): Object: 'Object Repository/Page_tCC translationNotes/button_ViewColumns' is clicked on

2020-09-28 14:56:51 - [MESSAGE][PASSED] - Object: 'Object Repository/Page_tCC translationNotes/button_ViewColumns' is clicked on

2020-09-28 14:56:51 - [TEST_STEP][PASSED] - click(findTestObject("Page_tCC translationNotes/columns_OrigQuote")): Object: 'Object Repository/Page_tCC translationNotes/columns_OrigQuote' is clicked on

2020-09-28 14:56:53 - [MESSAGE][PASSED] - Object: 'Object Repository/Page_tCC translationNotes/columns_OrigQuote' is clicked on

2020-09-28 14:56:53 - [TEST_STEP][PASSED] - clickOffset(findTestObject("Page_tCC translationNotes/columns_OrigQuote"), -30, 0): Object: 'Object Repository/Page_tCC translationNotes/columns_OrigQuote' is clicked on using offset x=-30 and y=0

2020-09-28 14:56:53 - [MESSAGE][PASSED] - Object: 'Object Repository/Page_tCC translationNotes/columns_OrigQuote' is clicked on using offset x=-30 and y=0

2020-09-28 14:56:54 - [TEST_STEP][PASSED] - origQuote2 = getText(findTestObject("Page_tCC translationNotes/text_OrigQuote-GL-rtc9")): Text of object 'Object Repository/Page_tCC translationNotes/text_OrigQuote-GL-rtc9' is: 'κατὰ πίστιν abc abc abc abc abc abc abc abc abc abc abc abc abc abc abc abc abc'

2020-09-28 14:56:54 - [MESSAGE][PASSED] - Text of object 'Object Repository/Page_tCC translationNotes/text_OrigQuote-GL-rtc9' is: 'κατὰ πίστιν abc abc abc abc abc abc abc abc abc abc abc abc abc abc abc abc abc'

2020-09-28 14:56:54 - [TEST_STEP][PASSED] - println("At " + url + " before was " + origQuote + " and after is " + origQuote2): null

2020-09-28 14:56:54 - [TEST_STEP][PASSED] - verifyElementText(findTestObject("Page_tCC translationNotes/text_OrigQuote-GL-rtc9"), newOrigQuote): Actual text and expected text of test object 'Object Repository/Page_tCC translationNotes/text_OrigQuote-GL-rtc9' are matched.

2020-09-28 14:56:55 - [MESSAGE][PASSED] - Actual text and expected text of test object 'Object Repository/Page_tCC translationNotes/text_OrigQuote-GL-rtc9' are matched.

2020-09-28 14:56:55 - [TEST_STEP][PASSED] - closeBrowser(): Browser is closed

2020-09-28 14:56:55 - [MESSAGE][PASSED] - Browser is closed

2020-09-28 14:56:55 - [TEST_STEP][PASSED] - Start listener action : sampleAfterTestCase: null

2020-09-28 14:56:55 - [TEST_STEP][PASSED] - separator = "===========================================================================================================================": null

2020-09-28 14:56:55 - [TEST_STEP][PASSED] - println(separator): null

2020-09-28 14:56:55 - [TEST_STEP][PASSED] - prefix = " +++++++++++ ": null

2020-09-28 14:56:55 - [TEST_STEP][PASSED] - if (testCaseContext.getTestCaseStatus() != "PASSED"): null

2020-09-28 14:56:55 - [TEST_STEP][PASSED] - println(prefix + testCaseContext.getTestCaseId() + " on " + version + " " + testCaseContext.getTestCaseStatus() + prefix): null

2020-09-28 14:56:55 - [TEST_STEP][PASSED] - tsMessages.add("##" + testCaseContext.getTestCaseId()): null

2020-09-28 14:56:55 - [TEST_STEP][PASSED] - if (tcMessages.size() > 0): null

2020-09-28 14:56:55 - [TEST_STEP][PASSED] - println(separator): null]]></system-out>
         <system-err><![CDATA[]]></system-err>
      </testcase>
      <testcase name="Test Cases/tCC Test Cases/tCC tN Test Edit Outline" time="127.61" classname="Test Cases/tCC Test Cases/tCC tN Test Edit Outline" status="PASSED">
         <system-out><![CDATA[2020-09-28 14:56:57 - [TEST_CASE][PASSED] - Test Cases/tCC Test Cases/tCC tN Test Edit Outline: Test Cases/tCC Test Cases/tCC tN Test Edit Outline

2020-09-28 14:56:57 - [TEST_STEP][PASSED] - Start listener action : sampleBeforeTestCase: Execution profile is tCC Production

2020-09-28 14:56:57 - [TEST_STEP][PASSED] - tcMessages = []: null

2020-09-28 14:56:57 - [TEST_STEP][PASSED] - executionProfile = getExecutionProfile(): null

2020-09-28 14:56:57 - [TEST_STEP][PASSED] - logInfo("Execution profile is " + executionProfile): Execution profile is tCC Production

2020-09-28 14:56:57 - [MESSAGE][INFO] - Execution profile is tCC Production

2020-09-28 14:56:58 - [TEST_STEP][PASSED] - callTestCase(findTestCase("tCC Components/tCC tN Open For Edit"), [:], STOP_ON_FAILURE): Call Test Case 'Test Cases/tCC Components/tCC tN Open For Edit' successfully

2020-09-28 14:56:58 - [TEST_CASE][PASSED] - Test Cases/tCC Components/tCC tN Open For Edit: Test Cases/tCC Components/tCC tN Open For Edit

2020-09-28 14:56:58 - [TEST_STEP][PASSED] - callTestCase(findTestCase("tCC Components/tCC Login"), ["user":$username, "password":$password], STOP_ON_FAILURE): Call Test Case 'Test Cases/tCC Components/tCC Login' successfully

2020-09-28 14:56:58 - [TEST_CASE][PASSED] - Test Cases/tCC Components/tCC Login: Test Cases/tCC Components/tCC Login

2020-09-28 14:56:58 - [TEST_STEP][PASSED] - if (openBrowser): Current window maximized

2020-09-28 14:56:58 - [TEST_STEP][PASSED] - openBrowser(""): Browser is opened with url: ''

2020-09-28 14:56:58 - [MESSAGE][INFO] - Starting 'Chrome' driver

2020-09-28 14:56:58 - [MESSAGE][INFO] - Action delay is set to 0 milliseconds

2020-09-28 14:57:02 - [MESSAGE][PASSED] - Browser is opened with url: ''

2020-09-28 14:57:02 - [TEST_STEP][PASSED] - maximizeWindow(): Current window maximized

2020-09-28 14:57:02 - [MESSAGE][PASSED] - Current window maximized

2020-09-28 14:57:02 - [TEST_STEP][PASSED] - println("Opening " + url): null

2020-09-28 14:57:02 - [TEST_STEP][PASSED] - navigateToUrl(url): Navigate to 'http://create.translationcore.com' successfully

2020-09-28 14:57:05 - [MESSAGE][PASSED] - Navigate to 'http://create.translationcore.com' successfully

2020-09-28 14:57:05 - [TEST_STEP][PASSED] - waitForElementVisible(findTestObject("Page_tC Create/text_tCCVersion"), 30): Object 'Object Repository/Page_tC Create/text_tCCVersion' is visible

2020-09-28 14:57:06 - [MESSAGE][PASSED] - Object 'Object Repository/Page_tC Create/text_tCCVersion' is visible

2020-09-28 14:57:06 - [TEST_STEP][PASSED] - version = getText(findTestObject("Page_tC Create/text_tCCVersion")): Text of object 'Object Repository/Page_tC Create/text_tCCVersion' is: 'translationCore Create - v1.0.4'

2020-09-28 14:57:07 - [MESSAGE][PASSED] - Text of object 'Object Repository/Page_tC Create/text_tCCVersion' is: 'translationCore Create - v1.0.4'

2020-09-28 14:57:07 - [TEST_STEP][PASSED] - version = version: null

2020-09-28 14:57:07 - [TEST_STEP][PASSED] - println("Version is " + version): null

2020-09-28 14:57:07 - [TEST_STEP][PASSED] - if (user == ""): Object: 'Object Repository/Page_tC Create/button_Login' is clicked on

2020-09-28 14:57:07 - [TEST_STEP][PASSED] - println("Logging in as " + user1Name): null

2020-09-28 14:57:07 - [TEST_STEP][PASSED] - setText(findTestObject("Page_tC Create/input__username"), user1Name): Text 'tcc001' is set on object 'Object Repository/Page_tC Create/input__username'

2020-09-28 14:57:08 - [MESSAGE][PASSED] - Text 'tcc001' is set on object 'Object Repository/Page_tC Create/input__username'

2020-09-28 14:57:08 - [TEST_STEP][PASSED] - setText(findTestObject("Page_tC Create/input__password"), user1Password): Text 'tcc001' is set on object 'Object Repository/Page_tC Create/input__password'

2020-09-28 14:57:09 - [MESSAGE][PASSED] - Text 'tcc001' is set on object 'Object Repository/Page_tC Create/input__password'

2020-09-28 14:57:09 - [TEST_STEP][PASSED] - click(findTestObject("Page_tC Create/button_Login")): Object: 'Object Repository/Page_tC Create/button_Login' is clicked on

2020-09-28 14:57:09 - [MESSAGE][PASSED] - Object: 'Object Repository/Page_tC Create/button_Login' is clicked on

2020-09-28 14:57:09 - [MESSAGE][PASSED] - Call Test Case 'Test Cases/tCC Components/tCC Login' successfully

2020-09-28 14:57:09 - [TEST_STEP][PASSED] - if (callTestCase(findTestCase("tCC Components/tCC Select Org-Lang-Resource"), ["organization":"", "language":"", "resource":"unfoldingWord/en_tn"], STOP_ON_FAILURE) == false): Call Test Case 'Test Cases/tCC Components/tCC Select Org-Lang-Resource' successfully

2020-09-28 14:57:09 - [TEST_CASE][PASSED] - Test Cases/tCC Components/tCC Select Org-Lang-Resource: Test Cases/tCC Components/tCC Select Org-Lang-Resource

2020-09-28 14:57:09 - [TEST_STEP][PASSED] - if (organization == ""): null

2020-09-28 14:57:09 - [TEST_STEP][PASSED] - organization = organization: null

2020-09-28 14:57:09 - [TEST_STEP][PASSED] - if (language == ""): null

2020-09-28 14:57:09 - [TEST_STEP][PASSED] - language = langCode: null

2020-09-28 14:57:09 - [TEST_STEP][PASSED] - println("Choosing organization " + organization): null

2020-09-28 14:57:09 - [TEST_STEP][PASSED] - if (waitForElementPresent(organization, 5, OPTIONAL) == false): Object 'Object Repository/Page_tC Create/listOrg_translate_test' is present

2020-09-28 14:57:12 - [MESSAGE][PASSED] - Object 'Object Repository/Page_tC Create/listOrg_translate_test' is present

2020-09-28 14:57:12 - [TEST_STEP][PASSED] - else: null

2020-09-28 14:57:12 - [TEST_STEP][PASSED] - click(organization): Object: 'Object Repository/Page_tC Create/listOrg_translate_test' is clicked on

2020-09-28 14:57:12 - [MESSAGE][PASSED] - Object: 'Object Repository/Page_tC Create/listOrg_translate_test' is clicked on

2020-09-28 14:57:12 - [TEST_STEP][PASSED] - alerted = waitForAlert(2): No alert found after 2 second(s).

2020-09-28 14:57:14 - [MESSAGE][WARNING] - No alert found after 2 second(s).

2020-09-28 14:57:14 - [TEST_STEP][PASSED] - if (alerted == true): null

2020-09-28 14:57:14 - [TEST_STEP][PASSED] - else: Object: 'Object Repository/Page_tC Create/listOption_Language_Parmed' is clicked on

2020-09-28 14:57:14 - [TEST_STEP][PASSED] - println("Not alerted on organization"): null

2020-09-28 14:57:14 - [TEST_STEP][PASSED] - alertFlag = false: null

2020-09-28 14:57:14 - [TEST_STEP][PASSED] - println("Choosing resource " + resource): null

2020-09-28 14:57:14 - [TEST_STEP][PASSED] - click(findTestObject("Page_tC Create/resource_Parmed", ["resource":resource])): Object: 'Object Repository/Page_tC Create/resource_Parmed' is clicked on

2020-09-28 14:57:15 - [MESSAGE][PASSED] - Object: 'Object Repository/Page_tC Create/resource_Parmed' is clicked on

2020-09-28 14:57:15 - [TEST_STEP][PASSED] - println("Choosing language " + language): null

2020-09-28 14:57:15 - [TEST_STEP][PASSED] - click(findTestObject("Page_tC Create/combo_Select Language")): Object: 'Object Repository/Page_tC Create/combo_Select Language' is clicked on

2020-09-28 14:57:16 - [MESSAGE][PASSED] - Object: 'Object Repository/Page_tC Create/combo_Select Language' is clicked on

2020-09-28 14:57:16 - [TEST_STEP][PASSED] - click(findTestObject("Page_tC Create/listOption_Language_Parmed", ["lang_code":language])): Object: 'Object Repository/Page_tC Create/listOption_Language_Parmed' is clicked on

2020-09-28 14:57:16 - [MESSAGE][PASSED] - Object: 'Object Repository/Page_tC Create/listOption_Language_Parmed' is clicked on

2020-09-28 14:57:16 - [TEST_STEP][PASSED] - return true: null

2020-09-28 14:57:16 - [MESSAGE][PASSED] - Call Test Case 'Test Cases/tCC Components/tCC Select Org-Lang-Resource' successfully

2020-09-28 14:57:16 - [TEST_STEP][PASSED] - click(findTestObject("Page_tC Create/file_en_tn_57-TITtsv")): Object: 'Object Repository/Page_tC Create/file_en_tn_57-TITtsv' is clicked on

2020-09-28 14:57:18 - [MESSAGE][PASSED] - Object: 'Object Repository/Page_tC Create/file_en_tn_57-TITtsv' is clicked on

2020-09-28 14:57:18 - [MESSAGE][PASSED] - Call Test Case 'Test Cases/tCC Components/tCC tN Open For Edit' successfully

2020-09-28 14:57:18 - [TEST_STEP][PASSED] - textArray = []: null

2020-09-28 14:57:18 - [TEST_STEP][PASSED] - textArray = ["Pablo instruye a Tito para que designe líderes piadosos (1:1-16)", "Pablo instruye a Tito para que entrene a las personas a vivir vidas piadosas (2: 1-3: 11)", "Pablo termina compartiendo algunos de sus planes y enviando saludos a varios creyentes (3: 12-15)"]: null

2020-09-28 14:57:18 - [TEST_STEP][PASSED] - glArray = []: null

2020-09-28 14:57:18 - [TEST_STEP][PASSED] - glArray = ["Page_tCC translationNotes/tNText_GLOutlinePoint1", "Page_tCC translationNotes/tNText_GLOutlinePoint2", "Page_tCC translationNotes/tNText_GLOutlinePoint3"]: null

2020-09-28 14:57:18 - [TEST_STEP][PASSED] - enArray = []: null

2020-09-28 14:57:18 - [TEST_STEP][PASSED] - enArray = ["Page_tCC translationNotes/tNText_enOutlinePoint1", "Page_tCC translationNotes/tNText_enOutlinePoint2", "Page_tCC translationNotes/tNText_enOutlinePoint3"]: null

2020-09-28 14:57:18 - [TEST_STEP][PASSED] - for (def i : (0..2)): Delayed 1 second(s)

2020-09-28 14:57:18 - [TEST_STEP][PASSED] - if (i >= 1): null

2020-09-28 14:57:18 - [TEST_STEP][PASSED] - setText(findTestObject(glArray[i]), textArray[i]): Text 'Pablo instruye a Tito para que designe líderes piadosos (1:1-16)' is set on object 'Object Repository/Page_tCC translationNotes/tNText_GLOutlinePoint1'

2020-09-28 14:57:26 - [MESSAGE][PASSED] - Text 'Pablo instruye a Tito para que designe líderes piadosos (1:1-16)' is set on object 'Object Repository/Page_tCC translationNotes/tNText_GLOutlinePoint1'

2020-09-28 14:57:26 - [TEST_STEP][PASSED] - delay(1): Delayed 1 second(s)

2020-09-28 14:57:27 - [MESSAGE][PASSED] - Delayed 1 second(s)

2020-09-28 14:57:27 - [TEST_STEP][PASSED] - if (i >= 1): Delayed 1 second(s)

2020-09-28 14:57:27 - [TEST_STEP][PASSED] - setText(findTestObject(glArray[i]), ""): Text '' is set on object 'Object Repository/Page_tCC translationNotes/tNText_GLOutlinePoint2'

2020-09-28 14:57:30 - [MESSAGE][PASSED] - Text '' is set on object 'Object Repository/Page_tCC translationNotes/tNText_GLOutlinePoint2'

2020-09-28 14:57:30 - [TEST_STEP][PASSED] - delay(1): Delayed 1 second(s)

2020-09-28 14:57:31 - [MESSAGE][PASSED] - Delayed 1 second(s)

2020-09-28 14:57:31 - [TEST_STEP][PASSED] - setText(findTestObject(glArray[i]), textArray[i]): Text 'Pablo instruye a Tito para que entrene a las personas a vivir vidas piadosas (2: 1-3: 11)' is set on object 'Object Repository/Page_tCC translationNotes/tNText_GLOutlinePoint2'

2020-09-28 14:57:33 - [MESSAGE][PASSED] - Text 'Pablo instruye a Tito para que entrene a las personas a vivir vidas piadosas (2: 1-3: 11)' is set on object 'Object Repository/Page_tCC translationNotes/tNText_GLOutlinePoint2'

2020-09-28 14:57:33 - [TEST_STEP][PASSED] - delay(1): Delayed 1 second(s)

2020-09-28 14:57:34 - [MESSAGE][PASSED] - Delayed 1 second(s)

2020-09-28 14:57:34 - [TEST_STEP][PASSED] - if (i >= 1): Delayed 1 second(s)

2020-09-28 14:57:34 - [TEST_STEP][PASSED] - setText(findTestObject(glArray[i]), ""): Text '' is set on object 'Object Repository/Page_tCC translationNotes/tNText_GLOutlinePoint3'

2020-09-28 14:57:35 - [MESSAGE][PASSED] - Text '' is set on object 'Object Repository/Page_tCC translationNotes/tNText_GLOutlinePoint3'

2020-09-28 14:57:35 - [TEST_STEP][PASSED] - delay(1): Delayed 1 second(s)

2020-09-28 14:57:36 - [MESSAGE][PASSED] - Delayed 1 second(s)

2020-09-28 14:57:36 - [TEST_STEP][PASSED] - setText(findTestObject(glArray[i]), textArray[i]): Text 'Pablo termina compartiendo algunos de sus planes y enviando saludos a varios creyentes (3: 12-15)' is set on object 'Object Repository/Page_tCC translationNotes/tNText_GLOutlinePoint3'

2020-09-28 14:57:38 - [MESSAGE][PASSED] - Text 'Pablo termina compartiendo algunos de sus planes y enviando saludos a varios creyentes (3: 12-15)' is set on object 'Object Repository/Page_tCC translationNotes/tNText_GLOutlinePoint3'

2020-09-28 14:57:38 - [TEST_STEP][PASSED] - delay(1): Delayed 1 second(s)

2020-09-28 14:57:39 - [MESSAGE][PASSED] - Delayed 1 second(s)

2020-09-28 14:57:39 - [TEST_STEP][PASSED] - clickOffset(findTestObject("Page_tCC translationNotes/tNText_GLOutlinePoint1"), -500, 0): Object: 'Object Repository/Page_tCC translationNotes/tNText_GLOutlinePoint1' is clicked on using offset x=-500 and y=0

2020-09-28 14:57:41 - [MESSAGE][PASSED] - Object: 'Object Repository/Page_tCC translationNotes/tNText_GLOutlinePoint1' is clicked on using offset x=-500 and y=0

2020-09-28 14:57:41 - [TEST_STEP][PASSED] - click(findTestObject("Page_tCC translationNotes/button_SaveEnabled")): Object: 'Object Repository/Page_tCC translationNotes/button_SaveEnabled' is clicked on

2020-09-28 14:57:42 - [MESSAGE][PASSED] - Object: 'Object Repository/Page_tCC translationNotes/button_SaveEnabled' is clicked on

2020-09-28 14:57:42 - [TEST_STEP][PASSED] - waitForElementNotPresent(findTestObject("Page_tCC translationNotes/button_SaveEnabled"), 10): Web element with id: 'Object Repository/Page_tCC translationNotes/button_SaveEnabled' located by 'By.xpath: id("root")/div[@class="App"]/div[1]/div[@class="jss50"]/div[@class="MuiPaper-root-66 jss55 undefined MuiPaper-elevation4-73 MuiPaper-rounded-67"]/div[@class="MuiToolbar-root-109 MuiToolbar-regular-111 jss94 MuiToolbar-gutters-110"]/div[@class="jss98"]/div[@class="jss175"]/button[@class="MuiButtonBase-root-162 MuiIconButton-root-154 jss174"][count(. | //*[@type = 'button']) = count(//*[@type = 'button'])]' is not present after '10' second(s)

2020-09-28 14:57:45 - [MESSAGE][PASSED] - Web element with id: 'Object Repository/Page_tCC translationNotes/button_SaveEnabled' located by 'By.xpath: id("root")/div[@class="App"]/div[1]/div[@class="jss50"]/div[@class="MuiPaper-root-66 jss55 undefined MuiPaper-elevation4-73 MuiPaper-rounded-67"]/div[@class="MuiToolbar-root-109 MuiToolbar-regular-111 jss94 MuiToolbar-gutters-110"]/div[@class="jss98"]/div[@class="jss175"]/button[@class="MuiButtonBase-root-162 MuiIconButton-root-154 jss174"][count(. | //*[@type = 'button']) = count(//*[@type = 'button'])]' is not present after '10' second(s)

2020-09-28 14:57:45 - [TEST_STEP][PASSED] - closeBrowser(): Browser is closed

2020-09-28 14:57:45 - [MESSAGE][PASSED] - Browser is closed

2020-09-28 14:57:45 - [TEST_STEP][PASSED] - callTestCase(findTestCase("tCC Components/tCC tN Open For Edit"), [:], STOP_ON_FAILURE): Call Test Case 'Test Cases/tCC Components/tCC tN Open For Edit' successfully

2020-09-28 14:57:45 - [TEST_CASE][PASSED] - Test Cases/tCC Components/tCC tN Open For Edit: Test Cases/tCC Components/tCC tN Open For Edit

2020-09-28 14:57:46 - [TEST_STEP][PASSED] - callTestCase(findTestCase("tCC Components/tCC Login"), ["user":$username, "password":$password], STOP_ON_FAILURE): Call Test Case 'Test Cases/tCC Components/tCC Login' successfully

2020-09-28 14:57:46 - [TEST_CASE][PASSED] - Test Cases/tCC Components/tCC Login: Test Cases/tCC Components/tCC Login

2020-09-28 14:57:46 - [TEST_STEP][PASSED] - if (openBrowser): Current window maximized

2020-09-28 14:57:46 - [TEST_STEP][PASSED] - openBrowser(""): Browser is opened with url: ''

2020-09-28 14:57:46 - [MESSAGE][INFO] - Starting 'Chrome' driver

2020-09-28 14:57:46 - [MESSAGE][INFO] - Action delay is set to 0 milliseconds

2020-09-28 14:57:50 - [MESSAGE][PASSED] - Browser is opened with url: ''

2020-09-28 14:57:50 - [TEST_STEP][PASSED] - maximizeWindow(): Current window maximized

2020-09-28 14:57:50 - [MESSAGE][PASSED] - Current window maximized

2020-09-28 14:57:50 - [TEST_STEP][PASSED] - println("Opening " + url): null

2020-09-28 14:57:50 - [TEST_STEP][PASSED] - navigateToUrl(url): Navigate to 'http://create.translationcore.com' successfully

2020-09-28 14:57:54 - [MESSAGE][PASSED] - Navigate to 'http://create.translationcore.com' successfully

2020-09-28 14:57:54 - [TEST_STEP][PASSED] - waitForElementVisible(findTestObject("Page_tC Create/text_tCCVersion"), 30): Object 'Object Repository/Page_tC Create/text_tCCVersion' is visible

2020-09-28 14:57:55 - [MESSAGE][PASSED] - Object 'Object Repository/Page_tC Create/text_tCCVersion' is visible

2020-09-28 14:57:55 - [TEST_STEP][PASSED] - version = getText(findTestObject("Page_tC Create/text_tCCVersion")): Text of object 'Object Repository/Page_tC Create/text_tCCVersion' is: 'translationCore Create - v1.0.4'

2020-09-28 14:57:56 - [MESSAGE][PASSED] - Text of object 'Object Repository/Page_tC Create/text_tCCVersion' is: 'translationCore Create - v1.0.4'

2020-09-28 14:57:56 - [TEST_STEP][PASSED] - version = version: null

2020-09-28 14:57:56 - [TEST_STEP][PASSED] - println("Version is " + version): null

2020-09-28 14:57:56 - [TEST_STEP][PASSED] - if (user == ""): Object: 'Object Repository/Page_tC Create/button_Login' is clicked on

2020-09-28 14:57:56 - [TEST_STEP][PASSED] - println("Logging in as " + user1Name): null

2020-09-28 14:57:56 - [TEST_STEP][PASSED] - setText(findTestObject("Page_tC Create/input__username"), user1Name): Text 'tcc001' is set on object 'Object Repository/Page_tC Create/input__username'

2020-09-28 14:57:56 - [MESSAGE][PASSED] - Text 'tcc001' is set on object 'Object Repository/Page_tC Create/input__username'

2020-09-28 14:57:56 - [TEST_STEP][PASSED] - setText(findTestObject("Page_tC Create/input__password"), user1Password): Text 'tcc001' is set on object 'Object Repository/Page_tC Create/input__password'

2020-09-28 14:57:57 - [MESSAGE][PASSED] - Text 'tcc001' is set on object 'Object Repository/Page_tC Create/input__password'

2020-09-28 14:57:57 - [TEST_STEP][PASSED] - click(findTestObject("Page_tC Create/button_Login")): Object: 'Object Repository/Page_tC Create/button_Login' is clicked on

2020-09-28 14:57:58 - [MESSAGE][PASSED] - Object: 'Object Repository/Page_tC Create/button_Login' is clicked on

2020-09-28 14:57:58 - [MESSAGE][PASSED] - Call Test Case 'Test Cases/tCC Components/tCC Login' successfully

2020-09-28 14:57:58 - [TEST_STEP][PASSED] - if (callTestCase(findTestCase("tCC Components/tCC Select Org-Lang-Resource"), ["organization":"", "language":"", "resource":"unfoldingWord/en_tn"], STOP_ON_FAILURE) == false): Call Test Case 'Test Cases/tCC Components/tCC Select Org-Lang-Resource' successfully

2020-09-28 14:57:58 - [TEST_CASE][PASSED] - Test Cases/tCC Components/tCC Select Org-Lang-Resource: Test Cases/tCC Components/tCC Select Org-Lang-Resource

2020-09-28 14:57:58 - [TEST_STEP][PASSED] - if (organization == ""): null

2020-09-28 14:57:58 - [TEST_STEP][PASSED] - organization = organization: null

2020-09-28 14:57:58 - [TEST_STEP][PASSED] - if (language == ""): null

2020-09-28 14:57:58 - [TEST_STEP][PASSED] - language = langCode: null

2020-09-28 14:57:58 - [TEST_STEP][PASSED] - println("Choosing organization " + organization): null

2020-09-28 14:57:58 - [TEST_STEP][PASSED] - if (waitForElementPresent(organization, 5, OPTIONAL) == false): Object 'Object Repository/Page_tC Create/listOrg_translate_test' is present

2020-09-28 14:58:00 - [MESSAGE][PASSED] - Object 'Object Repository/Page_tC Create/listOrg_translate_test' is present

2020-09-28 14:58:00 - [TEST_STEP][PASSED] - else: null

2020-09-28 14:58:00 - [TEST_STEP][PASSED] - click(organization): Object: 'Object Repository/Page_tC Create/listOrg_translate_test' is clicked on

2020-09-28 14:58:00 - [MESSAGE][PASSED] - Object: 'Object Repository/Page_tC Create/listOrg_translate_test' is clicked on

2020-09-28 14:58:00 - [TEST_STEP][PASSED] - alerted = waitForAlert(2): No alert found after 2 second(s).

2020-09-28 14:58:02 - [MESSAGE][WARNING] - No alert found after 2 second(s).

2020-09-28 14:58:02 - [TEST_STEP][PASSED] - if (alerted == true): null

2020-09-28 14:58:02 - [TEST_STEP][PASSED] - else: Object: 'Object Repository/Page_tC Create/listOption_Language_Parmed' is clicked on

2020-09-28 14:58:02 - [TEST_STEP][PASSED] - println("Not alerted on organization"): null

2020-09-28 14:58:02 - [TEST_STEP][PASSED] - alertFlag = false: null

2020-09-28 14:58:02 - [TEST_STEP][PASSED] - println("Choosing resource " + resource): null

2020-09-28 14:58:02 - [TEST_STEP][PASSED] - click(findTestObject("Page_tC Create/resource_Parmed", ["resource":resource])): Object: 'Object Repository/Page_tC Create/resource_Parmed' is clicked on

2020-09-28 14:58:03 - [MESSAGE][PASSED] - Object: 'Object Repository/Page_tC Create/resource_Parmed' is clicked on

2020-09-28 14:58:03 - [TEST_STEP][PASSED] - println("Choosing language " + language): null

2020-09-28 14:58:03 - [TEST_STEP][PASSED] - click(findTestObject("Page_tC Create/combo_Select Language")): Object: 'Object Repository/Page_tC Create/combo_Select Language' is clicked on

2020-09-28 14:58:04 - [MESSAGE][PASSED] - Object: 'Object Repository/Page_tC Create/combo_Select Language' is clicked on

2020-09-28 14:58:04 - [TEST_STEP][PASSED] - click(findTestObject("Page_tC Create/listOption_Language_Parmed", ["lang_code":language])): Object: 'Object Repository/Page_tC Create/listOption_Language_Parmed' is clicked on

2020-09-28 14:58:05 - [MESSAGE][PASSED] - Object: 'Object Repository/Page_tC Create/listOption_Language_Parmed' is clicked on

2020-09-28 14:58:05 - [TEST_STEP][PASSED] - return true: null

2020-09-28 14:58:05 - [MESSAGE][PASSED] - Call Test Case 'Test Cases/tCC Components/tCC Select Org-Lang-Resource' successfully

2020-09-28 14:58:05 - [TEST_STEP][PASSED] - click(findTestObject("Page_tC Create/file_en_tn_57-TITtsv")): Object: 'Object Repository/Page_tC Create/file_en_tn_57-TITtsv' is clicked on

2020-09-28 14:58:06 - [MESSAGE][PASSED] - Object: 'Object Repository/Page_tC Create/file_en_tn_57-TITtsv' is clicked on

2020-09-28 14:58:06 - [MESSAGE][PASSED] - Call Test Case 'Test Cases/tCC Components/tCC tN Open For Edit' successfully

2020-09-28 14:58:06 - [TEST_STEP][PASSED] - for (def i : (0..2)): Actual text and expected text of test object 'Object Repository/Page_tCC translationNotes/tNText_GLOutlinePoint3' are matched.

2020-09-28 14:58:06 - [TEST_STEP][PASSED] - verifyElementText(findTestObject(glArray[i]), textArray[i]): Actual text and expected text of test object 'Object Repository/Page_tCC translationNotes/tNText_GLOutlinePoint1' are matched.

2020-09-28 14:58:13 - [MESSAGE][PASSED] - Actual text and expected text of test object 'Object Repository/Page_tCC translationNotes/tNText_GLOutlinePoint1' are matched.

2020-09-28 14:58:13 - [TEST_STEP][PASSED] - verifyElementText(findTestObject(glArray[i]), textArray[i]): Actual text and expected text of test object 'Object Repository/Page_tCC translationNotes/tNText_GLOutlinePoint2' are matched.

2020-09-28 14:58:13 - [MESSAGE][PASSED] - Actual text and expected text of test object 'Object Repository/Page_tCC translationNotes/tNText_GLOutlinePoint2' are matched.

2020-09-28 14:58:13 - [TEST_STEP][PASSED] - verifyElementText(findTestObject(glArray[i]), textArray[i]): Actual text and expected text of test object 'Object Repository/Page_tCC translationNotes/tNText_GLOutlinePoint3' are matched.

2020-09-28 14:58:14 - [MESSAGE][PASSED] - Actual text and expected text of test object 'Object Repository/Page_tCC translationNotes/tNText_GLOutlinePoint3' are matched.

2020-09-28 14:58:14 - [TEST_STEP][PASSED] - for (def i : (0..2)): Text of object 'Object Repository/Page_tCC translationNotes/tNText_enOutlinePoint1' is: 'Paul instructs Titus to appoint godly leaders (1:1-16)'

2020-09-28 14:58:14 - [TEST_STEP][PASSED] - if (i >= 1): null

2020-09-28 14:58:14 - [TEST_STEP][PASSED] - setText(findTestObject(glArray[i]), getText(findTestObject(enArray[i]))): Text 'Paul instructs Titus to appoint godly leaders (1:1-16)' is set on object 'Object Repository/Page_tCC translationNotes/tNText_GLOutlinePoint1'

2020-09-28 14:58:14 - [MESSAGE][PASSED] - Text of object 'Object Repository/Page_tCC translationNotes/tNText_enOutlinePoint1' is: 'Paul instructs Titus to appoint godly leaders (1:1-16)'

2020-09-28 14:58:16 - [MESSAGE][PASSED] - Text 'Paul instructs Titus to appoint godly leaders (1:1-16)' is set on object 'Object Repository/Page_tCC translationNotes/tNText_GLOutlinePoint1'

2020-09-28 14:58:16 - [TEST_STEP][PASSED] - delay(1): Delayed 1 second(s)

2020-09-28 14:58:17 - [MESSAGE][PASSED] - Delayed 1 second(s)

2020-09-28 14:58:17 - [TEST_STEP][PASSED] - getText(findTestObject("Page_tCC translationNotes/tNText_enOutlinePoint1")): Text of object 'Object Repository/Page_tCC translationNotes/tNText_enOutlinePoint1' is: 'Paul instructs Titus to appoint godly leaders (1:1-16)'

2020-09-28 14:58:17 - [MESSAGE][PASSED] - Text of object 'Object Repository/Page_tCC translationNotes/tNText_enOutlinePoint1' is: 'Paul instructs Titus to appoint godly leaders (1:1-16)'

2020-09-28 14:58:17 - [TEST_STEP][PASSED] - if (i >= 1): Delayed 1 second(s)

2020-09-28 14:58:17 - [TEST_STEP][PASSED] - setText(findTestObject(glArray[i]), ""): Text '' is set on object 'Object Repository/Page_tCC translationNotes/tNText_GLOutlinePoint2'

2020-09-28 14:58:20 - [MESSAGE][PASSED] - Text '' is set on object 'Object Repository/Page_tCC translationNotes/tNText_GLOutlinePoint2'

2020-09-28 14:58:20 - [TEST_STEP][PASSED] - delay(1): Delayed 1 second(s)

2020-09-28 14:58:21 - [MESSAGE][PASSED] - Delayed 1 second(s)

2020-09-28 14:58:21 - [TEST_STEP][PASSED] - setText(findTestObject(glArray[i]), getText(findTestObject(enArray[i]))): Text 'Paul instructs Titus to train people to live godly lives (2:1-3:11)' is set on object 'Object Repository/Page_tCC translationNotes/tNText_GLOutlinePoint2'

2020-09-28 14:58:21 - [MESSAGE][PASSED] - Text of object 'Object Repository/Page_tCC translationNotes/tNText_enOutlinePoint2' is: 'Paul instructs Titus to train people to live godly lives (2:1-3:11)'

2020-09-28 14:58:23 - [MESSAGE][PASSED] - Text 'Paul instructs Titus to train people to live godly lives (2:1-3:11)' is set on object 'Object Repository/Page_tCC translationNotes/tNText_GLOutlinePoint2'

2020-09-28 14:58:23 - [TEST_STEP][PASSED] - delay(1): Delayed 1 second(s)

2020-09-28 14:58:24 - [MESSAGE][PASSED] - Delayed 1 second(s)

2020-09-28 14:58:24 - [TEST_STEP][PASSED] - getText(findTestObject("Page_tCC translationNotes/tNText_enOutlinePoint1")): Text of object 'Object Repository/Page_tCC translationNotes/tNText_enOutlinePoint1' is: 'Paul instructs Titus to appoint godly leaders (1:1-16)'

2020-09-28 14:58:24 - [MESSAGE][PASSED] - Text of object 'Object Repository/Page_tCC translationNotes/tNText_enOutlinePoint1' is: 'Paul instructs Titus to appoint godly leaders (1:1-16)'

2020-09-28 14:58:24 - [TEST_STEP][PASSED] - if (i >= 1): Delayed 1 second(s)

2020-09-28 14:58:24 - [TEST_STEP][PASSED] - setText(findTestObject(glArray[i]), ""): Text '' is set on object 'Object Repository/Page_tCC translationNotes/tNText_GLOutlinePoint3'

2020-09-28 14:58:26 - [MESSAGE][PASSED] - Text '' is set on object 'Object Repository/Page_tCC translationNotes/tNText_GLOutlinePoint3'

2020-09-28 14:58:26 - [TEST_STEP][PASSED] - delay(1): Delayed 1 second(s)

2020-09-28 14:58:27 - [MESSAGE][PASSED] - Delayed 1 second(s)

2020-09-28 14:58:27 - [TEST_STEP][PASSED] - setText(findTestObject(glArray[i]), getText(findTestObject(enArray[i]))): Text 'Paul ends by sharing some of his plans and sending greetings to various believers (3:12-15)' is set on object 'Object Repository/Page_tCC translationNotes/tNText_GLOutlinePoint3'

2020-09-28 14:58:27 - [MESSAGE][PASSED] - Text of object 'Object Repository/Page_tCC translationNotes/tNText_enOutlinePoint3' is: 'Paul ends by sharing some of his plans and sending greetings to various believers (3:12-15)'

2020-09-28 14:58:29 - [MESSAGE][PASSED] - Text 'Paul ends by sharing some of his plans and sending greetings to various believers (3:12-15)' is set on object 'Object Repository/Page_tCC translationNotes/tNText_GLOutlinePoint3'

2020-09-28 14:58:29 - [TEST_STEP][PASSED] - delay(1): Delayed 1 second(s)

2020-09-28 14:58:30 - [MESSAGE][PASSED] - Delayed 1 second(s)

2020-09-28 14:58:30 - [TEST_STEP][PASSED] - getText(findTestObject("Page_tCC translationNotes/tNText_enOutlinePoint1")): Text of object 'Object Repository/Page_tCC translationNotes/tNText_enOutlinePoint1' is: 'Paul instructs Titus to appoint godly leaders (1:1-16)'

2020-09-28 14:58:31 - [MESSAGE][PASSED] - Text of object 'Object Repository/Page_tCC translationNotes/tNText_enOutlinePoint1' is: 'Paul instructs Titus to appoint godly leaders (1:1-16)'

2020-09-28 14:58:31 - [TEST_STEP][PASSED] - clickOffset(findTestObject("Page_tCC translationNotes/tNText_GLOutlinePoint1"), -500, 0): Object: 'Object Repository/Page_tCC translationNotes/tNText_GLOutlinePoint1' is clicked on using offset x=-500 and y=0

2020-09-28 14:58:33 - [MESSAGE][PASSED] - Object: 'Object Repository/Page_tCC translationNotes/tNText_GLOutlinePoint1' is clicked on using offset x=-500 and y=0

2020-09-28 14:58:33 - [TEST_STEP][PASSED] - click(findTestObject("Page_tCC translationNotes/button_SaveEnabled")): Object: 'Object Repository/Page_tCC translationNotes/button_SaveEnabled' is clicked on

2020-09-28 14:58:33 - [MESSAGE][PASSED] - Object: 'Object Repository/Page_tCC translationNotes/button_SaveEnabled' is clicked on

2020-09-28 14:58:33 - [TEST_STEP][PASSED] - waitForElementNotPresent(findTestObject("Page_tCC translationNotes/button_SaveEnabled"), 10): Web element with id: 'Object Repository/Page_tCC translationNotes/button_SaveEnabled' located by 'By.xpath: id("root")/div[@class="App"]/div[1]/div[@class="jss50"]/div[@class="MuiPaper-root-66 jss55 undefined MuiPaper-elevation4-73 MuiPaper-rounded-67"]/div[@class="MuiToolbar-root-109 MuiToolbar-regular-111 jss94 MuiToolbar-gutters-110"]/div[@class="jss98"]/div[@class="jss175"]/button[@class="MuiButtonBase-root-162 MuiIconButton-root-154 jss174"][count(. | //*[@type = 'button']) = count(//*[@type = 'button'])]' is not present after '10' second(s)

2020-09-28 14:58:37 - [MESSAGE][PASSED] - Web element with id: 'Object Repository/Page_tCC translationNotes/button_SaveEnabled' located by 'By.xpath: id("root")/div[@class="App"]/div[1]/div[@class="jss50"]/div[@class="MuiPaper-root-66 jss55 undefined MuiPaper-elevation4-73 MuiPaper-rounded-67"]/div[@class="MuiToolbar-root-109 MuiToolbar-regular-111 jss94 MuiToolbar-gutters-110"]/div[@class="jss98"]/div[@class="jss175"]/button[@class="MuiButtonBase-root-162 MuiIconButton-root-154 jss174"][count(. | //*[@type = 'button']) = count(//*[@type = 'button'])]' is not present after '10' second(s)

2020-09-28 14:58:37 - [TEST_STEP][PASSED] - closeBrowser(): Browser is closed

2020-09-28 14:58:37 - [MESSAGE][PASSED] - Browser is closed

2020-09-28 14:58:37 - [TEST_STEP][PASSED] - callTestCase(findTestCase("tCC Components/tCC tN Open For Edit"), [:], STOP_ON_FAILURE): Call Test Case 'Test Cases/tCC Components/tCC tN Open For Edit' successfully

2020-09-28 14:58:37 - [TEST_CASE][PASSED] - Test Cases/tCC Components/tCC tN Open For Edit: Test Cases/tCC Components/tCC tN Open For Edit

2020-09-28 14:58:37 - [TEST_STEP][PASSED] - callTestCase(findTestCase("tCC Components/tCC Login"), ["user":$username, "password":$password], STOP_ON_FAILURE): Call Test Case 'Test Cases/tCC Components/tCC Login' successfully

2020-09-28 14:58:37 - [TEST_CASE][PASSED] - Test Cases/tCC Components/tCC Login: Test Cases/tCC Components/tCC Login

2020-09-28 14:58:37 - [TEST_STEP][PASSED] - if (openBrowser): Current window maximized

2020-09-28 14:58:37 - [TEST_STEP][PASSED] - openBrowser(""): Browser is opened with url: ''

2020-09-28 14:58:37 - [MESSAGE][INFO] - Starting 'Chrome' driver

2020-09-28 14:58:37 - [MESSAGE][INFO] - Action delay is set to 0 milliseconds

2020-09-28 14:58:40 - [MESSAGE][PASSED] - Browser is opened with url: ''

2020-09-28 14:58:40 - [TEST_STEP][PASSED] - maximizeWindow(): Current window maximized

2020-09-28 14:58:40 - [MESSAGE][PASSED] - Current window maximized

2020-09-28 14:58:40 - [TEST_STEP][PASSED] - println("Opening " + url): null

2020-09-28 14:58:40 - [TEST_STEP][PASSED] - navigateToUrl(url): Navigate to 'http://create.translationcore.com' successfully

2020-09-28 14:58:43 - [MESSAGE][PASSED] - Navigate to 'http://create.translationcore.com' successfully

2020-09-28 14:58:43 - [TEST_STEP][PASSED] - waitForElementVisible(findTestObject("Page_tC Create/text_tCCVersion"), 30): Object 'Object Repository/Page_tC Create/text_tCCVersion' is visible

2020-09-28 14:58:44 - [MESSAGE][PASSED] - Object 'Object Repository/Page_tC Create/text_tCCVersion' is visible

2020-09-28 14:58:44 - [TEST_STEP][PASSED] - version = getText(findTestObject("Page_tC Create/text_tCCVersion")): Text of object 'Object Repository/Page_tC Create/text_tCCVersion' is: 'translationCore Create - v1.0.4'

2020-09-28 14:58:44 - [MESSAGE][PASSED] - Text of object 'Object Repository/Page_tC Create/text_tCCVersion' is: 'translationCore Create - v1.0.4'

2020-09-28 14:58:44 - [TEST_STEP][PASSED] - version = version: null

2020-09-28 14:58:44 - [TEST_STEP][PASSED] - println("Version is " + version): null

2020-09-28 14:58:44 - [TEST_STEP][PASSED] - if (user == ""): Object: 'Object Repository/Page_tC Create/button_Login' is clicked on

2020-09-28 14:58:44 - [TEST_STEP][PASSED] - println("Logging in as " + user1Name): null

2020-09-28 14:58:44 - [TEST_STEP][PASSED] - setText(findTestObject("Page_tC Create/input__username"), user1Name): Text 'tcc001' is set on object 'Object Repository/Page_tC Create/input__username'

2020-09-28 14:58:45 - [MESSAGE][PASSED] - Text 'tcc001' is set on object 'Object Repository/Page_tC Create/input__username'

2020-09-28 14:58:45 - [TEST_STEP][PASSED] - setText(findTestObject("Page_tC Create/input__password"), user1Password): Text 'tcc001' is set on object 'Object Repository/Page_tC Create/input__password'

2020-09-28 14:58:46 - [MESSAGE][PASSED] - Text 'tcc001' is set on object 'Object Repository/Page_tC Create/input__password'

2020-09-28 14:58:46 - [TEST_STEP][PASSED] - click(findTestObject("Page_tC Create/button_Login")): Object: 'Object Repository/Page_tC Create/button_Login' is clicked on

2020-09-28 14:58:47 - [MESSAGE][PASSED] - Object: 'Object Repository/Page_tC Create/button_Login' is clicked on

2020-09-28 14:58:47 - [MESSAGE][PASSED] - Call Test Case 'Test Cases/tCC Components/tCC Login' successfully

2020-09-28 14:58:47 - [TEST_STEP][PASSED] - if (callTestCase(findTestCase("tCC Components/tCC Select Org-Lang-Resource"), ["organization":"", "language":"", "resource":"unfoldingWord/en_tn"], STOP_ON_FAILURE) == false): Call Test Case 'Test Cases/tCC Components/tCC Select Org-Lang-Resource' successfully

2020-09-28 14:58:47 - [TEST_CASE][PASSED] - Test Cases/tCC Components/tCC Select Org-Lang-Resource: Test Cases/tCC Components/tCC Select Org-Lang-Resource

2020-09-28 14:58:47 - [TEST_STEP][PASSED] - if (organization == ""): null

2020-09-28 14:58:47 - [TEST_STEP][PASSED] - organization = organization: null

2020-09-28 14:58:47 - [TEST_STEP][PASSED] - if (language == ""): null

2020-09-28 14:58:47 - [TEST_STEP][PASSED] - language = langCode: null

2020-09-28 14:58:47 - [TEST_STEP][PASSED] - println("Choosing organization " + organization): null

2020-09-28 14:58:47 - [TEST_STEP][PASSED] - if (waitForElementPresent(organization, 5, OPTIONAL) == false): Object 'Object Repository/Page_tC Create/listOrg_translate_test' is present

2020-09-28 14:58:49 - [MESSAGE][PASSED] - Object 'Object Repository/Page_tC Create/listOrg_translate_test' is present

2020-09-28 14:58:49 - [TEST_STEP][PASSED] - else: null

2020-09-28 14:58:49 - [TEST_STEP][PASSED] - click(organization): Object: 'Object Repository/Page_tC Create/listOrg_translate_test' is clicked on

2020-09-28 14:58:49 - [MESSAGE][PASSED] - Object: 'Object Repository/Page_tC Create/listOrg_translate_test' is clicked on

2020-09-28 14:58:49 - [TEST_STEP][PASSED] - alerted = waitForAlert(2): No alert found after 2 second(s).

2020-09-28 14:58:51 - [MESSAGE][WARNING] - No alert found after 2 second(s).

2020-09-28 14:58:51 - [TEST_STEP][PASSED] - if (alerted == true): null

2020-09-28 14:58:51 - [TEST_STEP][PASSED] - else: Object: 'Object Repository/Page_tC Create/listOption_Language_Parmed' is clicked on

2020-09-28 14:58:51 - [TEST_STEP][PASSED] - println("Not alerted on organization"): null

2020-09-28 14:58:51 - [TEST_STEP][PASSED] - alertFlag = false: null

2020-09-28 14:58:51 - [TEST_STEP][PASSED] - println("Choosing resource " + resource): null

2020-09-28 14:58:51 - [TEST_STEP][PASSED] - click(findTestObject("Page_tC Create/resource_Parmed", ["resource":resource])): Object: 'Object Repository/Page_tC Create/resource_Parmed' is clicked on

2020-09-28 14:58:51 - [MESSAGE][PASSED] - Object: 'Object Repository/Page_tC Create/resource_Parmed' is clicked on

2020-09-28 14:58:51 - [TEST_STEP][PASSED] - println("Choosing language " + language): null

2020-09-28 14:58:51 - [TEST_STEP][PASSED] - click(findTestObject("Page_tC Create/combo_Select Language")): Object: 'Object Repository/Page_tC Create/combo_Select Language' is clicked on

2020-09-28 14:58:52 - [MESSAGE][PASSED] - Object: 'Object Repository/Page_tC Create/combo_Select Language' is clicked on

2020-09-28 14:58:52 - [TEST_STEP][PASSED] - click(findTestObject("Page_tC Create/listOption_Language_Parmed", ["lang_code":language])): Object: 'Object Repository/Page_tC Create/listOption_Language_Parmed' is clicked on

2020-09-28 14:58:53 - [MESSAGE][PASSED] - Object: 'Object Repository/Page_tC Create/listOption_Language_Parmed' is clicked on

2020-09-28 14:58:53 - [TEST_STEP][PASSED] - return true: null

2020-09-28 14:58:53 - [MESSAGE][PASSED] - Call Test Case 'Test Cases/tCC Components/tCC Select Org-Lang-Resource' successfully

2020-09-28 14:58:53 - [TEST_STEP][PASSED] - click(findTestObject("Page_tC Create/file_en_tn_57-TITtsv")): Object: 'Object Repository/Page_tC Create/file_en_tn_57-TITtsv' is clicked on

2020-09-28 14:58:54 - [MESSAGE][PASSED] - Object: 'Object Repository/Page_tC Create/file_en_tn_57-TITtsv' is clicked on

2020-09-28 14:58:54 - [MESSAGE][PASSED] - Call Test Case 'Test Cases/tCC Components/tCC tN Open For Edit' successfully

2020-09-28 14:58:54 - [TEST_STEP][PASSED] - for (def i : (0..2)): Actual text and expected text of test object 'Object Repository/Page_tCC translationNotes/tNText_GLOutlinePoint3' are matched.

2020-09-28 14:58:54 - [TEST_STEP][PASSED] - verifyElementText(findTestObject(glArray[i]), getText(findTestObject(enArray[i]))): Actual text and expected text of test object 'Object Repository/Page_tCC translationNotes/tNText_GLOutlinePoint1' are matched.

2020-09-28 14:59:01 - [MESSAGE][PASSED] - Text of object 'Object Repository/Page_tCC translationNotes/tNText_enOutlinePoint1' is: 'Paul instructs Titus to appoint godly leaders (1:1-16)'

2020-09-28 14:59:01 - [MESSAGE][PASSED] - Actual text and expected text of test object 'Object Repository/Page_tCC translationNotes/tNText_GLOutlinePoint1' are matched.

2020-09-28 14:59:01 - [TEST_STEP][PASSED] - verifyElementText(findTestObject(glArray[i]), getText(findTestObject(enArray[i]))): Actual text and expected text of test object 'Object Repository/Page_tCC translationNotes/tNText_GLOutlinePoint2' are matched.

2020-09-28 14:59:01 - [MESSAGE][PASSED] - Text of object 'Object Repository/Page_tCC translationNotes/tNText_enOutlinePoint2' is: 'Paul instructs Titus to train people to live godly lives (2:1-3:11)'

2020-09-28 14:59:02 - [MESSAGE][PASSED] - Actual text and expected text of test object 'Object Repository/Page_tCC translationNotes/tNText_GLOutlinePoint2' are matched.

2020-09-28 14:59:02 - [TEST_STEP][PASSED] - verifyElementText(findTestObject(glArray[i]), getText(findTestObject(enArray[i]))): Actual text and expected text of test object 'Object Repository/Page_tCC translationNotes/tNText_GLOutlinePoint3' are matched.

2020-09-28 14:59:02 - [MESSAGE][PASSED] - Text of object 'Object Repository/Page_tCC translationNotes/tNText_enOutlinePoint3' is: 'Paul ends by sharing some of his plans and sending greetings to various believers (3:12-15)'

2020-09-28 14:59:02 - [MESSAGE][PASSED] - Actual text and expected text of test object 'Object Repository/Page_tCC translationNotes/tNText_GLOutlinePoint3' are matched.

2020-09-28 14:59:02 - [TEST_STEP][PASSED] - closeBrowser(): Browser is closed

2020-09-28 14:59:03 - [MESSAGE][PASSED] - Browser is closed

2020-09-28 14:59:03 - [TEST_STEP][PASSED] - Start listener action : sampleAfterTestCase: null

2020-09-28 14:59:03 - [TEST_STEP][PASSED] - separator = "===========================================================================================================================": null

2020-09-28 14:59:03 - [TEST_STEP][PASSED] - println(separator): null

2020-09-28 14:59:03 - [TEST_STEP][PASSED] - prefix = " +++++++++++ ": null

2020-09-28 14:59:03 - [TEST_STEP][PASSED] - if (testCaseContext.getTestCaseStatus() != "PASSED"): null

2020-09-28 14:59:03 - [TEST_STEP][PASSED] - println(prefix + testCaseContext.getTestCaseId() + " on " + version + " " + testCaseContext.getTestCaseStatus() + prefix): null

2020-09-28 14:59:03 - [TEST_STEP][PASSED] - tsMessages.add("##" + testCaseContext.getTestCaseId()): null

2020-09-28 14:59:03 - [TEST_STEP][PASSED] - if (tcMessages.size() > 0): null

2020-09-28 14:59:03 - [TEST_STEP][PASSED] - println(separator): null]]></system-out>
         <system-err><![CDATA[]]></system-err>
      </testcase>
      <testcase name="Test Cases/tCC Test Cases/tCC tA Test Block Quotes" time="48.397" classname="Test Cases/tCC Test Cases/tCC tA Test Block Quotes" status="FAILED">
         <failure type="FAILED" message="Test Cases/tCC Test Cases/tCC tA Test Block Quotes FAILED.
Reason:
com.kms.katalon.core.exception.StepFailedException: com.kms.katalon.core.webui.exception.WebElementNotFoundException: Web element with id: 'Object Repository/Page_tCC translationAcademy/button_SaveEnabled' located by 'id(&quot;root&quot;)/div[@class=&quot;App&quot;]/div[1]/div[@class=&quot;jss50&quot;]/div[@class=&quot;jss54&quot;]/div[@class=&quot;MuiPaper-root MuiPaper-elevation1 MuiPaper-rounded&quot;]/div[@class=&quot;jss55&quot;]/button[@class=&quot;MuiButtonBase-root MuiIconButton-root jss56&quot;][count(. | //*[@type = 'button' and @aria-label = 'Save']) = count(//*[@type = 'button' and @aria-label = 'Save'])]' not found (Root cause: com.kms.katalon.core.exception.StepFailedException: com.kms.katalon.core.webui.exception.WebElementNotFoundException: Web element with id: 'Object Repository/Page_tCC translationAcademy/button_SaveEnabled' located by 'id(&quot;root&quot;)/div[@class=&quot;App&quot;]/div[1]/div[@class=&quot;jss50&quot;]/div[@class=&quot;jss54&quot;]/div[@class=&quot;MuiPaper-root MuiPaper-elevation1 MuiPaper-rounded&quot;]/div[@class=&quot;jss55&quot;]/button[@class=&quot;MuiButtonBase-root MuiIconButton-root jss56&quot;][count(. | //*[@type = 'button' and @aria-label = 'Save']) = count(//*[@type = 'button' and @aria-label = 'Save'])]' not found
	at com.kms.katalon.core.webui.keyword.internal.WebUIKeywordMain.stepFailed(WebUIKeywordMain.groovy:64)
	at com.kms.katalon.core.webui.keyword.builtin.VerifyElementPresentKeyword$_verifyElementPresent_closure1.doCall(VerifyElementPresentKeyword.groovy:85)
	at com.kms.katalon.core.webui.keyword.builtin.VerifyElementPresentKeyword$_verifyElementPresent_closure1.call(VerifyElementPresentKeyword.groovy)
	at com.kms.katalon.core.webui.keyword.internal.WebUIKeywordMain.runKeyword(WebUIKeywordMain.groovy:20)
	at com.kms.katalon.core.webui.keyword.builtin.VerifyElementPresentKeyword.verifyElementPresent(VerifyElementPresentKeyword.groovy:92)
	at com.kms.katalon.core.webui.keyword.builtin.VerifyElementPresentKeyword.execute(VerifyElementPresentKeyword.groovy:68)
	at com.kms.katalon.core.keyword.internal.KeywordExecutor.executeKeywordForPlatform(KeywordExecutor.groovy:73)
	at com.kms.katalon.core.webui.keyword.WebUiBuiltInKeywords.verifyElementPresent(WebUiBuiltInKeywords.groovy:1444)
	at com.kms.katalon.core.webui.keyword.WebUiBuiltInKeywords$verifyElementPresent$19.call(Unknown Source)
	at tCC tA Test Block Quotes.run(tCC tA Test Block Quotes:44)
	at com.kms.katalon.core.main.ScriptEngine.run(ScriptEngine.java:194)
	at com.kms.katalon.core.main.ScriptEngine.runScriptAsRawText(ScriptEngine.java:119)
	at com.kms.katalon.core.main.TestCaseExecutor.runScript(TestCaseExecutor.java:339)
	at com.kms.katalon.core.main.TestCaseExecutor.doExecute(TestCaseExecutor.java:330)
	at com.kms.katalon.core.main.TestCaseExecutor.processExecutionPhase(TestCaseExecutor.java:309)
	at com.kms.katalon.core.main.TestCaseExecutor.accessMainPhase(TestCaseExecutor.java:301)
	at com.kms.katalon.core.main.TestCaseExecutor.execute(TestCaseExecutor.java:235)
	at com.kms.katalon.core.main.TestSuiteExecutor.accessTestCaseMainPhase(TestSuiteExecutor.java:191)
	at com.kms.katalon.core.main.TestSuiteExecutor.accessTestSuiteMainPhase(TestSuiteExecutor.java:141)
	at com.kms.katalon.core.main.TestSuiteExecutor.execute(TestSuiteExecutor.java:90)
	at com.kms.katalon.core.main.TestCaseMain.startTestSuite(TestCaseMain.java:157)
	at com.kms.katalon.core.main.TestCaseMain$startTestSuite$0.call(Unknown Source)
	at TempTestSuite1601322773421.run(TempTestSuite1601322773421.groovy:39)
)
	at com.kms.katalon.core.keyword.internal.KeywordMain.stepFailed(KeywordMain.groovy:39)
	at com.kms.katalon.core.webui.keyword.internal.WebUIKeywordMain.stepFailed(WebUIKeywordMain.groovy:64)
	at com.kms.katalon.core.webui.keyword.builtin.VerifyElementPresentKeyword$_verifyElementPresent_closure1.doCall(VerifyElementPresentKeyword.groovy:85)
	at com.kms.katalon.core.webui.keyword.builtin.VerifyElementPresentKeyword$_verifyElementPresent_closure1.call(VerifyElementPresentKeyword.groovy)
	at com.kms.katalon.core.webui.keyword.internal.WebUIKeywordMain.runKeyword(WebUIKeywordMain.groovy:20)
	at com.kms.katalon.core.webui.keyword.builtin.VerifyElementPresentKeyword.verifyElementPresent(VerifyElementPresentKeyword.groovy:92)
	at com.kms.katalon.core.webui.keyword.builtin.VerifyElementPresentKeyword.execute(VerifyElementPresentKeyword.groovy:68)
	at com.kms.katalon.core.keyword.internal.KeywordExecutor.executeKeywordForPlatform(KeywordExecutor.groovy:73)
	at com.kms.katalon.core.webui.keyword.WebUiBuiltInKeywords.verifyElementPresent(WebUiBuiltInKeywords.groovy:1444)
	at com.kms.katalon.core.webui.keyword.WebUiBuiltInKeywords$verifyElementPresent$19.call(Unknown Source)
	at tCC tA Test Block Quotes.run(tCC tA Test Block Quotes:44)
	at com.kms.katalon.core.main.ScriptEngine.run(ScriptEngine.java:194)
	at com.kms.katalon.core.main.ScriptEngine.runScriptAsRawText(ScriptEngine.java:119)
	at com.kms.katalon.core.main.TestCaseExecutor.runScript(TestCaseExecutor.java:339)
	at com.kms.katalon.core.main.TestCaseExecutor.doExecute(TestCaseExecutor.java:330)
	at com.kms.katalon.core.main.TestCaseExecutor.processExecutionPhase(TestCaseExecutor.java:309)
	at com.kms.katalon.core.main.TestCaseExecutor.accessMainPhase(TestCaseExecutor.java:301)
	at com.kms.katalon.core.main.TestCaseExecutor.execute(TestCaseExecutor.java:235)
	at com.kms.katalon.core.main.TestSuiteExecutor.accessTestCaseMainPhase(TestSuiteExecutor.java:191)
	at com.kms.katalon.core.main.TestSuiteExecutor.accessTestSuiteMainPhase(TestSuiteExecutor.java:141)
	at com.kms.katalon.core.main.TestSuiteExecutor.execute(TestSuiteExecutor.java:90)
	at com.kms.katalon.core.main.TestCaseMain.startTestSuite(TestCaseMain.java:157)
	at com.kms.katalon.core.main.TestCaseMain$startTestSuite$0.call(Unknown Source)
	at TempTestSuite1601322773421.run(TempTestSuite1601322773421.groovy:39)
Caused by: com.kms.katalon.core.exception.StepFailedException: com.kms.katalon.core.webui.exception.WebElementNotFoundException: Web element with id: 'Object Repository/Page_tCC translationAcademy/button_SaveEnabled' located by 'id(&quot;root&quot;)/div[@class=&quot;App&quot;]/div[1]/div[@class=&quot;jss50&quot;]/div[@class=&quot;jss54&quot;]/div[@class=&quot;MuiPaper-root MuiPaper-elevation1 MuiPaper-rounded&quot;]/div[@class=&quot;jss55&quot;]/button[@class=&quot;MuiButtonBase-root MuiIconButton-root jss56&quot;][count(. | //*[@type = 'button' and @aria-label = 'Save']) = count(//*[@type = 'button' and @aria-label = 'Save'])]' not found
	... 23 more
"/>
         <system-out><![CDATA[2020-09-28 14:59:05 - [TEST_CASE][FAILED] - Test Cases/tCC Test Cases/tCC tA Test Block Quotes: Test Cases/tCC Test Cases/tCC tA Test Block Quotes FAILED.
Reason:
com.kms.katalon.core.exception.StepFailedException: com.kms.katalon.core.webui.exception.WebElementNotFoundException: Web element with id: 'Object Repository/Page_tCC translationAcademy/button_SaveEnabled' located by 'id("root")/div[@class="App"]/div[1]/div[@class="jss50"]/div[@class="jss54"]/div[@class="MuiPaper-root MuiPaper-elevation1 MuiPaper-rounded"]/div[@class="jss55"]/button[@class="MuiButtonBase-root MuiIconButton-root jss56"][count(. | //*[@type = 'button' and @aria-label = 'Save']) = count(//*[@type = 'button' and @aria-label = 'Save'])]' not found (Root cause: com.kms.katalon.core.exception.StepFailedException: com.kms.katalon.core.webui.exception.WebElementNotFoundException: Web element with id: 'Object Repository/Page_tCC translationAcademy/button_SaveEnabled' located by 'id("root")/div[@class="App"]/div[1]/div[@class="jss50"]/div[@class="jss54"]/div[@class="MuiPaper-root MuiPaper-elevation1 MuiPaper-rounded"]/div[@class="jss55"]/button[@class="MuiButtonBase-root MuiIconButton-root jss56"][count(. | //*[@type = 'button' and @aria-label = 'Save']) = count(//*[@type = 'button' and @aria-label = 'Save'])]' not found
	at com.kms.katalon.core.webui.keyword.internal.WebUIKeywordMain.stepFailed(WebUIKeywordMain.groovy:64)
	at com.kms.katalon.core.webui.keyword.builtin.VerifyElementPresentKeyword$_verifyElementPresent_closure1.doCall(VerifyElementPresentKeyword.groovy:85)
	at com.kms.katalon.core.webui.keyword.builtin.VerifyElementPresentKeyword$_verifyElementPresent_closure1.call(VerifyElementPresentKeyword.groovy)
	at com.kms.katalon.core.webui.keyword.internal.WebUIKeywordMain.runKeyword(WebUIKeywordMain.groovy:20)
	at com.kms.katalon.core.webui.keyword.builtin.VerifyElementPresentKeyword.verifyElementPresent(VerifyElementPresentKeyword.groovy:92)
	at com.kms.katalon.core.webui.keyword.builtin.VerifyElementPresentKeyword.execute(VerifyElementPresentKeyword.groovy:68)
	at com.kms.katalon.core.keyword.internal.KeywordExecutor.executeKeywordForPlatform(KeywordExecutor.groovy:73)
	at com.kms.katalon.core.webui.keyword.WebUiBuiltInKeywords.verifyElementPresent(WebUiBuiltInKeywords.groovy:1444)
	at com.kms.katalon.core.webui.keyword.WebUiBuiltInKeywords$verifyElementPresent$19.call(Unknown Source)
	at tCC tA Test Block Quotes.run(tCC tA Test Block Quotes:44)
	at com.kms.katalon.core.main.ScriptEngine.run(ScriptEngine.java:194)
	at com.kms.katalon.core.main.ScriptEngine.runScriptAsRawText(ScriptEngine.java:119)
	at com.kms.katalon.core.main.TestCaseExecutor.runScript(TestCaseExecutor.java:339)
	at com.kms.katalon.core.main.TestCaseExecutor.doExecute(TestCaseExecutor.java:330)
	at com.kms.katalon.core.main.TestCaseExecutor.processExecutionPhase(TestCaseExecutor.java:309)
	at com.kms.katalon.core.main.TestCaseExecutor.accessMainPhase(TestCaseExecutor.java:301)
	at com.kms.katalon.core.main.TestCaseExecutor.execute(TestCaseExecutor.java:235)
	at com.kms.katalon.core.main.TestSuiteExecutor.accessTestCaseMainPhase(TestSuiteExecutor.java:191)
	at com.kms.katalon.core.main.TestSuiteExecutor.accessTestSuiteMainPhase(TestSuiteExecutor.java:141)
	at com.kms.katalon.core.main.TestSuiteExecutor.execute(TestSuiteExecutor.java:90)
	at com.kms.katalon.core.main.TestCaseMain.startTestSuite(TestCaseMain.java:157)
	at com.kms.katalon.core.main.TestCaseMain$startTestSuite$0.call(Unknown Source)
	at TempTestSuite1601322773421.run(TempTestSuite1601322773421.groovy:39)
)
	at com.kms.katalon.core.keyword.internal.KeywordMain.stepFailed(KeywordMain.groovy:39)
	at com.kms.katalon.core.webui.keyword.internal.WebUIKeywordMain.stepFailed(WebUIKeywordMain.groovy:64)
	at com.kms.katalon.core.webui.keyword.builtin.VerifyElementPresentKeyword$_verifyElementPresent_closure1.doCall(VerifyElementPresentKeyword.groovy:85)
	at com.kms.katalon.core.webui.keyword.builtin.VerifyElementPresentKeyword$_verifyElementPresent_closure1.call(VerifyElementPresentKeyword.groovy)
	at com.kms.katalon.core.webui.keyword.internal.WebUIKeywordMain.runKeyword(WebUIKeywordMain.groovy:20)
	at com.kms.katalon.core.webui.keyword.builtin.VerifyElementPresentKeyword.verifyElementPresent(VerifyElementPresentKeyword.groovy:92)
	at com.kms.katalon.core.webui.keyword.builtin.VerifyElementPresentKeyword.execute(VerifyElementPresentKeyword.groovy:68)
	at com.kms.katalon.core.keyword.internal.KeywordExecutor.executeKeywordForPlatform(KeywordExecutor.groovy:73)
	at com.kms.katalon.core.webui.keyword.WebUiBuiltInKeywords.verifyElementPresent(WebUiBuiltInKeywords.groovy:1444)
	at com.kms.katalon.core.webui.keyword.WebUiBuiltInKeywords$verifyElementPresent$19.call(Unknown Source)
	at tCC tA Test Block Quotes.run(tCC tA Test Block Quotes:44)
	at com.kms.katalon.core.main.ScriptEngine.run(ScriptEngine.java:194)
	at com.kms.katalon.core.main.ScriptEngine.runScriptAsRawText(ScriptEngine.java:119)
	at com.kms.katalon.core.main.TestCaseExecutor.runScript(TestCaseExecutor.java:339)
	at com.kms.katalon.core.main.TestCaseExecutor.doExecute(TestCaseExecutor.java:330)
	at com.kms.katalon.core.main.TestCaseExecutor.processExecutionPhase(TestCaseExecutor.java:309)
	at com.kms.katalon.core.main.TestCaseExecutor.accessMainPhase(TestCaseExecutor.java:301)
	at com.kms.katalon.core.main.TestCaseExecutor.execute(TestCaseExecutor.java:235)
	at com.kms.katalon.core.main.TestSuiteExecutor.accessTestCaseMainPhase(TestSuiteExecutor.java:191)
	at com.kms.katalon.core.main.TestSuiteExecutor.accessTestSuiteMainPhase(TestSuiteExecutor.java:141)
	at com.kms.katalon.core.main.TestSuiteExecutor.execute(TestSuiteExecutor.java:90)
	at com.kms.katalon.core.main.TestCaseMain.startTestSuite(TestCaseMain.java:157)
	at com.kms.katalon.core.main.TestCaseMain$startTestSuite$0.call(Unknown Source)
	at TempTestSuite1601322773421.run(TempTestSuite1601322773421.groovy:39)
Caused by: com.kms.katalon.core.exception.StepFailedException: com.kms.katalon.core.webui.exception.WebElementNotFoundException: Web element with id: 'Object Repository/Page_tCC translationAcademy/button_SaveEnabled' located by 'id("root")/div[@class="App"]/div[1]/div[@class="jss50"]/div[@class="jss54"]/div[@class="MuiPaper-root MuiPaper-elevation1 MuiPaper-rounded"]/div[@class="jss55"]/button[@class="MuiButtonBase-root MuiIconButton-root jss56"][count(. | //*[@type = 'button' and @aria-label = 'Save']) = count(//*[@type = 'button' and @aria-label = 'Save'])]' not found
	... 23 more


2020-09-28 14:59:05 - [TEST_STEP][PASSED] - Start listener action : sampleBeforeTestCase: Execution profile is tCC Production

2020-09-28 14:59:05 - [TEST_STEP][PASSED] - tcMessages = []: null

2020-09-28 14:59:05 - [TEST_STEP][PASSED] - executionProfile = getExecutionProfile(): null

2020-09-28 14:59:05 - [TEST_STEP][PASSED] - logInfo("Execution profile is " + executionProfile): Execution profile is tCC Production

2020-09-28 14:59:05 - [MESSAGE][INFO] - Execution profile is tCC Production

2020-09-28 14:59:05 - [TEST_STEP][PASSED] - callTestCase(findTestCase("tCC Components/tCC tA Open For Edit"), ["$username":"", "$password":"", "$origQuote":"", "$newOrigQuote":""], STOP_ON_FAILURE): Call Test Case 'Test Cases/tCC Components/tCC tA Open For Edit' successfully

2020-09-28 14:59:05 - [TEST_CASE][PASSED] - Test Cases/tCC Components/tCC tA Open For Edit: Test Cases/tCC Components/tCC tA Open For Edit

2020-09-28 14:59:06 - [TEST_STEP][PASSED] - callTestCase(findTestCase("tCC Components/tCC Login"), ["user":$username, "password":$password], STOP_ON_FAILURE): Call Test Case 'Test Cases/tCC Components/tCC Login' successfully

2020-09-28 14:59:06 - [TEST_CASE][PASSED] - Test Cases/tCC Components/tCC Login: Test Cases/tCC Components/tCC Login

2020-09-28 14:59:06 - [TEST_STEP][PASSED] - if (openBrowser): Current window maximized

2020-09-28 14:59:06 - [TEST_STEP][PASSED] - openBrowser(""): Browser is opened with url: ''

2020-09-28 14:59:06 - [MESSAGE][INFO] - Starting 'Chrome' driver

2020-09-28 14:59:06 - [MESSAGE][INFO] - Action delay is set to 0 milliseconds

2020-09-28 14:59:09 - [MESSAGE][PASSED] - Browser is opened with url: ''

2020-09-28 14:59:09 - [TEST_STEP][PASSED] - maximizeWindow(): Current window maximized

2020-09-28 14:59:09 - [MESSAGE][PASSED] - Current window maximized

2020-09-28 14:59:09 - [TEST_STEP][PASSED] - println("Opening " + url): null

2020-09-28 14:59:09 - [TEST_STEP][PASSED] - navigateToUrl(url): Navigate to 'http://create.translationcore.com' successfully

2020-09-28 14:59:12 - [MESSAGE][PASSED] - Navigate to 'http://create.translationcore.com' successfully

2020-09-28 14:59:12 - [TEST_STEP][PASSED] - waitForElementVisible(findTestObject("Page_tC Create/text_tCCVersion"), 30): Object 'Object Repository/Page_tC Create/text_tCCVersion' is visible

2020-09-28 14:59:13 - [MESSAGE][PASSED] - Object 'Object Repository/Page_tC Create/text_tCCVersion' is visible

2020-09-28 14:59:13 - [TEST_STEP][PASSED] - version = getText(findTestObject("Page_tC Create/text_tCCVersion")): Text of object 'Object Repository/Page_tC Create/text_tCCVersion' is: 'translationCore Create - v1.0.4'

2020-09-28 14:59:13 - [MESSAGE][PASSED] - Text of object 'Object Repository/Page_tC Create/text_tCCVersion' is: 'translationCore Create - v1.0.4'

2020-09-28 14:59:13 - [TEST_STEP][PASSED] - version = version: null

2020-09-28 14:59:13 - [TEST_STEP][PASSED] - println("Version is " + version): null

2020-09-28 14:59:13 - [TEST_STEP][PASSED] - if (user == ""): Object: 'Object Repository/Page_tC Create/button_Login' is clicked on

2020-09-28 14:59:13 - [TEST_STEP][PASSED] - println("Logging in as " + user1Name): null

2020-09-28 14:59:13 - [TEST_STEP][PASSED] - setText(findTestObject("Page_tC Create/input__username"), user1Name): Text 'tcc001' is set on object 'Object Repository/Page_tC Create/input__username'

2020-09-28 14:59:14 - [MESSAGE][PASSED] - Text 'tcc001' is set on object 'Object Repository/Page_tC Create/input__username'

2020-09-28 14:59:14 - [TEST_STEP][PASSED] - setText(findTestObject("Page_tC Create/input__password"), user1Password): Text 'tcc001' is set on object 'Object Repository/Page_tC Create/input__password'

2020-09-28 14:59:15 - [MESSAGE][PASSED] - Text 'tcc001' is set on object 'Object Repository/Page_tC Create/input__password'

2020-09-28 14:59:15 - [TEST_STEP][PASSED] - click(findTestObject("Page_tC Create/button_Login")): Object: 'Object Repository/Page_tC Create/button_Login' is clicked on

2020-09-28 14:59:15 - [MESSAGE][PASSED] - Object: 'Object Repository/Page_tC Create/button_Login' is clicked on

2020-09-28 14:59:15 - [MESSAGE][PASSED] - Call Test Case 'Test Cases/tCC Components/tCC Login' successfully

2020-09-28 14:59:15 - [TEST_STEP][PASSED] - if (callTestCase(findTestCase("tCC Components/tCC Select Org-Lang-Resource"), ["organization":"", "language":"", "resource":"unfoldingWord® Translation Academy"], STOP_ON_FAILURE) == false): Call Test Case 'Test Cases/tCC Components/tCC Select Org-Lang-Resource' successfully

2020-09-28 14:59:15 - [TEST_CASE][PASSED] - Test Cases/tCC Components/tCC Select Org-Lang-Resource: Test Cases/tCC Components/tCC Select Org-Lang-Resource

2020-09-28 14:59:15 - [TEST_STEP][PASSED] - if (organization == ""): null

2020-09-28 14:59:15 - [TEST_STEP][PASSED] - organization = organization: null

2020-09-28 14:59:15 - [TEST_STEP][PASSED] - if (language == ""): null

2020-09-28 14:59:15 - [TEST_STEP][PASSED] - language = langCode: null

2020-09-28 14:59:15 - [TEST_STEP][PASSED] - println("Choosing organization " + organization): null

2020-09-28 14:59:15 - [TEST_STEP][PASSED] - if (waitForElementPresent(organization, 5, OPTIONAL) == false): Object 'Object Repository/Page_tC Create/listOrg_translate_test' is present

2020-09-28 14:59:17 - [MESSAGE][PASSED] - Object 'Object Repository/Page_tC Create/listOrg_translate_test' is present

2020-09-28 14:59:17 - [TEST_STEP][PASSED] - else: null

2020-09-28 14:59:17 - [TEST_STEP][PASSED] - click(organization): Object: 'Object Repository/Page_tC Create/listOrg_translate_test' is clicked on

2020-09-28 14:59:18 - [MESSAGE][PASSED] - Object: 'Object Repository/Page_tC Create/listOrg_translate_test' is clicked on

2020-09-28 14:59:18 - [TEST_STEP][PASSED] - alerted = waitForAlert(2): No alert found after 2 second(s).

2020-09-28 14:59:20 - [MESSAGE][WARNING] - No alert found after 2 second(s).

2020-09-28 14:59:20 - [TEST_STEP][PASSED] - if (alerted == true): null

2020-09-28 14:59:20 - [TEST_STEP][PASSED] - else: Object: 'Object Repository/Page_tC Create/listOption_Language_Parmed' is clicked on

2020-09-28 14:59:20 - [TEST_STEP][PASSED] - println("Not alerted on organization"): null

2020-09-28 14:59:20 - [TEST_STEP][PASSED] - alertFlag = false: null

2020-09-28 14:59:20 - [TEST_STEP][PASSED] - println("Choosing resource " + resource): null

2020-09-28 14:59:20 - [TEST_STEP][PASSED] - click(findTestObject("Page_tC Create/resource_Parmed", ["resource":resource])): Object: 'Object Repository/Page_tC Create/resource_Parmed' is clicked on

2020-09-28 14:59:20 - [MESSAGE][PASSED] - Object: 'Object Repository/Page_tC Create/resource_Parmed' is clicked on

2020-09-28 14:59:20 - [TEST_STEP][PASSED] - println("Choosing language " + language): null

2020-09-28 14:59:20 - [TEST_STEP][PASSED] - click(findTestObject("Page_tC Create/combo_Select Language")): Object: 'Object Repository/Page_tC Create/combo_Select Language' is clicked on

2020-09-28 14:59:21 - [MESSAGE][PASSED] - Object: 'Object Repository/Page_tC Create/combo_Select Language' is clicked on

2020-09-28 14:59:21 - [TEST_STEP][PASSED] - click(findTestObject("Page_tC Create/listOption_Language_Parmed", ["lang_code":language])): Object: 'Object Repository/Page_tC Create/listOption_Language_Parmed' is clicked on

2020-09-28 14:59:22 - [MESSAGE][PASSED] - Object: 'Object Repository/Page_tC Create/listOption_Language_Parmed' is clicked on

2020-09-28 14:59:22 - [TEST_STEP][PASSED] - return true: null

2020-09-28 14:59:22 - [MESSAGE][PASSED] - Call Test Case 'Test Cases/tCC Components/tCC Select Org-Lang-Resource' successfully

2020-09-28 14:59:22 - [TEST_STEP][PASSED] - click(findTestObject("Page_tC Create/span_translate")): Object: 'Object Repository/Page_tC Create/span_translate' is clicked on

2020-09-28 14:59:23 - [MESSAGE][PASSED] - Object: 'Object Repository/Page_tC Create/span_translate' is clicked on

2020-09-28 14:59:23 - [TEST_STEP][PASSED] - click(findTestObject("Page_tC Create/span_bita-humanbehavior")): Object: 'Object Repository/Page_tC Create/span_bita-humanbehavior' is clicked on

2020-09-28 14:59:24 - [MESSAGE][PASSED] - Object: 'Object Repository/Page_tC Create/span_bita-humanbehavior' is clicked on

2020-09-28 14:59:24 - [TEST_STEP][PASSED] - click(findTestObject("Page_tC Create/span_01.md")): Object: 'Object Repository/Page_tC Create/span_01.md' is clicked on

2020-09-28 14:59:25 - [MESSAGE][PASSED] - Object: 'Object Repository/Page_tC Create/span_01.md' is clicked on

2020-09-28 14:59:25 - [MESSAGE][PASSED] - Call Test Case 'Test Cases/tCC Components/tCC tA Open For Edit' successfully

2020-09-28 14:59:25 - [TEST_STEP][PASSED] - click(findTestObject("Page_tCC translationAcademy/section_BentOver")): Object: 'Object Repository/Page_tCC translationAcademy/section_BentOver' is clicked on

2020-09-28 14:59:27 - [MESSAGE][PASSED] - Object: 'Object Repository/Page_tCC translationAcademy/section_BentOver' is clicked on

2020-09-28 14:59:27 - [TEST_STEP][PASSED] - click(findTestObject("Page_tCC translationAcademy/text_BentOver")): Object: 'Object Repository/Page_tCC translationAcademy/text_BentOver' is clicked on

2020-09-28 14:59:28 - [MESSAGE][PASSED] - Object: 'Object Repository/Page_tCC translationAcademy/text_BentOver' is clicked on

2020-09-28 14:59:28 - [TEST_STEP][PASSED] - click(findTestObject("Page_tCC translationAcademy/header_BentOver")): Object: 'Object Repository/Page_tCC translationAcademy/header_BentOver' is clicked on

2020-09-28 14:59:28 - [MESSAGE][PASSED] - Object: 'Object Repository/Page_tCC translationAcademy/header_BentOver' is clicked on

2020-09-28 14:59:28 - [TEST_STEP][PASSED] - delay(2): Delayed 2 second(s)

2020-09-28 14:59:30 - [MESSAGE][PASSED] - Delayed 2 second(s)

2020-09-28 14:59:30 - [TEST_STEP][PASSED] - if (!(getText(findTestObject("Page_tCC translationAcademy/text_BentOver")).contains("Yahweh"))): Text of object 'Object Repository/Page_tCC translationAcademy/text_BentOver' is: 'Yahweh supports all who are falling and raises up all those who are bent over. (Psalm 145:14 ULT)x'

2020-09-28 14:59:31 - [MESSAGE][PASSED] - Text of object 'Object Repository/Page_tCC translationAcademy/text_BentOver' is: 'Yahweh supports all who are falling and raises up all those who are bent over. (Psalm 145:14 ULT)x'

2020-09-28 14:59:31 - [TEST_STEP][FAILED] - else: null

2020-09-28 14:59:31 - [TEST_STEP][PASSED] - println("Block quote text is correct"): null

2020-09-28 14:59:31 - [TEST_STEP][FAILED] - if (!(verifyElementPresent(findTestObject("Page_tCC translationAcademy/button_SaveEnabled"), 1, CONTINUE_ON_FAILURE))): null

2020-09-28 14:59:33 - [MESSAGE][INFO] - Unable to find the element located by 'By.xpath: id("root")/div[@class="App"]/div[1]/div[@class="jss50"]/div[@class="jss54"]/div[@class="MuiPaper-root MuiPaper-elevation1 MuiPaper-rounded"]/div[@class="jss55"]/button[@class="MuiButtonBase-root MuiIconButton-root jss56"][count(. | //*[@type = 'button' and @aria-label = 'Save']) = count(//*[@type = 'button' and @aria-label = 'Save'])]'. Please recheck the objects properties to make sure the desired element is located. 

2020-09-28 14:59:34 - [MESSAGE][FAILED] - com.kms.katalon.core.webui.exception.WebElementNotFoundException: Web element with id: 'Object Repository/Page_tCC translationAcademy/button_SaveEnabled' located by 'id("root")/div[@class="App"]/div[1]/div[@class="jss50"]/div[@class="jss54"]/div[@class="MuiPaper-root MuiPaper-elevation1 MuiPaper-rounded"]/div[@class="jss55"]/button[@class="MuiButtonBase-root MuiIconButton-root jss56"][count(. | //*[@type = 'button' and @aria-label = 'Save']) = count(//*[@type = 'button' and @aria-label = 'Save'])]' not found (Root cause: com.kms.katalon.core.exception.StepFailedException: com.kms.katalon.core.webui.exception.WebElementNotFoundException: Web element with id: 'Object Repository/Page_tCC translationAcademy/button_SaveEnabled' located by 'id("root")/div[@class="App"]/div[1]/div[@class="jss50"]/div[@class="jss54"]/div[@class="MuiPaper-root MuiPaper-elevation1 MuiPaper-rounded"]/div[@class="jss55"]/button[@class="MuiButtonBase-root MuiIconButton-root jss56"][count(. | //*[@type = 'button' and @aria-label = 'Save']) = count(//*[@type = 'button' and @aria-label = 'Save'])]' not found
	at com.kms.katalon.core.webui.keyword.internal.WebUIKeywordMain.stepFailed(WebUIKeywordMain.groovy:64)
	at com.kms.katalon.core.webui.keyword.builtin.VerifyElementPresentKeyword$_verifyElementPresent_closure1.doCall(VerifyElementPresentKeyword.groovy:85)
	at com.kms.katalon.core.webui.keyword.builtin.VerifyElementPresentKeyword$_verifyElementPresent_closure1.call(VerifyElementPresentKeyword.groovy)
	at com.kms.katalon.core.webui.keyword.internal.WebUIKeywordMain.runKeyword(WebUIKeywordMain.groovy:20)
	at com.kms.katalon.core.webui.keyword.builtin.VerifyElementPresentKeyword.verifyElementPresent(VerifyElementPresentKeyword.groovy:92)
	at com.kms.katalon.core.webui.keyword.builtin.VerifyElementPresentKeyword.execute(VerifyElementPresentKeyword.groovy:68)
	at com.kms.katalon.core.keyword.internal.KeywordExecutor.executeKeywordForPlatform(KeywordExecutor.groovy:73)
	at com.kms.katalon.core.webui.keyword.WebUiBuiltInKeywords.verifyElementPresent(WebUiBuiltInKeywords.groovy:1444)
	at com.kms.katalon.core.webui.keyword.WebUiBuiltInKeywords$verifyElementPresent$19.call(Unknown Source)
	at tCC tA Test Block Quotes.run(tCC tA Test Block Quotes:44)
	at com.kms.katalon.core.main.ScriptEngine.run(ScriptEngine.java:194)
	at com.kms.katalon.core.main.ScriptEngine.runScriptAsRawText(ScriptEngine.java:119)
	at com.kms.katalon.core.main.TestCaseExecutor.runScript(TestCaseExecutor.java:339)
	at com.kms.katalon.core.main.TestCaseExecutor.doExecute(TestCaseExecutor.java:330)
	at com.kms.katalon.core.main.TestCaseExecutor.processExecutionPhase(TestCaseExecutor.java:309)
	at com.kms.katalon.core.main.TestCaseExecutor.accessMainPhase(TestCaseExecutor.java:301)
	at com.kms.katalon.core.main.TestCaseExecutor.execute(TestCaseExecutor.java:235)
	at com.kms.katalon.core.main.TestSuiteExecutor.accessTestCaseMainPhase(TestSuiteExecutor.java:191)
	at com.kms.katalon.core.main.TestSuiteExecutor.accessTestSuiteMainPhase(TestSuiteExecutor.java:141)
	at com.kms.katalon.core.main.TestSuiteExecutor.execute(TestSuiteExecutor.java:90)
	at com.kms.katalon.core.main.TestCaseMain.startTestSuite(TestCaseMain.java:157)
	at com.kms.katalon.core.main.TestCaseMain$startTestSuite$0.call(Unknown Source)
	at TempTestSuite1601322773421.run(TempTestSuite1601322773421.groovy:39)
)
[[ATTACHMENT|/Users/cckozie/Katalon Studio/tC Create Project/Reports/20200928_145253/tCC Test Suite 1/20200928_145253/1601323173368.png]]

2020-09-28 14:59:34 - [TEST_STEP][FAILED] - unfoldingWord_Keywords.SendMessage.SendFailMessage("Test failed because the Save button was not enabled after text change."): com.kms.katalon.core.exception.StepFailedException: Test failed because the Save button was not enabled after text change.

2020-09-28 14:59:34 - [MESSAGE][FAILED] - Test failed because the Save button was not enabled after text change.

2020-09-28 14:59:34 - [MESSAGE][FAILED] - com.kms.katalon.core.exception.StepFailedException: Test failed because the Save button was not enabled after text change.

2020-09-28 14:59:34 - [TEST_STEP][PASSED] - click(findTestObject("Page_tCC translationAcademy/text_BentOver")): Object: 'Object Repository/Page_tCC translationAcademy/text_BentOver' is clicked on

2020-09-28 14:59:34 - [MESSAGE][PASSED] - Object: 'Object Repository/Page_tCC translationAcademy/text_BentOver' is clicked on

2020-09-28 14:59:34 - [TEST_STEP][PASSED] - sendKeys(findTestObject("Page_tCC translationAcademy/text_BentOver"), Keys.chord(END)): Keys 'END + ' sent to object: 'Object Repository/Page_tCC translationAcademy/text_BentOver'

2020-09-28 14:59:34 - [MESSAGE][PASSED] - Keys 'END + ' sent to object: 'Object Repository/Page_tCC translationAcademy/text_BentOver'

2020-09-28 14:59:35 - [TEST_STEP][PASSED] - sendKeys(findTestObject("Page_tCC translationAcademy/text_BentOver"), "x"): Keys 'x' sent to object: 'Object Repository/Page_tCC translationAcademy/text_BentOver'

2020-09-28 14:59:35 - [MESSAGE][PASSED] - Keys 'x' sent to object: 'Object Repository/Page_tCC translationAcademy/text_BentOver'

2020-09-28 14:59:35 - [TEST_STEP][PASSED] - click(findTestObject("Page_tCC translationAcademy/header_BentOver")): Object: 'Object Repository/Page_tCC translationAcademy/header_BentOver' is clicked on

2020-09-28 14:59:35 - [MESSAGE][PASSED] - Object: 'Object Repository/Page_tCC translationAcademy/header_BentOver' is clicked on

2020-09-28 14:59:35 - [TEST_STEP][PASSED] - delay(2): Delayed 2 second(s)

2020-09-28 14:59:38 - [MESSAGE][PASSED] - Delayed 2 second(s)

2020-09-28 14:59:38 - [TEST_STEP][PASSED] - click(findTestObject("Page_tCC translationAcademy/button_SaveEnabled")): Object: 'Object Repository/Page_tCC translationAcademy/button_SaveEnabled' is clicked on

2020-09-28 14:59:38 - [MESSAGE][PASSED] - Object: 'Object Repository/Page_tCC translationAcademy/button_SaveEnabled' is clicked on

2020-09-28 14:59:38 - [TEST_STEP][PASSED] - waitForElementNotPresent(findTestObject("Page_tCC translationAcademy/button_SaveEnabled"), 30): Web element with id: 'Object Repository/Page_tCC translationAcademy/button_SaveEnabled' located by 'By.xpath: id("root")/div[@class="App"]/div[1]/div[@class="jss50"]/div[@class="jss54"]/div[@class="MuiPaper-root MuiPaper-elevation1 MuiPaper-rounded"]/div[@class="jss55"]/button[@class="MuiButtonBase-root MuiIconButton-root jss56"][count(. | //*[@type = 'button' and @aria-label = 'Save']) = count(//*[@type = 'button' and @aria-label = 'Save'])]' is not present after '30' second(s)

2020-09-28 14:59:42 - [MESSAGE][PASSED] - Web element with id: 'Object Repository/Page_tCC translationAcademy/button_SaveEnabled' located by 'By.xpath: id("root")/div[@class="App"]/div[1]/div[@class="jss50"]/div[@class="jss54"]/div[@class="MuiPaper-root MuiPaper-elevation1 MuiPaper-rounded"]/div[@class="jss55"]/button[@class="MuiButtonBase-root MuiIconButton-root jss56"][count(. | //*[@type = 'button' and @aria-label = 'Save']) = count(//*[@type = 'button' and @aria-label = 'Save'])]' is not present after '30' second(s)

2020-09-28 14:59:42 - [TEST_STEP][PASSED] - click(findTestObject("Page_tCC translationAcademy/text_BentOver")): Object: 'Object Repository/Page_tCC translationAcademy/text_BentOver' is clicked on

2020-09-28 14:59:43 - [MESSAGE][PASSED] - Object: 'Object Repository/Page_tCC translationAcademy/text_BentOver' is clicked on

2020-09-28 14:59:43 - [TEST_STEP][PASSED] - sendKeys(findTestObject("Page_tCC translationAcademy/text_BentOver"), Keys.chord(END)): Keys 'END + ' sent to object: 'Object Repository/Page_tCC translationAcademy/text_BentOver'

2020-09-28 14:59:43 - [MESSAGE][PASSED] - Keys 'END + ' sent to object: 'Object Repository/Page_tCC translationAcademy/text_BentOver'

2020-09-28 14:59:43 - [TEST_STEP][PASSED] - sendKeys(findTestObject("Page_tCC translationAcademy/text_BentOver"), Keys.chord(BACK_SPACE)): Keys 'BACK_SPACE + ' sent to object: 'Object Repository/Page_tCC translationAcademy/text_BentOver'

2020-09-28 14:59:44 - [MESSAGE][PASSED] - Keys 'BACK_SPACE + ' sent to object: 'Object Repository/Page_tCC translationAcademy/text_BentOver'

2020-09-28 14:59:44 - [TEST_STEP][PASSED] - click(findTestObject("Page_tCC translationAcademy/header_BentOver")): Object: 'Object Repository/Page_tCC translationAcademy/header_BentOver' is clicked on

2020-09-28 14:59:44 - [MESSAGE][PASSED] - Object: 'Object Repository/Page_tCC translationAcademy/header_BentOver' is clicked on

2020-09-28 14:59:44 - [TEST_STEP][PASSED] - delay(2): Delayed 2 second(s)

2020-09-28 14:59:46 - [MESSAGE][PASSED] - Delayed 2 second(s)

2020-09-28 14:59:46 - [TEST_STEP][PASSED] - click(findTestObject("Page_tCC translationAcademy/button_SaveEnabled")): Object: 'Object Repository/Page_tCC translationAcademy/button_SaveEnabled' is clicked on

2020-09-28 14:59:47 - [MESSAGE][PASSED] - Object: 'Object Repository/Page_tCC translationAcademy/button_SaveEnabled' is clicked on

2020-09-28 14:59:47 - [TEST_STEP][PASSED] - if (!(waitForElementNotPresent(findTestObject("Page_tCC translationAcademy/button_SaveEnabled"), 30))): Web element with id: 'Object Repository/Page_tCC translationAcademy/button_SaveEnabled' located by 'By.xpath: id("root")/div[@class="App"]/div[1]/div[@class="jss50"]/div[@class="jss54"]/div[@class="MuiPaper-root MuiPaper-elevation1 MuiPaper-rounded"]/div[@class="jss55"]/button[@class="MuiButtonBase-root MuiIconButton-root jss56"][count(. | //*[@type = 'button' and @aria-label = 'Save']) = count(//*[@type = 'button' and @aria-label = 'Save'])]' is not present after '30' second(s)

2020-09-28 14:59:51 - [MESSAGE][PASSED] - Web element with id: 'Object Repository/Page_tCC translationAcademy/button_SaveEnabled' located by 'By.xpath: id("root")/div[@class="App"]/div[1]/div[@class="jss50"]/div[@class="jss54"]/div[@class="MuiPaper-root MuiPaper-elevation1 MuiPaper-rounded"]/div[@class="jss55"]/button[@class="MuiButtonBase-root MuiIconButton-root jss56"][count(. | //*[@type = 'button' and @aria-label = 'Save']) = count(//*[@type = 'button' and @aria-label = 'Save'])]' is not present after '30' second(s)

2020-09-28 14:59:51 - [TEST_STEP][PASSED] - closeBrowser(): Browser is closed

2020-09-28 14:59:51 - [MESSAGE][PASSED] - Browser is closed

2020-09-28 14:59:51 - [TEST_STEP][PASSED] - Start listener action : sampleAfterTestCase: null

2020-09-28 14:59:51 - [TEST_STEP][PASSED] - separator = "===========================================================================================================================": null

2020-09-28 14:59:51 - [TEST_STEP][PASSED] - println(separator): null

2020-09-28 14:59:51 - [TEST_STEP][PASSED] - prefix = " +++++++++++ ": null

2020-09-28 14:59:51 - [TEST_STEP][PASSED] - if (testCaseContext.getTestCaseStatus() != "PASSED"): null

2020-09-28 14:59:51 - [TEST_STEP][PASSED] - prefix = " ---------------------- ": null

2020-09-28 14:59:51 - [TEST_STEP][PASSED] - println(prefix + testCaseContext.getTestCaseId() + " on " + version + " " + testCaseContext.getTestCaseStatus() + prefix): null

2020-09-28 14:59:51 - [TEST_STEP][PASSED] - tsMessages.add("##" + testCaseContext.getTestCaseId()): null

2020-09-28 14:59:51 - [TEST_STEP][PASSED] - if (tcMessages.size() > 0): null

2020-09-28 14:59:51 - [TEST_STEP][PASSED] - for (def i : (0..(internal.GlobalVariable.tcMessages.size() - 1))): null

2020-09-28 14:59:51 - [TEST_STEP][PASSED] - println(tcMessages[i]): null

2020-09-28 14:59:51 - [TEST_STEP][PASSED] - tsMessages.add(tcMessages[i]): null

2020-09-28 14:59:51 - [TEST_STEP][PASSED] - println(separator): null

2020-09-28 14:59:53 - [TEST_STEP][PASSED] - Video: Video recording for test case 'Test Cases/tCC Test Cases/tCC tA Test Block Quotes' .

2020-09-28 14:59:53 - [MESSAGE][INFO] - Video recording for test case 'Test Cases/tCC Test Cases/tCC tA Test Block Quotes' .
[[ATTACHMENT|/Users/cckozie/Katalon Studio/tC Create Project/Reports/20200928_145253/tCC Test Suite 1/20200928_145253/videos/test_5.avi]]]]></system-out>
         <system-err><![CDATA[2020-09-28 14:59:05 - [TEST_CASE][FAILED] - Test Cases/tCC Test Cases/tCC tA Test Block Quotes: Test Cases/tCC Test Cases/tCC tA Test Block Quotes FAILED.
Reason:
com.kms.katalon.core.exception.StepFailedException: com.kms.katalon.core.webui.exception.WebElementNotFoundException: Web element with id: 'Object Repository/Page_tCC translationAcademy/button_SaveEnabled' located by 'id("root")/div[@class="App"]/div[1]/div[@class="jss50"]/div[@class="jss54"]/div[@class="MuiPaper-root MuiPaper-elevation1 MuiPaper-rounded"]/div[@class="jss55"]/button[@class="MuiButtonBase-root MuiIconButton-root jss56"][count(. | //*[@type = 'button' and @aria-label = 'Save']) = count(//*[@type = 'button' and @aria-label = 'Save'])]' not found (Root cause: com.kms.katalon.core.exception.StepFailedException: com.kms.katalon.core.webui.exception.WebElementNotFoundException: Web element with id: 'Object Repository/Page_tCC translationAcademy/button_SaveEnabled' located by 'id("root")/div[@class="App"]/div[1]/div[@class="jss50"]/div[@class="jss54"]/div[@class="MuiPaper-root MuiPaper-elevation1 MuiPaper-rounded"]/div[@class="jss55"]/button[@class="MuiButtonBase-root MuiIconButton-root jss56"][count(. | //*[@type = 'button' and @aria-label = 'Save']) = count(//*[@type = 'button' and @aria-label = 'Save'])]' not found
	at com.kms.katalon.core.webui.keyword.internal.WebUIKeywordMain.stepFailed(WebUIKeywordMain.groovy:64)
	at com.kms.katalon.core.webui.keyword.builtin.VerifyElementPresentKeyword$_verifyElementPresent_closure1.doCall(VerifyElementPresentKeyword.groovy:85)
	at com.kms.katalon.core.webui.keyword.builtin.VerifyElementPresentKeyword$_verifyElementPresent_closure1.call(VerifyElementPresentKeyword.groovy)
	at com.kms.katalon.core.webui.keyword.internal.WebUIKeywordMain.runKeyword(WebUIKeywordMain.groovy:20)
	at com.kms.katalon.core.webui.keyword.builtin.VerifyElementPresentKeyword.verifyElementPresent(VerifyElementPresentKeyword.groovy:92)
	at com.kms.katalon.core.webui.keyword.builtin.VerifyElementPresentKeyword.execute(VerifyElementPresentKeyword.groovy:68)
	at com.kms.katalon.core.keyword.internal.KeywordExecutor.executeKeywordForPlatform(KeywordExecutor.groovy:73)
	at com.kms.katalon.core.webui.keyword.WebUiBuiltInKeywords.verifyElementPresent(WebUiBuiltInKeywords.groovy:1444)
	at com.kms.katalon.core.webui.keyword.WebUiBuiltInKeywords$verifyElementPresent$19.call(Unknown Source)
	at tCC tA Test Block Quotes.run(tCC tA Test Block Quotes:44)
	at com.kms.katalon.core.main.ScriptEngine.run(ScriptEngine.java:194)
	at com.kms.katalon.core.main.ScriptEngine.runScriptAsRawText(ScriptEngine.java:119)
	at com.kms.katalon.core.main.TestCaseExecutor.runScript(TestCaseExecutor.java:339)
	at com.kms.katalon.core.main.TestCaseExecutor.doExecute(TestCaseExecutor.java:330)
	at com.kms.katalon.core.main.TestCaseExecutor.processExecutionPhase(TestCaseExecutor.java:309)
	at com.kms.katalon.core.main.TestCaseExecutor.accessMainPhase(TestCaseExecutor.java:301)
	at com.kms.katalon.core.main.TestCaseExecutor.execute(TestCaseExecutor.java:235)
	at com.kms.katalon.core.main.TestSuiteExecutor.accessTestCaseMainPhase(TestSuiteExecutor.java:191)
	at com.kms.katalon.core.main.TestSuiteExecutor.accessTestSuiteMainPhase(TestSuiteExecutor.java:141)
	at com.kms.katalon.core.main.TestSuiteExecutor.execute(TestSuiteExecutor.java:90)
	at com.kms.katalon.core.main.TestCaseMain.startTestSuite(TestCaseMain.java:157)
	at com.kms.katalon.core.main.TestCaseMain$startTestSuite$0.call(Unknown Source)
	at TempTestSuite1601322773421.run(TempTestSuite1601322773421.groovy:39)
)
	at com.kms.katalon.core.keyword.internal.KeywordMain.stepFailed(KeywordMain.groovy:39)
	at com.kms.katalon.core.webui.keyword.internal.WebUIKeywordMain.stepFailed(WebUIKeywordMain.groovy:64)
	at com.kms.katalon.core.webui.keyword.builtin.VerifyElementPresentKeyword$_verifyElementPresent_closure1.doCall(VerifyElementPresentKeyword.groovy:85)
	at com.kms.katalon.core.webui.keyword.builtin.VerifyElementPresentKeyword$_verifyElementPresent_closure1.call(VerifyElementPresentKeyword.groovy)
	at com.kms.katalon.core.webui.keyword.internal.WebUIKeywordMain.runKeyword(WebUIKeywordMain.groovy:20)
	at com.kms.katalon.core.webui.keyword.builtin.VerifyElementPresentKeyword.verifyElementPresent(VerifyElementPresentKeyword.groovy:92)
	at com.kms.katalon.core.webui.keyword.builtin.VerifyElementPresentKeyword.execute(VerifyElementPresentKeyword.groovy:68)
	at com.kms.katalon.core.keyword.internal.KeywordExecutor.executeKeywordForPlatform(KeywordExecutor.groovy:73)
	at com.kms.katalon.core.webui.keyword.WebUiBuiltInKeywords.verifyElementPresent(WebUiBuiltInKeywords.groovy:1444)
	at com.kms.katalon.core.webui.keyword.WebUiBuiltInKeywords$verifyElementPresent$19.call(Unknown Source)
	at tCC tA Test Block Quotes.run(tCC tA Test Block Quotes:44)
	at com.kms.katalon.core.main.ScriptEngine.run(ScriptEngine.java:194)
	at com.kms.katalon.core.main.ScriptEngine.runScriptAsRawText(ScriptEngine.java:119)
	at com.kms.katalon.core.main.TestCaseExecutor.runScript(TestCaseExecutor.java:339)
	at com.kms.katalon.core.main.TestCaseExecutor.doExecute(TestCaseExecutor.java:330)
	at com.kms.katalon.core.main.TestCaseExecutor.processExecutionPhase(TestCaseExecutor.java:309)
	at com.kms.katalon.core.main.TestCaseExecutor.accessMainPhase(TestCaseExecutor.java:301)
	at com.kms.katalon.core.main.TestCaseExecutor.execute(TestCaseExecutor.java:235)
	at com.kms.katalon.core.main.TestSuiteExecutor.accessTestCaseMainPhase(TestSuiteExecutor.java:191)
	at com.kms.katalon.core.main.TestSuiteExecutor.accessTestSuiteMainPhase(TestSuiteExecutor.java:141)
	at com.kms.katalon.core.main.TestSuiteExecutor.execute(TestSuiteExecutor.java:90)
	at com.kms.katalon.core.main.TestCaseMain.startTestSuite(TestCaseMain.java:157)
	at com.kms.katalon.core.main.TestCaseMain$startTestSuite$0.call(Unknown Source)
	at TempTestSuite1601322773421.run(TempTestSuite1601322773421.groovy:39)
Caused by: com.kms.katalon.core.exception.StepFailedException: com.kms.katalon.core.webui.exception.WebElementNotFoundException: Web element with id: 'Object Repository/Page_tCC translationAcademy/button_SaveEnabled' located by 'id("root")/div[@class="App"]/div[1]/div[@class="jss50"]/div[@class="jss54"]/div[@class="MuiPaper-root MuiPaper-elevation1 MuiPaper-rounded"]/div[@class="jss55"]/button[@class="MuiButtonBase-root MuiIconButton-root jss56"][count(. | //*[@type = 'button' and @aria-label = 'Save']) = count(//*[@type = 'button' and @aria-label = 'Save'])]' not found
	... 23 more]]></system-err>
      </testcase>
      <testcase name="Test Cases/tCC Test Cases/tCC Test Permissions" time="41.235" classname="Test Cases/tCC Test Cases/tCC Test Permissions" status="PASSED">
         <system-out><![CDATA[2020-09-28 14:59:53 - [TEST_CASE][PASSED] - Test Cases/tCC Test Cases/tCC Test Permissions: Test Cases/tCC Test Cases/tCC Test Permissions

2020-09-28 14:59:53 - [TEST_STEP][PASSED] - Start listener action : sampleBeforeTestCase: Execution profile is tCC Production

2020-09-28 14:59:53 - [TEST_STEP][PASSED] - tcMessages = []: null

2020-09-28 14:59:53 - [TEST_STEP][PASSED] - executionProfile = getExecutionProfile(): null

2020-09-28 14:59:53 - [TEST_STEP][PASSED] - logInfo("Execution profile is " + executionProfile): Execution profile is tCC Production

2020-09-28 14:59:53 - [MESSAGE][INFO] - Execution profile is tCC Production

2020-09-28 14:59:54 - [TEST_STEP][PASSED] - callTestCase(findTestCase("tCC Components/tCC Login"), ["user":"tc01", "password":"tc01"], STOP_ON_FAILURE): Call Test Case 'Test Cases/tCC Components/tCC Login' successfully

2020-09-28 14:59:54 - [TEST_CASE][PASSED] - Test Cases/tCC Components/tCC Login: Test Cases/tCC Components/tCC Login

2020-09-28 14:59:54 - [TEST_STEP][PASSED] - if (openBrowser): Current window maximized

2020-09-28 14:59:54 - [TEST_STEP][PASSED] - openBrowser(""): Browser is opened with url: ''

2020-09-28 14:59:54 - [MESSAGE][INFO] - Starting 'Chrome' driver

2020-09-28 14:59:54 - [MESSAGE][INFO] - Action delay is set to 0 milliseconds

2020-09-28 14:59:57 - [MESSAGE][PASSED] - Browser is opened with url: ''

2020-09-28 14:59:57 - [TEST_STEP][PASSED] - maximizeWindow(): Current window maximized

2020-09-28 14:59:57 - [MESSAGE][PASSED] - Current window maximized

2020-09-28 14:59:57 - [TEST_STEP][PASSED] - println("Opening " + url): null

2020-09-28 14:59:57 - [TEST_STEP][PASSED] - navigateToUrl(url): Navigate to 'http://create.translationcore.com' successfully

2020-09-28 15:00:01 - [MESSAGE][PASSED] - Navigate to 'http://create.translationcore.com' successfully

2020-09-28 15:00:01 - [TEST_STEP][PASSED] - waitForElementVisible(findTestObject("Page_tC Create/text_tCCVersion"), 30): Object 'Object Repository/Page_tC Create/text_tCCVersion' is visible

2020-09-28 15:00:03 - [MESSAGE][PASSED] - Object 'Object Repository/Page_tC Create/text_tCCVersion' is visible

2020-09-28 15:00:03 - [TEST_STEP][PASSED] - version = getText(findTestObject("Page_tC Create/text_tCCVersion")): Text of object 'Object Repository/Page_tC Create/text_tCCVersion' is: 'translationCore Create - v1.0.4'

2020-09-28 15:00:03 - [MESSAGE][PASSED] - Text of object 'Object Repository/Page_tC Create/text_tCCVersion' is: 'translationCore Create - v1.0.4'

2020-09-28 15:00:03 - [TEST_STEP][PASSED] - version = version: null

2020-09-28 15:00:03 - [TEST_STEP][PASSED] - println("Version is " + version): null

2020-09-28 15:00:03 - [TEST_STEP][PASSED] - if (user == ""): null

2020-09-28 15:00:03 - [TEST_STEP][PASSED] - else if (user != "?"): Object: 'Object Repository/Page_tC Create/button_Login' is clicked on

2020-09-28 15:00:03 - [TEST_STEP][PASSED] - println("Logging in as " + user): null

2020-09-28 15:00:03 - [TEST_STEP][PASSED] - setText(findTestObject("Page_tC Create/input__username"), user): Text 'tc01' is set on object 'Object Repository/Page_tC Create/input__username'

2020-09-28 15:00:04 - [MESSAGE][PASSED] - Text 'tc01' is set on object 'Object Repository/Page_tC Create/input__username'

2020-09-28 15:00:04 - [TEST_STEP][PASSED] - setText(findTestObject("Page_tC Create/input__password"), password): Text 'tc01' is set on object 'Object Repository/Page_tC Create/input__password'

2020-09-28 15:00:05 - [MESSAGE][PASSED] - Text 'tc01' is set on object 'Object Repository/Page_tC Create/input__password'

2020-09-28 15:00:05 - [TEST_STEP][PASSED] - click(findTestObject("Page_tC Create/button_Login")): Object: 'Object Repository/Page_tC Create/button_Login' is clicked on

2020-09-28 15:00:05 - [MESSAGE][PASSED] - Object: 'Object Repository/Page_tC Create/button_Login' is clicked on

2020-09-28 15:00:05 - [MESSAGE][PASSED] - Call Test Case 'Test Cases/tCC Components/tCC Login' successfully

2020-09-28 15:00:05 - [TEST_STEP][PASSED] - if (!(callTestCase(findTestCase("tCC Components/tCC Select Org-Lang-Resource"), ["organization":"", "language":"", "resource":"unfoldingWord® Translation Academy"], STOP_ON_FAILURE))): Call Test Case 'Test Cases/tCC Components/tCC Select Org-Lang-Resource' successfully

2020-09-28 15:00:05 - [TEST_CASE][PASSED] - Test Cases/tCC Components/tCC Select Org-Lang-Resource: Test Cases/tCC Components/tCC Select Org-Lang-Resource

2020-09-28 15:00:05 - [TEST_STEP][PASSED] - if (organization == ""): null

2020-09-28 15:00:05 - [TEST_STEP][PASSED] - organization = organization: null

2020-09-28 15:00:05 - [TEST_STEP][PASSED] - if (language == ""): null

2020-09-28 15:00:05 - [TEST_STEP][PASSED] - language = langCode: null

2020-09-28 15:00:05 - [TEST_STEP][PASSED] - println("Choosing organization " + organization): null

2020-09-28 15:00:05 - [TEST_STEP][PASSED] - if (waitForElementPresent(organization, 5, OPTIONAL) == false): Object 'Object Repository/Page_tC Create/listOrg_translate_test' is present

2020-09-28 15:00:08 - [MESSAGE][PASSED] - Object 'Object Repository/Page_tC Create/listOrg_translate_test' is present

2020-09-28 15:00:08 - [TEST_STEP][PASSED] - else: null

2020-09-28 15:00:08 - [TEST_STEP][PASSED] - click(organization): Object: 'Object Repository/Page_tC Create/listOrg_translate_test' is clicked on

2020-09-28 15:00:08 - [MESSAGE][PASSED] - Object: 'Object Repository/Page_tC Create/listOrg_translate_test' is clicked on

2020-09-28 15:00:08 - [TEST_STEP][PASSED] - alerted = waitForAlert(2): No alert found after 2 second(s).

2020-09-28 15:00:10 - [MESSAGE][WARNING] - No alert found after 2 second(s).

2020-09-28 15:00:10 - [TEST_STEP][PASSED] - if (alerted == true): null

2020-09-28 15:00:10 - [TEST_STEP][PASSED] - else: Object: 'Object Repository/Page_tC Create/listOption_Language_Parmed' is clicked on

2020-09-28 15:00:10 - [TEST_STEP][PASSED] - println("Not alerted on organization"): null

2020-09-28 15:00:10 - [TEST_STEP][PASSED] - alertFlag = false: null

2020-09-28 15:00:10 - [TEST_STEP][PASSED] - println("Choosing resource " + resource): null

2020-09-28 15:00:10 - [TEST_STEP][PASSED] - click(findTestObject("Page_tC Create/resource_Parmed", ["resource":resource])): Object: 'Object Repository/Page_tC Create/resource_Parmed' is clicked on

2020-09-28 15:00:11 - [MESSAGE][PASSED] - Object: 'Object Repository/Page_tC Create/resource_Parmed' is clicked on

2020-09-28 15:00:11 - [TEST_STEP][PASSED] - println("Choosing language " + language): null

2020-09-28 15:00:11 - [TEST_STEP][PASSED] - click(findTestObject("Page_tC Create/combo_Select Language")): Object: 'Object Repository/Page_tC Create/combo_Select Language' is clicked on

2020-09-28 15:00:12 - [MESSAGE][PASSED] - Object: 'Object Repository/Page_tC Create/combo_Select Language' is clicked on

2020-09-28 15:00:12 - [TEST_STEP][PASSED] - click(findTestObject("Page_tC Create/listOption_Language_Parmed", ["lang_code":language])): Object: 'Object Repository/Page_tC Create/listOption_Language_Parmed' is clicked on

2020-09-28 15:00:13 - [MESSAGE][PASSED] - Object: 'Object Repository/Page_tC Create/listOption_Language_Parmed' is clicked on

2020-09-28 15:00:13 - [TEST_STEP][PASSED] - return true: null

2020-09-28 15:00:13 - [MESSAGE][PASSED] - Call Test Case 'Test Cases/tCC Components/tCC Select Org-Lang-Resource' successfully

2020-09-28 15:00:13 - [TEST_STEP][PASSED] - closeBrowser(): Browser is closed

2020-09-28 15:00:13 - [MESSAGE][PASSED] - Browser is closed

2020-09-28 15:00:13 - [TEST_STEP][PASSED] - callTestCase(findTestCase("tCC Components/tCC Login"), ["user":"tc02", "password":"tc02"], STOP_ON_FAILURE): Call Test Case 'Test Cases/tCC Components/tCC Login' successfully

2020-09-28 15:00:13 - [TEST_CASE][PASSED] - Test Cases/tCC Components/tCC Login: Test Cases/tCC Components/tCC Login

2020-09-28 15:00:13 - [TEST_STEP][PASSED] - if (openBrowser): Current window maximized

2020-09-28 15:00:13 - [TEST_STEP][PASSED] - openBrowser(""): Browser is opened with url: ''

2020-09-28 15:00:13 - [MESSAGE][INFO] - Starting 'Chrome' driver

2020-09-28 15:00:13 - [MESSAGE][INFO] - Action delay is set to 0 milliseconds

2020-09-28 15:00:17 - [MESSAGE][PASSED] - Browser is opened with url: ''

2020-09-28 15:00:17 - [TEST_STEP][PASSED] - maximizeWindow(): Current window maximized

2020-09-28 15:00:17 - [MESSAGE][PASSED] - Current window maximized

2020-09-28 15:00:17 - [TEST_STEP][PASSED] - println("Opening " + url): null

2020-09-28 15:00:17 - [TEST_STEP][PASSED] - navigateToUrl(url): Navigate to 'http://create.translationcore.com' successfully

2020-09-28 15:00:21 - [MESSAGE][PASSED] - Navigate to 'http://create.translationcore.com' successfully

2020-09-28 15:00:21 - [TEST_STEP][PASSED] - waitForElementVisible(findTestObject("Page_tC Create/text_tCCVersion"), 30): Object 'Object Repository/Page_tC Create/text_tCCVersion' is visible

2020-09-28 15:00:22 - [MESSAGE][PASSED] - Object 'Object Repository/Page_tC Create/text_tCCVersion' is visible

2020-09-28 15:00:22 - [TEST_STEP][PASSED] - version = getText(findTestObject("Page_tC Create/text_tCCVersion")): Text of object 'Object Repository/Page_tC Create/text_tCCVersion' is: 'translationCore Create - v1.0.4'

2020-09-28 15:00:22 - [MESSAGE][PASSED] - Text of object 'Object Repository/Page_tC Create/text_tCCVersion' is: 'translationCore Create - v1.0.4'

2020-09-28 15:00:22 - [TEST_STEP][PASSED] - version = version: null

2020-09-28 15:00:22 - [TEST_STEP][PASSED] - println("Version is " + version): null

2020-09-28 15:00:22 - [TEST_STEP][PASSED] - if (user == ""): null

2020-09-28 15:00:22 - [TEST_STEP][PASSED] - else if (user != "?"): Object: 'Object Repository/Page_tC Create/button_Login' is clicked on

2020-09-28 15:00:22 - [TEST_STEP][PASSED] - println("Logging in as " + user): null

2020-09-28 15:00:22 - [TEST_STEP][PASSED] - setText(findTestObject("Page_tC Create/input__username"), user): Text 'tc02' is set on object 'Object Repository/Page_tC Create/input__username'

2020-09-28 15:00:23 - [MESSAGE][PASSED] - Text 'tc02' is set on object 'Object Repository/Page_tC Create/input__username'

2020-09-28 15:00:23 - [TEST_STEP][PASSED] - setText(findTestObject("Page_tC Create/input__password"), password): Text 'tc02' is set on object 'Object Repository/Page_tC Create/input__password'

2020-09-28 15:00:24 - [MESSAGE][PASSED] - Text 'tc02' is set on object 'Object Repository/Page_tC Create/input__password'

2020-09-28 15:00:24 - [TEST_STEP][PASSED] - click(findTestObject("Page_tC Create/button_Login")): Object: 'Object Repository/Page_tC Create/button_Login' is clicked on

2020-09-28 15:00:24 - [MESSAGE][PASSED] - Object: 'Object Repository/Page_tC Create/button_Login' is clicked on

2020-09-28 15:00:24 - [MESSAGE][PASSED] - Call Test Case 'Test Cases/tCC Components/tCC Login' successfully

2020-09-28 15:00:24 - [TEST_STEP][PASSED] - if (!(callTestCase(findTestCase("tCC Components/tCC Select Org-Lang-Resource"), ["organization":"", "language":"", "resource":"unfoldingWord® Translation Academy"], OPTIONAL))): null

2020-09-28 15:00:24 - [TEST_CASE][PASSED] - Test Cases/tCC Components/tCC Select Org-Lang-Resource: Test Cases/tCC Components/tCC Select Org-Lang-Resource

2020-09-28 15:00:24 - [TEST_STEP][PASSED] - if (organization == ""): null

2020-09-28 15:00:24 - [TEST_STEP][PASSED] - organization = organization: null

2020-09-28 15:00:24 - [TEST_STEP][PASSED] - if (language == ""): null

2020-09-28 15:00:24 - [TEST_STEP][PASSED] - language = langCode: null

2020-09-28 15:00:24 - [TEST_STEP][PASSED] - println("Choosing organization " + organization): null

2020-09-28 15:00:24 - [TEST_STEP][PASSED] - if (waitForElementPresent(organization, 5, OPTIONAL) == false): null

2020-09-28 15:00:31 - [MESSAGE][INFO] - Unable to find the element located by 'By.xpath: //*[(text() = 'translate_test' or . = 'translate_test')]'. Please recheck the objects properties to make sure the desired element is located. 

2020-09-28 15:00:31 - [MESSAGE][WARNING] - Object 'Object Repository/Page_tC Create/listOrg_translate_test' is not present after 5 second(s)

2020-09-28 15:00:31 - [TEST_STEP][PASSED] - println("Failed to find organization option. Suspect infinite spinner"): null

2020-09-28 15:00:31 - [TEST_STEP][PASSED] - takeScreenshot(): Taking screenshot successfully

2020-09-28 15:00:32 - [MESSAGE][PASSED] - Taking screenshot successfully
[[ATTACHMENT|/Users/cckozie/Katalon Studio/tC Create Project/Reports/20200928_145253/tCC Test Suite 1/20200928_145253/1601323231315.png]]

2020-09-28 15:00:32 - [TEST_STEP][PASSED] - return false: null

2020-09-28 15:00:32 - [MESSAGE][PASSED] - Call Test Case 'Test Cases/tCC Components/tCC Select Org-Lang-Resource' successfully

2020-09-28 15:00:32 - [TEST_STEP][PASSED] - if (!(verifyElementPresent(findTestObject("Page_tC Create/msg_No organizations for this account"), 1, OPTIONAL))): Object 'Object Repository/Page_tC Create/msg_No organizations for this account' is present

2020-09-28 15:00:32 - [MESSAGE][PASSED] - Object 'Object Repository/Page_tC Create/msg_No organizations for this account' is present

2020-09-28 15:00:32 - [TEST_STEP][PASSED] - else: null

2020-09-28 15:00:32 - [TEST_STEP][PASSED] - println("No organizations for this account message was displayed."): null

2020-09-28 15:00:32 - [TEST_STEP][PASSED] - closeBrowser(): Browser is closed

2020-09-28 15:00:32 - [MESSAGE][PASSED] - Browser is closed

2020-09-28 15:00:32 - [TEST_STEP][PASSED] - return null: null

2020-09-28 15:00:32 - [TEST_STEP][PASSED] - Start listener action : sampleAfterTestCase: null

2020-09-28 15:00:32 - [TEST_STEP][PASSED] - separator = "===========================================================================================================================": null

2020-09-28 15:00:32 - [TEST_STEP][PASSED] - println(separator): null

2020-09-28 15:00:32 - [TEST_STEP][PASSED] - prefix = " +++++++++++ ": null

2020-09-28 15:00:32 - [TEST_STEP][PASSED] - if (testCaseContext.getTestCaseStatus() != "PASSED"): null

2020-09-28 15:00:32 - [TEST_STEP][PASSED] - println(prefix + testCaseContext.getTestCaseId() + " on " + version + " " + testCaseContext.getTestCaseStatus() + prefix): null

2020-09-28 15:00:32 - [TEST_STEP][PASSED] - tsMessages.add("##" + testCaseContext.getTestCaseId()): null

2020-09-28 15:00:32 - [TEST_STEP][PASSED] - if (tcMessages.size() > 0): null

2020-09-28 15:00:32 - [TEST_STEP][PASSED] - println(separator): null]]></system-out>
         <system-err><![CDATA[]]></system-err>
      </testcase>
      <testcase name="Test Cases/tCC Test Cases/tCC Test Multiple Sessions" time="40.474" classname="Test Cases/tCC Test Cases/tCC Test Multiple Sessions" status="FAILED">
         <failure type="FAILED" message="Test Cases/tCC Test Cases/tCC Test Multiple Sessions FAILED.
Reason:
com.kms.katalon.core.exception.StepFailedException: Unable to wait for object to be not present (Root cause: com.kms.katalon.core.exception.StepFailedException: Unable to wait for object to be not present
	at com.kms.katalon.core.webui.keyword.internal.WebUIKeywordMain.stepFailed(WebUIKeywordMain.groovy:64)
	at com.kms.katalon.core.webui.keyword.internal.WebUIKeywordMain.runKeyword(WebUIKeywordMain.groovy:26)
	at com.kms.katalon.core.webui.keyword.internal.WebUIKeywordMain$runKeyword.call(Unknown Source)
	at com.kms.katalon.core.webui.keyword.builtin.WaitForElementNotPresentKeyword.waitForElementNotPresent(WaitForElementNotPresentKeyword.groovy:114)
	at com.kms.katalon.core.webui.keyword.builtin.WaitForElementNotPresentKeyword.execute(WaitForElementNotPresentKeyword.groovy:68)
	at com.kms.katalon.core.keyword.internal.KeywordExecutor.executeKeywordForPlatform(KeywordExecutor.groovy:73)
	at com.kms.katalon.core.webui.keyword.WebUiBuiltInKeywords.waitForElementNotPresent(WebUiBuiltInKeywords.groovy:294)
	at com.kms.katalon.core.webui.keyword.WebUiBuiltInKeywords$waitForElementNotPresent$25.call(Unknown Source)
	at tCC Test Multiple Sessions.run(tCC Test Multiple Sessions:70)
	at com.kms.katalon.core.main.ScriptEngine.run(ScriptEngine.java:194)
	at com.kms.katalon.core.main.ScriptEngine.runScriptAsRawText(ScriptEngine.java:119)
	at com.kms.katalon.core.main.TestCaseExecutor.runScript(TestCaseExecutor.java:339)
	at com.kms.katalon.core.main.TestCaseExecutor.doExecute(TestCaseExecutor.java:330)
	at com.kms.katalon.core.main.TestCaseExecutor.processExecutionPhase(TestCaseExecutor.java:309)
	at com.kms.katalon.core.main.TestCaseExecutor.accessMainPhase(TestCaseExecutor.java:301)
	at com.kms.katalon.core.main.TestCaseExecutor.execute(TestCaseExecutor.java:235)
	at com.kms.katalon.core.main.TestSuiteExecutor.accessTestCaseMainPhase(TestSuiteExecutor.java:191)
	at com.kms.katalon.core.main.TestSuiteExecutor.accessTestSuiteMainPhase(TestSuiteExecutor.java:141)
	at com.kms.katalon.core.main.TestSuiteExecutor.execute(TestSuiteExecutor.java:90)
	at com.kms.katalon.core.main.TestCaseMain.startTestSuite(TestCaseMain.java:157)
	at com.kms.katalon.core.main.TestCaseMain$startTestSuite$0.call(Unknown Source)
	at TempTestSuite1601322773421.run(TempTestSuite1601322773421.groovy:39)
Caused by: java.lang.IllegalArgumentException: Object is null
	at com.kms.katalon.core.helper.KeywordHelper.checkTestObjectParameter(KeywordHelper.java:33)
	at com.kms.katalon.core.helper.KeywordHelper$checkTestObjectParameter.call(Unknown Source)
	at com.kms.katalon.core.helper.KeywordHelper$checkTestObjectParameter.call(Unknown Source)
	at com.kms.katalon.core.webui.keyword.builtin.WaitForElementNotPresentKeyword$_waitForElementNotPresent_closure1.doCall(WaitForElementNotPresentKeyword.groovy:75)
	at com.kms.katalon.core.webui.keyword.builtin.WaitForElementNotPresentKeyword$_waitForElementNotPresent_closure1.doCall(WaitForElementNotPresentKeyword.groovy)
	at com.kms.katalon.core.webui.keyword.internal.WebUIKeywordMain.runKeyword(WebUIKeywordMain.groovy:20)
	at com.kms.katalon.core.webui.keyword.internal.WebUIKeywordMain$runKeyword.call(Unknown Source)
	at com.kms.katalon.core.webui.keyword.builtin.WaitForElementNotPresentKeyword.waitForElementNotPresent(WaitForElementNotPresentKeyword.groovy:114)
	at com.kms.katalon.core.webui.keyword.builtin.WaitForElementNotPresentKeyword.execute(WaitForElementNotPresentKeyword.groovy:68)
	at com.kms.katalon.core.keyword.internal.KeywordExecutor.executeKeywordForPlatform(KeywordExecutor.groovy:73)
	at com.kms.katalon.core.webui.keyword.WebUiBuiltInKeywords.waitForElementNotPresent(WebUiBuiltInKeywords.groovy:294)
	at com.kms.katalon.core.webui.keyword.WebUiBuiltInKeywords$waitForElementNotPresent$25.call(Unknown Source)
	at Script1601076154961.run(Script1601076154961.groovy:70)
	... 13 more
)
	at com.kms.katalon.core.keyword.internal.KeywordMain.stepFailed(KeywordMain.groovy:39)
	at com.kms.katalon.core.webui.keyword.internal.WebUIKeywordMain.stepFailed(WebUIKeywordMain.groovy:64)
	at com.kms.katalon.core.webui.keyword.internal.WebUIKeywordMain.runKeyword(WebUIKeywordMain.groovy:26)
	at com.kms.katalon.core.webui.keyword.internal.WebUIKeywordMain$runKeyword.call(Unknown Source)
	at com.kms.katalon.core.webui.keyword.builtin.WaitForElementNotPresentKeyword.waitForElementNotPresent(WaitForElementNotPresentKeyword.groovy:114)
	at com.kms.katalon.core.webui.keyword.builtin.WaitForElementNotPresentKeyword.execute(WaitForElementNotPresentKeyword.groovy:68)
	at com.kms.katalon.core.keyword.internal.KeywordExecutor.executeKeywordForPlatform(KeywordExecutor.groovy:73)
	at com.kms.katalon.core.webui.keyword.WebUiBuiltInKeywords.waitForElementNotPresent(WebUiBuiltInKeywords.groovy:294)
	at com.kms.katalon.core.webui.keyword.WebUiBuiltInKeywords$waitForElementNotPresent$25.call(Unknown Source)
	at tCC Test Multiple Sessions.run(tCC Test Multiple Sessions:70)
	at com.kms.katalon.core.main.ScriptEngine.run(ScriptEngine.java:194)
	at com.kms.katalon.core.main.ScriptEngine.runScriptAsRawText(ScriptEngine.java:119)
	at com.kms.katalon.core.main.TestCaseExecutor.runScript(TestCaseExecutor.java:339)
	at com.kms.katalon.core.main.TestCaseExecutor.doExecute(TestCaseExecutor.java:330)
	at com.kms.katalon.core.main.TestCaseExecutor.processExecutionPhase(TestCaseExecutor.java:309)
	at com.kms.katalon.core.main.TestCaseExecutor.accessMainPhase(TestCaseExecutor.java:301)
	at com.kms.katalon.core.main.TestCaseExecutor.execute(TestCaseExecutor.java:235)
	at com.kms.katalon.core.main.TestSuiteExecutor.accessTestCaseMainPhase(TestSuiteExecutor.java:191)
	at com.kms.katalon.core.main.TestSuiteExecutor.accessTestSuiteMainPhase(TestSuiteExecutor.java:141)
	at com.kms.katalon.core.main.TestSuiteExecutor.execute(TestSuiteExecutor.java:90)
	at com.kms.katalon.core.main.TestCaseMain.startTestSuite(TestCaseMain.java:157)
	at com.kms.katalon.core.main.TestCaseMain$startTestSuite$0.call(Unknown Source)
	at TempTestSuite1601322773421.run(TempTestSuite1601322773421.groovy:39)
Caused by: com.kms.katalon.core.exception.StepFailedException: Unable to wait for object to be not present
	... 22 more
Caused by: java.lang.IllegalArgumentException: Object is null
	at com.kms.katalon.core.helper.KeywordHelper.checkTestObjectParameter(KeywordHelper.java:33)
	at com.kms.katalon.core.helper.KeywordHelper$checkTestObjectParameter.call(Unknown Source)
	at com.kms.katalon.core.helper.KeywordHelper$checkTestObjectParameter.call(Unknown Source)
	at com.kms.katalon.core.webui.keyword.builtin.WaitForElementNotPresentKeyword$_waitForElementNotPresent_closure1.doCall(WaitForElementNotPresentKeyword.groovy:75)
	at com.kms.katalon.core.webui.keyword.builtin.WaitForElementNotPresentKeyword$_waitForElementNotPresent_closure1.doCall(WaitForElementNotPresentKeyword.groovy)
	at com.kms.katalon.core.webui.keyword.internal.WebUIKeywordMain.runKeyword(WebUIKeywordMain.groovy:20)
	... 20 more
"/>
         <system-out><![CDATA[2020-09-28 15:00:34 - [TEST_CASE][FAILED] - Test Cases/tCC Test Cases/tCC Test Multiple Sessions: Test Cases/tCC Test Cases/tCC Test Multiple Sessions FAILED.
Reason:
com.kms.katalon.core.exception.StepFailedException: Unable to wait for object to be not present (Root cause: com.kms.katalon.core.exception.StepFailedException: Unable to wait for object to be not present
	at com.kms.katalon.core.webui.keyword.internal.WebUIKeywordMain.stepFailed(WebUIKeywordMain.groovy:64)
	at com.kms.katalon.core.webui.keyword.internal.WebUIKeywordMain.runKeyword(WebUIKeywordMain.groovy:26)
	at com.kms.katalon.core.webui.keyword.internal.WebUIKeywordMain$runKeyword.call(Unknown Source)
	at com.kms.katalon.core.webui.keyword.builtin.WaitForElementNotPresentKeyword.waitForElementNotPresent(WaitForElementNotPresentKeyword.groovy:114)
	at com.kms.katalon.core.webui.keyword.builtin.WaitForElementNotPresentKeyword.execute(WaitForElementNotPresentKeyword.groovy:68)
	at com.kms.katalon.core.keyword.internal.KeywordExecutor.executeKeywordForPlatform(KeywordExecutor.groovy:73)
	at com.kms.katalon.core.webui.keyword.WebUiBuiltInKeywords.waitForElementNotPresent(WebUiBuiltInKeywords.groovy:294)
	at com.kms.katalon.core.webui.keyword.WebUiBuiltInKeywords$waitForElementNotPresent$25.call(Unknown Source)
	at tCC Test Multiple Sessions.run(tCC Test Multiple Sessions:70)
	at com.kms.katalon.core.main.ScriptEngine.run(ScriptEngine.java:194)
	at com.kms.katalon.core.main.ScriptEngine.runScriptAsRawText(ScriptEngine.java:119)
	at com.kms.katalon.core.main.TestCaseExecutor.runScript(TestCaseExecutor.java:339)
	at com.kms.katalon.core.main.TestCaseExecutor.doExecute(TestCaseExecutor.java:330)
	at com.kms.katalon.core.main.TestCaseExecutor.processExecutionPhase(TestCaseExecutor.java:309)
	at com.kms.katalon.core.main.TestCaseExecutor.accessMainPhase(TestCaseExecutor.java:301)
	at com.kms.katalon.core.main.TestCaseExecutor.execute(TestCaseExecutor.java:235)
	at com.kms.katalon.core.main.TestSuiteExecutor.accessTestCaseMainPhase(TestSuiteExecutor.java:191)
	at com.kms.katalon.core.main.TestSuiteExecutor.accessTestSuiteMainPhase(TestSuiteExecutor.java:141)
	at com.kms.katalon.core.main.TestSuiteExecutor.execute(TestSuiteExecutor.java:90)
	at com.kms.katalon.core.main.TestCaseMain.startTestSuite(TestCaseMain.java:157)
	at com.kms.katalon.core.main.TestCaseMain$startTestSuite$0.call(Unknown Source)
	at TempTestSuite1601322773421.run(TempTestSuite1601322773421.groovy:39)
Caused by: java.lang.IllegalArgumentException: Object is null
	at com.kms.katalon.core.helper.KeywordHelper.checkTestObjectParameter(KeywordHelper.java:33)
	at com.kms.katalon.core.helper.KeywordHelper$checkTestObjectParameter.call(Unknown Source)
	at com.kms.katalon.core.helper.KeywordHelper$checkTestObjectParameter.call(Unknown Source)
	at com.kms.katalon.core.webui.keyword.builtin.WaitForElementNotPresentKeyword$_waitForElementNotPresent_closure1.doCall(WaitForElementNotPresentKeyword.groovy:75)
	at com.kms.katalon.core.webui.keyword.builtin.WaitForElementNotPresentKeyword$_waitForElementNotPresent_closure1.doCall(WaitForElementNotPresentKeyword.groovy)
	at com.kms.katalon.core.webui.keyword.internal.WebUIKeywordMain.runKeyword(WebUIKeywordMain.groovy:20)
	at com.kms.katalon.core.webui.keyword.internal.WebUIKeywordMain$runKeyword.call(Unknown Source)
	at com.kms.katalon.core.webui.keyword.builtin.WaitForElementNotPresentKeyword.waitForElementNotPresent(WaitForElementNotPresentKeyword.groovy:114)
	at com.kms.katalon.core.webui.keyword.builtin.WaitForElementNotPresentKeyword.execute(WaitForElementNotPresentKeyword.groovy:68)
	at com.kms.katalon.core.keyword.internal.KeywordExecutor.executeKeywordForPlatform(KeywordExecutor.groovy:73)
	at com.kms.katalon.core.webui.keyword.WebUiBuiltInKeywords.waitForElementNotPresent(WebUiBuiltInKeywords.groovy:294)
	at com.kms.katalon.core.webui.keyword.WebUiBuiltInKeywords$waitForElementNotPresent$25.call(Unknown Source)
	at Script1601076154961.run(Script1601076154961.groovy:70)
	... 13 more
)
	at com.kms.katalon.core.keyword.internal.KeywordMain.stepFailed(KeywordMain.groovy:39)
	at com.kms.katalon.core.webui.keyword.internal.WebUIKeywordMain.stepFailed(WebUIKeywordMain.groovy:64)
	at com.kms.katalon.core.webui.keyword.internal.WebUIKeywordMain.runKeyword(WebUIKeywordMain.groovy:26)
	at com.kms.katalon.core.webui.keyword.internal.WebUIKeywordMain$runKeyword.call(Unknown Source)
	at com.kms.katalon.core.webui.keyword.builtin.WaitForElementNotPresentKeyword.waitForElementNotPresent(WaitForElementNotPresentKeyword.groovy:114)
	at com.kms.katalon.core.webui.keyword.builtin.WaitForElementNotPresentKeyword.execute(WaitForElementNotPresentKeyword.groovy:68)
	at com.kms.katalon.core.keyword.internal.KeywordExecutor.executeKeywordForPlatform(KeywordExecutor.groovy:73)
	at com.kms.katalon.core.webui.keyword.WebUiBuiltInKeywords.waitForElementNotPresent(WebUiBuiltInKeywords.groovy:294)
	at com.kms.katalon.core.webui.keyword.WebUiBuiltInKeywords$waitForElementNotPresent$25.call(Unknown Source)
	at tCC Test Multiple Sessions.run(tCC Test Multiple Sessions:70)
	at com.kms.katalon.core.main.ScriptEngine.run(ScriptEngine.java:194)
	at com.kms.katalon.core.main.ScriptEngine.runScriptAsRawText(ScriptEngine.java:119)
	at com.kms.katalon.core.main.TestCaseExecutor.runScript(TestCaseExecutor.java:339)
	at com.kms.katalon.core.main.TestCaseExecutor.doExecute(TestCaseExecutor.java:330)
	at com.kms.katalon.core.main.TestCaseExecutor.processExecutionPhase(TestCaseExecutor.java:309)
	at com.kms.katalon.core.main.TestCaseExecutor.accessMainPhase(TestCaseExecutor.java:301)
	at com.kms.katalon.core.main.TestCaseExecutor.execute(TestCaseExecutor.java:235)
	at com.kms.katalon.core.main.TestSuiteExecutor.accessTestCaseMainPhase(TestSuiteExecutor.java:191)
	at com.kms.katalon.core.main.TestSuiteExecutor.accessTestSuiteMainPhase(TestSuiteExecutor.java:141)
	at com.kms.katalon.core.main.TestSuiteExecutor.execute(TestSuiteExecutor.java:90)
	at com.kms.katalon.core.main.TestCaseMain.startTestSuite(TestCaseMain.java:157)
	at com.kms.katalon.core.main.TestCaseMain$startTestSuite$0.call(Unknown Source)
	at TempTestSuite1601322773421.run(TempTestSuite1601322773421.groovy:39)
Caused by: com.kms.katalon.core.exception.StepFailedException: Unable to wait for object to be not present
	... 22 more
Caused by: java.lang.IllegalArgumentException: Object is null
	at com.kms.katalon.core.helper.KeywordHelper.checkTestObjectParameter(KeywordHelper.java:33)
	at com.kms.katalon.core.helper.KeywordHelper$checkTestObjectParameter.call(Unknown Source)
	at com.kms.katalon.core.helper.KeywordHelper$checkTestObjectParameter.call(Unknown Source)
	at com.kms.katalon.core.webui.keyword.builtin.WaitForElementNotPresentKeyword$_waitForElementNotPresent_closure1.doCall(WaitForElementNotPresentKeyword.groovy:75)
	at com.kms.katalon.core.webui.keyword.builtin.WaitForElementNotPresentKeyword$_waitForElementNotPresent_closure1.doCall(WaitForElementNotPresentKeyword.groovy)
	at com.kms.katalon.core.webui.keyword.internal.WebUIKeywordMain.runKeyword(WebUIKeywordMain.groovy:20)
	... 20 more


2020-09-28 15:00:34 - [TEST_STEP][PASSED] - Start listener action : sampleBeforeTestCase: Execution profile is tCC Production

2020-09-28 15:00:34 - [TEST_STEP][PASSED] - tcMessages = []: null

2020-09-28 15:00:35 - [TEST_STEP][PASSED] - executionProfile = getExecutionProfile(): null

2020-09-28 15:00:35 - [TEST_STEP][PASSED] - logInfo("Execution profile is " + executionProfile): Execution profile is tCC Production

2020-09-28 15:00:35 - [MESSAGE][INFO] - Execution profile is tCC Production

2020-09-28 15:00:35 - [TEST_STEP][PASSED] - system = unfoldingWord_Keywords.GetTestingConfig.getOperatingSystem(): unfoldingWord_Keywords.GetTestingConfig.getOperatingSystem is PASSED

2020-09-28 15:00:35 - [MESSAGE][PASSED] - unfoldingWord_Keywords.GetTestingConfig.getOperatingSystem is PASSED

2020-09-28 15:00:35 - [TEST_STEP][PASSED] - callTestCase(findTestCase("tCC Components/tCC tN Open For Edit"), [:], STOP_ON_FAILURE): Call Test Case 'Test Cases/tCC Components/tCC tN Open For Edit' successfully

2020-09-28 15:00:35 - [TEST_CASE][PASSED] - Test Cases/tCC Components/tCC tN Open For Edit: Test Cases/tCC Components/tCC tN Open For Edit

2020-09-28 15:00:35 - [TEST_STEP][PASSED] - callTestCase(findTestCase("tCC Components/tCC Login"), ["user":$username, "password":$password], STOP_ON_FAILURE): Call Test Case 'Test Cases/tCC Components/tCC Login' successfully

2020-09-28 15:00:35 - [TEST_CASE][PASSED] - Test Cases/tCC Components/tCC Login: Test Cases/tCC Components/tCC Login

2020-09-28 15:00:35 - [TEST_STEP][PASSED] - if (openBrowser): Current window maximized

2020-09-28 15:00:35 - [TEST_STEP][PASSED] - openBrowser(""): Browser is opened with url: ''

2020-09-28 15:00:35 - [MESSAGE][INFO] - Starting 'Chrome' driver

2020-09-28 15:00:35 - [MESSAGE][INFO] - Action delay is set to 0 milliseconds

2020-09-28 15:00:38 - [MESSAGE][PASSED] - Browser is opened with url: ''

2020-09-28 15:00:38 - [TEST_STEP][PASSED] - maximizeWindow(): Current window maximized

2020-09-28 15:00:38 - [MESSAGE][PASSED] - Current window maximized

2020-09-28 15:00:38 - [TEST_STEP][PASSED] - println("Opening " + url): null

2020-09-28 15:00:38 - [TEST_STEP][PASSED] - navigateToUrl(url): Navigate to 'http://create.translationcore.com' successfully

2020-09-28 15:00:43 - [MESSAGE][PASSED] - Navigate to 'http://create.translationcore.com' successfully

2020-09-28 15:00:43 - [TEST_STEP][PASSED] - waitForElementVisible(findTestObject("Page_tC Create/text_tCCVersion"), 30): Object 'Object Repository/Page_tC Create/text_tCCVersion' is visible

2020-09-28 15:00:44 - [MESSAGE][PASSED] - Object 'Object Repository/Page_tC Create/text_tCCVersion' is visible

2020-09-28 15:00:44 - [TEST_STEP][PASSED] - version = getText(findTestObject("Page_tC Create/text_tCCVersion")): Text of object 'Object Repository/Page_tC Create/text_tCCVersion' is: 'translationCore Create - v1.0.4'

2020-09-28 15:00:44 - [MESSAGE][PASSED] - Text of object 'Object Repository/Page_tC Create/text_tCCVersion' is: 'translationCore Create - v1.0.4'

2020-09-28 15:00:44 - [TEST_STEP][PASSED] - version = version: null

2020-09-28 15:00:45 - [TEST_STEP][PASSED] - println("Version is " + version): null

2020-09-28 15:00:45 - [TEST_STEP][PASSED] - if (user == ""): Object: 'Object Repository/Page_tC Create/button_Login' is clicked on

2020-09-28 15:00:45 - [TEST_STEP][PASSED] - println("Logging in as " + user1Name): null

2020-09-28 15:00:45 - [TEST_STEP][PASSED] - setText(findTestObject("Page_tC Create/input__username"), user1Name): Text 'tcc001' is set on object 'Object Repository/Page_tC Create/input__username'

2020-09-28 15:00:45 - [MESSAGE][PASSED] - Text 'tcc001' is set on object 'Object Repository/Page_tC Create/input__username'

2020-09-28 15:00:45 - [TEST_STEP][PASSED] - setText(findTestObject("Page_tC Create/input__password"), user1Password): Text 'tcc001' is set on object 'Object Repository/Page_tC Create/input__password'

2020-09-28 15:00:46 - [MESSAGE][PASSED] - Text 'tcc001' is set on object 'Object Repository/Page_tC Create/input__password'

2020-09-28 15:00:46 - [TEST_STEP][PASSED] - click(findTestObject("Page_tC Create/button_Login")): Object: 'Object Repository/Page_tC Create/button_Login' is clicked on

2020-09-28 15:00:47 - [MESSAGE][PASSED] - Object: 'Object Repository/Page_tC Create/button_Login' is clicked on

2020-09-28 15:00:47 - [MESSAGE][PASSED] - Call Test Case 'Test Cases/tCC Components/tCC Login' successfully

2020-09-28 15:00:47 - [TEST_STEP][PASSED] - if (callTestCase(findTestCase("tCC Components/tCC Select Org-Lang-Resource"), ["organization":"", "language":"", "resource":"unfoldingWord/en_tn"], STOP_ON_FAILURE) == false): Call Test Case 'Test Cases/tCC Components/tCC Select Org-Lang-Resource' successfully

2020-09-28 15:00:47 - [TEST_CASE][PASSED] - Test Cases/tCC Components/tCC Select Org-Lang-Resource: Test Cases/tCC Components/tCC Select Org-Lang-Resource

2020-09-28 15:00:47 - [TEST_STEP][PASSED] - if (organization == ""): null

2020-09-28 15:00:47 - [TEST_STEP][PASSED] - organization = organization: null

2020-09-28 15:00:47 - [TEST_STEP][PASSED] - if (language == ""): null

2020-09-28 15:00:47 - [TEST_STEP][PASSED] - language = langCode: null

2020-09-28 15:00:47 - [TEST_STEP][PASSED] - println("Choosing organization " + organization): null

2020-09-28 15:00:47 - [TEST_STEP][PASSED] - if (waitForElementPresent(organization, 5, OPTIONAL) == false): Object 'Object Repository/Page_tC Create/listOrg_translate_test' is present

2020-09-28 15:00:49 - [MESSAGE][PASSED] - Object 'Object Repository/Page_tC Create/listOrg_translate_test' is present

2020-09-28 15:00:49 - [TEST_STEP][PASSED] - else: null

2020-09-28 15:00:49 - [TEST_STEP][PASSED] - click(organization): Object: 'Object Repository/Page_tC Create/listOrg_translate_test' is clicked on

2020-09-28 15:00:49 - [MESSAGE][PASSED] - Object: 'Object Repository/Page_tC Create/listOrg_translate_test' is clicked on

2020-09-28 15:00:49 - [TEST_STEP][PASSED] - alerted = waitForAlert(2): No alert found after 2 second(s).

2020-09-28 15:00:51 - [MESSAGE][WARNING] - No alert found after 2 second(s).

2020-09-28 15:00:51 - [TEST_STEP][PASSED] - if (alerted == true): null

2020-09-28 15:00:51 - [TEST_STEP][PASSED] - else: Object: 'Object Repository/Page_tC Create/listOption_Language_Parmed' is clicked on

2020-09-28 15:00:51 - [TEST_STEP][PASSED] - println("Not alerted on organization"): null

2020-09-28 15:00:51 - [TEST_STEP][PASSED] - alertFlag = false: null

2020-09-28 15:00:51 - [TEST_STEP][PASSED] - println("Choosing resource " + resource): null

2020-09-28 15:00:51 - [TEST_STEP][PASSED] - click(findTestObject("Page_tC Create/resource_Parmed", ["resource":resource])): Object: 'Object Repository/Page_tC Create/resource_Parmed' is clicked on

2020-09-28 15:00:52 - [MESSAGE][PASSED] - Object: 'Object Repository/Page_tC Create/resource_Parmed' is clicked on

2020-09-28 15:00:52 - [TEST_STEP][PASSED] - println("Choosing language " + language): null

2020-09-28 15:00:52 - [TEST_STEP][PASSED] - click(findTestObject("Page_tC Create/combo_Select Language")): Object: 'Object Repository/Page_tC Create/combo_Select Language' is clicked on

2020-09-28 15:00:53 - [MESSAGE][PASSED] - Object: 'Object Repository/Page_tC Create/combo_Select Language' is clicked on

2020-09-28 15:00:53 - [TEST_STEP][PASSED] - click(findTestObject("Page_tC Create/listOption_Language_Parmed", ["lang_code":language])): Object: 'Object Repository/Page_tC Create/listOption_Language_Parmed' is clicked on

2020-09-28 15:00:53 - [MESSAGE][PASSED] - Object: 'Object Repository/Page_tC Create/listOption_Language_Parmed' is clicked on

2020-09-28 15:00:53 - [TEST_STEP][PASSED] - return true: null

2020-09-28 15:00:53 - [MESSAGE][PASSED] - Call Test Case 'Test Cases/tCC Components/tCC Select Org-Lang-Resource' successfully

2020-09-28 15:00:53 - [TEST_STEP][PASSED] - click(findTestObject("Page_tC Create/file_en_tn_57-TITtsv")): Object: 'Object Repository/Page_tC Create/file_en_tn_57-TITtsv' is clicked on

2020-09-28 15:00:55 - [MESSAGE][PASSED] - Object: 'Object Repository/Page_tC Create/file_en_tn_57-TITtsv' is clicked on

2020-09-28 15:00:55 - [MESSAGE][PASSED] - Call Test Case 'Test Cases/tCC Components/tCC tN Open For Edit' successfully

2020-09-28 15:00:55 - [TEST_STEP][PASSED] - myBrowser = unfoldingWord_Keywords.GetTestingConfig.getBrowserAndVersion(): unfoldingWord_Keywords.GetTestingConfig.getBrowserAndVersion is PASSED

2020-09-28 15:00:55 - [MESSAGE][PASSED] - unfoldingWord_Keywords.GetTestingConfig.getBrowserAndVersion is PASSED

2020-09-28 15:00:55 - [TEST_STEP][FAILED] - if (!(system.contains("Mac")) || myBrowser.contains("chrome")): null

2020-09-28 15:00:55 - [TEST_STEP][PASSED] - if (myBrowser.contains("chrome")): Execute JavaScript 'window.open();' successfully

2020-09-28 15:00:55 - [TEST_STEP][PASSED] - executeJavaScript("window.open();", []): Execute JavaScript 'window.open();' successfully

2020-09-28 15:00:55 - [MESSAGE][PASSED] - Execute JavaScript 'window.open();' successfully

2020-09-28 15:00:55 - [TEST_STEP][PASSED] - currentWindow = getWindowIndex(): Current window's index is: 0

2020-09-28 15:00:55 - [MESSAGE][PASSED] - Current window's index is: 0

2020-09-28 15:00:55 - [TEST_STEP][PASSED] - switchToWindowIndex(currentWindow + 1): Switched to window with index: '1'

2020-09-28 15:00:55 - [MESSAGE][PASSED] - Switched to window with index: '1'

2020-09-28 15:00:55 - [TEST_STEP][PASSED] - navigateToUrl("https://create.translationcore.com"): Navigate to 'https://create.translationcore.com' successfully

2020-09-28 15:00:56 - [MESSAGE][PASSED] - Navigate to 'https://create.translationcore.com' successfully

2020-09-28 15:00:57 - [TEST_STEP][PASSED] - openBrowser = false: null

2020-09-28 15:00:57 - [TEST_STEP][PASSED] - callTestCase(findTestCase("tCC Components/tCC Login"), ["user":$username, "password":$password], STOP_ON_FAILURE): Call Test Case 'Test Cases/tCC Components/tCC Login' successfully

2020-09-28 15:00:57 - [TEST_CASE][PASSED] - Test Cases/tCC Components/tCC Login: Test Cases/tCC Components/tCC Login

2020-09-28 15:00:57 - [TEST_STEP][PASSED] - if (openBrowser): null

2020-09-28 15:00:57 - [TEST_STEP][PASSED] - println("Opening " + url): null

2020-09-28 15:00:57 - [TEST_STEP][PASSED] - navigateToUrl(url): Navigate to 'http://create.translationcore.com' successfully

2020-09-28 15:00:57 - [MESSAGE][PASSED] - Navigate to 'http://create.translationcore.com' successfully

2020-09-28 15:00:57 - [TEST_STEP][PASSED] - waitForElementVisible(findTestObject("Page_tC Create/text_tCCVersion"), 30): Object 'Object Repository/Page_tC Create/text_tCCVersion' is visible

2020-09-28 15:01:02 - [MESSAGE][PASSED] - Object 'Object Repository/Page_tC Create/text_tCCVersion' is visible

2020-09-28 15:01:02 - [TEST_STEP][PASSED] - version = getText(findTestObject("Page_tC Create/text_tCCVersion")): Text of object 'Object Repository/Page_tC Create/text_tCCVersion' is: 'translationCore Create - v1.0.4'

2020-09-28 15:01:03 - [MESSAGE][PASSED] - Text of object 'Object Repository/Page_tC Create/text_tCCVersion' is: 'translationCore Create - v1.0.4'

2020-09-28 15:01:03 - [TEST_STEP][PASSED] - version = version: null

2020-09-28 15:01:03 - [TEST_STEP][PASSED] - println("Version is " + version): null

2020-09-28 15:01:03 - [TEST_STEP][PASSED] - if (user == ""): Object: 'Object Repository/Page_tC Create/button_Login' is clicked on

2020-09-28 15:01:03 - [TEST_STEP][PASSED] - println("Logging in as " + user1Name): null

2020-09-28 15:01:03 - [TEST_STEP][PASSED] - setText(findTestObject("Page_tC Create/input__username"), user1Name): Text 'tcc001' is set on object 'Object Repository/Page_tC Create/input__username'

2020-09-28 15:01:04 - [MESSAGE][PASSED] - Text 'tcc001' is set on object 'Object Repository/Page_tC Create/input__username'

2020-09-28 15:01:04 - [TEST_STEP][PASSED] - setText(findTestObject("Page_tC Create/input__password"), user1Password): Text 'tcc001' is set on object 'Object Repository/Page_tC Create/input__password'

2020-09-28 15:01:05 - [MESSAGE][PASSED] - Text 'tcc001' is set on object 'Object Repository/Page_tC Create/input__password'

2020-09-28 15:01:05 - [TEST_STEP][PASSED] - click(findTestObject("Page_tC Create/button_Login")): Object: 'Object Repository/Page_tC Create/button_Login' is clicked on

2020-09-28 15:01:05 - [MESSAGE][PASSED] - Object: 'Object Repository/Page_tC Create/button_Login' is clicked on

2020-09-28 15:01:05 - [MESSAGE][PASSED] - Call Test Case 'Test Cases/tCC Components/tCC Login' successfully

2020-09-28 15:01:05 - [TEST_STEP][PASSED] - openBrowser = true: null

2020-09-28 15:01:05 - [TEST_STEP][PASSED] - switchToWindowIndex(currentWindow): Switched to window with index: '0'

2020-09-28 15:01:05 - [MESSAGE][PASSED] - Switched to window with index: '0'

2020-09-28 15:01:05 - [TEST_STEP][PASSED] - waitForElementPresent(findTestObject("Page_tCC translationNotes/tNText_GLOutlinePoint1"), 5): Object 'Object Repository/Page_tCC translationNotes/tNText_GLOutlinePoint1' is present

2020-09-28 15:01:06 - [MESSAGE][PASSED] - Object 'Object Repository/Page_tCC translationNotes/tNText_GLOutlinePoint1' is present

2020-09-28 15:01:06 - [TEST_STEP][PASSED] - sendKeys(findTestObject("Page_tCC translationNotes/tNText_GLOutlinePoint1"), Keys.chord(END)): Keys 'END + ' sent to object: 'Object Repository/Page_tCC translationNotes/tNText_GLOutlinePoint1'

2020-09-28 15:01:06 - [MESSAGE][PASSED] - Keys 'END + ' sent to object: 'Object Repository/Page_tCC translationNotes/tNText_GLOutlinePoint1'

2020-09-28 15:01:06 - [TEST_STEP][PASSED] - sendKeys(findTestObject("Page_tCC translationNotes/tNText_GLOutlinePoint1"), "x"): Keys 'x' sent to object: 'Object Repository/Page_tCC translationNotes/tNText_GLOutlinePoint1'

2020-09-28 15:01:07 - [MESSAGE][PASSED] - Keys 'x' sent to object: 'Object Repository/Page_tCC translationNotes/tNText_GLOutlinePoint1'

2020-09-28 15:01:07 - [TEST_STEP][PASSED] - clickOffset(findTestObject("Page_tCC translationNotes/tNText_GLOutlinePoint1"), -500, 0): Object: 'Object Repository/Page_tCC translationNotes/tNText_GLOutlinePoint1' is clicked on using offset x=-500 and y=0

2020-09-28 15:01:09 - [MESSAGE][PASSED] - Object: 'Object Repository/Page_tCC translationNotes/tNText_GLOutlinePoint1' is clicked on using offset x=-500 and y=0

2020-09-28 15:01:09 - [TEST_STEP][PASSED] - delay(2): Delayed 2 second(s)

2020-09-28 15:01:11 - [MESSAGE][PASSED] - Delayed 2 second(s)

2020-09-28 15:01:11 - [TEST_STEP][PASSED] - click(findTestObject("Page_tCC translationNotes/button_SaveEnabled - xPath")): Object: 'Object Repository/Page_tCC translationNotes/button_SaveEnabled - xPath' is clicked on

2020-09-28 15:01:11 - [MESSAGE][PASSED] - Object: 'Object Repository/Page_tCC translationNotes/button_SaveEnabled - xPath' is clicked on

2020-09-28 15:01:11 - [TEST_STEP][FAILED] - if (waitForElementNotPresent(findTestObject("Page_tCC translationAcademy/button_SaveEnabled - xPath"), 30, CONTINUE_ON_FAILURE)): Unable to wait for object to be not present (Root cause: com.kms.katalon.core.exception.StepFailedException: Unable to wait for object to be not present
	at com.kms.katalon.core.webui.keyword.internal.WebUIKeywordMain.stepFailed(WebUIKeywordMain.groovy:64)
	at com.kms.katalon.core.webui.keyword.internal.WebUIKeywordMain.runKeyword(WebUIKeywordMain.groovy:26)
	at com.kms.katalon.core.webui.keyword.internal.WebUIKeywordMain$runKeyword.call(Unknown Source)
	at com.kms.katalon.core.webui.keyword.builtin.WaitForElementNotPresentKeyword.waitForElementNotPresent(WaitForElementNotPresentKeyword.groovy:114)
	at com.kms.katalon.core.webui.keyword.builtin.WaitForElementNotPresentKeyword.execute(WaitForElementNotPresentKeyword.groovy:68)
	at com.kms.katalon.core.keyword.internal.KeywordExecutor.executeKeywordForPlatform(KeywordExecutor.groovy:73)
	at com.kms.katalon.core.webui.keyword.WebUiBuiltInKeywords.waitForElementNotPresent(WebUiBuiltInKeywords.groovy:294)
	at com.kms.katalon.core.webui.keyword.WebUiBuiltInKeywords$waitForElementNotPresent$25.call(Unknown Source)
	at tCC Test Multiple Sessions.run(tCC Test Multiple Sessions:70)
	at com.kms.katalon.core.main.ScriptEngine.run(ScriptEngine.java:194)
	at com.kms.katalon.core.main.ScriptEngine.runScriptAsRawText(ScriptEngine.java:119)
	at com.kms.katalon.core.main.TestCaseExecutor.runScript(TestCaseExecutor.java:339)
	at com.kms.katalon.core.main.TestCaseExecutor.doExecute(TestCaseExecutor.java:330)
	at com.kms.katalon.core.main.TestCaseExecutor.processExecutionPhase(TestCaseExecutor.java:309)
	at com.kms.katalon.core.main.TestCaseExecutor.accessMainPhase(TestCaseExecutor.java:301)
	at com.kms.katalon.core.main.TestCaseExecutor.execute(TestCaseExecutor.java:235)
	at com.kms.katalon.core.main.TestSuiteExecutor.accessTestCaseMainPhase(TestSuiteExecutor.java:191)
	at com.kms.katalon.core.main.TestSuiteExecutor.accessTestSuiteMainPhase(TestSuiteExecutor.java:141)
	at com.kms.katalon.core.main.TestSuiteExecutor.execute(TestSuiteExecutor.java:90)
	at com.kms.katalon.core.main.TestCaseMain.startTestSuite(TestCaseMain.java:157)
	at com.kms.katalon.core.main.TestCaseMain$startTestSuite$0.call(Unknown Source)
	at TempTestSuite1601322773421.run(TempTestSuite1601322773421.groovy:39)
Caused by: java.lang.IllegalArgumentException: Object is null
	at com.kms.katalon.core.helper.KeywordHelper.checkTestObjectParameter(KeywordHelper.java:33)
	at com.kms.katalon.core.helper.KeywordHelper$checkTestObjectParameter.call(Unknown Source)
	at com.kms.katalon.core.helper.KeywordHelper$checkTestObjectParameter.call(Unknown Source)
	at com.kms.katalon.core.webui.keyword.builtin.WaitForElementNotPresentKeyword$_waitForElementNotPresent_closure1.doCall(WaitForElementNotPresentKeyword.groovy:75)
	at com.kms.katalon.core.webui.keyword.builtin.WaitForElementNotPresentKeyword$_waitForElementNotPresent_closure1.doCall(WaitForElementNotPresentKeyword.groovy)
	at com.kms.katalon.core.webui.keyword.internal.WebUIKeywordMain.runKeyword(WebUIKeywordMain.groovy:20)
	at com.kms.katalon.core.webui.keyword.internal.WebUIKeywordMain$runKeyword.call(Unknown Source)
	at com.kms.katalon.core.webui.keyword.builtin.WaitForElementNotPresentKeyword.waitForElementNotPresent(WaitForElementNotPresentKeyword.groovy:114)
	at com.kms.katalon.core.webui.keyword.builtin.WaitForElementNotPresentKeyword.execute(WaitForElementNotPresentKeyword.groovy:68)
	at com.kms.katalon.core.keyword.internal.KeywordExecutor.executeKeywordForPlatform(KeywordExecutor.groovy:73)
	at com.kms.katalon.core.webui.keyword.WebUiBuiltInKeywords.waitForElementNotPresent(WebUiBuiltInKeywords.groovy:294)
	at com.kms.katalon.core.webui.keyword.WebUiBuiltInKeywords$waitForElementNotPresent$25.call(Unknown Source)
	at Script1601076154961.run(Script1601076154961.groovy:70)
	... 13 more
)

2020-09-28 15:01:11 - [MESSAGE][WARNING] - Test object with id 'Object Repository/Page_tCC translationAcademy/button_SaveEnabled - xPath' does not exist

2020-09-28 15:01:11 - [MESSAGE][WARNING] - Test object with id 'Object Repository/' does not exist

2020-09-28 15:01:13 - [MESSAGE][FAILED] - Unable to wait for object to be not present (Root cause: com.kms.katalon.core.exception.StepFailedException: Unable to wait for object to be not present
	at com.kms.katalon.core.webui.keyword.internal.WebUIKeywordMain.stepFailed(WebUIKeywordMain.groovy:64)
	at com.kms.katalon.core.webui.keyword.internal.WebUIKeywordMain.runKeyword(WebUIKeywordMain.groovy:26)
	at com.kms.katalon.core.webui.keyword.internal.WebUIKeywordMain$runKeyword.call(Unknown Source)
	at com.kms.katalon.core.webui.keyword.builtin.WaitForElementNotPresentKeyword.waitForElementNotPresent(WaitForElementNotPresentKeyword.groovy:114)
	at com.kms.katalon.core.webui.keyword.builtin.WaitForElementNotPresentKeyword.execute(WaitForElementNotPresentKeyword.groovy:68)
	at com.kms.katalon.core.keyword.internal.KeywordExecutor.executeKeywordForPlatform(KeywordExecutor.groovy:73)
	at com.kms.katalon.core.webui.keyword.WebUiBuiltInKeywords.waitForElementNotPresent(WebUiBuiltInKeywords.groovy:294)
	at com.kms.katalon.core.webui.keyword.WebUiBuiltInKeywords$waitForElementNotPresent$25.call(Unknown Source)
	at tCC Test Multiple Sessions.run(tCC Test Multiple Sessions:70)
	at com.kms.katalon.core.main.ScriptEngine.run(ScriptEngine.java:194)
	at com.kms.katalon.core.main.ScriptEngine.runScriptAsRawText(ScriptEngine.java:119)
	at com.kms.katalon.core.main.TestCaseExecutor.runScript(TestCaseExecutor.java:339)
	at com.kms.katalon.core.main.TestCaseExecutor.doExecute(TestCaseExecutor.java:330)
	at com.kms.katalon.core.main.TestCaseExecutor.processExecutionPhase(TestCaseExecutor.java:309)
	at com.kms.katalon.core.main.TestCaseExecutor.accessMainPhase(TestCaseExecutor.java:301)
	at com.kms.katalon.core.main.TestCaseExecutor.execute(TestCaseExecutor.java:235)
	at com.kms.katalon.core.main.TestSuiteExecutor.accessTestCaseMainPhase(TestSuiteExecutor.java:191)
	at com.kms.katalon.core.main.TestSuiteExecutor.accessTestSuiteMainPhase(TestSuiteExecutor.java:141)
	at com.kms.katalon.core.main.TestSuiteExecutor.execute(TestSuiteExecutor.java:90)
	at com.kms.katalon.core.main.TestCaseMain.startTestSuite(TestCaseMain.java:157)
	at com.kms.katalon.core.main.TestCaseMain$startTestSuite$0.call(Unknown Source)
	at TempTestSuite1601322773421.run(TempTestSuite1601322773421.groovy:39)
Caused by: java.lang.IllegalArgumentException: Object is null
	at com.kms.katalon.core.helper.KeywordHelper.checkTestObjectParameter(KeywordHelper.java:33)
	at com.kms.katalon.core.helper.KeywordHelper$checkTestObjectParameter.call(Unknown Source)
	at com.kms.katalon.core.helper.KeywordHelper$checkTestObjectParameter.call(Unknown Source)
	at com.kms.katalon.core.webui.keyword.builtin.WaitForElementNotPresentKeyword$_waitForElementNotPresent_closure1.doCall(WaitForElementNotPresentKeyword.groovy:75)
	at com.kms.katalon.core.webui.keyword.builtin.WaitForElementNotPresentKeyword$_waitForElementNotPresent_closure1.doCall(WaitForElementNotPresentKeyword.groovy)
	at com.kms.katalon.core.webui.keyword.internal.WebUIKeywordMain.runKeyword(WebUIKeywordMain.groovy:20)
	at com.kms.katalon.core.webui.keyword.internal.WebUIKeywordMain$runKeyword.call(Unknown Source)
	at com.kms.katalon.core.webui.keyword.builtin.WaitForElementNotPresentKeyword.waitForElementNotPresent(WaitForElementNotPresentKeyword.groovy:114)
	at com.kms.katalon.core.webui.keyword.builtin.WaitForElementNotPresentKeyword.execute(WaitForElementNotPresentKeyword.groovy:68)
	at com.kms.katalon.core.keyword.internal.KeywordExecutor.executeKeywordForPlatform(KeywordExecutor.groovy:73)
	at com.kms.katalon.core.webui.keyword.WebUiBuiltInKeywords.waitForElementNotPresent(WebUiBuiltInKeywords.groovy:294)
	at com.kms.katalon.core.webui.keyword.WebUiBuiltInKeywords$waitForElementNotPresent$25.call(Unknown Source)
	at Script1601076154961.run(Script1601076154961.groovy:70)
	... 13 more
)
[[ATTACHMENT|/Users/cckozie/Katalon Studio/tC Create Project/Reports/20200928_145253/tCC Test Suite 1/20200928_145253/1601323271963.png]]

2020-09-28 15:01:13 - [TEST_STEP][FAILED] - else: com.kms.katalon.core.exception.StepFailedException: Test failed because the Save button remained enabled.

2020-09-28 15:01:13 - [TEST_STEP][FAILED] - unfoldingWord_Keywords.SendMessage.SendFailMessage("Test failed because the Save button remained enabled."): com.kms.katalon.core.exception.StepFailedException: Test failed because the Save button remained enabled.

2020-09-28 15:01:13 - [MESSAGE][FAILED] - Test failed because the Save button remained enabled.

2020-09-28 15:01:13 - [MESSAGE][FAILED] - com.kms.katalon.core.exception.StepFailedException: Test failed because the Save button remained enabled.

2020-09-28 15:01:13 - [TEST_STEP][PASSED] - closeBrowser(): Browser is closed

2020-09-28 15:01:13 - [MESSAGE][PASSED] - Browser is closed

2020-09-28 15:01:13 - [TEST_STEP][PASSED] - Start listener action : sampleAfterTestCase: null

2020-09-28 15:01:13 - [TEST_STEP][PASSED] - separator = "===========================================================================================================================": null

2020-09-28 15:01:13 - [TEST_STEP][PASSED] - println(separator): null

2020-09-28 15:01:13 - [TEST_STEP][PASSED] - prefix = " +++++++++++ ": null

2020-09-28 15:01:13 - [TEST_STEP][PASSED] - if (testCaseContext.getTestCaseStatus() != "PASSED"): null

2020-09-28 15:01:13 - [TEST_STEP][PASSED] - prefix = " ---------------------- ": null

2020-09-28 15:01:13 - [TEST_STEP][PASSED] - println(prefix + testCaseContext.getTestCaseId() + " on " + version + " " + testCaseContext.getTestCaseStatus() + prefix): null

2020-09-28 15:01:13 - [TEST_STEP][PASSED] - tsMessages.add("##" + testCaseContext.getTestCaseId()): null

2020-09-28 15:01:13 - [TEST_STEP][PASSED] - if (tcMessages.size() > 0): null

2020-09-28 15:01:13 - [TEST_STEP][PASSED] - for (def i : (0..(internal.GlobalVariable.tcMessages.size() - 1))): null

2020-09-28 15:01:13 - [TEST_STEP][PASSED] - println(tcMessages[i]): null

2020-09-28 15:01:13 - [TEST_STEP][PASSED] - tsMessages.add(tcMessages[i]): null

2020-09-28 15:01:13 - [TEST_STEP][PASSED] - println(separator): null

2020-09-28 15:01:15 - [TEST_STEP][PASSED] - Video: Video recording for test case 'Test Cases/tCC Test Cases/tCC Test Multiple Sessions' .

2020-09-28 15:01:15 - [MESSAGE][INFO] - Video recording for test case 'Test Cases/tCC Test Cases/tCC Test Multiple Sessions' .
[[ATTACHMENT|/Users/cckozie/Katalon Studio/tC Create Project/Reports/20200928_145253/tCC Test Suite 1/20200928_145253/videos/test_7.avi]]]]></system-out>
         <system-err><![CDATA[2020-09-28 15:00:34 - [TEST_CASE][FAILED] - Test Cases/tCC Test Cases/tCC Test Multiple Sessions: Test Cases/tCC Test Cases/tCC Test Multiple Sessions FAILED.
Reason:
com.kms.katalon.core.exception.StepFailedException: Unable to wait for object to be not present (Root cause: com.kms.katalon.core.exception.StepFailedException: Unable to wait for object to be not present
	at com.kms.katalon.core.webui.keyword.internal.WebUIKeywordMain.stepFailed(WebUIKeywordMain.groovy:64)
	at com.kms.katalon.core.webui.keyword.internal.WebUIKeywordMain.runKeyword(WebUIKeywordMain.groovy:26)
	at com.kms.katalon.core.webui.keyword.internal.WebUIKeywordMain$runKeyword.call(Unknown Source)
	at com.kms.katalon.core.webui.keyword.builtin.WaitForElementNotPresentKeyword.waitForElementNotPresent(WaitForElementNotPresentKeyword.groovy:114)
	at com.kms.katalon.core.webui.keyword.builtin.WaitForElementNotPresentKeyword.execute(WaitForElementNotPresentKeyword.groovy:68)
	at com.kms.katalon.core.keyword.internal.KeywordExecutor.executeKeywordForPlatform(KeywordExecutor.groovy:73)
	at com.kms.katalon.core.webui.keyword.WebUiBuiltInKeywords.waitForElementNotPresent(WebUiBuiltInKeywords.groovy:294)
	at com.kms.katalon.core.webui.keyword.WebUiBuiltInKeywords$waitForElementNotPresent$25.call(Unknown Source)
	at tCC Test Multiple Sessions.run(tCC Test Multiple Sessions:70)
	at com.kms.katalon.core.main.ScriptEngine.run(ScriptEngine.java:194)
	at com.kms.katalon.core.main.ScriptEngine.runScriptAsRawText(ScriptEngine.java:119)
	at com.kms.katalon.core.main.TestCaseExecutor.runScript(TestCaseExecutor.java:339)
	at com.kms.katalon.core.main.TestCaseExecutor.doExecute(TestCaseExecutor.java:330)
	at com.kms.katalon.core.main.TestCaseExecutor.processExecutionPhase(TestCaseExecutor.java:309)
	at com.kms.katalon.core.main.TestCaseExecutor.accessMainPhase(TestCaseExecutor.java:301)
	at com.kms.katalon.core.main.TestCaseExecutor.execute(TestCaseExecutor.java:235)
	at com.kms.katalon.core.main.TestSuiteExecutor.accessTestCaseMainPhase(TestSuiteExecutor.java:191)
	at com.kms.katalon.core.main.TestSuiteExecutor.accessTestSuiteMainPhase(TestSuiteExecutor.java:141)
	at com.kms.katalon.core.main.TestSuiteExecutor.execute(TestSuiteExecutor.java:90)
	at com.kms.katalon.core.main.TestCaseMain.startTestSuite(TestCaseMain.java:157)
	at com.kms.katalon.core.main.TestCaseMain$startTestSuite$0.call(Unknown Source)
	at TempTestSuite1601322773421.run(TempTestSuite1601322773421.groovy:39)
Caused by: java.lang.IllegalArgumentException: Object is null
	at com.kms.katalon.core.helper.KeywordHelper.checkTestObjectParameter(KeywordHelper.java:33)
	at com.kms.katalon.core.helper.KeywordHelper$checkTestObjectParameter.call(Unknown Source)
	at com.kms.katalon.core.helper.KeywordHelper$checkTestObjectParameter.call(Unknown Source)
	at com.kms.katalon.core.webui.keyword.builtin.WaitForElementNotPresentKeyword$_waitForElementNotPresent_closure1.doCall(WaitForElementNotPresentKeyword.groovy:75)
	at com.kms.katalon.core.webui.keyword.builtin.WaitForElementNotPresentKeyword$_waitForElementNotPresent_closure1.doCall(WaitForElementNotPresentKeyword.groovy)
	at com.kms.katalon.core.webui.keyword.internal.WebUIKeywordMain.runKeyword(WebUIKeywordMain.groovy:20)
	at com.kms.katalon.core.webui.keyword.internal.WebUIKeywordMain$runKeyword.call(Unknown Source)
	at com.kms.katalon.core.webui.keyword.builtin.WaitForElementNotPresentKeyword.waitForElementNotPresent(WaitForElementNotPresentKeyword.groovy:114)
	at com.kms.katalon.core.webui.keyword.builtin.WaitForElementNotPresentKeyword.execute(WaitForElementNotPresentKeyword.groovy:68)
	at com.kms.katalon.core.keyword.internal.KeywordExecutor.executeKeywordForPlatform(KeywordExecutor.groovy:73)
	at com.kms.katalon.core.webui.keyword.WebUiBuiltInKeywords.waitForElementNotPresent(WebUiBuiltInKeywords.groovy:294)
	at com.kms.katalon.core.webui.keyword.WebUiBuiltInKeywords$waitForElementNotPresent$25.call(Unknown Source)
	at Script1601076154961.run(Script1601076154961.groovy:70)
	... 13 more
)
	at com.kms.katalon.core.keyword.internal.KeywordMain.stepFailed(KeywordMain.groovy:39)
	at com.kms.katalon.core.webui.keyword.internal.WebUIKeywordMain.stepFailed(WebUIKeywordMain.groovy:64)
	at com.kms.katalon.core.webui.keyword.internal.WebUIKeywordMain.runKeyword(WebUIKeywordMain.groovy:26)
	at com.kms.katalon.core.webui.keyword.internal.WebUIKeywordMain$runKeyword.call(Unknown Source)
	at com.kms.katalon.core.webui.keyword.builtin.WaitForElementNotPresentKeyword.waitForElementNotPresent(WaitForElementNotPresentKeyword.groovy:114)
	at com.kms.katalon.core.webui.keyword.builtin.WaitForElementNotPresentKeyword.execute(WaitForElementNotPresentKeyword.groovy:68)
	at com.kms.katalon.core.keyword.internal.KeywordExecutor.executeKeywordForPlatform(KeywordExecutor.groovy:73)
	at com.kms.katalon.core.webui.keyword.WebUiBuiltInKeywords.waitForElementNotPresent(WebUiBuiltInKeywords.groovy:294)
	at com.kms.katalon.core.webui.keyword.WebUiBuiltInKeywords$waitForElementNotPresent$25.call(Unknown Source)
	at tCC Test Multiple Sessions.run(tCC Test Multiple Sessions:70)
	at com.kms.katalon.core.main.ScriptEngine.run(ScriptEngine.java:194)
	at com.kms.katalon.core.main.ScriptEngine.runScriptAsRawText(ScriptEngine.java:119)
	at com.kms.katalon.core.main.TestCaseExecutor.runScript(TestCaseExecutor.java:339)
	at com.kms.katalon.core.main.TestCaseExecutor.doExecute(TestCaseExecutor.java:330)
	at com.kms.katalon.core.main.TestCaseExecutor.processExecutionPhase(TestCaseExecutor.java:309)
	at com.kms.katalon.core.main.TestCaseExecutor.accessMainPhase(TestCaseExecutor.java:301)
	at com.kms.katalon.core.main.TestCaseExecutor.execute(TestCaseExecutor.java:235)
	at com.kms.katalon.core.main.TestSuiteExecutor.accessTestCaseMainPhase(TestSuiteExecutor.java:191)
	at com.kms.katalon.core.main.TestSuiteExecutor.accessTestSuiteMainPhase(TestSuiteExecutor.java:141)
	at com.kms.katalon.core.main.TestSuiteExecutor.execute(TestSuiteExecutor.java:90)
	at com.kms.katalon.core.main.TestCaseMain.startTestSuite(TestCaseMain.java:157)
	at com.kms.katalon.core.main.TestCaseMain$startTestSuite$0.call(Unknown Source)
	at TempTestSuite1601322773421.run(TempTestSuite1601322773421.groovy:39)
Caused by: com.kms.katalon.core.exception.StepFailedException: Unable to wait for object to be not present
	... 22 more
Caused by: java.lang.IllegalArgumentException: Object is null
	at com.kms.katalon.core.helper.KeywordHelper.checkTestObjectParameter(KeywordHelper.java:33)
	at com.kms.katalon.core.helper.KeywordHelper$checkTestObjectParameter.call(Unknown Source)
	at com.kms.katalon.core.helper.KeywordHelper$checkTestObjectParameter.call(Unknown Source)
	at com.kms.katalon.core.webui.keyword.builtin.WaitForElementNotPresentKeyword$_waitForElementNotPresent_closure1.doCall(WaitForElementNotPresentKeyword.groovy:75)
	at com.kms.katalon.core.webui.keyword.builtin.WaitForElementNotPresentKeyword$_waitForElementNotPresent_closure1.doCall(WaitForElementNotPresentKeyword.groovy)
	at com.kms.katalon.core.webui.keyword.internal.WebUIKeywordMain.runKeyword(WebUIKeywordMain.groovy:20)
	... 20 more]]></system-err>
      </testcase>
      <system-out><![CDATA[2020-09-28 14:53:19 - [TEST_SUITE][FAILED] - tCC Test Suite 1: Test Cases/tCC Test Cases/tCC tA Test Block Quotes FAILED.
Reason:
com.kms.katalon.core.exception.StepFailedException: com.kms.katalon.core.webui.exception.WebElementNotFoundException: Web element with id: 'Object Repository/Page_tCC translationAcademy/button_SaveEnabled' located by 'id("root")/div[@class="App"]/div[1]/div[@class="jss50"]/div[@class="jss54"]/div[@class="MuiPaper-root MuiPaper-elevation1 MuiPaper-rounded"]/div[@class="jss55"]/button[@class="MuiButtonBase-root MuiIconButton-root jss56"][count(. | //*[@type = 'button' and @aria-label = 'Save']) = count(//*[@type = 'button' and @aria-label = 'Save'])]' not found (Root cause: com.kms.katalon.core.exception.StepFailedException: com.kms.katalon.core.webui.exception.WebElementNotFoundException: Web element with id: 'Object Repository/Page_tCC translationAcademy/button_SaveEnabled' located by 'id("root")/div[@class="App"]/div[1]/div[@class="jss50"]/div[@class="jss54"]/div[@class="MuiPaper-root MuiPaper-elevation1 MuiPaper-rounded"]/div[@class="jss55"]/button[@class="MuiButtonBase-root MuiIconButton-root jss56"][count(. | //*[@type = 'button' and @aria-label = 'Save']) = count(//*[@type = 'button' and @aria-label = 'Save'])]' not found
	at com.kms.katalon.core.webui.keyword.internal.WebUIKeywordMain.stepFailed(WebUIKeywordMain.groovy:64)
	at com.kms.katalon.core.webui.keyword.builtin.VerifyElementPresentKeyword$_verifyElementPresent_closure1.doCall(VerifyElementPresentKeyword.groovy:85)
	at com.kms.katalon.core.webui.keyword.builtin.VerifyElementPresentKeyword$_verifyElementPresent_closure1.call(VerifyElementPresentKeyword.groovy)
	at com.kms.katalon.core.webui.keyword.internal.WebUIKeywordMain.runKeyword(WebUIKeywordMain.groovy:20)
	at com.kms.katalon.core.webui.keyword.builtin.VerifyElementPresentKeyword.verifyElementPresent(VerifyElementPresentKeyword.groovy:92)
	at com.kms.katalon.core.webui.keyword.builtin.VerifyElementPresentKeyword.execute(VerifyElementPresentKeyword.groovy:68)
	at com.kms.katalon.core.keyword.internal.KeywordExecutor.executeKeywordForPlatform(KeywordExecutor.groovy:73)
	at com.kms.katalon.core.webui.keyword.WebUiBuiltInKeywords.verifyElementPresent(WebUiBuiltInKeywords.groovy:1444)
	at com.kms.katalon.core.webui.keyword.WebUiBuiltInKeywords$verifyElementPresent$19.call(Unknown Source)
	at tCC tA Test Block Quotes.run(tCC tA Test Block Quotes:44)
	at com.kms.katalon.core.main.ScriptEngine.run(ScriptEngine.java:194)
	at com.kms.katalon.core.main.ScriptEngine.runScriptAsRawText(ScriptEngine.java:119)
	at com.kms.katalon.core.main.TestCaseExecutor.runScript(TestCaseExecutor.java:339)
	at com.kms.katalon.core.main.TestCaseExecutor.doExecute(TestCaseExecutor.java:330)
	at com.kms.katalon.core.main.TestCaseExecutor.processExecutionPhase(TestCaseExecutor.java:309)
	at com.kms.katalon.core.main.TestCaseExecutor.accessMainPhase(TestCaseExecutor.java:301)
	at com.kms.katalon.core.main.TestCaseExecutor.execute(TestCaseExecutor.java:235)
	at com.kms.katalon.core.main.TestSuiteExecutor.accessTestCaseMainPhase(TestSuiteExecutor.java:191)
	at com.kms.katalon.core.main.TestSuiteExecutor.accessTestSuiteMainPhase(TestSuiteExecutor.java:141)
	at com.kms.katalon.core.main.TestSuiteExecutor.execute(TestSuiteExecutor.java:90)
	at com.kms.katalon.core.main.TestCaseMain.startTestSuite(TestCaseMain.java:157)
	at com.kms.katalon.core.main.TestCaseMain$startTestSuite$0.call(Unknown Source)
	at TempTestSuite1601322773421.run(TempTestSuite1601322773421.groovy:39)
)
	at com.kms.katalon.core.keyword.internal.KeywordMain.stepFailed(KeywordMain.groovy:39)
	at com.kms.katalon.core.webui.keyword.internal.WebUIKeywordMain.stepFailed(WebUIKeywordMain.groovy:64)
	at com.kms.katalon.core.webui.keyword.builtin.VerifyElementPresentKeyword$_verifyElementPresent_closure1.doCall(VerifyElementPresentKeyword.groovy:85)
	at com.kms.katalon.core.webui.keyword.builtin.VerifyElementPresentKeyword$_verifyElementPresent_closure1.call(VerifyElementPresentKeyword.groovy)
	at com.kms.katalon.core.webui.keyword.internal.WebUIKeywordMain.runKeyword(WebUIKeywordMain.groovy:20)
	at com.kms.katalon.core.webui.keyword.builtin.VerifyElementPresentKeyword.verifyElementPresent(VerifyElementPresentKeyword.groovy:92)
	at com.kms.katalon.core.webui.keyword.builtin.VerifyElementPresentKeyword.execute(VerifyElementPresentKeyword.groovy:68)
	at com.kms.katalon.core.keyword.internal.KeywordExecutor.executeKeywordForPlatform(KeywordExecutor.groovy:73)
	at com.kms.katalon.core.webui.keyword.WebUiBuiltInKeywords.verifyElementPresent(WebUiBuiltInKeywords.groovy:1444)
	at com.kms.katalon.core.webui.keyword.WebUiBuiltInKeywords$verifyElementPresent$19.call(Unknown Source)
	at tCC tA Test Block Quotes.run(tCC tA Test Block Quotes:44)
	at com.kms.katalon.core.main.ScriptEngine.run(ScriptEngine.java:194)
	at com.kms.katalon.core.main.ScriptEngine.runScriptAsRawText(ScriptEngine.java:119)
	at com.kms.katalon.core.main.TestCaseExecutor.runScript(TestCaseExecutor.java:339)
	at com.kms.katalon.core.main.TestCaseExecutor.doExecute(TestCaseExecutor.java:330)
	at com.kms.katalon.core.main.TestCaseExecutor.processExecutionPhase(TestCaseExecutor.java:309)
	at com.kms.katalon.core.main.TestCaseExecutor.accessMainPhase(TestCaseExecutor.java:301)
	at com.kms.katalon.core.main.TestCaseExecutor.execute(TestCaseExecutor.java:235)
	at com.kms.katalon.core.main.TestSuiteExecutor.accessTestCaseMainPhase(TestSuiteExecutor.java:191)
	at com.kms.katalon.core.main.TestSuiteExecutor.accessTestSuiteMainPhase(TestSuiteExecutor.java:141)
	at com.kms.katalon.core.main.TestSuiteExecutor.execute(TestSuiteExecutor.java:90)
	at com.kms.katalon.core.main.TestCaseMain.startTestSuite(TestCaseMain.java:157)
	at com.kms.katalon.core.main.TestCaseMain$startTestSuite$0.call(Unknown Source)
	at TempTestSuite1601322773421.run(TempTestSuite1601322773421.groovy:39)
Caused by: com.kms.katalon.core.exception.StepFailedException: com.kms.katalon.core.webui.exception.WebElementNotFoundException: Web element with id: 'Object Repository/Page_tCC translationAcademy/button_SaveEnabled' located by 'id("root")/div[@class="App"]/div[1]/div[@class="jss50"]/div[@class="jss54"]/div[@class="MuiPaper-root MuiPaper-elevation1 MuiPaper-rounded"]/div[@class="jss55"]/button[@class="MuiButtonBase-root MuiIconButton-root jss56"][count(. | //*[@type = 'button' and @aria-label = 'Save']) = count(//*[@type = 'button' and @aria-label = 'Save'])]' not found
	... 23 more]]></system-out>
      <system-err><![CDATA[2020-09-28 14:53:19 - [TEST_SUITE][FAILED] - tCC Test Suite 1: Test Cases/tCC Test Cases/tCC tA Test Block Quotes FAILED.
Reason:
com.kms.katalon.core.exception.StepFailedException: com.kms.katalon.core.webui.exception.WebElementNotFoundException: Web element with id: 'Object Repository/Page_tCC translationAcademy/button_SaveEnabled' located by 'id("root")/div[@class="App"]/div[1]/div[@class="jss50"]/div[@class="jss54"]/div[@class="MuiPaper-root MuiPaper-elevation1 MuiPaper-rounded"]/div[@class="jss55"]/button[@class="MuiButtonBase-root MuiIconButton-root jss56"][count(. | //*[@type = 'button' and @aria-label = 'Save']) = count(//*[@type = 'button' and @aria-label = 'Save'])]' not found (Root cause: com.kms.katalon.core.exception.StepFailedException: com.kms.katalon.core.webui.exception.WebElementNotFoundException: Web element with id: 'Object Repository/Page_tCC translationAcademy/button_SaveEnabled' located by 'id("root")/div[@class="App"]/div[1]/div[@class="jss50"]/div[@class="jss54"]/div[@class="MuiPaper-root MuiPaper-elevation1 MuiPaper-rounded"]/div[@class="jss55"]/button[@class="MuiButtonBase-root MuiIconButton-root jss56"][count(. | //*[@type = 'button' and @aria-label = 'Save']) = count(//*[@type = 'button' and @aria-label = 'Save'])]' not found
	at com.kms.katalon.core.webui.keyword.internal.WebUIKeywordMain.stepFailed(WebUIKeywordMain.groovy:64)
	at com.kms.katalon.core.webui.keyword.builtin.VerifyElementPresentKeyword$_verifyElementPresent_closure1.doCall(VerifyElementPresentKeyword.groovy:85)
	at com.kms.katalon.core.webui.keyword.builtin.VerifyElementPresentKeyword$_verifyElementPresent_closure1.call(VerifyElementPresentKeyword.groovy)
	at com.kms.katalon.core.webui.keyword.internal.WebUIKeywordMain.runKeyword(WebUIKeywordMain.groovy:20)
	at com.kms.katalon.core.webui.keyword.builtin.VerifyElementPresentKeyword.verifyElementPresent(VerifyElementPresentKeyword.groovy:92)
	at com.kms.katalon.core.webui.keyword.builtin.VerifyElementPresentKeyword.execute(VerifyElementPresentKeyword.groovy:68)
	at com.kms.katalon.core.keyword.internal.KeywordExecutor.executeKeywordForPlatform(KeywordExecutor.groovy:73)
	at com.kms.katalon.core.webui.keyword.WebUiBuiltInKeywords.verifyElementPresent(WebUiBuiltInKeywords.groovy:1444)
	at com.kms.katalon.core.webui.keyword.WebUiBuiltInKeywords$verifyElementPresent$19.call(Unknown Source)
	at tCC tA Test Block Quotes.run(tCC tA Test Block Quotes:44)
	at com.kms.katalon.core.main.ScriptEngine.run(ScriptEngine.java:194)
	at com.kms.katalon.core.main.ScriptEngine.runScriptAsRawText(ScriptEngine.java:119)
	at com.kms.katalon.core.main.TestCaseExecutor.runScript(TestCaseExecutor.java:339)
	at com.kms.katalon.core.main.TestCaseExecutor.doExecute(TestCaseExecutor.java:330)
	at com.kms.katalon.core.main.TestCaseExecutor.processExecutionPhase(TestCaseExecutor.java:309)
	at com.kms.katalon.core.main.TestCaseExecutor.accessMainPhase(TestCaseExecutor.java:301)
	at com.kms.katalon.core.main.TestCaseExecutor.execute(TestCaseExecutor.java:235)
	at com.kms.katalon.core.main.TestSuiteExecutor.accessTestCaseMainPhase(TestSuiteExecutor.java:191)
	at com.kms.katalon.core.main.TestSuiteExecutor.accessTestSuiteMainPhase(TestSuiteExecutor.java:141)
	at com.kms.katalon.core.main.TestSuiteExecutor.execute(TestSuiteExecutor.java:90)
	at com.kms.katalon.core.main.TestCaseMain.startTestSuite(TestCaseMain.java:157)
	at com.kms.katalon.core.main.TestCaseMain$startTestSuite$0.call(Unknown Source)
	at TempTestSuite1601322773421.run(TempTestSuite1601322773421.groovy:39)
)
	at com.kms.katalon.core.keyword.internal.KeywordMain.stepFailed(KeywordMain.groovy:39)
	at com.kms.katalon.core.webui.keyword.internal.WebUIKeywordMain.stepFailed(WebUIKeywordMain.groovy:64)
	at com.kms.katalon.core.webui.keyword.builtin.VerifyElementPresentKeyword$_verifyElementPresent_closure1.doCall(VerifyElementPresentKeyword.groovy:85)
	at com.kms.katalon.core.webui.keyword.builtin.VerifyElementPresentKeyword$_verifyElementPresent_closure1.call(VerifyElementPresentKeyword.groovy)
	at com.kms.katalon.core.webui.keyword.internal.WebUIKeywordMain.runKeyword(WebUIKeywordMain.groovy:20)
	at com.kms.katalon.core.webui.keyword.builtin.VerifyElementPresentKeyword.verifyElementPresent(VerifyElementPresentKeyword.groovy:92)
	at com.kms.katalon.core.webui.keyword.builtin.VerifyElementPresentKeyword.execute(VerifyElementPresentKeyword.groovy:68)
	at com.kms.katalon.core.keyword.internal.KeywordExecutor.executeKeywordForPlatform(KeywordExecutor.groovy:73)
	at com.kms.katalon.core.webui.keyword.WebUiBuiltInKeywords.verifyElementPresent(WebUiBuiltInKeywords.groovy:1444)
	at com.kms.katalon.core.webui.keyword.WebUiBuiltInKeywords$verifyElementPresent$19.call(Unknown Source)
	at tCC tA Test Block Quotes.run(tCC tA Test Block Quotes:44)
	at com.kms.katalon.core.main.ScriptEngine.run(ScriptEngine.java:194)
	at com.kms.katalon.core.main.ScriptEngine.runScriptAsRawText(ScriptEngine.java:119)
	at com.kms.katalon.core.main.TestCaseExecutor.runScript(TestCaseExecutor.java:339)
	at com.kms.katalon.core.main.TestCaseExecutor.doExecute(TestCaseExecutor.java:330)
	at com.kms.katalon.core.main.TestCaseExecutor.processExecutionPhase(TestCaseExecutor.java:309)
	at com.kms.katalon.core.main.TestCaseExecutor.accessMainPhase(TestCaseExecutor.java:301)
	at com.kms.katalon.core.main.TestCaseExecutor.execute(TestCaseExecutor.java:235)
	at com.kms.katalon.core.main.TestSuiteExecutor.accessTestCaseMainPhase(TestSuiteExecutor.java:191)
	at com.kms.katalon.core.main.TestSuiteExecutor.accessTestSuiteMainPhase(TestSuiteExecutor.java:141)
	at com.kms.katalon.core.main.TestSuiteExecutor.execute(TestSuiteExecutor.java:90)
	at com.kms.katalon.core.main.TestCaseMain.startTestSuite(TestCaseMain.java:157)
	at com.kms.katalon.core.main.TestCaseMain$startTestSuite$0.call(Unknown Source)
	at TempTestSuite1601322773421.run(TempTestSuite1601322773421.groovy:39)
Caused by: com.kms.katalon.core.exception.StepFailedException: com.kms.katalon.core.webui.exception.WebElementNotFoundException: Web element with id: 'Object Repository/Page_tCC translationAcademy/button_SaveEnabled' located by 'id("root")/div[@class="App"]/div[1]/div[@class="jss50"]/div[@class="jss54"]/div[@class="MuiPaper-root MuiPaper-elevation1 MuiPaper-rounded"]/div[@class="jss55"]/button[@class="MuiButtonBase-root MuiIconButton-root jss56"][count(. | //*[@type = 'button' and @aria-label = 'Save']) = count(//*[@type = 'button' and @aria-label = 'Save'])]' not found
	... 23 more]]></system-err>
   </testsuite>
</testsuites>
