<?xml version="1.0" encoding="UTF-8"?>
<testsuites name="tCC Test Suite 1" time="424.494" tests="7" failures="3" errors="0">
   <testsuite name="tCC Test Suite 1" tests="7" failures="3" errors="0" time="424.494" timestamp="2020-09-28 15:01:38" hostname="cckozie - 192.168.1.2" id="Test Suites/tCC Test Suite 1">
      <properties>
         <property name="deviceName" value=""/>
         <property name="devicePlatform" value=""/>
         <property name="logFolder" value="/Users/cckozie/Katalon Studio/tC Create Project/Reports/20200928_145253/tCC Test Suite 1/20200928_145303"/>
         <property name="logFiles" value="/Users/cckozie/Katalon Studio/tC Create Project/Reports/20200928_145253/tCC Test Suite 1/20200928_145303/execution0.log"/>
         <property name="attachments" value="/Users/cckozie/Katalon Studio/tC Create Project/Reports/20200928_145253/tCC Test Suite 1/20200928_145303/1601323343006.png, /Users/cckozie/Katalon Studio/tC Create Project/Reports/20200928_145253/tCC Test Suite 1/20200928_145303/1601323345820.png, /Users/cckozie/Katalon Studio/tC Create Project/Reports/20200928_145253/tCC Test Suite 1/20200928_145303/1601323347450.png, /Users/cckozie/Katalon Studio/tC Create Project/Reports/20200928_145253/tCC Test Suite 1/20200928_145303/1601323349325.png, /Users/cckozie/Katalon Studio/tC Create Project/Reports/20200928_145253/tCC Test Suite 1/20200928_145303/1601323352916.png, /Users/cckozie/Katalon Studio/tC Create Project/Reports/20200928_145253/tCC Test Suite 1/20200928_145303/1601323354567.png, /Users/cckozie/Katalon Studio/tC Create Project/Reports/20200928_145253/tCC Test Suite 1/20200928_145303/1601323356026.png, /Users/cckozie/Katalon Studio/tC Create Project/Reports/20200928_145253/tCC Test Suite 1/20200928_145303/1601323460488.png, /Users/cckozie/Katalon Studio/tC Create Project/Reports/20200928_145253/tCC Test Suite 1/20200928_145303/videos/test_2.avi, /Users/cckozie/Katalon Studio/tC Create Project/Reports/20200928_145253/tCC Test Suite 1/20200928_145303/1601323584715.png, /Users/cckozie/Katalon Studio/tC Create Project/Reports/20200928_145253/tCC Test Suite 1/20200928_145303/videos/test_4.avi, /Users/cckozie/Katalon Studio/tC Create Project/Reports/20200928_145253/tCC Test Suite 1/20200928_145303/1601323622756.png, /Users/cckozie/Katalon Studio/tC Create Project/Reports/20200928_145253/tCC Test Suite 1/20200928_145303/videos/test_5.avi, /Users/cckozie/Katalon Studio/tC Create Project/Reports/20200928_145253/tCC Test Suite 1/20200928_145303/1601323686602.png"/>
         <property name="hostName" value="cckozie - 192.168.1.2"/>
         <property name="os" value="Mac OS X 64bit"/>
         <property name="katalonVersion" value="7.6.2.205"/>
         <property name="browser" value="Firefox 81.0"/>
         <property name="hostAddress" value="192.168.1.2"/>
         <property name="sessionId" value="ed1a9b6b-cb68-534c-8e81-7185fdeb3908"/>
         <property name="seleniumVersion" value="3.141.59"/>
         <property name="proxyInformation" value="ProxyInformation { proxyOption=NO_PROXY, proxyServerType=HTTP, username=, password=********, proxyServerAddress=, proxyServerPort=0, executionList=\&quot;\&quot;, isApplyToDesiredCapabilities=true }"/>
         <property name="platform" value="Mac OS X"/>
      </properties>
      <testcase name="Test Cases/tCC Test Cases/tCC tN Test Column Options" time="115.263" classname="Test Cases/tCC Test Cases/tCC tN Test Column Options" status="PASSED">
         <system-out><![CDATA[2020-09-28 15:01:39 - [TEST_CASE][PASSED] - Test Cases/tCC Test Cases/tCC tN Test Column Options: Test Cases/tCC Test Cases/tCC tN Test Column Options

2020-09-28 15:01:39 - [TEST_STEP][PASSED] - Start listener action : sampleBeforeTestCase: Execution profile is tCC Production

2020-09-28 15:01:39 - [TEST_STEP][PASSED] - tcMessages = []: null

2020-09-28 15:01:39 - [TEST_STEP][PASSED] - executionProfile = getExecutionProfile(): null

2020-09-28 15:01:39 - [TEST_STEP][PASSED] - logInfo("Execution profile is " + executionProfile): Execution profile is tCC Production

2020-09-28 15:01:39 - [MESSAGE][INFO] - Execution profile is tCC Production

2020-09-28 15:01:41 - [TEST_STEP][PASSED] - callTestCase(findTestCase("tCC Components/tCC tN Open For Edit"), [:], STOP_ON_FAILURE): Call Test Case 'Test Cases/tCC Components/tCC tN Open For Edit' successfully

2020-09-28 15:01:41 - [TEST_CASE][PASSED] - Test Cases/tCC Components/tCC tN Open For Edit: Test Cases/tCC Components/tCC tN Open For Edit

2020-09-28 15:01:42 - [TEST_STEP][PASSED] - callTestCase(findTestCase("tCC Components/tCC Login"), ["user":$username, "password":$password], STOP_ON_FAILURE): Call Test Case 'Test Cases/tCC Components/tCC Login' successfully

2020-09-28 15:01:42 - [TEST_CASE][PASSED] - Test Cases/tCC Components/tCC Login: Test Cases/tCC Components/tCC Login

2020-09-28 15:01:42 - [TEST_STEP][PASSED] - if (openBrowser): Current window maximized

2020-09-28 15:01:42 - [TEST_STEP][PASSED] - openBrowser(""): Browser is opened with url: ''

2020-09-28 15:01:43 - [MESSAGE][INFO] - Starting 'Firefox' driver

2020-09-28 15:01:43 - [MESSAGE][INFO] - Action delay is set to 0 milliseconds

2020-09-28 15:01:53 - [MESSAGE][PASSED] - Browser is opened with url: ''

2020-09-28 15:01:53 - [TEST_STEP][PASSED] - maximizeWindow(): Current window maximized

2020-09-28 15:01:54 - [MESSAGE][PASSED] - Current window maximized

2020-09-28 15:01:54 - [TEST_STEP][PASSED] - println("Opening " + url): null

2020-09-28 15:01:54 - [TEST_STEP][PASSED] - navigateToUrl(url): Navigate to 'http://create.translationcore.com' successfully

2020-09-28 15:01:58 - [MESSAGE][PASSED] - Navigate to 'http://create.translationcore.com' successfully

2020-09-28 15:01:58 - [TEST_STEP][PASSED] - waitForElementVisible(findTestObject("Page_tC Create/text_tCCVersion"), 30): Object 'Object Repository/Page_tC Create/text_tCCVersion' is visible

2020-09-28 15:02:00 - [MESSAGE][PASSED] - Object 'Object Repository/Page_tC Create/text_tCCVersion' is visible

2020-09-28 15:02:00 - [TEST_STEP][PASSED] - version = getText(findTestObject("Page_tC Create/text_tCCVersion")): Text of object 'Object Repository/Page_tC Create/text_tCCVersion' is: 'translationCore Create - v1.0.4'

2020-09-28 15:02:00 - [MESSAGE][PASSED] - Text of object 'Object Repository/Page_tC Create/text_tCCVersion' is: 'translationCore Create - v1.0.4'

2020-09-28 15:02:00 - [TEST_STEP][PASSED] - version = version: null

2020-09-28 15:02:00 - [TEST_STEP][PASSED] - println("Version is " + version): null

2020-09-28 15:02:00 - [TEST_STEP][PASSED] - if (user == ""): Object: 'Object Repository/Page_tC Create/button_Login' is clicked on

2020-09-28 15:02:00 - [TEST_STEP][PASSED] - println("Logging in as " + user1Name): null

2020-09-28 15:02:00 - [TEST_STEP][PASSED] - setText(findTestObject("Page_tC Create/input__username"), user1Name): Text 'tcc001' is set on object 'Object Repository/Page_tC Create/input__username'

2020-09-28 15:02:01 - [MESSAGE][PASSED] - Text 'tcc001' is set on object 'Object Repository/Page_tC Create/input__username'

2020-09-28 15:02:01 - [TEST_STEP][PASSED] - setText(findTestObject("Page_tC Create/input__password"), user1Password): Text 'tcc001' is set on object 'Object Repository/Page_tC Create/input__password'

2020-09-28 15:02:02 - [MESSAGE][PASSED] - Text 'tcc001' is set on object 'Object Repository/Page_tC Create/input__password'

2020-09-28 15:02:02 - [TEST_STEP][PASSED] - click(findTestObject("Page_tC Create/button_Login")): Object: 'Object Repository/Page_tC Create/button_Login' is clicked on

2020-09-28 15:02:03 - [MESSAGE][PASSED] - Object: 'Object Repository/Page_tC Create/button_Login' is clicked on

2020-09-28 15:02:03 - [MESSAGE][PASSED] - Call Test Case 'Test Cases/tCC Components/tCC Login' successfully

2020-09-28 15:02:03 - [TEST_STEP][PASSED] - if (callTestCase(findTestCase("tCC Components/tCC Select Org-Lang-Resource"), ["organization":"", "language":"", "resource":"unfoldingWord/en_tn"], STOP_ON_FAILURE) == false): Call Test Case 'Test Cases/tCC Components/tCC Select Org-Lang-Resource' successfully

2020-09-28 15:02:03 - [TEST_CASE][PASSED] - Test Cases/tCC Components/tCC Select Org-Lang-Resource: Test Cases/tCC Components/tCC Select Org-Lang-Resource

2020-09-28 15:02:04 - [TEST_STEP][PASSED] - if (organization == ""): null

2020-09-28 15:02:04 - [TEST_STEP][PASSED] - organization = organization: null

2020-09-28 15:02:04 - [TEST_STEP][PASSED] - if (language == ""): null

2020-09-28 15:02:04 - [TEST_STEP][PASSED] - language = langCode: null

2020-09-28 15:02:04 - [TEST_STEP][PASSED] - println("Choosing organization " + organization): null

2020-09-28 15:02:04 - [TEST_STEP][PASSED] - if (waitForElementPresent(organization, 5, OPTIONAL) == false): Object 'Object Repository/Page_tC Create/listOrg_translate_test' is present

2020-09-28 15:02:06 - [MESSAGE][PASSED] - Object 'Object Repository/Page_tC Create/listOrg_translate_test' is present

2020-09-28 15:02:06 - [TEST_STEP][PASSED] - else: null

2020-09-28 15:02:06 - [TEST_STEP][PASSED] - click(organization): Object: 'Object Repository/Page_tC Create/listOrg_translate_test' is clicked on

2020-09-28 15:02:06 - [MESSAGE][PASSED] - Object: 'Object Repository/Page_tC Create/listOrg_translate_test' is clicked on

2020-09-28 15:02:06 - [TEST_STEP][PASSED] - alerted = waitForAlert(2): No alert found after 2 second(s).

2020-09-28 15:02:08 - [MESSAGE][WARNING] - No alert found after 2 second(s).

2020-09-28 15:02:08 - [TEST_STEP][PASSED] - if (alerted == true): null

2020-09-28 15:02:08 - [TEST_STEP][PASSED] - else: Object: 'Object Repository/Page_tC Create/listOption_Language_Parmed' is clicked on

2020-09-28 15:02:08 - [TEST_STEP][PASSED] - println("Not alerted on organization"): null

2020-09-28 15:02:08 - [TEST_STEP][PASSED] - alertFlag = false: null

2020-09-28 15:02:08 - [TEST_STEP][PASSED] - println("Choosing resource " + resource): null

2020-09-28 15:02:08 - [TEST_STEP][PASSED] - click(findTestObject("Page_tC Create/resource_Parmed", ["resource":resource])): Object: 'Object Repository/Page_tC Create/resource_Parmed' is clicked on

2020-09-28 15:02:09 - [MESSAGE][PASSED] - Object: 'Object Repository/Page_tC Create/resource_Parmed' is clicked on

2020-09-28 15:02:09 - [TEST_STEP][PASSED] - println("Choosing language " + language): null

2020-09-28 15:02:09 - [TEST_STEP][PASSED] - click(findTestObject("Page_tC Create/combo_Select Language")): Object: 'Object Repository/Page_tC Create/combo_Select Language' is clicked on

2020-09-28 15:02:10 - [MESSAGE][PASSED] - Object: 'Object Repository/Page_tC Create/combo_Select Language' is clicked on

2020-09-28 15:02:10 - [TEST_STEP][PASSED] - click(findTestObject("Page_tC Create/listOption_Language_Parmed", ["lang_code":language])): Object: 'Object Repository/Page_tC Create/listOption_Language_Parmed' is clicked on

2020-09-28 15:02:11 - [MESSAGE][PASSED] - Object: 'Object Repository/Page_tC Create/listOption_Language_Parmed' is clicked on

2020-09-28 15:02:11 - [TEST_STEP][PASSED] - return true: null

2020-09-28 15:02:11 - [MESSAGE][PASSED] - Call Test Case 'Test Cases/tCC Components/tCC Select Org-Lang-Resource' successfully

2020-09-28 15:02:11 - [TEST_STEP][PASSED] - click(findTestObject("Page_tC Create/file_en_tn_57-TITtsv")): Object: 'Object Repository/Page_tC Create/file_en_tn_57-TITtsv' is clicked on

2020-09-28 15:02:13 - [MESSAGE][PASSED] - Object: 'Object Repository/Page_tC Create/file_en_tn_57-TITtsv' is clicked on

2020-09-28 15:02:13 - [MESSAGE][PASSED] - Call Test Case 'Test Cases/tCC Components/tCC tN Open For Edit' successfully

2020-09-28 15:02:13 - [TEST_STEP][PASSED] - page = "Page_tCC translationNotes/": null

2020-09-28 15:02:13 - [TEST_STEP][PASSED] - columns = []: null

2020-09-28 15:02:13 - [TEST_STEP][PASSED] - columns = ["columns_RowHeader", "columns_Book", "columns_Chapter", "columns_Verse", "columns_ID", "columns_SupportReference", "columns_OrigQuote", "columns_Occurrence", "columns_GLQuote", "columns_OccurrenceNote"]: null

2020-09-28 15:02:13 - [TEST_STEP][PASSED] - elements = []: null

2020-09-28 15:02:13 - [TEST_STEP][PASSED] - elements = [["text_RowHeader_TIT frontintro", "text_RowHeader_TIT 1intro", "text_RowHeader_Titus 11"], ["label_Book", "text_Book_TIT"], ["label_Chapter", "text_Chapter_front", "text_Chapter_1"], ["label_Verse", "text_Verse_intro", "text_Verse_1"], ["label_ID", "text_ID_m2jl", "text_ID_c7me"], ["label_SupportReference", "text_SupRef_figs-abstractnouns"], ["label_OrigQuote", "text_OrigQuote1", "text_OrigQuote2"], ["label_Occurrence", "text_Occurrence_0", "text_Occurrence_1"], ["label_GLQuote", "text_GLQuote_for the faith", "text_GLQuote_knowledge"], ["label_OccurrenceNote", "text_OccurrenceNote_Who wrote the Book of Titus"]]: null

2020-09-28 15:02:13 - [TEST_STEP][PASSED] - click(findTestObject("Page_tCC translationNotes/button_ViewColumns")): Object: 'Object Repository/Page_tCC translationNotes/button_ViewColumns' is clicked on

2020-09-28 15:02:20 - [MESSAGE][PASSED] - Object: 'Object Repository/Page_tCC translationNotes/button_ViewColumns' is clicked on

2020-09-28 15:02:20 - [TEST_STEP][PASSED] - println("Setting all columns OFF"): null

2020-09-28 15:02:20 - [TEST_STEP][PASSED] - logInfo("Setting all columns OFF"): Setting all columns OFF

2020-09-28 15:02:20 - [MESSAGE][INFO] - Setting all columns OFF

2020-09-28 15:02:20 - [TEST_STEP][PASSED] - for (def c : (0..(columns.size() - 1))): null

2020-09-28 15:02:20 - [TEST_STEP][PASSED] - col = page + columns[c]: null

2020-09-28 15:02:20 - [TEST_STEP][PASSED] - if (verifyElementChecked(findTestObject(col), 1, OPTIONAL) == true): null

2020-09-28 15:02:21 - [MESSAGE][PASSED] - Object 'Object Repository/Page_tCC translationNotes/columns_RowHeader' is checked

2020-09-28 15:02:21 - [TEST_STEP][PASSED] - click(findTestObject(col)): Object: 'Object Repository/Page_tCC translationNotes/columns_RowHeader' is clicked on

2020-09-28 15:02:22 - [MESSAGE][PASSED] - Object: 'Object Repository/Page_tCC translationNotes/columns_RowHeader' is clicked on

2020-09-28 15:02:22 - [TEST_STEP][PASSED] - verifyElementNotChecked(findTestObject(col), 1, CONTINUE_ON_FAILURE): Object 'Object Repository/Page_tCC translationNotes/columns_RowHeader' is not checked

2020-09-28 15:02:22 - [MESSAGE][PASSED] - Object 'Object Repository/Page_tCC translationNotes/columns_RowHeader' is not checked

2020-09-28 15:02:22 - [TEST_STEP][PASSED] - col = page + columns[c]: null

2020-09-28 15:02:22 - [TEST_STEP][PASSED] - if (verifyElementChecked(findTestObject(col), 1, OPTIONAL) == true): Object 'Object Repository/Page_tCC translationNotes/columns_Book' is not checked (Root cause: com.kms.katalon.core.exception.StepFailedException: Object 'Object Repository/Page_tCC translationNotes/columns_Book' is not checked
	at com.kms.katalon.core.webui.keyword.internal.WebUIKeywordMain.stepFailed(WebUIKeywordMain.groovy:64)
	at com.kms.katalon.core.webui.keyword.builtin.VerifyElementCheckedKeyword$_verifyElementChecked_closure1.doCall(VerifyElementCheckedKeyword.groovy:81)
	at com.kms.katalon.core.webui.keyword.builtin.VerifyElementCheckedKeyword$_verifyElementChecked_closure1.call(VerifyElementCheckedKeyword.groovy)
	at com.kms.katalon.core.webui.keyword.internal.WebUIKeywordMain.runKeyword(WebUIKeywordMain.groovy:20)
	at com.kms.katalon.core.webui.keyword.builtin.VerifyElementCheckedKeyword.verifyElementChecked(VerifyElementCheckedKeyword.groovy:92)
	at com.kms.katalon.core.webui.keyword.builtin.VerifyElementCheckedKeyword.execute(VerifyElementCheckedKeyword.groovy:68)
	at com.kms.katalon.core.keyword.internal.KeywordExecutor.executeKeywordForPlatform(KeywordExecutor.groovy:73)
	at com.kms.katalon.core.webui.keyword.WebUiBuiltInKeywords.verifyElementChecked(WebUiBuiltInKeywords.groovy:1378)
	at com.kms.katalon.core.webui.keyword.WebUiBuiltInKeywords$verifyElementChecked$8.call(Unknown Source)
	at tCC tN Test Column Options.run(tCC tN Test Column Options:50)
	at com.kms.katalon.core.main.ScriptEngine.run(ScriptEngine.java:194)
	at com.kms.katalon.core.main.ScriptEngine.runScriptAsRawText(ScriptEngine.java:119)
	at com.kms.katalon.core.main.TestCaseExecutor.runScript(TestCaseExecutor.java:339)
	at com.kms.katalon.core.main.TestCaseExecutor.doExecute(TestCaseExecutor.java:330)
	at com.kms.katalon.core.main.TestCaseExecutor.processExecutionPhase(TestCaseExecutor.java:309)
	at com.kms.katalon.core.main.TestCaseExecutor.accessMainPhase(TestCaseExecutor.java:301)
	at com.kms.katalon.core.main.TestCaseExecutor.execute(TestCaseExecutor.java:235)
	at com.kms.katalon.core.main.TestSuiteExecutor.accessTestCaseMainPhase(TestSuiteExecutor.java:191)
	at com.kms.katalon.core.main.TestSuiteExecutor.accessTestSuiteMainPhase(TestSuiteExecutor.java:141)
	at com.kms.katalon.core.main.TestSuiteExecutor.execute(TestSuiteExecutor.java:90)
	at com.kms.katalon.core.main.TestCaseMain.startTestSuite(TestCaseMain.java:157)
	at com.kms.katalon.core.main.TestCaseMain$startTestSuite$0.call(Unknown Source)
	at TempTestSuite1601322783658.run(TempTestSuite1601322783658.groovy:39)
)

2020-09-28 15:02:25 - [MESSAGE][WARNING] - Object 'Object Repository/Page_tCC translationNotes/columns_Book' is not checked (Root cause: com.kms.katalon.core.exception.StepFailedException: Object 'Object Repository/Page_tCC translationNotes/columns_Book' is not checked
	at com.kms.katalon.core.webui.keyword.internal.WebUIKeywordMain.stepFailed(WebUIKeywordMain.groovy:64)
	at com.kms.katalon.core.webui.keyword.builtin.VerifyElementCheckedKeyword$_verifyElementChecked_closure1.doCall(VerifyElementCheckedKeyword.groovy:81)
	at com.kms.katalon.core.webui.keyword.builtin.VerifyElementCheckedKeyword$_verifyElementChecked_closure1.call(VerifyElementCheckedKeyword.groovy)
	at com.kms.katalon.core.webui.keyword.internal.WebUIKeywordMain.runKeyword(WebUIKeywordMain.groovy:20)
	at com.kms.katalon.core.webui.keyword.builtin.VerifyElementCheckedKeyword.verifyElementChecked(VerifyElementCheckedKeyword.groovy:92)
	at com.kms.katalon.core.webui.keyword.builtin.VerifyElementCheckedKeyword.execute(VerifyElementCheckedKeyword.groovy:68)
	at com.kms.katalon.core.keyword.internal.KeywordExecutor.executeKeywordForPlatform(KeywordExecutor.groovy:73)
	at com.kms.katalon.core.webui.keyword.WebUiBuiltInKeywords.verifyElementChecked(WebUiBuiltInKeywords.groovy:1378)
	at com.kms.katalon.core.webui.keyword.WebUiBuiltInKeywords$verifyElementChecked$8.call(Unknown Source)
	at tCC tN Test Column Options.run(tCC tN Test Column Options:50)
	at com.kms.katalon.core.main.ScriptEngine.run(ScriptEngine.java:194)
	at com.kms.katalon.core.main.ScriptEngine.runScriptAsRawText(ScriptEngine.java:119)
	at com.kms.katalon.core.main.TestCaseExecutor.runScript(TestCaseExecutor.java:339)
	at com.kms.katalon.core.main.TestCaseExecutor.doExecute(TestCaseExecutor.java:330)
	at com.kms.katalon.core.main.TestCaseExecutor.processExecutionPhase(TestCaseExecutor.java:309)
	at com.kms.katalon.core.main.TestCaseExecutor.accessMainPhase(TestCaseExecutor.java:301)
	at com.kms.katalon.core.main.TestCaseExecutor.execute(TestCaseExecutor.java:235)
	at com.kms.katalon.core.main.TestSuiteExecutor.accessTestCaseMainPhase(TestSuiteExecutor.java:191)
	at com.kms.katalon.core.main.TestSuiteExecutor.accessTestSuiteMainPhase(TestSuiteExecutor.java:141)
	at com.kms.katalon.core.main.TestSuiteExecutor.execute(TestSuiteExecutor.java:90)
	at com.kms.katalon.core.main.TestCaseMain.startTestSuite(TestCaseMain.java:157)
	at com.kms.katalon.core.main.TestCaseMain$startTestSuite$0.call(Unknown Source)
	at TempTestSuite1601322783658.run(TempTestSuite1601322783658.groovy:39)
)
[[ATTACHMENT|/Users/cckozie/Katalon Studio/tC Create Project/Reports/20200928_145253/tCC Test Suite 1/20200928_145303/1601323343006.png]]

2020-09-28 15:02:25 - [TEST_STEP][PASSED] - col = page + columns[c]: null

2020-09-28 15:02:25 - [TEST_STEP][PASSED] - if (verifyElementChecked(findTestObject(col), 1, OPTIONAL) == true): Object 'Object Repository/Page_tCC translationNotes/columns_Chapter' is not checked (Root cause: com.kms.katalon.core.exception.StepFailedException: Object 'Object Repository/Page_tCC translationNotes/columns_Chapter' is not checked
	at com.kms.katalon.core.webui.keyword.internal.WebUIKeywordMain.stepFailed(WebUIKeywordMain.groovy:64)
	at com.kms.katalon.core.webui.keyword.builtin.VerifyElementCheckedKeyword$_verifyElementChecked_closure1.doCall(VerifyElementCheckedKeyword.groovy:81)
	at com.kms.katalon.core.webui.keyword.builtin.VerifyElementCheckedKeyword$_verifyElementChecked_closure1.call(VerifyElementCheckedKeyword.groovy)
	at com.kms.katalon.core.webui.keyword.internal.WebUIKeywordMain.runKeyword(WebUIKeywordMain.groovy:20)
	at com.kms.katalon.core.webui.keyword.builtin.VerifyElementCheckedKeyword.verifyElementChecked(VerifyElementCheckedKeyword.groovy:92)
	at com.kms.katalon.core.webui.keyword.builtin.VerifyElementCheckedKeyword.execute(VerifyElementCheckedKeyword.groovy:68)
	at com.kms.katalon.core.keyword.internal.KeywordExecutor.executeKeywordForPlatform(KeywordExecutor.groovy:73)
	at com.kms.katalon.core.webui.keyword.WebUiBuiltInKeywords.verifyElementChecked(WebUiBuiltInKeywords.groovy:1378)
	at com.kms.katalon.core.webui.keyword.WebUiBuiltInKeywords$verifyElementChecked$8.call(Unknown Source)
	at tCC tN Test Column Options.run(tCC tN Test Column Options:50)
	at com.kms.katalon.core.main.ScriptEngine.run(ScriptEngine.java:194)
	at com.kms.katalon.core.main.ScriptEngine.runScriptAsRawText(ScriptEngine.java:119)
	at com.kms.katalon.core.main.TestCaseExecutor.runScript(TestCaseExecutor.java:339)
	at com.kms.katalon.core.main.TestCaseExecutor.doExecute(TestCaseExecutor.java:330)
	at com.kms.katalon.core.main.TestCaseExecutor.processExecutionPhase(TestCaseExecutor.java:309)
	at com.kms.katalon.core.main.TestCaseExecutor.accessMainPhase(TestCaseExecutor.java:301)
	at com.kms.katalon.core.main.TestCaseExecutor.execute(TestCaseExecutor.java:235)
	at com.kms.katalon.core.main.TestSuiteExecutor.accessTestCaseMainPhase(TestSuiteExecutor.java:191)
	at com.kms.katalon.core.main.TestSuiteExecutor.accessTestSuiteMainPhase(TestSuiteExecutor.java:141)
	at com.kms.katalon.core.main.TestSuiteExecutor.execute(TestSuiteExecutor.java:90)
	at com.kms.katalon.core.main.TestCaseMain.startTestSuite(TestCaseMain.java:157)
	at com.kms.katalon.core.main.TestCaseMain$startTestSuite$0.call(Unknown Source)
	at TempTestSuite1601322783658.run(TempTestSuite1601322783658.groovy:39)
)

2020-09-28 15:02:27 - [MESSAGE][WARNING] - Object 'Object Repository/Page_tCC translationNotes/columns_Chapter' is not checked (Root cause: com.kms.katalon.core.exception.StepFailedException: Object 'Object Repository/Page_tCC translationNotes/columns_Chapter' is not checked
	at com.kms.katalon.core.webui.keyword.internal.WebUIKeywordMain.stepFailed(WebUIKeywordMain.groovy:64)
	at com.kms.katalon.core.webui.keyword.builtin.VerifyElementCheckedKeyword$_verifyElementChecked_closure1.doCall(VerifyElementCheckedKeyword.groovy:81)
	at com.kms.katalon.core.webui.keyword.builtin.VerifyElementCheckedKeyword$_verifyElementChecked_closure1.call(VerifyElementCheckedKeyword.groovy)
	at com.kms.katalon.core.webui.keyword.internal.WebUIKeywordMain.runKeyword(WebUIKeywordMain.groovy:20)
	at com.kms.katalon.core.webui.keyword.builtin.VerifyElementCheckedKeyword.verifyElementChecked(VerifyElementCheckedKeyword.groovy:92)
	at com.kms.katalon.core.webui.keyword.builtin.VerifyElementCheckedKeyword.execute(VerifyElementCheckedKeyword.groovy:68)
	at com.kms.katalon.core.keyword.internal.KeywordExecutor.executeKeywordForPlatform(KeywordExecutor.groovy:73)
	at com.kms.katalon.core.webui.keyword.WebUiBuiltInKeywords.verifyElementChecked(WebUiBuiltInKeywords.groovy:1378)
	at com.kms.katalon.core.webui.keyword.WebUiBuiltInKeywords$verifyElementChecked$8.call(Unknown Source)
	at tCC tN Test Column Options.run(tCC tN Test Column Options:50)
	at com.kms.katalon.core.main.ScriptEngine.run(ScriptEngine.java:194)
	at com.kms.katalon.core.main.ScriptEngine.runScriptAsRawText(ScriptEngine.java:119)
	at com.kms.katalon.core.main.TestCaseExecutor.runScript(TestCaseExecutor.java:339)
	at com.kms.katalon.core.main.TestCaseExecutor.doExecute(TestCaseExecutor.java:330)
	at com.kms.katalon.core.main.TestCaseExecutor.processExecutionPhase(TestCaseExecutor.java:309)
	at com.kms.katalon.core.main.TestCaseExecutor.accessMainPhase(TestCaseExecutor.java:301)
	at com.kms.katalon.core.main.TestCaseExecutor.execute(TestCaseExecutor.java:235)
	at com.kms.katalon.core.main.TestSuiteExecutor.accessTestCaseMainPhase(TestSuiteExecutor.java:191)
	at com.kms.katalon.core.main.TestSuiteExecutor.accessTestSuiteMainPhase(TestSuiteExecutor.java:141)
	at com.kms.katalon.core.main.TestSuiteExecutor.execute(TestSuiteExecutor.java:90)
	at com.kms.katalon.core.main.TestCaseMain.startTestSuite(TestCaseMain.java:157)
	at com.kms.katalon.core.main.TestCaseMain$startTestSuite$0.call(Unknown Source)
	at TempTestSuite1601322783658.run(TempTestSuite1601322783658.groovy:39)
)
[[ATTACHMENT|/Users/cckozie/Katalon Studio/tC Create Project/Reports/20200928_145253/tCC Test Suite 1/20200928_145303/1601323345820.png]]

2020-09-28 15:02:27 - [TEST_STEP][PASSED] - col = page + columns[c]: null

2020-09-28 15:02:27 - [TEST_STEP][PASSED] - if (verifyElementChecked(findTestObject(col), 1, OPTIONAL) == true): Object 'Object Repository/Page_tCC translationNotes/columns_Verse' is not checked (Root cause: com.kms.katalon.core.exception.StepFailedException: Object 'Object Repository/Page_tCC translationNotes/columns_Verse' is not checked
	at com.kms.katalon.core.webui.keyword.internal.WebUIKeywordMain.stepFailed(WebUIKeywordMain.groovy:64)
	at com.kms.katalon.core.webui.keyword.builtin.VerifyElementCheckedKeyword$_verifyElementChecked_closure1.doCall(VerifyElementCheckedKeyword.groovy:81)
	at com.kms.katalon.core.webui.keyword.builtin.VerifyElementCheckedKeyword$_verifyElementChecked_closure1.call(VerifyElementCheckedKeyword.groovy)
	at com.kms.katalon.core.webui.keyword.internal.WebUIKeywordMain.runKeyword(WebUIKeywordMain.groovy:20)
	at com.kms.katalon.core.webui.keyword.builtin.VerifyElementCheckedKeyword.verifyElementChecked(VerifyElementCheckedKeyword.groovy:92)
	at com.kms.katalon.core.webui.keyword.builtin.VerifyElementCheckedKeyword.execute(VerifyElementCheckedKeyword.groovy:68)
	at com.kms.katalon.core.keyword.internal.KeywordExecutor.executeKeywordForPlatform(KeywordExecutor.groovy:73)
	at com.kms.katalon.core.webui.keyword.WebUiBuiltInKeywords.verifyElementChecked(WebUiBuiltInKeywords.groovy:1378)
	at com.kms.katalon.core.webui.keyword.WebUiBuiltInKeywords$verifyElementChecked$8.call(Unknown Source)
	at tCC tN Test Column Options.run(tCC tN Test Column Options:50)
	at com.kms.katalon.core.main.ScriptEngine.run(ScriptEngine.java:194)
	at com.kms.katalon.core.main.ScriptEngine.runScriptAsRawText(ScriptEngine.java:119)
	at com.kms.katalon.core.main.TestCaseExecutor.runScript(TestCaseExecutor.java:339)
	at com.kms.katalon.core.main.TestCaseExecutor.doExecute(TestCaseExecutor.java:330)
	at com.kms.katalon.core.main.TestCaseExecutor.processExecutionPhase(TestCaseExecutor.java:309)
	at com.kms.katalon.core.main.TestCaseExecutor.accessMainPhase(TestCaseExecutor.java:301)
	at com.kms.katalon.core.main.TestCaseExecutor.execute(TestCaseExecutor.java:235)
	at com.kms.katalon.core.main.TestSuiteExecutor.accessTestCaseMainPhase(TestSuiteExecutor.java:191)
	at com.kms.katalon.core.main.TestSuiteExecutor.accessTestSuiteMainPhase(TestSuiteExecutor.java:141)
	at com.kms.katalon.core.main.TestSuiteExecutor.execute(TestSuiteExecutor.java:90)
	at com.kms.katalon.core.main.TestCaseMain.startTestSuite(TestCaseMain.java:157)
	at com.kms.katalon.core.main.TestCaseMain$startTestSuite$0.call(Unknown Source)
	at TempTestSuite1601322783658.run(TempTestSuite1601322783658.groovy:39)
)

2020-09-28 15:02:28 - [MESSAGE][WARNING] - Object 'Object Repository/Page_tCC translationNotes/columns_Verse' is not checked (Root cause: com.kms.katalon.core.exception.StepFailedException: Object 'Object Repository/Page_tCC translationNotes/columns_Verse' is not checked
	at com.kms.katalon.core.webui.keyword.internal.WebUIKeywordMain.stepFailed(WebUIKeywordMain.groovy:64)
	at com.kms.katalon.core.webui.keyword.builtin.VerifyElementCheckedKeyword$_verifyElementChecked_closure1.doCall(VerifyElementCheckedKeyword.groovy:81)
	at com.kms.katalon.core.webui.keyword.builtin.VerifyElementCheckedKeyword$_verifyElementChecked_closure1.call(VerifyElementCheckedKeyword.groovy)
	at com.kms.katalon.core.webui.keyword.internal.WebUIKeywordMain.runKeyword(WebUIKeywordMain.groovy:20)
	at com.kms.katalon.core.webui.keyword.builtin.VerifyElementCheckedKeyword.verifyElementChecked(VerifyElementCheckedKeyword.groovy:92)
	at com.kms.katalon.core.webui.keyword.builtin.VerifyElementCheckedKeyword.execute(VerifyElementCheckedKeyword.groovy:68)
	at com.kms.katalon.core.keyword.internal.KeywordExecutor.executeKeywordForPlatform(KeywordExecutor.groovy:73)
	at com.kms.katalon.core.webui.keyword.WebUiBuiltInKeywords.verifyElementChecked(WebUiBuiltInKeywords.groovy:1378)
	at com.kms.katalon.core.webui.keyword.WebUiBuiltInKeywords$verifyElementChecked$8.call(Unknown Source)
	at tCC tN Test Column Options.run(tCC tN Test Column Options:50)
	at com.kms.katalon.core.main.ScriptEngine.run(ScriptEngine.java:194)
	at com.kms.katalon.core.main.ScriptEngine.runScriptAsRawText(ScriptEngine.java:119)
	at com.kms.katalon.core.main.TestCaseExecutor.runScript(TestCaseExecutor.java:339)
	at com.kms.katalon.core.main.TestCaseExecutor.doExecute(TestCaseExecutor.java:330)
	at com.kms.katalon.core.main.TestCaseExecutor.processExecutionPhase(TestCaseExecutor.java:309)
	at com.kms.katalon.core.main.TestCaseExecutor.accessMainPhase(TestCaseExecutor.java:301)
	at com.kms.katalon.core.main.TestCaseExecutor.execute(TestCaseExecutor.java:235)
	at com.kms.katalon.core.main.TestSuiteExecutor.accessTestCaseMainPhase(TestSuiteExecutor.java:191)
	at com.kms.katalon.core.main.TestSuiteExecutor.accessTestSuiteMainPhase(TestSuiteExecutor.java:141)
	at com.kms.katalon.core.main.TestSuiteExecutor.execute(TestSuiteExecutor.java:90)
	at com.kms.katalon.core.main.TestCaseMain.startTestSuite(TestCaseMain.java:157)
	at com.kms.katalon.core.main.TestCaseMain$startTestSuite$0.call(Unknown Source)
	at TempTestSuite1601322783658.run(TempTestSuite1601322783658.groovy:39)
)
[[ATTACHMENT|/Users/cckozie/Katalon Studio/tC Create Project/Reports/20200928_145253/tCC Test Suite 1/20200928_145303/1601323347450.png]]

2020-09-28 15:02:28 - [TEST_STEP][PASSED] - col = page + columns[c]: null

2020-09-28 15:02:28 - [TEST_STEP][PASSED] - if (verifyElementChecked(findTestObject(col), 1, OPTIONAL) == true): Object 'Object Repository/Page_tCC translationNotes/columns_ID' is not checked (Root cause: com.kms.katalon.core.exception.StepFailedException: Object 'Object Repository/Page_tCC translationNotes/columns_ID' is not checked
	at com.kms.katalon.core.webui.keyword.internal.WebUIKeywordMain.stepFailed(WebUIKeywordMain.groovy:64)
	at com.kms.katalon.core.webui.keyword.builtin.VerifyElementCheckedKeyword$_verifyElementChecked_closure1.doCall(VerifyElementCheckedKeyword.groovy:81)
	at com.kms.katalon.core.webui.keyword.builtin.VerifyElementCheckedKeyword$_verifyElementChecked_closure1.call(VerifyElementCheckedKeyword.groovy)
	at com.kms.katalon.core.webui.keyword.internal.WebUIKeywordMain.runKeyword(WebUIKeywordMain.groovy:20)
	at com.kms.katalon.core.webui.keyword.builtin.VerifyElementCheckedKeyword.verifyElementChecked(VerifyElementCheckedKeyword.groovy:92)
	at com.kms.katalon.core.webui.keyword.builtin.VerifyElementCheckedKeyword.execute(VerifyElementCheckedKeyword.groovy:68)
	at com.kms.katalon.core.keyword.internal.KeywordExecutor.executeKeywordForPlatform(KeywordExecutor.groovy:73)
	at com.kms.katalon.core.webui.keyword.WebUiBuiltInKeywords.verifyElementChecked(WebUiBuiltInKeywords.groovy:1378)
	at com.kms.katalon.core.webui.keyword.WebUiBuiltInKeywords$verifyElementChecked$8.call(Unknown Source)
	at tCC tN Test Column Options.run(tCC tN Test Column Options:50)
	at com.kms.katalon.core.main.ScriptEngine.run(ScriptEngine.java:194)
	at com.kms.katalon.core.main.ScriptEngine.runScriptAsRawText(ScriptEngine.java:119)
	at com.kms.katalon.core.main.TestCaseExecutor.runScript(TestCaseExecutor.java:339)
	at com.kms.katalon.core.main.TestCaseExecutor.doExecute(TestCaseExecutor.java:330)
	at com.kms.katalon.core.main.TestCaseExecutor.processExecutionPhase(TestCaseExecutor.java:309)
	at com.kms.katalon.core.main.TestCaseExecutor.accessMainPhase(TestCaseExecutor.java:301)
	at com.kms.katalon.core.main.TestCaseExecutor.execute(TestCaseExecutor.java:235)
	at com.kms.katalon.core.main.TestSuiteExecutor.accessTestCaseMainPhase(TestSuiteExecutor.java:191)
	at com.kms.katalon.core.main.TestSuiteExecutor.accessTestSuiteMainPhase(TestSuiteExecutor.java:141)
	at com.kms.katalon.core.main.TestSuiteExecutor.execute(TestSuiteExecutor.java:90)
	at com.kms.katalon.core.main.TestCaseMain.startTestSuite(TestCaseMain.java:157)
	at com.kms.katalon.core.main.TestCaseMain$startTestSuite$0.call(Unknown Source)
	at TempTestSuite1601322783658.run(TempTestSuite1601322783658.groovy:39)
)

2020-09-28 15:02:30 - [MESSAGE][WARNING] - Object 'Object Repository/Page_tCC translationNotes/columns_ID' is not checked (Root cause: com.kms.katalon.core.exception.StepFailedException: Object 'Object Repository/Page_tCC translationNotes/columns_ID' is not checked
	at com.kms.katalon.core.webui.keyword.internal.WebUIKeywordMain.stepFailed(WebUIKeywordMain.groovy:64)
	at com.kms.katalon.core.webui.keyword.builtin.VerifyElementCheckedKeyword$_verifyElementChecked_closure1.doCall(VerifyElementCheckedKeyword.groovy:81)
	at com.kms.katalon.core.webui.keyword.builtin.VerifyElementCheckedKeyword$_verifyElementChecked_closure1.call(VerifyElementCheckedKeyword.groovy)
	at com.kms.katalon.core.webui.keyword.internal.WebUIKeywordMain.runKeyword(WebUIKeywordMain.groovy:20)
	at com.kms.katalon.core.webui.keyword.builtin.VerifyElementCheckedKeyword.verifyElementChecked(VerifyElementCheckedKeyword.groovy:92)
	at com.kms.katalon.core.webui.keyword.builtin.VerifyElementCheckedKeyword.execute(VerifyElementCheckedKeyword.groovy:68)
	at com.kms.katalon.core.keyword.internal.KeywordExecutor.executeKeywordForPlatform(KeywordExecutor.groovy:73)
	at com.kms.katalon.core.webui.keyword.WebUiBuiltInKeywords.verifyElementChecked(WebUiBuiltInKeywords.groovy:1378)
	at com.kms.katalon.core.webui.keyword.WebUiBuiltInKeywords$verifyElementChecked$8.call(Unknown Source)
	at tCC tN Test Column Options.run(tCC tN Test Column Options:50)
	at com.kms.katalon.core.main.ScriptEngine.run(ScriptEngine.java:194)
	at com.kms.katalon.core.main.ScriptEngine.runScriptAsRawText(ScriptEngine.java:119)
	at com.kms.katalon.core.main.TestCaseExecutor.runScript(TestCaseExecutor.java:339)
	at com.kms.katalon.core.main.TestCaseExecutor.doExecute(TestCaseExecutor.java:330)
	at com.kms.katalon.core.main.TestCaseExecutor.processExecutionPhase(TestCaseExecutor.java:309)
	at com.kms.katalon.core.main.TestCaseExecutor.accessMainPhase(TestCaseExecutor.java:301)
	at com.kms.katalon.core.main.TestCaseExecutor.execute(TestCaseExecutor.java:235)
	at com.kms.katalon.core.main.TestSuiteExecutor.accessTestCaseMainPhase(TestSuiteExecutor.java:191)
	at com.kms.katalon.core.main.TestSuiteExecutor.accessTestSuiteMainPhase(TestSuiteExecutor.java:141)
	at com.kms.katalon.core.main.TestSuiteExecutor.execute(TestSuiteExecutor.java:90)
	at com.kms.katalon.core.main.TestCaseMain.startTestSuite(TestCaseMain.java:157)
	at com.kms.katalon.core.main.TestCaseMain$startTestSuite$0.call(Unknown Source)
	at TempTestSuite1601322783658.run(TempTestSuite1601322783658.groovy:39)
)
[[ATTACHMENT|/Users/cckozie/Katalon Studio/tC Create Project/Reports/20200928_145253/tCC Test Suite 1/20200928_145303/1601323349325.png]]

2020-09-28 15:02:30 - [TEST_STEP][PASSED] - col = page + columns[c]: null

2020-09-28 15:02:30 - [TEST_STEP][PASSED] - if (verifyElementChecked(findTestObject(col), 1, OPTIONAL) == true): null

2020-09-28 15:02:31 - [MESSAGE][PASSED] - Object 'Object Repository/Page_tCC translationNotes/columns_SupportReference' is checked

2020-09-28 15:02:31 - [TEST_STEP][PASSED] - click(findTestObject(col)): Object: 'Object Repository/Page_tCC translationNotes/columns_SupportReference' is clicked on

2020-09-28 15:02:32 - [MESSAGE][PASSED] - Object: 'Object Repository/Page_tCC translationNotes/columns_SupportReference' is clicked on

2020-09-28 15:02:32 - [TEST_STEP][PASSED] - verifyElementNotChecked(findTestObject(col), 1, CONTINUE_ON_FAILURE): Object 'Object Repository/Page_tCC translationNotes/columns_SupportReference' is not checked

2020-09-28 15:02:32 - [MESSAGE][PASSED] - Object 'Object Repository/Page_tCC translationNotes/columns_SupportReference' is not checked

2020-09-28 15:02:32 - [TEST_STEP][PASSED] - col = page + columns[c]: null

2020-09-28 15:02:32 - [TEST_STEP][PASSED] - if (verifyElementChecked(findTestObject(col), 1, OPTIONAL) == true): Object 'Object Repository/Page_tCC translationNotes/columns_OrigQuote' is not checked (Root cause: com.kms.katalon.core.exception.StepFailedException: Object 'Object Repository/Page_tCC translationNotes/columns_OrigQuote' is not checked
	at com.kms.katalon.core.webui.keyword.internal.WebUIKeywordMain.stepFailed(WebUIKeywordMain.groovy:64)
	at com.kms.katalon.core.webui.keyword.builtin.VerifyElementCheckedKeyword$_verifyElementChecked_closure1.doCall(VerifyElementCheckedKeyword.groovy:81)
	at com.kms.katalon.core.webui.keyword.builtin.VerifyElementCheckedKeyword$_verifyElementChecked_closure1.call(VerifyElementCheckedKeyword.groovy)
	at com.kms.katalon.core.webui.keyword.internal.WebUIKeywordMain.runKeyword(WebUIKeywordMain.groovy:20)
	at com.kms.katalon.core.webui.keyword.builtin.VerifyElementCheckedKeyword.verifyElementChecked(VerifyElementCheckedKeyword.groovy:92)
	at com.kms.katalon.core.webui.keyword.builtin.VerifyElementCheckedKeyword.execute(VerifyElementCheckedKeyword.groovy:68)
	at com.kms.katalon.core.keyword.internal.KeywordExecutor.executeKeywordForPlatform(KeywordExecutor.groovy:73)
	at com.kms.katalon.core.webui.keyword.WebUiBuiltInKeywords.verifyElementChecked(WebUiBuiltInKeywords.groovy:1378)
	at com.kms.katalon.core.webui.keyword.WebUiBuiltInKeywords$verifyElementChecked$8.call(Unknown Source)
	at tCC tN Test Column Options.run(tCC tN Test Column Options:50)
	at com.kms.katalon.core.main.ScriptEngine.run(ScriptEngine.java:194)
	at com.kms.katalon.core.main.ScriptEngine.runScriptAsRawText(ScriptEngine.java:119)
	at com.kms.katalon.core.main.TestCaseExecutor.runScript(TestCaseExecutor.java:339)
	at com.kms.katalon.core.main.TestCaseExecutor.doExecute(TestCaseExecutor.java:330)
	at com.kms.katalon.core.main.TestCaseExecutor.processExecutionPhase(TestCaseExecutor.java:309)
	at com.kms.katalon.core.main.TestCaseExecutor.accessMainPhase(TestCaseExecutor.java:301)
	at com.kms.katalon.core.main.TestCaseExecutor.execute(TestCaseExecutor.java:235)
	at com.kms.katalon.core.main.TestSuiteExecutor.accessTestCaseMainPhase(TestSuiteExecutor.java:191)
	at com.kms.katalon.core.main.TestSuiteExecutor.accessTestSuiteMainPhase(TestSuiteExecutor.java:141)
	at com.kms.katalon.core.main.TestSuiteExecutor.execute(TestSuiteExecutor.java:90)
	at com.kms.katalon.core.main.TestCaseMain.startTestSuite(TestCaseMain.java:157)
	at com.kms.katalon.core.main.TestCaseMain$startTestSuite$0.call(Unknown Source)
	at TempTestSuite1601322783658.run(TempTestSuite1601322783658.groovy:39)
)

2020-09-28 15:02:34 - [MESSAGE][WARNING] - Object 'Object Repository/Page_tCC translationNotes/columns_OrigQuote' is not checked (Root cause: com.kms.katalon.core.exception.StepFailedException: Object 'Object Repository/Page_tCC translationNotes/columns_OrigQuote' is not checked
	at com.kms.katalon.core.webui.keyword.internal.WebUIKeywordMain.stepFailed(WebUIKeywordMain.groovy:64)
	at com.kms.katalon.core.webui.keyword.builtin.VerifyElementCheckedKeyword$_verifyElementChecked_closure1.doCall(VerifyElementCheckedKeyword.groovy:81)
	at com.kms.katalon.core.webui.keyword.builtin.VerifyElementCheckedKeyword$_verifyElementChecked_closure1.call(VerifyElementCheckedKeyword.groovy)
	at com.kms.katalon.core.webui.keyword.internal.WebUIKeywordMain.runKeyword(WebUIKeywordMain.groovy:20)
	at com.kms.katalon.core.webui.keyword.builtin.VerifyElementCheckedKeyword.verifyElementChecked(VerifyElementCheckedKeyword.groovy:92)
	at com.kms.katalon.core.webui.keyword.builtin.VerifyElementCheckedKeyword.execute(VerifyElementCheckedKeyword.groovy:68)
	at com.kms.katalon.core.keyword.internal.KeywordExecutor.executeKeywordForPlatform(KeywordExecutor.groovy:73)
	at com.kms.katalon.core.webui.keyword.WebUiBuiltInKeywords.verifyElementChecked(WebUiBuiltInKeywords.groovy:1378)
	at com.kms.katalon.core.webui.keyword.WebUiBuiltInKeywords$verifyElementChecked$8.call(Unknown Source)
	at tCC tN Test Column Options.run(tCC tN Test Column Options:50)
	at com.kms.katalon.core.main.ScriptEngine.run(ScriptEngine.java:194)
	at com.kms.katalon.core.main.ScriptEngine.runScriptAsRawText(ScriptEngine.java:119)
	at com.kms.katalon.core.main.TestCaseExecutor.runScript(TestCaseExecutor.java:339)
	at com.kms.katalon.core.main.TestCaseExecutor.doExecute(TestCaseExecutor.java:330)
	at com.kms.katalon.core.main.TestCaseExecutor.processExecutionPhase(TestCaseExecutor.java:309)
	at com.kms.katalon.core.main.TestCaseExecutor.accessMainPhase(TestCaseExecutor.java:301)
	at com.kms.katalon.core.main.TestCaseExecutor.execute(TestCaseExecutor.java:235)
	at com.kms.katalon.core.main.TestSuiteExecutor.accessTestCaseMainPhase(TestSuiteExecutor.java:191)
	at com.kms.katalon.core.main.TestSuiteExecutor.accessTestSuiteMainPhase(TestSuiteExecutor.java:141)
	at com.kms.katalon.core.main.TestSuiteExecutor.execute(TestSuiteExecutor.java:90)
	at com.kms.katalon.core.main.TestCaseMain.startTestSuite(TestCaseMain.java:157)
	at com.kms.katalon.core.main.TestCaseMain$startTestSuite$0.call(Unknown Source)
	at TempTestSuite1601322783658.run(TempTestSuite1601322783658.groovy:39)
)
[[ATTACHMENT|/Users/cckozie/Katalon Studio/tC Create Project/Reports/20200928_145253/tCC Test Suite 1/20200928_145303/1601323352916.png]]

2020-09-28 15:02:34 - [TEST_STEP][PASSED] - col = page + columns[c]: null

2020-09-28 15:02:34 - [TEST_STEP][PASSED] - if (verifyElementChecked(findTestObject(col), 1, OPTIONAL) == true): Object 'Object Repository/Page_tCC translationNotes/columns_Occurrence' is not checked (Root cause: com.kms.katalon.core.exception.StepFailedException: Object 'Object Repository/Page_tCC translationNotes/columns_Occurrence' is not checked
	at com.kms.katalon.core.webui.keyword.internal.WebUIKeywordMain.stepFailed(WebUIKeywordMain.groovy:64)
	at com.kms.katalon.core.webui.keyword.builtin.VerifyElementCheckedKeyword$_verifyElementChecked_closure1.doCall(VerifyElementCheckedKeyword.groovy:81)
	at com.kms.katalon.core.webui.keyword.builtin.VerifyElementCheckedKeyword$_verifyElementChecked_closure1.call(VerifyElementCheckedKeyword.groovy)
	at com.kms.katalon.core.webui.keyword.internal.WebUIKeywordMain.runKeyword(WebUIKeywordMain.groovy:20)
	at com.kms.katalon.core.webui.keyword.builtin.VerifyElementCheckedKeyword.verifyElementChecked(VerifyElementCheckedKeyword.groovy:92)
	at com.kms.katalon.core.webui.keyword.builtin.VerifyElementCheckedKeyword.execute(VerifyElementCheckedKeyword.groovy:68)
	at com.kms.katalon.core.keyword.internal.KeywordExecutor.executeKeywordForPlatform(KeywordExecutor.groovy:73)
	at com.kms.katalon.core.webui.keyword.WebUiBuiltInKeywords.verifyElementChecked(WebUiBuiltInKeywords.groovy:1378)
	at com.kms.katalon.core.webui.keyword.WebUiBuiltInKeywords$verifyElementChecked$8.call(Unknown Source)
	at tCC tN Test Column Options.run(tCC tN Test Column Options:50)
	at com.kms.katalon.core.main.ScriptEngine.run(ScriptEngine.java:194)
	at com.kms.katalon.core.main.ScriptEngine.runScriptAsRawText(ScriptEngine.java:119)
	at com.kms.katalon.core.main.TestCaseExecutor.runScript(TestCaseExecutor.java:339)
	at com.kms.katalon.core.main.TestCaseExecutor.doExecute(TestCaseExecutor.java:330)
	at com.kms.katalon.core.main.TestCaseExecutor.processExecutionPhase(TestCaseExecutor.java:309)
	at com.kms.katalon.core.main.TestCaseExecutor.accessMainPhase(TestCaseExecutor.java:301)
	at com.kms.katalon.core.main.TestCaseExecutor.execute(TestCaseExecutor.java:235)
	at com.kms.katalon.core.main.TestSuiteExecutor.accessTestCaseMainPhase(TestSuiteExecutor.java:191)
	at com.kms.katalon.core.main.TestSuiteExecutor.accessTestSuiteMainPhase(TestSuiteExecutor.java:141)
	at com.kms.katalon.core.main.TestSuiteExecutor.execute(TestSuiteExecutor.java:90)
	at com.kms.katalon.core.main.TestCaseMain.startTestSuite(TestCaseMain.java:157)
	at com.kms.katalon.core.main.TestCaseMain$startTestSuite$0.call(Unknown Source)
	at TempTestSuite1601322783658.run(TempTestSuite1601322783658.groovy:39)
)

2020-09-28 15:02:35 - [MESSAGE][WARNING] - Object 'Object Repository/Page_tCC translationNotes/columns_Occurrence' is not checked (Root cause: com.kms.katalon.core.exception.StepFailedException: Object 'Object Repository/Page_tCC translationNotes/columns_Occurrence' is not checked
	at com.kms.katalon.core.webui.keyword.internal.WebUIKeywordMain.stepFailed(WebUIKeywordMain.groovy:64)
	at com.kms.katalon.core.webui.keyword.builtin.VerifyElementCheckedKeyword$_verifyElementChecked_closure1.doCall(VerifyElementCheckedKeyword.groovy:81)
	at com.kms.katalon.core.webui.keyword.builtin.VerifyElementCheckedKeyword$_verifyElementChecked_closure1.call(VerifyElementCheckedKeyword.groovy)
	at com.kms.katalon.core.webui.keyword.internal.WebUIKeywordMain.runKeyword(WebUIKeywordMain.groovy:20)
	at com.kms.katalon.core.webui.keyword.builtin.VerifyElementCheckedKeyword.verifyElementChecked(VerifyElementCheckedKeyword.groovy:92)
	at com.kms.katalon.core.webui.keyword.builtin.VerifyElementCheckedKeyword.execute(VerifyElementCheckedKeyword.groovy:68)
	at com.kms.katalon.core.keyword.internal.KeywordExecutor.executeKeywordForPlatform(KeywordExecutor.groovy:73)
	at com.kms.katalon.core.webui.keyword.WebUiBuiltInKeywords.verifyElementChecked(WebUiBuiltInKeywords.groovy:1378)
	at com.kms.katalon.core.webui.keyword.WebUiBuiltInKeywords$verifyElementChecked$8.call(Unknown Source)
	at tCC tN Test Column Options.run(tCC tN Test Column Options:50)
	at com.kms.katalon.core.main.ScriptEngine.run(ScriptEngine.java:194)
	at com.kms.katalon.core.main.ScriptEngine.runScriptAsRawText(ScriptEngine.java:119)
	at com.kms.katalon.core.main.TestCaseExecutor.runScript(TestCaseExecutor.java:339)
	at com.kms.katalon.core.main.TestCaseExecutor.doExecute(TestCaseExecutor.java:330)
	at com.kms.katalon.core.main.TestCaseExecutor.processExecutionPhase(TestCaseExecutor.java:309)
	at com.kms.katalon.core.main.TestCaseExecutor.accessMainPhase(TestCaseExecutor.java:301)
	at com.kms.katalon.core.main.TestCaseExecutor.execute(TestCaseExecutor.java:235)
	at com.kms.katalon.core.main.TestSuiteExecutor.accessTestCaseMainPhase(TestSuiteExecutor.java:191)
	at com.kms.katalon.core.main.TestSuiteExecutor.accessTestSuiteMainPhase(TestSuiteExecutor.java:141)
	at com.kms.katalon.core.main.TestSuiteExecutor.execute(TestSuiteExecutor.java:90)
	at com.kms.katalon.core.main.TestCaseMain.startTestSuite(TestCaseMain.java:157)
	at com.kms.katalon.core.main.TestCaseMain$startTestSuite$0.call(Unknown Source)
	at TempTestSuite1601322783658.run(TempTestSuite1601322783658.groovy:39)
)
[[ATTACHMENT|/Users/cckozie/Katalon Studio/tC Create Project/Reports/20200928_145253/tCC Test Suite 1/20200928_145303/1601323354567.png]]

2020-09-28 15:02:35 - [TEST_STEP][PASSED] - col = page + columns[c]: null

2020-09-28 15:02:35 - [TEST_STEP][PASSED] - if (verifyElementChecked(findTestObject(col), 1, OPTIONAL) == true): Object 'Object Repository/Page_tCC translationNotes/columns_GLQuote' is not checked (Root cause: com.kms.katalon.core.exception.StepFailedException: Object 'Object Repository/Page_tCC translationNotes/columns_GLQuote' is not checked
	at com.kms.katalon.core.webui.keyword.internal.WebUIKeywordMain.stepFailed(WebUIKeywordMain.groovy:64)
	at com.kms.katalon.core.webui.keyword.builtin.VerifyElementCheckedKeyword$_verifyElementChecked_closure1.doCall(VerifyElementCheckedKeyword.groovy:81)
	at com.kms.katalon.core.webui.keyword.builtin.VerifyElementCheckedKeyword$_verifyElementChecked_closure1.call(VerifyElementCheckedKeyword.groovy)
	at com.kms.katalon.core.webui.keyword.internal.WebUIKeywordMain.runKeyword(WebUIKeywordMain.groovy:20)
	at com.kms.katalon.core.webui.keyword.builtin.VerifyElementCheckedKeyword.verifyElementChecked(VerifyElementCheckedKeyword.groovy:92)
	at com.kms.katalon.core.webui.keyword.builtin.VerifyElementCheckedKeyword.execute(VerifyElementCheckedKeyword.groovy:68)
	at com.kms.katalon.core.keyword.internal.KeywordExecutor.executeKeywordForPlatform(KeywordExecutor.groovy:73)
	at com.kms.katalon.core.webui.keyword.WebUiBuiltInKeywords.verifyElementChecked(WebUiBuiltInKeywords.groovy:1378)
	at com.kms.katalon.core.webui.keyword.WebUiBuiltInKeywords$verifyElementChecked$8.call(Unknown Source)
	at tCC tN Test Column Options.run(tCC tN Test Column Options:50)
	at com.kms.katalon.core.main.ScriptEngine.run(ScriptEngine.java:194)
	at com.kms.katalon.core.main.ScriptEngine.runScriptAsRawText(ScriptEngine.java:119)
	at com.kms.katalon.core.main.TestCaseExecutor.runScript(TestCaseExecutor.java:339)
	at com.kms.katalon.core.main.TestCaseExecutor.doExecute(TestCaseExecutor.java:330)
	at com.kms.katalon.core.main.TestCaseExecutor.processExecutionPhase(TestCaseExecutor.java:309)
	at com.kms.katalon.core.main.TestCaseExecutor.accessMainPhase(TestCaseExecutor.java:301)
	at com.kms.katalon.core.main.TestCaseExecutor.execute(TestCaseExecutor.java:235)
	at com.kms.katalon.core.main.TestSuiteExecutor.accessTestCaseMainPhase(TestSuiteExecutor.java:191)
	at com.kms.katalon.core.main.TestSuiteExecutor.accessTestSuiteMainPhase(TestSuiteExecutor.java:141)
	at com.kms.katalon.core.main.TestSuiteExecutor.execute(TestSuiteExecutor.java:90)
	at com.kms.katalon.core.main.TestCaseMain.startTestSuite(TestCaseMain.java:157)
	at com.kms.katalon.core.main.TestCaseMain$startTestSuite$0.call(Unknown Source)
	at TempTestSuite1601322783658.run(TempTestSuite1601322783658.groovy:39)
)

2020-09-28 15:02:37 - [MESSAGE][WARNING] - Object 'Object Repository/Page_tCC translationNotes/columns_GLQuote' is not checked (Root cause: com.kms.katalon.core.exception.StepFailedException: Object 'Object Repository/Page_tCC translationNotes/columns_GLQuote' is not checked
	at com.kms.katalon.core.webui.keyword.internal.WebUIKeywordMain.stepFailed(WebUIKeywordMain.groovy:64)
	at com.kms.katalon.core.webui.keyword.builtin.VerifyElementCheckedKeyword$_verifyElementChecked_closure1.doCall(VerifyElementCheckedKeyword.groovy:81)
	at com.kms.katalon.core.webui.keyword.builtin.VerifyElementCheckedKeyword$_verifyElementChecked_closure1.call(VerifyElementCheckedKeyword.groovy)
	at com.kms.katalon.core.webui.keyword.internal.WebUIKeywordMain.runKeyword(WebUIKeywordMain.groovy:20)
	at com.kms.katalon.core.webui.keyword.builtin.VerifyElementCheckedKeyword.verifyElementChecked(VerifyElementCheckedKeyword.groovy:92)
	at com.kms.katalon.core.webui.keyword.builtin.VerifyElementCheckedKeyword.execute(VerifyElementCheckedKeyword.groovy:68)
	at com.kms.katalon.core.keyword.internal.KeywordExecutor.executeKeywordForPlatform(KeywordExecutor.groovy:73)
	at com.kms.katalon.core.webui.keyword.WebUiBuiltInKeywords.verifyElementChecked(WebUiBuiltInKeywords.groovy:1378)
	at com.kms.katalon.core.webui.keyword.WebUiBuiltInKeywords$verifyElementChecked$8.call(Unknown Source)
	at tCC tN Test Column Options.run(tCC tN Test Column Options:50)
	at com.kms.katalon.core.main.ScriptEngine.run(ScriptEngine.java:194)
	at com.kms.katalon.core.main.ScriptEngine.runScriptAsRawText(ScriptEngine.java:119)
	at com.kms.katalon.core.main.TestCaseExecutor.runScript(TestCaseExecutor.java:339)
	at com.kms.katalon.core.main.TestCaseExecutor.doExecute(TestCaseExecutor.java:330)
	at com.kms.katalon.core.main.TestCaseExecutor.processExecutionPhase(TestCaseExecutor.java:309)
	at com.kms.katalon.core.main.TestCaseExecutor.accessMainPhase(TestCaseExecutor.java:301)
	at com.kms.katalon.core.main.TestCaseExecutor.execute(TestCaseExecutor.java:235)
	at com.kms.katalon.core.main.TestSuiteExecutor.accessTestCaseMainPhase(TestSuiteExecutor.java:191)
	at com.kms.katalon.core.main.TestSuiteExecutor.accessTestSuiteMainPhase(TestSuiteExecutor.java:141)
	at com.kms.katalon.core.main.TestSuiteExecutor.execute(TestSuiteExecutor.java:90)
	at com.kms.katalon.core.main.TestCaseMain.startTestSuite(TestCaseMain.java:157)
	at com.kms.katalon.core.main.TestCaseMain$startTestSuite$0.call(Unknown Source)
	at TempTestSuite1601322783658.run(TempTestSuite1601322783658.groovy:39)
)
[[ATTACHMENT|/Users/cckozie/Katalon Studio/tC Create Project/Reports/20200928_145253/tCC Test Suite 1/20200928_145303/1601323356026.png]]

2020-09-28 15:02:37 - [TEST_STEP][PASSED] - col = page + columns[c]: null

2020-09-28 15:02:37 - [TEST_STEP][PASSED] - if (verifyElementChecked(findTestObject(col), 1, OPTIONAL) == true): null

2020-09-28 15:02:37 - [MESSAGE][PASSED] - Object 'Object Repository/Page_tCC translationNotes/columns_OccurrenceNote' is checked

2020-09-28 15:02:37 - [TEST_STEP][PASSED] - click(findTestObject(col)): Object: 'Object Repository/Page_tCC translationNotes/columns_OccurrenceNote' is clicked on

2020-09-28 15:02:38 - [MESSAGE][PASSED] - Object: 'Object Repository/Page_tCC translationNotes/columns_OccurrenceNote' is clicked on

2020-09-28 15:02:38 - [TEST_STEP][PASSED] - verifyElementNotChecked(findTestObject(col), 1, CONTINUE_ON_FAILURE): Object 'Object Repository/Page_tCC translationNotes/columns_OccurrenceNote' is not checked

2020-09-28 15:02:38 - [MESSAGE][PASSED] - Object 'Object Repository/Page_tCC translationNotes/columns_OccurrenceNote' is not checked

2020-09-28 15:02:38 - [TEST_STEP][PASSED] - for (def c : (0..(columns.size() - 1))): Web element with id: 'Object Repository/Page_tCC translationNotes/text_OccurrenceNote_Who wrote the Book of Titus' located by 'By.xpath: //h3[@id='whowrotethebookoftitus']' is not present after '1' second(s)

2020-09-28 15:02:38 - [TEST_STEP][PASSED] - col = page + columns[c]: null

2020-09-28 15:02:38 - [TEST_STEP][PASSED] - click(findTestObject(col)): Object: 'Object Repository/Page_tCC translationNotes/columns_RowHeader' is clicked on

2020-09-28 15:02:44 - [MESSAGE][PASSED] - Object: 'Object Repository/Page_tCC translationNotes/columns_RowHeader' is clicked on

2020-09-28 15:02:44 - [TEST_STEP][PASSED] - verifyElementChecked(findTestObject(col), 1, CONTINUE_ON_FAILURE): Object 'Object Repository/Page_tCC translationNotes/columns_RowHeader' is checked

2020-09-28 15:02:45 - [MESSAGE][PASSED] - Object 'Object Repository/Page_tCC translationNotes/columns_RowHeader' is checked

2020-09-28 15:02:45 - [TEST_STEP][PASSED] - println("Testing for " + col + " elements visible."): null

2020-09-28 15:02:45 - [TEST_STEP][PASSED] - logInfo("Testing for " + col + " elements visible."): Testing for Page_tCC translationNotes/columns_RowHeader elements visible.

2020-09-28 15:02:45 - [MESSAGE][INFO] - Testing for Page_tCC translationNotes/columns_RowHeader elements visible.

2020-09-28 15:02:45 - [TEST_STEP][PASSED] - for (def e : (0..(elements[c].size() - 1))): Object 'Object Repository/Page_tCC translationNotes/text_RowHeader_Titus 11' is visible

2020-09-28 15:02:45 - [TEST_STEP][PASSED] - ele = page + elements[c][e]: null

2020-09-28 15:02:45 - [TEST_STEP][PASSED] - println("looking for " + ele): null

2020-09-28 15:02:45 - [TEST_STEP][PASSED] - logInfo("looking for " + ele): looking for Page_tCC translationNotes/text_RowHeader_TIT frontintro

2020-09-28 15:02:45 - [MESSAGE][INFO] - looking for Page_tCC translationNotes/text_RowHeader_TIT frontintro

2020-09-28 15:02:45 - [TEST_STEP][PASSED] - verifyElementVisible(findTestObject(ele), CONTINUE_ON_FAILURE): Object 'Object Repository/Page_tCC translationNotes/text_RowHeader_TIT frontintro' is visible

2020-09-28 15:02:45 - [MESSAGE][PASSED] - Object 'Object Repository/Page_tCC translationNotes/text_RowHeader_TIT frontintro' is visible

2020-09-28 15:02:45 - [TEST_STEP][PASSED] - ele = page + elements[c][e]: null

2020-09-28 15:02:45 - [TEST_STEP][PASSED] - println("looking for " + ele): null

2020-09-28 15:02:45 - [TEST_STEP][PASSED] - logInfo("looking for " + ele): looking for Page_tCC translationNotes/text_RowHeader_TIT 1intro

2020-09-28 15:02:45 - [MESSAGE][INFO] - looking for Page_tCC translationNotes/text_RowHeader_TIT 1intro

2020-09-28 15:02:45 - [TEST_STEP][PASSED] - verifyElementVisible(findTestObject(ele), CONTINUE_ON_FAILURE): Object 'Object Repository/Page_tCC translationNotes/text_RowHeader_TIT 1intro' is visible

2020-09-28 15:02:45 - [MESSAGE][PASSED] - Object 'Object Repository/Page_tCC translationNotes/text_RowHeader_TIT 1intro' is visible

2020-09-28 15:02:45 - [TEST_STEP][PASSED] - ele = page + elements[c][e]: null

2020-09-28 15:02:45 - [TEST_STEP][PASSED] - println("looking for " + ele): null

2020-09-28 15:02:45 - [TEST_STEP][PASSED] - logInfo("looking for " + ele): looking for Page_tCC translationNotes/text_RowHeader_Titus 11

2020-09-28 15:02:45 - [MESSAGE][INFO] - looking for Page_tCC translationNotes/text_RowHeader_Titus 11

2020-09-28 15:02:45 - [TEST_STEP][PASSED] - verifyElementVisible(findTestObject(ele), CONTINUE_ON_FAILURE): Object 'Object Repository/Page_tCC translationNotes/text_RowHeader_Titus 11' is visible

2020-09-28 15:02:46 - [MESSAGE][PASSED] - Object 'Object Repository/Page_tCC translationNotes/text_RowHeader_Titus 11' is visible

2020-09-28 15:02:46 - [TEST_STEP][PASSED] - println("Clicking " + col + " OFF, then Testing for elements not visible."): null

2020-09-28 15:02:46 - [TEST_STEP][PASSED] - logInfo("Clicking " + col + " OFF, then Testing for elements not visible."): Clicking Page_tCC translationNotes/columns_RowHeader OFF, then Testing for elements not visible.

2020-09-28 15:02:46 - [MESSAGE][INFO] - Clicking Page_tCC translationNotes/columns_RowHeader OFF, then Testing for elements not visible.

2020-09-28 15:02:46 - [TEST_STEP][PASSED] - click(findTestObject(col)): Object: 'Object Repository/Page_tCC translationNotes/columns_RowHeader' is clicked on

2020-09-28 15:02:46 - [MESSAGE][PASSED] - Object: 'Object Repository/Page_tCC translationNotes/columns_RowHeader' is clicked on

2020-09-28 15:02:46 - [TEST_STEP][PASSED] - verifyElementNotChecked(findTestObject(col), 1, CONTINUE_ON_FAILURE): Object 'Object Repository/Page_tCC translationNotes/columns_RowHeader' is not checked

2020-09-28 15:02:47 - [MESSAGE][PASSED] - Object 'Object Repository/Page_tCC translationNotes/columns_RowHeader' is not checked

2020-09-28 15:02:47 - [TEST_STEP][PASSED] - for (def e : (0..(elements[c].size() - 1))): Web element with id: 'Object Repository/Page_tCC translationNotes/text_RowHeader_Titus 11' located by 'By.xpath: //div[@id='header-1-1-rtc9']/div/div/div' is not present after '1' second(s)

2020-09-28 15:02:47 - [TEST_STEP][PASSED] - ele = page + elements[c][e]: null

2020-09-28 15:02:47 - [TEST_STEP][PASSED] - println("looking for " + ele): null

2020-09-28 15:02:47 - [TEST_STEP][PASSED] - logInfo("looking for " + ele): looking for Page_tCC translationNotes/text_RowHeader_TIT frontintro

2020-09-28 15:02:47 - [MESSAGE][INFO] - looking for Page_tCC translationNotes/text_RowHeader_TIT frontintro

2020-09-28 15:02:47 - [TEST_STEP][PASSED] - if (!(verifyElementNotPresent(findTestObject(ele), 1, CONTINUE_ON_FAILURE))): Web element with id: 'Object Repository/Page_tCC translationNotes/text_RowHeader_TIT frontintro' located by 'By.xpath: //div[@id='header-front-intro-m2jl']/div/div' is not present after '1' second(s)

2020-09-28 15:02:47 - [MESSAGE][PASSED] - Web element with id: 'Object Repository/Page_tCC translationNotes/text_RowHeader_TIT frontintro' located by 'By.xpath: //div[@id='header-front-intro-m2jl']/div/div' is not present after '1' second(s)

2020-09-28 15:02:47 - [TEST_STEP][PASSED] - ele = page + elements[c][e]: null

2020-09-28 15:02:47 - [TEST_STEP][PASSED] - println("looking for " + ele): null

2020-09-28 15:02:47 - [TEST_STEP][PASSED] - logInfo("looking for " + ele): looking for Page_tCC translationNotes/text_RowHeader_TIT 1intro

2020-09-28 15:02:47 - [MESSAGE][INFO] - looking for Page_tCC translationNotes/text_RowHeader_TIT 1intro

2020-09-28 15:02:47 - [TEST_STEP][PASSED] - if (!(verifyElementNotPresent(findTestObject(ele), 1, CONTINUE_ON_FAILURE))): Web element with id: 'Object Repository/Page_tCC translationNotes/text_RowHeader_TIT 1intro' located by 'By.xpath: //div[@id='header-1-intro-c7me']/div/div' is not present after '1' second(s)

2020-09-28 15:02:48 - [MESSAGE][PASSED] - Web element with id: 'Object Repository/Page_tCC translationNotes/text_RowHeader_TIT 1intro' located by 'By.xpath: //div[@id='header-1-intro-c7me']/div/div' is not present after '1' second(s)

2020-09-28 15:02:48 - [TEST_STEP][PASSED] - ele = page + elements[c][e]: null

2020-09-28 15:02:48 - [TEST_STEP][PASSED] - println("looking for " + ele): null

2020-09-28 15:02:48 - [TEST_STEP][PASSED] - logInfo("looking for " + ele): looking for Page_tCC translationNotes/text_RowHeader_Titus 11

2020-09-28 15:02:48 - [MESSAGE][INFO] - looking for Page_tCC translationNotes/text_RowHeader_Titus 11

2020-09-28 15:02:48 - [TEST_STEP][PASSED] - if (!(verifyElementNotPresent(findTestObject(ele), 1, CONTINUE_ON_FAILURE))): Web element with id: 'Object Repository/Page_tCC translationNotes/text_RowHeader_Titus 11' located by 'By.xpath: //div[@id='header-1-1-rtc9']/div/div/div' is not present after '1' second(s)

2020-09-28 15:02:48 - [MESSAGE][PASSED] - Web element with id: 'Object Repository/Page_tCC translationNotes/text_RowHeader_Titus 11' located by 'By.xpath: //div[@id='header-1-1-rtc9']/div/div/div' is not present after '1' second(s)

2020-09-28 15:02:48 - [TEST_STEP][PASSED] - col = page + columns[c]: null

2020-09-28 15:02:48 - [TEST_STEP][PASSED] - click(findTestObject(col)): Object: 'Object Repository/Page_tCC translationNotes/columns_Book' is clicked on

2020-09-28 15:02:49 - [MESSAGE][PASSED] - Object: 'Object Repository/Page_tCC translationNotes/columns_Book' is clicked on

2020-09-28 15:02:49 - [TEST_STEP][PASSED] - verifyElementChecked(findTestObject(col), 1, CONTINUE_ON_FAILURE): Object 'Object Repository/Page_tCC translationNotes/columns_Book' is checked

2020-09-28 15:02:49 - [MESSAGE][PASSED] - Object 'Object Repository/Page_tCC translationNotes/columns_Book' is checked

2020-09-28 15:02:49 - [TEST_STEP][PASSED] - println("Testing for " + col + " elements visible."): null

2020-09-28 15:02:49 - [TEST_STEP][PASSED] - logInfo("Testing for " + col + " elements visible."): Testing for Page_tCC translationNotes/columns_Book elements visible.

2020-09-28 15:02:49 - [MESSAGE][INFO] - Testing for Page_tCC translationNotes/columns_Book elements visible.

2020-09-28 15:02:49 - [TEST_STEP][PASSED] - for (def e : (0..(elements[c].size() - 1))): Object 'Object Repository/Page_tCC translationNotes/text_Book_TIT' is visible

2020-09-28 15:02:49 - [TEST_STEP][PASSED] - ele = page + elements[c][e]: null

2020-09-28 15:02:49 - [TEST_STEP][PASSED] - println("looking for " + ele): null

2020-09-28 15:02:49 - [TEST_STEP][PASSED] - logInfo("looking for " + ele): looking for Page_tCC translationNotes/label_Book

2020-09-28 15:02:49 - [MESSAGE][INFO] - looking for Page_tCC translationNotes/label_Book

2020-09-28 15:02:49 - [TEST_STEP][PASSED] - verifyElementVisible(findTestObject(ele), CONTINUE_ON_FAILURE): Object 'Object Repository/Page_tCC translationNotes/label_Book' is visible

2020-09-28 15:02:50 - [MESSAGE][PASSED] - Object 'Object Repository/Page_tCC translationNotes/label_Book' is visible

2020-09-28 15:02:50 - [TEST_STEP][PASSED] - ele = page + elements[c][e]: null

2020-09-28 15:02:50 - [TEST_STEP][PASSED] - println("looking for " + ele): null

2020-09-28 15:02:50 - [TEST_STEP][PASSED] - logInfo("looking for " + ele): looking for Page_tCC translationNotes/text_Book_TIT

2020-09-28 15:02:50 - [MESSAGE][INFO] - looking for Page_tCC translationNotes/text_Book_TIT

2020-09-28 15:02:50 - [TEST_STEP][PASSED] - verifyElementVisible(findTestObject(ele), CONTINUE_ON_FAILURE): Object 'Object Repository/Page_tCC translationNotes/text_Book_TIT' is visible

2020-09-28 15:02:50 - [MESSAGE][PASSED] - Object 'Object Repository/Page_tCC translationNotes/text_Book_TIT' is visible

2020-09-28 15:02:50 - [TEST_STEP][PASSED] - println("Clicking " + col + " OFF, then Testing for elements not visible."): null

2020-09-28 15:02:50 - [TEST_STEP][PASSED] - logInfo("Clicking " + col + " OFF, then Testing for elements not visible."): Clicking Page_tCC translationNotes/columns_Book OFF, then Testing for elements not visible.

2020-09-28 15:02:50 - [MESSAGE][INFO] - Clicking Page_tCC translationNotes/columns_Book OFF, then Testing for elements not visible.

2020-09-28 15:02:50 - [TEST_STEP][PASSED] - click(findTestObject(col)): Object: 'Object Repository/Page_tCC translationNotes/columns_Book' is clicked on

2020-09-28 15:02:51 - [MESSAGE][PASSED] - Object: 'Object Repository/Page_tCC translationNotes/columns_Book' is clicked on

2020-09-28 15:02:51 - [TEST_STEP][PASSED] - verifyElementNotChecked(findTestObject(col), 1, CONTINUE_ON_FAILURE): Object 'Object Repository/Page_tCC translationNotes/columns_Book' is not checked

2020-09-28 15:02:52 - [MESSAGE][PASSED] - Object 'Object Repository/Page_tCC translationNotes/columns_Book' is not checked

2020-09-28 15:02:52 - [TEST_STEP][PASSED] - for (def e : (0..(elements[c].size() - 1))): Web element with id: 'Object Repository/Page_tCC translationNotes/text_Book_TIT' located by 'By.xpath: //tr[@id='MUIDataTableBodyRow-0']/td/div/div/div/div/div/div/p' is not present after '1' second(s)

2020-09-28 15:02:52 - [TEST_STEP][PASSED] - ele = page + elements[c][e]: null

2020-09-28 15:02:52 - [TEST_STEP][PASSED] - println("looking for " + ele): null

2020-09-28 15:02:52 - [TEST_STEP][PASSED] - logInfo("looking for " + ele): looking for Page_tCC translationNotes/label_Book

2020-09-28 15:02:52 - [MESSAGE][INFO] - looking for Page_tCC translationNotes/label_Book

2020-09-28 15:02:52 - [TEST_STEP][PASSED] - if (!(verifyElementNotPresent(findTestObject(ele), 1, CONTINUE_ON_FAILURE))): Web element with id: 'Object Repository/Page_tCC translationNotes/label_Book' located by 'By.xpath: //tr[@id='MUIDataTableBodyRow-0']/td/div/div/div/div/h6' is not present after '1' second(s)

2020-09-28 15:02:52 - [MESSAGE][PASSED] - Web element with id: 'Object Repository/Page_tCC translationNotes/label_Book' located by 'By.xpath: //tr[@id='MUIDataTableBodyRow-0']/td/div/div/div/div/h6' is not present after '1' second(s)

2020-09-28 15:02:52 - [TEST_STEP][PASSED] - ele = page + elements[c][e]: null

2020-09-28 15:02:52 - [TEST_STEP][PASSED] - println("looking for " + ele): null

2020-09-28 15:02:52 - [TEST_STEP][PASSED] - logInfo("looking for " + ele): looking for Page_tCC translationNotes/text_Book_TIT

2020-09-28 15:02:52 - [MESSAGE][INFO] - looking for Page_tCC translationNotes/text_Book_TIT

2020-09-28 15:02:52 - [TEST_STEP][PASSED] - if (!(verifyElementNotPresent(findTestObject(ele), 1, CONTINUE_ON_FAILURE))): Web element with id: 'Object Repository/Page_tCC translationNotes/text_Book_TIT' located by 'By.xpath: //tr[@id='MUIDataTableBodyRow-0']/td/div/div/div/div/div/div/p' is not present after '1' second(s)

2020-09-28 15:02:52 - [MESSAGE][PASSED] - Web element with id: 'Object Repository/Page_tCC translationNotes/text_Book_TIT' located by 'By.xpath: //tr[@id='MUIDataTableBodyRow-0']/td/div/div/div/div/div/div/p' is not present after '1' second(s)

2020-09-28 15:02:52 - [TEST_STEP][PASSED] - col = page + columns[c]: null

2020-09-28 15:02:52 - [TEST_STEP][PASSED] - click(findTestObject(col)): Object: 'Object Repository/Page_tCC translationNotes/columns_Chapter' is clicked on

2020-09-28 15:02:53 - [MESSAGE][PASSED] - Object: 'Object Repository/Page_tCC translationNotes/columns_Chapter' is clicked on

2020-09-28 15:02:53 - [TEST_STEP][PASSED] - verifyElementChecked(findTestObject(col), 1, CONTINUE_ON_FAILURE): Object 'Object Repository/Page_tCC translationNotes/columns_Chapter' is checked

2020-09-28 15:02:54 - [MESSAGE][PASSED] - Object 'Object Repository/Page_tCC translationNotes/columns_Chapter' is checked

2020-09-28 15:02:54 - [TEST_STEP][PASSED] - println("Testing for " + col + " elements visible."): null

2020-09-28 15:02:54 - [TEST_STEP][PASSED] - logInfo("Testing for " + col + " elements visible."): Testing for Page_tCC translationNotes/columns_Chapter elements visible.

2020-09-28 15:02:54 - [MESSAGE][INFO] - Testing for Page_tCC translationNotes/columns_Chapter elements visible.

2020-09-28 15:02:54 - [TEST_STEP][PASSED] - for (def e : (0..(elements[c].size() - 1))): Object 'Object Repository/Page_tCC translationNotes/text_Chapter_1' is visible

2020-09-28 15:02:54 - [TEST_STEP][PASSED] - ele = page + elements[c][e]: null

2020-09-28 15:02:54 - [TEST_STEP][PASSED] - println("looking for " + ele): null

2020-09-28 15:02:54 - [TEST_STEP][PASSED] - logInfo("looking for " + ele): looking for Page_tCC translationNotes/label_Chapter

2020-09-28 15:02:54 - [MESSAGE][INFO] - looking for Page_tCC translationNotes/label_Chapter

2020-09-28 15:02:54 - [TEST_STEP][PASSED] - verifyElementVisible(findTestObject(ele), CONTINUE_ON_FAILURE): Object 'Object Repository/Page_tCC translationNotes/label_Chapter' is visible

2020-09-28 15:02:54 - [MESSAGE][PASSED] - Object 'Object Repository/Page_tCC translationNotes/label_Chapter' is visible

2020-09-28 15:02:54 - [TEST_STEP][PASSED] - ele = page + elements[c][e]: null

2020-09-28 15:02:54 - [TEST_STEP][PASSED] - println("looking for " + ele): null

2020-09-28 15:02:54 - [TEST_STEP][PASSED] - logInfo("looking for " + ele): looking for Page_tCC translationNotes/text_Chapter_front

2020-09-28 15:02:54 - [MESSAGE][INFO] - looking for Page_tCC translationNotes/text_Chapter_front

2020-09-28 15:02:54 - [TEST_STEP][PASSED] - verifyElementVisible(findTestObject(ele), CONTINUE_ON_FAILURE): Object 'Object Repository/Page_tCC translationNotes/text_Chapter_front' is visible

2020-09-28 15:02:54 - [MESSAGE][PASSED] - Object 'Object Repository/Page_tCC translationNotes/text_Chapter_front' is visible

2020-09-28 15:02:54 - [TEST_STEP][PASSED] - ele = page + elements[c][e]: null

2020-09-28 15:02:54 - [TEST_STEP][PASSED] - println("looking for " + ele): null

2020-09-28 15:02:54 - [TEST_STEP][PASSED] - logInfo("looking for " + ele): looking for Page_tCC translationNotes/text_Chapter_1

2020-09-28 15:02:54 - [MESSAGE][INFO] - looking for Page_tCC translationNotes/text_Chapter_1

2020-09-28 15:02:54 - [TEST_STEP][PASSED] - verifyElementVisible(findTestObject(ele), CONTINUE_ON_FAILURE): Object 'Object Repository/Page_tCC translationNotes/text_Chapter_1' is visible

2020-09-28 15:02:55 - [MESSAGE][PASSED] - Object 'Object Repository/Page_tCC translationNotes/text_Chapter_1' is visible

2020-09-28 15:02:55 - [TEST_STEP][PASSED] - println("Clicking " + col + " OFF, then Testing for elements not visible."): null

2020-09-28 15:02:55 - [TEST_STEP][PASSED] - logInfo("Clicking " + col + " OFF, then Testing for elements not visible."): Clicking Page_tCC translationNotes/columns_Chapter OFF, then Testing for elements not visible.

2020-09-28 15:02:55 - [MESSAGE][INFO] - Clicking Page_tCC translationNotes/columns_Chapter OFF, then Testing for elements not visible.

2020-09-28 15:02:55 - [TEST_STEP][PASSED] - click(findTestObject(col)): Object: 'Object Repository/Page_tCC translationNotes/columns_Chapter' is clicked on

2020-09-28 15:02:56 - [MESSAGE][PASSED] - Object: 'Object Repository/Page_tCC translationNotes/columns_Chapter' is clicked on

2020-09-28 15:02:56 - [TEST_STEP][PASSED] - verifyElementNotChecked(findTestObject(col), 1, CONTINUE_ON_FAILURE): Object 'Object Repository/Page_tCC translationNotes/columns_Chapter' is not checked

2020-09-28 15:02:56 - [MESSAGE][PASSED] - Object 'Object Repository/Page_tCC translationNotes/columns_Chapter' is not checked

2020-09-28 15:02:56 - [TEST_STEP][PASSED] - for (def e : (0..(elements[c].size() - 1))): Web element with id: 'Object Repository/Page_tCC translationNotes/text_Chapter_1' located by 'By.xpath: //tr[@id='MUIDataTableBodyRow-1']/td/div/div/div/div/div/div/p' is not present after '1' second(s)

2020-09-28 15:02:56 - [TEST_STEP][PASSED] - ele = page + elements[c][e]: null

2020-09-28 15:02:56 - [TEST_STEP][PASSED] - println("looking for " + ele): null

2020-09-28 15:02:56 - [TEST_STEP][PASSED] - logInfo("looking for " + ele): looking for Page_tCC translationNotes/label_Chapter

2020-09-28 15:02:56 - [MESSAGE][INFO] - looking for Page_tCC translationNotes/label_Chapter

2020-09-28 15:02:56 - [TEST_STEP][PASSED] - if (!(verifyElementNotPresent(findTestObject(ele), 1, CONTINUE_ON_FAILURE))): Web element with id: 'Object Repository/Page_tCC translationNotes/label_Chapter' located by 'By.xpath: //tr[@id='MUIDataTableBodyRow-0']/td/div/div/div/div/h6' is not present after '1' second(s)

2020-09-28 15:02:56 - [MESSAGE][PASSED] - Web element with id: 'Object Repository/Page_tCC translationNotes/label_Chapter' located by 'By.xpath: //tr[@id='MUIDataTableBodyRow-0']/td/div/div/div/div/h6' is not present after '1' second(s)

2020-09-28 15:02:56 - [TEST_STEP][PASSED] - ele = page + elements[c][e]: null

2020-09-28 15:02:56 - [TEST_STEP][PASSED] - println("looking for " + ele): null

2020-09-28 15:02:56 - [TEST_STEP][PASSED] - logInfo("looking for " + ele): looking for Page_tCC translationNotes/text_Chapter_front

2020-09-28 15:02:56 - [MESSAGE][INFO] - looking for Page_tCC translationNotes/text_Chapter_front

2020-09-28 15:02:56 - [TEST_STEP][PASSED] - if (!(verifyElementNotPresent(findTestObject(ele), 1, CONTINUE_ON_FAILURE))): Web element with id: 'Object Repository/Page_tCC translationNotes/text_Chapter_front' located by 'By.xpath: //tr[@id='MUIDataTableBodyRow-0']/td/div/div/div/div/div/div/p' is not present after '1' second(s)

2020-09-28 15:02:57 - [MESSAGE][PASSED] - Web element with id: 'Object Repository/Page_tCC translationNotes/text_Chapter_front' located by 'By.xpath: //tr[@id='MUIDataTableBodyRow-0']/td/div/div/div/div/div/div/p' is not present after '1' second(s)

2020-09-28 15:02:57 - [TEST_STEP][PASSED] - ele = page + elements[c][e]: null

2020-09-28 15:02:57 - [TEST_STEP][PASSED] - println("looking for " + ele): null

2020-09-28 15:02:57 - [TEST_STEP][PASSED] - logInfo("looking for " + ele): looking for Page_tCC translationNotes/text_Chapter_1

2020-09-28 15:02:57 - [MESSAGE][INFO] - looking for Page_tCC translationNotes/text_Chapter_1

2020-09-28 15:02:57 - [TEST_STEP][PASSED] - if (!(verifyElementNotPresent(findTestObject(ele), 1, CONTINUE_ON_FAILURE))): Web element with id: 'Object Repository/Page_tCC translationNotes/text_Chapter_1' located by 'By.xpath: //tr[@id='MUIDataTableBodyRow-1']/td/div/div/div/div/div/div/p' is not present after '1' second(s)

2020-09-28 15:02:57 - [MESSAGE][PASSED] - Web element with id: 'Object Repository/Page_tCC translationNotes/text_Chapter_1' located by 'By.xpath: //tr[@id='MUIDataTableBodyRow-1']/td/div/div/div/div/div/div/p' is not present after '1' second(s)

2020-09-28 15:02:57 - [TEST_STEP][PASSED] - col = page + columns[c]: null

2020-09-28 15:02:57 - [TEST_STEP][PASSED] - click(findTestObject(col)): Object: 'Object Repository/Page_tCC translationNotes/columns_Verse' is clicked on

2020-09-28 15:02:58 - [MESSAGE][PASSED] - Object: 'Object Repository/Page_tCC translationNotes/columns_Verse' is clicked on

2020-09-28 15:02:58 - [TEST_STEP][PASSED] - verifyElementChecked(findTestObject(col), 1, CONTINUE_ON_FAILURE): Object 'Object Repository/Page_tCC translationNotes/columns_Verse' is checked

2020-09-28 15:02:58 - [MESSAGE][PASSED] - Object 'Object Repository/Page_tCC translationNotes/columns_Verse' is checked

2020-09-28 15:02:58 - [TEST_STEP][PASSED] - println("Testing for " + col + " elements visible."): null

2020-09-28 15:02:58 - [TEST_STEP][PASSED] - logInfo("Testing for " + col + " elements visible."): Testing for Page_tCC translationNotes/columns_Verse elements visible.

2020-09-28 15:02:58 - [MESSAGE][INFO] - Testing for Page_tCC translationNotes/columns_Verse elements visible.

2020-09-28 15:02:58 - [TEST_STEP][PASSED] - for (def e : (0..(elements[c].size() - 1))): Object 'Object Repository/Page_tCC translationNotes/text_Verse_1' is visible

2020-09-28 15:02:58 - [TEST_STEP][PASSED] - ele = page + elements[c][e]: null

2020-09-28 15:02:58 - [TEST_STEP][PASSED] - println("looking for " + ele): null

2020-09-28 15:02:58 - [TEST_STEP][PASSED] - logInfo("looking for " + ele): looking for Page_tCC translationNotes/label_Verse

2020-09-28 15:02:58 - [MESSAGE][INFO] - looking for Page_tCC translationNotes/label_Verse

2020-09-28 15:02:58 - [TEST_STEP][PASSED] - verifyElementVisible(findTestObject(ele), CONTINUE_ON_FAILURE): Object 'Object Repository/Page_tCC translationNotes/label_Verse' is visible

2020-09-28 15:02:59 - [MESSAGE][PASSED] - Object 'Object Repository/Page_tCC translationNotes/label_Verse' is visible

2020-09-28 15:02:59 - [TEST_STEP][PASSED] - ele = page + elements[c][e]: null

2020-09-28 15:02:59 - [TEST_STEP][PASSED] - println("looking for " + ele): null

2020-09-28 15:02:59 - [TEST_STEP][PASSED] - logInfo("looking for " + ele): looking for Page_tCC translationNotes/text_Verse_intro

2020-09-28 15:02:59 - [MESSAGE][INFO] - looking for Page_tCC translationNotes/text_Verse_intro

2020-09-28 15:02:59 - [TEST_STEP][PASSED] - verifyElementVisible(findTestObject(ele), CONTINUE_ON_FAILURE): Object 'Object Repository/Page_tCC translationNotes/text_Verse_intro' is visible

2020-09-28 15:02:59 - [MESSAGE][PASSED] - Object 'Object Repository/Page_tCC translationNotes/text_Verse_intro' is visible

2020-09-28 15:02:59 - [TEST_STEP][PASSED] - ele = page + elements[c][e]: null

2020-09-28 15:02:59 - [TEST_STEP][PASSED] - println("looking for " + ele): null

2020-09-28 15:02:59 - [TEST_STEP][PASSED] - logInfo("looking for " + ele): looking for Page_tCC translationNotes/text_Verse_1

2020-09-28 15:02:59 - [MESSAGE][INFO] - looking for Page_tCC translationNotes/text_Verse_1

2020-09-28 15:02:59 - [TEST_STEP][PASSED] - verifyElementVisible(findTestObject(ele), CONTINUE_ON_FAILURE): Object 'Object Repository/Page_tCC translationNotes/text_Verse_1' is visible

2020-09-28 15:02:59 - [MESSAGE][PASSED] - Object 'Object Repository/Page_tCC translationNotes/text_Verse_1' is visible

2020-09-28 15:02:59 - [TEST_STEP][PASSED] - println("Clicking " + col + " OFF, then Testing for elements not visible."): null

2020-09-28 15:02:59 - [TEST_STEP][PASSED] - logInfo("Clicking " + col + " OFF, then Testing for elements not visible."): Clicking Page_tCC translationNotes/columns_Verse OFF, then Testing for elements not visible.

2020-09-28 15:02:59 - [MESSAGE][INFO] - Clicking Page_tCC translationNotes/columns_Verse OFF, then Testing for elements not visible.

2020-09-28 15:02:59 - [TEST_STEP][PASSED] - click(findTestObject(col)): Object: 'Object Repository/Page_tCC translationNotes/columns_Verse' is clicked on

2020-09-28 15:03:00 - [MESSAGE][PASSED] - Object: 'Object Repository/Page_tCC translationNotes/columns_Verse' is clicked on

2020-09-28 15:03:00 - [TEST_STEP][PASSED] - verifyElementNotChecked(findTestObject(col), 1, CONTINUE_ON_FAILURE): Object 'Object Repository/Page_tCC translationNotes/columns_Verse' is not checked

2020-09-28 15:03:01 - [MESSAGE][PASSED] - Object 'Object Repository/Page_tCC translationNotes/columns_Verse' is not checked

2020-09-28 15:03:01 - [TEST_STEP][PASSED] - for (def e : (0..(elements[c].size() - 1))): Web element with id: 'Object Repository/Page_tCC translationNotes/text_Verse_1' located by 'By.xpath: //tr[@id='MUIDataTableBodyRow-1']/td/div/div/div/div/div/div/p' is not present after '1' second(s)

2020-09-28 15:03:01 - [TEST_STEP][PASSED] - ele = page + elements[c][e]: null

2020-09-28 15:03:01 - [TEST_STEP][PASSED] - println("looking for " + ele): null

2020-09-28 15:03:01 - [TEST_STEP][PASSED] - logInfo("looking for " + ele): looking for Page_tCC translationNotes/label_Verse

2020-09-28 15:03:01 - [MESSAGE][INFO] - looking for Page_tCC translationNotes/label_Verse

2020-09-28 15:03:01 - [TEST_STEP][PASSED] - if (!(verifyElementNotPresent(findTestObject(ele), 1, CONTINUE_ON_FAILURE))): Web element with id: 'Object Repository/Page_tCC translationNotes/label_Verse' located by 'By.xpath: //tr[@id='MUIDataTableBodyRow-0']/td/div/div/div/div/h6' is not present after '1' second(s)

2020-09-28 15:03:01 - [MESSAGE][PASSED] - Web element with id: 'Object Repository/Page_tCC translationNotes/label_Verse' located by 'By.xpath: //tr[@id='MUIDataTableBodyRow-0']/td/div/div/div/div/h6' is not present after '1' second(s)

2020-09-28 15:03:01 - [TEST_STEP][PASSED] - ele = page + elements[c][e]: null

2020-09-28 15:03:01 - [TEST_STEP][PASSED] - println("looking for " + ele): null

2020-09-28 15:03:01 - [TEST_STEP][PASSED] - logInfo("looking for " + ele): looking for Page_tCC translationNotes/text_Verse_intro

2020-09-28 15:03:01 - [MESSAGE][INFO] - looking for Page_tCC translationNotes/text_Verse_intro

2020-09-28 15:03:01 - [TEST_STEP][PASSED] - if (!(verifyElementNotPresent(findTestObject(ele), 1, CONTINUE_ON_FAILURE))): Web element with id: 'Object Repository/Page_tCC translationNotes/text_Verse_intro' located by 'By.xpath: //tr[@id='MUIDataTableBodyRow-0']/td/div/div/div/div/div/div/p' is not present after '1' second(s)

2020-09-28 15:03:01 - [MESSAGE][PASSED] - Web element with id: 'Object Repository/Page_tCC translationNotes/text_Verse_intro' located by 'By.xpath: //tr[@id='MUIDataTableBodyRow-0']/td/div/div/div/div/div/div/p' is not present after '1' second(s)

2020-09-28 15:03:01 - [TEST_STEP][PASSED] - ele = page + elements[c][e]: null

2020-09-28 15:03:01 - [TEST_STEP][PASSED] - println("looking for " + ele): null

2020-09-28 15:03:01 - [TEST_STEP][PASSED] - logInfo("looking for " + ele): looking for Page_tCC translationNotes/text_Verse_1

2020-09-28 15:03:01 - [MESSAGE][INFO] - looking for Page_tCC translationNotes/text_Verse_1

2020-09-28 15:03:01 - [TEST_STEP][PASSED] - if (!(verifyElementNotPresent(findTestObject(ele), 1, CONTINUE_ON_FAILURE))): Web element with id: 'Object Repository/Page_tCC translationNotes/text_Verse_1' located by 'By.xpath: //tr[@id='MUIDataTableBodyRow-1']/td/div/div/div/div/div/div/p' is not present after '1' second(s)

2020-09-28 15:03:02 - [MESSAGE][PASSED] - Web element with id: 'Object Repository/Page_tCC translationNotes/text_Verse_1' located by 'By.xpath: //tr[@id='MUIDataTableBodyRow-1']/td/div/div/div/div/div/div/p' is not present after '1' second(s)

2020-09-28 15:03:02 - [TEST_STEP][PASSED] - col = page + columns[c]: null

2020-09-28 15:03:02 - [TEST_STEP][PASSED] - click(findTestObject(col)): Object: 'Object Repository/Page_tCC translationNotes/columns_ID' is clicked on

2020-09-28 15:03:03 - [MESSAGE][PASSED] - Object: 'Object Repository/Page_tCC translationNotes/columns_ID' is clicked on

2020-09-28 15:03:03 - [TEST_STEP][PASSED] - verifyElementChecked(findTestObject(col), 1, CONTINUE_ON_FAILURE): Object 'Object Repository/Page_tCC translationNotes/columns_ID' is checked

2020-09-28 15:03:03 - [MESSAGE][PASSED] - Object 'Object Repository/Page_tCC translationNotes/columns_ID' is checked

2020-09-28 15:03:03 - [TEST_STEP][PASSED] - println("Testing for " + col + " elements visible."): null

2020-09-28 15:03:03 - [TEST_STEP][PASSED] - logInfo("Testing for " + col + " elements visible."): Testing for Page_tCC translationNotes/columns_ID elements visible.

2020-09-28 15:03:03 - [MESSAGE][INFO] - Testing for Page_tCC translationNotes/columns_ID elements visible.

2020-09-28 15:03:03 - [TEST_STEP][PASSED] - for (def e : (0..(elements[c].size() - 1))): Object 'Object Repository/Page_tCC translationNotes/text_ID_c7me' is visible

2020-09-28 15:03:03 - [TEST_STEP][PASSED] - ele = page + elements[c][e]: null

2020-09-28 15:03:03 - [TEST_STEP][PASSED] - println("looking for " + ele): null

2020-09-28 15:03:03 - [TEST_STEP][PASSED] - logInfo("looking for " + ele): looking for Page_tCC translationNotes/label_ID

2020-09-28 15:03:03 - [MESSAGE][INFO] - looking for Page_tCC translationNotes/label_ID

2020-09-28 15:03:03 - [TEST_STEP][PASSED] - verifyElementVisible(findTestObject(ele), CONTINUE_ON_FAILURE): Object 'Object Repository/Page_tCC translationNotes/label_ID' is visible

2020-09-28 15:03:03 - [MESSAGE][PASSED] - Object 'Object Repository/Page_tCC translationNotes/label_ID' is visible

2020-09-28 15:03:03 - [TEST_STEP][PASSED] - ele = page + elements[c][e]: null

2020-09-28 15:03:03 - [TEST_STEP][PASSED] - println("looking for " + ele): null

2020-09-28 15:03:03 - [TEST_STEP][PASSED] - logInfo("looking for " + ele): looking for Page_tCC translationNotes/text_ID_m2jl

2020-09-28 15:03:03 - [MESSAGE][INFO] - looking for Page_tCC translationNotes/text_ID_m2jl

2020-09-28 15:03:03 - [TEST_STEP][PASSED] - verifyElementVisible(findTestObject(ele), CONTINUE_ON_FAILURE): Object 'Object Repository/Page_tCC translationNotes/text_ID_m2jl' is visible

2020-09-28 15:03:04 - [MESSAGE][PASSED] - Object 'Object Repository/Page_tCC translationNotes/text_ID_m2jl' is visible

2020-09-28 15:03:04 - [TEST_STEP][PASSED] - ele = page + elements[c][e]: null

2020-09-28 15:03:04 - [TEST_STEP][PASSED] - println("looking for " + ele): null

2020-09-28 15:03:04 - [TEST_STEP][PASSED] - logInfo("looking for " + ele): looking for Page_tCC translationNotes/text_ID_c7me

2020-09-28 15:03:04 - [MESSAGE][INFO] - looking for Page_tCC translationNotes/text_ID_c7me

2020-09-28 15:03:04 - [TEST_STEP][PASSED] - verifyElementVisible(findTestObject(ele), CONTINUE_ON_FAILURE): Object 'Object Repository/Page_tCC translationNotes/text_ID_c7me' is visible

2020-09-28 15:03:04 - [MESSAGE][PASSED] - Object 'Object Repository/Page_tCC translationNotes/text_ID_c7me' is visible

2020-09-28 15:03:04 - [TEST_STEP][PASSED] - println("Clicking " + col + " OFF, then Testing for elements not visible."): null

2020-09-28 15:03:04 - [TEST_STEP][PASSED] - logInfo("Clicking " + col + " OFF, then Testing for elements not visible."): Clicking Page_tCC translationNotes/columns_ID OFF, then Testing for elements not visible.

2020-09-28 15:03:04 - [MESSAGE][INFO] - Clicking Page_tCC translationNotes/columns_ID OFF, then Testing for elements not visible.

2020-09-28 15:03:04 - [TEST_STEP][PASSED] - click(findTestObject(col)): Object: 'Object Repository/Page_tCC translationNotes/columns_ID' is clicked on

2020-09-28 15:03:05 - [MESSAGE][PASSED] - Object: 'Object Repository/Page_tCC translationNotes/columns_ID' is clicked on

2020-09-28 15:03:05 - [TEST_STEP][PASSED] - verifyElementNotChecked(findTestObject(col), 1, CONTINUE_ON_FAILURE): Object 'Object Repository/Page_tCC translationNotes/columns_ID' is not checked

2020-09-28 15:03:05 - [MESSAGE][PASSED] - Object 'Object Repository/Page_tCC translationNotes/columns_ID' is not checked

2020-09-28 15:03:05 - [TEST_STEP][PASSED] - for (def e : (0..(elements[c].size() - 1))): Web element with id: 'Object Repository/Page_tCC translationNotes/text_ID_c7me' located by 'By.xpath: //tr[@id='MUIDataTableBodyRow-1']/td/div/div/div/div/div/div/p' is not present after '1' second(s)

2020-09-28 15:03:05 - [TEST_STEP][PASSED] - ele = page + elements[c][e]: null

2020-09-28 15:03:05 - [TEST_STEP][PASSED] - println("looking for " + ele): null

2020-09-28 15:03:05 - [TEST_STEP][PASSED] - logInfo("looking for " + ele): looking for Page_tCC translationNotes/label_ID

2020-09-28 15:03:05 - [MESSAGE][INFO] - looking for Page_tCC translationNotes/label_ID

2020-09-28 15:03:05 - [TEST_STEP][PASSED] - if (!(verifyElementNotPresent(findTestObject(ele), 1, CONTINUE_ON_FAILURE))): Web element with id: 'Object Repository/Page_tCC translationNotes/label_ID' located by 'By.xpath: //tr[@id='MUIDataTableBodyRow-0']/td/div/div/div/div/h6' is not present after '1' second(s)

2020-09-28 15:03:06 - [MESSAGE][PASSED] - Web element with id: 'Object Repository/Page_tCC translationNotes/label_ID' located by 'By.xpath: //tr[@id='MUIDataTableBodyRow-0']/td/div/div/div/div/h6' is not present after '1' second(s)

2020-09-28 15:03:06 - [TEST_STEP][PASSED] - ele = page + elements[c][e]: null

2020-09-28 15:03:06 - [TEST_STEP][PASSED] - println("looking for " + ele): null

2020-09-28 15:03:06 - [TEST_STEP][PASSED] - logInfo("looking for " + ele): looking for Page_tCC translationNotes/text_ID_m2jl

2020-09-28 15:03:06 - [MESSAGE][INFO] - looking for Page_tCC translationNotes/text_ID_m2jl

2020-09-28 15:03:06 - [TEST_STEP][PASSED] - if (!(verifyElementNotPresent(findTestObject(ele), 1, CONTINUE_ON_FAILURE))): Web element with id: 'Object Repository/Page_tCC translationNotes/text_ID_m2jl' located by 'By.xpath: //tr[@id='MUIDataTableBodyRow-0']/td/div/div/div/div/div/div/p' is not present after '1' second(s)

2020-09-28 15:03:06 - [MESSAGE][PASSED] - Web element with id: 'Object Repository/Page_tCC translationNotes/text_ID_m2jl' located by 'By.xpath: //tr[@id='MUIDataTableBodyRow-0']/td/div/div/div/div/div/div/p' is not present after '1' second(s)

2020-09-28 15:03:06 - [TEST_STEP][PASSED] - ele = page + elements[c][e]: null

2020-09-28 15:03:06 - [TEST_STEP][PASSED] - println("looking for " + ele): null

2020-09-28 15:03:06 - [TEST_STEP][PASSED] - logInfo("looking for " + ele): looking for Page_tCC translationNotes/text_ID_c7me

2020-09-28 15:03:06 - [MESSAGE][INFO] - looking for Page_tCC translationNotes/text_ID_c7me

2020-09-28 15:03:06 - [TEST_STEP][PASSED] - if (!(verifyElementNotPresent(findTestObject(ele), 1, CONTINUE_ON_FAILURE))): Web element with id: 'Object Repository/Page_tCC translationNotes/text_ID_c7me' located by 'By.xpath: //tr[@id='MUIDataTableBodyRow-1']/td/div/div/div/div/div/div/p' is not present after '1' second(s)

2020-09-28 15:03:06 - [MESSAGE][PASSED] - Web element with id: 'Object Repository/Page_tCC translationNotes/text_ID_c7me' located by 'By.xpath: //tr[@id='MUIDataTableBodyRow-1']/td/div/div/div/div/div/div/p' is not present after '1' second(s)

2020-09-28 15:03:06 - [TEST_STEP][PASSED] - col = page + columns[c]: null

2020-09-28 15:03:06 - [TEST_STEP][PASSED] - click(findTestObject(col)): Object: 'Object Repository/Page_tCC translationNotes/columns_SupportReference' is clicked on

2020-09-28 15:03:07 - [MESSAGE][PASSED] - Object: 'Object Repository/Page_tCC translationNotes/columns_SupportReference' is clicked on

2020-09-28 15:03:07 - [TEST_STEP][PASSED] - verifyElementChecked(findTestObject(col), 1, CONTINUE_ON_FAILURE): Object 'Object Repository/Page_tCC translationNotes/columns_SupportReference' is checked

2020-09-28 15:03:08 - [MESSAGE][PASSED] - Object 'Object Repository/Page_tCC translationNotes/columns_SupportReference' is checked

2020-09-28 15:03:08 - [TEST_STEP][PASSED] - println("Testing for " + col + " elements visible."): null

2020-09-28 15:03:08 - [TEST_STEP][PASSED] - logInfo("Testing for " + col + " elements visible."): Testing for Page_tCC translationNotes/columns_SupportReference elements visible.

2020-09-28 15:03:08 - [MESSAGE][INFO] - Testing for Page_tCC translationNotes/columns_SupportReference elements visible.

2020-09-28 15:03:08 - [TEST_STEP][PASSED] - for (def e : (0..(elements[c].size() - 1))): Object 'Object Repository/Page_tCC translationNotes/text_SupRef_figs-abstractnouns' is visible

2020-09-28 15:03:08 - [TEST_STEP][PASSED] - ele = page + elements[c][e]: null

2020-09-28 15:03:08 - [TEST_STEP][PASSED] - println("looking for " + ele): null

2020-09-28 15:03:08 - [TEST_STEP][PASSED] - logInfo("looking for " + ele): looking for Page_tCC translationNotes/label_SupportReference

2020-09-28 15:03:08 - [MESSAGE][INFO] - looking for Page_tCC translationNotes/label_SupportReference

2020-09-28 15:03:08 - [TEST_STEP][PASSED] - verifyElementVisible(findTestObject(ele), CONTINUE_ON_FAILURE): Object 'Object Repository/Page_tCC translationNotes/label_SupportReference' is visible

2020-09-28 15:03:08 - [MESSAGE][PASSED] - Object 'Object Repository/Page_tCC translationNotes/label_SupportReference' is visible

2020-09-28 15:03:08 - [TEST_STEP][PASSED] - ele = page + elements[c][e]: null

2020-09-28 15:03:08 - [TEST_STEP][PASSED] - println("looking for " + ele): null

2020-09-28 15:03:08 - [TEST_STEP][PASSED] - logInfo("looking for " + ele): looking for Page_tCC translationNotes/text_SupRef_figs-abstractnouns

2020-09-28 15:03:08 - [MESSAGE][INFO] - looking for Page_tCC translationNotes/text_SupRef_figs-abstractnouns

2020-09-28 15:03:08 - [TEST_STEP][PASSED] - verifyElementVisible(findTestObject(ele), CONTINUE_ON_FAILURE): Object 'Object Repository/Page_tCC translationNotes/text_SupRef_figs-abstractnouns' is visible

2020-09-28 15:03:08 - [MESSAGE][PASSED] - Object 'Object Repository/Page_tCC translationNotes/text_SupRef_figs-abstractnouns' is visible

2020-09-28 15:03:08 - [TEST_STEP][PASSED] - println("Clicking " + col + " OFF, then Testing for elements not visible."): null

2020-09-28 15:03:08 - [TEST_STEP][PASSED] - logInfo("Clicking " + col + " OFF, then Testing for elements not visible."): Clicking Page_tCC translationNotes/columns_SupportReference OFF, then Testing for elements not visible.

2020-09-28 15:03:08 - [MESSAGE][INFO] - Clicking Page_tCC translationNotes/columns_SupportReference OFF, then Testing for elements not visible.

2020-09-28 15:03:08 - [TEST_STEP][PASSED] - click(findTestObject(col)): Object: 'Object Repository/Page_tCC translationNotes/columns_SupportReference' is clicked on

2020-09-28 15:03:09 - [MESSAGE][PASSED] - Object: 'Object Repository/Page_tCC translationNotes/columns_SupportReference' is clicked on

2020-09-28 15:03:09 - [TEST_STEP][PASSED] - verifyElementNotChecked(findTestObject(col), 1, CONTINUE_ON_FAILURE): Object 'Object Repository/Page_tCC translationNotes/columns_SupportReference' is not checked

2020-09-28 15:03:10 - [MESSAGE][PASSED] - Object 'Object Repository/Page_tCC translationNotes/columns_SupportReference' is not checked

2020-09-28 15:03:10 - [TEST_STEP][PASSED] - for (def e : (0..(elements[c].size() - 1))): Web element with id: 'Object Repository/Page_tCC translationNotes/text_SupRef_figs-abstractnouns' located by 'By.xpath: //tr[@id='MUIDataTableBodyRow-2']/td/div/div/div/div/div/div/p' is not present after '1' second(s)

2020-09-28 15:03:10 - [TEST_STEP][PASSED] - ele = page + elements[c][e]: null

2020-09-28 15:03:10 - [TEST_STEP][PASSED] - println("looking for " + ele): null

2020-09-28 15:03:10 - [TEST_STEP][PASSED] - logInfo("looking for " + ele): looking for Page_tCC translationNotes/label_SupportReference

2020-09-28 15:03:10 - [MESSAGE][INFO] - looking for Page_tCC translationNotes/label_SupportReference

2020-09-28 15:03:10 - [TEST_STEP][PASSED] - if (!(verifyElementNotPresent(findTestObject(ele), 1, CONTINUE_ON_FAILURE))): Web element with id: 'Object Repository/Page_tCC translationNotes/label_SupportReference' located by 'By.xpath: //tr[@id='MUIDataTableBodyRow-0']/td/div/div/div/div/h6' is not present after '1' second(s)

2020-09-28 15:03:10 - [MESSAGE][PASSED] - Web element with id: 'Object Repository/Page_tCC translationNotes/label_SupportReference' located by 'By.xpath: //tr[@id='MUIDataTableBodyRow-0']/td/div/div/div/div/h6' is not present after '1' second(s)

2020-09-28 15:03:10 - [TEST_STEP][PASSED] - ele = page + elements[c][e]: null

2020-09-28 15:03:10 - [TEST_STEP][PASSED] - println("looking for " + ele): null

2020-09-28 15:03:10 - [TEST_STEP][PASSED] - logInfo("looking for " + ele): looking for Page_tCC translationNotes/text_SupRef_figs-abstractnouns

2020-09-28 15:03:10 - [MESSAGE][INFO] - looking for Page_tCC translationNotes/text_SupRef_figs-abstractnouns

2020-09-28 15:03:10 - [TEST_STEP][PASSED] - if (!(verifyElementNotPresent(findTestObject(ele), 1, CONTINUE_ON_FAILURE))): Web element with id: 'Object Repository/Page_tCC translationNotes/text_SupRef_figs-abstractnouns' located by 'By.xpath: //tr[@id='MUIDataTableBodyRow-2']/td/div/div/div/div/div/div/p' is not present after '1' second(s)

2020-09-28 15:03:10 - [MESSAGE][PASSED] - Web element with id: 'Object Repository/Page_tCC translationNotes/text_SupRef_figs-abstractnouns' located by 'By.xpath: //tr[@id='MUIDataTableBodyRow-2']/td/div/div/div/div/div/div/p' is not present after '1' second(s)

2020-09-28 15:03:10 - [TEST_STEP][PASSED] - col = page + columns[c]: null

2020-09-28 15:03:10 - [TEST_STEP][PASSED] - click(findTestObject(col)): Object: 'Object Repository/Page_tCC translationNotes/columns_OrigQuote' is clicked on

2020-09-28 15:03:11 - [MESSAGE][PASSED] - Object: 'Object Repository/Page_tCC translationNotes/columns_OrigQuote' is clicked on

2020-09-28 15:03:11 - [TEST_STEP][PASSED] - verifyElementChecked(findTestObject(col), 1, CONTINUE_ON_FAILURE): Object 'Object Repository/Page_tCC translationNotes/columns_OrigQuote' is checked

2020-09-28 15:03:12 - [MESSAGE][PASSED] - Object 'Object Repository/Page_tCC translationNotes/columns_OrigQuote' is checked

2020-09-28 15:03:12 - [TEST_STEP][PASSED] - println("Testing for " + col + " elements visible."): null

2020-09-28 15:03:12 - [TEST_STEP][PASSED] - logInfo("Testing for " + col + " elements visible."): Testing for Page_tCC translationNotes/columns_OrigQuote elements visible.

2020-09-28 15:03:12 - [MESSAGE][INFO] - Testing for Page_tCC translationNotes/columns_OrigQuote elements visible.

2020-09-28 15:03:12 - [TEST_STEP][PASSED] - for (def e : (0..(elements[c].size() - 1))): Object 'Object Repository/Page_tCC translationNotes/text_OrigQuote2' is visible

2020-09-28 15:03:12 - [TEST_STEP][PASSED] - ele = page + elements[c][e]: null

2020-09-28 15:03:12 - [TEST_STEP][PASSED] - println("looking for " + ele): null

2020-09-28 15:03:12 - [TEST_STEP][PASSED] - logInfo("looking for " + ele): looking for Page_tCC translationNotes/label_OrigQuote

2020-09-28 15:03:12 - [MESSAGE][INFO] - looking for Page_tCC translationNotes/label_OrigQuote

2020-09-28 15:03:12 - [TEST_STEP][PASSED] - verifyElementVisible(findTestObject(ele), CONTINUE_ON_FAILURE): Object 'Object Repository/Page_tCC translationNotes/label_OrigQuote' is visible

2020-09-28 15:03:12 - [MESSAGE][PASSED] - Object 'Object Repository/Page_tCC translationNotes/label_OrigQuote' is visible

2020-09-28 15:03:12 - [TEST_STEP][PASSED] - ele = page + elements[c][e]: null

2020-09-28 15:03:12 - [TEST_STEP][PASSED] - println("looking for " + ele): null

2020-09-28 15:03:12 - [TEST_STEP][PASSED] - logInfo("looking for " + ele): looking for Page_tCC translationNotes/text_OrigQuote1

2020-09-28 15:03:12 - [MESSAGE][INFO] - looking for Page_tCC translationNotes/text_OrigQuote1

2020-09-28 15:03:12 - [TEST_STEP][PASSED] - verifyElementVisible(findTestObject(ele), CONTINUE_ON_FAILURE): Object 'Object Repository/Page_tCC translationNotes/text_OrigQuote1' is visible

2020-09-28 15:03:12 - [MESSAGE][PASSED] - Object 'Object Repository/Page_tCC translationNotes/text_OrigQuote1' is visible

2020-09-28 15:03:12 - [TEST_STEP][PASSED] - ele = page + elements[c][e]: null

2020-09-28 15:03:12 - [TEST_STEP][PASSED] - println("looking for " + ele): null

2020-09-28 15:03:12 - [TEST_STEP][PASSED] - logInfo("looking for " + ele): looking for Page_tCC translationNotes/text_OrigQuote2

2020-09-28 15:03:12 - [MESSAGE][INFO] - looking for Page_tCC translationNotes/text_OrigQuote2

2020-09-28 15:03:12 - [TEST_STEP][PASSED] - verifyElementVisible(findTestObject(ele), CONTINUE_ON_FAILURE): Object 'Object Repository/Page_tCC translationNotes/text_OrigQuote2' is visible

2020-09-28 15:03:13 - [MESSAGE][PASSED] - Object 'Object Repository/Page_tCC translationNotes/text_OrigQuote2' is visible

2020-09-28 15:03:13 - [TEST_STEP][PASSED] - println("Clicking " + col + " OFF, then Testing for elements not visible."): null

2020-09-28 15:03:13 - [TEST_STEP][PASSED] - logInfo("Clicking " + col + " OFF, then Testing for elements not visible."): Clicking Page_tCC translationNotes/columns_OrigQuote OFF, then Testing for elements not visible.

2020-09-28 15:03:13 - [MESSAGE][INFO] - Clicking Page_tCC translationNotes/columns_OrigQuote OFF, then Testing for elements not visible.

2020-09-28 15:03:13 - [TEST_STEP][PASSED] - click(findTestObject(col)): Object: 'Object Repository/Page_tCC translationNotes/columns_OrigQuote' is clicked on

2020-09-28 15:03:14 - [MESSAGE][PASSED] - Object: 'Object Repository/Page_tCC translationNotes/columns_OrigQuote' is clicked on

2020-09-28 15:03:14 - [TEST_STEP][PASSED] - verifyElementNotChecked(findTestObject(col), 1, CONTINUE_ON_FAILURE): Object 'Object Repository/Page_tCC translationNotes/columns_OrigQuote' is not checked

2020-09-28 15:03:15 - [MESSAGE][PASSED] - Object 'Object Repository/Page_tCC translationNotes/columns_OrigQuote' is not checked

2020-09-28 15:03:15 - [TEST_STEP][PASSED] - for (def e : (0..(elements[c].size() - 1))): Web element with id: 'Object Repository/Page_tCC translationNotes/text_OrigQuote2' located by 'By.xpath: //*[(text() = 'κατὰ πίστιν' or . = 'κατὰ πίστιν')]' is not present after '1' second(s)

2020-09-28 15:03:15 - [TEST_STEP][PASSED] - ele = page + elements[c][e]: null

2020-09-28 15:03:15 - [TEST_STEP][PASSED] - println("looking for " + ele): null

2020-09-28 15:03:15 - [TEST_STEP][PASSED] - logInfo("looking for " + ele): looking for Page_tCC translationNotes/label_OrigQuote

2020-09-28 15:03:15 - [MESSAGE][INFO] - looking for Page_tCC translationNotes/label_OrigQuote

2020-09-28 15:03:15 - [TEST_STEP][PASSED] - if (!(verifyElementNotPresent(findTestObject(ele), 1, CONTINUE_ON_FAILURE))): Web element with id: 'Object Repository/Page_tCC translationNotes/label_OrigQuote' located by 'By.xpath: //tr[@id='MUIDataTableBodyRow-3']/td/div/div/div/div[2]/h6' is not present after '1' second(s)

2020-09-28 15:03:15 - [MESSAGE][PASSED] - Web element with id: 'Object Repository/Page_tCC translationNotes/label_OrigQuote' located by 'By.xpath: //tr[@id='MUIDataTableBodyRow-3']/td/div/div/div/div[2]/h6' is not present after '1' second(s)

2020-09-28 15:03:15 - [TEST_STEP][PASSED] - ele = page + elements[c][e]: null

2020-09-28 15:03:15 - [TEST_STEP][PASSED] - println("looking for " + ele): null

2020-09-28 15:03:15 - [TEST_STEP][PASSED] - logInfo("looking for " + ele): looking for Page_tCC translationNotes/text_OrigQuote1

2020-09-28 15:03:15 - [MESSAGE][INFO] - looking for Page_tCC translationNotes/text_OrigQuote1

2020-09-28 15:03:15 - [TEST_STEP][PASSED] - if (!(verifyElementNotPresent(findTestObject(ele), 1, CONTINUE_ON_FAILURE))): Web element with id: 'Object Repository/Page_tCC translationNotes/text_OrigQuote1' located by 'By.xpath: //tr[@id='MUIDataTableBodyRow-3']/td/div/div/div/div/div/div/p' is not present after '1' second(s)

2020-09-28 15:03:15 - [MESSAGE][PASSED] - Web element with id: 'Object Repository/Page_tCC translationNotes/text_OrigQuote1' located by 'By.xpath: //tr[@id='MUIDataTableBodyRow-3']/td/div/div/div/div/div/div/p' is not present after '1' second(s)

2020-09-28 15:03:15 - [TEST_STEP][PASSED] - ele = page + elements[c][e]: null

2020-09-28 15:03:15 - [TEST_STEP][PASSED] - println("looking for " + ele): null

2020-09-28 15:03:15 - [TEST_STEP][PASSED] - logInfo("looking for " + ele): looking for Page_tCC translationNotes/text_OrigQuote2

2020-09-28 15:03:15 - [MESSAGE][INFO] - looking for Page_tCC translationNotes/text_OrigQuote2

2020-09-28 15:03:15 - [TEST_STEP][PASSED] - if (!(verifyElementNotPresent(findTestObject(ele), 1, CONTINUE_ON_FAILURE))): Web element with id: 'Object Repository/Page_tCC translationNotes/text_OrigQuote2' located by 'By.xpath: //*[(text() = 'κατὰ πίστιν' or . = 'κατὰ πίστιν')]' is not present after '1' second(s)

2020-09-28 15:03:16 - [MESSAGE][PASSED] - Web element with id: 'Object Repository/Page_tCC translationNotes/text_OrigQuote2' located by 'By.xpath: //*[(text() = 'κατὰ πίστιν' or . = 'κατὰ πίστιν')]' is not present after '1' second(s)

2020-09-28 15:03:16 - [TEST_STEP][PASSED] - col = page + columns[c]: null

2020-09-28 15:03:16 - [TEST_STEP][PASSED] - click(findTestObject(col)): Object: 'Object Repository/Page_tCC translationNotes/columns_Occurrence' is clicked on

2020-09-28 15:03:17 - [MESSAGE][PASSED] - Object: 'Object Repository/Page_tCC translationNotes/columns_Occurrence' is clicked on

2020-09-28 15:03:17 - [TEST_STEP][PASSED] - verifyElementChecked(findTestObject(col), 1, CONTINUE_ON_FAILURE): Object 'Object Repository/Page_tCC translationNotes/columns_Occurrence' is checked

2020-09-28 15:03:17 - [MESSAGE][PASSED] - Object 'Object Repository/Page_tCC translationNotes/columns_Occurrence' is checked

2020-09-28 15:03:17 - [TEST_STEP][PASSED] - println("Testing for " + col + " elements visible."): null

2020-09-28 15:03:17 - [TEST_STEP][PASSED] - logInfo("Testing for " + col + " elements visible."): Testing for Page_tCC translationNotes/columns_Occurrence elements visible.

2020-09-28 15:03:17 - [MESSAGE][INFO] - Testing for Page_tCC translationNotes/columns_Occurrence elements visible.

2020-09-28 15:03:17 - [TEST_STEP][PASSED] - for (def e : (0..(elements[c].size() - 1))): Object 'Object Repository/Page_tCC translationNotes/text_Occurrence_1' is visible

2020-09-28 15:03:17 - [TEST_STEP][PASSED] - ele = page + elements[c][e]: null

2020-09-28 15:03:17 - [TEST_STEP][PASSED] - println("looking for " + ele): null

2020-09-28 15:03:17 - [TEST_STEP][PASSED] - logInfo("looking for " + ele): looking for Page_tCC translationNotes/label_Occurrence

2020-09-28 15:03:17 - [MESSAGE][INFO] - looking for Page_tCC translationNotes/label_Occurrence

2020-09-28 15:03:17 - [TEST_STEP][PASSED] - verifyElementVisible(findTestObject(ele), CONTINUE_ON_FAILURE): Object 'Object Repository/Page_tCC translationNotes/label_Occurrence' is visible

2020-09-28 15:03:17 - [MESSAGE][PASSED] - Object 'Object Repository/Page_tCC translationNotes/label_Occurrence' is visible

2020-09-28 15:03:17 - [TEST_STEP][PASSED] - ele = page + elements[c][e]: null

2020-09-28 15:03:17 - [TEST_STEP][PASSED] - println("looking for " + ele): null

2020-09-28 15:03:17 - [TEST_STEP][PASSED] - logInfo("looking for " + ele): looking for Page_tCC translationNotes/text_Occurrence_0

2020-09-28 15:03:17 - [MESSAGE][INFO] - looking for Page_tCC translationNotes/text_Occurrence_0

2020-09-28 15:03:17 - [TEST_STEP][PASSED] - verifyElementVisible(findTestObject(ele), CONTINUE_ON_FAILURE): Object 'Object Repository/Page_tCC translationNotes/text_Occurrence_0' is visible

2020-09-28 15:03:18 - [MESSAGE][PASSED] - Object 'Object Repository/Page_tCC translationNotes/text_Occurrence_0' is visible

2020-09-28 15:03:18 - [TEST_STEP][PASSED] - ele = page + elements[c][e]: null

2020-09-28 15:03:18 - [TEST_STEP][PASSED] - println("looking for " + ele): null

2020-09-28 15:03:18 - [TEST_STEP][PASSED] - logInfo("looking for " + ele): looking for Page_tCC translationNotes/text_Occurrence_1

2020-09-28 15:03:18 - [MESSAGE][INFO] - looking for Page_tCC translationNotes/text_Occurrence_1

2020-09-28 15:03:18 - [TEST_STEP][PASSED] - verifyElementVisible(findTestObject(ele), CONTINUE_ON_FAILURE): Object 'Object Repository/Page_tCC translationNotes/text_Occurrence_1' is visible

2020-09-28 15:03:18 - [MESSAGE][PASSED] - Object 'Object Repository/Page_tCC translationNotes/text_Occurrence_1' is visible

2020-09-28 15:03:18 - [TEST_STEP][PASSED] - println("Clicking " + col + " OFF, then Testing for elements not visible."): null

2020-09-28 15:03:18 - [TEST_STEP][PASSED] - logInfo("Clicking " + col + " OFF, then Testing for elements not visible."): Clicking Page_tCC translationNotes/columns_Occurrence OFF, then Testing for elements not visible.

2020-09-28 15:03:18 - [MESSAGE][INFO] - Clicking Page_tCC translationNotes/columns_Occurrence OFF, then Testing for elements not visible.

2020-09-28 15:03:18 - [TEST_STEP][PASSED] - click(findTestObject(col)): Object: 'Object Repository/Page_tCC translationNotes/columns_Occurrence' is clicked on

2020-09-28 15:03:19 - [MESSAGE][PASSED] - Object: 'Object Repository/Page_tCC translationNotes/columns_Occurrence' is clicked on

2020-09-28 15:03:19 - [TEST_STEP][PASSED] - verifyElementNotChecked(findTestObject(col), 1, CONTINUE_ON_FAILURE): Object 'Object Repository/Page_tCC translationNotes/columns_Occurrence' is not checked

2020-09-28 15:03:20 - [MESSAGE][PASSED] - Object 'Object Repository/Page_tCC translationNotes/columns_Occurrence' is not checked

2020-09-28 15:03:20 - [TEST_STEP][PASSED] - for (def e : (0..(elements[c].size() - 1))): Web element with id: 'Object Repository/Page_tCC translationNotes/text_Occurrence_1' located by 'By.xpath: //tr[@id='MUIDataTableBodyRow-2']/td/div/div/div/div/div/div/p' is not present after '1' second(s)

2020-09-28 15:03:20 - [TEST_STEP][PASSED] - ele = page + elements[c][e]: null

2020-09-28 15:03:20 - [TEST_STEP][PASSED] - println("looking for " + ele): null

2020-09-28 15:03:20 - [TEST_STEP][PASSED] - logInfo("looking for " + ele): looking for Page_tCC translationNotes/label_Occurrence

2020-09-28 15:03:20 - [MESSAGE][INFO] - looking for Page_tCC translationNotes/label_Occurrence

2020-09-28 15:03:20 - [TEST_STEP][PASSED] - if (!(verifyElementNotPresent(findTestObject(ele), 1, CONTINUE_ON_FAILURE))): Web element with id: 'Object Repository/Page_tCC translationNotes/label_Occurrence' located by 'By.xpath: //tr[@id='MUIDataTableBodyRow-0']/td/div/div/div/div/h6' is not present after '1' second(s)

2020-09-28 15:03:20 - [MESSAGE][PASSED] - Web element with id: 'Object Repository/Page_tCC translationNotes/label_Occurrence' located by 'By.xpath: //tr[@id='MUIDataTableBodyRow-0']/td/div/div/div/div/h6' is not present after '1' second(s)

2020-09-28 15:03:20 - [TEST_STEP][PASSED] - ele = page + elements[c][e]: null

2020-09-28 15:03:20 - [TEST_STEP][PASSED] - println("looking for " + ele): null

2020-09-28 15:03:20 - [TEST_STEP][PASSED] - logInfo("looking for " + ele): looking for Page_tCC translationNotes/text_Occurrence_0

2020-09-28 15:03:20 - [MESSAGE][INFO] - looking for Page_tCC translationNotes/text_Occurrence_0

2020-09-28 15:03:20 - [TEST_STEP][PASSED] - if (!(verifyElementNotPresent(findTestObject(ele), 1, CONTINUE_ON_FAILURE))): Web element with id: 'Object Repository/Page_tCC translationNotes/text_Occurrence_0' located by 'By.xpath: //tr[@id='MUIDataTableBodyRow-0']/td/div/div/div/div/div/div/p' is not present after '1' second(s)

2020-09-28 15:03:20 - [MESSAGE][PASSED] - Web element with id: 'Object Repository/Page_tCC translationNotes/text_Occurrence_0' located by 'By.xpath: //tr[@id='MUIDataTableBodyRow-0']/td/div/div/div/div/div/div/p' is not present after '1' second(s)

2020-09-28 15:03:20 - [TEST_STEP][PASSED] - ele = page + elements[c][e]: null

2020-09-28 15:03:20 - [TEST_STEP][PASSED] - println("looking for " + ele): null

2020-09-28 15:03:20 - [TEST_STEP][PASSED] - logInfo("looking for " + ele): looking for Page_tCC translationNotes/text_Occurrence_1

2020-09-28 15:03:20 - [MESSAGE][INFO] - looking for Page_tCC translationNotes/text_Occurrence_1

2020-09-28 15:03:20 - [TEST_STEP][PASSED] - if (!(verifyElementNotPresent(findTestObject(ele), 1, CONTINUE_ON_FAILURE))): Web element with id: 'Object Repository/Page_tCC translationNotes/text_Occurrence_1' located by 'By.xpath: //tr[@id='MUIDataTableBodyRow-2']/td/div/div/div/div/div/div/p' is not present after '1' second(s)

2020-09-28 15:03:21 - [MESSAGE][PASSED] - Web element with id: 'Object Repository/Page_tCC translationNotes/text_Occurrence_1' located by 'By.xpath: //tr[@id='MUIDataTableBodyRow-2']/td/div/div/div/div/div/div/p' is not present after '1' second(s)

2020-09-28 15:03:21 - [TEST_STEP][PASSED] - col = page + columns[c]: null

2020-09-28 15:03:21 - [TEST_STEP][PASSED] - click(findTestObject(col)): Object: 'Object Repository/Page_tCC translationNotes/columns_GLQuote' is clicked on

2020-09-28 15:03:22 - [MESSAGE][PASSED] - Object: 'Object Repository/Page_tCC translationNotes/columns_GLQuote' is clicked on

2020-09-28 15:03:22 - [TEST_STEP][PASSED] - verifyElementChecked(findTestObject(col), 1, CONTINUE_ON_FAILURE): Object 'Object Repository/Page_tCC translationNotes/columns_GLQuote' is checked

2020-09-28 15:03:22 - [MESSAGE][PASSED] - Object 'Object Repository/Page_tCC translationNotes/columns_GLQuote' is checked

2020-09-28 15:03:22 - [TEST_STEP][PASSED] - println("Testing for " + col + " elements visible."): null

2020-09-28 15:03:22 - [TEST_STEP][PASSED] - logInfo("Testing for " + col + " elements visible."): Testing for Page_tCC translationNotes/columns_GLQuote elements visible.

2020-09-28 15:03:22 - [MESSAGE][INFO] - Testing for Page_tCC translationNotes/columns_GLQuote elements visible.

2020-09-28 15:03:22 - [TEST_STEP][PASSED] - for (def e : (0..(elements[c].size() - 1))): Object 'Object Repository/Page_tCC translationNotes/text_GLQuote_knowledge' is visible

2020-09-28 15:03:22 - [TEST_STEP][PASSED] - ele = page + elements[c][e]: null

2020-09-28 15:03:22 - [TEST_STEP][PASSED] - println("looking for " + ele): null

2020-09-28 15:03:22 - [TEST_STEP][PASSED] - logInfo("looking for " + ele): looking for Page_tCC translationNotes/label_GLQuote

2020-09-28 15:03:22 - [MESSAGE][INFO] - looking for Page_tCC translationNotes/label_GLQuote

2020-09-28 15:03:22 - [TEST_STEP][PASSED] - verifyElementVisible(findTestObject(ele), CONTINUE_ON_FAILURE): Object 'Object Repository/Page_tCC translationNotes/label_GLQuote' is visible

2020-09-28 15:03:23 - [MESSAGE][PASSED] - Object 'Object Repository/Page_tCC translationNotes/label_GLQuote' is visible

2020-09-28 15:03:23 - [TEST_STEP][PASSED] - ele = page + elements[c][e]: null

2020-09-28 15:03:23 - [TEST_STEP][PASSED] - println("looking for " + ele): null

2020-09-28 15:03:23 - [TEST_STEP][PASSED] - logInfo("looking for " + ele): looking for Page_tCC translationNotes/text_GLQuote_for the faith

2020-09-28 15:03:23 - [MESSAGE][INFO] - looking for Page_tCC translationNotes/text_GLQuote_for the faith

2020-09-28 15:03:23 - [TEST_STEP][PASSED] - verifyElementVisible(findTestObject(ele), CONTINUE_ON_FAILURE): Object 'Object Repository/Page_tCC translationNotes/text_GLQuote_for the faith' is visible

2020-09-28 15:03:23 - [MESSAGE][PASSED] - Object 'Object Repository/Page_tCC translationNotes/text_GLQuote_for the faith' is visible

2020-09-28 15:03:23 - [TEST_STEP][PASSED] - ele = page + elements[c][e]: null

2020-09-28 15:03:23 - [TEST_STEP][PASSED] - println("looking for " + ele): null

2020-09-28 15:03:23 - [TEST_STEP][PASSED] - logInfo("looking for " + ele): looking for Page_tCC translationNotes/text_GLQuote_knowledge

2020-09-28 15:03:23 - [MESSAGE][INFO] - looking for Page_tCC translationNotes/text_GLQuote_knowledge

2020-09-28 15:03:23 - [TEST_STEP][PASSED] - verifyElementVisible(findTestObject(ele), CONTINUE_ON_FAILURE): Object 'Object Repository/Page_tCC translationNotes/text_GLQuote_knowledge' is visible

2020-09-28 15:03:23 - [MESSAGE][PASSED] - Object 'Object Repository/Page_tCC translationNotes/text_GLQuote_knowledge' is visible

2020-09-28 15:03:23 - [TEST_STEP][PASSED] - println("Clicking " + col + " OFF, then Testing for elements not visible."): null

2020-09-28 15:03:23 - [TEST_STEP][PASSED] - logInfo("Clicking " + col + " OFF, then Testing for elements not visible."): Clicking Page_tCC translationNotes/columns_GLQuote OFF, then Testing for elements not visible.

2020-09-28 15:03:23 - [MESSAGE][INFO] - Clicking Page_tCC translationNotes/columns_GLQuote OFF, then Testing for elements not visible.

2020-09-28 15:03:23 - [TEST_STEP][PASSED] - click(findTestObject(col)): Object: 'Object Repository/Page_tCC translationNotes/columns_GLQuote' is clicked on

2020-09-28 15:03:24 - [MESSAGE][PASSED] - Object: 'Object Repository/Page_tCC translationNotes/columns_GLQuote' is clicked on

2020-09-28 15:03:24 - [TEST_STEP][PASSED] - verifyElementNotChecked(findTestObject(col), 1, CONTINUE_ON_FAILURE): Object 'Object Repository/Page_tCC translationNotes/columns_GLQuote' is not checked

2020-09-28 15:03:25 - [MESSAGE][PASSED] - Object 'Object Repository/Page_tCC translationNotes/columns_GLQuote' is not checked

2020-09-28 15:03:25 - [TEST_STEP][PASSED] - for (def e : (0..(elements[c].size() - 1))): Web element with id: 'Object Repository/Page_tCC translationNotes/text_GLQuote_knowledge' located by 'By.xpath: //tr[@id='MUIDataTableBodyRow-3']/td/div/div/div/div/div/div/p' is not present after '1' second(s)

2020-09-28 15:03:25 - [TEST_STEP][PASSED] - ele = page + elements[c][e]: null

2020-09-28 15:03:25 - [TEST_STEP][PASSED] - println("looking for " + ele): null

2020-09-28 15:03:25 - [TEST_STEP][PASSED] - logInfo("looking for " + ele): looking for Page_tCC translationNotes/label_GLQuote

2020-09-28 15:03:25 - [MESSAGE][INFO] - looking for Page_tCC translationNotes/label_GLQuote

2020-09-28 15:03:25 - [TEST_STEP][PASSED] - if (!(verifyElementNotPresent(findTestObject(ele), 1, CONTINUE_ON_FAILURE))): Web element with id: 'Object Repository/Page_tCC translationNotes/label_GLQuote' located by 'By.xpath: //tr[@id='MUIDataTableBodyRow-0']/td/div/div/div/div/h6' is not present after '1' second(s)

2020-09-28 15:03:25 - [MESSAGE][PASSED] - Web element with id: 'Object Repository/Page_tCC translationNotes/label_GLQuote' located by 'By.xpath: //tr[@id='MUIDataTableBodyRow-0']/td/div/div/div/div/h6' is not present after '1' second(s)

2020-09-28 15:03:25 - [TEST_STEP][PASSED] - ele = page + elements[c][e]: null

2020-09-28 15:03:25 - [TEST_STEP][PASSED] - println("looking for " + ele): null

2020-09-28 15:03:25 - [TEST_STEP][PASSED] - logInfo("looking for " + ele): looking for Page_tCC translationNotes/text_GLQuote_for the faith

2020-09-28 15:03:25 - [MESSAGE][INFO] - looking for Page_tCC translationNotes/text_GLQuote_for the faith

2020-09-28 15:03:25 - [TEST_STEP][PASSED] - if (!(verifyElementNotPresent(findTestObject(ele), 1, CONTINUE_ON_FAILURE))): Web element with id: 'Object Repository/Page_tCC translationNotes/text_GLQuote_for the faith' located by 'By.xpath: //tr[@id='MUIDataTableBodyRow-2']/td/div/div/div/div/div/div/p' is not present after '1' second(s)

2020-09-28 15:03:25 - [MESSAGE][PASSED] - Web element with id: 'Object Repository/Page_tCC translationNotes/text_GLQuote_for the faith' located by 'By.xpath: //tr[@id='MUIDataTableBodyRow-2']/td/div/div/div/div/div/div/p' is not present after '1' second(s)

2020-09-28 15:03:25 - [TEST_STEP][PASSED] - ele = page + elements[c][e]: null

2020-09-28 15:03:25 - [TEST_STEP][PASSED] - println("looking for " + ele): null

2020-09-28 15:03:25 - [TEST_STEP][PASSED] - logInfo("looking for " + ele): looking for Page_tCC translationNotes/text_GLQuote_knowledge

2020-09-28 15:03:25 - [MESSAGE][INFO] - looking for Page_tCC translationNotes/text_GLQuote_knowledge

2020-09-28 15:03:25 - [TEST_STEP][PASSED] - if (!(verifyElementNotPresent(findTestObject(ele), 1, CONTINUE_ON_FAILURE))): Web element with id: 'Object Repository/Page_tCC translationNotes/text_GLQuote_knowledge' located by 'By.xpath: //tr[@id='MUIDataTableBodyRow-3']/td/div/div/div/div/div/div/p' is not present after '1' second(s)

2020-09-28 15:03:25 - [MESSAGE][PASSED] - Web element with id: 'Object Repository/Page_tCC translationNotes/text_GLQuote_knowledge' located by 'By.xpath: //tr[@id='MUIDataTableBodyRow-3']/td/div/div/div/div/div/div/p' is not present after '1' second(s)

2020-09-28 15:03:25 - [TEST_STEP][PASSED] - col = page + columns[c]: null

2020-09-28 15:03:25 - [TEST_STEP][PASSED] - click(findTestObject(col)): Object: 'Object Repository/Page_tCC translationNotes/columns_OccurrenceNote' is clicked on

2020-09-28 15:03:27 - [MESSAGE][PASSED] - Object: 'Object Repository/Page_tCC translationNotes/columns_OccurrenceNote' is clicked on

2020-09-28 15:03:27 - [TEST_STEP][PASSED] - verifyElementChecked(findTestObject(col), 1, CONTINUE_ON_FAILURE): Object 'Object Repository/Page_tCC translationNotes/columns_OccurrenceNote' is checked

2020-09-28 15:03:27 - [MESSAGE][PASSED] - Object 'Object Repository/Page_tCC translationNotes/columns_OccurrenceNote' is checked

2020-09-28 15:03:27 - [TEST_STEP][PASSED] - println("Testing for " + col + " elements visible."): null

2020-09-28 15:03:27 - [TEST_STEP][PASSED] - logInfo("Testing for " + col + " elements visible."): Testing for Page_tCC translationNotes/columns_OccurrenceNote elements visible.

2020-09-28 15:03:27 - [MESSAGE][INFO] - Testing for Page_tCC translationNotes/columns_OccurrenceNote elements visible.

2020-09-28 15:03:27 - [TEST_STEP][PASSED] - for (def e : (0..(elements[c].size() - 1))): Object 'Object Repository/Page_tCC translationNotes/text_OccurrenceNote_Who wrote the Book of Titus' is visible

2020-09-28 15:03:27 - [TEST_STEP][PASSED] - ele = page + elements[c][e]: null

2020-09-28 15:03:27 - [TEST_STEP][PASSED] - println("looking for " + ele): null

2020-09-28 15:03:27 - [TEST_STEP][PASSED] - logInfo("looking for " + ele): looking for Page_tCC translationNotes/label_OccurrenceNote

2020-09-28 15:03:27 - [MESSAGE][INFO] - looking for Page_tCC translationNotes/label_OccurrenceNote

2020-09-28 15:03:27 - [TEST_STEP][PASSED] - verifyElementVisible(findTestObject(ele), CONTINUE_ON_FAILURE): Object 'Object Repository/Page_tCC translationNotes/label_OccurrenceNote' is visible

2020-09-28 15:03:27 - [MESSAGE][PASSED] - Object 'Object Repository/Page_tCC translationNotes/label_OccurrenceNote' is visible

2020-09-28 15:03:27 - [TEST_STEP][PASSED] - ele = page + elements[c][e]: null

2020-09-28 15:03:27 - [TEST_STEP][PASSED] - println("looking for " + ele): null

2020-09-28 15:03:27 - [TEST_STEP][PASSED] - logInfo("looking for " + ele): looking for Page_tCC translationNotes/text_OccurrenceNote_Who wrote the Book of Titus

2020-09-28 15:03:27 - [MESSAGE][INFO] - looking for Page_tCC translationNotes/text_OccurrenceNote_Who wrote the Book of Titus

2020-09-28 15:03:27 - [TEST_STEP][PASSED] - verifyElementVisible(findTestObject(ele), CONTINUE_ON_FAILURE): Object 'Object Repository/Page_tCC translationNotes/text_OccurrenceNote_Who wrote the Book of Titus' is visible

2020-09-28 15:03:28 - [MESSAGE][PASSED] - Object 'Object Repository/Page_tCC translationNotes/text_OccurrenceNote_Who wrote the Book of Titus' is visible

2020-09-28 15:03:28 - [TEST_STEP][PASSED] - println("Clicking " + col + " OFF, then Testing for elements not visible."): null

2020-09-28 15:03:28 - [TEST_STEP][PASSED] - logInfo("Clicking " + col + " OFF, then Testing for elements not visible."): Clicking Page_tCC translationNotes/columns_OccurrenceNote OFF, then Testing for elements not visible.

2020-09-28 15:03:28 - [MESSAGE][INFO] - Clicking Page_tCC translationNotes/columns_OccurrenceNote OFF, then Testing for elements not visible.

2020-09-28 15:03:28 - [TEST_STEP][PASSED] - click(findTestObject(col)): Object: 'Object Repository/Page_tCC translationNotes/columns_OccurrenceNote' is clicked on

2020-09-28 15:03:29 - [MESSAGE][PASSED] - Object: 'Object Repository/Page_tCC translationNotes/columns_OccurrenceNote' is clicked on

2020-09-28 15:03:29 - [TEST_STEP][PASSED] - verifyElementNotChecked(findTestObject(col), 1, CONTINUE_ON_FAILURE): Object 'Object Repository/Page_tCC translationNotes/columns_OccurrenceNote' is not checked

2020-09-28 15:03:29 - [MESSAGE][PASSED] - Object 'Object Repository/Page_tCC translationNotes/columns_OccurrenceNote' is not checked

2020-09-28 15:03:29 - [TEST_STEP][PASSED] - for (def e : (0..(elements[c].size() - 1))): Web element with id: 'Object Repository/Page_tCC translationNotes/text_OccurrenceNote_Who wrote the Book of Titus' located by 'By.xpath: //h3[@id='whowrotethebookoftitus']' is not present after '1' second(s)

2020-09-28 15:03:29 - [TEST_STEP][PASSED] - ele = page + elements[c][e]: null

2020-09-28 15:03:29 - [TEST_STEP][PASSED] - println("looking for " + ele): null

2020-09-28 15:03:29 - [TEST_STEP][PASSED] - logInfo("looking for " + ele): looking for Page_tCC translationNotes/label_OccurrenceNote

2020-09-28 15:03:29 - [MESSAGE][INFO] - looking for Page_tCC translationNotes/label_OccurrenceNote

2020-09-28 15:03:29 - [TEST_STEP][PASSED] - if (!(verifyElementNotPresent(findTestObject(ele), 1, CONTINUE_ON_FAILURE))): Web element with id: 'Object Repository/Page_tCC translationNotes/label_OccurrenceNote' located by 'By.xpath: //tr[@id='MUIDataTableBodyRow-0']/td/div/div/div/div/h6' is not present after '1' second(s)

2020-09-28 15:03:29 - [MESSAGE][PASSED] - Web element with id: 'Object Repository/Page_tCC translationNotes/label_OccurrenceNote' located by 'By.xpath: //tr[@id='MUIDataTableBodyRow-0']/td/div/div/div/div/h6' is not present after '1' second(s)

2020-09-28 15:03:29 - [TEST_STEP][PASSED] - ele = page + elements[c][e]: null

2020-09-28 15:03:29 - [TEST_STEP][PASSED] - println("looking for " + ele): null

2020-09-28 15:03:29 - [TEST_STEP][PASSED] - logInfo("looking for " + ele): looking for Page_tCC translationNotes/text_OccurrenceNote_Who wrote the Book of Titus

2020-09-28 15:03:29 - [MESSAGE][INFO] - looking for Page_tCC translationNotes/text_OccurrenceNote_Who wrote the Book of Titus

2020-09-28 15:03:29 - [TEST_STEP][PASSED] - if (!(verifyElementNotPresent(findTestObject(ele), 1, CONTINUE_ON_FAILURE))): Web element with id: 'Object Repository/Page_tCC translationNotes/text_OccurrenceNote_Who wrote the Book of Titus' located by 'By.xpath: //h3[@id='whowrotethebookoftitus']' is not present after '1' second(s)

2020-09-28 15:03:30 - [MESSAGE][PASSED] - Web element with id: 'Object Repository/Page_tCC translationNotes/text_OccurrenceNote_Who wrote the Book of Titus' located by 'By.xpath: //h3[@id='whowrotethebookoftitus']' is not present after '1' second(s)

2020-09-28 15:03:30 - [TEST_STEP][PASSED] - closeBrowser(): Browser is closed

2020-09-28 15:03:32 - [MESSAGE][PASSED] - Browser is closed

2020-09-28 15:03:32 - [TEST_STEP][PASSED] - Start listener action : sampleAfterTestCase: null

2020-09-28 15:03:32 - [TEST_STEP][PASSED] - separator = "===========================================================================================================================": null

2020-09-28 15:03:32 - [TEST_STEP][PASSED] - println(separator): null

2020-09-28 15:03:32 - [TEST_STEP][PASSED] - prefix = " +++++++++++ ": null

2020-09-28 15:03:32 - [TEST_STEP][PASSED] - if (testCaseContext.getTestCaseStatus() != "PASSED"): null

2020-09-28 15:03:32 - [TEST_STEP][PASSED] - println(prefix + testCaseContext.getTestCaseId() + " on " + version + " " + testCaseContext.getTestCaseStatus() + prefix): null

2020-09-28 15:03:32 - [TEST_STEP][PASSED] - tsMessages.add("##" + testCaseContext.getTestCaseId()): null

2020-09-28 15:03:32 - [TEST_STEP][PASSED] - if (tcMessages.size() > 0): null

2020-09-28 15:03:32 - [TEST_STEP][PASSED] - println(separator): null]]></system-out>
         <system-err><![CDATA[]]></system-err>
      </testcase>
      <testcase name="Test Cases/tCC Test Cases/tCC tN Test Copy OrigLangQuote" time="52.013" classname="Test Cases/tCC Test Cases/tCC tN Test Copy OrigLangQuote" status="FAILED">
         <failure type="FAILED" message="Test Cases/tCC Test Cases/tCC tN Test Copy OrigLangQuote FAILED.
Reason:
com.kms.katalon.core.exception.StepFailedException: Unable to click on object 'Object Repository/Page_tCC translationNotes/text_OrigQuote-GL-xyz8'
	at com.kms.katalon.core.webui.keyword.internal.WebUIKeywordMain.stepFailed(WebUIKeywordMain.groovy:64)
	at com.kms.katalon.core.webui.keyword.internal.WebUIKeywordMain.runKeyword(WebUIKeywordMain.groovy:26)
	at com.kms.katalon.core.webui.keyword.builtin.ClickKeyword.click(ClickKeyword.groovy:76)
	at com.kms.katalon.core.webui.keyword.builtin.ClickKeyword.execute(ClickKeyword.groovy:43)
	at com.kms.katalon.core.keyword.internal.KeywordExecutor.executeKeywordForPlatform(KeywordExecutor.groovy:73)
	at com.kms.katalon.core.webui.keyword.WebUiBuiltInKeywords.click(WebUiBuiltInKeywords.groovy:616)
	at com.kms.katalon.core.webui.keyword.WebUiBuiltInKeywords$click$5.call(Unknown Source)
	at tCC tN Test Copy OrigLangQuote.setGLOrigQuote(tCC tN Test Copy OrigLangQuote:130)
	at Script1599753563611$setGLOrigQuote$0.callCurrent(Unknown Source)
	at tCC tN Test Copy OrigLangQuote.run(tCC tN Test Copy OrigLangQuote:94)
	at com.kms.katalon.core.main.ScriptEngine.run(ScriptEngine.java:194)
	at com.kms.katalon.core.main.ScriptEngine.runScriptAsRawText(ScriptEngine.java:119)
	at com.kms.katalon.core.main.TestCaseExecutor.runScript(TestCaseExecutor.java:339)
	at com.kms.katalon.core.main.TestCaseExecutor.doExecute(TestCaseExecutor.java:330)
	at com.kms.katalon.core.main.TestCaseExecutor.processExecutionPhase(TestCaseExecutor.java:309)
	at com.kms.katalon.core.main.TestCaseExecutor.accessMainPhase(TestCaseExecutor.java:301)
	at com.kms.katalon.core.main.TestCaseExecutor.execute(TestCaseExecutor.java:235)
	at com.kms.katalon.core.main.TestSuiteExecutor.accessTestCaseMainPhase(TestSuiteExecutor.java:191)
	at com.kms.katalon.core.main.TestSuiteExecutor.accessTestSuiteMainPhase(TestSuiteExecutor.java:141)
	at com.kms.katalon.core.main.TestSuiteExecutor.execute(TestSuiteExecutor.java:90)
	at com.kms.katalon.core.main.TestCaseMain.startTestSuite(TestCaseMain.java:157)
	at com.kms.katalon.core.main.TestCaseMain$startTestSuite$0.call(Unknown Source)
	at TempTestSuite1601322783658.run(TempTestSuite1601322783658.groovy:39)
Caused by: org.openqa.selenium.ElementClickInterceptedException: Element &lt;div class=&quot;jss318&quot;> is not clickable at point (952,633) because another element &lt;p id=&quot;mui-43803&quot; class=&quot;MuiTypography-root-113 MuiTablePagination-caption-244 MuiTypography-body2-114 MuiTypography-colorInherit-135&quot;> obscures it
Build info: version: '3.141.59', revision: 'e82be7d358', time: '2018-11-14T08:25:53'
System info: host: 'Kozs-MacBook-Air.local', ip: 'fe80:0:0:0:1cf0:a165:32ec:8708%en0', os.name: 'Mac OS X', os.arch: 'x86_64', os.version: '10.14.6', java.version: '1.8.0_181'
Driver info: com.kms.katalon.core.webui.driver.firefox.CGeckoDriver
Capabilities {acceptInsecureCerts: true, browserName: firefox, browserVersion: 81.0, javascriptEnabled: true, moz:accessibilityChecks: false, moz:buildID: 20200917005511, moz:geckodriverVersion: 0.23.0, moz:headless: false, moz:processID: 15324, moz:profile: /var/folders/hb/hv2s0v7n1nz..., moz:shutdownTimeout: 60000, moz:useNonSpecCompliantPointerOrigin: false, moz:webdriverClick: true, pageLoadStrategy: normal, platform: MAC, platformName: MAC, platformVersion: 18.7.0, proxy: Proxy(direct), rotatable: false, setWindowRect: true, strictFileInteractability: false, timeouts: {implicit: 0, pageLoad: 300000, script: 30000}, unhandledPromptBehavior: dismiss and notify}
Session ID: bb96d47f-b31a-0f4d-b96f-d4b978e79aa8
	at org.openqa.selenium.remote.http.W3CHttpResponseCodec.createException(W3CHttpResponseCodec.java:187)
	at org.openqa.selenium.remote.http.W3CHttpResponseCodec.decode(W3CHttpResponseCodec.java:122)
	at org.openqa.selenium.remote.http.W3CHttpResponseCodec.decode(W3CHttpResponseCodec.java:49)
	at org.openqa.selenium.remote.HttpCommandExecutor.execute(HttpCommandExecutor.java:158)
	at org.openqa.selenium.remote.service.DriverCommandExecutor.execute(DriverCommandExecutor.java:83)
	at org.openqa.selenium.remote.RemoteWebDriver.execute(RemoteWebDriver.java:552)
	at com.kms.katalon.selenium.driver.CFirefoxDriver.execute(CFirefoxDriver.java:27)
	at org.openqa.selenium.remote.RemoteWebElement.execute(RemoteWebElement.java:285)
	at org.openqa.selenium.remote.RemoteWebElement.click(RemoteWebElement.java:84)
	at org.openqa.selenium.support.events.EventFiringWebDriver$EventFiringWebElement.lambda$new$0(EventFiringWebDriver.java:404)
	at com.sun.proxy.$Proxy13.click(Unknown Source)
	at org.openqa.selenium.support.events.EventFiringWebDriver$EventFiringWebElement.click(EventFiringWebDriver.java:417)
	at com.kms.katalon.core.webui.keyword.builtin.ClickKeyword$_click_closure1.doCall(ClickKeyword.groovy:69)
	at com.kms.katalon.core.webui.keyword.builtin.ClickKeyword$_click_closure1.call(ClickKeyword.groovy)
	at com.kms.katalon.core.webui.keyword.internal.WebUIKeywordMain.runKeyword(WebUIKeywordMain.groovy:20)
	... 21 more
"/>
         <system-out><![CDATA[2020-09-28 15:03:34 - [TEST_CASE][FAILED] - Test Cases/tCC Test Cases/tCC tN Test Copy OrigLangQuote: Test Cases/tCC Test Cases/tCC tN Test Copy OrigLangQuote FAILED.
Reason:
com.kms.katalon.core.exception.StepFailedException: Unable to click on object 'Object Repository/Page_tCC translationNotes/text_OrigQuote-GL-xyz8'
	at com.kms.katalon.core.webui.keyword.internal.WebUIKeywordMain.stepFailed(WebUIKeywordMain.groovy:64)
	at com.kms.katalon.core.webui.keyword.internal.WebUIKeywordMain.runKeyword(WebUIKeywordMain.groovy:26)
	at com.kms.katalon.core.webui.keyword.builtin.ClickKeyword.click(ClickKeyword.groovy:76)
	at com.kms.katalon.core.webui.keyword.builtin.ClickKeyword.execute(ClickKeyword.groovy:43)
	at com.kms.katalon.core.keyword.internal.KeywordExecutor.executeKeywordForPlatform(KeywordExecutor.groovy:73)
	at com.kms.katalon.core.webui.keyword.WebUiBuiltInKeywords.click(WebUiBuiltInKeywords.groovy:616)
	at com.kms.katalon.core.webui.keyword.WebUiBuiltInKeywords$click$5.call(Unknown Source)
	at tCC tN Test Copy OrigLangQuote.setGLOrigQuote(tCC tN Test Copy OrigLangQuote:130)
	at Script1599753563611$setGLOrigQuote$0.callCurrent(Unknown Source)
	at tCC tN Test Copy OrigLangQuote.run(tCC tN Test Copy OrigLangQuote:94)
	at com.kms.katalon.core.main.ScriptEngine.run(ScriptEngine.java:194)
	at com.kms.katalon.core.main.ScriptEngine.runScriptAsRawText(ScriptEngine.java:119)
	at com.kms.katalon.core.main.TestCaseExecutor.runScript(TestCaseExecutor.java:339)
	at com.kms.katalon.core.main.TestCaseExecutor.doExecute(TestCaseExecutor.java:330)
	at com.kms.katalon.core.main.TestCaseExecutor.processExecutionPhase(TestCaseExecutor.java:309)
	at com.kms.katalon.core.main.TestCaseExecutor.accessMainPhase(TestCaseExecutor.java:301)
	at com.kms.katalon.core.main.TestCaseExecutor.execute(TestCaseExecutor.java:235)
	at com.kms.katalon.core.main.TestSuiteExecutor.accessTestCaseMainPhase(TestSuiteExecutor.java:191)
	at com.kms.katalon.core.main.TestSuiteExecutor.accessTestSuiteMainPhase(TestSuiteExecutor.java:141)
	at com.kms.katalon.core.main.TestSuiteExecutor.execute(TestSuiteExecutor.java:90)
	at com.kms.katalon.core.main.TestCaseMain.startTestSuite(TestCaseMain.java:157)
	at com.kms.katalon.core.main.TestCaseMain$startTestSuite$0.call(Unknown Source)
	at TempTestSuite1601322783658.run(TempTestSuite1601322783658.groovy:39)
Caused by: org.openqa.selenium.ElementClickInterceptedException: Element <div class="jss318"> is not clickable at point (952,633) because another element <p id="mui-43803" class="MuiTypography-root-113 MuiTablePagination-caption-244 MuiTypography-body2-114 MuiTypography-colorInherit-135"> obscures it
Build info: version: '3.141.59', revision: 'e82be7d358', time: '2018-11-14T08:25:53'
System info: host: 'Kozs-MacBook-Air.local', ip: 'fe80:0:0:0:1cf0:a165:32ec:8708%en0', os.name: 'Mac OS X', os.arch: 'x86_64', os.version: '10.14.6', java.version: '1.8.0_181'
Driver info: com.kms.katalon.core.webui.driver.firefox.CGeckoDriver
Capabilities {acceptInsecureCerts: true, browserName: firefox, browserVersion: 81.0, javascriptEnabled: true, moz:accessibilityChecks: false, moz:buildID: 20200917005511, moz:geckodriverVersion: 0.23.0, moz:headless: false, moz:processID: 15324, moz:profile: /var/folders/hb/hv2s0v7n1nz..., moz:shutdownTimeout: 60000, moz:useNonSpecCompliantPointerOrigin: false, moz:webdriverClick: true, pageLoadStrategy: normal, platform: MAC, platformName: MAC, platformVersion: 18.7.0, proxy: Proxy(direct), rotatable: false, setWindowRect: true, strictFileInteractability: false, timeouts: {implicit: 0, pageLoad: 300000, script: 30000}, unhandledPromptBehavior: dismiss and notify}
Session ID: bb96d47f-b31a-0f4d-b96f-d4b978e79aa8
	at org.openqa.selenium.remote.http.W3CHttpResponseCodec.createException(W3CHttpResponseCodec.java:187)
	at org.openqa.selenium.remote.http.W3CHttpResponseCodec.decode(W3CHttpResponseCodec.java:122)
	at org.openqa.selenium.remote.http.W3CHttpResponseCodec.decode(W3CHttpResponseCodec.java:49)
	at org.openqa.selenium.remote.HttpCommandExecutor.execute(HttpCommandExecutor.java:158)
	at org.openqa.selenium.remote.service.DriverCommandExecutor.execute(DriverCommandExecutor.java:83)
	at org.openqa.selenium.remote.RemoteWebDriver.execute(RemoteWebDriver.java:552)
	at com.kms.katalon.selenium.driver.CFirefoxDriver.execute(CFirefoxDriver.java:27)
	at org.openqa.selenium.remote.RemoteWebElement.execute(RemoteWebElement.java:285)
	at org.openqa.selenium.remote.RemoteWebElement.click(RemoteWebElement.java:84)
	at org.openqa.selenium.support.events.EventFiringWebDriver$EventFiringWebElement.lambda$new$0(EventFiringWebDriver.java:404)
	at com.sun.proxy.$Proxy13.click(Unknown Source)
	at org.openqa.selenium.support.events.EventFiringWebDriver$EventFiringWebElement.click(EventFiringWebDriver.java:417)
	at com.kms.katalon.core.webui.keyword.builtin.ClickKeyword$_click_closure1.doCall(ClickKeyword.groovy:69)
	at com.kms.katalon.core.webui.keyword.builtin.ClickKeyword$_click_closure1.call(ClickKeyword.groovy)
	at com.kms.katalon.core.webui.keyword.internal.WebUIKeywordMain.runKeyword(WebUIKeywordMain.groovy:20)
	... 21 more


2020-09-28 15:03:34 - [TEST_STEP][PASSED] - Start listener action : sampleBeforeTestCase: Execution profile is tCC Production

2020-09-28 15:03:34 - [TEST_STEP][PASSED] - tcMessages = []: null

2020-09-28 15:03:34 - [TEST_STEP][PASSED] - executionProfile = getExecutionProfile(): null

2020-09-28 15:03:34 - [TEST_STEP][PASSED] - logInfo("Execution profile is " + executionProfile): Execution profile is tCC Production

2020-09-28 15:03:34 - [MESSAGE][INFO] - Execution profile is tCC Production

2020-09-28 15:03:35 - [TEST_STEP][PASSED] - highlighted = "rgba(255, 255, 0, 1)": null

2020-09-28 15:03:35 - [TEST_STEP][PASSED] - callTestCase(findTestCase("tCC Components/tCC tN Open For Edit"), ["$username":"", "$password":"", "$origQuote":"", "$newOrigQuote":""], STOP_ON_FAILURE): Call Test Case 'Test Cases/tCC Components/tCC tN Open For Edit' successfully

2020-09-28 15:03:35 - [TEST_CASE][PASSED] - Test Cases/tCC Components/tCC tN Open For Edit: Test Cases/tCC Components/tCC tN Open For Edit

2020-09-28 15:03:35 - [TEST_STEP][PASSED] - callTestCase(findTestCase("tCC Components/tCC Login"), ["user":$username, "password":$password], STOP_ON_FAILURE): Call Test Case 'Test Cases/tCC Components/tCC Login' successfully

2020-09-28 15:03:35 - [TEST_CASE][PASSED] - Test Cases/tCC Components/tCC Login: Test Cases/tCC Components/tCC Login

2020-09-28 15:03:35 - [TEST_STEP][PASSED] - if (openBrowser): Current window maximized

2020-09-28 15:03:35 - [TEST_STEP][PASSED] - openBrowser(""): Browser is opened with url: ''

2020-09-28 15:03:35 - [MESSAGE][INFO] - Starting 'Firefox' driver

2020-09-28 15:03:35 - [MESSAGE][INFO] - Action delay is set to 0 milliseconds

2020-09-28 15:03:41 - [MESSAGE][PASSED] - Browser is opened with url: ''

2020-09-28 15:03:41 - [TEST_STEP][PASSED] - maximizeWindow(): Current window maximized

2020-09-28 15:03:41 - [MESSAGE][PASSED] - Current window maximized

2020-09-28 15:03:41 - [TEST_STEP][PASSED] - println("Opening " + url): null

2020-09-28 15:03:41 - [TEST_STEP][PASSED] - navigateToUrl(url): Navigate to 'http://create.translationcore.com' successfully

2020-09-28 15:03:45 - [MESSAGE][PASSED] - Navigate to 'http://create.translationcore.com' successfully

2020-09-28 15:03:45 - [TEST_STEP][PASSED] - waitForElementVisible(findTestObject("Page_tC Create/text_tCCVersion"), 30): Object 'Object Repository/Page_tC Create/text_tCCVersion' is visible

2020-09-28 15:03:46 - [MESSAGE][PASSED] - Object 'Object Repository/Page_tC Create/text_tCCVersion' is visible

2020-09-28 15:03:46 - [TEST_STEP][PASSED] - version = getText(findTestObject("Page_tC Create/text_tCCVersion")): Text of object 'Object Repository/Page_tC Create/text_tCCVersion' is: 'translationCore Create - v1.0.4'

2020-09-28 15:03:46 - [MESSAGE][PASSED] - Text of object 'Object Repository/Page_tC Create/text_tCCVersion' is: 'translationCore Create - v1.0.4'

2020-09-28 15:03:46 - [TEST_STEP][PASSED] - version = version: null

2020-09-28 15:03:46 - [TEST_STEP][PASSED] - println("Version is " + version): null

2020-09-28 15:03:46 - [TEST_STEP][PASSED] - if (user == ""): Object: 'Object Repository/Page_tC Create/button_Login' is clicked on

2020-09-28 15:03:46 - [TEST_STEP][PASSED] - println("Logging in as " + user1Name): null

2020-09-28 15:03:46 - [TEST_STEP][PASSED] - setText(findTestObject("Page_tC Create/input__username"), user1Name): Text 'tcc001' is set on object 'Object Repository/Page_tC Create/input__username'

2020-09-28 15:03:47 - [MESSAGE][PASSED] - Text 'tcc001' is set on object 'Object Repository/Page_tC Create/input__username'

2020-09-28 15:03:47 - [TEST_STEP][PASSED] - setText(findTestObject("Page_tC Create/input__password"), user1Password): Text 'tcc001' is set on object 'Object Repository/Page_tC Create/input__password'

2020-09-28 15:03:48 - [MESSAGE][PASSED] - Text 'tcc001' is set on object 'Object Repository/Page_tC Create/input__password'

2020-09-28 15:03:48 - [TEST_STEP][PASSED] - click(findTestObject("Page_tC Create/button_Login")): Object: 'Object Repository/Page_tC Create/button_Login' is clicked on

2020-09-28 15:03:49 - [MESSAGE][PASSED] - Object: 'Object Repository/Page_tC Create/button_Login' is clicked on

2020-09-28 15:03:49 - [MESSAGE][PASSED] - Call Test Case 'Test Cases/tCC Components/tCC Login' successfully

2020-09-28 15:03:49 - [TEST_STEP][PASSED] - if (callTestCase(findTestCase("tCC Components/tCC Select Org-Lang-Resource"), ["organization":"", "language":"", "resource":"unfoldingWord/en_tn"], STOP_ON_FAILURE) == false): Call Test Case 'Test Cases/tCC Components/tCC Select Org-Lang-Resource' successfully

2020-09-28 15:03:49 - [TEST_CASE][PASSED] - Test Cases/tCC Components/tCC Select Org-Lang-Resource: Test Cases/tCC Components/tCC Select Org-Lang-Resource

2020-09-28 15:03:49 - [TEST_STEP][PASSED] - if (organization == ""): null

2020-09-28 15:03:49 - [TEST_STEP][PASSED] - organization = organization: null

2020-09-28 15:03:49 - [TEST_STEP][PASSED] - if (language == ""): null

2020-09-28 15:03:49 - [TEST_STEP][PASSED] - language = langCode: null

2020-09-28 15:03:49 - [TEST_STEP][PASSED] - println("Choosing organization " + organization): null

2020-09-28 15:03:49 - [TEST_STEP][PASSED] - if (waitForElementPresent(organization, 5, OPTIONAL) == false): Object 'Object Repository/Page_tC Create/listOrg_translate_test' is present

2020-09-28 15:03:51 - [MESSAGE][PASSED] - Object 'Object Repository/Page_tC Create/listOrg_translate_test' is present

2020-09-28 15:03:51 - [TEST_STEP][PASSED] - else: null

2020-09-28 15:03:51 - [TEST_STEP][PASSED] - click(organization): Object: 'Object Repository/Page_tC Create/listOrg_translate_test' is clicked on

2020-09-28 15:03:52 - [MESSAGE][PASSED] - Object: 'Object Repository/Page_tC Create/listOrg_translate_test' is clicked on

2020-09-28 15:03:52 - [TEST_STEP][PASSED] - alerted = waitForAlert(2): No alert found after 2 second(s).

2020-09-28 15:03:54 - [MESSAGE][WARNING] - No alert found after 2 second(s).

2020-09-28 15:03:54 - [TEST_STEP][PASSED] - if (alerted == true): null

2020-09-28 15:03:54 - [TEST_STEP][PASSED] - else: Object: 'Object Repository/Page_tC Create/listOption_Language_Parmed' is clicked on

2020-09-28 15:03:54 - [TEST_STEP][PASSED] - println("Not alerted on organization"): null

2020-09-28 15:03:54 - [TEST_STEP][PASSED] - alertFlag = false: null

2020-09-28 15:03:54 - [TEST_STEP][PASSED] - println("Choosing resource " + resource): null

2020-09-28 15:03:54 - [TEST_STEP][PASSED] - click(findTestObject("Page_tC Create/resource_Parmed", ["resource":resource])): Object: 'Object Repository/Page_tC Create/resource_Parmed' is clicked on

2020-09-28 15:03:54 - [MESSAGE][PASSED] - Object: 'Object Repository/Page_tC Create/resource_Parmed' is clicked on

2020-09-28 15:03:54 - [TEST_STEP][PASSED] - println("Choosing language " + language): null

2020-09-28 15:03:54 - [TEST_STEP][PASSED] - click(findTestObject("Page_tC Create/combo_Select Language")): Object: 'Object Repository/Page_tC Create/combo_Select Language' is clicked on

2020-09-28 15:03:55 - [MESSAGE][PASSED] - Object: 'Object Repository/Page_tC Create/combo_Select Language' is clicked on

2020-09-28 15:03:55 - [TEST_STEP][PASSED] - click(findTestObject("Page_tC Create/listOption_Language_Parmed", ["lang_code":language])): Object: 'Object Repository/Page_tC Create/listOption_Language_Parmed' is clicked on

2020-09-28 15:03:56 - [MESSAGE][PASSED] - Object: 'Object Repository/Page_tC Create/listOption_Language_Parmed' is clicked on

2020-09-28 15:03:56 - [TEST_STEP][PASSED] - return true: null

2020-09-28 15:03:56 - [MESSAGE][PASSED] - Call Test Case 'Test Cases/tCC Components/tCC Select Org-Lang-Resource' successfully

2020-09-28 15:03:56 - [TEST_STEP][PASSED] - click(findTestObject("Page_tC Create/file_en_tn_57-TITtsv")): Object: 'Object Repository/Page_tC Create/file_en_tn_57-TITtsv' is clicked on

2020-09-28 15:03:57 - [MESSAGE][PASSED] - Object: 'Object Repository/Page_tC Create/file_en_tn_57-TITtsv' is clicked on

2020-09-28 15:03:57 - [MESSAGE][PASSED] - Call Test Case 'Test Cases/tCC Components/tCC tN Open For Edit' successfully

2020-09-28 15:03:57 - [TEST_STEP][PASSED] - system = unfoldingWord_Keywords.GetTestingConfig.getOperatingSystem(): unfoldingWord_Keywords.GetTestingConfig.getOperatingSystem is PASSED

2020-09-28 15:03:57 - [MESSAGE][PASSED] - unfoldingWord_Keywords.GetTestingConfig.getOperatingSystem is PASSED

2020-09-28 15:03:57 - [TEST_STEP][PASSED] - myBrowser = unfoldingWord_Keywords.GetTestingConfig.getBrowserAndVersion(): unfoldingWord_Keywords.GetTestingConfig.getBrowserAndVersion is PASSED

2020-09-28 15:03:57 - [MESSAGE][PASSED] - unfoldingWord_Keywords.GetTestingConfig.getBrowserAndVersion is PASSED

2020-09-28 15:03:57 - [TEST_STEP][PASSED] - objectPage = "Page_tCC translationNotes/": null

2020-09-28 15:03:57 - [TEST_STEP][PASSED] - len = 17: null

2020-09-28 15:03:57 - [TEST_STEP][PASSED] - origQuote = []: null

2020-09-28 15:03:57 - [TEST_STEP][PASSED] - origQuote = ["text_OrigQuote-en-xyz8-Pavlos-1", "text_OrigQuote-en-xyz8-dolos-1", "text_OrigQuote-en-xyz8-Theo-1", "text_OrigQuote-en-xyz8-apstolos-1", "text_OrigQuote-en-xyz8-d-1", "text_OrigQuote-en-xyz8-Iiso-1", "text_OrigQuote-en-xyz8-Christo-1", "text_OrigQuote-en-xyz8-kat-1", "text_OrigQuote-en-xyz8-pstin-1", "text_OrigQuote-en-xyz8-eklektn-1", "text_OrigQuote-en-xyz8-Theo-2", "text_OrigQuote-en-xyz8-ka-1", "text_OrigQuote-en-xyz8-epgnosin-1", "text_OrigQuote-en-xyz8-alitheas-1", "text_OrigQuote-en-xyz8-ts-1", "text_OrigQuote-en-xyz8-ka-2", "text_OrigQuote-en-xyz8-efsveian-1"]: null

2020-09-28 15:03:57 - [TEST_STEP][PASSED] - for (def i : (0..(origQuote.size() - 1))): null

2020-09-28 15:03:57 - [TEST_STEP][PASSED] - origQuote[i] = objectPage + origQuote[i]: null

2020-09-28 15:03:57 - [TEST_STEP][PASSED] - origQuote[i] = objectPage + origQuote[i]: null

2020-09-28 15:03:57 - [TEST_STEP][PASSED] - origQuote[i] = objectPage + origQuote[i]: null

2020-09-28 15:03:57 - [TEST_STEP][PASSED] - origQuote[i] = objectPage + origQuote[i]: null

2020-09-28 15:03:57 - [TEST_STEP][PASSED] - origQuote[i] = objectPage + origQuote[i]: null

2020-09-28 15:03:57 - [TEST_STEP][PASSED] - origQuote[i] = objectPage + origQuote[i]: null

2020-09-28 15:03:57 - [TEST_STEP][PASSED] - origQuote[i] = objectPage + origQuote[i]: null

2020-09-28 15:03:57 - [TEST_STEP][PASSED] - origQuote[i] = objectPage + origQuote[i]: null

2020-09-28 15:03:57 - [TEST_STEP][PASSED] - origQuote[i] = objectPage + origQuote[i]: null

2020-09-28 15:03:57 - [TEST_STEP][PASSED] - origQuote[i] = objectPage + origQuote[i]: null

2020-09-28 15:03:57 - [TEST_STEP][PASSED] - origQuote[i] = objectPage + origQuote[i]: null

2020-09-28 15:03:57 - [TEST_STEP][PASSED] - origQuote[i] = objectPage + origQuote[i]: null

2020-09-28 15:03:57 - [TEST_STEP][PASSED] - origQuote[i] = objectPage + origQuote[i]: null

2020-09-28 15:03:57 - [TEST_STEP][PASSED] - origQuote[i] = objectPage + origQuote[i]: null

2020-09-28 15:03:57 - [TEST_STEP][PASSED] - origQuote[i] = objectPage + origQuote[i]: null

2020-09-28 15:03:57 - [TEST_STEP][PASSED] - origQuote[i] = objectPage + origQuote[i]: null

2020-09-28 15:03:57 - [TEST_STEP][PASSED] - origQuote[i] = objectPage + origQuote[i]: null

2020-09-28 15:03:57 - [TEST_STEP][PASSED] - click(findTestObject("Page_tCC translationNotes/button_ViewColumns")): Object: 'Object Repository/Page_tCC translationNotes/button_ViewColumns' is clicked on

2020-09-28 15:04:06 - [MESSAGE][PASSED] - Object: 'Object Repository/Page_tCC translationNotes/button_ViewColumns' is clicked on

2020-09-28 15:04:06 - [TEST_STEP][PASSED] - click(findTestObject("Page_tCC translationNotes/columns_OrigQuote")): Object: 'Object Repository/Page_tCC translationNotes/columns_OrigQuote' is clicked on

2020-09-28 15:04:07 - [MESSAGE][PASSED] - Object: 'Object Repository/Page_tCC translationNotes/columns_OrigQuote' is clicked on

2020-09-28 15:04:07 - [TEST_STEP][PASSED] - click(findTestObject("Page_tCC translationNotes/btnX_CloseColumns")): Object: 'Object Repository/Page_tCC translationNotes/btnX_CloseColumns' is clicked on

2020-09-28 15:04:08 - [MESSAGE][PASSED] - Object: 'Object Repository/Page_tCC translationNotes/btnX_CloseColumns' is clicked on

2020-09-28 15:04:08 - [TEST_STEP][PASSED] - glText = getText(findTestObject("Page_tCC translationNotes/text_OrigQuote-GL-xyz8")): Text of object 'Object Repository/Page_tCC translationNotes/text_OrigQuote-GL-xyz8' is: 'εὐσέβειαν'

2020-09-28 15:04:08 - [MESSAGE][PASSED] - Text of object 'Object Repository/Page_tCC translationNotes/text_OrigQuote-GL-xyz8' is: 'εὐσέβειαν'

2020-09-28 15:04:08 - [TEST_STEP][PASSED] - enText = getText(findTestObject(origQuote[16])): Text of object 'Object Repository/Page_tCC translationNotes/text_OrigQuote-en-xyz8-efsveian-1' is: 'εὐσέβειαν'

2020-09-28 15:04:09 - [MESSAGE][PASSED] - Text of object 'Object Repository/Page_tCC translationNotes/text_OrigQuote-en-xyz8-efsveian-1' is: 'εὐσέβειαν'

2020-09-28 15:04:09 - [TEST_STEP][PASSED] - if (glText != enText): null

2020-09-28 15:04:09 - [TEST_STEP][PASSED] - else: null

2020-09-28 15:04:09 - [TEST_STEP][PASSED] - printHighlightStatus(origQuote[16], enText): null

2020-09-28 15:04:09 - [TEST_STEP][PASSED] - hText = "highlighted": null

2020-09-28 15:04:09 - [TEST_STEP][PASSED] - highlighted = "rgba(255, 255, 0, 1)": null

2020-09-28 15:04:09 - [TEST_STEP][PASSED] - if (getCSSValue(findTestObject(element), "background-color") != highlighted): null

2020-09-28 15:04:09 - [MESSAGE][PASSED] - Get CSS 'background-color' value on 'Object Repository/Page_tCC translationNotes/text_OrigQuote-en-xyz8-efsveian-1' successfully: 'rgb(255, 255, 0)'.

2020-09-28 15:04:09 - [TEST_STEP][PASSED] - hText = "not " + hText: null

2020-09-28 15:04:09 - [TEST_STEP][PASSED] - println(elementText + " is " + hText): null

2020-09-28 15:04:09 - [TEST_STEP][PASSED] - setText(findTestObject("Page_tCC translationNotes/text_OrigQuote-GL-xyz8"), ""): Text '' is set on object 'Object Repository/Page_tCC translationNotes/text_OrigQuote-GL-xyz8'

2020-09-28 15:04:12 - [MESSAGE][PASSED] - Text '' is set on object 'Object Repository/Page_tCC translationNotes/text_OrigQuote-GL-xyz8'

2020-09-28 15:04:12 - [TEST_STEP][PASSED] - printHighlightStatus(origQuote[16], enText): null

2020-09-28 15:04:12 - [TEST_STEP][PASSED] - hText = "highlighted": null

2020-09-28 15:04:12 - [TEST_STEP][PASSED] - highlighted = "rgba(255, 255, 0, 1)": null

2020-09-28 15:04:12 - [TEST_STEP][PASSED] - if (getCSSValue(findTestObject(element), "background-color") != highlighted): null

2020-09-28 15:04:12 - [MESSAGE][PASSED] - Get CSS 'background-color' value on 'Object Repository/Page_tCC translationNotes/text_OrigQuote-en-xyz8-efsveian-1' successfully: 'rgba(0, 0, 0, 0)'.

2020-09-28 15:04:12 - [TEST_STEP][PASSED] - hText = "not " + hText: null

2020-09-28 15:04:12 - [TEST_STEP][PASSED] - println(elementText + " is " + hText): null

2020-09-28 15:04:12 - [TEST_STEP][PASSED] - enText = getText(findTestObject(origQuote[2])): Text of object 'Object Repository/Page_tCC translationNotes/text_OrigQuote-en-xyz8-Theo-1' is: 'Θεοῦ'

2020-09-28 15:04:13 - [MESSAGE][PASSED] - Text of object 'Object Repository/Page_tCC translationNotes/text_OrigQuote-en-xyz8-Theo-1' is: 'Θεοῦ'

2020-09-28 15:04:13 - [TEST_STEP][PASSED] - setGLOrigQuote("", enText): null

2020-09-28 15:04:13 - [TEST_STEP][PASSED] - if (fnc == "paste"): null

2020-09-28 15:04:13 - [TEST_STEP][PASSED] - else: Text 'Θεοῦ' is set on object 'Object Repository/Page_tCC translationNotes/text_OrigQuote-GL-xyz8'

2020-09-28 15:04:13 - [TEST_STEP][PASSED] - setText(findTestObject("Page_tCC translationNotes/text_OrigQuote-GL-xyz8"), quote): Text 'Θεοῦ' is set on object 'Object Repository/Page_tCC translationNotes/text_OrigQuote-GL-xyz8'

2020-09-28 15:04:14 - [MESSAGE][PASSED] - Text 'Θεοῦ' is set on object 'Object Repository/Page_tCC translationNotes/text_OrigQuote-GL-xyz8'

2020-09-28 15:04:14 - [TEST_STEP][PASSED] - clickOffset(findTestObject("Page_tCC translationNotes/label_OrigQuote"), -10, -10): Object: 'Object Repository/Page_tCC translationNotes/label_OrigQuote' is clicked on using offset x=-10 and y=-10

2020-09-28 15:04:15 - [MESSAGE][PASSED] - Object: 'Object Repository/Page_tCC translationNotes/label_OrigQuote' is clicked on using offset x=-10 and y=-10

2020-09-28 15:04:15 - [TEST_STEP][PASSED] - printHighlightStatus(origQuote[2], enText): null

2020-09-28 15:04:15 - [TEST_STEP][PASSED] - hText = "highlighted": null

2020-09-28 15:04:15 - [TEST_STEP][PASSED] - highlighted = "rgba(255, 255, 0, 1)": null

2020-09-28 15:04:15 - [TEST_STEP][PASSED] - if (getCSSValue(findTestObject(element), "background-color") != highlighted): null

2020-09-28 15:04:16 - [MESSAGE][PASSED] - Get CSS 'background-color' value on 'Object Repository/Page_tCC translationNotes/text_OrigQuote-en-xyz8-Theo-1' successfully: 'rgb(255, 255, 0)'.

2020-09-28 15:04:16 - [TEST_STEP][PASSED] - hText = "not " + hText: null

2020-09-28 15:04:16 - [TEST_STEP][PASSED] - println(elementText + " is " + hText): null

2020-09-28 15:04:16 - [TEST_STEP][PASSED] - if (!(testHighlightStatus(origQuote[2]))): null

2020-09-28 15:04:16 - [TEST_STEP][PASSED] - flag = false: null

2020-09-28 15:04:16 - [TEST_STEP][PASSED] - highlighted = "rgba(255, 255, 0, 1)": null

2020-09-28 15:04:16 - [TEST_STEP][PASSED] - if (getCSSValue(findTestObject(element), "background-color") == highlighted): Get CSS 'background-color' value on 'Object Repository/Page_tCC translationNotes/text_OrigQuote-en-xyz8-Theo-1' successfully: 'rgb(255, 255, 0)'.

2020-09-28 15:04:16 - [MESSAGE][PASSED] - Get CSS 'background-color' value on 'Object Repository/Page_tCC translationNotes/text_OrigQuote-en-xyz8-Theo-1' successfully: 'rgb(255, 255, 0)'.

2020-09-28 15:04:16 - [TEST_STEP][PASSED] - return flag: null

2020-09-28 15:04:16 - [TEST_STEP][PASSED] - println(enText + " is not highlighted as expected"): null

2020-09-28 15:04:16 - [TEST_STEP][PASSED] - doubleClick(findTestObject(origQuote[3])): Object: 'Object Repository/Page_tCC translationNotes/text_OrigQuote-en-xyz8-apstolos-1' is double clicked on

2020-09-28 15:04:16 - [MESSAGE][PASSED] - Object: 'Object Repository/Page_tCC translationNotes/text_OrigQuote-en-xyz8-apstolos-1' is double clicked on

2020-09-28 15:04:16 - [TEST_STEP][PASSED] - copyText(): null

2020-09-28 15:04:16 - [TEST_STEP][PASSED] - if (system.contains("Windows")): null

2020-09-28 15:04:16 - [TEST_STEP][PASSED] - else if (myBrowser.contains("firefox")): Keys 'COMMAND + c' sent to object: 'tempBody'

2020-09-28 15:04:16 - [TEST_STEP][PASSED] - sendKeys(null, Keys.chord(COMMAND, "c")): Keys 'COMMAND + c' sent to object: 'tempBody'

2020-09-28 15:04:17 - [MESSAGE][WARNING] - Test object with id 'Object Repository/' does not exist

2020-09-28 15:04:17 - [MESSAGE][PASSED] - Keys 'COMMAND + c' sent to object: 'tempBody'

2020-09-28 15:04:17 - [TEST_STEP][PASSED] - setGLOrigQuote("paste", ""): null

2020-09-28 15:04:17 - [TEST_STEP][FAILED] - if (fnc == "paste"): Unable to click on object 'Object Repository/Page_tCC translationNotes/text_OrigQuote-GL-xyz8' (Root cause: com.kms.katalon.core.exception.StepFailedException: Unable to click on object 'Object Repository/Page_tCC translationNotes/text_OrigQuote-GL-xyz8'
	at com.kms.katalon.core.webui.keyword.internal.WebUIKeywordMain.stepFailed(WebUIKeywordMain.groovy:64)
	at com.kms.katalon.core.webui.keyword.internal.WebUIKeywordMain.runKeyword(WebUIKeywordMain.groovy:26)
	at com.kms.katalon.core.webui.keyword.builtin.ClickKeyword.click(ClickKeyword.groovy:76)
	at com.kms.katalon.core.webui.keyword.builtin.ClickKeyword.execute(ClickKeyword.groovy:43)
	at com.kms.katalon.core.keyword.internal.KeywordExecutor.executeKeywordForPlatform(KeywordExecutor.groovy:73)
	at com.kms.katalon.core.webui.keyword.WebUiBuiltInKeywords.click(WebUiBuiltInKeywords.groovy:616)
	at com.kms.katalon.core.webui.keyword.WebUiBuiltInKeywords$click$5.call(Unknown Source)
	at tCC tN Test Copy OrigLangQuote.setGLOrigQuote(tCC tN Test Copy OrigLangQuote:130)
	at Script1599753563611$setGLOrigQuote$0.callCurrent(Unknown Source)
	at tCC tN Test Copy OrigLangQuote.run(tCC tN Test Copy OrigLangQuote:94)
	at com.kms.katalon.core.main.ScriptEngine.run(ScriptEngine.java:194)
	at com.kms.katalon.core.main.ScriptEngine.runScriptAsRawText(ScriptEngine.java:119)
	at com.kms.katalon.core.main.TestCaseExecutor.runScript(TestCaseExecutor.java:339)
	at com.kms.katalon.core.main.TestCaseExecutor.doExecute(TestCaseExecutor.java:330)
	at com.kms.katalon.core.main.TestCaseExecutor.processExecutionPhase(TestCaseExecutor.java:309)
	at com.kms.katalon.core.main.TestCaseExecutor.accessMainPhase(TestCaseExecutor.java:301)
	at com.kms.katalon.core.main.TestCaseExecutor.execute(TestCaseExecutor.java:235)
	at com.kms.katalon.core.main.TestSuiteExecutor.accessTestCaseMainPhase(TestSuiteExecutor.java:191)
	at com.kms.katalon.core.main.TestSuiteExecutor.accessTestSuiteMainPhase(TestSuiteExecutor.java:141)
	at com.kms.katalon.core.main.TestSuiteExecutor.execute(TestSuiteExecutor.java:90)
	at com.kms.katalon.core.main.TestCaseMain.startTestSuite(TestCaseMain.java:157)
	at com.kms.katalon.core.main.TestCaseMain$startTestSuite$0.call(Unknown Source)
	at TempTestSuite1601322783658.run(TempTestSuite1601322783658.groovy:39)
Caused by: org.openqa.selenium.ElementClickInterceptedException: Element <div class="jss318"> is not clickable at point (952,633) because another element <p id="mui-43803" class="MuiTypography-root-113 MuiTablePagination-caption-244 MuiTypography-body2-114 MuiTypography-colorInherit-135"> obscures it
Build info: version: '3.141.59', revision: 'e82be7d358', time: '2018-11-14T08:25:53'
System info: host: 'Kozs-MacBook-Air.local', ip: 'fe80:0:0:0:1cf0:a165:32ec:8708%en0', os.name: 'Mac OS X', os.arch: 'x86_64', os.version: '10.14.6', java.version: '1.8.0_181'
Driver info: com.kms.katalon.core.webui.driver.firefox.CGeckoDriver
Capabilities {acceptInsecureCerts: true, browserName: firefox, browserVersion: 81.0, javascriptEnabled: true, moz:accessibilityChecks: false, moz:buildID: 20200917005511, moz:geckodriverVersion: 0.23.0, moz:headless: false, moz:processID: 15324, moz:profile: /var/folders/hb/hv2s0v7n1nz..., moz:shutdownTimeout: 60000, moz:useNonSpecCompliantPointerOrigin: false, moz:webdriverClick: true, pageLoadStrategy: normal, platform: MAC, platformName: MAC, platformVersion: 18.7.0, proxy: Proxy(direct), rotatable: false, setWindowRect: true, strictFileInteractability: false, timeouts: {implicit: 0, pageLoad: 300000, script: 30000}, unhandledPromptBehavior: dismiss and notify}
Session ID: bb96d47f-b31a-0f4d-b96f-d4b978e79aa8
	at org.openqa.selenium.remote.http.W3CHttpResponseCodec.createException(W3CHttpResponseCodec.java:187)
	at org.openqa.selenium.remote.http.W3CHttpResponseCodec.decode(W3CHttpResponseCodec.java:122)
	at org.openqa.selenium.remote.http.W3CHttpResponseCodec.decode(W3CHttpResponseCodec.java:49)
	at org.openqa.selenium.remote.HttpCommandExecutor.execute(HttpCommandExecutor.java:158)
	at org.openqa.selenium.remote.service.DriverCommandExecutor.execute(DriverCommandExecutor.java:83)
	at org.openqa.selenium.remote.RemoteWebDriver.execute(RemoteWebDriver.java:552)
	at com.kms.katalon.selenium.driver.CFirefoxDriver.execute(CFirefoxDriver.java:27)
	at org.openqa.selenium.remote.RemoteWebElement.execute(RemoteWebElement.java:285)
	at org.openqa.selenium.remote.RemoteWebElement.click(RemoteWebElement.java:84)
	at org.openqa.selenium.support.events.EventFiringWebDriver$EventFiringWebElement.lambda$new$0(EventFiringWebDriver.java:404)
	at com.sun.proxy.$Proxy13.click(Unknown Source)
	at org.openqa.selenium.support.events.EventFiringWebDriver$EventFiringWebElement.click(EventFiringWebDriver.java:417)
	at com.kms.katalon.core.webui.keyword.builtin.ClickKeyword$_click_closure1.doCall(ClickKeyword.groovy:69)
	at com.kms.katalon.core.webui.keyword.builtin.ClickKeyword$_click_closure1.call(ClickKeyword.groovy)
	at com.kms.katalon.core.webui.keyword.internal.WebUIKeywordMain.runKeyword(WebUIKeywordMain.groovy:20)
	at com.kms.katalon.core.webui.keyword.builtin.ClickKeyword.click(ClickKeyword.groovy:76)
	at com.kms.katalon.core.webui.keyword.builtin.ClickKeyword.execute(ClickKeyword.groovy:43)
	at com.kms.katalon.core.keyword.internal.KeywordExecutor.executeKeywordForPlatform(KeywordExecutor.groovy:73)
	at com.kms.katalon.core.webui.keyword.WebUiBuiltInKeywords.click(WebUiBuiltInKeywords.groovy:616)
	at com.kms.katalon.core.webui.keyword.WebUiBuiltInKeywords$click$5.call(Unknown Source)
	at Script1599753563611.setGLOrigQuote(Script1599753563611.groovy:130)
	at Script1599753563611$setGLOrigQuote$0.callCurrent(Unknown Source)
	at Script1599753563611.run(Script1599753563611.groovy:94)
	... 13 more
)

2020-09-28 15:04:17 - [TEST_STEP][PASSED] - setText(findTestObject("Page_tCC translationNotes/text_OrigQuote-GL-xyz8"), ""): Text '' is set on object 'Object Repository/Page_tCC translationNotes/text_OrigQuote-GL-xyz8'

2020-09-28 15:04:20 - [MESSAGE][PASSED] - Text '' is set on object 'Object Repository/Page_tCC translationNotes/text_OrigQuote-GL-xyz8'

2020-09-28 15:04:20 - [TEST_STEP][FAILED] - click(findTestObject("Page_tCC translationNotes/text_OrigQuote-GL-xyz8")): Unable to click on object 'Object Repository/Page_tCC translationNotes/text_OrigQuote-GL-xyz8' (Root cause: com.kms.katalon.core.exception.StepFailedException: Unable to click on object 'Object Repository/Page_tCC translationNotes/text_OrigQuote-GL-xyz8'
	at com.kms.katalon.core.webui.keyword.internal.WebUIKeywordMain.stepFailed(WebUIKeywordMain.groovy:64)
	at com.kms.katalon.core.webui.keyword.internal.WebUIKeywordMain.runKeyword(WebUIKeywordMain.groovy:26)
	at com.kms.katalon.core.webui.keyword.builtin.ClickKeyword.click(ClickKeyword.groovy:76)
	at com.kms.katalon.core.webui.keyword.builtin.ClickKeyword.execute(ClickKeyword.groovy:43)
	at com.kms.katalon.core.keyword.internal.KeywordExecutor.executeKeywordForPlatform(KeywordExecutor.groovy:73)
	at com.kms.katalon.core.webui.keyword.WebUiBuiltInKeywords.click(WebUiBuiltInKeywords.groovy:616)
	at com.kms.katalon.core.webui.keyword.WebUiBuiltInKeywords$click$5.call(Unknown Source)
	at tCC tN Test Copy OrigLangQuote.setGLOrigQuote(tCC tN Test Copy OrigLangQuote:130)
	at Script1599753563611$setGLOrigQuote$0.callCurrent(Unknown Source)
	at tCC tN Test Copy OrigLangQuote.run(tCC tN Test Copy OrigLangQuote:94)
	at com.kms.katalon.core.main.ScriptEngine.run(ScriptEngine.java:194)
	at com.kms.katalon.core.main.ScriptEngine.runScriptAsRawText(ScriptEngine.java:119)
	at com.kms.katalon.core.main.TestCaseExecutor.runScript(TestCaseExecutor.java:339)
	at com.kms.katalon.core.main.TestCaseExecutor.doExecute(TestCaseExecutor.java:330)
	at com.kms.katalon.core.main.TestCaseExecutor.processExecutionPhase(TestCaseExecutor.java:309)
	at com.kms.katalon.core.main.TestCaseExecutor.accessMainPhase(TestCaseExecutor.java:301)
	at com.kms.katalon.core.main.TestCaseExecutor.execute(TestCaseExecutor.java:235)
	at com.kms.katalon.core.main.TestSuiteExecutor.accessTestCaseMainPhase(TestSuiteExecutor.java:191)
	at com.kms.katalon.core.main.TestSuiteExecutor.accessTestSuiteMainPhase(TestSuiteExecutor.java:141)
	at com.kms.katalon.core.main.TestSuiteExecutor.execute(TestSuiteExecutor.java:90)
	at com.kms.katalon.core.main.TestCaseMain.startTestSuite(TestCaseMain.java:157)
	at com.kms.katalon.core.main.TestCaseMain$startTestSuite$0.call(Unknown Source)
	at TempTestSuite1601322783658.run(TempTestSuite1601322783658.groovy:39)
Caused by: org.openqa.selenium.ElementClickInterceptedException: Element <div class="jss318"> is not clickable at point (952,633) because another element <p id="mui-43803" class="MuiTypography-root-113 MuiTablePagination-caption-244 MuiTypography-body2-114 MuiTypography-colorInherit-135"> obscures it
Build info: version: '3.141.59', revision: 'e82be7d358', time: '2018-11-14T08:25:53'
System info: host: 'Kozs-MacBook-Air.local', ip: 'fe80:0:0:0:1cf0:a165:32ec:8708%en0', os.name: 'Mac OS X', os.arch: 'x86_64', os.version: '10.14.6', java.version: '1.8.0_181'
Driver info: com.kms.katalon.core.webui.driver.firefox.CGeckoDriver
Capabilities {acceptInsecureCerts: true, browserName: firefox, browserVersion: 81.0, javascriptEnabled: true, moz:accessibilityChecks: false, moz:buildID: 20200917005511, moz:geckodriverVersion: 0.23.0, moz:headless: false, moz:processID: 15324, moz:profile: /var/folders/hb/hv2s0v7n1nz..., moz:shutdownTimeout: 60000, moz:useNonSpecCompliantPointerOrigin: false, moz:webdriverClick: true, pageLoadStrategy: normal, platform: MAC, platformName: MAC, platformVersion: 18.7.0, proxy: Proxy(direct), rotatable: false, setWindowRect: true, strictFileInteractability: false, timeouts: {implicit: 0, pageLoad: 300000, script: 30000}, unhandledPromptBehavior: dismiss and notify}
Session ID: bb96d47f-b31a-0f4d-b96f-d4b978e79aa8
	at org.openqa.selenium.remote.http.W3CHttpResponseCodec.createException(W3CHttpResponseCodec.java:187)
	at org.openqa.selenium.remote.http.W3CHttpResponseCodec.decode(W3CHttpResponseCodec.java:122)
	at org.openqa.selenium.remote.http.W3CHttpResponseCodec.decode(W3CHttpResponseCodec.java:49)
	at org.openqa.selenium.remote.HttpCommandExecutor.execute(HttpCommandExecutor.java:158)
	at org.openqa.selenium.remote.service.DriverCommandExecutor.execute(DriverCommandExecutor.java:83)
	at org.openqa.selenium.remote.RemoteWebDriver.execute(RemoteWebDriver.java:552)
	at com.kms.katalon.selenium.driver.CFirefoxDriver.execute(CFirefoxDriver.java:27)
	at org.openqa.selenium.remote.RemoteWebElement.execute(RemoteWebElement.java:285)
	at org.openqa.selenium.remote.RemoteWebElement.click(RemoteWebElement.java:84)
	at org.openqa.selenium.support.events.EventFiringWebDriver$EventFiringWebElement.lambda$new$0(EventFiringWebDriver.java:404)
	at com.sun.proxy.$Proxy13.click(Unknown Source)
	at org.openqa.selenium.support.events.EventFiringWebDriver$EventFiringWebElement.click(EventFiringWebDriver.java:417)
	at com.kms.katalon.core.webui.keyword.builtin.ClickKeyword$_click_closure1.doCall(ClickKeyword.groovy:69)
	at com.kms.katalon.core.webui.keyword.builtin.ClickKeyword$_click_closure1.call(ClickKeyword.groovy)
	at com.kms.katalon.core.webui.keyword.internal.WebUIKeywordMain.runKeyword(WebUIKeywordMain.groovy:20)
	at com.kms.katalon.core.webui.keyword.builtin.ClickKeyword.click(ClickKeyword.groovy:76)
	at com.kms.katalon.core.webui.keyword.builtin.ClickKeyword.execute(ClickKeyword.groovy:43)
	at com.kms.katalon.core.keyword.internal.KeywordExecutor.executeKeywordForPlatform(KeywordExecutor.groovy:73)
	at com.kms.katalon.core.webui.keyword.WebUiBuiltInKeywords.click(WebUiBuiltInKeywords.groovy:616)
	at com.kms.katalon.core.webui.keyword.WebUiBuiltInKeywords$click$5.call(Unknown Source)
	at Script1599753563611.setGLOrigQuote(Script1599753563611.groovy:130)
	at Script1599753563611$setGLOrigQuote$0.callCurrent(Unknown Source)
	at Script1599753563611.run(Script1599753563611.groovy:94)
	... 13 more
)

2020-09-28 15:04:24 - [MESSAGE][FAILED] - Unable to click on object 'Object Repository/Page_tCC translationNotes/text_OrigQuote-GL-xyz8' (Root cause: com.kms.katalon.core.exception.StepFailedException: Unable to click on object 'Object Repository/Page_tCC translationNotes/text_OrigQuote-GL-xyz8'
	at com.kms.katalon.core.webui.keyword.internal.WebUIKeywordMain.stepFailed(WebUIKeywordMain.groovy:64)
	at com.kms.katalon.core.webui.keyword.internal.WebUIKeywordMain.runKeyword(WebUIKeywordMain.groovy:26)
	at com.kms.katalon.core.webui.keyword.builtin.ClickKeyword.click(ClickKeyword.groovy:76)
	at com.kms.katalon.core.webui.keyword.builtin.ClickKeyword.execute(ClickKeyword.groovy:43)
	at com.kms.katalon.core.keyword.internal.KeywordExecutor.executeKeywordForPlatform(KeywordExecutor.groovy:73)
	at com.kms.katalon.core.webui.keyword.WebUiBuiltInKeywords.click(WebUiBuiltInKeywords.groovy:616)
	at com.kms.katalon.core.webui.keyword.WebUiBuiltInKeywords$click$5.call(Unknown Source)
	at tCC tN Test Copy OrigLangQuote.setGLOrigQuote(tCC tN Test Copy OrigLangQuote:130)
	at Script1599753563611$setGLOrigQuote$0.callCurrent(Unknown Source)
	at tCC tN Test Copy OrigLangQuote.run(tCC tN Test Copy OrigLangQuote:94)
	at com.kms.katalon.core.main.ScriptEngine.run(ScriptEngine.java:194)
	at com.kms.katalon.core.main.ScriptEngine.runScriptAsRawText(ScriptEngine.java:119)
	at com.kms.katalon.core.main.TestCaseExecutor.runScript(TestCaseExecutor.java:339)
	at com.kms.katalon.core.main.TestCaseExecutor.doExecute(TestCaseExecutor.java:330)
	at com.kms.katalon.core.main.TestCaseExecutor.processExecutionPhase(TestCaseExecutor.java:309)
	at com.kms.katalon.core.main.TestCaseExecutor.accessMainPhase(TestCaseExecutor.java:301)
	at com.kms.katalon.core.main.TestCaseExecutor.execute(TestCaseExecutor.java:235)
	at com.kms.katalon.core.main.TestSuiteExecutor.accessTestCaseMainPhase(TestSuiteExecutor.java:191)
	at com.kms.katalon.core.main.TestSuiteExecutor.accessTestSuiteMainPhase(TestSuiteExecutor.java:141)
	at com.kms.katalon.core.main.TestSuiteExecutor.execute(TestSuiteExecutor.java:90)
	at com.kms.katalon.core.main.TestCaseMain.startTestSuite(TestCaseMain.java:157)
	at com.kms.katalon.core.main.TestCaseMain$startTestSuite$0.call(Unknown Source)
	at TempTestSuite1601322783658.run(TempTestSuite1601322783658.groovy:39)
Caused by: org.openqa.selenium.ElementClickInterceptedException: Element <div class="jss318"> is not clickable at point (952,633) because another element <p id="mui-43803" class="MuiTypography-root-113 MuiTablePagination-caption-244 MuiTypography-body2-114 MuiTypography-colorInherit-135"> obscures it
Build info: version: '3.141.59', revision: 'e82be7d358', time: '2018-11-14T08:25:53'
System info: host: 'Kozs-MacBook-Air.local', ip: 'fe80:0:0:0:1cf0:a165:32ec:8708%en0', os.name: 'Mac OS X', os.arch: 'x86_64', os.version: '10.14.6', java.version: '1.8.0_181'
Driver info: com.kms.katalon.core.webui.driver.firefox.CGeckoDriver
Capabilities {acceptInsecureCerts: true, browserName: firefox, browserVersion: 81.0, javascriptEnabled: true, moz:accessibilityChecks: false, moz:buildID: 20200917005511, moz:geckodriverVersion: 0.23.0, moz:headless: false, moz:processID: 15324, moz:profile: /var/folders/hb/hv2s0v7n1nz..., moz:shutdownTimeout: 60000, moz:useNonSpecCompliantPointerOrigin: false, moz:webdriverClick: true, pageLoadStrategy: normal, platform: MAC, platformName: MAC, platformVersion: 18.7.0, proxy: Proxy(direct), rotatable: false, setWindowRect: true, strictFileInteractability: false, timeouts: {implicit: 0, pageLoad: 300000, script: 30000}, unhandledPromptBehavior: dismiss and notify}
Session ID: bb96d47f-b31a-0f4d-b96f-d4b978e79aa8
	at org.openqa.selenium.remote.http.W3CHttpResponseCodec.createException(W3CHttpResponseCodec.java:187)
	at org.openqa.selenium.remote.http.W3CHttpResponseCodec.decode(W3CHttpResponseCodec.java:122)
	at org.openqa.selenium.remote.http.W3CHttpResponseCodec.decode(W3CHttpResponseCodec.java:49)
	at org.openqa.selenium.remote.HttpCommandExecutor.execute(HttpCommandExecutor.java:158)
	at org.openqa.selenium.remote.service.DriverCommandExecutor.execute(DriverCommandExecutor.java:83)
	at org.openqa.selenium.remote.RemoteWebDriver.execute(RemoteWebDriver.java:552)
	at com.kms.katalon.selenium.driver.CFirefoxDriver.execute(CFirefoxDriver.java:27)
	at org.openqa.selenium.remote.RemoteWebElement.execute(RemoteWebElement.java:285)
	at org.openqa.selenium.remote.RemoteWebElement.click(RemoteWebElement.java:84)
	at org.openqa.selenium.support.events.EventFiringWebDriver$EventFiringWebElement.lambda$new$0(EventFiringWebDriver.java:404)
	at com.sun.proxy.$Proxy13.click(Unknown Source)
	at org.openqa.selenium.support.events.EventFiringWebDriver$EventFiringWebElement.click(EventFiringWebDriver.java:417)
	at com.kms.katalon.core.webui.keyword.builtin.ClickKeyword$_click_closure1.doCall(ClickKeyword.groovy:69)
	at com.kms.katalon.core.webui.keyword.builtin.ClickKeyword$_click_closure1.call(ClickKeyword.groovy)
	at com.kms.katalon.core.webui.keyword.internal.WebUIKeywordMain.runKeyword(WebUIKeywordMain.groovy:20)
	at com.kms.katalon.core.webui.keyword.builtin.ClickKeyword.click(ClickKeyword.groovy:76)
	at com.kms.katalon.core.webui.keyword.builtin.ClickKeyword.execute(ClickKeyword.groovy:43)
	at com.kms.katalon.core.keyword.internal.KeywordExecutor.executeKeywordForPlatform(KeywordExecutor.groovy:73)
	at com.kms.katalon.core.webui.keyword.WebUiBuiltInKeywords.click(WebUiBuiltInKeywords.groovy:616)
	at com.kms.katalon.core.webui.keyword.WebUiBuiltInKeywords$click$5.call(Unknown Source)
	at Script1599753563611.setGLOrigQuote(Script1599753563611.groovy:130)
	at Script1599753563611$setGLOrigQuote$0.callCurrent(Unknown Source)
	at Script1599753563611.run(Script1599753563611.groovy:94)
	... 13 more
)
[[ATTACHMENT|/Users/cckozie/Katalon Studio/tC Create Project/Reports/20200928_145253/tCC Test Suite 1/20200928_145303/1601323460488.png]]

2020-09-28 15:04:24 - [TEST_STEP][PASSED] - Start listener action : sampleAfterTestCase: null

2020-09-28 15:04:24 - [TEST_STEP][PASSED] - separator = "===========================================================================================================================": null

2020-09-28 15:04:24 - [TEST_STEP][PASSED] - println(separator): null

2020-09-28 15:04:24 - [TEST_STEP][PASSED] - prefix = " +++++++++++ ": null

2020-09-28 15:04:24 - [TEST_STEP][PASSED] - if (testCaseContext.getTestCaseStatus() != "PASSED"): null

2020-09-28 15:04:24 - [TEST_STEP][PASSED] - prefix = " ---------------------- ": null

2020-09-28 15:04:24 - [TEST_STEP][PASSED] - println(prefix + testCaseContext.getTestCaseId() + " on " + version + " " + testCaseContext.getTestCaseStatus() + prefix): null

2020-09-28 15:04:24 - [TEST_STEP][PASSED] - tsMessages.add("##" + testCaseContext.getTestCaseId()): null

2020-09-28 15:04:24 - [TEST_STEP][PASSED] - if (tcMessages.size() > 0): null

2020-09-28 15:04:24 - [TEST_STEP][PASSED] - println(separator): null

2020-09-28 15:04:26 - [TEST_STEP][PASSED] - Video: Video recording for test case 'Test Cases/tCC Test Cases/tCC tN Test Copy OrigLangQuote' .

2020-09-28 15:04:26 - [MESSAGE][INFO] - Video recording for test case 'Test Cases/tCC Test Cases/tCC tN Test Copy OrigLangQuote' .
[[ATTACHMENT|/Users/cckozie/Katalon Studio/tC Create Project/Reports/20200928_145253/tCC Test Suite 1/20200928_145303/videos/test_2.avi]]]]></system-out>
         <system-err><![CDATA[2020-09-28 15:03:34 - [TEST_CASE][FAILED] - Test Cases/tCC Test Cases/tCC tN Test Copy OrigLangQuote: Test Cases/tCC Test Cases/tCC tN Test Copy OrigLangQuote FAILED.
Reason:
com.kms.katalon.core.exception.StepFailedException: Unable to click on object 'Object Repository/Page_tCC translationNotes/text_OrigQuote-GL-xyz8'
	at com.kms.katalon.core.webui.keyword.internal.WebUIKeywordMain.stepFailed(WebUIKeywordMain.groovy:64)
	at com.kms.katalon.core.webui.keyword.internal.WebUIKeywordMain.runKeyword(WebUIKeywordMain.groovy:26)
	at com.kms.katalon.core.webui.keyword.builtin.ClickKeyword.click(ClickKeyword.groovy:76)
	at com.kms.katalon.core.webui.keyword.builtin.ClickKeyword.execute(ClickKeyword.groovy:43)
	at com.kms.katalon.core.keyword.internal.KeywordExecutor.executeKeywordForPlatform(KeywordExecutor.groovy:73)
	at com.kms.katalon.core.webui.keyword.WebUiBuiltInKeywords.click(WebUiBuiltInKeywords.groovy:616)
	at com.kms.katalon.core.webui.keyword.WebUiBuiltInKeywords$click$5.call(Unknown Source)
	at tCC tN Test Copy OrigLangQuote.setGLOrigQuote(tCC tN Test Copy OrigLangQuote:130)
	at Script1599753563611$setGLOrigQuote$0.callCurrent(Unknown Source)
	at tCC tN Test Copy OrigLangQuote.run(tCC tN Test Copy OrigLangQuote:94)
	at com.kms.katalon.core.main.ScriptEngine.run(ScriptEngine.java:194)
	at com.kms.katalon.core.main.ScriptEngine.runScriptAsRawText(ScriptEngine.java:119)
	at com.kms.katalon.core.main.TestCaseExecutor.runScript(TestCaseExecutor.java:339)
	at com.kms.katalon.core.main.TestCaseExecutor.doExecute(TestCaseExecutor.java:330)
	at com.kms.katalon.core.main.TestCaseExecutor.processExecutionPhase(TestCaseExecutor.java:309)
	at com.kms.katalon.core.main.TestCaseExecutor.accessMainPhase(TestCaseExecutor.java:301)
	at com.kms.katalon.core.main.TestCaseExecutor.execute(TestCaseExecutor.java:235)
	at com.kms.katalon.core.main.TestSuiteExecutor.accessTestCaseMainPhase(TestSuiteExecutor.java:191)
	at com.kms.katalon.core.main.TestSuiteExecutor.accessTestSuiteMainPhase(TestSuiteExecutor.java:141)
	at com.kms.katalon.core.main.TestSuiteExecutor.execute(TestSuiteExecutor.java:90)
	at com.kms.katalon.core.main.TestCaseMain.startTestSuite(TestCaseMain.java:157)
	at com.kms.katalon.core.main.TestCaseMain$startTestSuite$0.call(Unknown Source)
	at TempTestSuite1601322783658.run(TempTestSuite1601322783658.groovy:39)
Caused by: org.openqa.selenium.ElementClickInterceptedException: Element <div class="jss318"> is not clickable at point (952,633) because another element <p id="mui-43803" class="MuiTypography-root-113 MuiTablePagination-caption-244 MuiTypography-body2-114 MuiTypography-colorInherit-135"> obscures it
Build info: version: '3.141.59', revision: 'e82be7d358', time: '2018-11-14T08:25:53'
System info: host: 'Kozs-MacBook-Air.local', ip: 'fe80:0:0:0:1cf0:a165:32ec:8708%en0', os.name: 'Mac OS X', os.arch: 'x86_64', os.version: '10.14.6', java.version: '1.8.0_181'
Driver info: com.kms.katalon.core.webui.driver.firefox.CGeckoDriver
Capabilities {acceptInsecureCerts: true, browserName: firefox, browserVersion: 81.0, javascriptEnabled: true, moz:accessibilityChecks: false, moz:buildID: 20200917005511, moz:geckodriverVersion: 0.23.0, moz:headless: false, moz:processID: 15324, moz:profile: /var/folders/hb/hv2s0v7n1nz..., moz:shutdownTimeout: 60000, moz:useNonSpecCompliantPointerOrigin: false, moz:webdriverClick: true, pageLoadStrategy: normal, platform: MAC, platformName: MAC, platformVersion: 18.7.0, proxy: Proxy(direct), rotatable: false, setWindowRect: true, strictFileInteractability: false, timeouts: {implicit: 0, pageLoad: 300000, script: 30000}, unhandledPromptBehavior: dismiss and notify}
Session ID: bb96d47f-b31a-0f4d-b96f-d4b978e79aa8
	at org.openqa.selenium.remote.http.W3CHttpResponseCodec.createException(W3CHttpResponseCodec.java:187)
	at org.openqa.selenium.remote.http.W3CHttpResponseCodec.decode(W3CHttpResponseCodec.java:122)
	at org.openqa.selenium.remote.http.W3CHttpResponseCodec.decode(W3CHttpResponseCodec.java:49)
	at org.openqa.selenium.remote.HttpCommandExecutor.execute(HttpCommandExecutor.java:158)
	at org.openqa.selenium.remote.service.DriverCommandExecutor.execute(DriverCommandExecutor.java:83)
	at org.openqa.selenium.remote.RemoteWebDriver.execute(RemoteWebDriver.java:552)
	at com.kms.katalon.selenium.driver.CFirefoxDriver.execute(CFirefoxDriver.java:27)
	at org.openqa.selenium.remote.RemoteWebElement.execute(RemoteWebElement.java:285)
	at org.openqa.selenium.remote.RemoteWebElement.click(RemoteWebElement.java:84)
	at org.openqa.selenium.support.events.EventFiringWebDriver$EventFiringWebElement.lambda$new$0(EventFiringWebDriver.java:404)
	at com.sun.proxy.$Proxy13.click(Unknown Source)
	at org.openqa.selenium.support.events.EventFiringWebDriver$EventFiringWebElement.click(EventFiringWebDriver.java:417)
	at com.kms.katalon.core.webui.keyword.builtin.ClickKeyword$_click_closure1.doCall(ClickKeyword.groovy:69)
	at com.kms.katalon.core.webui.keyword.builtin.ClickKeyword$_click_closure1.call(ClickKeyword.groovy)
	at com.kms.katalon.core.webui.keyword.internal.WebUIKeywordMain.runKeyword(WebUIKeywordMain.groovy:20)
	... 21 more]]></system-err>
      </testcase>
      <testcase name="Test Cases/tCC Test Cases/tCC tN Test Edit OrigLangQuote" time="87.172" classname="Test Cases/tCC Test Cases/tCC tN Test Edit OrigLangQuote" status="PASSED">
         <system-out><![CDATA[2020-09-28 15:04:26 - [TEST_CASE][PASSED] - Test Cases/tCC Test Cases/tCC tN Test Edit OrigLangQuote: Test Cases/tCC Test Cases/tCC tN Test Edit OrigLangQuote

2020-09-28 15:04:26 - [TEST_STEP][PASSED] - Start listener action : sampleBeforeTestCase: Execution profile is tCC Production

2020-09-28 15:04:26 - [TEST_STEP][PASSED] - tcMessages = []: null

2020-09-28 15:04:26 - [TEST_STEP][PASSED] - executionProfile = getExecutionProfile(): null

2020-09-28 15:04:26 - [TEST_STEP][PASSED] - logInfo("Execution profile is " + executionProfile): Execution profile is tCC Production

2020-09-28 15:04:26 - [MESSAGE][INFO] - Execution profile is tCC Production

2020-09-28 15:04:26 - [TEST_STEP][PASSED] - callTestCase(findTestCase("tCC Components/tCC tN Open For Edit"), [:], STOP_ON_FAILURE): Call Test Case 'Test Cases/tCC Components/tCC tN Open For Edit' successfully

2020-09-28 15:04:26 - [TEST_CASE][PASSED] - Test Cases/tCC Components/tCC tN Open For Edit: Test Cases/tCC Components/tCC tN Open For Edit

2020-09-28 15:04:26 - [TEST_STEP][PASSED] - callTestCase(findTestCase("tCC Components/tCC Login"), ["user":$username, "password":$password], STOP_ON_FAILURE): Call Test Case 'Test Cases/tCC Components/tCC Login' successfully

2020-09-28 15:04:26 - [TEST_CASE][PASSED] - Test Cases/tCC Components/tCC Login: Test Cases/tCC Components/tCC Login

2020-09-28 15:04:27 - [TEST_STEP][PASSED] - if (openBrowser): Current window maximized

2020-09-28 15:04:27 - [TEST_STEP][PASSED] - openBrowser(""): Browser is opened with url: ''

2020-09-28 15:04:27 - [MESSAGE][WARNING] - A browser is already opened. Closing browser and opening a new one

2020-09-28 15:04:30 - [MESSAGE][INFO] - Starting 'Firefox' driver

2020-09-28 15:04:30 - [MESSAGE][INFO] - Action delay is set to 0 milliseconds

2020-09-28 15:04:36 - [MESSAGE][PASSED] - Browser is opened with url: ''

2020-09-28 15:04:36 - [TEST_STEP][PASSED] - maximizeWindow(): Current window maximized

2020-09-28 15:04:36 - [MESSAGE][PASSED] - Current window maximized

2020-09-28 15:04:36 - [TEST_STEP][PASSED] - println("Opening " + url): null

2020-09-28 15:04:36 - [TEST_STEP][PASSED] - navigateToUrl(url): Navigate to 'http://create.translationcore.com' successfully

2020-09-28 15:04:40 - [MESSAGE][PASSED] - Navigate to 'http://create.translationcore.com' successfully

2020-09-28 15:04:40 - [TEST_STEP][PASSED] - waitForElementVisible(findTestObject("Page_tC Create/text_tCCVersion"), 30): Object 'Object Repository/Page_tC Create/text_tCCVersion' is visible

2020-09-28 15:04:41 - [MESSAGE][PASSED] - Object 'Object Repository/Page_tC Create/text_tCCVersion' is visible

2020-09-28 15:04:41 - [TEST_STEP][PASSED] - version = getText(findTestObject("Page_tC Create/text_tCCVersion")): Text of object 'Object Repository/Page_tC Create/text_tCCVersion' is: 'translationCore Create - v1.0.4'

2020-09-28 15:04:41 - [MESSAGE][PASSED] - Text of object 'Object Repository/Page_tC Create/text_tCCVersion' is: 'translationCore Create - v1.0.4'

2020-09-28 15:04:41 - [TEST_STEP][PASSED] - version = version: null

2020-09-28 15:04:41 - [TEST_STEP][PASSED] - println("Version is " + version): null

2020-09-28 15:04:41 - [TEST_STEP][PASSED] - if (user == ""): Object: 'Object Repository/Page_tC Create/button_Login' is clicked on

2020-09-28 15:04:41 - [TEST_STEP][PASSED] - println("Logging in as " + user1Name): null

2020-09-28 15:04:41 - [TEST_STEP][PASSED] - setText(findTestObject("Page_tC Create/input__username"), user1Name): Text 'tcc001' is set on object 'Object Repository/Page_tC Create/input__username'

2020-09-28 15:04:42 - [MESSAGE][PASSED] - Text 'tcc001' is set on object 'Object Repository/Page_tC Create/input__username'

2020-09-28 15:04:42 - [TEST_STEP][PASSED] - setText(findTestObject("Page_tC Create/input__password"), user1Password): Text 'tcc001' is set on object 'Object Repository/Page_tC Create/input__password'

2020-09-28 15:04:43 - [MESSAGE][PASSED] - Text 'tcc001' is set on object 'Object Repository/Page_tC Create/input__password'

2020-09-28 15:04:43 - [TEST_STEP][PASSED] - click(findTestObject("Page_tC Create/button_Login")): Object: 'Object Repository/Page_tC Create/button_Login' is clicked on

2020-09-28 15:04:44 - [MESSAGE][PASSED] - Object: 'Object Repository/Page_tC Create/button_Login' is clicked on

2020-09-28 15:04:44 - [MESSAGE][PASSED] - Call Test Case 'Test Cases/tCC Components/tCC Login' successfully

2020-09-28 15:04:44 - [TEST_STEP][PASSED] - if (callTestCase(findTestCase("tCC Components/tCC Select Org-Lang-Resource"), ["organization":"", "language":"", "resource":"unfoldingWord/en_tn"], STOP_ON_FAILURE) == false): Call Test Case 'Test Cases/tCC Components/tCC Select Org-Lang-Resource' successfully

2020-09-28 15:04:44 - [TEST_CASE][PASSED] - Test Cases/tCC Components/tCC Select Org-Lang-Resource: Test Cases/tCC Components/tCC Select Org-Lang-Resource

2020-09-28 15:04:44 - [TEST_STEP][PASSED] - if (organization == ""): null

2020-09-28 15:04:44 - [TEST_STEP][PASSED] - organization = organization: null

2020-09-28 15:04:44 - [TEST_STEP][PASSED] - if (language == ""): null

2020-09-28 15:04:44 - [TEST_STEP][PASSED] - language = langCode: null

2020-09-28 15:04:44 - [TEST_STEP][PASSED] - println("Choosing organization " + organization): null

2020-09-28 15:04:44 - [TEST_STEP][PASSED] - if (waitForElementPresent(organization, 5, OPTIONAL) == false): Object 'Object Repository/Page_tC Create/listOrg_translate_test' is present

2020-09-28 15:04:46 - [MESSAGE][PASSED] - Object 'Object Repository/Page_tC Create/listOrg_translate_test' is present

2020-09-28 15:04:46 - [TEST_STEP][PASSED] - else: null

2020-09-28 15:04:46 - [TEST_STEP][PASSED] - click(organization): Object: 'Object Repository/Page_tC Create/listOrg_translate_test' is clicked on

2020-09-28 15:04:47 - [MESSAGE][PASSED] - Object: 'Object Repository/Page_tC Create/listOrg_translate_test' is clicked on

2020-09-28 15:04:47 - [TEST_STEP][PASSED] - alerted = waitForAlert(2): No alert found after 2 second(s).

2020-09-28 15:04:49 - [MESSAGE][WARNING] - No alert found after 2 second(s).

2020-09-28 15:04:49 - [TEST_STEP][PASSED] - if (alerted == true): null

2020-09-28 15:04:49 - [TEST_STEP][PASSED] - else: Object: 'Object Repository/Page_tC Create/listOption_Language_Parmed' is clicked on

2020-09-28 15:04:49 - [TEST_STEP][PASSED] - println("Not alerted on organization"): null

2020-09-28 15:04:49 - [TEST_STEP][PASSED] - alertFlag = false: null

2020-09-28 15:04:49 - [TEST_STEP][PASSED] - println("Choosing resource " + resource): null

2020-09-28 15:04:49 - [TEST_STEP][PASSED] - click(findTestObject("Page_tC Create/resource_Parmed", ["resource":resource])): Object: 'Object Repository/Page_tC Create/resource_Parmed' is clicked on

2020-09-28 15:04:50 - [MESSAGE][PASSED] - Object: 'Object Repository/Page_tC Create/resource_Parmed' is clicked on

2020-09-28 15:04:50 - [TEST_STEP][PASSED] - println("Choosing language " + language): null

2020-09-28 15:04:50 - [TEST_STEP][PASSED] - click(findTestObject("Page_tC Create/combo_Select Language")): Object: 'Object Repository/Page_tC Create/combo_Select Language' is clicked on

2020-09-28 15:04:50 - [MESSAGE][PASSED] - Object: 'Object Repository/Page_tC Create/combo_Select Language' is clicked on

2020-09-28 15:04:50 - [TEST_STEP][PASSED] - click(findTestObject("Page_tC Create/listOption_Language_Parmed", ["lang_code":language])): Object: 'Object Repository/Page_tC Create/listOption_Language_Parmed' is clicked on

2020-09-28 15:04:51 - [MESSAGE][PASSED] - Object: 'Object Repository/Page_tC Create/listOption_Language_Parmed' is clicked on

2020-09-28 15:04:51 - [TEST_STEP][PASSED] - return true: null

2020-09-28 15:04:51 - [MESSAGE][PASSED] - Call Test Case 'Test Cases/tCC Components/tCC Select Org-Lang-Resource' successfully

2020-09-28 15:04:51 - [TEST_STEP][PASSED] - click(findTestObject("Page_tC Create/file_en_tn_57-TITtsv")): Object: 'Object Repository/Page_tC Create/file_en_tn_57-TITtsv' is clicked on

2020-09-28 15:04:52 - [MESSAGE][PASSED] - Object: 'Object Repository/Page_tC Create/file_en_tn_57-TITtsv' is clicked on

2020-09-28 15:04:52 - [MESSAGE][PASSED] - Call Test Case 'Test Cases/tCC Components/tCC tN Open For Edit' successfully

2020-09-28 15:04:52 - [TEST_STEP][PASSED] - click(findTestObject("Page_tCC translationNotes/button_ViewColumns")): Object: 'Object Repository/Page_tCC translationNotes/button_ViewColumns' is clicked on

2020-09-28 15:05:00 - [MESSAGE][PASSED] - Object: 'Object Repository/Page_tCC translationNotes/button_ViewColumns' is clicked on

2020-09-28 15:05:00 - [TEST_STEP][PASSED] - click(findTestObject("Page_tCC translationNotes/columns_OrigQuote")): Object: 'Object Repository/Page_tCC translationNotes/columns_OrigQuote' is clicked on

2020-09-28 15:05:02 - [MESSAGE][PASSED] - Object: 'Object Repository/Page_tCC translationNotes/columns_OrigQuote' is clicked on

2020-09-28 15:05:02 - [TEST_STEP][PASSED] - click(findTestObject("Page_tCC translationNotes/btnX_CloseColumns")): Object: 'Object Repository/Page_tCC translationNotes/btnX_CloseColumns' is clicked on

2020-09-28 15:05:02 - [MESSAGE][PASSED] - Object: 'Object Repository/Page_tCC translationNotes/btnX_CloseColumns' is clicked on

2020-09-28 15:05:02 - [TEST_STEP][PASSED] - origQuote = getText(findTestObject("Page_tCC translationNotes/text_OrigQuote-GL-rtc9")): Text of object 'Object Repository/Page_tCC translationNotes/text_OrigQuote-GL-rtc9' is: 'κατὰ πίστιν abc abc abc abc abc abc abc abc abc abc abc abc abc abc abc abc abc'

2020-09-28 15:05:03 - [MESSAGE][PASSED] - Text of object 'Object Repository/Page_tCC translationNotes/text_OrigQuote-GL-rtc9' is: 'κατὰ πίστιν abc abc abc abc abc abc abc abc abc abc abc abc abc abc abc abc abc'

2020-09-28 15:05:03 - [TEST_STEP][PASSED] - println("Original language quote is " + origQuote): null

2020-09-28 15:05:03 - [TEST_STEP][PASSED] - newOrigQuote = origQuote + " abc": null

2020-09-28 15:05:03 - [TEST_STEP][PASSED] - println("Setting original language quote to " + newOrigQuote): null

2020-09-28 15:05:03 - [TEST_STEP][PASSED] - setText(findTestObject("Page_tCC translationNotes/text_OrigQuote-GL-rtc9"), newOrigQuote): Text 'κατὰ πίστιν abc abc abc abc abc abc abc abc abc abc abc abc abc abc abc abc abc abc' is set on object 'Object Repository/Page_tCC translationNotes/text_OrigQuote-GL-rtc9'

2020-09-28 15:05:06 - [MESSAGE][PASSED] - Text 'κατὰ πίστιν abc abc abc abc abc abc abc abc abc abc abc abc abc abc abc abc abc abc' is set on object 'Object Repository/Page_tCC translationNotes/text_OrigQuote-GL-rtc9'

2020-09-28 15:05:06 - [TEST_STEP][PASSED] - clickOffset(findTestObject("Page_tCC translationNotes/text_OrigQuote-GL-rtc9"), 0, -20): Object: 'Object Repository/Page_tCC translationNotes/text_OrigQuote-GL-rtc9' is clicked on using offset x=0 and y=-20

2020-09-28 15:05:06 - [MESSAGE][PASSED] - Object: 'Object Repository/Page_tCC translationNotes/text_OrigQuote-GL-rtc9' is clicked on using offset x=0 and y=-20

2020-09-28 15:05:06 - [TEST_STEP][PASSED] - click(findTestObject("Page_tCC translationNotes/button_SaveEnabled")): Object: 'Object Repository/Page_tCC translationNotes/button_SaveEnabled' is clicked on

2020-09-28 15:05:08 - [MESSAGE][PASSED] - Object: 'Object Repository/Page_tCC translationNotes/button_SaveEnabled' is clicked on

2020-09-28 15:05:08 - [TEST_STEP][PASSED] - waitForElementNotPresent(findTestObject("Page_tCC translationNotes/button_SaveEnabled"), 10): Web element with id: 'Object Repository/Page_tCC translationNotes/button_SaveEnabled' located by 'By.xpath: id("root")/div[@class="App"]/div[1]/div[@class="jss50"]/div[@class="MuiPaper-root-66 jss55 undefined MuiPaper-elevation4-73 MuiPaper-rounded-67"]/div[@class="MuiToolbar-root-109 MuiToolbar-regular-111 jss94 MuiToolbar-gutters-110"]/div[@class="jss98"]/div[@class="jss175"]/button[@class="MuiButtonBase-root-162 MuiIconButton-root-154 jss174"][count(. | //*[@type = 'button']) = count(//*[@type = 'button'])]' is not present after '10' second(s)

2020-09-28 15:05:12 - [MESSAGE][PASSED] - Web element with id: 'Object Repository/Page_tCC translationNotes/button_SaveEnabled' located by 'By.xpath: id("root")/div[@class="App"]/div[1]/div[@class="jss50"]/div[@class="MuiPaper-root-66 jss55 undefined MuiPaper-elevation4-73 MuiPaper-rounded-67"]/div[@class="MuiToolbar-root-109 MuiToolbar-regular-111 jss94 MuiToolbar-gutters-110"]/div[@class="jss98"]/div[@class="jss175"]/button[@class="MuiButtonBase-root-162 MuiIconButton-root-154 jss174"][count(. | //*[@type = 'button']) = count(//*[@type = 'button'])]' is not present after '10' second(s)

2020-09-28 15:05:12 - [TEST_STEP][PASSED] - verifyElementText(findTestObject("Page_tCC translationNotes/text_OrigQuote-GL-rtc9"), newOrigQuote): Actual text and expected text of test object 'Object Repository/Page_tCC translationNotes/text_OrigQuote-GL-rtc9' are matched.

2020-09-28 15:05:13 - [MESSAGE][PASSED] - Actual text and expected text of test object 'Object Repository/Page_tCC translationNotes/text_OrigQuote-GL-rtc9' are matched.

2020-09-28 15:05:13 - [TEST_STEP][PASSED] - closeBrowser(): Browser is closed

2020-09-28 15:05:14 - [MESSAGE][PASSED] - Browser is closed

2020-09-28 15:05:14 - [TEST_STEP][PASSED] - callTestCase(findTestCase("tCC Components/tCC tN Open For Edit"), [:], STOP_ON_FAILURE): Call Test Case 'Test Cases/tCC Components/tCC tN Open For Edit' successfully

2020-09-28 15:05:14 - [TEST_CASE][PASSED] - Test Cases/tCC Components/tCC tN Open For Edit: Test Cases/tCC Components/tCC tN Open For Edit

2020-09-28 15:05:14 - [TEST_STEP][PASSED] - callTestCase(findTestCase("tCC Components/tCC Login"), ["user":$username, "password":$password], STOP_ON_FAILURE): Call Test Case 'Test Cases/tCC Components/tCC Login' successfully

2020-09-28 15:05:14 - [TEST_CASE][PASSED] - Test Cases/tCC Components/tCC Login: Test Cases/tCC Components/tCC Login

2020-09-28 15:05:14 - [TEST_STEP][PASSED] - if (openBrowser): Current window maximized

2020-09-28 15:05:14 - [TEST_STEP][PASSED] - openBrowser(""): Browser is opened with url: ''

2020-09-28 15:05:14 - [MESSAGE][INFO] - Starting 'Firefox' driver

2020-09-28 15:05:14 - [MESSAGE][INFO] - Action delay is set to 0 milliseconds

2020-09-28 15:05:22 - [MESSAGE][PASSED] - Browser is opened with url: ''

2020-09-28 15:05:22 - [TEST_STEP][PASSED] - maximizeWindow(): Current window maximized

2020-09-28 15:05:22 - [MESSAGE][PASSED] - Current window maximized

2020-09-28 15:05:22 - [TEST_STEP][PASSED] - println("Opening " + url): null

2020-09-28 15:05:22 - [TEST_STEP][PASSED] - navigateToUrl(url): Navigate to 'http://create.translationcore.com' successfully

2020-09-28 15:05:26 - [MESSAGE][PASSED] - Navigate to 'http://create.translationcore.com' successfully

2020-09-28 15:05:26 - [TEST_STEP][PASSED] - waitForElementVisible(findTestObject("Page_tC Create/text_tCCVersion"), 30): Object 'Object Repository/Page_tC Create/text_tCCVersion' is visible

2020-09-28 15:05:27 - [MESSAGE][PASSED] - Object 'Object Repository/Page_tC Create/text_tCCVersion' is visible

2020-09-28 15:05:27 - [TEST_STEP][PASSED] - version = getText(findTestObject("Page_tC Create/text_tCCVersion")): Text of object 'Object Repository/Page_tC Create/text_tCCVersion' is: 'translationCore Create - v1.0.4'

2020-09-28 15:05:27 - [MESSAGE][PASSED] - Text of object 'Object Repository/Page_tC Create/text_tCCVersion' is: 'translationCore Create - v1.0.4'

2020-09-28 15:05:27 - [TEST_STEP][PASSED] - version = version: null

2020-09-28 15:05:27 - [TEST_STEP][PASSED] - println("Version is " + version): null

2020-09-28 15:05:27 - [TEST_STEP][PASSED] - if (user == ""): Object: 'Object Repository/Page_tC Create/button_Login' is clicked on

2020-09-28 15:05:27 - [TEST_STEP][PASSED] - println("Logging in as " + user1Name): null

2020-09-28 15:05:27 - [TEST_STEP][PASSED] - setText(findTestObject("Page_tC Create/input__username"), user1Name): Text 'tcc001' is set on object 'Object Repository/Page_tC Create/input__username'

2020-09-28 15:05:28 - [MESSAGE][PASSED] - Text 'tcc001' is set on object 'Object Repository/Page_tC Create/input__username'

2020-09-28 15:05:28 - [TEST_STEP][PASSED] - setText(findTestObject("Page_tC Create/input__password"), user1Password): Text 'tcc001' is set on object 'Object Repository/Page_tC Create/input__password'

2020-09-28 15:05:29 - [MESSAGE][PASSED] - Text 'tcc001' is set on object 'Object Repository/Page_tC Create/input__password'

2020-09-28 15:05:29 - [TEST_STEP][PASSED] - click(findTestObject("Page_tC Create/button_Login")): Object: 'Object Repository/Page_tC Create/button_Login' is clicked on

2020-09-28 15:05:30 - [MESSAGE][PASSED] - Object: 'Object Repository/Page_tC Create/button_Login' is clicked on

2020-09-28 15:05:30 - [MESSAGE][PASSED] - Call Test Case 'Test Cases/tCC Components/tCC Login' successfully

2020-09-28 15:05:30 - [TEST_STEP][PASSED] - if (callTestCase(findTestCase("tCC Components/tCC Select Org-Lang-Resource"), ["organization":"", "language":"", "resource":"unfoldingWord/en_tn"], STOP_ON_FAILURE) == false): Call Test Case 'Test Cases/tCC Components/tCC Select Org-Lang-Resource' successfully

2020-09-28 15:05:30 - [TEST_CASE][PASSED] - Test Cases/tCC Components/tCC Select Org-Lang-Resource: Test Cases/tCC Components/tCC Select Org-Lang-Resource

2020-09-28 15:05:30 - [TEST_STEP][PASSED] - if (organization == ""): null

2020-09-28 15:05:30 - [TEST_STEP][PASSED] - organization = organization: null

2020-09-28 15:05:30 - [TEST_STEP][PASSED] - if (language == ""): null

2020-09-28 15:05:30 - [TEST_STEP][PASSED] - language = langCode: null

2020-09-28 15:05:30 - [TEST_STEP][PASSED] - println("Choosing organization " + organization): null

2020-09-28 15:05:30 - [TEST_STEP][PASSED] - if (waitForElementPresent(organization, 5, OPTIONAL) == false): Object 'Object Repository/Page_tC Create/listOrg_translate_test' is present

2020-09-28 15:05:32 - [MESSAGE][PASSED] - Object 'Object Repository/Page_tC Create/listOrg_translate_test' is present

2020-09-28 15:05:32 - [TEST_STEP][PASSED] - else: null

2020-09-28 15:05:32 - [TEST_STEP][PASSED] - click(organization): Object: 'Object Repository/Page_tC Create/listOrg_translate_test' is clicked on

2020-09-28 15:05:33 - [MESSAGE][PASSED] - Object: 'Object Repository/Page_tC Create/listOrg_translate_test' is clicked on

2020-09-28 15:05:33 - [TEST_STEP][PASSED] - alerted = waitForAlert(2): No alert found after 2 second(s).

2020-09-28 15:05:35 - [MESSAGE][WARNING] - No alert found after 2 second(s).

2020-09-28 15:05:35 - [TEST_STEP][PASSED] - if (alerted == true): null

2020-09-28 15:05:35 - [TEST_STEP][PASSED] - else: Object: 'Object Repository/Page_tC Create/listOption_Language_Parmed' is clicked on

2020-09-28 15:05:35 - [TEST_STEP][PASSED] - println("Not alerted on organization"): null

2020-09-28 15:05:35 - [TEST_STEP][PASSED] - alertFlag = false: null

2020-09-28 15:05:35 - [TEST_STEP][PASSED] - println("Choosing resource " + resource): null

2020-09-28 15:05:35 - [TEST_STEP][PASSED] - click(findTestObject("Page_tC Create/resource_Parmed", ["resource":resource])): Object: 'Object Repository/Page_tC Create/resource_Parmed' is clicked on

2020-09-28 15:05:35 - [MESSAGE][PASSED] - Object: 'Object Repository/Page_tC Create/resource_Parmed' is clicked on

2020-09-28 15:05:35 - [TEST_STEP][PASSED] - println("Choosing language " + language): null

2020-09-28 15:05:35 - [TEST_STEP][PASSED] - click(findTestObject("Page_tC Create/combo_Select Language")): Object: 'Object Repository/Page_tC Create/combo_Select Language' is clicked on

2020-09-28 15:05:36 - [MESSAGE][PASSED] - Object: 'Object Repository/Page_tC Create/combo_Select Language' is clicked on

2020-09-28 15:05:36 - [TEST_STEP][PASSED] - click(findTestObject("Page_tC Create/listOption_Language_Parmed", ["lang_code":language])): Object: 'Object Repository/Page_tC Create/listOption_Language_Parmed' is clicked on

2020-09-28 15:05:37 - [MESSAGE][PASSED] - Object: 'Object Repository/Page_tC Create/listOption_Language_Parmed' is clicked on

2020-09-28 15:05:37 - [TEST_STEP][PASSED] - return true: null

2020-09-28 15:05:37 - [MESSAGE][PASSED] - Call Test Case 'Test Cases/tCC Components/tCC Select Org-Lang-Resource' successfully

2020-09-28 15:05:37 - [TEST_STEP][PASSED] - click(findTestObject("Page_tC Create/file_en_tn_57-TITtsv")): Object: 'Object Repository/Page_tC Create/file_en_tn_57-TITtsv' is clicked on

2020-09-28 15:05:38 - [MESSAGE][PASSED] - Object: 'Object Repository/Page_tC Create/file_en_tn_57-TITtsv' is clicked on

2020-09-28 15:05:38 - [MESSAGE][PASSED] - Call Test Case 'Test Cases/tCC Components/tCC tN Open For Edit' successfully

2020-09-28 15:05:38 - [TEST_STEP][PASSED] - click(findTestObject("Page_tCC translationNotes/button_ViewColumns")): Object: 'Object Repository/Page_tCC translationNotes/button_ViewColumns' is clicked on

2020-09-28 15:05:46 - [MESSAGE][PASSED] - Object: 'Object Repository/Page_tCC translationNotes/button_ViewColumns' is clicked on

2020-09-28 15:05:46 - [TEST_STEP][PASSED] - click(findTestObject("Page_tCC translationNotes/columns_OrigQuote")): Object: 'Object Repository/Page_tCC translationNotes/columns_OrigQuote' is clicked on

2020-09-28 15:05:48 - [MESSAGE][PASSED] - Object: 'Object Repository/Page_tCC translationNotes/columns_OrigQuote' is clicked on

2020-09-28 15:05:48 - [TEST_STEP][PASSED] - clickOffset(findTestObject("Page_tCC translationNotes/columns_OrigQuote"), -30, 0): Object: 'Object Repository/Page_tCC translationNotes/columns_OrigQuote' is clicked on using offset x=-30 and y=0

2020-09-28 15:05:48 - [MESSAGE][PASSED] - Object: 'Object Repository/Page_tCC translationNotes/columns_OrigQuote' is clicked on using offset x=-30 and y=0

2020-09-28 15:05:48 - [TEST_STEP][PASSED] - origQuote2 = getText(findTestObject("Page_tCC translationNotes/text_OrigQuote-GL-rtc9")): Text of object 'Object Repository/Page_tCC translationNotes/text_OrigQuote-GL-rtc9' is: 'κατὰ πίστιν abc abc abc abc abc abc abc abc abc abc abc abc abc abc abc abc abc abc'

2020-09-28 15:05:49 - [MESSAGE][PASSED] - Text of object 'Object Repository/Page_tCC translationNotes/text_OrigQuote-GL-rtc9' is: 'κατὰ πίστιν abc abc abc abc abc abc abc abc abc abc abc abc abc abc abc abc abc abc'

2020-09-28 15:05:49 - [TEST_STEP][PASSED] - println("At " + url + " before was " + origQuote + " and after is " + origQuote2): null

2020-09-28 15:05:49 - [TEST_STEP][PASSED] - verifyElementText(findTestObject("Page_tCC translationNotes/text_OrigQuote-GL-rtc9"), newOrigQuote): Actual text and expected text of test object 'Object Repository/Page_tCC translationNotes/text_OrigQuote-GL-rtc9' are matched.

2020-09-28 15:05:49 - [MESSAGE][PASSED] - Actual text and expected text of test object 'Object Repository/Page_tCC translationNotes/text_OrigQuote-GL-rtc9' are matched.

2020-09-28 15:05:49 - [TEST_STEP][PASSED] - closeBrowser(): Browser is closed

2020-09-28 15:05:51 - [MESSAGE][PASSED] - Browser is closed

2020-09-28 15:05:51 - [TEST_STEP][PASSED] - Start listener action : sampleAfterTestCase: null

2020-09-28 15:05:51 - [TEST_STEP][PASSED] - separator = "===========================================================================================================================": null

2020-09-28 15:05:51 - [TEST_STEP][PASSED] - println(separator): null

2020-09-28 15:05:51 - [TEST_STEP][PASSED] - prefix = " +++++++++++ ": null

2020-09-28 15:05:51 - [TEST_STEP][PASSED] - if (testCaseContext.getTestCaseStatus() != "PASSED"): null

2020-09-28 15:05:51 - [TEST_STEP][PASSED] - println(prefix + testCaseContext.getTestCaseId() + " on " + version + " " + testCaseContext.getTestCaseStatus() + prefix): null

2020-09-28 15:05:51 - [TEST_STEP][PASSED] - tsMessages.add("##" + testCaseContext.getTestCaseId()): null

2020-09-28 15:05:51 - [TEST_STEP][PASSED] - if (tcMessages.size() > 0): null

2020-09-28 15:05:51 - [TEST_STEP][PASSED] - println(separator): null]]></system-out>
         <system-err><![CDATA[]]></system-err>
      </testcase>
      <testcase name="Test Cases/tCC Test Cases/tCC tN Test Edit Outline" time="35.844" classname="Test Cases/tCC Test Cases/tCC tN Test Edit Outline" status="FAILED">
         <failure type="FAILED" message="Test Cases/tCC Test Cases/tCC tN Test Edit Outline FAILED.
Reason:
com.kms.katalon.core.exception.StepFailedException: Unable to set text 'Pablo instruye a Tito para que designe líderes piadosos (1:1-16)' of object 'Object Repository/Page_tCC translationNotes/tNText_GLOutlinePoint1'
	at com.kms.katalon.core.webui.keyword.internal.WebUIKeywordMain.stepFailed(WebUIKeywordMain.groovy:64)
	at com.kms.katalon.core.webui.keyword.internal.WebUIKeywordMain.runKeyword(WebUIKeywordMain.groovy:26)
	at com.kms.katalon.core.webui.keyword.builtin.SetTextKeyword.setText(SetTextKeyword.groovy:66)
	at com.kms.katalon.core.webui.keyword.builtin.SetTextKeyword.execute(SetTextKeyword.groovy:37)
	at com.kms.katalon.core.keyword.internal.KeywordExecutor.executeKeywordForPlatform(KeywordExecutor.groovy:73)
	at com.kms.katalon.core.webui.keyword.WebUiBuiltInKeywords.setText(WebUiBuiltInKeywords.groovy:976)
	at com.kms.katalon.core.webui.keyword.WebUiBuiltInKeywords$setText$4.call(Unknown Source)
	at tCC tN Test Edit Outline.run(tCC tN Test Edit Outline:48)
	at com.kms.katalon.core.main.ScriptEngine.run(ScriptEngine.java:194)
	at com.kms.katalon.core.main.ScriptEngine.runScriptAsRawText(ScriptEngine.java:119)
	at com.kms.katalon.core.main.TestCaseExecutor.runScript(TestCaseExecutor.java:339)
	at com.kms.katalon.core.main.TestCaseExecutor.doExecute(TestCaseExecutor.java:330)
	at com.kms.katalon.core.main.TestCaseExecutor.processExecutionPhase(TestCaseExecutor.java:309)
	at com.kms.katalon.core.main.TestCaseExecutor.accessMainPhase(TestCaseExecutor.java:301)
	at com.kms.katalon.core.main.TestCaseExecutor.execute(TestCaseExecutor.java:235)
	at com.kms.katalon.core.main.TestSuiteExecutor.accessTestCaseMainPhase(TestSuiteExecutor.java:191)
	at com.kms.katalon.core.main.TestSuiteExecutor.accessTestSuiteMainPhase(TestSuiteExecutor.java:141)
	at com.kms.katalon.core.main.TestSuiteExecutor.execute(TestSuiteExecutor.java:90)
	at com.kms.katalon.core.main.TestCaseMain.startTestSuite(TestCaseMain.java:157)
	at com.kms.katalon.core.main.TestCaseMain$startTestSuite$0.call(Unknown Source)
	at TempTestSuite1601322783658.run(TempTestSuite1601322783658.groovy:39)
Caused by: org.openqa.selenium.ElementNotInteractableException: Element &lt;li> is not reachable by keyboard
Build info: version: '3.141.59', revision: 'e82be7d358', time: '2018-11-14T08:25:53'
System info: host: 'Kozs-MacBook-Air.local', ip: 'fe80:0:0:0:1cf0:a165:32ec:8708%en0', os.name: 'Mac OS X', os.arch: 'x86_64', os.version: '10.14.6', java.version: '1.8.0_181'
Driver info: com.kms.katalon.core.webui.driver.firefox.CGeckoDriver
Capabilities {acceptInsecureCerts: true, browserName: firefox, browserVersion: 81.0, javascriptEnabled: true, moz:accessibilityChecks: false, moz:buildID: 20200917005511, moz:geckodriverVersion: 0.23.0, moz:headless: false, moz:processID: 15365, moz:profile: /var/folders/hb/hv2s0v7n1nz..., moz:shutdownTimeout: 60000, moz:useNonSpecCompliantPointerOrigin: false, moz:webdriverClick: true, pageLoadStrategy: normal, platform: MAC, platformName: MAC, platformVersion: 18.7.0, proxy: Proxy(direct), rotatable: false, setWindowRect: true, strictFileInteractability: false, timeouts: {implicit: 0, pageLoad: 300000, script: 30000}, unhandledPromptBehavior: dismiss and notify}
Session ID: eb10f313-cdfd-b845-b319-f4b4859c9627
	at org.openqa.selenium.remote.http.W3CHttpResponseCodec.createException(W3CHttpResponseCodec.java:187)
	at org.openqa.selenium.remote.http.W3CHttpResponseCodec.decode(W3CHttpResponseCodec.java:122)
	at org.openqa.selenium.remote.http.W3CHttpResponseCodec.decode(W3CHttpResponseCodec.java:49)
	at org.openqa.selenium.remote.HttpCommandExecutor.execute(HttpCommandExecutor.java:158)
	at org.openqa.selenium.remote.service.DriverCommandExecutor.execute(DriverCommandExecutor.java:83)
	at org.openqa.selenium.remote.RemoteWebDriver.execute(RemoteWebDriver.java:552)
	at com.kms.katalon.selenium.driver.CFirefoxDriver.execute(CFirefoxDriver.java:27)
	at org.openqa.selenium.remote.RemoteWebElement.execute(RemoteWebElement.java:285)
	at org.openqa.selenium.remote.RemoteWebElement.sendKeys(RemoteWebElement.java:106)
	at org.openqa.selenium.support.events.EventFiringWebDriver$EventFiringWebElement.lambda$new$0(EventFiringWebDriver.java:404)
	at com.sun.proxy.$Proxy13.sendKeys(Unknown Source)
	at org.openqa.selenium.support.events.EventFiringWebDriver$EventFiringWebElement.sendKeys(EventFiringWebDriver.java:429)
	at com.kms.katalon.core.webui.keyword.builtin.SetTextKeyword$_setText_closure1.doCall(SetTextKeyword.groovy:59)
	at com.kms.katalon.core.webui.keyword.builtin.SetTextKeyword$_setText_closure1.call(SetTextKeyword.groovy)
	at com.kms.katalon.core.webui.keyword.internal.WebUIKeywordMain.runKeyword(WebUIKeywordMain.groovy:20)
	... 19 more
"/>
         <system-out><![CDATA[2020-09-28 15:05:53 - [TEST_CASE][FAILED] - Test Cases/tCC Test Cases/tCC tN Test Edit Outline: Test Cases/tCC Test Cases/tCC tN Test Edit Outline FAILED.
Reason:
com.kms.katalon.core.exception.StepFailedException: Unable to set text 'Pablo instruye a Tito para que designe líderes piadosos (1:1-16)' of object 'Object Repository/Page_tCC translationNotes/tNText_GLOutlinePoint1'
	at com.kms.katalon.core.webui.keyword.internal.WebUIKeywordMain.stepFailed(WebUIKeywordMain.groovy:64)
	at com.kms.katalon.core.webui.keyword.internal.WebUIKeywordMain.runKeyword(WebUIKeywordMain.groovy:26)
	at com.kms.katalon.core.webui.keyword.builtin.SetTextKeyword.setText(SetTextKeyword.groovy:66)
	at com.kms.katalon.core.webui.keyword.builtin.SetTextKeyword.execute(SetTextKeyword.groovy:37)
	at com.kms.katalon.core.keyword.internal.KeywordExecutor.executeKeywordForPlatform(KeywordExecutor.groovy:73)
	at com.kms.katalon.core.webui.keyword.WebUiBuiltInKeywords.setText(WebUiBuiltInKeywords.groovy:976)
	at com.kms.katalon.core.webui.keyword.WebUiBuiltInKeywords$setText$4.call(Unknown Source)
	at tCC tN Test Edit Outline.run(tCC tN Test Edit Outline:48)
	at com.kms.katalon.core.main.ScriptEngine.run(ScriptEngine.java:194)
	at com.kms.katalon.core.main.ScriptEngine.runScriptAsRawText(ScriptEngine.java:119)
	at com.kms.katalon.core.main.TestCaseExecutor.runScript(TestCaseExecutor.java:339)
	at com.kms.katalon.core.main.TestCaseExecutor.doExecute(TestCaseExecutor.java:330)
	at com.kms.katalon.core.main.TestCaseExecutor.processExecutionPhase(TestCaseExecutor.java:309)
	at com.kms.katalon.core.main.TestCaseExecutor.accessMainPhase(TestCaseExecutor.java:301)
	at com.kms.katalon.core.main.TestCaseExecutor.execute(TestCaseExecutor.java:235)
	at com.kms.katalon.core.main.TestSuiteExecutor.accessTestCaseMainPhase(TestSuiteExecutor.java:191)
	at com.kms.katalon.core.main.TestSuiteExecutor.accessTestSuiteMainPhase(TestSuiteExecutor.java:141)
	at com.kms.katalon.core.main.TestSuiteExecutor.execute(TestSuiteExecutor.java:90)
	at com.kms.katalon.core.main.TestCaseMain.startTestSuite(TestCaseMain.java:157)
	at com.kms.katalon.core.main.TestCaseMain$startTestSuite$0.call(Unknown Source)
	at TempTestSuite1601322783658.run(TempTestSuite1601322783658.groovy:39)
Caused by: org.openqa.selenium.ElementNotInteractableException: Element <li> is not reachable by keyboard
Build info: version: '3.141.59', revision: 'e82be7d358', time: '2018-11-14T08:25:53'
System info: host: 'Kozs-MacBook-Air.local', ip: 'fe80:0:0:0:1cf0:a165:32ec:8708%en0', os.name: 'Mac OS X', os.arch: 'x86_64', os.version: '10.14.6', java.version: '1.8.0_181'
Driver info: com.kms.katalon.core.webui.driver.firefox.CGeckoDriver
Capabilities {acceptInsecureCerts: true, browserName: firefox, browserVersion: 81.0, javascriptEnabled: true, moz:accessibilityChecks: false, moz:buildID: 20200917005511, moz:geckodriverVersion: 0.23.0, moz:headless: false, moz:processID: 15365, moz:profile: /var/folders/hb/hv2s0v7n1nz..., moz:shutdownTimeout: 60000, moz:useNonSpecCompliantPointerOrigin: false, moz:webdriverClick: true, pageLoadStrategy: normal, platform: MAC, platformName: MAC, platformVersion: 18.7.0, proxy: Proxy(direct), rotatable: false, setWindowRect: true, strictFileInteractability: false, timeouts: {implicit: 0, pageLoad: 300000, script: 30000}, unhandledPromptBehavior: dismiss and notify}
Session ID: eb10f313-cdfd-b845-b319-f4b4859c9627
	at org.openqa.selenium.remote.http.W3CHttpResponseCodec.createException(W3CHttpResponseCodec.java:187)
	at org.openqa.selenium.remote.http.W3CHttpResponseCodec.decode(W3CHttpResponseCodec.java:122)
	at org.openqa.selenium.remote.http.W3CHttpResponseCodec.decode(W3CHttpResponseCodec.java:49)
	at org.openqa.selenium.remote.HttpCommandExecutor.execute(HttpCommandExecutor.java:158)
	at org.openqa.selenium.remote.service.DriverCommandExecutor.execute(DriverCommandExecutor.java:83)
	at org.openqa.selenium.remote.RemoteWebDriver.execute(RemoteWebDriver.java:552)
	at com.kms.katalon.selenium.driver.CFirefoxDriver.execute(CFirefoxDriver.java:27)
	at org.openqa.selenium.remote.RemoteWebElement.execute(RemoteWebElement.java:285)
	at org.openqa.selenium.remote.RemoteWebElement.sendKeys(RemoteWebElement.java:106)
	at org.openqa.selenium.support.events.EventFiringWebDriver$EventFiringWebElement.lambda$new$0(EventFiringWebDriver.java:404)
	at com.sun.proxy.$Proxy13.sendKeys(Unknown Source)
	at org.openqa.selenium.support.events.EventFiringWebDriver$EventFiringWebElement.sendKeys(EventFiringWebDriver.java:429)
	at com.kms.katalon.core.webui.keyword.builtin.SetTextKeyword$_setText_closure1.doCall(SetTextKeyword.groovy:59)
	at com.kms.katalon.core.webui.keyword.builtin.SetTextKeyword$_setText_closure1.call(SetTextKeyword.groovy)
	at com.kms.katalon.core.webui.keyword.internal.WebUIKeywordMain.runKeyword(WebUIKeywordMain.groovy:20)
	... 19 more


2020-09-28 15:05:53 - [TEST_STEP][PASSED] - Start listener action : sampleBeforeTestCase: Execution profile is tCC Production

2020-09-28 15:05:53 - [TEST_STEP][PASSED] - tcMessages = []: null

2020-09-28 15:05:53 - [TEST_STEP][PASSED] - executionProfile = getExecutionProfile(): null

2020-09-28 15:05:53 - [TEST_STEP][PASSED] - logInfo("Execution profile is " + executionProfile): Execution profile is tCC Production

2020-09-28 15:05:53 - [MESSAGE][INFO] - Execution profile is tCC Production

2020-09-28 15:05:53 - [TEST_STEP][PASSED] - callTestCase(findTestCase("tCC Components/tCC tN Open For Edit"), [:], STOP_ON_FAILURE): Call Test Case 'Test Cases/tCC Components/tCC tN Open For Edit' successfully

2020-09-28 15:05:53 - [TEST_CASE][PASSED] - Test Cases/tCC Components/tCC tN Open For Edit: Test Cases/tCC Components/tCC tN Open For Edit

2020-09-28 15:05:53 - [TEST_STEP][PASSED] - callTestCase(findTestCase("tCC Components/tCC Login"), ["user":$username, "password":$password], STOP_ON_FAILURE): Call Test Case 'Test Cases/tCC Components/tCC Login' successfully

2020-09-28 15:05:53 - [TEST_CASE][PASSED] - Test Cases/tCC Components/tCC Login: Test Cases/tCC Components/tCC Login

2020-09-28 15:05:53 - [TEST_STEP][PASSED] - if (openBrowser): Current window maximized

2020-09-28 15:05:53 - [TEST_STEP][PASSED] - openBrowser(""): Browser is opened with url: ''

2020-09-28 15:05:53 - [MESSAGE][INFO] - Starting 'Firefox' driver

2020-09-28 15:05:53 - [MESSAGE][INFO] - Action delay is set to 0 milliseconds

2020-09-28 15:06:00 - [MESSAGE][PASSED] - Browser is opened with url: ''

2020-09-28 15:06:00 - [TEST_STEP][PASSED] - maximizeWindow(): Current window maximized

2020-09-28 15:06:00 - [MESSAGE][PASSED] - Current window maximized

2020-09-28 15:06:00 - [TEST_STEP][PASSED] - println("Opening " + url): null

2020-09-28 15:06:00 - [TEST_STEP][PASSED] - navigateToUrl(url): Navigate to 'http://create.translationcore.com' successfully

2020-09-28 15:06:03 - [MESSAGE][PASSED] - Navigate to 'http://create.translationcore.com' successfully

2020-09-28 15:06:03 - [TEST_STEP][PASSED] - waitForElementVisible(findTestObject("Page_tC Create/text_tCCVersion"), 30): Object 'Object Repository/Page_tC Create/text_tCCVersion' is visible

2020-09-28 15:06:04 - [MESSAGE][PASSED] - Object 'Object Repository/Page_tC Create/text_tCCVersion' is visible

2020-09-28 15:06:04 - [TEST_STEP][PASSED] - version = getText(findTestObject("Page_tC Create/text_tCCVersion")): Text of object 'Object Repository/Page_tC Create/text_tCCVersion' is: 'translationCore Create - v1.0.4'

2020-09-28 15:06:04 - [MESSAGE][PASSED] - Text of object 'Object Repository/Page_tC Create/text_tCCVersion' is: 'translationCore Create - v1.0.4'

2020-09-28 15:06:04 - [TEST_STEP][PASSED] - version = version: null

2020-09-28 15:06:04 - [TEST_STEP][PASSED] - println("Version is " + version): null

2020-09-28 15:06:04 - [TEST_STEP][PASSED] - if (user == ""): Object: 'Object Repository/Page_tC Create/button_Login' is clicked on

2020-09-28 15:06:04 - [TEST_STEP][PASSED] - println("Logging in as " + user1Name): null

2020-09-28 15:06:04 - [TEST_STEP][PASSED] - setText(findTestObject("Page_tC Create/input__username"), user1Name): Text 'tcc001' is set on object 'Object Repository/Page_tC Create/input__username'

2020-09-28 15:06:05 - [MESSAGE][PASSED] - Text 'tcc001' is set on object 'Object Repository/Page_tC Create/input__username'

2020-09-28 15:06:05 - [TEST_STEP][PASSED] - setText(findTestObject("Page_tC Create/input__password"), user1Password): Text 'tcc001' is set on object 'Object Repository/Page_tC Create/input__password'

2020-09-28 15:06:06 - [MESSAGE][PASSED] - Text 'tcc001' is set on object 'Object Repository/Page_tC Create/input__password'

2020-09-28 15:06:06 - [TEST_STEP][PASSED] - click(findTestObject("Page_tC Create/button_Login")): Object: 'Object Repository/Page_tC Create/button_Login' is clicked on

2020-09-28 15:06:07 - [MESSAGE][PASSED] - Object: 'Object Repository/Page_tC Create/button_Login' is clicked on

2020-09-28 15:06:07 - [MESSAGE][PASSED] - Call Test Case 'Test Cases/tCC Components/tCC Login' successfully

2020-09-28 15:06:07 - [TEST_STEP][PASSED] - if (callTestCase(findTestCase("tCC Components/tCC Select Org-Lang-Resource"), ["organization":"", "language":"", "resource":"unfoldingWord/en_tn"], STOP_ON_FAILURE) == false): Call Test Case 'Test Cases/tCC Components/tCC Select Org-Lang-Resource' successfully

2020-09-28 15:06:07 - [TEST_CASE][PASSED] - Test Cases/tCC Components/tCC Select Org-Lang-Resource: Test Cases/tCC Components/tCC Select Org-Lang-Resource

2020-09-28 15:06:07 - [TEST_STEP][PASSED] - if (organization == ""): null

2020-09-28 15:06:07 - [TEST_STEP][PASSED] - organization = organization: null

2020-09-28 15:06:07 - [TEST_STEP][PASSED] - if (language == ""): null

2020-09-28 15:06:07 - [TEST_STEP][PASSED] - language = langCode: null

2020-09-28 15:06:07 - [TEST_STEP][PASSED] - println("Choosing organization " + organization): null

2020-09-28 15:06:07 - [TEST_STEP][PASSED] - if (waitForElementPresent(organization, 5, OPTIONAL) == false): Object 'Object Repository/Page_tC Create/listOrg_translate_test' is present

2020-09-28 15:06:10 - [MESSAGE][PASSED] - Object 'Object Repository/Page_tC Create/listOrg_translate_test' is present

2020-09-28 15:06:10 - [TEST_STEP][PASSED] - else: null

2020-09-28 15:06:10 - [TEST_STEP][PASSED] - click(organization): Object: 'Object Repository/Page_tC Create/listOrg_translate_test' is clicked on

2020-09-28 15:06:10 - [MESSAGE][PASSED] - Object: 'Object Repository/Page_tC Create/listOrg_translate_test' is clicked on

2020-09-28 15:06:10 - [TEST_STEP][PASSED] - alerted = waitForAlert(2): No alert found after 2 second(s).

2020-09-28 15:06:13 - [MESSAGE][WARNING] - No alert found after 2 second(s).

2020-09-28 15:06:13 - [TEST_STEP][PASSED] - if (alerted == true): null

2020-09-28 15:06:13 - [TEST_STEP][PASSED] - else: Object: 'Object Repository/Page_tC Create/listOption_Language_Parmed' is clicked on

2020-09-28 15:06:13 - [TEST_STEP][PASSED] - println("Not alerted on organization"): null

2020-09-28 15:06:13 - [TEST_STEP][PASSED] - alertFlag = false: null

2020-09-28 15:06:13 - [TEST_STEP][PASSED] - println("Choosing resource " + resource): null

2020-09-28 15:06:13 - [TEST_STEP][PASSED] - click(findTestObject("Page_tC Create/resource_Parmed", ["resource":resource])): Object: 'Object Repository/Page_tC Create/resource_Parmed' is clicked on

2020-09-28 15:06:13 - [MESSAGE][PASSED] - Object: 'Object Repository/Page_tC Create/resource_Parmed' is clicked on

2020-09-28 15:06:13 - [TEST_STEP][PASSED] - println("Choosing language " + language): null

2020-09-28 15:06:13 - [TEST_STEP][PASSED] - click(findTestObject("Page_tC Create/combo_Select Language")): Object: 'Object Repository/Page_tC Create/combo_Select Language' is clicked on

2020-09-28 15:06:14 - [MESSAGE][PASSED] - Object: 'Object Repository/Page_tC Create/combo_Select Language' is clicked on

2020-09-28 15:06:14 - [TEST_STEP][PASSED] - click(findTestObject("Page_tC Create/listOption_Language_Parmed", ["lang_code":language])): Object: 'Object Repository/Page_tC Create/listOption_Language_Parmed' is clicked on

2020-09-28 15:06:15 - [MESSAGE][PASSED] - Object: 'Object Repository/Page_tC Create/listOption_Language_Parmed' is clicked on

2020-09-28 15:06:15 - [TEST_STEP][PASSED] - return true: null

2020-09-28 15:06:15 - [MESSAGE][PASSED] - Call Test Case 'Test Cases/tCC Components/tCC Select Org-Lang-Resource' successfully

2020-09-28 15:06:15 - [TEST_STEP][PASSED] - click(findTestObject("Page_tC Create/file_en_tn_57-TITtsv")): Object: 'Object Repository/Page_tC Create/file_en_tn_57-TITtsv' is clicked on

2020-09-28 15:06:16 - [MESSAGE][PASSED] - Object: 'Object Repository/Page_tC Create/file_en_tn_57-TITtsv' is clicked on

2020-09-28 15:06:16 - [MESSAGE][PASSED] - Call Test Case 'Test Cases/tCC Components/tCC tN Open For Edit' successfully

2020-09-28 15:06:16 - [TEST_STEP][PASSED] - textArray = []: null

2020-09-28 15:06:16 - [TEST_STEP][PASSED] - textArray = ["Pablo instruye a Tito para que designe líderes piadosos (1:1-16)", "Pablo instruye a Tito para que entrene a las personas a vivir vidas piadosas (2: 1-3: 11)", "Pablo termina compartiendo algunos de sus planes y enviando saludos a varios creyentes (3: 12-15)"]: null

2020-09-28 15:06:16 - [TEST_STEP][PASSED] - glArray = []: null

2020-09-28 15:06:16 - [TEST_STEP][PASSED] - glArray = ["Page_tCC translationNotes/tNText_GLOutlinePoint1", "Page_tCC translationNotes/tNText_GLOutlinePoint2", "Page_tCC translationNotes/tNText_GLOutlinePoint3"]: null

2020-09-28 15:06:16 - [TEST_STEP][PASSED] - enArray = []: null

2020-09-28 15:06:16 - [TEST_STEP][PASSED] - enArray = ["Page_tCC translationNotes/tNText_enOutlinePoint1", "Page_tCC translationNotes/tNText_enOutlinePoint2", "Page_tCC translationNotes/tNText_enOutlinePoint3"]: null

2020-09-28 15:06:16 - [TEST_STEP][FAILED] - for (def i : (0..2)): Unable to set text 'Pablo instruye a Tito para que designe líderes piadosos (1:1-16)' of object 'Object Repository/Page_tCC translationNotes/tNText_GLOutlinePoint1' (Root cause: com.kms.katalon.core.exception.StepFailedException: Unable to set text 'Pablo instruye a Tito para que designe líderes piadosos (1:1-16)' of object 'Object Repository/Page_tCC translationNotes/tNText_GLOutlinePoint1'
	at com.kms.katalon.core.webui.keyword.internal.WebUIKeywordMain.stepFailed(WebUIKeywordMain.groovy:64)
	at com.kms.katalon.core.webui.keyword.internal.WebUIKeywordMain.runKeyword(WebUIKeywordMain.groovy:26)
	at com.kms.katalon.core.webui.keyword.builtin.SetTextKeyword.setText(SetTextKeyword.groovy:66)
	at com.kms.katalon.core.webui.keyword.builtin.SetTextKeyword.execute(SetTextKeyword.groovy:37)
	at com.kms.katalon.core.keyword.internal.KeywordExecutor.executeKeywordForPlatform(KeywordExecutor.groovy:73)
	at com.kms.katalon.core.webui.keyword.WebUiBuiltInKeywords.setText(WebUiBuiltInKeywords.groovy:976)
	at com.kms.katalon.core.webui.keyword.WebUiBuiltInKeywords$setText$4.call(Unknown Source)
	at tCC tN Test Edit Outline.run(tCC tN Test Edit Outline:48)
	at com.kms.katalon.core.main.ScriptEngine.run(ScriptEngine.java:194)
	at com.kms.katalon.core.main.ScriptEngine.runScriptAsRawText(ScriptEngine.java:119)
	at com.kms.katalon.core.main.TestCaseExecutor.runScript(TestCaseExecutor.java:339)
	at com.kms.katalon.core.main.TestCaseExecutor.doExecute(TestCaseExecutor.java:330)
	at com.kms.katalon.core.main.TestCaseExecutor.processExecutionPhase(TestCaseExecutor.java:309)
	at com.kms.katalon.core.main.TestCaseExecutor.accessMainPhase(TestCaseExecutor.java:301)
	at com.kms.katalon.core.main.TestCaseExecutor.execute(TestCaseExecutor.java:235)
	at com.kms.katalon.core.main.TestSuiteExecutor.accessTestCaseMainPhase(TestSuiteExecutor.java:191)
	at com.kms.katalon.core.main.TestSuiteExecutor.accessTestSuiteMainPhase(TestSuiteExecutor.java:141)
	at com.kms.katalon.core.main.TestSuiteExecutor.execute(TestSuiteExecutor.java:90)
	at com.kms.katalon.core.main.TestCaseMain.startTestSuite(TestCaseMain.java:157)
	at com.kms.katalon.core.main.TestCaseMain$startTestSuite$0.call(Unknown Source)
	at TempTestSuite1601322783658.run(TempTestSuite1601322783658.groovy:39)
Caused by: org.openqa.selenium.ElementNotInteractableException: Element <li> is not reachable by keyboard
Build info: version: '3.141.59', revision: 'e82be7d358', time: '2018-11-14T08:25:53'
System info: host: 'Kozs-MacBook-Air.local', ip: 'fe80:0:0:0:1cf0:a165:32ec:8708%en0', os.name: 'Mac OS X', os.arch: 'x86_64', os.version: '10.14.6', java.version: '1.8.0_181'
Driver info: com.kms.katalon.core.webui.driver.firefox.CGeckoDriver
Capabilities {acceptInsecureCerts: true, browserName: firefox, browserVersion: 81.0, javascriptEnabled: true, moz:accessibilityChecks: false, moz:buildID: 20200917005511, moz:geckodriverVersion: 0.23.0, moz:headless: false, moz:processID: 15365, moz:profile: /var/folders/hb/hv2s0v7n1nz..., moz:shutdownTimeout: 60000, moz:useNonSpecCompliantPointerOrigin: false, moz:webdriverClick: true, pageLoadStrategy: normal, platform: MAC, platformName: MAC, platformVersion: 18.7.0, proxy: Proxy(direct), rotatable: false, setWindowRect: true, strictFileInteractability: false, timeouts: {implicit: 0, pageLoad: 300000, script: 30000}, unhandledPromptBehavior: dismiss and notify}
Session ID: eb10f313-cdfd-b845-b319-f4b4859c9627
	at org.openqa.selenium.remote.http.W3CHttpResponseCodec.createException(W3CHttpResponseCodec.java:187)
	at org.openqa.selenium.remote.http.W3CHttpResponseCodec.decode(W3CHttpResponseCodec.java:122)
	at org.openqa.selenium.remote.http.W3CHttpResponseCodec.decode(W3CHttpResponseCodec.java:49)
	at org.openqa.selenium.remote.HttpCommandExecutor.execute(HttpCommandExecutor.java:158)
	at org.openqa.selenium.remote.service.DriverCommandExecutor.execute(DriverCommandExecutor.java:83)
	at org.openqa.selenium.remote.RemoteWebDriver.execute(RemoteWebDriver.java:552)
	at com.kms.katalon.selenium.driver.CFirefoxDriver.execute(CFirefoxDriver.java:27)
	at org.openqa.selenium.remote.RemoteWebElement.execute(RemoteWebElement.java:285)
	at org.openqa.selenium.remote.RemoteWebElement.sendKeys(RemoteWebElement.java:106)
	at org.openqa.selenium.support.events.EventFiringWebDriver$EventFiringWebElement.lambda$new$0(EventFiringWebDriver.java:404)
	at com.sun.proxy.$Proxy13.sendKeys(Unknown Source)
	at org.openqa.selenium.support.events.EventFiringWebDriver$EventFiringWebElement.sendKeys(EventFiringWebDriver.java:429)
	at com.kms.katalon.core.webui.keyword.builtin.SetTextKeyword$_setText_closure1.doCall(SetTextKeyword.groovy:59)
	at com.kms.katalon.core.webui.keyword.builtin.SetTextKeyword$_setText_closure1.call(SetTextKeyword.groovy)
	at com.kms.katalon.core.webui.keyword.internal.WebUIKeywordMain.runKeyword(WebUIKeywordMain.groovy:20)
	at com.kms.katalon.core.webui.keyword.builtin.SetTextKeyword.setText(SetTextKeyword.groovy:66)
	at com.kms.katalon.core.webui.keyword.builtin.SetTextKeyword.execute(SetTextKeyword.groovy:37)
	at com.kms.katalon.core.keyword.internal.KeywordExecutor.executeKeywordForPlatform(KeywordExecutor.groovy:73)
	at com.kms.katalon.core.webui.keyword.WebUiBuiltInKeywords.setText(WebUiBuiltInKeywords.groovy:976)
	at com.kms.katalon.core.webui.keyword.WebUiBuiltInKeywords$setText$4.call(Unknown Source)
	at Script1598999086403.run(Script1598999086403.groovy:48)
	... 13 more
)

2020-09-28 15:06:16 - [TEST_STEP][PASSED] - if (i >= 1): null

2020-09-28 15:06:16 - [TEST_STEP][FAILED] - setText(findTestObject(glArray[i]), textArray[i]): Unable to set text 'Pablo instruye a Tito para que designe líderes piadosos (1:1-16)' of object 'Object Repository/Page_tCC translationNotes/tNText_GLOutlinePoint1' (Root cause: com.kms.katalon.core.exception.StepFailedException: Unable to set text 'Pablo instruye a Tito para que designe líderes piadosos (1:1-16)' of object 'Object Repository/Page_tCC translationNotes/tNText_GLOutlinePoint1'
	at com.kms.katalon.core.webui.keyword.internal.WebUIKeywordMain.stepFailed(WebUIKeywordMain.groovy:64)
	at com.kms.katalon.core.webui.keyword.internal.WebUIKeywordMain.runKeyword(WebUIKeywordMain.groovy:26)
	at com.kms.katalon.core.webui.keyword.builtin.SetTextKeyword.setText(SetTextKeyword.groovy:66)
	at com.kms.katalon.core.webui.keyword.builtin.SetTextKeyword.execute(SetTextKeyword.groovy:37)
	at com.kms.katalon.core.keyword.internal.KeywordExecutor.executeKeywordForPlatform(KeywordExecutor.groovy:73)
	at com.kms.katalon.core.webui.keyword.WebUiBuiltInKeywords.setText(WebUiBuiltInKeywords.groovy:976)
	at com.kms.katalon.core.webui.keyword.WebUiBuiltInKeywords$setText$4.call(Unknown Source)
	at tCC tN Test Edit Outline.run(tCC tN Test Edit Outline:48)
	at com.kms.katalon.core.main.ScriptEngine.run(ScriptEngine.java:194)
	at com.kms.katalon.core.main.ScriptEngine.runScriptAsRawText(ScriptEngine.java:119)
	at com.kms.katalon.core.main.TestCaseExecutor.runScript(TestCaseExecutor.java:339)
	at com.kms.katalon.core.main.TestCaseExecutor.doExecute(TestCaseExecutor.java:330)
	at com.kms.katalon.core.main.TestCaseExecutor.processExecutionPhase(TestCaseExecutor.java:309)
	at com.kms.katalon.core.main.TestCaseExecutor.accessMainPhase(TestCaseExecutor.java:301)
	at com.kms.katalon.core.main.TestCaseExecutor.execute(TestCaseExecutor.java:235)
	at com.kms.katalon.core.main.TestSuiteExecutor.accessTestCaseMainPhase(TestSuiteExecutor.java:191)
	at com.kms.katalon.core.main.TestSuiteExecutor.accessTestSuiteMainPhase(TestSuiteExecutor.java:141)
	at com.kms.katalon.core.main.TestSuiteExecutor.execute(TestSuiteExecutor.java:90)
	at com.kms.katalon.core.main.TestCaseMain.startTestSuite(TestCaseMain.java:157)
	at com.kms.katalon.core.main.TestCaseMain$startTestSuite$0.call(Unknown Source)
	at TempTestSuite1601322783658.run(TempTestSuite1601322783658.groovy:39)
Caused by: org.openqa.selenium.ElementNotInteractableException: Element <li> is not reachable by keyboard
Build info: version: '3.141.59', revision: 'e82be7d358', time: '2018-11-14T08:25:53'
System info: host: 'Kozs-MacBook-Air.local', ip: 'fe80:0:0:0:1cf0:a165:32ec:8708%en0', os.name: 'Mac OS X', os.arch: 'x86_64', os.version: '10.14.6', java.version: '1.8.0_181'
Driver info: com.kms.katalon.core.webui.driver.firefox.CGeckoDriver
Capabilities {acceptInsecureCerts: true, browserName: firefox, browserVersion: 81.0, javascriptEnabled: true, moz:accessibilityChecks: false, moz:buildID: 20200917005511, moz:geckodriverVersion: 0.23.0, moz:headless: false, moz:processID: 15365, moz:profile: /var/folders/hb/hv2s0v7n1nz..., moz:shutdownTimeout: 60000, moz:useNonSpecCompliantPointerOrigin: false, moz:webdriverClick: true, pageLoadStrategy: normal, platform: MAC, platformName: MAC, platformVersion: 18.7.0, proxy: Proxy(direct), rotatable: false, setWindowRect: true, strictFileInteractability: false, timeouts: {implicit: 0, pageLoad: 300000, script: 30000}, unhandledPromptBehavior: dismiss and notify}
Session ID: eb10f313-cdfd-b845-b319-f4b4859c9627
	at org.openqa.selenium.remote.http.W3CHttpResponseCodec.createException(W3CHttpResponseCodec.java:187)
	at org.openqa.selenium.remote.http.W3CHttpResponseCodec.decode(W3CHttpResponseCodec.java:122)
	at org.openqa.selenium.remote.http.W3CHttpResponseCodec.decode(W3CHttpResponseCodec.java:49)
	at org.openqa.selenium.remote.HttpCommandExecutor.execute(HttpCommandExecutor.java:158)
	at org.openqa.selenium.remote.service.DriverCommandExecutor.execute(DriverCommandExecutor.java:83)
	at org.openqa.selenium.remote.RemoteWebDriver.execute(RemoteWebDriver.java:552)
	at com.kms.katalon.selenium.driver.CFirefoxDriver.execute(CFirefoxDriver.java:27)
	at org.openqa.selenium.remote.RemoteWebElement.execute(RemoteWebElement.java:285)
	at org.openqa.selenium.remote.RemoteWebElement.sendKeys(RemoteWebElement.java:106)
	at org.openqa.selenium.support.events.EventFiringWebDriver$EventFiringWebElement.lambda$new$0(EventFiringWebDriver.java:404)
	at com.sun.proxy.$Proxy13.sendKeys(Unknown Source)
	at org.openqa.selenium.support.events.EventFiringWebDriver$EventFiringWebElement.sendKeys(EventFiringWebDriver.java:429)
	at com.kms.katalon.core.webui.keyword.builtin.SetTextKeyword$_setText_closure1.doCall(SetTextKeyword.groovy:59)
	at com.kms.katalon.core.webui.keyword.builtin.SetTextKeyword$_setText_closure1.call(SetTextKeyword.groovy)
	at com.kms.katalon.core.webui.keyword.internal.WebUIKeywordMain.runKeyword(WebUIKeywordMain.groovy:20)
	at com.kms.katalon.core.webui.keyword.builtin.SetTextKeyword.setText(SetTextKeyword.groovy:66)
	at com.kms.katalon.core.webui.keyword.builtin.SetTextKeyword.execute(SetTextKeyword.groovy:37)
	at com.kms.katalon.core.keyword.internal.KeywordExecutor.executeKeywordForPlatform(KeywordExecutor.groovy:73)
	at com.kms.katalon.core.webui.keyword.WebUiBuiltInKeywords.setText(WebUiBuiltInKeywords.groovy:976)
	at com.kms.katalon.core.webui.keyword.WebUiBuiltInKeywords$setText$4.call(Unknown Source)
	at Script1598999086403.run(Script1598999086403.groovy:48)
	... 13 more
)

2020-09-28 15:06:27 - [MESSAGE][FAILED] - Unable to set text 'Pablo instruye a Tito para que designe líderes piadosos (1:1-16)' of object 'Object Repository/Page_tCC translationNotes/tNText_GLOutlinePoint1' (Root cause: com.kms.katalon.core.exception.StepFailedException: Unable to set text 'Pablo instruye a Tito para que designe líderes piadosos (1:1-16)' of object 'Object Repository/Page_tCC translationNotes/tNText_GLOutlinePoint1'
	at com.kms.katalon.core.webui.keyword.internal.WebUIKeywordMain.stepFailed(WebUIKeywordMain.groovy:64)
	at com.kms.katalon.core.webui.keyword.internal.WebUIKeywordMain.runKeyword(WebUIKeywordMain.groovy:26)
	at com.kms.katalon.core.webui.keyword.builtin.SetTextKeyword.setText(SetTextKeyword.groovy:66)
	at com.kms.katalon.core.webui.keyword.builtin.SetTextKeyword.execute(SetTextKeyword.groovy:37)
	at com.kms.katalon.core.keyword.internal.KeywordExecutor.executeKeywordForPlatform(KeywordExecutor.groovy:73)
	at com.kms.katalon.core.webui.keyword.WebUiBuiltInKeywords.setText(WebUiBuiltInKeywords.groovy:976)
	at com.kms.katalon.core.webui.keyword.WebUiBuiltInKeywords$setText$4.call(Unknown Source)
	at tCC tN Test Edit Outline.run(tCC tN Test Edit Outline:48)
	at com.kms.katalon.core.main.ScriptEngine.run(ScriptEngine.java:194)
	at com.kms.katalon.core.main.ScriptEngine.runScriptAsRawText(ScriptEngine.java:119)
	at com.kms.katalon.core.main.TestCaseExecutor.runScript(TestCaseExecutor.java:339)
	at com.kms.katalon.core.main.TestCaseExecutor.doExecute(TestCaseExecutor.java:330)
	at com.kms.katalon.core.main.TestCaseExecutor.processExecutionPhase(TestCaseExecutor.java:309)
	at com.kms.katalon.core.main.TestCaseExecutor.accessMainPhase(TestCaseExecutor.java:301)
	at com.kms.katalon.core.main.TestCaseExecutor.execute(TestCaseExecutor.java:235)
	at com.kms.katalon.core.main.TestSuiteExecutor.accessTestCaseMainPhase(TestSuiteExecutor.java:191)
	at com.kms.katalon.core.main.TestSuiteExecutor.accessTestSuiteMainPhase(TestSuiteExecutor.java:141)
	at com.kms.katalon.core.main.TestSuiteExecutor.execute(TestSuiteExecutor.java:90)
	at com.kms.katalon.core.main.TestCaseMain.startTestSuite(TestCaseMain.java:157)
	at com.kms.katalon.core.main.TestCaseMain$startTestSuite$0.call(Unknown Source)
	at TempTestSuite1601322783658.run(TempTestSuite1601322783658.groovy:39)
Caused by: org.openqa.selenium.ElementNotInteractableException: Element <li> is not reachable by keyboard
Build info: version: '3.141.59', revision: 'e82be7d358', time: '2018-11-14T08:25:53'
System info: host: 'Kozs-MacBook-Air.local', ip: 'fe80:0:0:0:1cf0:a165:32ec:8708%en0', os.name: 'Mac OS X', os.arch: 'x86_64', os.version: '10.14.6', java.version: '1.8.0_181'
Driver info: com.kms.katalon.core.webui.driver.firefox.CGeckoDriver
Capabilities {acceptInsecureCerts: true, browserName: firefox, browserVersion: 81.0, javascriptEnabled: true, moz:accessibilityChecks: false, moz:buildID: 20200917005511, moz:geckodriverVersion: 0.23.0, moz:headless: false, moz:processID: 15365, moz:profile: /var/folders/hb/hv2s0v7n1nz..., moz:shutdownTimeout: 60000, moz:useNonSpecCompliantPointerOrigin: false, moz:webdriverClick: true, pageLoadStrategy: normal, platform: MAC, platformName: MAC, platformVersion: 18.7.0, proxy: Proxy(direct), rotatable: false, setWindowRect: true, strictFileInteractability: false, timeouts: {implicit: 0, pageLoad: 300000, script: 30000}, unhandledPromptBehavior: dismiss and notify}
Session ID: eb10f313-cdfd-b845-b319-f4b4859c9627
	at org.openqa.selenium.remote.http.W3CHttpResponseCodec.createException(W3CHttpResponseCodec.java:187)
	at org.openqa.selenium.remote.http.W3CHttpResponseCodec.decode(W3CHttpResponseCodec.java:122)
	at org.openqa.selenium.remote.http.W3CHttpResponseCodec.decode(W3CHttpResponseCodec.java:49)
	at org.openqa.selenium.remote.HttpCommandExecutor.execute(HttpCommandExecutor.java:158)
	at org.openqa.selenium.remote.service.DriverCommandExecutor.execute(DriverCommandExecutor.java:83)
	at org.openqa.selenium.remote.RemoteWebDriver.execute(RemoteWebDriver.java:552)
	at com.kms.katalon.selenium.driver.CFirefoxDriver.execute(CFirefoxDriver.java:27)
	at org.openqa.selenium.remote.RemoteWebElement.execute(RemoteWebElement.java:285)
	at org.openqa.selenium.remote.RemoteWebElement.sendKeys(RemoteWebElement.java:106)
	at org.openqa.selenium.support.events.EventFiringWebDriver$EventFiringWebElement.lambda$new$0(EventFiringWebDriver.java:404)
	at com.sun.proxy.$Proxy13.sendKeys(Unknown Source)
	at org.openqa.selenium.support.events.EventFiringWebDriver$EventFiringWebElement.sendKeys(EventFiringWebDriver.java:429)
	at com.kms.katalon.core.webui.keyword.builtin.SetTextKeyword$_setText_closure1.doCall(SetTextKeyword.groovy:59)
	at com.kms.katalon.core.webui.keyword.builtin.SetTextKeyword$_setText_closure1.call(SetTextKeyword.groovy)
	at com.kms.katalon.core.webui.keyword.internal.WebUIKeywordMain.runKeyword(WebUIKeywordMain.groovy:20)
	at com.kms.katalon.core.webui.keyword.builtin.SetTextKeyword.setText(SetTextKeyword.groovy:66)
	at com.kms.katalon.core.webui.keyword.builtin.SetTextKeyword.execute(SetTextKeyword.groovy:37)
	at com.kms.katalon.core.keyword.internal.KeywordExecutor.executeKeywordForPlatform(KeywordExecutor.groovy:73)
	at com.kms.katalon.core.webui.keyword.WebUiBuiltInKeywords.setText(WebUiBuiltInKeywords.groovy:976)
	at com.kms.katalon.core.webui.keyword.WebUiBuiltInKeywords$setText$4.call(Unknown Source)
	at Script1598999086403.run(Script1598999086403.groovy:48)
	... 13 more
)
[[ATTACHMENT|/Users/cckozie/Katalon Studio/tC Create Project/Reports/20200928_145253/tCC Test Suite 1/20200928_145303/1601323584715.png]]

2020-09-28 15:06:27 - [TEST_STEP][PASSED] - Start listener action : sampleAfterTestCase: null

2020-09-28 15:06:27 - [TEST_STEP][PASSED] - separator = "===========================================================================================================================": null

2020-09-28 15:06:27 - [TEST_STEP][PASSED] - println(separator): null

2020-09-28 15:06:27 - [TEST_STEP][PASSED] - prefix = " +++++++++++ ": null

2020-09-28 15:06:27 - [TEST_STEP][PASSED] - if (testCaseContext.getTestCaseStatus() != "PASSED"): null

2020-09-28 15:06:27 - [TEST_STEP][PASSED] - prefix = " ---------------------- ": null

2020-09-28 15:06:27 - [TEST_STEP][PASSED] - println(prefix + testCaseContext.getTestCaseId() + " on " + version + " " + testCaseContext.getTestCaseStatus() + prefix): null

2020-09-28 15:06:27 - [TEST_STEP][PASSED] - tsMessages.add("##" + testCaseContext.getTestCaseId()): null

2020-09-28 15:06:27 - [TEST_STEP][PASSED] - if (tcMessages.size() > 0): null

2020-09-28 15:06:27 - [TEST_STEP][PASSED] - println(separator): null

2020-09-28 15:06:29 - [TEST_STEP][PASSED] - Video: Video recording for test case 'Test Cases/tCC Test Cases/tCC tN Test Edit Outline' .

2020-09-28 15:06:29 - [MESSAGE][INFO] - Video recording for test case 'Test Cases/tCC Test Cases/tCC tN Test Edit Outline' .
[[ATTACHMENT|/Users/cckozie/Katalon Studio/tC Create Project/Reports/20200928_145253/tCC Test Suite 1/20200928_145303/videos/test_4.avi]]]]></system-out>
         <system-err><![CDATA[2020-09-28 15:05:53 - [TEST_CASE][FAILED] - Test Cases/tCC Test Cases/tCC tN Test Edit Outline: Test Cases/tCC Test Cases/tCC tN Test Edit Outline FAILED.
Reason:
com.kms.katalon.core.exception.StepFailedException: Unable to set text 'Pablo instruye a Tito para que designe líderes piadosos (1:1-16)' of object 'Object Repository/Page_tCC translationNotes/tNText_GLOutlinePoint1'
	at com.kms.katalon.core.webui.keyword.internal.WebUIKeywordMain.stepFailed(WebUIKeywordMain.groovy:64)
	at com.kms.katalon.core.webui.keyword.internal.WebUIKeywordMain.runKeyword(WebUIKeywordMain.groovy:26)
	at com.kms.katalon.core.webui.keyword.builtin.SetTextKeyword.setText(SetTextKeyword.groovy:66)
	at com.kms.katalon.core.webui.keyword.builtin.SetTextKeyword.execute(SetTextKeyword.groovy:37)
	at com.kms.katalon.core.keyword.internal.KeywordExecutor.executeKeywordForPlatform(KeywordExecutor.groovy:73)
	at com.kms.katalon.core.webui.keyword.WebUiBuiltInKeywords.setText(WebUiBuiltInKeywords.groovy:976)
	at com.kms.katalon.core.webui.keyword.WebUiBuiltInKeywords$setText$4.call(Unknown Source)
	at tCC tN Test Edit Outline.run(tCC tN Test Edit Outline:48)
	at com.kms.katalon.core.main.ScriptEngine.run(ScriptEngine.java:194)
	at com.kms.katalon.core.main.ScriptEngine.runScriptAsRawText(ScriptEngine.java:119)
	at com.kms.katalon.core.main.TestCaseExecutor.runScript(TestCaseExecutor.java:339)
	at com.kms.katalon.core.main.TestCaseExecutor.doExecute(TestCaseExecutor.java:330)
	at com.kms.katalon.core.main.TestCaseExecutor.processExecutionPhase(TestCaseExecutor.java:309)
	at com.kms.katalon.core.main.TestCaseExecutor.accessMainPhase(TestCaseExecutor.java:301)
	at com.kms.katalon.core.main.TestCaseExecutor.execute(TestCaseExecutor.java:235)
	at com.kms.katalon.core.main.TestSuiteExecutor.accessTestCaseMainPhase(TestSuiteExecutor.java:191)
	at com.kms.katalon.core.main.TestSuiteExecutor.accessTestSuiteMainPhase(TestSuiteExecutor.java:141)
	at com.kms.katalon.core.main.TestSuiteExecutor.execute(TestSuiteExecutor.java:90)
	at com.kms.katalon.core.main.TestCaseMain.startTestSuite(TestCaseMain.java:157)
	at com.kms.katalon.core.main.TestCaseMain$startTestSuite$0.call(Unknown Source)
	at TempTestSuite1601322783658.run(TempTestSuite1601322783658.groovy:39)
Caused by: org.openqa.selenium.ElementNotInteractableException: Element <li> is not reachable by keyboard
Build info: version: '3.141.59', revision: 'e82be7d358', time: '2018-11-14T08:25:53'
System info: host: 'Kozs-MacBook-Air.local', ip: 'fe80:0:0:0:1cf0:a165:32ec:8708%en0', os.name: 'Mac OS X', os.arch: 'x86_64', os.version: '10.14.6', java.version: '1.8.0_181'
Driver info: com.kms.katalon.core.webui.driver.firefox.CGeckoDriver
Capabilities {acceptInsecureCerts: true, browserName: firefox, browserVersion: 81.0, javascriptEnabled: true, moz:accessibilityChecks: false, moz:buildID: 20200917005511, moz:geckodriverVersion: 0.23.0, moz:headless: false, moz:processID: 15365, moz:profile: /var/folders/hb/hv2s0v7n1nz..., moz:shutdownTimeout: 60000, moz:useNonSpecCompliantPointerOrigin: false, moz:webdriverClick: true, pageLoadStrategy: normal, platform: MAC, platformName: MAC, platformVersion: 18.7.0, proxy: Proxy(direct), rotatable: false, setWindowRect: true, strictFileInteractability: false, timeouts: {implicit: 0, pageLoad: 300000, script: 30000}, unhandledPromptBehavior: dismiss and notify}
Session ID: eb10f313-cdfd-b845-b319-f4b4859c9627
	at org.openqa.selenium.remote.http.W3CHttpResponseCodec.createException(W3CHttpResponseCodec.java:187)
	at org.openqa.selenium.remote.http.W3CHttpResponseCodec.decode(W3CHttpResponseCodec.java:122)
	at org.openqa.selenium.remote.http.W3CHttpResponseCodec.decode(W3CHttpResponseCodec.java:49)
	at org.openqa.selenium.remote.HttpCommandExecutor.execute(HttpCommandExecutor.java:158)
	at org.openqa.selenium.remote.service.DriverCommandExecutor.execute(DriverCommandExecutor.java:83)
	at org.openqa.selenium.remote.RemoteWebDriver.execute(RemoteWebDriver.java:552)
	at com.kms.katalon.selenium.driver.CFirefoxDriver.execute(CFirefoxDriver.java:27)
	at org.openqa.selenium.remote.RemoteWebElement.execute(RemoteWebElement.java:285)
	at org.openqa.selenium.remote.RemoteWebElement.sendKeys(RemoteWebElement.java:106)
	at org.openqa.selenium.support.events.EventFiringWebDriver$EventFiringWebElement.lambda$new$0(EventFiringWebDriver.java:404)
	at com.sun.proxy.$Proxy13.sendKeys(Unknown Source)
	at org.openqa.selenium.support.events.EventFiringWebDriver$EventFiringWebElement.sendKeys(EventFiringWebDriver.java:429)
	at com.kms.katalon.core.webui.keyword.builtin.SetTextKeyword$_setText_closure1.doCall(SetTextKeyword.groovy:59)
	at com.kms.katalon.core.webui.keyword.builtin.SetTextKeyword$_setText_closure1.call(SetTextKeyword.groovy)
	at com.kms.katalon.core.webui.keyword.internal.WebUIKeywordMain.runKeyword(WebUIKeywordMain.groovy:20)
	... 19 more]]></system-err>
      </testcase>
      <testcase name="Test Cases/tCC Test Cases/tCC tA Test Block Quotes" time="53.694" classname="Test Cases/tCC Test Cases/tCC tA Test Block Quotes" status="FAILED">
         <failure type="FAILED" message="Test Cases/tCC Test Cases/tCC tA Test Block Quotes FAILED.
Reason:
com.kms.katalon.core.exception.StepFailedException: com.kms.katalon.core.webui.exception.WebElementNotFoundException: Web element with id: 'Object Repository/Page_tCC translationAcademy/button_SaveEnabled' located by 'id(&quot;root&quot;)/div[@class=&quot;App&quot;]/div[1]/div[@class=&quot;jss50&quot;]/div[@class=&quot;jss54&quot;]/div[@class=&quot;MuiPaper-root MuiPaper-elevation1 MuiPaper-rounded&quot;]/div[@class=&quot;jss55&quot;]/button[@class=&quot;MuiButtonBase-root MuiIconButton-root jss56&quot;][count(. | //*[@type = 'button' and @aria-label = 'Save']) = count(//*[@type = 'button' and @aria-label = 'Save'])]' not found (Root cause: com.kms.katalon.core.exception.StepFailedException: com.kms.katalon.core.webui.exception.WebElementNotFoundException: Web element with id: 'Object Repository/Page_tCC translationAcademy/button_SaveEnabled' located by 'id(&quot;root&quot;)/div[@class=&quot;App&quot;]/div[1]/div[@class=&quot;jss50&quot;]/div[@class=&quot;jss54&quot;]/div[@class=&quot;MuiPaper-root MuiPaper-elevation1 MuiPaper-rounded&quot;]/div[@class=&quot;jss55&quot;]/button[@class=&quot;MuiButtonBase-root MuiIconButton-root jss56&quot;][count(. | //*[@type = 'button' and @aria-label = 'Save']) = count(//*[@type = 'button' and @aria-label = 'Save'])]' not found
	at com.kms.katalon.core.webui.keyword.internal.WebUIKeywordMain.stepFailed(WebUIKeywordMain.groovy:64)
	at com.kms.katalon.core.webui.keyword.builtin.VerifyElementPresentKeyword$_verifyElementPresent_closure1.doCall(VerifyElementPresentKeyword.groovy:85)
	at com.kms.katalon.core.webui.keyword.builtin.VerifyElementPresentKeyword$_verifyElementPresent_closure1.call(VerifyElementPresentKeyword.groovy)
	at com.kms.katalon.core.webui.keyword.internal.WebUIKeywordMain.runKeyword(WebUIKeywordMain.groovy:20)
	at com.kms.katalon.core.webui.keyword.builtin.VerifyElementPresentKeyword.verifyElementPresent(VerifyElementPresentKeyword.groovy:92)
	at com.kms.katalon.core.webui.keyword.builtin.VerifyElementPresentKeyword.execute(VerifyElementPresentKeyword.groovy:68)
	at com.kms.katalon.core.keyword.internal.KeywordExecutor.executeKeywordForPlatform(KeywordExecutor.groovy:73)
	at com.kms.katalon.core.webui.keyword.WebUiBuiltInKeywords.verifyElementPresent(WebUiBuiltInKeywords.groovy:1444)
	at com.kms.katalon.core.webui.keyword.WebUiBuiltInKeywords$verifyElementPresent$19.call(Unknown Source)
	at tCC tA Test Block Quotes.run(tCC tA Test Block Quotes:44)
	at com.kms.katalon.core.main.ScriptEngine.run(ScriptEngine.java:194)
	at com.kms.katalon.core.main.ScriptEngine.runScriptAsRawText(ScriptEngine.java:119)
	at com.kms.katalon.core.main.TestCaseExecutor.runScript(TestCaseExecutor.java:339)
	at com.kms.katalon.core.main.TestCaseExecutor.doExecute(TestCaseExecutor.java:330)
	at com.kms.katalon.core.main.TestCaseExecutor.processExecutionPhase(TestCaseExecutor.java:309)
	at com.kms.katalon.core.main.TestCaseExecutor.accessMainPhase(TestCaseExecutor.java:301)
	at com.kms.katalon.core.main.TestCaseExecutor.execute(TestCaseExecutor.java:235)
	at com.kms.katalon.core.main.TestSuiteExecutor.accessTestCaseMainPhase(TestSuiteExecutor.java:191)
	at com.kms.katalon.core.main.TestSuiteExecutor.accessTestSuiteMainPhase(TestSuiteExecutor.java:141)
	at com.kms.katalon.core.main.TestSuiteExecutor.execute(TestSuiteExecutor.java:90)
	at com.kms.katalon.core.main.TestCaseMain.startTestSuite(TestCaseMain.java:157)
	at com.kms.katalon.core.main.TestCaseMain$startTestSuite$0.call(Unknown Source)
	at TempTestSuite1601322783658.run(TempTestSuite1601322783658.groovy:39)
)
	at com.kms.katalon.core.keyword.internal.KeywordMain.stepFailed(KeywordMain.groovy:39)
	at com.kms.katalon.core.webui.keyword.internal.WebUIKeywordMain.stepFailed(WebUIKeywordMain.groovy:64)
	at com.kms.katalon.core.webui.keyword.builtin.VerifyElementPresentKeyword$_verifyElementPresent_closure1.doCall(VerifyElementPresentKeyword.groovy:85)
	at com.kms.katalon.core.webui.keyword.builtin.VerifyElementPresentKeyword$_verifyElementPresent_closure1.call(VerifyElementPresentKeyword.groovy)
	at com.kms.katalon.core.webui.keyword.internal.WebUIKeywordMain.runKeyword(WebUIKeywordMain.groovy:20)
	at com.kms.katalon.core.webui.keyword.builtin.VerifyElementPresentKeyword.verifyElementPresent(VerifyElementPresentKeyword.groovy:92)
	at com.kms.katalon.core.webui.keyword.builtin.VerifyElementPresentKeyword.execute(VerifyElementPresentKeyword.groovy:68)
	at com.kms.katalon.core.keyword.internal.KeywordExecutor.executeKeywordForPlatform(KeywordExecutor.groovy:73)
	at com.kms.katalon.core.webui.keyword.WebUiBuiltInKeywords.verifyElementPresent(WebUiBuiltInKeywords.groovy:1444)
	at com.kms.katalon.core.webui.keyword.WebUiBuiltInKeywords$verifyElementPresent$19.call(Unknown Source)
	at tCC tA Test Block Quotes.run(tCC tA Test Block Quotes:44)
	at com.kms.katalon.core.main.ScriptEngine.run(ScriptEngine.java:194)
	at com.kms.katalon.core.main.ScriptEngine.runScriptAsRawText(ScriptEngine.java:119)
	at com.kms.katalon.core.main.TestCaseExecutor.runScript(TestCaseExecutor.java:339)
	at com.kms.katalon.core.main.TestCaseExecutor.doExecute(TestCaseExecutor.java:330)
	at com.kms.katalon.core.main.TestCaseExecutor.processExecutionPhase(TestCaseExecutor.java:309)
	at com.kms.katalon.core.main.TestCaseExecutor.accessMainPhase(TestCaseExecutor.java:301)
	at com.kms.katalon.core.main.TestCaseExecutor.execute(TestCaseExecutor.java:235)
	at com.kms.katalon.core.main.TestSuiteExecutor.accessTestCaseMainPhase(TestSuiteExecutor.java:191)
	at com.kms.katalon.core.main.TestSuiteExecutor.accessTestSuiteMainPhase(TestSuiteExecutor.java:141)
	at com.kms.katalon.core.main.TestSuiteExecutor.execute(TestSuiteExecutor.java:90)
	at com.kms.katalon.core.main.TestCaseMain.startTestSuite(TestCaseMain.java:157)
	at com.kms.katalon.core.main.TestCaseMain$startTestSuite$0.call(Unknown Source)
	at TempTestSuite1601322783658.run(TempTestSuite1601322783658.groovy:39)
Caused by: com.kms.katalon.core.exception.StepFailedException: com.kms.katalon.core.webui.exception.WebElementNotFoundException: Web element with id: 'Object Repository/Page_tCC translationAcademy/button_SaveEnabled' located by 'id(&quot;root&quot;)/div[@class=&quot;App&quot;]/div[1]/div[@class=&quot;jss50&quot;]/div[@class=&quot;jss54&quot;]/div[@class=&quot;MuiPaper-root MuiPaper-elevation1 MuiPaper-rounded&quot;]/div[@class=&quot;jss55&quot;]/button[@class=&quot;MuiButtonBase-root MuiIconButton-root jss56&quot;][count(. | //*[@type = 'button' and @aria-label = 'Save']) = count(//*[@type = 'button' and @aria-label = 'Save'])]' not found
	... 23 more
"/>
         <system-out><![CDATA[2020-09-28 15:06:29 - [TEST_CASE][FAILED] - Test Cases/tCC Test Cases/tCC tA Test Block Quotes: Test Cases/tCC Test Cases/tCC tA Test Block Quotes FAILED.
Reason:
com.kms.katalon.core.exception.StepFailedException: com.kms.katalon.core.webui.exception.WebElementNotFoundException: Web element with id: 'Object Repository/Page_tCC translationAcademy/button_SaveEnabled' located by 'id("root")/div[@class="App"]/div[1]/div[@class="jss50"]/div[@class="jss54"]/div[@class="MuiPaper-root MuiPaper-elevation1 MuiPaper-rounded"]/div[@class="jss55"]/button[@class="MuiButtonBase-root MuiIconButton-root jss56"][count(. | //*[@type = 'button' and @aria-label = 'Save']) = count(//*[@type = 'button' and @aria-label = 'Save'])]' not found (Root cause: com.kms.katalon.core.exception.StepFailedException: com.kms.katalon.core.webui.exception.WebElementNotFoundException: Web element with id: 'Object Repository/Page_tCC translationAcademy/button_SaveEnabled' located by 'id("root")/div[@class="App"]/div[1]/div[@class="jss50"]/div[@class="jss54"]/div[@class="MuiPaper-root MuiPaper-elevation1 MuiPaper-rounded"]/div[@class="jss55"]/button[@class="MuiButtonBase-root MuiIconButton-root jss56"][count(. | //*[@type = 'button' and @aria-label = 'Save']) = count(//*[@type = 'button' and @aria-label = 'Save'])]' not found
	at com.kms.katalon.core.webui.keyword.internal.WebUIKeywordMain.stepFailed(WebUIKeywordMain.groovy:64)
	at com.kms.katalon.core.webui.keyword.builtin.VerifyElementPresentKeyword$_verifyElementPresent_closure1.doCall(VerifyElementPresentKeyword.groovy:85)
	at com.kms.katalon.core.webui.keyword.builtin.VerifyElementPresentKeyword$_verifyElementPresent_closure1.call(VerifyElementPresentKeyword.groovy)
	at com.kms.katalon.core.webui.keyword.internal.WebUIKeywordMain.runKeyword(WebUIKeywordMain.groovy:20)
	at com.kms.katalon.core.webui.keyword.builtin.VerifyElementPresentKeyword.verifyElementPresent(VerifyElementPresentKeyword.groovy:92)
	at com.kms.katalon.core.webui.keyword.builtin.VerifyElementPresentKeyword.execute(VerifyElementPresentKeyword.groovy:68)
	at com.kms.katalon.core.keyword.internal.KeywordExecutor.executeKeywordForPlatform(KeywordExecutor.groovy:73)
	at com.kms.katalon.core.webui.keyword.WebUiBuiltInKeywords.verifyElementPresent(WebUiBuiltInKeywords.groovy:1444)
	at com.kms.katalon.core.webui.keyword.WebUiBuiltInKeywords$verifyElementPresent$19.call(Unknown Source)
	at tCC tA Test Block Quotes.run(tCC tA Test Block Quotes:44)
	at com.kms.katalon.core.main.ScriptEngine.run(ScriptEngine.java:194)
	at com.kms.katalon.core.main.ScriptEngine.runScriptAsRawText(ScriptEngine.java:119)
	at com.kms.katalon.core.main.TestCaseExecutor.runScript(TestCaseExecutor.java:339)
	at com.kms.katalon.core.main.TestCaseExecutor.doExecute(TestCaseExecutor.java:330)
	at com.kms.katalon.core.main.TestCaseExecutor.processExecutionPhase(TestCaseExecutor.java:309)
	at com.kms.katalon.core.main.TestCaseExecutor.accessMainPhase(TestCaseExecutor.java:301)
	at com.kms.katalon.core.main.TestCaseExecutor.execute(TestCaseExecutor.java:235)
	at com.kms.katalon.core.main.TestSuiteExecutor.accessTestCaseMainPhase(TestSuiteExecutor.java:191)
	at com.kms.katalon.core.main.TestSuiteExecutor.accessTestSuiteMainPhase(TestSuiteExecutor.java:141)
	at com.kms.katalon.core.main.TestSuiteExecutor.execute(TestSuiteExecutor.java:90)
	at com.kms.katalon.core.main.TestCaseMain.startTestSuite(TestCaseMain.java:157)
	at com.kms.katalon.core.main.TestCaseMain$startTestSuite$0.call(Unknown Source)
	at TempTestSuite1601322783658.run(TempTestSuite1601322783658.groovy:39)
)
	at com.kms.katalon.core.keyword.internal.KeywordMain.stepFailed(KeywordMain.groovy:39)
	at com.kms.katalon.core.webui.keyword.internal.WebUIKeywordMain.stepFailed(WebUIKeywordMain.groovy:64)
	at com.kms.katalon.core.webui.keyword.builtin.VerifyElementPresentKeyword$_verifyElementPresent_closure1.doCall(VerifyElementPresentKeyword.groovy:85)
	at com.kms.katalon.core.webui.keyword.builtin.VerifyElementPresentKeyword$_verifyElementPresent_closure1.call(VerifyElementPresentKeyword.groovy)
	at com.kms.katalon.core.webui.keyword.internal.WebUIKeywordMain.runKeyword(WebUIKeywordMain.groovy:20)
	at com.kms.katalon.core.webui.keyword.builtin.VerifyElementPresentKeyword.verifyElementPresent(VerifyElementPresentKeyword.groovy:92)
	at com.kms.katalon.core.webui.keyword.builtin.VerifyElementPresentKeyword.execute(VerifyElementPresentKeyword.groovy:68)
	at com.kms.katalon.core.keyword.internal.KeywordExecutor.executeKeywordForPlatform(KeywordExecutor.groovy:73)
	at com.kms.katalon.core.webui.keyword.WebUiBuiltInKeywords.verifyElementPresent(WebUiBuiltInKeywords.groovy:1444)
	at com.kms.katalon.core.webui.keyword.WebUiBuiltInKeywords$verifyElementPresent$19.call(Unknown Source)
	at tCC tA Test Block Quotes.run(tCC tA Test Block Quotes:44)
	at com.kms.katalon.core.main.ScriptEngine.run(ScriptEngine.java:194)
	at com.kms.katalon.core.main.ScriptEngine.runScriptAsRawText(ScriptEngine.java:119)
	at com.kms.katalon.core.main.TestCaseExecutor.runScript(TestCaseExecutor.java:339)
	at com.kms.katalon.core.main.TestCaseExecutor.doExecute(TestCaseExecutor.java:330)
	at com.kms.katalon.core.main.TestCaseExecutor.processExecutionPhase(TestCaseExecutor.java:309)
	at com.kms.katalon.core.main.TestCaseExecutor.accessMainPhase(TestCaseExecutor.java:301)
	at com.kms.katalon.core.main.TestCaseExecutor.execute(TestCaseExecutor.java:235)
	at com.kms.katalon.core.main.TestSuiteExecutor.accessTestCaseMainPhase(TestSuiteExecutor.java:191)
	at com.kms.katalon.core.main.TestSuiteExecutor.accessTestSuiteMainPhase(TestSuiteExecutor.java:141)
	at com.kms.katalon.core.main.TestSuiteExecutor.execute(TestSuiteExecutor.java:90)
	at com.kms.katalon.core.main.TestCaseMain.startTestSuite(TestCaseMain.java:157)
	at com.kms.katalon.core.main.TestCaseMain$startTestSuite$0.call(Unknown Source)
	at TempTestSuite1601322783658.run(TempTestSuite1601322783658.groovy:39)
Caused by: com.kms.katalon.core.exception.StepFailedException: com.kms.katalon.core.webui.exception.WebElementNotFoundException: Web element with id: 'Object Repository/Page_tCC translationAcademy/button_SaveEnabled' located by 'id("root")/div[@class="App"]/div[1]/div[@class="jss50"]/div[@class="jss54"]/div[@class="MuiPaper-root MuiPaper-elevation1 MuiPaper-rounded"]/div[@class="jss55"]/button[@class="MuiButtonBase-root MuiIconButton-root jss56"][count(. | //*[@type = 'button' and @aria-label = 'Save']) = count(//*[@type = 'button' and @aria-label = 'Save'])]' not found
	... 23 more


2020-09-28 15:06:29 - [TEST_STEP][PASSED] - Start listener action : sampleBeforeTestCase: Execution profile is tCC Production

2020-09-28 15:06:29 - [TEST_STEP][PASSED] - tcMessages = []: null

2020-09-28 15:06:29 - [TEST_STEP][PASSED] - executionProfile = getExecutionProfile(): null

2020-09-28 15:06:29 - [TEST_STEP][PASSED] - logInfo("Execution profile is " + executionProfile): Execution profile is tCC Production

2020-09-28 15:06:29 - [MESSAGE][INFO] - Execution profile is tCC Production

2020-09-28 15:06:29 - [TEST_STEP][PASSED] - callTestCase(findTestCase("tCC Components/tCC tA Open For Edit"), ["$username":"", "$password":"", "$origQuote":"", "$newOrigQuote":""], STOP_ON_FAILURE): Call Test Case 'Test Cases/tCC Components/tCC tA Open For Edit' successfully

2020-09-28 15:06:29 - [TEST_CASE][PASSED] - Test Cases/tCC Components/tCC tA Open For Edit: Test Cases/tCC Components/tCC tA Open For Edit

2020-09-28 15:06:30 - [TEST_STEP][PASSED] - callTestCase(findTestCase("tCC Components/tCC Login"), ["user":$username, "password":$password], STOP_ON_FAILURE): Call Test Case 'Test Cases/tCC Components/tCC Login' successfully

2020-09-28 15:06:30 - [TEST_CASE][PASSED] - Test Cases/tCC Components/tCC Login: Test Cases/tCC Components/tCC Login

2020-09-28 15:06:30 - [TEST_STEP][PASSED] - if (openBrowser): Current window maximized

2020-09-28 15:06:30 - [TEST_STEP][PASSED] - openBrowser(""): Browser is opened with url: ''

2020-09-28 15:06:30 - [MESSAGE][WARNING] - A browser is already opened. Closing browser and opening a new one

2020-09-28 15:06:31 - [MESSAGE][INFO] - Starting 'Firefox' driver

2020-09-28 15:06:31 - [MESSAGE][INFO] - Action delay is set to 0 milliseconds

2020-09-28 15:06:37 - [MESSAGE][PASSED] - Browser is opened with url: ''

2020-09-28 15:06:37 - [TEST_STEP][PASSED] - maximizeWindow(): Current window maximized

2020-09-28 15:06:37 - [MESSAGE][PASSED] - Current window maximized

2020-09-28 15:06:37 - [TEST_STEP][PASSED] - println("Opening " + url): null

2020-09-28 15:06:37 - [TEST_STEP][PASSED] - navigateToUrl(url): Navigate to 'http://create.translationcore.com' successfully

2020-09-28 15:06:40 - [MESSAGE][PASSED] - Navigate to 'http://create.translationcore.com' successfully

2020-09-28 15:06:40 - [TEST_STEP][PASSED] - waitForElementVisible(findTestObject("Page_tC Create/text_tCCVersion"), 30): Object 'Object Repository/Page_tC Create/text_tCCVersion' is visible

2020-09-28 15:06:41 - [MESSAGE][PASSED] - Object 'Object Repository/Page_tC Create/text_tCCVersion' is visible

2020-09-28 15:06:41 - [TEST_STEP][PASSED] - version = getText(findTestObject("Page_tC Create/text_tCCVersion")): Text of object 'Object Repository/Page_tC Create/text_tCCVersion' is: 'translationCore Create - v1.0.4'

2020-09-28 15:06:42 - [MESSAGE][PASSED] - Text of object 'Object Repository/Page_tC Create/text_tCCVersion' is: 'translationCore Create - v1.0.4'

2020-09-28 15:06:42 - [TEST_STEP][PASSED] - version = version: null

2020-09-28 15:06:42 - [TEST_STEP][PASSED] - println("Version is " + version): null

2020-09-28 15:06:42 - [TEST_STEP][PASSED] - if (user == ""): Object: 'Object Repository/Page_tC Create/button_Login' is clicked on

2020-09-28 15:06:42 - [TEST_STEP][PASSED] - println("Logging in as " + user1Name): null

2020-09-28 15:06:42 - [TEST_STEP][PASSED] - setText(findTestObject("Page_tC Create/input__username"), user1Name): Text 'tcc001' is set on object 'Object Repository/Page_tC Create/input__username'

2020-09-28 15:06:42 - [MESSAGE][PASSED] - Text 'tcc001' is set on object 'Object Repository/Page_tC Create/input__username'

2020-09-28 15:06:42 - [TEST_STEP][PASSED] - setText(findTestObject("Page_tC Create/input__password"), user1Password): Text 'tcc001' is set on object 'Object Repository/Page_tC Create/input__password'

2020-09-28 15:06:43 - [MESSAGE][PASSED] - Text 'tcc001' is set on object 'Object Repository/Page_tC Create/input__password'

2020-09-28 15:06:43 - [TEST_STEP][PASSED] - click(findTestObject("Page_tC Create/button_Login")): Object: 'Object Repository/Page_tC Create/button_Login' is clicked on

2020-09-28 15:06:44 - [MESSAGE][PASSED] - Object: 'Object Repository/Page_tC Create/button_Login' is clicked on

2020-09-28 15:06:44 - [MESSAGE][PASSED] - Call Test Case 'Test Cases/tCC Components/tCC Login' successfully

2020-09-28 15:06:44 - [TEST_STEP][PASSED] - if (callTestCase(findTestCase("tCC Components/tCC Select Org-Lang-Resource"), ["organization":"", "language":"", "resource":"unfoldingWord® Translation Academy"], STOP_ON_FAILURE) == false): Call Test Case 'Test Cases/tCC Components/tCC Select Org-Lang-Resource' successfully

2020-09-28 15:06:44 - [TEST_CASE][PASSED] - Test Cases/tCC Components/tCC Select Org-Lang-Resource: Test Cases/tCC Components/tCC Select Org-Lang-Resource

2020-09-28 15:06:44 - [TEST_STEP][PASSED] - if (organization == ""): null

2020-09-28 15:06:44 - [TEST_STEP][PASSED] - organization = organization: null

2020-09-28 15:06:44 - [TEST_STEP][PASSED] - if (language == ""): null

2020-09-28 15:06:44 - [TEST_STEP][PASSED] - language = langCode: null

2020-09-28 15:06:44 - [TEST_STEP][PASSED] - println("Choosing organization " + organization): null

2020-09-28 15:06:44 - [TEST_STEP][PASSED] - if (waitForElementPresent(organization, 5, OPTIONAL) == false): Object 'Object Repository/Page_tC Create/listOrg_translate_test' is present

2020-09-28 15:06:46 - [MESSAGE][PASSED] - Object 'Object Repository/Page_tC Create/listOrg_translate_test' is present

2020-09-28 15:06:46 - [TEST_STEP][PASSED] - else: null

2020-09-28 15:06:46 - [TEST_STEP][PASSED] - click(organization): Object: 'Object Repository/Page_tC Create/listOrg_translate_test' is clicked on

2020-09-28 15:06:47 - [MESSAGE][PASSED] - Object: 'Object Repository/Page_tC Create/listOrg_translate_test' is clicked on

2020-09-28 15:06:47 - [TEST_STEP][PASSED] - alerted = waitForAlert(2): No alert found after 2 second(s).

2020-09-28 15:06:49 - [MESSAGE][WARNING] - No alert found after 2 second(s).

2020-09-28 15:06:49 - [TEST_STEP][PASSED] - if (alerted == true): null

2020-09-28 15:06:49 - [TEST_STEP][PASSED] - else: Object: 'Object Repository/Page_tC Create/listOption_Language_Parmed' is clicked on

2020-09-28 15:06:49 - [TEST_STEP][PASSED] - println("Not alerted on organization"): null

2020-09-28 15:06:49 - [TEST_STEP][PASSED] - alertFlag = false: null

2020-09-28 15:06:49 - [TEST_STEP][PASSED] - println("Choosing resource " + resource): null

2020-09-28 15:06:49 - [TEST_STEP][PASSED] - click(findTestObject("Page_tC Create/resource_Parmed", ["resource":resource])): Object: 'Object Repository/Page_tC Create/resource_Parmed' is clicked on

2020-09-28 15:06:49 - [MESSAGE][PASSED] - Object: 'Object Repository/Page_tC Create/resource_Parmed' is clicked on

2020-09-28 15:06:49 - [TEST_STEP][PASSED] - println("Choosing language " + language): null

2020-09-28 15:06:49 - [TEST_STEP][PASSED] - click(findTestObject("Page_tC Create/combo_Select Language")): Object: 'Object Repository/Page_tC Create/combo_Select Language' is clicked on

2020-09-28 15:06:50 - [MESSAGE][PASSED] - Object: 'Object Repository/Page_tC Create/combo_Select Language' is clicked on

2020-09-28 15:06:50 - [TEST_STEP][PASSED] - click(findTestObject("Page_tC Create/listOption_Language_Parmed", ["lang_code":language])): Object: 'Object Repository/Page_tC Create/listOption_Language_Parmed' is clicked on

2020-09-28 15:06:51 - [MESSAGE][PASSED] - Object: 'Object Repository/Page_tC Create/listOption_Language_Parmed' is clicked on

2020-09-28 15:06:51 - [TEST_STEP][PASSED] - return true: null

2020-09-28 15:06:51 - [MESSAGE][PASSED] - Call Test Case 'Test Cases/tCC Components/tCC Select Org-Lang-Resource' successfully

2020-09-28 15:06:51 - [TEST_STEP][PASSED] - click(findTestObject("Page_tC Create/span_translate")): Object: 'Object Repository/Page_tC Create/span_translate' is clicked on

2020-09-28 15:06:52 - [MESSAGE][PASSED] - Object: 'Object Repository/Page_tC Create/span_translate' is clicked on

2020-09-28 15:06:52 - [TEST_STEP][PASSED] - click(findTestObject("Page_tC Create/span_bita-humanbehavior")): Object: 'Object Repository/Page_tC Create/span_bita-humanbehavior' is clicked on

2020-09-28 15:06:53 - [MESSAGE][PASSED] - Object: 'Object Repository/Page_tC Create/span_bita-humanbehavior' is clicked on

2020-09-28 15:06:53 - [TEST_STEP][PASSED] - click(findTestObject("Page_tC Create/span_01.md")): Object: 'Object Repository/Page_tC Create/span_01.md' is clicked on

2020-09-28 15:06:54 - [MESSAGE][PASSED] - Object: 'Object Repository/Page_tC Create/span_01.md' is clicked on

2020-09-28 15:06:54 - [MESSAGE][PASSED] - Call Test Case 'Test Cases/tCC Components/tCC tA Open For Edit' successfully

2020-09-28 15:06:54 - [TEST_STEP][PASSED] - click(findTestObject("Page_tCC translationAcademy/section_BentOver")): Object: 'Object Repository/Page_tCC translationAcademy/section_BentOver' is clicked on

2020-09-28 15:06:56 - [MESSAGE][PASSED] - Object: 'Object Repository/Page_tCC translationAcademy/section_BentOver' is clicked on

2020-09-28 15:06:56 - [TEST_STEP][PASSED] - click(findTestObject("Page_tCC translationAcademy/text_BentOver")): Object: 'Object Repository/Page_tCC translationAcademy/text_BentOver' is clicked on

2020-09-28 15:06:57 - [MESSAGE][PASSED] - Object: 'Object Repository/Page_tCC translationAcademy/text_BentOver' is clicked on

2020-09-28 15:06:57 - [TEST_STEP][PASSED] - click(findTestObject("Page_tCC translationAcademy/header_BentOver")): Object: 'Object Repository/Page_tCC translationAcademy/header_BentOver' is clicked on

2020-09-28 15:06:58 - [MESSAGE][PASSED] - Object: 'Object Repository/Page_tCC translationAcademy/header_BentOver' is clicked on

2020-09-28 15:06:58 - [TEST_STEP][PASSED] - delay(2): Delayed 2 second(s)

2020-09-28 15:07:00 - [MESSAGE][PASSED] - Delayed 2 second(s)

2020-09-28 15:07:00 - [TEST_STEP][PASSED] - if (!(getText(findTestObject("Page_tCC translationAcademy/text_BentOver")).contains("Yahweh"))): Text of object 'Object Repository/Page_tCC translationAcademy/text_BentOver' is: 'Yahweh supports all who are falling and raises up all those who are bent over. (Psalm 145:14 ULT)x'

2020-09-28 15:07:00 - [MESSAGE][PASSED] - Text of object 'Object Repository/Page_tCC translationAcademy/text_BentOver' is: 'Yahweh supports all who are falling and raises up all those who are bent over. (Psalm 145:14 ULT)x'

2020-09-28 15:07:00 - [TEST_STEP][FAILED] - else: null

2020-09-28 15:07:00 - [TEST_STEP][PASSED] - println("Block quote text is correct"): null

2020-09-28 15:07:00 - [TEST_STEP][FAILED] - if (!(verifyElementPresent(findTestObject("Page_tCC translationAcademy/button_SaveEnabled"), 1, CONTINUE_ON_FAILURE))): null

2020-09-28 15:07:02 - [MESSAGE][INFO] - Unable to find the element located by 'By.xpath: id("root")/div[@class="App"]/div[1]/div[@class="jss50"]/div[@class="jss54"]/div[@class="MuiPaper-root MuiPaper-elevation1 MuiPaper-rounded"]/div[@class="jss55"]/button[@class="MuiButtonBase-root MuiIconButton-root jss56"][count(. | //*[@type = 'button' and @aria-label = 'Save']) = count(//*[@type = 'button' and @aria-label = 'Save'])]'. Please recheck the objects properties to make sure the desired element is located. 

2020-09-28 15:07:03 - [MESSAGE][FAILED] - com.kms.katalon.core.webui.exception.WebElementNotFoundException: Web element with id: 'Object Repository/Page_tCC translationAcademy/button_SaveEnabled' located by 'id("root")/div[@class="App"]/div[1]/div[@class="jss50"]/div[@class="jss54"]/div[@class="MuiPaper-root MuiPaper-elevation1 MuiPaper-rounded"]/div[@class="jss55"]/button[@class="MuiButtonBase-root MuiIconButton-root jss56"][count(. | //*[@type = 'button' and @aria-label = 'Save']) = count(//*[@type = 'button' and @aria-label = 'Save'])]' not found (Root cause: com.kms.katalon.core.exception.StepFailedException: com.kms.katalon.core.webui.exception.WebElementNotFoundException: Web element with id: 'Object Repository/Page_tCC translationAcademy/button_SaveEnabled' located by 'id("root")/div[@class="App"]/div[1]/div[@class="jss50"]/div[@class="jss54"]/div[@class="MuiPaper-root MuiPaper-elevation1 MuiPaper-rounded"]/div[@class="jss55"]/button[@class="MuiButtonBase-root MuiIconButton-root jss56"][count(. | //*[@type = 'button' and @aria-label = 'Save']) = count(//*[@type = 'button' and @aria-label = 'Save'])]' not found
	at com.kms.katalon.core.webui.keyword.internal.WebUIKeywordMain.stepFailed(WebUIKeywordMain.groovy:64)
	at com.kms.katalon.core.webui.keyword.builtin.VerifyElementPresentKeyword$_verifyElementPresent_closure1.doCall(VerifyElementPresentKeyword.groovy:85)
	at com.kms.katalon.core.webui.keyword.builtin.VerifyElementPresentKeyword$_verifyElementPresent_closure1.call(VerifyElementPresentKeyword.groovy)
	at com.kms.katalon.core.webui.keyword.internal.WebUIKeywordMain.runKeyword(WebUIKeywordMain.groovy:20)
	at com.kms.katalon.core.webui.keyword.builtin.VerifyElementPresentKeyword.verifyElementPresent(VerifyElementPresentKeyword.groovy:92)
	at com.kms.katalon.core.webui.keyword.builtin.VerifyElementPresentKeyword.execute(VerifyElementPresentKeyword.groovy:68)
	at com.kms.katalon.core.keyword.internal.KeywordExecutor.executeKeywordForPlatform(KeywordExecutor.groovy:73)
	at com.kms.katalon.core.webui.keyword.WebUiBuiltInKeywords.verifyElementPresent(WebUiBuiltInKeywords.groovy:1444)
	at com.kms.katalon.core.webui.keyword.WebUiBuiltInKeywords$verifyElementPresent$19.call(Unknown Source)
	at tCC tA Test Block Quotes.run(tCC tA Test Block Quotes:44)
	at com.kms.katalon.core.main.ScriptEngine.run(ScriptEngine.java:194)
	at com.kms.katalon.core.main.ScriptEngine.runScriptAsRawText(ScriptEngine.java:119)
	at com.kms.katalon.core.main.TestCaseExecutor.runScript(TestCaseExecutor.java:339)
	at com.kms.katalon.core.main.TestCaseExecutor.doExecute(TestCaseExecutor.java:330)
	at com.kms.katalon.core.main.TestCaseExecutor.processExecutionPhase(TestCaseExecutor.java:309)
	at com.kms.katalon.core.main.TestCaseExecutor.accessMainPhase(TestCaseExecutor.java:301)
	at com.kms.katalon.core.main.TestCaseExecutor.execute(TestCaseExecutor.java:235)
	at com.kms.katalon.core.main.TestSuiteExecutor.accessTestCaseMainPhase(TestSuiteExecutor.java:191)
	at com.kms.katalon.core.main.TestSuiteExecutor.accessTestSuiteMainPhase(TestSuiteExecutor.java:141)
	at com.kms.katalon.core.main.TestSuiteExecutor.execute(TestSuiteExecutor.java:90)
	at com.kms.katalon.core.main.TestCaseMain.startTestSuite(TestCaseMain.java:157)
	at com.kms.katalon.core.main.TestCaseMain$startTestSuite$0.call(Unknown Source)
	at TempTestSuite1601322783658.run(TempTestSuite1601322783658.groovy:39)
)
[[ATTACHMENT|/Users/cckozie/Katalon Studio/tC Create Project/Reports/20200928_145253/tCC Test Suite 1/20200928_145303/1601323622756.png]]

2020-09-28 15:07:03 - [TEST_STEP][FAILED] - unfoldingWord_Keywords.SendMessage.SendFailMessage("Test failed because the Save button was not enabled after text change."): com.kms.katalon.core.exception.StepFailedException: Test failed because the Save button was not enabled after text change.

2020-09-28 15:07:03 - [MESSAGE][FAILED] - Test failed because the Save button was not enabled after text change.

2020-09-28 15:07:03 - [MESSAGE][FAILED] - com.kms.katalon.core.exception.StepFailedException: Test failed because the Save button was not enabled after text change.

2020-09-28 15:07:03 - [TEST_STEP][PASSED] - click(findTestObject("Page_tCC translationAcademy/text_BentOver")): Object: 'Object Repository/Page_tCC translationAcademy/text_BentOver' is clicked on

2020-09-28 15:07:03 - [MESSAGE][PASSED] - Object: 'Object Repository/Page_tCC translationAcademy/text_BentOver' is clicked on

2020-09-28 15:07:03 - [TEST_STEP][PASSED] - sendKeys(findTestObject("Page_tCC translationAcademy/text_BentOver"), Keys.chord(END)): Keys 'END + ' sent to object: 'Object Repository/Page_tCC translationAcademy/text_BentOver'

2020-09-28 15:07:03 - [MESSAGE][PASSED] - Keys 'END + ' sent to object: 'Object Repository/Page_tCC translationAcademy/text_BentOver'

2020-09-28 15:07:03 - [TEST_STEP][PASSED] - sendKeys(findTestObject("Page_tCC translationAcademy/text_BentOver"), "x"): Keys 'x' sent to object: 'Object Repository/Page_tCC translationAcademy/text_BentOver'

2020-09-28 15:07:04 - [MESSAGE][PASSED] - Keys 'x' sent to object: 'Object Repository/Page_tCC translationAcademy/text_BentOver'

2020-09-28 15:07:04 - [TEST_STEP][PASSED] - click(findTestObject("Page_tCC translationAcademy/header_BentOver")): Object: 'Object Repository/Page_tCC translationAcademy/header_BentOver' is clicked on

2020-09-28 15:07:05 - [MESSAGE][PASSED] - Object: 'Object Repository/Page_tCC translationAcademy/header_BentOver' is clicked on

2020-09-28 15:07:05 - [TEST_STEP][PASSED] - delay(2): Delayed 2 second(s)

2020-09-28 15:07:07 - [MESSAGE][PASSED] - Delayed 2 second(s)

2020-09-28 15:07:07 - [TEST_STEP][PASSED] - click(findTestObject("Page_tCC translationAcademy/button_SaveEnabled")): Object: 'Object Repository/Page_tCC translationAcademy/button_SaveEnabled' is clicked on

2020-09-28 15:07:08 - [MESSAGE][PASSED] - Object: 'Object Repository/Page_tCC translationAcademy/button_SaveEnabled' is clicked on

2020-09-28 15:07:08 - [TEST_STEP][PASSED] - waitForElementNotPresent(findTestObject("Page_tCC translationAcademy/button_SaveEnabled"), 30): Web element with id: 'Object Repository/Page_tCC translationAcademy/button_SaveEnabled' located by 'By.xpath: id("root")/div[@class="App"]/div[1]/div[@class="jss50"]/div[@class="jss54"]/div[@class="MuiPaper-root MuiPaper-elevation1 MuiPaper-rounded"]/div[@class="jss55"]/button[@class="MuiButtonBase-root MuiIconButton-root jss56"][count(. | //*[@type = 'button' and @aria-label = 'Save']) = count(//*[@type = 'button' and @aria-label = 'Save'])]' is not present after '30' second(s)

2020-09-28 15:07:11 - [MESSAGE][PASSED] - Web element with id: 'Object Repository/Page_tCC translationAcademy/button_SaveEnabled' located by 'By.xpath: id("root")/div[@class="App"]/div[1]/div[@class="jss50"]/div[@class="jss54"]/div[@class="MuiPaper-root MuiPaper-elevation1 MuiPaper-rounded"]/div[@class="jss55"]/button[@class="MuiButtonBase-root MuiIconButton-root jss56"][count(. | //*[@type = 'button' and @aria-label = 'Save']) = count(//*[@type = 'button' and @aria-label = 'Save'])]' is not present after '30' second(s)

2020-09-28 15:07:11 - [TEST_STEP][PASSED] - click(findTestObject("Page_tCC translationAcademy/text_BentOver")): Object: 'Object Repository/Page_tCC translationAcademy/text_BentOver' is clicked on

2020-09-28 15:07:11 - [MESSAGE][PASSED] - Object: 'Object Repository/Page_tCC translationAcademy/text_BentOver' is clicked on

2020-09-28 15:07:11 - [TEST_STEP][PASSED] - sendKeys(findTestObject("Page_tCC translationAcademy/text_BentOver"), Keys.chord(END)): Keys 'END + ' sent to object: 'Object Repository/Page_tCC translationAcademy/text_BentOver'

2020-09-28 15:07:12 - [MESSAGE][PASSED] - Keys 'END + ' sent to object: 'Object Repository/Page_tCC translationAcademy/text_BentOver'

2020-09-28 15:07:12 - [TEST_STEP][PASSED] - sendKeys(findTestObject("Page_tCC translationAcademy/text_BentOver"), Keys.chord(BACK_SPACE)): Keys 'BACK_SPACE + ' sent to object: 'Object Repository/Page_tCC translationAcademy/text_BentOver'

2020-09-28 15:07:12 - [MESSAGE][PASSED] - Keys 'BACK_SPACE + ' sent to object: 'Object Repository/Page_tCC translationAcademy/text_BentOver'

2020-09-28 15:07:12 - [TEST_STEP][PASSED] - click(findTestObject("Page_tCC translationAcademy/header_BentOver")): Object: 'Object Repository/Page_tCC translationAcademy/header_BentOver' is clicked on

2020-09-28 15:07:13 - [MESSAGE][PASSED] - Object: 'Object Repository/Page_tCC translationAcademy/header_BentOver' is clicked on

2020-09-28 15:07:13 - [TEST_STEP][PASSED] - delay(2): Delayed 2 second(s)

2020-09-28 15:07:15 - [MESSAGE][PASSED] - Delayed 2 second(s)

2020-09-28 15:07:15 - [TEST_STEP][PASSED] - click(findTestObject("Page_tCC translationAcademy/button_SaveEnabled")): Object: 'Object Repository/Page_tCC translationAcademy/button_SaveEnabled' is clicked on

2020-09-28 15:07:16 - [MESSAGE][PASSED] - Object: 'Object Repository/Page_tCC translationAcademy/button_SaveEnabled' is clicked on

2020-09-28 15:07:16 - [TEST_STEP][PASSED] - if (!(waitForElementNotPresent(findTestObject("Page_tCC translationAcademy/button_SaveEnabled"), 30))): Web element with id: 'Object Repository/Page_tCC translationAcademy/button_SaveEnabled' located by 'By.xpath: id("root")/div[@class="App"]/div[1]/div[@class="jss50"]/div[@class="jss54"]/div[@class="MuiPaper-root MuiPaper-elevation1 MuiPaper-rounded"]/div[@class="jss55"]/button[@class="MuiButtonBase-root MuiIconButton-root jss56"][count(. | //*[@type = 'button' and @aria-label = 'Save']) = count(//*[@type = 'button' and @aria-label = 'Save'])]' is not present after '30' second(s)

2020-09-28 15:07:19 - [MESSAGE][PASSED] - Web element with id: 'Object Repository/Page_tCC translationAcademy/button_SaveEnabled' located by 'By.xpath: id("root")/div[@class="App"]/div[1]/div[@class="jss50"]/div[@class="jss54"]/div[@class="MuiPaper-root MuiPaper-elevation1 MuiPaper-rounded"]/div[@class="jss55"]/button[@class="MuiButtonBase-root MuiIconButton-root jss56"][count(. | //*[@type = 'button' and @aria-label = 'Save']) = count(//*[@type = 'button' and @aria-label = 'Save'])]' is not present after '30' second(s)

2020-09-28 15:07:19 - [TEST_STEP][PASSED] - closeBrowser(): Browser is closed

2020-09-28 15:07:20 - [MESSAGE][PASSED] - Browser is closed

2020-09-28 15:07:20 - [TEST_STEP][PASSED] - Start listener action : sampleAfterTestCase: null

2020-09-28 15:07:20 - [TEST_STEP][PASSED] - separator = "===========================================================================================================================": null

2020-09-28 15:07:20 - [TEST_STEP][PASSED] - println(separator): null

2020-09-28 15:07:20 - [TEST_STEP][PASSED] - prefix = " +++++++++++ ": null

2020-09-28 15:07:20 - [TEST_STEP][PASSED] - if (testCaseContext.getTestCaseStatus() != "PASSED"): null

2020-09-28 15:07:20 - [TEST_STEP][PASSED] - prefix = " ---------------------- ": null

2020-09-28 15:07:20 - [TEST_STEP][PASSED] - println(prefix + testCaseContext.getTestCaseId() + " on " + version + " " + testCaseContext.getTestCaseStatus() + prefix): null

2020-09-28 15:07:20 - [TEST_STEP][PASSED] - tsMessages.add("##" + testCaseContext.getTestCaseId()): null

2020-09-28 15:07:20 - [TEST_STEP][PASSED] - if (tcMessages.size() > 0): null

2020-09-28 15:07:20 - [TEST_STEP][PASSED] - for (def i : (0..(internal.GlobalVariable.tcMessages.size() - 1))): null

2020-09-28 15:07:20 - [TEST_STEP][PASSED] - println(tcMessages[i]): null

2020-09-28 15:07:20 - [TEST_STEP][PASSED] - tsMessages.add(tcMessages[i]): null

2020-09-28 15:07:20 - [TEST_STEP][PASSED] - println(separator): null

2020-09-28 15:07:23 - [TEST_STEP][PASSED] - Video: Video recording for test case 'Test Cases/tCC Test Cases/tCC tA Test Block Quotes' .

2020-09-28 15:07:23 - [MESSAGE][INFO] - Video recording for test case 'Test Cases/tCC Test Cases/tCC tA Test Block Quotes' .
[[ATTACHMENT|/Users/cckozie/Katalon Studio/tC Create Project/Reports/20200928_145253/tCC Test Suite 1/20200928_145303/videos/test_5.avi]]]]></system-out>
         <system-err><![CDATA[2020-09-28 15:06:29 - [TEST_CASE][FAILED] - Test Cases/tCC Test Cases/tCC tA Test Block Quotes: Test Cases/tCC Test Cases/tCC tA Test Block Quotes FAILED.
Reason:
com.kms.katalon.core.exception.StepFailedException: com.kms.katalon.core.webui.exception.WebElementNotFoundException: Web element with id: 'Object Repository/Page_tCC translationAcademy/button_SaveEnabled' located by 'id("root")/div[@class="App"]/div[1]/div[@class="jss50"]/div[@class="jss54"]/div[@class="MuiPaper-root MuiPaper-elevation1 MuiPaper-rounded"]/div[@class="jss55"]/button[@class="MuiButtonBase-root MuiIconButton-root jss56"][count(. | //*[@type = 'button' and @aria-label = 'Save']) = count(//*[@type = 'button' and @aria-label = 'Save'])]' not found (Root cause: com.kms.katalon.core.exception.StepFailedException: com.kms.katalon.core.webui.exception.WebElementNotFoundException: Web element with id: 'Object Repository/Page_tCC translationAcademy/button_SaveEnabled' located by 'id("root")/div[@class="App"]/div[1]/div[@class="jss50"]/div[@class="jss54"]/div[@class="MuiPaper-root MuiPaper-elevation1 MuiPaper-rounded"]/div[@class="jss55"]/button[@class="MuiButtonBase-root MuiIconButton-root jss56"][count(. | //*[@type = 'button' and @aria-label = 'Save']) = count(//*[@type = 'button' and @aria-label = 'Save'])]' not found
	at com.kms.katalon.core.webui.keyword.internal.WebUIKeywordMain.stepFailed(WebUIKeywordMain.groovy:64)
	at com.kms.katalon.core.webui.keyword.builtin.VerifyElementPresentKeyword$_verifyElementPresent_closure1.doCall(VerifyElementPresentKeyword.groovy:85)
	at com.kms.katalon.core.webui.keyword.builtin.VerifyElementPresentKeyword$_verifyElementPresent_closure1.call(VerifyElementPresentKeyword.groovy)
	at com.kms.katalon.core.webui.keyword.internal.WebUIKeywordMain.runKeyword(WebUIKeywordMain.groovy:20)
	at com.kms.katalon.core.webui.keyword.builtin.VerifyElementPresentKeyword.verifyElementPresent(VerifyElementPresentKeyword.groovy:92)
	at com.kms.katalon.core.webui.keyword.builtin.VerifyElementPresentKeyword.execute(VerifyElementPresentKeyword.groovy:68)
	at com.kms.katalon.core.keyword.internal.KeywordExecutor.executeKeywordForPlatform(KeywordExecutor.groovy:73)
	at com.kms.katalon.core.webui.keyword.WebUiBuiltInKeywords.verifyElementPresent(WebUiBuiltInKeywords.groovy:1444)
	at com.kms.katalon.core.webui.keyword.WebUiBuiltInKeywords$verifyElementPresent$19.call(Unknown Source)
	at tCC tA Test Block Quotes.run(tCC tA Test Block Quotes:44)
	at com.kms.katalon.core.main.ScriptEngine.run(ScriptEngine.java:194)
	at com.kms.katalon.core.main.ScriptEngine.runScriptAsRawText(ScriptEngine.java:119)
	at com.kms.katalon.core.main.TestCaseExecutor.runScript(TestCaseExecutor.java:339)
	at com.kms.katalon.core.main.TestCaseExecutor.doExecute(TestCaseExecutor.java:330)
	at com.kms.katalon.core.main.TestCaseExecutor.processExecutionPhase(TestCaseExecutor.java:309)
	at com.kms.katalon.core.main.TestCaseExecutor.accessMainPhase(TestCaseExecutor.java:301)
	at com.kms.katalon.core.main.TestCaseExecutor.execute(TestCaseExecutor.java:235)
	at com.kms.katalon.core.main.TestSuiteExecutor.accessTestCaseMainPhase(TestSuiteExecutor.java:191)
	at com.kms.katalon.core.main.TestSuiteExecutor.accessTestSuiteMainPhase(TestSuiteExecutor.java:141)
	at com.kms.katalon.core.main.TestSuiteExecutor.execute(TestSuiteExecutor.java:90)
	at com.kms.katalon.core.main.TestCaseMain.startTestSuite(TestCaseMain.java:157)
	at com.kms.katalon.core.main.TestCaseMain$startTestSuite$0.call(Unknown Source)
	at TempTestSuite1601322783658.run(TempTestSuite1601322783658.groovy:39)
)
	at com.kms.katalon.core.keyword.internal.KeywordMain.stepFailed(KeywordMain.groovy:39)
	at com.kms.katalon.core.webui.keyword.internal.WebUIKeywordMain.stepFailed(WebUIKeywordMain.groovy:64)
	at com.kms.katalon.core.webui.keyword.builtin.VerifyElementPresentKeyword$_verifyElementPresent_closure1.doCall(VerifyElementPresentKeyword.groovy:85)
	at com.kms.katalon.core.webui.keyword.builtin.VerifyElementPresentKeyword$_verifyElementPresent_closure1.call(VerifyElementPresentKeyword.groovy)
	at com.kms.katalon.core.webui.keyword.internal.WebUIKeywordMain.runKeyword(WebUIKeywordMain.groovy:20)
	at com.kms.katalon.core.webui.keyword.builtin.VerifyElementPresentKeyword.verifyElementPresent(VerifyElementPresentKeyword.groovy:92)
	at com.kms.katalon.core.webui.keyword.builtin.VerifyElementPresentKeyword.execute(VerifyElementPresentKeyword.groovy:68)
	at com.kms.katalon.core.keyword.internal.KeywordExecutor.executeKeywordForPlatform(KeywordExecutor.groovy:73)
	at com.kms.katalon.core.webui.keyword.WebUiBuiltInKeywords.verifyElementPresent(WebUiBuiltInKeywords.groovy:1444)
	at com.kms.katalon.core.webui.keyword.WebUiBuiltInKeywords$verifyElementPresent$19.call(Unknown Source)
	at tCC tA Test Block Quotes.run(tCC tA Test Block Quotes:44)
	at com.kms.katalon.core.main.ScriptEngine.run(ScriptEngine.java:194)
	at com.kms.katalon.core.main.ScriptEngine.runScriptAsRawText(ScriptEngine.java:119)
	at com.kms.katalon.core.main.TestCaseExecutor.runScript(TestCaseExecutor.java:339)
	at com.kms.katalon.core.main.TestCaseExecutor.doExecute(TestCaseExecutor.java:330)
	at com.kms.katalon.core.main.TestCaseExecutor.processExecutionPhase(TestCaseExecutor.java:309)
	at com.kms.katalon.core.main.TestCaseExecutor.accessMainPhase(TestCaseExecutor.java:301)
	at com.kms.katalon.core.main.TestCaseExecutor.execute(TestCaseExecutor.java:235)
	at com.kms.katalon.core.main.TestSuiteExecutor.accessTestCaseMainPhase(TestSuiteExecutor.java:191)
	at com.kms.katalon.core.main.TestSuiteExecutor.accessTestSuiteMainPhase(TestSuiteExecutor.java:141)
	at com.kms.katalon.core.main.TestSuiteExecutor.execute(TestSuiteExecutor.java:90)
	at com.kms.katalon.core.main.TestCaseMain.startTestSuite(TestCaseMain.java:157)
	at com.kms.katalon.core.main.TestCaseMain$startTestSuite$0.call(Unknown Source)
	at TempTestSuite1601322783658.run(TempTestSuite1601322783658.groovy:39)
Caused by: com.kms.katalon.core.exception.StepFailedException: com.kms.katalon.core.webui.exception.WebElementNotFoundException: Web element with id: 'Object Repository/Page_tCC translationAcademy/button_SaveEnabled' located by 'id("root")/div[@class="App"]/div[1]/div[@class="jss50"]/div[@class="jss54"]/div[@class="MuiPaper-root MuiPaper-elevation1 MuiPaper-rounded"]/div[@class="jss55"]/button[@class="MuiButtonBase-root MuiIconButton-root jss56"][count(. | //*[@type = 'button' and @aria-label = 'Save']) = count(//*[@type = 'button' and @aria-label = 'Save'])]' not found
	... 23 more]]></system-err>
      </testcase>
      <testcase name="Test Cases/tCC Test Cases/tCC Test Permissions" time="47.535" classname="Test Cases/tCC Test Cases/tCC Test Permissions" status="PASSED">
         <system-out><![CDATA[2020-09-28 15:07:23 - [TEST_CASE][PASSED] - Test Cases/tCC Test Cases/tCC Test Permissions: Test Cases/tCC Test Cases/tCC Test Permissions

2020-09-28 15:07:23 - [TEST_STEP][PASSED] - Start listener action : sampleBeforeTestCase: Execution profile is tCC Production

2020-09-28 15:07:23 - [TEST_STEP][PASSED] - tcMessages = []: null

2020-09-28 15:07:23 - [TEST_STEP][PASSED] - executionProfile = getExecutionProfile(): null

2020-09-28 15:07:23 - [TEST_STEP][PASSED] - logInfo("Execution profile is " + executionProfile): Execution profile is tCC Production

2020-09-28 15:07:23 - [MESSAGE][INFO] - Execution profile is tCC Production

2020-09-28 15:07:23 - [TEST_STEP][PASSED] - callTestCase(findTestCase("tCC Components/tCC Login"), ["user":"tc01", "password":"tc01"], STOP_ON_FAILURE): Call Test Case 'Test Cases/tCC Components/tCC Login' successfully

2020-09-28 15:07:23 - [TEST_CASE][PASSED] - Test Cases/tCC Components/tCC Login: Test Cases/tCC Components/tCC Login

2020-09-28 15:07:23 - [TEST_STEP][PASSED] - if (openBrowser): Current window maximized

2020-09-28 15:07:23 - [TEST_STEP][PASSED] - openBrowser(""): Browser is opened with url: ''

2020-09-28 15:07:23 - [MESSAGE][INFO] - Starting 'Firefox' driver

2020-09-28 15:07:23 - [MESSAGE][INFO] - Action delay is set to 0 milliseconds

2020-09-28 15:07:29 - [MESSAGE][PASSED] - Browser is opened with url: ''

2020-09-28 15:07:29 - [TEST_STEP][PASSED] - maximizeWindow(): Current window maximized

2020-09-28 15:07:29 - [MESSAGE][PASSED] - Current window maximized

2020-09-28 15:07:29 - [TEST_STEP][PASSED] - println("Opening " + url): null

2020-09-28 15:07:29 - [TEST_STEP][PASSED] - navigateToUrl(url): Navigate to 'http://create.translationcore.com' successfully

2020-09-28 15:07:33 - [MESSAGE][PASSED] - Navigate to 'http://create.translationcore.com' successfully

2020-09-28 15:07:33 - [TEST_STEP][PASSED] - waitForElementVisible(findTestObject("Page_tC Create/text_tCCVersion"), 30): Object 'Object Repository/Page_tC Create/text_tCCVersion' is visible

2020-09-28 15:07:34 - [MESSAGE][PASSED] - Object 'Object Repository/Page_tC Create/text_tCCVersion' is visible

2020-09-28 15:07:34 - [TEST_STEP][PASSED] - version = getText(findTestObject("Page_tC Create/text_tCCVersion")): Text of object 'Object Repository/Page_tC Create/text_tCCVersion' is: 'translationCore Create - v1.0.4'

2020-09-28 15:07:34 - [MESSAGE][PASSED] - Text of object 'Object Repository/Page_tC Create/text_tCCVersion' is: 'translationCore Create - v1.0.4'

2020-09-28 15:07:34 - [TEST_STEP][PASSED] - version = version: null

2020-09-28 15:07:34 - [TEST_STEP][PASSED] - println("Version is " + version): null

2020-09-28 15:07:34 - [TEST_STEP][PASSED] - if (user == ""): null

2020-09-28 15:07:34 - [TEST_STEP][PASSED] - else if (user != "?"): Object: 'Object Repository/Page_tC Create/button_Login' is clicked on

2020-09-28 15:07:34 - [TEST_STEP][PASSED] - println("Logging in as " + user): null

2020-09-28 15:07:34 - [TEST_STEP][PASSED] - setText(findTestObject("Page_tC Create/input__username"), user): Text 'tc01' is set on object 'Object Repository/Page_tC Create/input__username'

2020-09-28 15:07:35 - [MESSAGE][PASSED] - Text 'tc01' is set on object 'Object Repository/Page_tC Create/input__username'

2020-09-28 15:07:35 - [TEST_STEP][PASSED] - setText(findTestObject("Page_tC Create/input__password"), password): Text 'tc01' is set on object 'Object Repository/Page_tC Create/input__password'

2020-09-28 15:07:36 - [MESSAGE][PASSED] - Text 'tc01' is set on object 'Object Repository/Page_tC Create/input__password'

2020-09-28 15:07:36 - [TEST_STEP][PASSED] - click(findTestObject("Page_tC Create/button_Login")): Object: 'Object Repository/Page_tC Create/button_Login' is clicked on

2020-09-28 15:07:37 - [MESSAGE][PASSED] - Object: 'Object Repository/Page_tC Create/button_Login' is clicked on

2020-09-28 15:07:37 - [MESSAGE][PASSED] - Call Test Case 'Test Cases/tCC Components/tCC Login' successfully

2020-09-28 15:07:37 - [TEST_STEP][PASSED] - if (!(callTestCase(findTestCase("tCC Components/tCC Select Org-Lang-Resource"), ["organization":"", "language":"", "resource":"unfoldingWord® Translation Academy"], STOP_ON_FAILURE))): Call Test Case 'Test Cases/tCC Components/tCC Select Org-Lang-Resource' successfully

2020-09-28 15:07:37 - [TEST_CASE][PASSED] - Test Cases/tCC Components/tCC Select Org-Lang-Resource: Test Cases/tCC Components/tCC Select Org-Lang-Resource

2020-09-28 15:07:37 - [TEST_STEP][PASSED] - if (organization == ""): null

2020-09-28 15:07:37 - [TEST_STEP][PASSED] - organization = organization: null

2020-09-28 15:07:37 - [TEST_STEP][PASSED] - if (language == ""): null

2020-09-28 15:07:37 - [TEST_STEP][PASSED] - language = langCode: null

2020-09-28 15:07:37 - [TEST_STEP][PASSED] - println("Choosing organization " + organization): null

2020-09-28 15:07:37 - [TEST_STEP][PASSED] - if (waitForElementPresent(organization, 5, OPTIONAL) == false): Object 'Object Repository/Page_tC Create/listOrg_translate_test' is present

2020-09-28 15:07:39 - [MESSAGE][PASSED] - Object 'Object Repository/Page_tC Create/listOrg_translate_test' is present

2020-09-28 15:07:39 - [TEST_STEP][PASSED] - else: null

2020-09-28 15:07:39 - [TEST_STEP][PASSED] - click(organization): Object: 'Object Repository/Page_tC Create/listOrg_translate_test' is clicked on

2020-09-28 15:07:40 - [MESSAGE][PASSED] - Object: 'Object Repository/Page_tC Create/listOrg_translate_test' is clicked on

2020-09-28 15:07:40 - [TEST_STEP][PASSED] - alerted = waitForAlert(2): No alert found after 2 second(s).

2020-09-28 15:07:42 - [MESSAGE][WARNING] - No alert found after 2 second(s).

2020-09-28 15:07:42 - [TEST_STEP][PASSED] - if (alerted == true): null

2020-09-28 15:07:42 - [TEST_STEP][PASSED] - else: Object: 'Object Repository/Page_tC Create/listOption_Language_Parmed' is clicked on

2020-09-28 15:07:42 - [TEST_STEP][PASSED] - println("Not alerted on organization"): null

2020-09-28 15:07:42 - [TEST_STEP][PASSED] - alertFlag = false: null

2020-09-28 15:07:42 - [TEST_STEP][PASSED] - println("Choosing resource " + resource): null

2020-09-28 15:07:42 - [TEST_STEP][PASSED] - click(findTestObject("Page_tC Create/resource_Parmed", ["resource":resource])): Object: 'Object Repository/Page_tC Create/resource_Parmed' is clicked on

2020-09-28 15:07:42 - [MESSAGE][PASSED] - Object: 'Object Repository/Page_tC Create/resource_Parmed' is clicked on

2020-09-28 15:07:42 - [TEST_STEP][PASSED] - println("Choosing language " + language): null

2020-09-28 15:07:42 - [TEST_STEP][PASSED] - click(findTestObject("Page_tC Create/combo_Select Language")): Object: 'Object Repository/Page_tC Create/combo_Select Language' is clicked on

2020-09-28 15:07:43 - [MESSAGE][PASSED] - Object: 'Object Repository/Page_tC Create/combo_Select Language' is clicked on

2020-09-28 15:07:43 - [TEST_STEP][PASSED] - click(findTestObject("Page_tC Create/listOption_Language_Parmed", ["lang_code":language])): Object: 'Object Repository/Page_tC Create/listOption_Language_Parmed' is clicked on

2020-09-28 15:07:44 - [MESSAGE][PASSED] - Object: 'Object Repository/Page_tC Create/listOption_Language_Parmed' is clicked on

2020-09-28 15:07:44 - [TEST_STEP][PASSED] - return true: null

2020-09-28 15:07:44 - [MESSAGE][PASSED] - Call Test Case 'Test Cases/tCC Components/tCC Select Org-Lang-Resource' successfully

2020-09-28 15:07:44 - [TEST_STEP][PASSED] - closeBrowser(): Browser is closed

2020-09-28 15:07:45 - [MESSAGE][PASSED] - Browser is closed

2020-09-28 15:07:45 - [TEST_STEP][PASSED] - callTestCase(findTestCase("tCC Components/tCC Login"), ["user":"tc02", "password":"tc02"], STOP_ON_FAILURE): Call Test Case 'Test Cases/tCC Components/tCC Login' successfully

2020-09-28 15:07:45 - [TEST_CASE][PASSED] - Test Cases/tCC Components/tCC Login: Test Cases/tCC Components/tCC Login

2020-09-28 15:07:46 - [TEST_STEP][PASSED] - if (openBrowser): Current window maximized

2020-09-28 15:07:46 - [TEST_STEP][PASSED] - openBrowser(""): Browser is opened with url: ''

2020-09-28 15:07:46 - [MESSAGE][INFO] - Starting 'Firefox' driver

2020-09-28 15:07:46 - [MESSAGE][INFO] - Action delay is set to 0 milliseconds

2020-09-28 15:07:52 - [MESSAGE][PASSED] - Browser is opened with url: ''

2020-09-28 15:07:52 - [TEST_STEP][PASSED] - maximizeWindow(): Current window maximized

2020-09-28 15:07:53 - [MESSAGE][PASSED] - Current window maximized

2020-09-28 15:07:53 - [TEST_STEP][PASSED] - println("Opening " + url): null

2020-09-28 15:07:53 - [TEST_STEP][PASSED] - navigateToUrl(url): Navigate to 'http://create.translationcore.com' successfully

2020-09-28 15:07:56 - [MESSAGE][PASSED] - Navigate to 'http://create.translationcore.com' successfully

2020-09-28 15:07:56 - [TEST_STEP][PASSED] - waitForElementVisible(findTestObject("Page_tC Create/text_tCCVersion"), 30): Object 'Object Repository/Page_tC Create/text_tCCVersion' is visible

2020-09-28 15:07:57 - [MESSAGE][PASSED] - Object 'Object Repository/Page_tC Create/text_tCCVersion' is visible

2020-09-28 15:07:57 - [TEST_STEP][PASSED] - version = getText(findTestObject("Page_tC Create/text_tCCVersion")): Text of object 'Object Repository/Page_tC Create/text_tCCVersion' is: 'translationCore Create - v1.0.4'

2020-09-28 15:07:57 - [MESSAGE][PASSED] - Text of object 'Object Repository/Page_tC Create/text_tCCVersion' is: 'translationCore Create - v1.0.4'

2020-09-28 15:07:57 - [TEST_STEP][PASSED] - version = version: null

2020-09-28 15:07:57 - [TEST_STEP][PASSED] - println("Version is " + version): null

2020-09-28 15:07:57 - [TEST_STEP][PASSED] - if (user == ""): null

2020-09-28 15:07:57 - [TEST_STEP][PASSED] - else if (user != "?"): Object: 'Object Repository/Page_tC Create/button_Login' is clicked on

2020-09-28 15:07:57 - [TEST_STEP][PASSED] - println("Logging in as " + user): null

2020-09-28 15:07:57 - [TEST_STEP][PASSED] - setText(findTestObject("Page_tC Create/input__username"), user): Text 'tc02' is set on object 'Object Repository/Page_tC Create/input__username'

2020-09-28 15:07:58 - [MESSAGE][PASSED] - Text 'tc02' is set on object 'Object Repository/Page_tC Create/input__username'

2020-09-28 15:07:58 - [TEST_STEP][PASSED] - setText(findTestObject("Page_tC Create/input__password"), password): Text 'tc02' is set on object 'Object Repository/Page_tC Create/input__password'

2020-09-28 15:07:59 - [MESSAGE][PASSED] - Text 'tc02' is set on object 'Object Repository/Page_tC Create/input__password'

2020-09-28 15:07:59 - [TEST_STEP][PASSED] - click(findTestObject("Page_tC Create/button_Login")): Object: 'Object Repository/Page_tC Create/button_Login' is clicked on

2020-09-28 15:08:00 - [MESSAGE][PASSED] - Object: 'Object Repository/Page_tC Create/button_Login' is clicked on

2020-09-28 15:08:00 - [MESSAGE][PASSED] - Call Test Case 'Test Cases/tCC Components/tCC Login' successfully

2020-09-28 15:08:00 - [TEST_STEP][PASSED] - if (!(callTestCase(findTestCase("tCC Components/tCC Select Org-Lang-Resource"), ["organization":"", "language":"", "resource":"unfoldingWord® Translation Academy"], OPTIONAL))): null

2020-09-28 15:08:00 - [TEST_CASE][PASSED] - Test Cases/tCC Components/tCC Select Org-Lang-Resource: Test Cases/tCC Components/tCC Select Org-Lang-Resource

2020-09-28 15:08:00 - [TEST_STEP][PASSED] - if (organization == ""): null

2020-09-28 15:08:00 - [TEST_STEP][PASSED] - organization = organization: null

2020-09-28 15:08:00 - [TEST_STEP][PASSED] - if (language == ""): null

2020-09-28 15:08:00 - [TEST_STEP][PASSED] - language = langCode: null

2020-09-28 15:08:00 - [TEST_STEP][PASSED] - println("Choosing organization " + organization): null

2020-09-28 15:08:00 - [TEST_STEP][PASSED] - if (waitForElementPresent(organization, 5, OPTIONAL) == false): null

2020-09-28 15:08:06 - [MESSAGE][INFO] - Unable to find the element located by 'By.xpath: //*[(text() = 'translate_test' or . = 'translate_test')]'. Please recheck the objects properties to make sure the desired element is located. 

2020-09-28 15:08:06 - [MESSAGE][WARNING] - Object 'Object Repository/Page_tC Create/listOrg_translate_test' is not present after 5 second(s)

2020-09-28 15:08:06 - [TEST_STEP][PASSED] - println("Failed to find organization option. Suspect infinite spinner"): null

2020-09-28 15:08:06 - [TEST_STEP][PASSED] - takeScreenshot(): Taking screenshot successfully

2020-09-28 15:08:07 - [MESSAGE][PASSED] - Taking screenshot successfully
[[ATTACHMENT|/Users/cckozie/Katalon Studio/tC Create Project/Reports/20200928_145253/tCC Test Suite 1/20200928_145303/1601323686602.png]]

2020-09-28 15:08:07 - [TEST_STEP][PASSED] - return false: null

2020-09-28 15:08:07 - [MESSAGE][PASSED] - Call Test Case 'Test Cases/tCC Components/tCC Select Org-Lang-Resource' successfully

2020-09-28 15:08:07 - [TEST_STEP][PASSED] - if (!(verifyElementPresent(findTestObject("Page_tC Create/msg_No organizations for this account"), 1, OPTIONAL))): Object 'Object Repository/Page_tC Create/msg_No organizations for this account' is present

2020-09-28 15:08:07 - [MESSAGE][PASSED] - Object 'Object Repository/Page_tC Create/msg_No organizations for this account' is present

2020-09-28 15:08:07 - [TEST_STEP][PASSED] - else: null

2020-09-28 15:08:07 - [TEST_STEP][PASSED] - println("No organizations for this account message was displayed."): null

2020-09-28 15:08:07 - [TEST_STEP][PASSED] - closeBrowser(): Browser is closed

2020-09-28 15:08:08 - [MESSAGE][PASSED] - Browser is closed

2020-09-28 15:08:08 - [TEST_STEP][PASSED] - return null: null

2020-09-28 15:08:08 - [TEST_STEP][PASSED] - Start listener action : sampleAfterTestCase: null

2020-09-28 15:08:08 - [TEST_STEP][PASSED] - separator = "===========================================================================================================================": null

2020-09-28 15:08:08 - [TEST_STEP][PASSED] - println(separator): null

2020-09-28 15:08:08 - [TEST_STEP][PASSED] - prefix = " +++++++++++ ": null

2020-09-28 15:08:08 - [TEST_STEP][PASSED] - if (testCaseContext.getTestCaseStatus() != "PASSED"): null

2020-09-28 15:08:08 - [TEST_STEP][PASSED] - println(prefix + testCaseContext.getTestCaseId() + " on " + version + " " + testCaseContext.getTestCaseStatus() + prefix): null

2020-09-28 15:08:08 - [TEST_STEP][PASSED] - tsMessages.add("##" + testCaseContext.getTestCaseId()): null

2020-09-28 15:08:08 - [TEST_STEP][PASSED] - if (tcMessages.size() > 0): null

2020-09-28 15:08:08 - [TEST_STEP][PASSED] - println(separator): null]]></system-out>
         <system-err><![CDATA[]]></system-err>
      </testcase>
      <testcase name="Test Cases/tCC Test Cases/tCC Test Multiple Sessions" time="28.177" classname="Test Cases/tCC Test Cases/tCC Test Multiple Sessions" status="PASSED">
         <system-out><![CDATA[2020-09-28 15:08:10 - [TEST_CASE][PASSED] - Test Cases/tCC Test Cases/tCC Test Multiple Sessions: Test Cases/tCC Test Cases/tCC Test Multiple Sessions

2020-09-28 15:08:10 - [TEST_STEP][PASSED] - Start listener action : sampleBeforeTestCase: Execution profile is tCC Production

2020-09-28 15:08:10 - [TEST_STEP][PASSED] - tcMessages = []: null

2020-09-28 15:08:10 - [TEST_STEP][PASSED] - executionProfile = getExecutionProfile(): null

2020-09-28 15:08:10 - [TEST_STEP][PASSED] - logInfo("Execution profile is " + executionProfile): Execution profile is tCC Production

2020-09-28 15:08:10 - [MESSAGE][INFO] - Execution profile is tCC Production

2020-09-28 15:08:10 - [TEST_STEP][PASSED] - system = unfoldingWord_Keywords.GetTestingConfig.getOperatingSystem(): unfoldingWord_Keywords.GetTestingConfig.getOperatingSystem is PASSED

2020-09-28 15:08:10 - [MESSAGE][PASSED] - unfoldingWord_Keywords.GetTestingConfig.getOperatingSystem is PASSED

2020-09-28 15:08:10 - [TEST_STEP][PASSED] - callTestCase(findTestCase("tCC Components/tCC tN Open For Edit"), [:], STOP_ON_FAILURE): Call Test Case 'Test Cases/tCC Components/tCC tN Open For Edit' successfully

2020-09-28 15:08:10 - [TEST_CASE][PASSED] - Test Cases/tCC Components/tCC tN Open For Edit: Test Cases/tCC Components/tCC tN Open For Edit

2020-09-28 15:08:10 - [TEST_STEP][PASSED] - callTestCase(findTestCase("tCC Components/tCC Login"), ["user":$username, "password":$password], STOP_ON_FAILURE): Call Test Case 'Test Cases/tCC Components/tCC Login' successfully

2020-09-28 15:08:11 - [TEST_CASE][PASSED] - Test Cases/tCC Components/tCC Login: Test Cases/tCC Components/tCC Login

2020-09-28 15:08:11 - [TEST_STEP][PASSED] - if (openBrowser): Current window maximized

2020-09-28 15:08:11 - [TEST_STEP][PASSED] - openBrowser(""): Browser is opened with url: ''

2020-09-28 15:08:11 - [MESSAGE][INFO] - Starting 'Firefox' driver

2020-09-28 15:08:11 - [MESSAGE][INFO] - Action delay is set to 0 milliseconds

2020-09-28 15:08:17 - [MESSAGE][PASSED] - Browser is opened with url: ''

2020-09-28 15:08:17 - [TEST_STEP][PASSED] - maximizeWindow(): Current window maximized

2020-09-28 15:08:17 - [MESSAGE][PASSED] - Current window maximized

2020-09-28 15:08:17 - [TEST_STEP][PASSED] - println("Opening " + url): null

2020-09-28 15:08:17 - [TEST_STEP][PASSED] - navigateToUrl(url): Navigate to 'http://create.translationcore.com' successfully

2020-09-28 15:08:21 - [MESSAGE][PASSED] - Navigate to 'http://create.translationcore.com' successfully

2020-09-28 15:08:21 - [TEST_STEP][PASSED] - waitForElementVisible(findTestObject("Page_tC Create/text_tCCVersion"), 30): Object 'Object Repository/Page_tC Create/text_tCCVersion' is visible

2020-09-28 15:08:22 - [MESSAGE][PASSED] - Object 'Object Repository/Page_tC Create/text_tCCVersion' is visible

2020-09-28 15:08:22 - [TEST_STEP][PASSED] - version = getText(findTestObject("Page_tC Create/text_tCCVersion")): Text of object 'Object Repository/Page_tC Create/text_tCCVersion' is: 'translationCore Create - v1.0.4'

2020-09-28 15:08:22 - [MESSAGE][PASSED] - Text of object 'Object Repository/Page_tC Create/text_tCCVersion' is: 'translationCore Create - v1.0.4'

2020-09-28 15:08:22 - [TEST_STEP][PASSED] - version = version: null

2020-09-28 15:08:22 - [TEST_STEP][PASSED] - println("Version is " + version): null

2020-09-28 15:08:22 - [TEST_STEP][PASSED] - if (user == ""): Object: 'Object Repository/Page_tC Create/button_Login' is clicked on

2020-09-28 15:08:22 - [TEST_STEP][PASSED] - println("Logging in as " + user1Name): null

2020-09-28 15:08:22 - [TEST_STEP][PASSED] - setText(findTestObject("Page_tC Create/input__username"), user1Name): Text 'tcc001' is set on object 'Object Repository/Page_tC Create/input__username'

2020-09-28 15:08:23 - [MESSAGE][PASSED] - Text 'tcc001' is set on object 'Object Repository/Page_tC Create/input__username'

2020-09-28 15:08:23 - [TEST_STEP][PASSED] - setText(findTestObject("Page_tC Create/input__password"), user1Password): Text 'tcc001' is set on object 'Object Repository/Page_tC Create/input__password'

2020-09-28 15:08:24 - [MESSAGE][PASSED] - Text 'tcc001' is set on object 'Object Repository/Page_tC Create/input__password'

2020-09-28 15:08:24 - [TEST_STEP][PASSED] - click(findTestObject("Page_tC Create/button_Login")): Object: 'Object Repository/Page_tC Create/button_Login' is clicked on

2020-09-28 15:08:25 - [MESSAGE][PASSED] - Object: 'Object Repository/Page_tC Create/button_Login' is clicked on

2020-09-28 15:08:25 - [MESSAGE][PASSED] - Call Test Case 'Test Cases/tCC Components/tCC Login' successfully

2020-09-28 15:08:25 - [TEST_STEP][PASSED] - if (callTestCase(findTestCase("tCC Components/tCC Select Org-Lang-Resource"), ["organization":"", "language":"", "resource":"unfoldingWord/en_tn"], STOP_ON_FAILURE) == false): Call Test Case 'Test Cases/tCC Components/tCC Select Org-Lang-Resource' successfully

2020-09-28 15:08:25 - [TEST_CASE][PASSED] - Test Cases/tCC Components/tCC Select Org-Lang-Resource: Test Cases/tCC Components/tCC Select Org-Lang-Resource

2020-09-28 15:08:25 - [TEST_STEP][PASSED] - if (organization == ""): null

2020-09-28 15:08:25 - [TEST_STEP][PASSED] - organization = organization: null

2020-09-28 15:08:25 - [TEST_STEP][PASSED] - if (language == ""): null

2020-09-28 15:08:25 - [TEST_STEP][PASSED] - language = langCode: null

2020-09-28 15:08:25 - [TEST_STEP][PASSED] - println("Choosing organization " + organization): null

2020-09-28 15:08:25 - [TEST_STEP][PASSED] - if (waitForElementPresent(organization, 5, OPTIONAL) == false): Object 'Object Repository/Page_tC Create/listOrg_translate_test' is present

2020-09-28 15:08:27 - [MESSAGE][PASSED] - Object 'Object Repository/Page_tC Create/listOrg_translate_test' is present

2020-09-28 15:08:27 - [TEST_STEP][PASSED] - else: null

2020-09-28 15:08:27 - [TEST_STEP][PASSED] - click(organization): Object: 'Object Repository/Page_tC Create/listOrg_translate_test' is clicked on

2020-09-28 15:08:27 - [MESSAGE][PASSED] - Object: 'Object Repository/Page_tC Create/listOrg_translate_test' is clicked on

2020-09-28 15:08:27 - [TEST_STEP][PASSED] - alerted = waitForAlert(2): No alert found after 2 second(s).

2020-09-28 15:08:29 - [MESSAGE][WARNING] - No alert found after 2 second(s).

2020-09-28 15:08:29 - [TEST_STEP][PASSED] - if (alerted == true): null

2020-09-28 15:08:29 - [TEST_STEP][PASSED] - else: Object: 'Object Repository/Page_tC Create/listOption_Language_Parmed' is clicked on

2020-09-28 15:08:29 - [TEST_STEP][PASSED] - println("Not alerted on organization"): null

2020-09-28 15:08:29 - [TEST_STEP][PASSED] - alertFlag = false: null

2020-09-28 15:08:29 - [TEST_STEP][PASSED] - println("Choosing resource " + resource): null

2020-09-28 15:08:30 - [TEST_STEP][PASSED] - click(findTestObject("Page_tC Create/resource_Parmed", ["resource":resource])): Object: 'Object Repository/Page_tC Create/resource_Parmed' is clicked on

2020-09-28 15:08:30 - [MESSAGE][PASSED] - Object: 'Object Repository/Page_tC Create/resource_Parmed' is clicked on

2020-09-28 15:08:30 - [TEST_STEP][PASSED] - println("Choosing language " + language): null

2020-09-28 15:08:30 - [TEST_STEP][PASSED] - click(findTestObject("Page_tC Create/combo_Select Language")): Object: 'Object Repository/Page_tC Create/combo_Select Language' is clicked on

2020-09-28 15:08:31 - [MESSAGE][PASSED] - Object: 'Object Repository/Page_tC Create/combo_Select Language' is clicked on

2020-09-28 15:08:31 - [TEST_STEP][PASSED] - click(findTestObject("Page_tC Create/listOption_Language_Parmed", ["lang_code":language])): Object: 'Object Repository/Page_tC Create/listOption_Language_Parmed' is clicked on

2020-09-28 15:08:32 - [MESSAGE][PASSED] - Object: 'Object Repository/Page_tC Create/listOption_Language_Parmed' is clicked on

2020-09-28 15:08:32 - [TEST_STEP][PASSED] - return true: null

2020-09-28 15:08:32 - [MESSAGE][PASSED] - Call Test Case 'Test Cases/tCC Components/tCC Select Org-Lang-Resource' successfully

2020-09-28 15:08:32 - [TEST_STEP][PASSED] - click(findTestObject("Page_tC Create/file_en_tn_57-TITtsv")): Object: 'Object Repository/Page_tC Create/file_en_tn_57-TITtsv' is clicked on

2020-09-28 15:08:34 - [MESSAGE][PASSED] - Object: 'Object Repository/Page_tC Create/file_en_tn_57-TITtsv' is clicked on

2020-09-28 15:08:34 - [MESSAGE][PASSED] - Call Test Case 'Test Cases/tCC Components/tCC tN Open For Edit' successfully

2020-09-28 15:08:34 - [TEST_STEP][PASSED] - myBrowser = unfoldingWord_Keywords.GetTestingConfig.getBrowserAndVersion(): unfoldingWord_Keywords.GetTestingConfig.getBrowserAndVersion is PASSED

2020-09-28 15:08:34 - [MESSAGE][PASSED] - unfoldingWord_Keywords.GetTestingConfig.getBrowserAndVersion is PASSED

2020-09-28 15:08:34 - [TEST_STEP][PASSED] - if (!(system.contains("Mac")) || myBrowser.contains("chrome")): null

2020-09-28 15:08:34 - [TEST_STEP][PASSED] - else: Browser is closed

2020-09-28 15:08:34 - [TEST_STEP][PASSED] - println("Bypassed testing multiple sessions in Firefox on Mac"): null

2020-09-28 15:08:34 - [TEST_STEP][PASSED] - closeBrowser(): Browser is closed

2020-09-28 15:08:36 - [MESSAGE][PASSED] - Browser is closed

2020-09-28 15:08:36 - [TEST_STEP][PASSED] - closeBrowser(): Browser is closed

2020-09-28 15:08:36 - [MESSAGE][PASSED] - Browser is closed

2020-09-28 15:08:36 - [TEST_STEP][PASSED] - Start listener action : sampleAfterTestCase: null

2020-09-28 15:08:36 - [TEST_STEP][PASSED] - separator = "===========================================================================================================================": null

2020-09-28 15:08:36 - [TEST_STEP][PASSED] - println(separator): null

2020-09-28 15:08:36 - [TEST_STEP][PASSED] - prefix = " +++++++++++ ": null

2020-09-28 15:08:36 - [TEST_STEP][PASSED] - if (testCaseContext.getTestCaseStatus() != "PASSED"): null

2020-09-28 15:08:36 - [TEST_STEP][PASSED] - println(prefix + testCaseContext.getTestCaseId() + " on " + version + " " + testCaseContext.getTestCaseStatus() + prefix): null

2020-09-28 15:08:36 - [TEST_STEP][PASSED] - tsMessages.add("##" + testCaseContext.getTestCaseId()): null

2020-09-28 15:08:36 - [TEST_STEP][PASSED] - if (tcMessages.size() > 0): null

2020-09-28 15:08:36 - [TEST_STEP][PASSED] - println(separator): null]]></system-out>
         <system-err><![CDATA[]]></system-err>
      </testcase>
      <system-out><![CDATA[2020-09-28 15:01:38 - [TEST_SUITE][FAILED] - tCC Test Suite 1: Test Cases/tCC Test Cases/tCC tN Test Copy OrigLangQuote FAILED.
Reason:
com.kms.katalon.core.exception.StepFailedException: Unable to click on object 'Object Repository/Page_tCC translationNotes/text_OrigQuote-GL-xyz8'
	at com.kms.katalon.core.webui.keyword.internal.WebUIKeywordMain.stepFailed(WebUIKeywordMain.groovy:64)
	at com.kms.katalon.core.webui.keyword.internal.WebUIKeywordMain.runKeyword(WebUIKeywordMain.groovy:26)
	at com.kms.katalon.core.webui.keyword.builtin.ClickKeyword.click(ClickKeyword.groovy:76)
	at com.kms.katalon.core.webui.keyword.builtin.ClickKeyword.execute(ClickKeyword.groovy:43)
	at com.kms.katalon.core.keyword.internal.KeywordExecutor.executeKeywordForPlatform(KeywordExecutor.groovy:73)
	at com.kms.katalon.core.webui.keyword.WebUiBuiltInKeywords.click(WebUiBuiltInKeywords.groovy:616)
	at com.kms.katalon.core.webui.keyword.WebUiBuiltInKeywords$click$5.call(Unknown Source)
	at tCC tN Test Copy OrigLangQuote.setGLOrigQuote(tCC tN Test Copy OrigLangQuote:130)
	at Script1599753563611$setGLOrigQuote$0.callCurrent(Unknown Source)
	at tCC tN Test Copy OrigLangQuote.run(tCC tN Test Copy OrigLangQuote:94)
	at com.kms.katalon.core.main.ScriptEngine.run(ScriptEngine.java:194)
	at com.kms.katalon.core.main.ScriptEngine.runScriptAsRawText(ScriptEngine.java:119)
	at com.kms.katalon.core.main.TestCaseExecutor.runScript(TestCaseExecutor.java:339)
	at com.kms.katalon.core.main.TestCaseExecutor.doExecute(TestCaseExecutor.java:330)
	at com.kms.katalon.core.main.TestCaseExecutor.processExecutionPhase(TestCaseExecutor.java:309)
	at com.kms.katalon.core.main.TestCaseExecutor.accessMainPhase(TestCaseExecutor.java:301)
	at com.kms.katalon.core.main.TestCaseExecutor.execute(TestCaseExecutor.java:235)
	at com.kms.katalon.core.main.TestSuiteExecutor.accessTestCaseMainPhase(TestSuiteExecutor.java:191)
	at com.kms.katalon.core.main.TestSuiteExecutor.accessTestSuiteMainPhase(TestSuiteExecutor.java:141)
	at com.kms.katalon.core.main.TestSuiteExecutor.execute(TestSuiteExecutor.java:90)
	at com.kms.katalon.core.main.TestCaseMain.startTestSuite(TestCaseMain.java:157)
	at com.kms.katalon.core.main.TestCaseMain$startTestSuite$0.call(Unknown Source)
	at TempTestSuite1601322783658.run(TempTestSuite1601322783658.groovy:39)
Caused by: org.openqa.selenium.ElementClickInterceptedException: Element <div class="jss318"> is not clickable at point (952,633) because another element <p id="mui-43803" class="MuiTypography-root-113 MuiTablePagination-caption-244 MuiTypography-body2-114 MuiTypography-colorInherit-135"> obscures it
Build info: version: '3.141.59', revision: 'e82be7d358', time: '2018-11-14T08:25:53'
System info: host: 'Kozs-MacBook-Air.local', ip: 'fe80:0:0:0:1cf0:a165:32ec:8708%en0', os.name: 'Mac OS X', os.arch: 'x86_64', os.version: '10.14.6', java.version: '1.8.0_181'
Driver info: com.kms.katalon.core.webui.driver.firefox.CGeckoDriver
Capabilities {acceptInsecureCerts: true, browserName: firefox, browserVersion: 81.0, javascriptEnabled: true, moz:accessibilityChecks: false, moz:buildID: 20200917005511, moz:geckodriverVersion: 0.23.0, moz:headless: false, moz:processID: 15324, moz:profile: /var/folders/hb/hv2s0v7n1nz..., moz:shutdownTimeout: 60000, moz:useNonSpecCompliantPointerOrigin: false, moz:webdriverClick: true, pageLoadStrategy: normal, platform: MAC, platformName: MAC, platformVersion: 18.7.0, proxy: Proxy(direct), rotatable: false, setWindowRect: true, strictFileInteractability: false, timeouts: {implicit: 0, pageLoad: 300000, script: 30000}, unhandledPromptBehavior: dismiss and notify}
Session ID: bb96d47f-b31a-0f4d-b96f-d4b978e79aa8
	at org.openqa.selenium.remote.http.W3CHttpResponseCodec.createException(W3CHttpResponseCodec.java:187)
	at org.openqa.selenium.remote.http.W3CHttpResponseCodec.decode(W3CHttpResponseCodec.java:122)
	at org.openqa.selenium.remote.http.W3CHttpResponseCodec.decode(W3CHttpResponseCodec.java:49)
	at org.openqa.selenium.remote.HttpCommandExecutor.execute(HttpCommandExecutor.java:158)
	at org.openqa.selenium.remote.service.DriverCommandExecutor.execute(DriverCommandExecutor.java:83)
	at org.openqa.selenium.remote.RemoteWebDriver.execute(RemoteWebDriver.java:552)
	at com.kms.katalon.selenium.driver.CFirefoxDriver.execute(CFirefoxDriver.java:27)
	at org.openqa.selenium.remote.RemoteWebElement.execute(RemoteWebElement.java:285)
	at org.openqa.selenium.remote.RemoteWebElement.click(RemoteWebElement.java:84)
	at org.openqa.selenium.support.events.EventFiringWebDriver$EventFiringWebElement.lambda$new$0(EventFiringWebDriver.java:404)
	at com.sun.proxy.$Proxy13.click(Unknown Source)
	at org.openqa.selenium.support.events.EventFiringWebDriver$EventFiringWebElement.click(EventFiringWebDriver.java:417)
	at com.kms.katalon.core.webui.keyword.builtin.ClickKeyword$_click_closure1.doCall(ClickKeyword.groovy:69)
	at com.kms.katalon.core.webui.keyword.builtin.ClickKeyword$_click_closure1.call(ClickKeyword.groovy)
	at com.kms.katalon.core.webui.keyword.internal.WebUIKeywordMain.runKeyword(WebUIKeywordMain.groovy:20)
	... 21 more]]></system-out>
      <system-err><![CDATA[2020-09-28 15:01:38 - [TEST_SUITE][FAILED] - tCC Test Suite 1: Test Cases/tCC Test Cases/tCC tN Test Copy OrigLangQuote FAILED.
Reason:
com.kms.katalon.core.exception.StepFailedException: Unable to click on object 'Object Repository/Page_tCC translationNotes/text_OrigQuote-GL-xyz8'
	at com.kms.katalon.core.webui.keyword.internal.WebUIKeywordMain.stepFailed(WebUIKeywordMain.groovy:64)
	at com.kms.katalon.core.webui.keyword.internal.WebUIKeywordMain.runKeyword(WebUIKeywordMain.groovy:26)
	at com.kms.katalon.core.webui.keyword.builtin.ClickKeyword.click(ClickKeyword.groovy:76)
	at com.kms.katalon.core.webui.keyword.builtin.ClickKeyword.execute(ClickKeyword.groovy:43)
	at com.kms.katalon.core.keyword.internal.KeywordExecutor.executeKeywordForPlatform(KeywordExecutor.groovy:73)
	at com.kms.katalon.core.webui.keyword.WebUiBuiltInKeywords.click(WebUiBuiltInKeywords.groovy:616)
	at com.kms.katalon.core.webui.keyword.WebUiBuiltInKeywords$click$5.call(Unknown Source)
	at tCC tN Test Copy OrigLangQuote.setGLOrigQuote(tCC tN Test Copy OrigLangQuote:130)
	at Script1599753563611$setGLOrigQuote$0.callCurrent(Unknown Source)
	at tCC tN Test Copy OrigLangQuote.run(tCC tN Test Copy OrigLangQuote:94)
	at com.kms.katalon.core.main.ScriptEngine.run(ScriptEngine.java:194)
	at com.kms.katalon.core.main.ScriptEngine.runScriptAsRawText(ScriptEngine.java:119)
	at com.kms.katalon.core.main.TestCaseExecutor.runScript(TestCaseExecutor.java:339)
	at com.kms.katalon.core.main.TestCaseExecutor.doExecute(TestCaseExecutor.java:330)
	at com.kms.katalon.core.main.TestCaseExecutor.processExecutionPhase(TestCaseExecutor.java:309)
	at com.kms.katalon.core.main.TestCaseExecutor.accessMainPhase(TestCaseExecutor.java:301)
	at com.kms.katalon.core.main.TestCaseExecutor.execute(TestCaseExecutor.java:235)
	at com.kms.katalon.core.main.TestSuiteExecutor.accessTestCaseMainPhase(TestSuiteExecutor.java:191)
	at com.kms.katalon.core.main.TestSuiteExecutor.accessTestSuiteMainPhase(TestSuiteExecutor.java:141)
	at com.kms.katalon.core.main.TestSuiteExecutor.execute(TestSuiteExecutor.java:90)
	at com.kms.katalon.core.main.TestCaseMain.startTestSuite(TestCaseMain.java:157)
	at com.kms.katalon.core.main.TestCaseMain$startTestSuite$0.call(Unknown Source)
	at TempTestSuite1601322783658.run(TempTestSuite1601322783658.groovy:39)
Caused by: org.openqa.selenium.ElementClickInterceptedException: Element <div class="jss318"> is not clickable at point (952,633) because another element <p id="mui-43803" class="MuiTypography-root-113 MuiTablePagination-caption-244 MuiTypography-body2-114 MuiTypography-colorInherit-135"> obscures it
Build info: version: '3.141.59', revision: 'e82be7d358', time: '2018-11-14T08:25:53'
System info: host: 'Kozs-MacBook-Air.local', ip: 'fe80:0:0:0:1cf0:a165:32ec:8708%en0', os.name: 'Mac OS X', os.arch: 'x86_64', os.version: '10.14.6', java.version: '1.8.0_181'
Driver info: com.kms.katalon.core.webui.driver.firefox.CGeckoDriver
Capabilities {acceptInsecureCerts: true, browserName: firefox, browserVersion: 81.0, javascriptEnabled: true, moz:accessibilityChecks: false, moz:buildID: 20200917005511, moz:geckodriverVersion: 0.23.0, moz:headless: false, moz:processID: 15324, moz:profile: /var/folders/hb/hv2s0v7n1nz..., moz:shutdownTimeout: 60000, moz:useNonSpecCompliantPointerOrigin: false, moz:webdriverClick: true, pageLoadStrategy: normal, platform: MAC, platformName: MAC, platformVersion: 18.7.0, proxy: Proxy(direct), rotatable: false, setWindowRect: true, strictFileInteractability: false, timeouts: {implicit: 0, pageLoad: 300000, script: 30000}, unhandledPromptBehavior: dismiss and notify}
Session ID: bb96d47f-b31a-0f4d-b96f-d4b978e79aa8
	at org.openqa.selenium.remote.http.W3CHttpResponseCodec.createException(W3CHttpResponseCodec.java:187)
	at org.openqa.selenium.remote.http.W3CHttpResponseCodec.decode(W3CHttpResponseCodec.java:122)
	at org.openqa.selenium.remote.http.W3CHttpResponseCodec.decode(W3CHttpResponseCodec.java:49)
	at org.openqa.selenium.remote.HttpCommandExecutor.execute(HttpCommandExecutor.java:158)
	at org.openqa.selenium.remote.service.DriverCommandExecutor.execute(DriverCommandExecutor.java:83)
	at org.openqa.selenium.remote.RemoteWebDriver.execute(RemoteWebDriver.java:552)
	at com.kms.katalon.selenium.driver.CFirefoxDriver.execute(CFirefoxDriver.java:27)
	at org.openqa.selenium.remote.RemoteWebElement.execute(RemoteWebElement.java:285)
	at org.openqa.selenium.remote.RemoteWebElement.click(RemoteWebElement.java:84)
	at org.openqa.selenium.support.events.EventFiringWebDriver$EventFiringWebElement.lambda$new$0(EventFiringWebDriver.java:404)
	at com.sun.proxy.$Proxy13.click(Unknown Source)
	at org.openqa.selenium.support.events.EventFiringWebDriver$EventFiringWebElement.click(EventFiringWebDriver.java:417)
	at com.kms.katalon.core.webui.keyword.builtin.ClickKeyword$_click_closure1.doCall(ClickKeyword.groovy:69)
	at com.kms.katalon.core.webui.keyword.builtin.ClickKeyword$_click_closure1.call(ClickKeyword.groovy)
	at com.kms.katalon.core.webui.keyword.internal.WebUIKeywordMain.runKeyword(WebUIKeywordMain.groovy:20)
	... 21 more]]></system-err>
   </testsuite>
</testsuites>
